mythril.mythril.mythril_config [INFO]: Creating mythril data directory 
mythril.mythril.mythril_config [INFO]: No config file found. Creating default: /root/.mythril/config.ini 
mythril.mythril.mythril_config [INFO]: Infura key not provided, so onchain access is disabled. Use --infura-id <INFURA_ID> or set it in the environment variable INFURA_ID or in the ~/.mythril/config.ini file 
mythril.support.signatures [INFO]: Using signature database at /root/.mythril/signatures.db
mythril.laser.ethereum.svm [INFO]: LASER EVM initialized with dynamic loader: <mythril.support.loader.DynLoader object at 0x7c39bef85a00>
mythril.laser.ethereum.strategy.extensions.bounded_loops [INFO]: Loaded search strategy extension: Loop bounds (limit = 3)
mythril.laser.plugin.loader [INFO]: Loading laser plugin: coverage
mythril.laser.plugin.loader [INFO]: Loading laser plugin: mutation-pruner
mythril.laser.plugin.loader [INFO]: Loading laser plugin: call-depth-limit
mythril.laser.plugin.loader [INFO]: Loading laser plugin: instruction-profiler
mythril.laser.plugin.loader [INFO]: Loading laser plugin: dependency-pruner
mythril.laser.plugin.loader [INFO]: Instrumenting symbolic vm with plugin: coverage
mythril.laser.plugin.loader [INFO]: Instrumenting symbolic vm with plugin: mutation-pruner
mythril.laser.plugin.loader [INFO]: Instrumenting symbolic vm with plugin: call-depth-limit
mythril.laser.plugin.loader [INFO]: Instrumenting symbolic vm with plugin: instruction-profiler
mythril.laser.plugin.loader [INFO]: Instrumenting symbolic vm with plugin: dependency-pruner
mythril.laser.ethereum.svm [DEBUG]: Starting LASER execution
mythril.laser.ethereum.svm [INFO]: Starting message call transaction to 0
mythril.laser.ethereum.svm [INFO]: Starting message call transaction, iteration: 0, 1 initial states
mythril.laser.ethereum.instructions [DEBUG]: Evaluating PUSH1 at 0
mythril.laser.ethereum.instructions [DEBUG]: Evaluating PUSH1 at 1
mythril.laser.ethereum.instructions [DEBUG]: Evaluating MSTORE at 2
mythril.laser.ethereum.instructions [DEBUG]: Evaluating PUSH1 at 3
mythril.laser.ethereum.instructions [DEBUG]: Evaluating CALLDATASIZE at 4
mythril.laser.ethereum.instructions [DEBUG]: Evaluating LT at 5
mythril.laser.ethereum.instructions [DEBUG]: Evaluating PUSH1 at 6
mythril.analysis.module.base [DEBUG]: Entering analysis module: TxOrigin
mythril.analysis.module.base [DEBUG]: Exiting analysis module: TxOrigin
mythril.analysis.module.base [DEBUG]: Entering analysis module: IntegerArithmetics
mythril.analysis.module.base [DEBUG]: Exiting analysis module: IntegerArithmetics
mythril.laser.ethereum.instructions [DEBUG]: Evaluating JUMPI at 7
mythril.laser.ethereum.instructions [DEBUG]: Evaluating PUSH4 at 8
mythril.laser.ethereum.instructions [DEBUG]: Evaluating JUMPDEST at 19
mythril.laser.ethereum.instructions [DEBUG]: Evaluating PUSH29 at 9
mythril.laser.ethereum.instructions [DEBUG]: Evaluating PUSH1 at 20
mythril.laser.ethereum.instructions [DEBUG]: Evaluating PUSH1 at 10
mythril.laser.ethereum.instructions [DEBUG]: Evaluating DUP1 at 21
mythril.laser.ethereum.instructions [DEBUG]: Evaluating CALLDATALOAD at 11
mythril.laser.ethereum.instructions [DEBUG]: Evaluating REVERT at 22
mythril.laser.ethereum.svm [DEBUG]: Ending transaction MessageCallTransaction 1 from sender_1 to                                        0x0.
mythril.laser.ethereum.instructions [DEBUG]: Evaluating DIV at 12
mythril.laser.ethereum.instructions [DEBUG]: Evaluating AND at 13
mythril.laser.ethereum.instructions [DEBUG]: Evaluating PUSH4 at 14
mythril.laser.ethereum.instructions [DEBUG]: Evaluating DUP2 at 15
mythril.laser.ethereum.instructions [DEBUG]: Evaluating EQ at 16
mythril.laser.ethereum.instructions [DEBUG]: Evaluating PUSH1 at 17
mythril.analysis.module.base [DEBUG]: Entering analysis module: TxOrigin
mythril.analysis.module.base [DEBUG]: Exiting analysis module: TxOrigin
mythril.analysis.module.base [DEBUG]: Entering analysis module: IntegerArithmetics
mythril.analysis.module.base [DEBUG]: Exiting analysis module: IntegerArithmetics
mythril.laser.ethereum.instructions [DEBUG]: Evaluating JUMPI at 18
mythril.laser.ethereum.instructions [DEBUG]: Evaluating JUMPDEST at 19
mythril.laser.ethereum.instructions [DEBUG]: Evaluating JUMPDEST at 23
mythril.laser.ethereum.instructions [DEBUG]: Evaluating PUSH1 at 20
mythril.laser.ethereum.instructions [DEBUG]: Evaluating CALLVALUE at 24
mythril.laser.ethereum.instructions [DEBUG]: Evaluating DUP1 at 21
mythril.laser.ethereum.instructions [DEBUG]: Evaluating DUP1 at 25
mythril.laser.ethereum.instructions [DEBUG]: Evaluating REVERT at 22
mythril.laser.ethereum.svm [DEBUG]: Ending transaction MessageCallTransaction 1 from sender_1 to                                        0x0.
mythril.laser.ethereum.instructions [DEBUG]: Evaluating ISZERO at 26
mythril.laser.ethereum.instructions [DEBUG]: Evaluating PUSH1 at 27
mythril.analysis.module.base [DEBUG]: Entering analysis module: TxOrigin
mythril.analysis.module.base [DEBUG]: Exiting analysis module: TxOrigin
mythril.analysis.module.base [DEBUG]: Entering analysis module: IntegerArithmetics
mythril.analysis.module.base [DEBUG]: Exiting analysis module: IntegerArithmetics
mythril.laser.ethereum.instructions [DEBUG]: Evaluating JUMPI at 28
mythril.laser.ethereum.instructions [DEBUG]: Evaluating PUSH1 at 29
mythril.laser.ethereum.instructions [DEBUG]: Evaluating JUMPDEST at 32
mythril.laser.ethereum.instructions [DEBUG]: Evaluating DUP1 at 30
mythril.laser.ethereum.instructions [DEBUG]: Evaluating POP at 33
mythril.laser.ethereum.instructions [DEBUG]: Evaluating REVERT at 31
mythril.laser.ethereum.svm [DEBUG]: Ending transaction MessageCallTransaction 1 from sender_1 to                                        0x0.
mythril.laser.ethereum.instructions [DEBUG]: Evaluating PUSH1 at 34
mythril.laser.ethereum.instructions [DEBUG]: Evaluating PUSH20 at 35
mythril.laser.ethereum.instructions [DEBUG]: Evaluating PUSH1 at 36
mythril.laser.ethereum.instructions [DEBUG]: Evaluating CALLDATALOAD at 37
mythril.laser.ethereum.instructions [DEBUG]: Evaluating AND at 38
mythril.laser.ethereum.instructions [DEBUG]: Evaluating PUSH1 at 39
mythril.laser.ethereum.instructions [DEBUG]: Evaluating CALLDATALOAD at 40
mythril.laser.ethereum.instructions [DEBUG]: Evaluating PUSH1 at 41
mythril.laser.ethereum.instructions [DEBUG]: Evaluating JUMP at 42
mythril.laser.ethereum.instructions [DEBUG]: Evaluating JUMPDEST at 45
mythril.laser.ethereum.instructions [DEBUG]: Evaluating PUSH1 at 46
mythril.laser.ethereum.instructions [DEBUG]: Evaluating SLOAD at 47
mythril.laser.ethereum.instructions [DEBUG]: Evaluating PUSH20 at 48
mythril.laser.ethereum.instructions [DEBUG]: Evaluating AND at 49
mythril.laser.ethereum.instructions [DEBUG]: Evaluating ORIGIN at 50
mythril.analysis.module.base [DEBUG]: Entering analysis module: TxOrigin
mythril.analysis.module.base [DEBUG]: Exiting analysis module: TxOrigin
mythril.laser.ethereum.instructions [DEBUG]: Evaluating EQ at 51
mythril.laser.ethereum.instructions [DEBUG]: Evaluating PUSH1 at 52
mythril.analysis.module.base [DEBUG]: Entering analysis module: TxOrigin
mythril.analysis.module.base [DEBUG]: Exiting analysis module: TxOrigin
mythril.analysis.module.base [DEBUG]: Entering analysis module: IntegerArithmetics
mythril.analysis.module.base [DEBUG]: Exiting analysis module: IntegerArithmetics
mythril.laser.ethereum.instructions [DEBUG]: Evaluating JUMPI at 53
mythril.laser.ethereum.instructions [DEBUG]: Evaluating PUSH1 at 54
mythril.laser.ethereum.instructions [DEBUG]: Evaluating DUP1 at 55
mythril.laser.ethereum.instructions [DEBUG]: Evaluating REVERT at 56
mythril.laser.ethereum.svm [DEBUG]: Ending transaction MessageCallTransaction 1 from sender_1 to                                        0x0.
mythril.laser.plugin.plugins.coverage.coverage_plugin [INFO]: Number of new instructions covered in tx 0: 55
mythril.laser.ethereum.svm [INFO]: Finished symbolic execution
mythril.laser.plugin.plugins.coverage.coverage_plugin [INFO]: Achieved 53.92% coverage for code: 608060405260043610603e5763ffffffff7c01000000000000000000000000000000000000000000000000000000006000350416639e1a00aa81146043575b600080fd5b348015604e57600080fd5b50607173ffffffffffffffffffffffffffffffffffffffff600435166024356073565b005b60005473ffffffffffffffffffffffffffffffffffffffff163214609657600080fd5b60405173ffffffffffffffffffffffffffffffffffffffff83169082156108fc029083906000818181858888f1935050505015801560d8573d6000803e3d6000fd5b5050505600
mythril.laser.plugin.plugins.instruction_profiler [INFO]: Total: 0.07765793800354004 s
[AND         ]   1.9609 %,  nr      3,  total   0.0015 s,  avg   0.0005 s,  min   0.0003 s,  max   0.0007 s
[CALLDATALOAD]  40.4180 %,  nr      3,  total   0.0314 s,  avg   0.0105 s,  min   0.0093 s,  max   0.0126 s
[CALLDATASIZE]   1.0791 %,  nr      1,  total   0.0008 s,  avg   0.0008 s,  min   0.0008 s,  max   0.0008 s
[CALLVALUE   ]   0.5188 %,  nr      1,  total   0.0004 s,  avg   0.0004 s,  min   0.0004 s,  max   0.0004 s
[DIV         ]   0.8062 %,  nr      1,  total   0.0006 s,  avg   0.0006 s,  min   0.0006 s,  max   0.0006 s
[DUP1        ]   2.8435 %,  nr      5,  total   0.0022 s,  avg   0.0004 s,  min   0.0003 s,  max   0.0007 s
[DUP2        ]   0.4470 %,  nr      1,  total   0.0003 s,  avg   0.0003 s,  min   0.0003 s,  max   0.0003 s
[EQ          ]   1.3883 %,  nr      2,  total   0.0011 s,  avg   0.0005 s,  min   0.0004 s,  max   0.0007 s
[ISZERO      ]   0.6014 %,  nr      1,  total   0.0005 s,  avg   0.0005 s,  min   0.0005 s,  max   0.0005 s
[JUMP        ]   0.8679 %,  nr      1,  total   0.0007 s,  avg   0.0007 s,  min   0.0007 s,  max   0.0007 s
[JUMPDEST    ]   3.3354 %,  nr      5,  total   0.0026 s,  avg   0.0005 s,  min   0.0003 s,  max   0.0008 s
[JUMPI       ]   8.6804 %,  nr      4,  total   0.0067 s,  avg   0.0017 s,  min   0.0010 s,  max   0.0020 s
[LT          ]   0.9671 %,  nr      1,  total   0.0008 s,  avg   0.0008 s,  min   0.0008 s,  max   0.0008 s
[MSTORE      ]  17.8463 %,  nr      1,  total   0.0139 s,  avg   0.0139 s,  min   0.0139 s,  max   0.0139 s
[ORIGIN      ]   0.4031 %,  nr      1,  total   0.0003 s,  avg   0.0003 s,  min   0.0003 s,  max   0.0003 s
[POP         ]   0.4326 %,  nr      1,  total   0.0003 s,  avg   0.0003 s,  min   0.0003 s,  max   0.0003 s
[PUSH1       ]  13.7427 %,  nr     17,  total   0.0107 s,  avg   0.0006 s,  min   0.0003 s,  max   0.0014 s
[PUSH20      ]   0.8501 %,  nr      2,  total   0.0007 s,  avg   0.0003 s,  min   0.0003 s,  max   0.0003 s
[PUSH29      ]   0.7147 %,  nr      1,  total   0.0006 s,  avg   0.0006 s,  min   0.0006 s,  max   0.0006 s
[PUSH4       ]   1.5645 %,  nr      2,  total   0.0012 s,  avg   0.0006 s,  min   0.0003 s,  max   0.0009 s
[SLOAD       ]   0.5317 %,  nr      1,  total   0.0004 s,  avg   0.0004 s,  min   0.0004 s,  max   0.0004 s

mythril.analysis.security [INFO]: Starting analysis
mythril.analysis.security [DEBUG]: Retrieving results for Caller can write to arbitrary storage locations
mythril.analysis.security [DEBUG]: Retrieving results for Delegatecall to a user-specified address
mythril.analysis.security [DEBUG]: Retrieving results for Control flow depends on tx.origin
mythril.analysis.security [DEBUG]: Retrieving results for Any sender can withdraw ETH from the contract account
mythril.analysis.security [DEBUG]: Retrieving results for Integer overflow or underflow
mythril.analysis.security [DEBUG]: Retrieving results for State change after an external call
mythril.analysis.security [DEBUG]: Retrieving results for Contract can be accidentally killed by anyone
mythril.analysis.security [DEBUG]: Retrieving results for Return value of an external call is not checked
mythril.mythril.mythril_analyzer [INFO]: Solver statistics: 
Query count: 11 
Solver time: 0.10012555122375488
{"error": null, "issues": [{"address": 145, "contract": "MAIN", "description": "Use of tx.origin as a part of authorization control.\nThe tx.origin environment variable has been found to influence a control flow decision. Note that using tx.origin as a security control might cause a situation where a user inadvertently authorizes a smart contract to perform an action on their behalf. It is recommended to use msg.sender instead.", "function": "fallback", "max_gas_used": 1051, "min_gas_used": 956, "severity": "Low", "sourceMap": 145, "swc-id": "115", "title": "Dependence on tx.origin", "tx_sequence": {"initialState": {"accounts": {"0x0": {"balance": "0x0", "code": "608060405260043610603e5763ffffffff7c01000000000000000000000000000000000000000000000000000000006000350416639e1a00aa81146043575b600080fd5b348015604e57600080fd5b50607173ffffffffffffffffffffffffffffffffffffffff600435166024356073565b005b60005473ffffffffffffffffffffffffffffffffffffffff163214609657600080fd5b60405173ffffffffffffffffffffffffffffffffffffffff83169082156108fc029083906000818181858888f1935050505015801560d8573d6000803e3d6000fd5b5050505600", "nonce": 0, "storage": "{}"}, "0xdeadbeefdeadbeefdeadbeefdeadbeefdeadbeef": {"balance": "0x0", "code": "", "nonce": 0, "storage": "{}"}}}, "steps": [{"address": "0x0", "calldata": "0x9e1a00aa", "input": "0x9e1a00aa", "name": "sendTo(address,uint256)", "origin": "0xaffeaffeaffeaffeaffeaffeaffeaffeaffeaffe", "value": "0x0"}]}}], "success": true}
