mythril.mythril.mythril_config [INFO]: Creating mythril data directory 
mythril.mythril.mythril_config [INFO]: No config file found. Creating default: /root/.mythril/config.ini 
mythril.mythril.mythril_config [INFO]: Infura key not provided, so onchain access is disabled. Use --infura-id <INFURA_ID> or set it in the environment variable INFURA_ID or in the ~/.mythril/config.ini file 
mythril.support.signatures [INFO]: Using signature database at /root/.mythril/signatures.db
mythril.laser.ethereum.svm [INFO]: LASER EVM initialized with dynamic loader: <mythril.support.loader.DynLoader object at 0x7075e558fee0>
mythril.laser.ethereum.strategy.extensions.bounded_loops [INFO]: Loaded search strategy extension: Loop bounds (limit = 3)
mythril.laser.plugin.loader [INFO]: Loading laser plugin: coverage
mythril.laser.plugin.loader [INFO]: Loading laser plugin: mutation-pruner
mythril.laser.plugin.loader [INFO]: Loading laser plugin: call-depth-limit
mythril.laser.plugin.loader [INFO]: Loading laser plugin: instruction-profiler
mythril.laser.plugin.loader [INFO]: Loading laser plugin: dependency-pruner
mythril.laser.plugin.loader [INFO]: Instrumenting symbolic vm with plugin: coverage
mythril.laser.plugin.loader [INFO]: Instrumenting symbolic vm with plugin: mutation-pruner
mythril.laser.plugin.loader [INFO]: Instrumenting symbolic vm with plugin: call-depth-limit
mythril.laser.plugin.loader [INFO]: Instrumenting symbolic vm with plugin: instruction-profiler
mythril.laser.plugin.loader [INFO]: Instrumenting symbolic vm with plugin: dependency-pruner
mythril.laser.ethereum.svm [DEBUG]: Starting LASER execution
mythril.laser.ethereum.svm [INFO]: Starting message call transaction to 0
mythril.laser.ethereum.svm [INFO]: Starting message call transaction, iteration: 0, 1 initial states
mythril.laser.ethereum.instructions [DEBUG]: Evaluating PUSH1 at 0
mythril.laser.ethereum.instructions [DEBUG]: Evaluating PUSH1 at 1
mythril.laser.ethereum.instructions [DEBUG]: Evaluating MSTORE at 2
mythril.laser.ethereum.instructions [DEBUG]: Evaluating PUSH1 at 3
mythril.laser.ethereum.instructions [DEBUG]: Evaluating CALLDATASIZE at 4
mythril.laser.ethereum.instructions [DEBUG]: Evaluating LT at 5
mythril.laser.ethereum.instructions [DEBUG]: Evaluating PUSH1 at 6
mythril.analysis.module.base [DEBUG]: Entering analysis module: TxOrigin
mythril.analysis.module.base [DEBUG]: Exiting analysis module: TxOrigin
mythril.analysis.module.base [DEBUG]: Entering analysis module: IntegerArithmetics
mythril.analysis.module.base [DEBUG]: Exiting analysis module: IntegerArithmetics
mythril.laser.ethereum.instructions [DEBUG]: Evaluating JUMPI at 7
mythril.laser.ethereum.instructions [DEBUG]: Evaluating PUSH1 at 8
mythril.laser.ethereum.instructions [DEBUG]: Evaluating JUMPDEST at 30
mythril.laser.ethereum.instructions [DEBUG]: Evaluating CALLDATALOAD at 9
mythril.laser.ethereum.instructions [DEBUG]: Evaluating PUSH1 at 31
mythril.laser.ethereum.instructions [DEBUG]: Evaluating PUSH29 at 10
mythril.laser.ethereum.instructions [DEBUG]: Evaluating DUP1 at 32
mythril.laser.ethereum.instructions [DEBUG]: Evaluating SWAP1 at 11
mythril.laser.ethereum.instructions [DEBUG]: Evaluating REVERT at 33
mythril.laser.ethereum.svm [DEBUG]: Ending transaction MessageCallTransaction 1 from sender_1 to                                        0x0.
mythril.laser.ethereum.instructions [DEBUG]: Evaluating DIV at 12
mythril.laser.ethereum.instructions [DEBUG]: Evaluating PUSH4 at 13
mythril.laser.ethereum.instructions [DEBUG]: Evaluating AND at 14
mythril.laser.ethereum.instructions [DEBUG]: Evaluating DUP1 at 15
mythril.laser.ethereum.instructions [DEBUG]: Evaluating PUSH4 at 16
mythril.laser.ethereum.instructions [DEBUG]: Evaluating EQ at 17
mythril.laser.ethereum.instructions [DEBUG]: Evaluating PUSH1 at 18
mythril.analysis.module.base [DEBUG]: Entering analysis module: TxOrigin
mythril.analysis.module.base [DEBUG]: Exiting analysis module: TxOrigin
mythril.analysis.module.base [DEBUG]: Entering analysis module: IntegerArithmetics
mythril.analysis.module.base [DEBUG]: Exiting analysis module: IntegerArithmetics
mythril.laser.ethereum.instructions [DEBUG]: Evaluating JUMPI at 19
mythril.laser.ethereum.svm [DEBUG]: - Entering function MAIN:unknown
mythril.laser.ethereum.instructions [DEBUG]: Evaluating DUP1 at 20
mythril.laser.ethereum.instructions [DEBUG]: Evaluating JUMPDEST at 34
mythril.laser.ethereum.instructions [DEBUG]: Evaluating PUSH4 at 21
mythril.laser.ethereum.instructions [DEBUG]: Evaluating CALLVALUE at 35
mythril.laser.ethereum.instructions [DEBUG]: Evaluating EQ at 22
mythril.laser.ethereum.instructions [DEBUG]: Evaluating DUP1 at 36
mythril.laser.ethereum.instructions [DEBUG]: Evaluating PUSH1 at 23
mythril.laser.ethereum.instructions [DEBUG]: Evaluating ISZERO at 37
mythril.analysis.module.base [DEBUG]: Entering analysis module: TxOrigin
mythril.analysis.module.base [DEBUG]: Exiting analysis module: TxOrigin
mythril.analysis.module.base [DEBUG]: Entering analysis module: IntegerArithmetics
mythril.analysis.module.base [DEBUG]: Exiting analysis module: IntegerArithmetics
mythril.laser.ethereum.instructions [DEBUG]: Evaluating JUMPI at 24
mythril.laser.ethereum.svm [DEBUG]: - Entering function MAIN:unknown
mythril.laser.ethereum.instructions [DEBUG]: Evaluating PUSH1 at 38
mythril.laser.ethereum.instructions [DEBUG]: Evaluating DUP1 at 25
mythril.laser.ethereum.instructions [DEBUG]: Evaluating JUMPDEST at 67
mythril.analysis.module.base [DEBUG]: Entering analysis module: TxOrigin
mythril.analysis.module.base [DEBUG]: Exiting analysis module: TxOrigin
mythril.analysis.module.base [DEBUG]: Entering analysis module: IntegerArithmetics
mythril.analysis.module.base [DEBUG]: Exiting analysis module: IntegerArithmetics
mythril.laser.ethereum.instructions [DEBUG]: Evaluating JUMPI at 39
mythril.laser.ethereum.instructions [DEBUG]: Evaluating PUSH4 at 26
mythril.laser.ethereum.instructions [DEBUG]: Evaluating CALLVALUE at 68
mythril.laser.ethereum.instructions [DEBUG]: Evaluating PUSH1 at 40
mythril.laser.ethereum.instructions [DEBUG]: Evaluating JUMPDEST at 43
mythril.laser.ethereum.instructions [DEBUG]: Evaluating EQ at 27
mythril.laser.ethereum.instructions [DEBUG]: Evaluating DUP1 at 69
mythril.laser.ethereum.instructions [DEBUG]: Evaluating DUP1 at 41
mythril.laser.ethereum.instructions [DEBUG]: Evaluating POP at 44
mythril.laser.ethereum.instructions [DEBUG]: Evaluating PUSH1 at 28
mythril.laser.ethereum.instructions [DEBUG]: Evaluating ISZERO at 70
mythril.laser.ethereum.instructions [DEBUG]: Evaluating REVERT at 42
mythril.laser.ethereum.svm [DEBUG]: Ending transaction MessageCallTransaction 1 from sender_1 to                                        0x0.
mythril.laser.ethereum.instructions [DEBUG]: Evaluating PUSH1 at 45
mythril.analysis.module.base [DEBUG]: Entering analysis module: TxOrigin
mythril.analysis.module.base [DEBUG]: Exiting analysis module: TxOrigin
mythril.analysis.module.base [DEBUG]: Entering analysis module: IntegerArithmetics
mythril.analysis.module.base [DEBUG]: Exiting analysis module: IntegerArithmetics
mythril.laser.ethereum.instructions [DEBUG]: Evaluating JUMPI at 29
mythril.laser.ethereum.svm [DEBUG]: - Entering function MAIN:unknown
mythril.laser.ethereum.instructions [DEBUG]: Evaluating PUSH1 at 71
mythril.laser.ethereum.instructions [DEBUG]: Evaluating PUSH1 at 46
mythril.laser.ethereum.instructions [DEBUG]: Evaluating JUMPDEST at 30
mythril.laser.ethereum.instructions [DEBUG]: Evaluating JUMPDEST at 103
mythril.analysis.module.base [DEBUG]: Entering analysis module: TxOrigin
mythril.analysis.module.base [DEBUG]: Exiting analysis module: TxOrigin
mythril.analysis.module.base [DEBUG]: Entering analysis module: IntegerArithmetics
mythril.analysis.module.base [DEBUG]: Exiting analysis module: IntegerArithmetics
mythril.laser.ethereum.instructions [DEBUG]: Evaluating JUMPI at 72
mythril.laser.ethereum.instructions [DEBUG]: Evaluating JUMP at 47
mythril.laser.ethereum.instructions [DEBUG]: Evaluating PUSH1 at 31
mythril.laser.ethereum.instructions [DEBUG]: Evaluating CALLVALUE at 104
mythril.laser.ethereum.instructions [DEBUG]: Evaluating PUSH1 at 73
mythril.laser.ethereum.instructions [DEBUG]: Evaluating JUMPDEST at 76
mythril.laser.ethereum.instructions [DEBUG]: Evaluating JUMPDEST at 119
mythril.laser.ethereum.instructions [DEBUG]: Evaluating DUP1 at 32
mythril.laser.ethereum.instructions [DEBUG]: Evaluating DUP1 at 105
mythril.laser.ethereum.instructions [DEBUG]: Evaluating DUP1 at 74
mythril.laser.ethereum.instructions [DEBUG]: Evaluating POP at 77
mythril.laser.ethereum.instructions [DEBUG]: Evaluating PUSH1 at 120
mythril.laser.ethereum.instructions [DEBUG]: Evaluating REVERT at 33
mythril.laser.ethereum.svm [DEBUG]: Ending transaction MessageCallTransaction 1 from sender_1 to                                        0x0.
mythril.laser.ethereum.instructions [DEBUG]: Evaluating ISZERO at 106
mythril.laser.ethereum.instructions [DEBUG]: Evaluating REVERT at 75
mythril.laser.ethereum.svm [DEBUG]: Ending transaction MessageCallTransaction 1 from sender_1 to                                        0x0.
mythril.laser.ethereum.instructions [DEBUG]: Evaluating PUSH1 at 78
mythril.laser.ethereum.instructions [DEBUG]: Evaluating SLOAD at 121
mythril.laser.ethereum.instructions [DEBUG]: Evaluating PUSH1 at 107
mythril.laser.ethereum.instructions [DEBUG]: Evaluating PUSH1 at 79
mythril.laser.ethereum.instructions [DEBUG]: Evaluating DUP2 at 122
mythril.analysis.module.base [DEBUG]: Entering analysis module: TxOrigin
mythril.analysis.module.base [DEBUG]: Exiting analysis module: TxOrigin
mythril.analysis.module.base [DEBUG]: Entering analysis module: IntegerArithmetics
mythril.analysis.module.base [DEBUG]: Exiting analysis module: IntegerArithmetics
mythril.laser.ethereum.instructions [DEBUG]: Evaluating JUMPI at 108
mythril.laser.ethereum.instructions [DEBUG]: Evaluating DUP1 at 80
mythril.laser.ethereum.instructions [DEBUG]: Evaluating JUMP at 123
mythril.laser.ethereum.instructions [DEBUG]: Evaluating PUSH1 at 109
mythril.laser.ethereum.instructions [DEBUG]: Evaluating JUMPDEST at 112
mythril.laser.ethereum.instructions [DEBUG]: Evaluating CALLDATASIZE at 81
mythril.laser.ethereum.instructions [DEBUG]: Evaluating JUMPDEST at 48
mythril.laser.ethereum.instructions [DEBUG]: Evaluating DUP1 at 110
mythril.laser.ethereum.instructions [DEBUG]: Evaluating POP at 113
mythril.analysis.module.base [DEBUG]: Entering analysis module: IntegerArithmetics
mythril.analysis.module.base [DEBUG]: Exiting analysis module: IntegerArithmetics
mythril.laser.ethereum.instructions [DEBUG]: Evaluating SUB at 82
mythril.laser.ethereum.instructions [DEBUG]: Evaluating PUSH1 at 49
mythril.laser.ethereum.instructions [DEBUG]: Evaluating REVERT at 111
mythril.laser.ethereum.svm [DEBUG]: Ending transaction MessageCallTransaction 1 from sender_1 to                                        0x0.
mythril.laser.ethereum.instructions [DEBUG]: Evaluating PUSH1 at 114
mythril.laser.ethereum.instructions [DEBUG]: Evaluating DUP2 at 83
mythril.laser.ethereum.instructions [DEBUG]: Evaluating MLOAD at 50
mythril.laser.ethereum.instructions [DEBUG]: Evaluating PUSH1 at 115
mythril.analysis.module.base [DEBUG]: Entering analysis module: IntegerArithmetics
mythril.analysis.module.base [DEBUG]: Exiting analysis module: IntegerArithmetics
mythril.laser.ethereum.instructions [DEBUG]: Evaluating ADD at 84
mythril.laser.ethereum.instructions [DEBUG]: Evaluating DUP1 at 51
mythril.laser.ethereum.instructions [DEBUG]: Evaluating JUMP at 116
mythril.laser.ethereum.instructions [DEBUG]: Evaluating SWAP1 at 85
mythril.laser.ethereum.instructions [DEBUG]: Evaluating DUP3 at 52
mythril.laser.ethereum.instructions [DEBUG]: Evaluating JUMPDEST at 156
mythril.laser.ethereum.instructions [DEBUG]: Evaluating DUP1 at 86
mythril.laser.ethereum.instructions [DEBUG]: Evaluating DUP2 at 53
mythril.laser.ethereum.instructions [DEBUG]: Evaluating PUSH1 at 157
mythril.laser.ethereum.instructions [DEBUG]: Evaluating DUP1 at 87
mythril.laser.ethereum.instructions [DEBUG]: Evaluating MSTORE at 54
mythril.laser.ethereum.instructions [DEBUG]: Evaluating PUSH1 at 158
mythril.laser.ethereum.instructions [DEBUG]: Evaluating CALLDATALOAD at 88
mythril.laser.ethereum.instructions [DEBUG]: Evaluating PUSH1 at 55
mythril.laser.ethereum.instructions [DEBUG]: Evaluating DUP2 at 159
mythril.laser.ethereum.instructions [DEBUG]: Evaluating SWAP1 at 89
mythril.analysis.module.base [DEBUG]: Entering analysis module: IntegerArithmetics
mythril.analysis.module.base [DEBUG]: Exiting analysis module: IntegerArithmetics
mythril.laser.ethereum.instructions [DEBUG]: Evaluating ADD at 56
mythril.laser.ethereum.instructions [DEBUG]: Evaluating SWAP1 at 160
mythril.laser.ethereum.instructions [DEBUG]: Evaluating PUSH1 at 90
mythril.laser.ethereum.instructions [DEBUG]: Evaluating SWAP2 at 57
mythril.analysis.module.base [DEBUG]: Entering analysis module: ArbitraryStorage
mythril.analysis.module.base [DEBUG]: Exiting analysis module: ArbitraryStorage
mythril.analysis.module.base [DEBUG]: Entering analysis module: IntegerArithmetics
mythril.analysis.module.base [DEBUG]: Exiting analysis module: IntegerArithmetics
mythril.analysis.module.base [DEBUG]: Entering analysis module: StateChangeAfterCall
mythril.analysis.module.base [DEBUG]: Exiting analysis module: StateChangeAfterCall
mythril.laser.ethereum.instructions [DEBUG]: Evaluating SSTORE at 161
mythril.analysis.module.base [DEBUG]: Entering analysis module: IntegerArithmetics
mythril.analysis.module.base [DEBUG]: Exiting analysis module: IntegerArithmetics
mythril.laser.ethereum.instructions [DEBUG]: Evaluating ADD at 91
mythril.laser.ethereum.instructions [DEBUG]: Evaluating POP at 58
mythril.laser.ethereum.instructions [DEBUG]: Evaluating POP at 162
mythril.laser.ethereum.instructions [DEBUG]: Evaluating SWAP1 at 92
mythril.laser.ethereum.instructions [DEBUG]: Evaluating POP at 59
mythril.laser.ethereum.instructions [DEBUG]: Evaluating JUMP at 163
mythril.laser.ethereum.instructions [DEBUG]: Evaluating SWAP3 at 93
mythril.laser.ethereum.instructions [DEBUG]: Evaluating PUSH1 at 60
mythril.laser.ethereum.instructions [DEBUG]: Evaluating JUMPDEST at 117
mythril.laser.ethereum.instructions [DEBUG]: Evaluating SWAP2 at 94
mythril.laser.ethereum.instructions [DEBUG]: Evaluating MLOAD at 61
mythril.analysis.module.base [DEBUG]: Entering analysis module: IntegerArithmetics
mythril.analysis.module.base [DEBUG]: Exiting analysis module: IntegerArithmetics
mythril.analysis.module.base [DEBUG]: Entering analysis module: UncheckedRetval
mythril.analysis.module.base [DEBUG]: Exiting analysis module: UncheckedRetval
mythril.laser.ethereum.instructions [DEBUG]: Evaluating STOP at 118
mythril.laser.ethereum.svm [DEBUG]: Ending transaction MessageCallTransaction 1 from sender_1 to                                        0x0.
mythril.laser.ethereum.instructions [DEBUG]: Evaluating SWAP1 at 95
mythril.laser.ethereum.instructions [DEBUG]: Evaluating DUP1 at 62
mythril.laser.ethereum.instructions [DEBUG]: Evaluating POP at 96
mythril.laser.ethereum.instructions [DEBUG]: Evaluating SWAP2 at 63
mythril.laser.ethereum.instructions [DEBUG]: Evaluating POP at 97
mythril.analysis.module.base [DEBUG]: Entering analysis module: IntegerArithmetics
mythril.analysis.module.base [DEBUG]: Exiting analysis module: IntegerArithmetics
mythril.laser.ethereum.instructions [DEBUG]: Evaluating SUB at 64
mythril.laser.ethereum.instructions [DEBUG]: Evaluating POP at 98
mythril.laser.ethereum.instructions [DEBUG]: Evaluating SWAP1 at 65
mythril.laser.ethereum.instructions [DEBUG]: Evaluating PUSH1 at 99
mythril.analysis.module.base [DEBUG]: Entering analysis module: IntegerArithmetics
mythril.analysis.module.base [DEBUG]: Exiting analysis module: IntegerArithmetics
mythril.analysis.module.base [DEBUG]: Entering analysis module: UncheckedRetval
mythril.analysis.module.base [DEBUG]: Exiting analysis module: UncheckedRetval
mythril.laser.ethereum.instructions [DEBUG]: Evaluating RETURN at 66
mythril.laser.ethereum.svm [DEBUG]: Ending transaction MessageCallTransaction 1 from sender_1 to                                        0x0.
mythril.laser.ethereum.instructions [DEBUG]: Evaluating JUMP at 100
mythril.laser.ethereum.instructions [DEBUG]: Evaluating JUMPDEST at 124
mythril.laser.ethereum.instructions [DEBUG]: Evaluating PUSH1 at 125
mythril.laser.ethereum.instructions [DEBUG]: Evaluating DUP1 at 126
mythril.laser.ethereum.instructions [DEBUG]: Evaluating SLOAD at 127
mythril.laser.ethereum.instructions [DEBUG]: Evaluating EQ at 128
mythril.laser.ethereum.instructions [DEBUG]: Evaluating ISZERO at 129
mythril.laser.ethereum.instructions [DEBUG]: Evaluating PUSH1 at 130
mythril.analysis.module.base [DEBUG]: Entering analysis module: TxOrigin
mythril.analysis.module.base [DEBUG]: Exiting analysis module: TxOrigin
mythril.analysis.module.base [DEBUG]: Entering analysis module: IntegerArithmetics
mythril.analysis.module.base [DEBUG]: Exiting analysis module: IntegerArithmetics
mythril.laser.ethereum.instructions [DEBUG]: Evaluating JUMPI at 131
mythril.laser.ethereum.instructions [DEBUG]: Pruned unreachable states.
mythril.laser.ethereum.instructions [DEBUG]: Evaluating PUSH1 at 132
mythril.laser.ethereum.instructions [DEBUG]: Evaluating JUMP at 133
mythril.laser.ethereum.instructions [DEBUG]: Evaluating JUMPDEST at 153
mythril.laser.ethereum.instructions [DEBUG]: Evaluating POP at 154
mythril.laser.ethereum.instructions [DEBUG]: Evaluating JUMP at 155
mythril.laser.ethereum.instructions [DEBUG]: Evaluating JUMPDEST at 101
mythril.analysis.module.base [DEBUG]: Entering analysis module: IntegerArithmetics
mythril.analysis.module.base [DEBUG]: Exiting analysis module: IntegerArithmetics
mythril.analysis.module.base [DEBUG]: Entering analysis module: UncheckedRetval
mythril.analysis.module.base [DEBUG]: Exiting analysis module: UncheckedRetval
mythril.laser.ethereum.instructions [DEBUG]: Evaluating STOP at 102
mythril.laser.ethereum.svm [DEBUG]: Ending transaction MessageCallTransaction 1 from sender_1 to                                        0x0.
mythril.laser.plugin.plugins.coverage.coverage_plugin [INFO]: Number of new instructions covered in tx 0: 145
mythril.laser.ethereum.svm [INFO]: Starting message call transaction, iteration: 1, 1 initial states
mythril.laser.ethereum.instructions [DEBUG]: Evaluating PUSH1 at 0
mythril.laser.ethereum.instructions [DEBUG]: Evaluating PUSH1 at 1
mythril.laser.ethereum.instructions [DEBUG]: Evaluating MSTORE at 2
mythril.laser.ethereum.instructions [DEBUG]: Evaluating PUSH1 at 3
mythril.laser.ethereum.instructions [DEBUG]: Evaluating CALLDATASIZE at 4
mythril.laser.ethereum.instructions [DEBUG]: Evaluating LT at 5
mythril.laser.ethereum.instructions [DEBUG]: Evaluating PUSH1 at 6
mythril.analysis.module.base [DEBUG]: Entering analysis module: TxOrigin
mythril.analysis.module.base [DEBUG]: Exiting analysis module: TxOrigin
mythril.analysis.module.base [DEBUG]: Entering analysis module: IntegerArithmetics
mythril.analysis.module.base [DEBUG]: Exiting analysis module: IntegerArithmetics
mythril.laser.ethereum.instructions [DEBUG]: Evaluating JUMPI at 7
mythril.laser.ethereum.instructions [DEBUG]: Evaluating PUSH1 at 8
mythril.laser.ethereum.instructions [DEBUG]: Evaluating JUMPDEST at 30
mythril.laser.ethereum.instructions [DEBUG]: Evaluating CALLDATALOAD at 9
mythril.laser.ethereum.instructions [DEBUG]: Evaluating PUSH1 at 31
mythril.laser.ethereum.instructions [DEBUG]: Evaluating PUSH29 at 10
mythril.laser.ethereum.instructions [DEBUG]: Evaluating DUP1 at 32
mythril.laser.ethereum.instructions [DEBUG]: Evaluating SWAP1 at 11
mythril.laser.ethereum.instructions [DEBUG]: Evaluating REVERT at 33
mythril.laser.ethereum.svm [DEBUG]: Ending transaction MessageCallTransaction 2 from sender_2 to                                        0x0.
mythril.laser.ethereum.instructions [DEBUG]: Evaluating DIV at 12
mythril.laser.ethereum.instructions [DEBUG]: Evaluating PUSH4 at 13
mythril.laser.ethereum.instructions [DEBUG]: Evaluating AND at 14
mythril.laser.ethereum.instructions [DEBUG]: Evaluating DUP1 at 15
mythril.laser.ethereum.instructions [DEBUG]: Evaluating PUSH4 at 16
mythril.laser.ethereum.instructions [DEBUG]: Evaluating EQ at 17
mythril.laser.ethereum.instructions [DEBUG]: Evaluating PUSH1 at 18
mythril.analysis.module.base [DEBUG]: Entering analysis module: TxOrigin
mythril.analysis.module.base [DEBUG]: Exiting analysis module: TxOrigin
mythril.analysis.module.base [DEBUG]: Entering analysis module: IntegerArithmetics
mythril.analysis.module.base [DEBUG]: Exiting analysis module: IntegerArithmetics
mythril.laser.ethereum.instructions [DEBUG]: Evaluating JUMPI at 19
mythril.laser.ethereum.svm [DEBUG]: - Entering function MAIN:unknown
mythril.laser.ethereum.instructions [DEBUG]: Evaluating DUP1 at 20
mythril.laser.ethereum.instructions [DEBUG]: Evaluating JUMPDEST at 34
mythril.laser.ethereum.instructions [DEBUG]: Evaluating PUSH4 at 21
mythril.laser.ethereum.instructions [DEBUG]: Evaluating CALLVALUE at 35
mythril.laser.ethereum.instructions [DEBUG]: Evaluating EQ at 22
mythril.laser.ethereum.instructions [DEBUG]: Evaluating DUP1 at 36
mythril.laser.ethereum.instructions [DEBUG]: Evaluating PUSH1 at 23
mythril.laser.ethereum.instructions [DEBUG]: Evaluating ISZERO at 37
mythril.analysis.module.base [DEBUG]: Entering analysis module: TxOrigin
mythril.analysis.module.base [DEBUG]: Exiting analysis module: TxOrigin
mythril.analysis.module.base [DEBUG]: Entering analysis module: IntegerArithmetics
mythril.analysis.module.base [DEBUG]: Exiting analysis module: IntegerArithmetics
mythril.laser.ethereum.instructions [DEBUG]: Evaluating JUMPI at 24
mythril.laser.ethereum.svm [DEBUG]: - Entering function MAIN:unknown
mythril.laser.ethereum.instructions [DEBUG]: Evaluating PUSH1 at 38
mythril.laser.ethereum.instructions [DEBUG]: Evaluating DUP1 at 25
mythril.laser.ethereum.instructions [DEBUG]: Evaluating JUMPDEST at 67
mythril.analysis.module.base [DEBUG]: Entering analysis module: TxOrigin
mythril.analysis.module.base [DEBUG]: Exiting analysis module: TxOrigin
mythril.analysis.module.base [DEBUG]: Entering analysis module: IntegerArithmetics
mythril.analysis.module.base [DEBUG]: Exiting analysis module: IntegerArithmetics
mythril.laser.ethereum.instructions [DEBUG]: Evaluating JUMPI at 39
mythril.laser.ethereum.instructions [DEBUG]: Evaluating PUSH4 at 26
mythril.laser.ethereum.instructions [DEBUG]: Evaluating CALLVALUE at 68
mythril.laser.ethereum.instructions [DEBUG]: Evaluating PUSH1 at 40
mythril.laser.ethereum.instructions [DEBUG]: Evaluating JUMPDEST at 43
mythril.laser.ethereum.instructions [DEBUG]: Evaluating EQ at 27
mythril.laser.ethereum.instructions [DEBUG]: Evaluating DUP1 at 69
mythril.laser.ethereum.instructions [DEBUG]: Evaluating DUP1 at 41
mythril.laser.ethereum.instructions [DEBUG]: Evaluating POP at 44
mythril.laser.ethereum.instructions [DEBUG]: Evaluating PUSH1 at 28
mythril.laser.ethereum.instructions [DEBUG]: Evaluating ISZERO at 70
mythril.laser.ethereum.instructions [DEBUG]: Evaluating REVERT at 42
mythril.laser.ethereum.svm [DEBUG]: Ending transaction MessageCallTransaction 2 from sender_2 to                                        0x0.
mythril.laser.ethereum.instructions [DEBUG]: Evaluating PUSH1 at 45
mythril.analysis.module.base [DEBUG]: Entering analysis module: TxOrigin
mythril.analysis.module.base [DEBUG]: Exiting analysis module: TxOrigin
mythril.analysis.module.base [DEBUG]: Entering analysis module: IntegerArithmetics
mythril.analysis.module.base [DEBUG]: Exiting analysis module: IntegerArithmetics
mythril.laser.ethereum.instructions [DEBUG]: Evaluating JUMPI at 29
mythril.laser.plugin.plugins.dependency_pruner [DEBUG]: Skipping state: Storage slots {0} not read in block at address 83, function
mythril.laser.ethereum.svm [DEBUG]: - Entering function MAIN:unknown
mythril.laser.ethereum.instructions [DEBUG]: Evaluating PUSH1 at 71
mythril.laser.ethereum.instructions [DEBUG]: Evaluating PUSH1 at 46
mythril.laser.ethereum.instructions [DEBUG]: Evaluating JUMPDEST at 103
mythril.analysis.module.base [DEBUG]: Entering analysis module: TxOrigin
mythril.analysis.module.base [DEBUG]: Exiting analysis module: TxOrigin
mythril.analysis.module.base [DEBUG]: Entering analysis module: IntegerArithmetics
mythril.analysis.module.base [DEBUG]: Exiting analysis module: IntegerArithmetics
mythril.laser.ethereum.instructions [DEBUG]: Evaluating JUMPI at 72
mythril.laser.ethereum.instructions [DEBUG]: Evaluating JUMP at 47
mythril.laser.ethereum.instructions [DEBUG]: Evaluating CALLVALUE at 104
mythril.laser.ethereum.instructions [DEBUG]: Evaluating PUSH1 at 73
mythril.laser.ethereum.instructions [DEBUG]: Evaluating JUMPDEST at 76
mythril.laser.ethereum.instructions [DEBUG]: Evaluating JUMPDEST at 119
mythril.laser.ethereum.instructions [DEBUG]: Evaluating DUP1 at 105
mythril.laser.ethereum.instructions [DEBUG]: Evaluating DUP1 at 74
mythril.laser.ethereum.instructions [DEBUG]: Evaluating POP at 77
mythril.laser.ethereum.instructions [DEBUG]: Evaluating PUSH1 at 120
mythril.laser.ethereum.instructions [DEBUG]: Evaluating ISZERO at 106
mythril.laser.ethereum.instructions [DEBUG]: Evaluating REVERT at 75
mythril.laser.ethereum.svm [DEBUG]: Ending transaction MessageCallTransaction 2 from sender_2 to                                        0x0.
mythril.laser.ethereum.instructions [DEBUG]: Evaluating PUSH1 at 78
mythril.laser.ethereum.instructions [DEBUG]: Evaluating SLOAD at 121
mythril.laser.ethereum.instructions [DEBUG]: Evaluating PUSH1 at 107
mythril.laser.ethereum.instructions [DEBUG]: Evaluating PUSH1 at 79
mythril.laser.ethereum.instructions [DEBUG]: Evaluating DUP2 at 122
mythril.analysis.module.base [DEBUG]: Entering analysis module: TxOrigin
mythril.analysis.module.base [DEBUG]: Exiting analysis module: TxOrigin
mythril.analysis.module.base [DEBUG]: Entering analysis module: IntegerArithmetics
mythril.analysis.module.base [DEBUG]: Exiting analysis module: IntegerArithmetics
mythril.laser.ethereum.instructions [DEBUG]: Evaluating JUMPI at 108
mythril.laser.ethereum.instructions [DEBUG]: Evaluating DUP1 at 80
mythril.laser.ethereum.instructions [DEBUG]: Evaluating JUMP at 123
mythril.laser.ethereum.instructions [DEBUG]: Evaluating PUSH1 at 109
mythril.laser.ethereum.instructions [DEBUG]: Evaluating JUMPDEST at 112
mythril.laser.ethereum.instructions [DEBUG]: Evaluating CALLDATASIZE at 81
mythril.laser.ethereum.instructions [DEBUG]: Evaluating JUMPDEST at 48
mythril.laser.ethereum.instructions [DEBUG]: Evaluating DUP1 at 110
mythril.laser.ethereum.instructions [DEBUG]: Evaluating POP at 113
mythril.analysis.module.base [DEBUG]: Entering analysis module: IntegerArithmetics
mythril.analysis.module.base [DEBUG]: Exiting analysis module: IntegerArithmetics
mythril.laser.ethereum.instructions [DEBUG]: Evaluating SUB at 82
mythril.laser.ethereum.instructions [DEBUG]: Evaluating PUSH1 at 49
mythril.laser.ethereum.instructions [DEBUG]: Evaluating REVERT at 111
mythril.laser.ethereum.svm [DEBUG]: Ending transaction MessageCallTransaction 2 from sender_2 to                                        0x0.
mythril.laser.ethereum.instructions [DEBUG]: Evaluating PUSH1 at 114
mythril.laser.ethereum.instructions [DEBUG]: Evaluating DUP2 at 83
mythril.laser.ethereum.instructions [DEBUG]: Evaluating MLOAD at 50
mythril.laser.ethereum.instructions [DEBUG]: Evaluating PUSH1 at 115
mythril.analysis.module.base [DEBUG]: Entering analysis module: IntegerArithmetics
mythril.analysis.module.base [DEBUG]: Exiting analysis module: IntegerArithmetics
mythril.laser.ethereum.instructions [DEBUG]: Evaluating ADD at 84
mythril.laser.ethereum.instructions [DEBUG]: Evaluating DUP1 at 51
mythril.laser.ethereum.instructions [DEBUG]: Evaluating JUMP at 116
mythril.laser.ethereum.instructions [DEBUG]: Evaluating SWAP1 at 85
mythril.laser.ethereum.instructions [DEBUG]: Evaluating DUP3 at 52
mythril.laser.ethereum.instructions [DEBUG]: Evaluating JUMPDEST at 156
mythril.laser.ethereum.instructions [DEBUG]: Evaluating DUP1 at 86
mythril.laser.ethereum.instructions [DEBUG]: Evaluating DUP2 at 53
mythril.laser.ethereum.instructions [DEBUG]: Evaluating PUSH1 at 157
mythril.laser.ethereum.instructions [DEBUG]: Evaluating DUP1 at 87
mythril.laser.ethereum.instructions [DEBUG]: Evaluating MSTORE at 54
mythril.laser.ethereum.instructions [DEBUG]: Evaluating PUSH1 at 158
mythril.laser.ethereum.instructions [DEBUG]: Evaluating CALLDATALOAD at 88
mythril.laser.ethereum.instructions [DEBUG]: Evaluating PUSH1 at 55
mythril.laser.ethereum.instructions [DEBUG]: Evaluating DUP2 at 159
mythril.laser.ethereum.instructions [DEBUG]: Evaluating SWAP1 at 89
mythril.analysis.module.base [DEBUG]: Entering analysis module: IntegerArithmetics
mythril.analysis.module.base [DEBUG]: Exiting analysis module: IntegerArithmetics
mythril.laser.ethereum.instructions [DEBUG]: Evaluating ADD at 56
mythril.laser.ethereum.instructions [DEBUG]: Evaluating SWAP1 at 160
mythril.laser.ethereum.instructions [DEBUG]: Evaluating PUSH1 at 90
mythril.laser.ethereum.instructions [DEBUG]: Evaluating SWAP2 at 57
mythril.analysis.module.base [DEBUG]: Entering analysis module: ArbitraryStorage
mythril.analysis.module.base [DEBUG]: Exiting analysis module: ArbitraryStorage
mythril.analysis.module.base [DEBUG]: Entering analysis module: IntegerArithmetics
mythril.analysis.module.base [DEBUG]: Exiting analysis module: IntegerArithmetics
mythril.analysis.module.base [DEBUG]: Entering analysis module: StateChangeAfterCall
mythril.analysis.module.base [DEBUG]: Exiting analysis module: StateChangeAfterCall
mythril.laser.ethereum.instructions [DEBUG]: Evaluating SSTORE at 161
mythril.analysis.module.base [DEBUG]: Entering analysis module: IntegerArithmetics
mythril.analysis.module.base [DEBUG]: Exiting analysis module: IntegerArithmetics
mythril.laser.ethereum.instructions [DEBUG]: Evaluating ADD at 91
mythril.laser.ethereum.instructions [DEBUG]: Evaluating POP at 58
mythril.laser.ethereum.instructions [DEBUG]: Evaluating POP at 162
mythril.laser.ethereum.instructions [DEBUG]: Evaluating SWAP1 at 92
mythril.laser.ethereum.instructions [DEBUG]: Evaluating POP at 59
mythril.laser.ethereum.instructions [DEBUG]: Evaluating JUMP at 163
mythril.laser.ethereum.instructions [DEBUG]: Evaluating SWAP3 at 93
mythril.laser.ethereum.instructions [DEBUG]: Evaluating PUSH1 at 60
mythril.laser.ethereum.instructions [DEBUG]: Evaluating JUMPDEST at 117
mythril.laser.ethereum.instructions [DEBUG]: Evaluating SWAP2 at 94
mythril.laser.ethereum.instructions [DEBUG]: Evaluating MLOAD at 61
mythril.analysis.module.base [DEBUG]: Entering analysis module: IntegerArithmetics
mythril.analysis.module.base [DEBUG]: Exiting analysis module: IntegerArithmetics
mythril.analysis.module.base [DEBUG]: Entering analysis module: UncheckedRetval
mythril.analysis.module.base [DEBUG]: Exiting analysis module: UncheckedRetval
mythril.laser.ethereum.instructions [DEBUG]: Evaluating STOP at 118
mythril.laser.ethereum.svm [DEBUG]: Ending transaction MessageCallTransaction 2 from sender_2 to                                        0x0.
mythril.laser.ethereum.instructions [DEBUG]: Evaluating SWAP1 at 95
mythril.laser.ethereum.instructions [DEBUG]: Evaluating DUP1 at 62
mythril.laser.ethereum.instructions [DEBUG]: Evaluating POP at 96
mythril.laser.ethereum.instructions [DEBUG]: Evaluating SWAP2 at 63
mythril.laser.ethereum.instructions [DEBUG]: Evaluating POP at 97
mythril.analysis.module.base [DEBUG]: Entering analysis module: IntegerArithmetics
mythril.analysis.module.base [DEBUG]: Exiting analysis module: IntegerArithmetics
mythril.laser.ethereum.instructions [DEBUG]: Evaluating SUB at 64
mythril.laser.ethereum.instructions [DEBUG]: Evaluating POP at 98
mythril.laser.ethereum.instructions [DEBUG]: Evaluating SWAP1 at 65
mythril.laser.ethereum.instructions [DEBUG]: Evaluating PUSH1 at 99
mythril.analysis.module.base [DEBUG]: Entering analysis module: IntegerArithmetics
mythril.analysis.module.base [DEBUG]: Exiting analysis module: IntegerArithmetics
mythril.analysis.module.base [DEBUG]: Entering analysis module: UncheckedRetval
mythril.analysis.module.base [DEBUG]: Exiting analysis module: UncheckedRetval
mythril.laser.ethereum.instructions [DEBUG]: Evaluating RETURN at 66
mythril.laser.ethereum.svm [DEBUG]: Ending transaction MessageCallTransaction 2 from sender_2 to                                        0x0.
mythril.laser.ethereum.instructions [DEBUG]: Evaluating JUMP at 100
mythril.laser.ethereum.instructions [DEBUG]: Evaluating JUMPDEST at 124
mythril.laser.ethereum.instructions [DEBUG]: Evaluating PUSH1 at 125
mythril.laser.ethereum.instructions [DEBUG]: Evaluating DUP1 at 126
mythril.laser.ethereum.instructions [DEBUG]: Evaluating SLOAD at 127
mythril.laser.ethereum.instructions [DEBUG]: Evaluating EQ at 128
mythril.laser.ethereum.instructions [DEBUG]: Evaluating ISZERO at 129
mythril.laser.ethereum.instructions [DEBUG]: Evaluating PUSH1 at 130
mythril.analysis.module.base [DEBUG]: Entering analysis module: TxOrigin
mythril.analysis.module.base [DEBUG]: Exiting analysis module: TxOrigin
mythril.analysis.module.base [DEBUG]: Entering analysis module: IntegerArithmetics
mythril.analysis.module.base [DEBUG]: Exiting analysis module: IntegerArithmetics
mythril.laser.ethereum.instructions [DEBUG]: Evaluating JUMPI at 131
mythril.laser.ethereum.instructions [DEBUG]: Pruned unreachable states.
mythril.laser.ethereum.instructions [DEBUG]: Evaluating JUMPDEST at 134
mythril.laser.ethereum.instructions [DEBUG]: Evaluating DUP1 at 135
mythril.laser.ethereum.instructions [DEBUG]: Evaluating PUSH1 at 136
mythril.laser.ethereum.instructions [DEBUG]: Evaluating PUSH1 at 137
mythril.laser.ethereum.instructions [DEBUG]: Evaluating DUP3 at 138
mythril.laser.ethereum.instructions [DEBUG]: Evaluating DUP3 at 139
mythril.laser.ethereum.instructions [DEBUG]: Evaluating SLOAD at 140
mythril.laser.ethereum.instructions [DEBUG]: Evaluating PUSH2 at 141
mythril.laser.ethereum.instructions [DEBUG]: Evaluating PUSH2 at 142
mythril.laser.ethereum.instructions [DEBUG]: Evaluating JUMP at 143
mythril.laser.ethereum.instructions [DEBUG]: Evaluating JUMPDEST at 165
mythril.laser.ethereum.instructions [DEBUG]: Evaluating DUP3 at 166
mythril.laser.ethereum.instructions [DEBUG]: Evaluating DUP3 at 167
mythril.laser.ethereum.instructions [DEBUG]: Evaluating LT at 168
mythril.laser.ethereum.instructions [DEBUG]: Evaluating ISZERO at 169
mythril.laser.ethereum.instructions [DEBUG]: Evaluating SWAP1 at 170
mythril.analysis.module.base [DEBUG]: Entering analysis module: TxOrigin
mythril.analysis.module.base [DEBUG]: Exiting analysis module: TxOrigin
mythril.analysis.module.base [DEBUG]: Entering analysis module: IntegerArithmetics
mythril.analysis.module.base [DEBUG]: Exiting analysis module: IntegerArithmetics
mythril.laser.ethereum.instructions [DEBUG]: Evaluating JUMPI at 171
mythril.laser.ethereum.instructions [DEBUG]: Evaluating PUSH1 at 172
mythril.laser.ethereum.instructions [DEBUG]: Evaluating JUMPDEST at 144
mythril.laser.ethereum.instructions [DEBUG]: Evaluating DUP1 at 173
mythril.analysis.module.base [DEBUG]: Entering analysis module: IntegerArithmetics
mythril.analysis.module.base [DEBUG]: Exiting analysis module: IntegerArithmetics
mythril.laser.ethereum.instructions [DEBUG]: Evaluating SUB at 145
mythril.laser.ethereum.instructions [DEBUG]: Evaluating REVERT at 174
mythril.laser.ethereum.svm [DEBUG]: Ending transaction MessageCallTransaction 2 from sender_2 to                                        0x0.
mythril.laser.ethereum.instructions [DEBUG]: Evaluating SWAP3 at 146
mythril.laser.ethereum.instructions [DEBUG]: Evaluating POP at 147
mythril.laser.ethereum.instructions [DEBUG]: Evaluating POP at 148
mythril.laser.ethereum.instructions [DEBUG]: Evaluating DUP2 at 149
mythril.laser.ethereum.instructions [DEBUG]: Evaluating SWAP1 at 150
mythril.analysis.module.base [DEBUG]: Entering analysis module: ArbitraryStorage
mythril.analysis.module.base [DEBUG]: Exiting analysis module: ArbitraryStorage
mythril.analysis.module.base [DEBUG]: Entering analysis module: IntegerArithmetics
mythril.analysis.module.base [DEBUG]: Exiting analysis module: IntegerArithmetics
mythril.analysis.module.base [DEBUG]: Entering analysis module: StateChangeAfterCall
mythril.analysis.module.base [DEBUG]: Exiting analysis module: StateChangeAfterCall
mythril.laser.ethereum.instructions [DEBUG]: Evaluating SSTORE at 151
mythril.laser.ethereum.instructions [DEBUG]: Evaluating POP at 152
mythril.laser.ethereum.instructions [DEBUG]: Evaluating JUMPDEST at 153
mythril.laser.ethereum.instructions [DEBUG]: Evaluating POP at 154
mythril.laser.ethereum.instructions [DEBUG]: Evaluating JUMP at 155
mythril.laser.ethereum.instructions [DEBUG]: Evaluating JUMPDEST at 101
mythril.analysis.module.base [DEBUG]: Entering analysis module: IntegerArithmetics
mythril.analysis.module.base [DEBUG]: Exiting analysis module: IntegerArithmetics
mythril.analysis.module.base [DEBUG]: Entering analysis module: UncheckedRetval
mythril.analysis.module.base [DEBUG]: Exiting analysis module: UncheckedRetval
mythril.laser.ethereum.instructions [DEBUG]: Evaluating STOP at 102
mythril.laser.ethereum.svm [DEBUG]: Ending transaction MessageCallTransaction 2 from sender_2 to                                        0x0.
mythril.laser.plugin.plugins.coverage.coverage_plugin [INFO]: Number of new instructions covered in tx 1: 29
mythril.laser.ethereum.svm [INFO]: Finished symbolic execution
mythril.laser.plugin.plugins.coverage.coverage_plugin [INFO]: Achieved 99.43% coverage for code: 6080604052600436106053576000357c0100000000000000000000000000000000000000000000000000000000900463ffffffff16806306661abd146058578063a444f5e9146080578063e1c7392a1460aa575b600080fd5b348015606357600080fd5b50606a60be565b6040518082815260200191505060405180910390f35b348015608b57600080fd5b5060a86004803603810190808035906020019092919050505060c4565b005b34801560b557600080fd5b5060bc60ed565b005b60015481565b60008054141560d15760ea565b80600160008282546100e16100f8565b03925050819055505b50565b600160008190555056005b828210159057600080fd
mythril.laser.plugin.plugins.instruction_profiler [INFO]: Total: 0.41329264640808105 s
[ADD         ]   1.0198 %,  nr      6,  total   0.0042 s,  avg   0.0007 s,  min   0.0006 s,  max   0.0010 s
[AND         ]   0.2531 %,  nr      2,  total   0.0010 s,  avg   0.0005 s,  min   0.0005 s,  max   0.0005 s
[CALLDATALOAD]  14.0097 %,  nr      4,  total   0.0579 s,  avg   0.0145 s,  min   0.0139 s,  max   0.0158 s
[CALLDATASIZE]   0.5100 %,  nr      4,  total   0.0021 s,  avg   0.0005 s,  min   0.0005 s,  max   0.0006 s
[CALLVALUE   ]   0.7531 %,  nr      6,  total   0.0031 s,  avg   0.0005 s,  min   0.0005 s,  max   0.0006 s
[DIV         ]   0.4212 %,  nr      2,  total   0.0017 s,  avg   0.0009 s,  min   0.0008 s,  max   0.0009 s
[DUP1        ]   4.8785 %,  nr     35,  total   0.0202 s,  avg   0.0006 s,  min   0.0005 s,  max   0.0011 s
[DUP2        ]   1.1279 %,  nr      9,  total   0.0047 s,  avg   0.0005 s,  min   0.0004 s,  max   0.0006 s
[DUP3        ]   0.7192 %,  nr      6,  total   0.0030 s,  avg   0.0005 s,  min   0.0005 s,  max   0.0005 s
[EQ          ]   1.0968 %,  nr      8,  total   0.0045 s,  avg   0.0006 s,  min   0.0005 s,  max   0.0006 s
[ISZERO      ]   1.5672 %,  nr      9,  total   0.0065 s,  avg   0.0007 s,  min   0.0006 s,  max   0.0008 s
[JUMP        ]   3.9914 %,  nr     14,  total   0.0165 s,  avg   0.0012 s,  min   0.0010 s,  max   0.0016 s
[JUMPDEST    ]   4.9933 %,  nr     32,  total   0.0206 s,  avg   0.0006 s,  min   0.0005 s,  max   0.0031 s
[JUMPI       ]   7.7850 %,  nr     17,  total   0.0322 s,  avg   0.0019 s,  min   0.0013 s,  max   0.0028 s
[LT          ]   0.4387 %,  nr      3,  total   0.0018 s,  avg   0.0006 s,  min   0.0006 s,  max   0.0007 s
[MLOAD       ]  15.5360 %,  nr      4,  total   0.0642 s,  avg   0.0161 s,  min   0.0153 s,  max   0.0168 s
[MSTORE      ]  18.7541 %,  nr      4,  total   0.0775 s,  avg   0.0194 s,  min   0.0189 s,  max   0.0199 s
[POP         ]   3.7916 %,  nr     23,  total   0.0157 s,  avg   0.0007 s,  min   0.0005 s,  max   0.0036 s
[PUSH1       ]  11.0682 %,  nr     67,  total   0.0457 s,  avg   0.0007 s,  min   0.0005 s,  max   0.0016 s
[PUSH2       ]   0.3253 %,  nr      2,  total   0.0013 s,  avg   0.0007 s,  min   0.0006 s,  max   0.0008 s
[PUSH29      ]   0.2616 %,  nr      2,  total   0.0011 s,  avg   0.0005 s,  min   0.0005 s,  max   0.0006 s
[PUSH4       ]   1.2957 %,  nr      8,  total   0.0054 s,  avg   0.0007 s,  min   0.0005 s,  max   0.0013 s
[SLOAD       ]   0.8381 %,  nr      5,  total   0.0035 s,  avg   0.0007 s,  min   0.0006 s,  max   0.0008 s
[SSTORE      ]   0.6136 %,  nr      3,  total   0.0025 s,  avg   0.0008 s,  min   0.0007 s,  max   0.0010 s
[SUB         ]   0.7820 %,  nr      5,  total   0.0032 s,  avg   0.0006 s,  min   0.0006 s,  max   0.0007 s
[SWAP1       ]   2.0984 %,  nr     16,  total   0.0087 s,  avg   0.0005 s,  min   0.0004 s,  max   0.0008 s
[SWAP2       ]   0.7019 %,  nr      6,  total   0.0029 s,  avg   0.0005 s,  min   0.0004 s,  max   0.0005 s
[SWAP3       ]   0.3687 %,  nr      3,  total   0.0015 s,  avg   0.0005 s,  min   0.0005 s,  max   0.0006 s

mythril.analysis.security [INFO]: Starting analysis
mythril.analysis.security [DEBUG]: Retrieving results for Caller can write to arbitrary storage locations
mythril.analysis.security [DEBUG]: Retrieving results for Delegatecall to a user-specified address
mythril.analysis.security [DEBUG]: Retrieving results for Control flow depends on tx.origin
mythril.analysis.security [DEBUG]: Retrieving results for Any sender can withdraw ETH from the contract account
mythril.analysis.security [DEBUG]: Retrieving results for Integer overflow or underflow
mythril.analysis.security [DEBUG]: Retrieving results for State change after an external call
mythril.analysis.security [DEBUG]: Retrieving results for Contract can be accidentally killed by anyone
mythril.analysis.security [DEBUG]: Retrieving results for Return value of an external call is not checked
mythril.mythril.mythril_analyzer [INFO]: Solver statistics: 
Query count: 46 
Solver time: 1.0659990310668945
{"error": null, "issues": [], "success": true}
