 ______     __         __  __     ______     __     __  __     __    __    
/\  ___\   /\ \       /\ \_\ \   /\  ___\   /\ \   /\ \/\ \   /\ "-./  \   
\ \  __\   \ \ \____  \ \____ \  \ \___  \  \ \ \  \ \ \_\ \  \ \ \-./\ \  
 \ \_____\  \ \_____\  \/\_____\  \/\_____\  \ \_\  \ \_____\  \ \_\ \ \_\ 
  \/_____/   \/_____/   \/_____/   \/_____/   \/_/   \/_____/   \/_/  \/_/ 
                                                                           
Compiling source code...
Retrieving bytecode for contract 'Centra4'.
Please wait. Scanning bytecode for bugs...
Running Osiris...
Finished running Osiris. Execution time 0.9922845363616943 seconds. Code coverage 99.5%.
Running Oyente...
Finished running Oyente. Execution time 1.151205062866211 seconds. Code coverage 97.0%.
Running Mythril...
Finished running Mythril. Execution time 7.335584402084351 seconds. Code coverage 99.5%.
Detected 1 bug(s):
--> Detected 'unhandled exception' bug at program counter address 233 (0xe9) using Mythril with a code coverage of 99.5%.
Exporting original control-flow graph...
Recovering control-flow graph...
Recovered 100% of the control-flow graph
Number of execution paths accessing storage: 0
Deployment bytecode size: 32 bytes (original: 32 bytes) 0.0% increase.
Runtime bytecode size: 462 bytes (original: 451 bytes) 2.4390243902439024% increase.
Metadata: 0xa165627a7a723058207179c89120b80408a26a0d5791d015bbb55552c149cd08dc810077d2661b872b0029
Exporting patched control-flow graph...
