[INFO] compiled with solc ver. 0.4.25
[INFO] all funcs : 7
[INFO] reachable : 6

[INFO] Violate CEI: true
[INFO] msg.sender = this possible: false
[STEP] Run analyzer
[STEP] Collect fix targets
    (IO, (Private_Bank/CashOut/[uint256]), 42, (balances[msg.sender] - _am)),
    (IO, (Private_Bank/Deposit/[]), 28, (balances[msg.sender] + msg.value)),
    (ETH_LEAK, (Private_Bank/CashOut/[uint256]), 40, msg.sender.call.value(_am)()),
    (RE_EL, (Private_Bank/CashOut/[uint256]), 40, msg.sender.call.value(_am)())

[INFO] # of basic patch components : 5
[INFO] extracted components
[
InsertLine (28, assume(((balances[msg.sender] + msg.value) >= balances[msg.sender]));),
InsertLine (42, assume((balances[msg.sender] >= _am));),
Replace (37, (_am <= balances[msg.sender]), (_am > balances[msg.sender])),
AtomLst [
Move ([42] -> 40)
ElseRevert (line 44)
],
AtomLst [
Add @nonReentrant to (Private_Bank, Deposit, []) (line 22)
Add @nonReentrant to (Private_Bank, CashOut, [uint256]) (line 33)
Add @nonReentrant to (Private_Bank, @fallback, []) (line 48)
]
]
- New best candidate, iter 1, 283.814326048s : results/reentrancy/0xb5e1b1ee15c6fa0e48fce100125569d430f1bd12/candidates/cand_4/patch.sol
