Getting Slither report...
Switched global version to 0.4.26



'solc --version' running
'solc ../smartbugs-curated/dataset/reentrancy/0x96edbe868531bd23a6c05e9d0c424ea64fb1b78b.sol --combined-json abi,ast,bin,bin-runtime,srcmap,srcmap-runtime,userdoc,devdoc,hashes,compact-format --allow-paths .,/home/mokita/sc_study/temp/smartbugs-curated/dataset/reentrancy' running
Compilation warnings/errors on ../smartbugs-curated/dataset/reentrancy/0x96edbe868531bd23a6c05e9d0c424ea64fb1b78b.sol:
../smartbugs-curated/dataset/reentrancy/0x96edbe868531bd23a6c05e9d0c424ea64fb1b78b.sol:27:24: Warning: "throw" is deprecated in favour of "revert()", "require()" and "assert()".
        if(intitalized)throw;
                       ^---^
../smartbugs-curated/dataset/reentrancy/0x96edbe868531bd23a6c05e9d0c424ea64fb1b78b.sol:34:24: Warning: "throw" is deprecated in favour of "revert()", "require()" and "assert()".
        if(intitalized)throw;
                       ^---^
../smartbugs-curated/dataset/reentrancy/0x96edbe868531bd23a6c05e9d0c424ea64fb1b78b.sol:48:9: Warning: Use of the "var" keyword is deprecated.
        var acc = Acc[msg.sender];
        ^-----^
../smartbugs-curated/dataset/reentrancy/0x96edbe868531bd23a6c05e9d0c424ea64fb1b78b.sol:58:9: Warning: Use of the "var" keyword is deprecated.
        var acc = Acc[msg.sender];
        ^-----^
../smartbugs-curated/dataset/reentrancy/0x96edbe868531bd23a6c05e9d0c424ea64fb1b78b.sol:8:1: Warning: Source file does not specify required compiler version!Consider adding "pragma solidity ^0.4.26;"
contract PENNY_BY_PENNY  
^ (Relevant source part starts here and spans across multiple lines).


LogFile (../smartbugs-curated/dataset/reentrancy/0x96edbe868531bd23a6c05e9d0c424ea64fb1b78b.sol#80-104) contract sets array length with a user-controlled value:
	- History.push(LastMsg) (../smartbugs-curated/dataset/reentrancy/0x96edbe868531bd23a6c05e9d0c424ea64fb1b78b.sol#101)
Reference: https://github.com/crytic/slither/wiki/Detector-Documentation#array-length-assignment

Reentrancy in PENNY_BY_PENNY.Collect(uint256) (../smartbugs-curated/dataset/reentrancy/0x96edbe868531bd23a6c05e9d0c424ea64fb1b78b.sol#54-68):
	External calls:
	- msg.sender.call.value(_am)() (../smartbugs-curated/dataset/reentrancy/0x96edbe868531bd23a6c05e9d0c424ea64fb1b78b.sol#62)
	State variables written after the call(s):
	- acc.balance -= _am (../smartbugs-curated/dataset/reentrancy/0x96edbe868531bd23a6c05e9d0c424ea64fb1b78b.sol#64)
	PENNY_BY_PENNY.Acc (../smartbugs-curated/dataset/reentrancy/0x96edbe868531bd23a6c05e9d0c424ea64fb1b78b.sol#16) can be used in cross function reentrancies:
	- PENNY_BY_PENNY.Acc (../smartbugs-curated/dataset/reentrancy/0x96edbe868531bd23a6c05e9d0c424ea64fb1b78b.sol#16)
	- PENNY_BY_PENNY.Collect(uint256) (../smartbugs-curated/dataset/reentrancy/0x96edbe868531bd23a6c05e9d0c424ea64fb1b78b.sol#54-68)
	- PENNY_BY_PENNY.Put(uint256) (../smartbugs-curated/dataset/reentrancy/0x96edbe868531bd23a6c05e9d0c424ea64fb1b78b.sol#44-52)
Reference: https://github.com/crytic/slither/wiki/Detector-Documentation#reentrancy-vulnerabilities

PENNY_BY_PENNY.Put(uint256) (../smartbugs-curated/dataset/reentrancy/0x96edbe868531bd23a6c05e9d0c424ea64fb1b78b.sol#44-52) uses timestamp for comparisons
	Dangerous comparisons:
	- now + _lockTime > acc.unlockTime (../smartbugs-curated/dataset/reentrancy/0x96edbe868531bd23a6c05e9d0c424ea64fb1b78b.sol#50)
PENNY_BY_PENNY.Collect(uint256) (../smartbugs-curated/dataset/reentrancy/0x96edbe868531bd23a6c05e9d0c424ea64fb1b78b.sol#54-68) uses timestamp for comparisons
	Dangerous comparisons:
	- acc.balance >= MinSum && acc.balance >= _am && now > acc.unlockTime (../smartbugs-curated/dataset/reentrancy/0x96edbe868531bd23a6c05e9d0c424ea64fb1b78b.sol#59)
Reference: https://github.com/crytic/slither/wiki/Detector-Documentation#block-timestamp

Deprecated standard detected THROW (../smartbugs-curated/dataset/reentrancy/0x96edbe868531bd23a6c05e9d0c424ea64fb1b78b.sol#27):
	- Usage of "throw" should be replaced with "revert()"
Deprecated standard detected THROW (../smartbugs-curated/dataset/reentrancy/0x96edbe868531bd23a6c05e9d0c424ea64fb1b78b.sol#34):
	- Usage of "throw" should be replaced with "revert()"
Reference: https://github.com/crytic/slither/wiki/Detector-Documentation#deprecated-standards

solc-0.4.26 is an outdated solc version. Use a more recent version (at least 0.8.0), if possible.
Reference: https://github.com/crytic/slither/wiki/Detector-Documentation#incorrect-versions-of-solidity

Low level call in PENNY_BY_PENNY.Collect(uint256) (../smartbugs-curated/dataset/reentrancy/0x96edbe868531bd23a6c05e9d0c424ea64fb1b78b.sol#54-68):
	- msg.sender.call.value(_am)() (../smartbugs-curated/dataset/reentrancy/0x96edbe868531bd23a6c05e9d0c424ea64fb1b78b.sol#62)
Reference: https://github.com/crytic/slither/wiki/Detector-Documentation#low-level-calls

Contract PENNY_BY_PENNY (../smartbugs-curated/dataset/reentrancy/0x96edbe868531bd23a6c05e9d0c424ea64fb1b78b.sol#8-77) is not in CapWords
Function PENNY_BY_PENNY.SetMinSum(uint256) (../smartbugs-curated/dataset/reentrancy/0x96edbe868531bd23a6c05e9d0c424ea64fb1b78b.sol#24-29) is not in mixedCase
Parameter PENNY_BY_PENNY.SetMinSum(uint256)._val (../smartbugs-curated/dataset/reentrancy/0x96edbe868531bd23a6c05e9d0c424ea64fb1b78b.sol#24) is not in mixedCase
Function PENNY_BY_PENNY.SetLogFile(address) (../smartbugs-curated/dataset/reentrancy/0x96edbe868531bd23a6c05e9d0c424ea64fb1b78b.sol#31-36) is not in mixedCase
Parameter PENNY_BY_PENNY.SetLogFile(address)._log (../smartbugs-curated/dataset/reentrancy/0x96edbe868531bd23a6c05e9d0c424ea64fb1b78b.sol#31) is not in mixedCase
Function PENNY_BY_PENNY.Initialized() (../smartbugs-curated/dataset/reentrancy/0x96edbe868531bd23a6c05e9d0c424ea64fb1b78b.sol#38-42) is not in mixedCase
Function PENNY_BY_PENNY.Put(uint256) (../smartbugs-curated/dataset/reentrancy/0x96edbe868531bd23a6c05e9d0c424ea64fb1b78b.sol#44-52) is not in mixedCase
Parameter PENNY_BY_PENNY.Put(uint256)._lockTime (../smartbugs-curated/dataset/reentrancy/0x96edbe868531bd23a6c05e9d0c424ea64fb1b78b.sol#44) is not in mixedCase
Function PENNY_BY_PENNY.Collect(uint256) (../smartbugs-curated/dataset/reentrancy/0x96edbe868531bd23a6c05e9d0c424ea64fb1b78b.sol#54-68) is not in mixedCase
Parameter PENNY_BY_PENNY.Collect(uint256)._am (../smartbugs-curated/dataset/reentrancy/0x96edbe868531bd23a6c05e9d0c424ea64fb1b78b.sol#54) is not in mixedCase
Variable PENNY_BY_PENNY.Acc (../smartbugs-curated/dataset/reentrancy/0x96edbe868531bd23a6c05e9d0c424ea64fb1b78b.sol#16) is not in mixedCase
Variable PENNY_BY_PENNY.MinSum (../smartbugs-curated/dataset/reentrancy/0x96edbe868531bd23a6c05e9d0c424ea64fb1b78b.sol#18) is not in mixedCase
Variable PENNY_BY_PENNY.Log (../smartbugs-curated/dataset/reentrancy/0x96edbe868531bd23a6c05e9d0c424ea64fb1b78b.sol#20) is not in mixedCase
Function LogFile.AddMessage(address,uint256,string) (../smartbugs-curated/dataset/reentrancy/0x96edbe868531bd23a6c05e9d0c424ea64fb1b78b.sol#94-102) is not in mixedCase
Parameter LogFile.AddMessage(address,uint256,string)._adr (../smartbugs-curated/dataset/reentrancy/0x96edbe868531bd23a6c05e9d0c424ea64fb1b78b.sol#94) is not in mixedCase
Parameter LogFile.AddMessage(address,uint256,string)._val (../smartbugs-curated/dataset/reentrancy/0x96edbe868531bd23a6c05e9d0c424ea64fb1b78b.sol#94) is not in mixedCase
Parameter LogFile.AddMessage(address,uint256,string)._data (../smartbugs-curated/dataset/reentrancy/0x96edbe868531bd23a6c05e9d0c424ea64fb1b78b.sol#94) is not in mixedCase
Variable LogFile.History (../smartbugs-curated/dataset/reentrancy/0x96edbe868531bd23a6c05e9d0c424ea64fb1b78b.sol#90) is not in mixedCase
Variable LogFile.LastMsg (../smartbugs-curated/dataset/reentrancy/0x96edbe868531bd23a6c05e9d0c424ea64fb1b78b.sol#92) is not in mixedCase
Reference: https://github.com/crytic/slither/wiki/Detector-Documentation#conformance-to-solidity-naming-conventions

AddMessage(address,uint256,string) should be declared external:
	- LogFile.AddMessage(address,uint256,string) (../smartbugs-curated/dataset/reentrancy/0x96edbe868531bd23a6c05e9d0c424ea64fb1b78b.sol#94-102)
Reference: https://github.com/crytic/slither/wiki/Detector-Documentation#public-function-that-could-be-declared-external
../smartbugs-curated/dataset/reentrancy/0x96edbe868531bd23a6c05e9d0c424ea64fb1b78b.sol analyzed (2 contracts with 95 detectors), 28 result(s) found

Error running slither
0x96edbe868531bd23a6c05e9d0c424ea64fb1b78b.sol
Getting Solidity AST...
Running TIPS...
0x96edbe868531bd23a6c05e9d0c424ea64fb1b78b.sol
0.02595353126525879


