mythril.mythril.mythril_config [INFO]: Creating mythril data directory 
mythril.mythril.mythril_config [INFO]: No config file found. Creating default: /root/.mythril/config.ini 
mythril.mythril.mythril_config [INFO]: Infura key not provided, so onchain access is disabled. Use --infura-id <INFURA_ID> or set it in the environment variable INFURA_ID or in the ~/.mythril/config.ini file 
mythril.support.signatures [INFO]: Using signature database at /root/.mythril/signatures.db
mythril.laser.ethereum.svm [INFO]: LASER EVM initialized with dynamic loader: <mythril.support.loader.DynLoader object at 0x7f04aa9bde80>
mythril.laser.ethereum.strategy.extensions.bounded_loops [INFO]: Loaded search strategy extension: Loop bounds (limit = 3)
mythril.laser.plugin.loader [INFO]: Loading laser plugin: coverage
mythril.laser.plugin.loader [INFO]: Loading laser plugin: mutation-pruner
mythril.laser.plugin.loader [INFO]: Loading laser plugin: call-depth-limit
mythril.laser.plugin.loader [INFO]: Loading laser plugin: instruction-profiler
mythril.laser.plugin.loader [INFO]: Loading laser plugin: dependency-pruner
mythril.laser.plugin.loader [INFO]: Instrumenting symbolic vm with plugin: coverage
mythril.laser.plugin.loader [INFO]: Instrumenting symbolic vm with plugin: mutation-pruner
mythril.laser.plugin.loader [INFO]: Instrumenting symbolic vm with plugin: call-depth-limit
mythril.laser.plugin.loader [INFO]: Instrumenting symbolic vm with plugin: instruction-profiler
mythril.laser.plugin.loader [INFO]: Instrumenting symbolic vm with plugin: dependency-pruner
mythril.laser.ethereum.svm [DEBUG]: Starting LASER execution
mythril.laser.ethereum.svm [INFO]: Starting message call transaction to 0
mythril.laser.ethereum.svm [INFO]: Starting message call transaction, iteration: 0, 1 initial states
mythril.laser.ethereum.instructions [DEBUG]: Evaluating PUSH1 at 0
mythril.laser.ethereum.instructions [DEBUG]: Evaluating PUSH1 at 1
mythril.laser.ethereum.instructions [DEBUG]: Evaluating MSTORE at 2
mythril.laser.ethereum.instructions [DEBUG]: Evaluating PUSH1 at 3
mythril.laser.ethereum.instructions [DEBUG]: Evaluating CALLDATASIZE at 4
mythril.laser.ethereum.instructions [DEBUG]: Evaluating LT at 5
mythril.laser.ethereum.instructions [DEBUG]: Evaluating PUSH2 at 6
mythril.analysis.module.base [DEBUG]: Entering analysis module: TxOrigin
mythril.analysis.module.base [DEBUG]: Exiting analysis module: TxOrigin
mythril.analysis.module.base [DEBUG]: Entering analysis module: IntegerArithmetics
mythril.analysis.module.base [DEBUG]: Exiting analysis module: IntegerArithmetics
mythril.laser.ethereum.instructions [DEBUG]: Evaluating JUMPI at 7
mythril.laser.ethereum.instructions [DEBUG]: Evaluating PUSH4 at 8
mythril.laser.ethereum.instructions [DEBUG]: Evaluating JUMPDEST at 24
mythril.laser.ethereum.instructions [DEBUG]: Evaluating PUSH29 at 9
mythril.laser.ethereum.instructions [DEBUG]: Evaluating PUSH1 at 25
mythril.laser.ethereum.instructions [DEBUG]: Evaluating PUSH1 at 10
mythril.laser.ethereum.instructions [DEBUG]: Evaluating DUP1 at 26
mythril.laser.ethereum.instructions [DEBUG]: Evaluating CALLDATALOAD at 11
mythril.laser.ethereum.instructions [DEBUG]: Evaluating REVERT at 27
mythril.laser.ethereum.svm [DEBUG]: Ending transaction MessageCallTransaction 1 from sender_1 to                                        0x0.
mythril.laser.ethereum.instructions [DEBUG]: Evaluating DIV at 12
mythril.laser.ethereum.instructions [DEBUG]: Evaluating AND at 13
mythril.laser.ethereum.instructions [DEBUG]: Evaluating PUSH4 at 14
mythril.laser.ethereum.instructions [DEBUG]: Evaluating DUP2 at 15
mythril.laser.ethereum.instructions [DEBUG]: Evaluating EQ at 16
mythril.laser.ethereum.instructions [DEBUG]: Evaluating PUSH2 at 17
mythril.analysis.module.base [DEBUG]: Entering analysis module: TxOrigin
mythril.analysis.module.base [DEBUG]: Exiting analysis module: TxOrigin
mythril.analysis.module.base [DEBUG]: Entering analysis module: IntegerArithmetics
mythril.analysis.module.base [DEBUG]: Exiting analysis module: IntegerArithmetics
mythril.laser.ethereum.instructions [DEBUG]: Evaluating JUMPI at 18
mythril.laser.ethereum.instructions [DEBUG]: Evaluating DUP1 at 19
mythril.laser.ethereum.instructions [DEBUG]: Evaluating JUMPDEST at 28
mythril.laser.ethereum.instructions [DEBUG]: Evaluating PUSH4 at 20
mythril.laser.ethereum.instructions [DEBUG]: Evaluating CALLVALUE at 29
mythril.laser.ethereum.instructions [DEBUG]: Evaluating EQ at 21
mythril.laser.ethereum.instructions [DEBUG]: Evaluating DUP1 at 30
mythril.laser.ethereum.instructions [DEBUG]: Evaluating PUSH2 at 22
mythril.laser.ethereum.instructions [DEBUG]: Evaluating ISZERO at 31
mythril.analysis.module.base [DEBUG]: Entering analysis module: TxOrigin
mythril.analysis.module.base [DEBUG]: Exiting analysis module: TxOrigin
mythril.analysis.module.base [DEBUG]: Entering analysis module: IntegerArithmetics
mythril.analysis.module.base [DEBUG]: Exiting analysis module: IntegerArithmetics
mythril.laser.ethereum.instructions [DEBUG]: Evaluating JUMPI at 23
mythril.laser.ethereum.svm [DEBUG]: - Entering function MAIN:unknown
mythril.laser.ethereum.instructions [DEBUG]: Evaluating PUSH2 at 32
mythril.laser.ethereum.instructions [DEBUG]: Evaluating JUMPDEST at 24
mythril.laser.ethereum.instructions [DEBUG]: Evaluating JUMPDEST at 66
mythril.analysis.module.base [DEBUG]: Entering analysis module: TxOrigin
mythril.analysis.module.base [DEBUG]: Exiting analysis module: TxOrigin
mythril.analysis.module.base [DEBUG]: Entering analysis module: IntegerArithmetics
mythril.analysis.module.base [DEBUG]: Exiting analysis module: IntegerArithmetics
mythril.laser.ethereum.instructions [DEBUG]: Evaluating JUMPI at 33
mythril.laser.ethereum.instructions [DEBUG]: Evaluating PUSH1 at 25
mythril.laser.ethereum.instructions [DEBUG]: Evaluating CALLVALUE at 67
mythril.laser.ethereum.instructions [DEBUG]: Evaluating PUSH1 at 34
mythril.laser.ethereum.instructions [DEBUG]: Evaluating JUMPDEST at 37
mythril.laser.ethereum.instructions [DEBUG]: Evaluating DUP1 at 26
mythril.laser.ethereum.instructions [DEBUG]: Evaluating DUP1 at 68
mythril.laser.ethereum.instructions [DEBUG]: Evaluating DUP1 at 35
mythril.laser.ethereum.instructions [DEBUG]: Evaluating POP at 38
mythril.laser.ethereum.instructions [DEBUG]: Evaluating REVERT at 27
mythril.laser.ethereum.svm [DEBUG]: Ending transaction MessageCallTransaction 1 from sender_1 to                                        0x0.
mythril.laser.ethereum.instructions [DEBUG]: Evaluating ISZERO at 69
mythril.laser.ethereum.instructions [DEBUG]: Evaluating REVERT at 36
mythril.laser.ethereum.svm [DEBUG]: Ending transaction MessageCallTransaction 1 from sender_1 to                                        0x0.
mythril.laser.ethereum.instructions [DEBUG]: Evaluating PUSH2 at 39
mythril.laser.ethereum.instructions [DEBUG]: Evaluating PUSH2 at 70
mythril.laser.ethereum.instructions [DEBUG]: Evaluating PUSH20 at 40
mythril.analysis.module.base [DEBUG]: Entering analysis module: TxOrigin
mythril.analysis.module.base [DEBUG]: Exiting analysis module: TxOrigin
mythril.analysis.module.base [DEBUG]: Entering analysis module: IntegerArithmetics
mythril.analysis.module.base [DEBUG]: Exiting analysis module: IntegerArithmetics
mythril.laser.ethereum.instructions [DEBUG]: Evaluating JUMPI at 71
mythril.laser.ethereum.instructions [DEBUG]: Evaluating PUSH1 at 41
mythril.laser.ethereum.instructions [DEBUG]: Evaluating PUSH1 at 72
mythril.laser.ethereum.instructions [DEBUG]: Evaluating JUMPDEST at 75
mythril.laser.ethereum.instructions [DEBUG]: Evaluating CALLDATALOAD at 42
mythril.laser.ethereum.instructions [DEBUG]: Evaluating DUP1 at 73
mythril.laser.ethereum.instructions [DEBUG]: Evaluating POP at 76
mythril.laser.ethereum.instructions [DEBUG]: Evaluating AND at 43
mythril.laser.ethereum.instructions [DEBUG]: Evaluating REVERT at 74
mythril.laser.ethereum.svm [DEBUG]: Ending transaction MessageCallTransaction 1 from sender_1 to                                        0x0.
mythril.laser.ethereum.instructions [DEBUG]: Evaluating PUSH2 at 77
mythril.laser.ethereum.instructions [DEBUG]: Evaluating PUSH1 at 44
mythril.laser.ethereum.instructions [DEBUG]: Evaluating PUSH20 at 78
mythril.laser.ethereum.instructions [DEBUG]: Evaluating CALLDATALOAD at 45
mythril.laser.ethereum.instructions [DEBUG]: Evaluating PUSH1 at 79
mythril.laser.ethereum.instructions [DEBUG]: Evaluating PUSH2 at 46
mythril.laser.ethereum.instructions [DEBUG]: Evaluating CALLDATALOAD at 80
mythril.laser.ethereum.instructions [DEBUG]: Evaluating JUMP at 47
mythril.laser.ethereum.instructions [DEBUG]: Evaluating AND at 81
mythril.laser.ethereum.instructions [DEBUG]: Evaluating JUMPDEST at 100
mythril.laser.ethereum.instructions [DEBUG]: Evaluating PUSH2 at 82
mythril.laser.ethereum.instructions [DEBUG]: Evaluating CALLER at 101
mythril.laser.ethereum.instructions [DEBUG]: Evaluating JUMP at 83
mythril.laser.ethereum.instructions [DEBUG]: Evaluating PUSH1 at 102
mythril.laser.ethereum.instructions [DEBUG]: Evaluating JUMPDEST at 189
mythril.laser.ethereum.instructions [DEBUG]: Evaluating SWAP1 at 103
mythril.laser.ethereum.instructions [DEBUG]: Evaluating PUSH20 at 190
mythril.laser.ethereum.instructions [DEBUG]: Evaluating DUP2 at 104
mythril.laser.ethereum.instructions [DEBUG]: Evaluating AND at 191
mythril.laser.ethereum.instructions [DEBUG]: Evaluating MSTORE at 105
mythril.laser.ethereum.instructions [DEBUG]: Evaluating PUSH1 at 192
mythril.laser.ethereum.instructions [DEBUG]: Evaluating PUSH1 at 106
mythril.laser.ethereum.instructions [DEBUG]: Evaluating SWAP1 at 193
mythril.laser.ethereum.instructions [DEBUG]: Evaluating DUP2 at 107
mythril.laser.ethereum.instructions [DEBUG]: Evaluating DUP2 at 194
mythril.laser.ethereum.instructions [DEBUG]: Evaluating SWAP1 at 108
mythril.laser.ethereum.instructions [DEBUG]: Evaluating MSTORE at 195
mythril.laser.ethereum.instructions [DEBUG]: Evaluating MSTORE at 109
mythril.laser.ethereum.instructions [DEBUG]: Evaluating PUSH1 at 196
mythril.laser.ethereum.instructions [DEBUG]: Evaluating PUSH1 at 110
mythril.laser.ethereum.instructions [DEBUG]: Evaluating DUP2 at 197
mythril.laser.ethereum.instructions [DEBUG]: Evaluating DUP2 at 111
mythril.laser.ethereum.instructions [DEBUG]: Evaluating SWAP1 at 198
mythril.laser.ethereum.instructions [DEBUG]: Evaluating SHA3 at 112
mythril.laser.ethereum.instructions [DEBUG]: Evaluating MSTORE at 199
mythril.laser.ethereum.instructions [DEBUG]: Evaluating SLOAD at 113
mythril.laser.ethereum.instructions [DEBUG]: Evaluating PUSH1 at 200
mythril.laser.ethereum.instructions [DEBUG]: Evaluating DUP3 at 114
mythril.laser.ethereum.instructions [DEBUG]: Evaluating SWAP1 at 201
mythril.laser.ethereum.instructions [DEBUG]: Evaluating GT at 115
mythril.laser.ethereum.instructions [DEBUG]: Evaluating SHA3 at 202
mythril.laser.ethereum.instructions [DEBUG]: Evaluating ISZERO at 116
mythril.laser.ethereum.instructions [DEBUG]: Evaluating SLOAD at 203
mythril.laser.ethereum.instructions [DEBUG]: Evaluating PUSH2 at 117
mythril.laser.ethereum.instructions [DEBUG]: Evaluating SWAP1 at 204
mythril.analysis.module.base [DEBUG]: Entering analysis module: TxOrigin
mythril.analysis.module.base [DEBUG]: Exiting analysis module: TxOrigin
mythril.analysis.module.base [DEBUG]: Entering analysis module: IntegerArithmetics
mythril.analysis.module.base [DEBUG]: Exiting analysis module: IntegerArithmetics
mythril.laser.ethereum.instructions [DEBUG]: Evaluating JUMPI at 118
mythril.laser.ethereum.instructions [DEBUG]: Evaluating JUMP at 205
mythril.laser.ethereum.instructions [DEBUG]: Evaluating POP at 119
mythril.laser.ethereum.instructions [DEBUG]: Evaluating JUMPDEST at 123
mythril.laser.ethereum.instructions [DEBUG]: Evaluating JUMPDEST at 84
mythril.laser.ethereum.instructions [DEBUG]: Evaluating PUSH1 at 120
mythril.laser.ethereum.instructions [DEBUG]: Evaluating CALLER at 124
mythril.laser.ethereum.instructions [DEBUG]: Evaluating PUSH1 at 85
mythril.laser.ethereum.instructions [DEBUG]: Evaluating PUSH2 at 121
mythril.laser.ethereum.instructions [DEBUG]: Evaluating PUSH1 at 125
mythril.laser.ethereum.instructions [DEBUG]: Evaluating DUP1 at 86
mythril.laser.ethereum.instructions [DEBUG]: Evaluating JUMP at 122
mythril.laser.ethereum.instructions [DEBUG]: Evaluating DUP2 at 126
mythril.laser.ethereum.instructions [DEBUG]: Evaluating MLOAD at 87
mythril.laser.ethereum.instructions [DEBUG]: Evaluating JUMPDEST at 183
mythril.laser.ethereum.instructions [DEBUG]: Evaluating DUP2 at 127
mythril.laser.ethereum.instructions [DEBUG]: Evaluating SWAP2 at 88
mythril.laser.ethereum.instructions [DEBUG]: Evaluating SWAP3 at 184
mythril.laser.ethereum.instructions [DEBUG]: Evaluating MSTORE at 128
mythril.laser.ethereum.instructions [DEBUG]: Evaluating DUP3 at 89
mythril.laser.ethereum.instructions [DEBUG]: Evaluating SWAP2 at 185
mythril.laser.ethereum.instructions [DEBUG]: Evaluating PUSH1 at 129
mythril.laser.ethereum.instructions [DEBUG]: Evaluating MSTORE at 90
mythril.laser.ethereum.instructions [DEBUG]: Evaluating POP at 186
mythril.laser.ethereum.instructions [DEBUG]: Evaluating DUP2 at 130
mythril.laser.ethereum.instructions [DEBUG]: Evaluating MLOAD at 91
mythril.laser.ethereum.instructions [DEBUG]: Evaluating POP at 187
mythril.laser.ethereum.instructions [DEBUG]: Evaluating DUP2 at 131
mythril.laser.ethereum.instructions [DEBUG]: Evaluating SWAP1 at 92
mythril.laser.ethereum.instructions [DEBUG]: Evaluating JUMP at 188
mythril.laser.ethereum.instructions [DEBUG]: Evaluating MSTORE at 132
mythril.laser.ethereum.instructions [DEBUG]: Evaluating DUP2 at 93
mythril.laser.ethereum.instructions [DEBUG]: Evaluating JUMPDEST at 48
mythril.laser.ethereum.instructions [DEBUG]: Evaluating PUSH1 at 133
mythril.laser.ethereum.instructions [DEBUG]: Evaluating SWAP1 at 94
mythril.laser.ethereum.instructions [DEBUG]: Evaluating PUSH1 at 49
mythril.laser.ethereum.instructions [DEBUG]: Evaluating DUP1 at 134
mythril.analysis.module.base [DEBUG]: Entering analysis module: IntegerArithmetics
mythril.analysis.module.base [DEBUG]: Exiting analysis module: IntegerArithmetics
mythril.laser.ethereum.instructions [DEBUG]: Evaluating SUB at 95
mythril.laser.ethereum.instructions [DEBUG]: Evaluating DUP1 at 50
mythril.laser.ethereum.instructions [DEBUG]: Evaluating DUP4 at 135
mythril.laser.ethereum.instructions [DEBUG]: Evaluating PUSH1 at 96
mythril.laser.ethereum.instructions [DEBUG]: Evaluating MLOAD at 51
mythril.laser.ethereum.instructions [DEBUG]: Evaluating SHA3 at 136
mythril.analysis.module.base [DEBUG]: Entering analysis module: IntegerArithmetics
mythril.analysis.module.base [DEBUG]: Exiting analysis module: IntegerArithmetics
mythril.laser.ethereum.instructions [DEBUG]: Evaluating ADD at 97
mythril.laser.ethereum.instructions [DEBUG]: Evaluating SWAP2 at 52
mythril.laser.ethereum.instructions [DEBUG]: Evaluating DUP1 at 137
mythril.laser.ethereum.instructions [DEBUG]: Evaluating SWAP1 at 98
mythril.laser.ethereum.instructions [DEBUG]: Evaluating ISZERO at 53
mythril.laser.ethereum.instructions [DEBUG]: Evaluating SLOAD at 138
mythril.analysis.module.base [DEBUG]: Entering analysis module: IntegerArithmetics
mythril.analysis.module.base [DEBUG]: Exiting analysis module: IntegerArithmetics
mythril.analysis.module.base [DEBUG]: Entering analysis module: UncheckedRetval
mythril.analysis.module.base [DEBUG]: Exiting analysis module: UncheckedRetval
mythril.laser.ethereum.instructions [DEBUG]: Evaluating RETURN at 99
mythril.laser.ethereum.svm [DEBUG]: Ending transaction MessageCallTransaction 1 from sender_1 to                                        0x0.
mythril.laser.ethereum.instructions [DEBUG]: Evaluating ISZERO at 54
mythril.laser.ethereum.instructions [DEBUG]: Evaluating DUP8 at 139
mythril.laser.ethereum.instructions [DEBUG]: Evaluating DUP3 at 55
mythril.laser.ethereum.instructions [DEBUG]: Evaluating SWAP1 at 140
mythril.laser.ethereum.instructions [DEBUG]: Evaluating MSTORE at 56
mythril.analysis.module.base [DEBUG]: Entering analysis module: IntegerArithmetics
mythril.analysis.module.base [DEBUG]: Exiting analysis module: IntegerArithmetics
mythril.laser.ethereum.instructions [DEBUG]: Evaluating SUB at 141
mythril.laser.ethereum.instructions [DEBUG]: Evaluating MLOAD at 57
mythril.laser.ethereum.instructions [DEBUG]: Evaluating SWAP1 at 142
mythril.laser.ethereum.instructions [DEBUG]: Evaluating SWAP1 at 58
mythril.analysis.module.base [DEBUG]: Entering analysis module: ArbitraryStorage
mythril.analysis.module.base [DEBUG]: Exiting analysis module: ArbitraryStorage
mythril.analysis.module.base [DEBUG]: Entering analysis module: IntegerArithmetics
mythril.analysis.module.base [DEBUG]: Exiting analysis module: IntegerArithmetics
mythril.analysis.module.base [DEBUG]: Entering analysis module: StateChangeAfterCall
mythril.analysis.module.base [DEBUG]: Exiting analysis module: StateChangeAfterCall
mythril.laser.ethereum.instructions [DEBUG]: Evaluating SSTORE at 143
mythril.laser.ethereum.instructions [DEBUG]: Evaluating DUP2 at 59
mythril.laser.ethereum.instructions [DEBUG]: Evaluating PUSH20 at 144
mythril.laser.ethereum.instructions [DEBUG]: Evaluating SWAP1 at 60
mythril.laser.ethereum.instructions [DEBUG]: Evaluating DUP8 at 145
mythril.analysis.module.base [DEBUG]: Entering analysis module: IntegerArithmetics
mythril.analysis.module.base [DEBUG]: Exiting analysis module: IntegerArithmetics
mythril.laser.ethereum.instructions [DEBUG]: Evaluating SUB at 61
mythril.laser.ethereum.instructions [DEBUG]: Evaluating AND at 146
mythril.laser.ethereum.instructions [DEBUG]: Evaluating PUSH1 at 62
mythril.laser.ethereum.instructions [DEBUG]: Evaluating DUP1 at 147
mythril.analysis.module.base [DEBUG]: Entering analysis module: IntegerArithmetics
mythril.analysis.module.base [DEBUG]: Exiting analysis module: IntegerArithmetics
mythril.laser.ethereum.instructions [DEBUG]: Evaluating ADD at 63
mythril.laser.ethereum.instructions [DEBUG]: Evaluating DUP5 at 148
mythril.laser.ethereum.instructions [DEBUG]: Evaluating SWAP1 at 64
mythril.laser.ethereum.instructions [DEBUG]: Evaluating MSTORE at 149
mythril.analysis.module.base [DEBUG]: Entering analysis module: IntegerArithmetics
mythril.analysis.module.base [DEBUG]: Exiting analysis module: IntegerArithmetics
mythril.analysis.module.base [DEBUG]: Entering analysis module: UncheckedRetval
mythril.analysis.module.base [DEBUG]: Exiting analysis module: UncheckedRetval
mythril.laser.ethereum.instructions [DEBUG]: Evaluating RETURN at 65
mythril.laser.ethereum.svm [DEBUG]: Ending transaction MessageCallTransaction 1 from sender_1 to                                        0x0.
mythril.laser.ethereum.instructions [DEBUG]: Evaluating SWAP3 at 150
mythril.laser.ethereum.instructions [DEBUG]: Evaluating DUP2 at 151
mythril.laser.ethereum.instructions [DEBUG]: Evaluating SWAP1 at 152
mythril.laser.ethereum.instructions [DEBUG]: Evaluating SHA3 at 153
mythril.laser.ethereum.instructions [DEBUG]: Evaluating DUP1 at 154
mythril.laser.ethereum.instructions [DEBUG]: Evaluating SLOAD at 155
mythril.laser.ethereum.instructions [DEBUG]: Evaluating DUP8 at 156
mythril.analysis.module.base [DEBUG]: Entering analysis module: IntegerArithmetics
mythril.analysis.module.base [DEBUG]: Exiting analysis module: IntegerArithmetics
mythril.laser.ethereum.instructions [DEBUG]: Evaluating ADD at 157
mythril.laser.ethereum.instructions [DEBUG]: Evaluating SWAP1 at 158
mythril.analysis.module.base [DEBUG]: Entering analysis module: ArbitraryStorage
mythril.analysis.module.base [DEBUG]: Exiting analysis module: ArbitraryStorage
mythril.analysis.module.base [DEBUG]: Entering analysis module: IntegerArithmetics
mythril.analysis.module.base [DEBUG]: Exiting analysis module: IntegerArithmetics
mythril.analysis.module.base [DEBUG]: Entering analysis module: StateChangeAfterCall
mythril.analysis.module.base [DEBUG]: Exiting analysis module: StateChangeAfterCall
mythril.laser.ethereum.instructions [DEBUG]: Evaluating SSTORE at 159
mythril.laser.ethereum.instructions [DEBUG]: Evaluating DUP1 at 160
mythril.laser.ethereum.instructions [DEBUG]: Evaluating MLOAD at 161
mythril.laser.ethereum.instructions [DEBUG]: Evaluating DUP7 at 162
mythril.laser.ethereum.instructions [DEBUG]: Evaluating DUP2 at 163
mythril.laser.ethereum.instructions [DEBUG]: Evaluating MSTORE at 164
mythril.laser.ethereum.instructions [DEBUG]: Evaluating SWAP1 at 165
mythril.laser.ethereum.instructions [DEBUG]: Evaluating MLOAD at 166
mythril.laser.ethereum.instructions [DEBUG]: Evaluating SWAP3 at 167
mythril.laser.ethereum.instructions [DEBUG]: Evaluating SWAP4 at 168
mythril.laser.ethereum.instructions [DEBUG]: Evaluating SWAP3 at 169
mythril.laser.ethereum.instructions [DEBUG]: Evaluating PUSH32 at 170
mythril.laser.ethereum.instructions [DEBUG]: Evaluating SWAP3 at 171
mythril.laser.ethereum.instructions [DEBUG]: Evaluating SWAP2 at 172
mythril.laser.ethereum.instructions [DEBUG]: Evaluating DUP2 at 173
mythril.laser.ethereum.instructions [DEBUG]: Evaluating SWAP1 at 174
mythril.analysis.module.base [DEBUG]: Entering analysis module: IntegerArithmetics
mythril.analysis.module.base [DEBUG]: Exiting analysis module: IntegerArithmetics
mythril.laser.ethereum.instructions [DEBUG]: Evaluating SUB at 175
mythril.laser.ethereum.instructions [DEBUG]: Evaluating SWAP1 at 176
mythril.laser.ethereum.instructions [DEBUG]: Evaluating SWAP2 at 177
mythril.analysis.module.base [DEBUG]: Entering analysis module: IntegerArithmetics
mythril.analysis.module.base [DEBUG]: Exiting analysis module: IntegerArithmetics
mythril.laser.ethereum.instructions [DEBUG]: Evaluating ADD at 178
mythril.laser.ethereum.instructions [DEBUG]: Evaluating SWAP1 at 179
mythril.laser.ethereum.instructions [DEBUG]: Evaluating LOG3 at 180
mythril.laser.ethereum.instructions [DEBUG]: Evaluating POP at 181
mythril.laser.ethereum.instructions [DEBUG]: Evaluating PUSH1 at 182
mythril.laser.ethereum.instructions [DEBUG]: Evaluating JUMPDEST at 183
mythril.laser.ethereum.instructions [DEBUG]: Evaluating SWAP3 at 184
mythril.laser.ethereum.instructions [DEBUG]: Evaluating SWAP2 at 185
mythril.laser.ethereum.instructions [DEBUG]: Evaluating POP at 186
mythril.laser.ethereum.instructions [DEBUG]: Evaluating POP at 187
mythril.laser.ethereum.instructions [DEBUG]: Evaluating JUMP at 188
mythril.laser.ethereum.instructions [DEBUG]: Evaluating JUMPDEST at 48
mythril.laser.ethereum.instructions [DEBUG]: Evaluating PUSH1 at 49
mythril.laser.ethereum.instructions [DEBUG]: Evaluating DUP1 at 50
mythril.laser.ethereum.instructions [DEBUG]: Evaluating MLOAD at 51
mythril.laser.ethereum.instructions [DEBUG]: Evaluating SWAP2 at 52
mythril.laser.ethereum.instructions [DEBUG]: Evaluating ISZERO at 53
mythril.laser.ethereum.instructions [DEBUG]: Evaluating ISZERO at 54
mythril.laser.ethereum.instructions [DEBUG]: Evaluating DUP3 at 55
mythril.laser.ethereum.instructions [DEBUG]: Evaluating MSTORE at 56
mythril.laser.ethereum.instructions [DEBUG]: Evaluating MLOAD at 57
mythril.laser.ethereum.instructions [DEBUG]: Evaluating SWAP1 at 58
mythril.laser.ethereum.instructions [DEBUG]: Evaluating DUP2 at 59
mythril.laser.ethereum.instructions [DEBUG]: Evaluating SWAP1 at 60
mythril.analysis.module.base [DEBUG]: Entering analysis module: IntegerArithmetics
mythril.analysis.module.base [DEBUG]: Exiting analysis module: IntegerArithmetics
mythril.laser.ethereum.instructions [DEBUG]: Evaluating SUB at 61
mythril.laser.ethereum.instructions [DEBUG]: Evaluating PUSH1 at 62
mythril.analysis.module.base [DEBUG]: Entering analysis module: IntegerArithmetics
mythril.analysis.module.base [DEBUG]: Exiting analysis module: IntegerArithmetics
mythril.laser.ethereum.instructions [DEBUG]: Evaluating ADD at 63
mythril.laser.ethereum.instructions [DEBUG]: Evaluating SWAP1 at 64
mythril.analysis.module.base [DEBUG]: Entering analysis module: IntegerArithmetics
mythril.analysis.module.base [DEBUG]: Exiting analysis module: IntegerArithmetics
mythril.analysis.module.base [DEBUG]: Entering analysis module: UncheckedRetval
mythril.analysis.module.base [DEBUG]: Exiting analysis module: UncheckedRetval
mythril.laser.ethereum.instructions [DEBUG]: Evaluating RETURN at 65
mythril.laser.ethereum.svm [DEBUG]: Ending transaction MessageCallTransaction 1 from sender_1 to                                        0x0.
mythril.laser.plugin.plugins.coverage.coverage_plugin [INFO]: Number of new instructions covered in tx 0: 206
mythril.laser.ethereum.svm [INFO]: Starting message call transaction, iteration: 1, 1 initial states
mythril.laser.ethereum.instructions [DEBUG]: Evaluating PUSH1 at 0
mythril.laser.ethereum.instructions [DEBUG]: Evaluating PUSH1 at 1
mythril.laser.ethereum.instructions [DEBUG]: Evaluating MSTORE at 2
mythril.laser.ethereum.instructions [DEBUG]: Evaluating PUSH1 at 3
mythril.laser.ethereum.instructions [DEBUG]: Evaluating CALLDATASIZE at 4
mythril.laser.ethereum.instructions [DEBUG]: Evaluating LT at 5
mythril.laser.ethereum.instructions [DEBUG]: Evaluating PUSH2 at 6
mythril.analysis.module.base [DEBUG]: Entering analysis module: TxOrigin
mythril.analysis.module.base [DEBUG]: Exiting analysis module: TxOrigin
mythril.analysis.module.base [DEBUG]: Entering analysis module: IntegerArithmetics
mythril.analysis.module.base [DEBUG]: Exiting analysis module: IntegerArithmetics
mythril.laser.ethereum.instructions [DEBUG]: Evaluating JUMPI at 7
mythril.laser.ethereum.instructions [DEBUG]: Evaluating PUSH4 at 8
mythril.laser.ethereum.instructions [DEBUG]: Evaluating JUMPDEST at 24
mythril.laser.ethereum.instructions [DEBUG]: Evaluating PUSH29 at 9
mythril.laser.ethereum.instructions [DEBUG]: Evaluating PUSH1 at 25
mythril.laser.ethereum.instructions [DEBUG]: Evaluating PUSH1 at 10
mythril.laser.ethereum.instructions [DEBUG]: Evaluating DUP1 at 26
mythril.laser.ethereum.instructions [DEBUG]: Evaluating CALLDATALOAD at 11
mythril.laser.ethereum.instructions [DEBUG]: Evaluating REVERT at 27
mythril.laser.ethereum.svm [DEBUG]: Ending transaction MessageCallTransaction 2 from sender_2 to                                        0x0.
mythril.laser.ethereum.instructions [DEBUG]: Evaluating DIV at 12
mythril.laser.ethereum.instructions [DEBUG]: Evaluating AND at 13
mythril.laser.ethereum.instructions [DEBUG]: Evaluating PUSH4 at 14
mythril.laser.ethereum.instructions [DEBUG]: Evaluating DUP2 at 15
mythril.laser.ethereum.instructions [DEBUG]: Evaluating EQ at 16
mythril.laser.ethereum.instructions [DEBUG]: Evaluating PUSH2 at 17
mythril.analysis.module.base [DEBUG]: Entering analysis module: TxOrigin
mythril.analysis.module.base [DEBUG]: Exiting analysis module: TxOrigin
mythril.analysis.module.base [DEBUG]: Entering analysis module: IntegerArithmetics
mythril.analysis.module.base [DEBUG]: Exiting analysis module: IntegerArithmetics
mythril.laser.ethereum.instructions [DEBUG]: Evaluating JUMPI at 18
mythril.laser.ethereum.instructions [DEBUG]: Evaluating DUP1 at 19
mythril.laser.ethereum.instructions [DEBUG]: Evaluating JUMPDEST at 28
mythril.laser.ethereum.instructions [DEBUG]: Evaluating PUSH4 at 20
mythril.laser.ethereum.instructions [DEBUG]: Evaluating CALLVALUE at 29
mythril.laser.ethereum.instructions [DEBUG]: Evaluating EQ at 21
mythril.laser.ethereum.instructions [DEBUG]: Evaluating DUP1 at 30
mythril.laser.ethereum.instructions [DEBUG]: Evaluating PUSH2 at 22
mythril.laser.ethereum.instructions [DEBUG]: Evaluating ISZERO at 31
mythril.analysis.module.base [DEBUG]: Entering analysis module: TxOrigin
mythril.analysis.module.base [DEBUG]: Exiting analysis module: TxOrigin
mythril.analysis.module.base [DEBUG]: Entering analysis module: IntegerArithmetics
mythril.analysis.module.base [DEBUG]: Exiting analysis module: IntegerArithmetics
mythril.laser.ethereum.instructions [DEBUG]: Evaluating JUMPI at 23
mythril.laser.plugin.plugins.dependency_pruner [DEBUG]: Skipping state: Storage slots {keccak256_512(Concat(sender_1, 0)), keccak256_512(Concat(0,
                     If(1_calldatasize <= 16,
                        0,
                        1_calldata[16]),
                     If(1_calldatasize <= 17,
                        0,
                        1_calldata[17]),
                     If(1_calldatasize <= 18,
                        0,
                        1_calldata[18]),
                     If(1_calldatasize <= 19,
                        0,
                        1_calldata[19]),
                     If(1_calldatasize <= 20,
                        0,
                        1_calldata[20]),
                     If(1_calldatasize <= 21,
                        0,
                        1_calldata[21]),
                     If(1_calldatasize <= 22,
                        0,
                        1_calldata[22]),
                     If(1_calldatasize <= 23,
                        0,
                        1_calldata[23]),
                     If(1_calldatasize <= 24,
                        0,
                        1_calldata[24]),
                     If(1_calldatasize <= 25,
                        0,
                        1_calldata[25]),
                     If(1_calldatasize <= 26,
                        0,
                        1_calldata[26]),
                     If(1_calldatasize <= 27,
                        0,
                        1_calldata[27]),
                     If(1_calldatasize <= 28,
                        0,
                        1_calldata[28]),
                     If(1_calldatasize <= 29,
                        0,
                        1_calldata[29]),
                     If(1_calldatasize <= 30,
                        0,
                        1_calldata[30]),
                     If(1_calldatasize <= 31,
                        0,
                        1_calldata[31]),
                     If(1_calldatasize <= 32,
                        0,
                        1_calldata[32]),
                     If(1_calldatasize <= 33,
                        0,
                        1_calldata[33]),
                     If(1_calldatasize <= 34,
                        0,
                        1_calldata[34]),
                     If(1_calldatasize <= 35,
                        0,
                        1_calldata[35]),
                     0))} not read in block at address 75, function
mythril.laser.ethereum.svm [DEBUG]: - Entering function MAIN:unknown
mythril.laser.ethereum.instructions [DEBUG]: Evaluating PUSH2 at 32
mythril.laser.ethereum.instructions [DEBUG]: Evaluating JUMPDEST at 66
mythril.analysis.module.base [DEBUG]: Entering analysis module: TxOrigin
mythril.analysis.module.base [DEBUG]: Exiting analysis module: TxOrigin
mythril.analysis.module.base [DEBUG]: Entering analysis module: IntegerArithmetics
mythril.analysis.module.base [DEBUG]: Exiting analysis module: IntegerArithmetics
mythril.laser.ethereum.instructions [DEBUG]: Evaluating JUMPI at 33
mythril.laser.ethereum.instructions [DEBUG]: Evaluating CALLVALUE at 67
mythril.laser.ethereum.instructions [DEBUG]: Evaluating PUSH1 at 34
mythril.laser.ethereum.instructions [DEBUG]: Evaluating JUMPDEST at 37
mythril.laser.ethereum.instructions [DEBUG]: Evaluating DUP1 at 68
mythril.laser.ethereum.instructions [DEBUG]: Evaluating DUP1 at 35
mythril.laser.ethereum.instructions [DEBUG]: Evaluating POP at 38
mythril.laser.ethereum.instructions [DEBUG]: Evaluating ISZERO at 69
mythril.laser.ethereum.instructions [DEBUG]: Evaluating REVERT at 36
mythril.laser.ethereum.svm [DEBUG]: Ending transaction MessageCallTransaction 2 from sender_2 to                                        0x0.
mythril.laser.ethereum.instructions [DEBUG]: Evaluating PUSH2 at 39
mythril.laser.ethereum.instructions [DEBUG]: Evaluating PUSH2 at 70
mythril.laser.ethereum.instructions [DEBUG]: Evaluating PUSH20 at 40
mythril.analysis.module.base [DEBUG]: Entering analysis module: TxOrigin
mythril.analysis.module.base [DEBUG]: Exiting analysis module: TxOrigin
mythril.analysis.module.base [DEBUG]: Entering analysis module: IntegerArithmetics
mythril.analysis.module.base [DEBUG]: Exiting analysis module: IntegerArithmetics
mythril.laser.ethereum.instructions [DEBUG]: Evaluating JUMPI at 71
mythril.laser.ethereum.instructions [DEBUG]: Evaluating PUSH1 at 41
mythril.laser.ethereum.instructions [DEBUG]: Evaluating PUSH1 at 72
mythril.laser.ethereum.instructions [DEBUG]: Evaluating JUMPDEST at 75
mythril.laser.ethereum.instructions [DEBUG]: Evaluating CALLDATALOAD at 42
mythril.laser.ethereum.instructions [DEBUG]: Evaluating DUP1 at 73
mythril.laser.ethereum.instructions [DEBUG]: Evaluating POP at 76
mythril.laser.ethereum.instructions [DEBUG]: Evaluating AND at 43
mythril.laser.ethereum.instructions [DEBUG]: Evaluating REVERT at 74
mythril.laser.ethereum.svm [DEBUG]: Ending transaction MessageCallTransaction 2 from sender_2 to                                        0x0.
mythril.laser.ethereum.instructions [DEBUG]: Evaluating PUSH2 at 77
mythril.laser.ethereum.instructions [DEBUG]: Evaluating PUSH1 at 44
mythril.laser.ethereum.instructions [DEBUG]: Evaluating PUSH20 at 78
mythril.laser.ethereum.instructions [DEBUG]: Evaluating CALLDATALOAD at 45
mythril.laser.ethereum.instructions [DEBUG]: Evaluating PUSH1 at 79
mythril.laser.ethereum.instructions [DEBUG]: Evaluating PUSH2 at 46
mythril.laser.ethereum.instructions [DEBUG]: Evaluating CALLDATALOAD at 80
mythril.laser.ethereum.instructions [DEBUG]: Evaluating JUMP at 47
mythril.laser.ethereum.instructions [DEBUG]: Evaluating AND at 81
mythril.laser.ethereum.instructions [DEBUG]: Evaluating JUMPDEST at 100
mythril.laser.ethereum.instructions [DEBUG]: Evaluating PUSH2 at 82
mythril.laser.ethereum.instructions [DEBUG]: Evaluating CALLER at 101
mythril.laser.ethereum.instructions [DEBUG]: Evaluating JUMP at 83
mythril.laser.ethereum.instructions [DEBUG]: Evaluating PUSH1 at 102
mythril.laser.ethereum.instructions [DEBUG]: Evaluating JUMPDEST at 189
mythril.laser.ethereum.instructions [DEBUG]: Evaluating SWAP1 at 103
mythril.laser.ethereum.instructions [DEBUG]: Evaluating PUSH20 at 190
mythril.laser.ethereum.instructions [DEBUG]: Evaluating DUP2 at 104
mythril.laser.ethereum.instructions [DEBUG]: Evaluating AND at 191
mythril.laser.ethereum.instructions [DEBUG]: Evaluating MSTORE at 105
mythril.laser.ethereum.instructions [DEBUG]: Evaluating PUSH1 at 192
mythril.laser.ethereum.instructions [DEBUG]: Evaluating PUSH1 at 106
mythril.laser.ethereum.instructions [DEBUG]: Evaluating SWAP1 at 193
mythril.laser.ethereum.instructions [DEBUG]: Evaluating DUP2 at 107
mythril.laser.ethereum.instructions [DEBUG]: Evaluating DUP2 at 194
mythril.laser.ethereum.instructions [DEBUG]: Evaluating SWAP1 at 108
mythril.laser.ethereum.instructions [DEBUG]: Evaluating MSTORE at 195
mythril.laser.ethereum.instructions [DEBUG]: Evaluating MSTORE at 109
mythril.laser.ethereum.instructions [DEBUG]: Evaluating PUSH1 at 196
mythril.laser.ethereum.instructions [DEBUG]: Evaluating PUSH1 at 110
mythril.laser.ethereum.instructions [DEBUG]: Evaluating DUP2 at 197
mythril.laser.ethereum.instructions [DEBUG]: Evaluating DUP2 at 111
mythril.laser.ethereum.instructions [DEBUG]: Evaluating SWAP1 at 198
mythril.laser.ethereum.instructions [DEBUG]: Evaluating SHA3 at 112
mythril.laser.ethereum.instructions [DEBUG]: Evaluating MSTORE at 199
mythril.laser.ethereum.instructions [DEBUG]: Evaluating SLOAD at 113
mythril.laser.ethereum.instructions [DEBUG]: Evaluating PUSH1 at 200
mythril.laser.ethereum.instructions [DEBUG]: Evaluating DUP3 at 114
mythril.laser.ethereum.instructions [DEBUG]: Evaluating SWAP1 at 201
mythril.laser.ethereum.instructions [DEBUG]: Evaluating GT at 115
mythril.laser.ethereum.instructions [DEBUG]: Evaluating SHA3 at 202
mythril.laser.ethereum.instructions [DEBUG]: Evaluating ISZERO at 116
mythril.laser.ethereum.instructions [DEBUG]: Evaluating SLOAD at 203
mythril.laser.ethereum.instructions [DEBUG]: Evaluating PUSH2 at 117
mythril.laser.ethereum.instructions [DEBUG]: Evaluating SWAP1 at 204
mythril.analysis.module.base [DEBUG]: Entering analysis module: TxOrigin
mythril.analysis.module.base [DEBUG]: Exiting analysis module: TxOrigin
mythril.analysis.module.base [DEBUG]: Entering analysis module: IntegerArithmetics
mythril.analysis.module.base [DEBUG]: Exiting analysis module: IntegerArithmetics
mythril.laser.ethereum.instructions [DEBUG]: Evaluating JUMPI at 118
mythril.laser.ethereum.instructions [DEBUG]: Evaluating JUMP at 205
mythril.laser.ethereum.instructions [DEBUG]: Evaluating POP at 119
mythril.laser.ethereum.instructions [DEBUG]: Evaluating JUMPDEST at 123
mythril.laser.ethereum.instructions [DEBUG]: Evaluating JUMPDEST at 84
mythril.laser.ethereum.instructions [DEBUG]: Evaluating PUSH1 at 120
mythril.laser.ethereum.instructions [DEBUG]: Evaluating CALLER at 124
mythril.laser.ethereum.instructions [DEBUG]: Evaluating PUSH1 at 85
mythril.laser.ethereum.instructions [DEBUG]: Evaluating PUSH2 at 121
mythril.laser.ethereum.instructions [DEBUG]: Evaluating PUSH1 at 125
mythril.laser.ethereum.instructions [DEBUG]: Evaluating DUP1 at 86
mythril.laser.ethereum.instructions [DEBUG]: Evaluating JUMP at 122
mythril.laser.ethereum.instructions [DEBUG]: Evaluating DUP2 at 126
mythril.laser.ethereum.instructions [DEBUG]: Evaluating MLOAD at 87
mythril.laser.ethereum.instructions [DEBUG]: Evaluating JUMPDEST at 183
mythril.laser.ethereum.instructions [DEBUG]: Evaluating DUP2 at 127
mythril.laser.ethereum.instructions [DEBUG]: Evaluating SWAP2 at 88
mythril.laser.ethereum.instructions [DEBUG]: Evaluating SWAP3 at 184
mythril.laser.ethereum.instructions [DEBUG]: Evaluating MSTORE at 128
mythril.laser.ethereum.instructions [DEBUG]: Evaluating DUP3 at 89
mythril.laser.ethereum.instructions [DEBUG]: Evaluating SWAP2 at 185
mythril.laser.ethereum.instructions [DEBUG]: Evaluating PUSH1 at 129
mythril.laser.ethereum.instructions [DEBUG]: Evaluating MSTORE at 90
mythril.laser.ethereum.instructions [DEBUG]: Evaluating POP at 186
mythril.laser.ethereum.instructions [DEBUG]: Evaluating DUP2 at 130
mythril.laser.ethereum.instructions [DEBUG]: Evaluating MLOAD at 91
mythril.laser.ethereum.instructions [DEBUG]: Evaluating POP at 187
mythril.laser.ethereum.instructions [DEBUG]: Evaluating DUP2 at 131
mythril.laser.ethereum.instructions [DEBUG]: Evaluating SWAP1 at 92
mythril.laser.ethereum.instructions [DEBUG]: Evaluating JUMP at 188
mythril.laser.ethereum.instructions [DEBUG]: Evaluating MSTORE at 132
mythril.laser.ethereum.instructions [DEBUG]: Evaluating DUP2 at 93
mythril.laser.ethereum.instructions [DEBUG]: Evaluating JUMPDEST at 48
mythril.laser.ethereum.instructions [DEBUG]: Evaluating PUSH1 at 133
mythril.laser.ethereum.instructions [DEBUG]: Evaluating SWAP1 at 94
mythril.laser.ethereum.instructions [DEBUG]: Evaluating PUSH1 at 49
mythril.laser.ethereum.instructions [DEBUG]: Evaluating DUP1 at 134
mythril.analysis.module.base [DEBUG]: Entering analysis module: IntegerArithmetics
mythril.analysis.module.base [DEBUG]: Exiting analysis module: IntegerArithmetics
mythril.laser.ethereum.instructions [DEBUG]: Evaluating SUB at 95
mythril.laser.ethereum.instructions [DEBUG]: Evaluating DUP1 at 50
mythril.laser.ethereum.instructions [DEBUG]: Evaluating DUP4 at 135
mythril.laser.ethereum.instructions [DEBUG]: Evaluating PUSH1 at 96
mythril.laser.ethereum.instructions [DEBUG]: Evaluating MLOAD at 51
mythril.laser.ethereum.instructions [DEBUG]: Evaluating SHA3 at 136
mythril.analysis.module.base [DEBUG]: Entering analysis module: IntegerArithmetics
mythril.analysis.module.base [DEBUG]: Exiting analysis module: IntegerArithmetics
mythril.laser.ethereum.instructions [DEBUG]: Evaluating ADD at 97
mythril.laser.ethereum.instructions [DEBUG]: Evaluating SWAP2 at 52
mythril.laser.ethereum.instructions [DEBUG]: Evaluating DUP1 at 137
mythril.laser.ethereum.instructions [DEBUG]: Evaluating SWAP1 at 98
mythril.laser.ethereum.instructions [DEBUG]: Evaluating ISZERO at 53
mythril.laser.ethereum.instructions [DEBUG]: Evaluating SLOAD at 138
mythril.analysis.module.base [DEBUG]: Entering analysis module: IntegerArithmetics
mythril.analysis.module.base [DEBUG]: Exiting analysis module: IntegerArithmetics
mythril.analysis.module.base [DEBUG]: Entering analysis module: UncheckedRetval
mythril.analysis.module.base [DEBUG]: Exiting analysis module: UncheckedRetval
mythril.laser.ethereum.instructions [DEBUG]: Evaluating RETURN at 99
mythril.laser.ethereum.svm [DEBUG]: Ending transaction MessageCallTransaction 2 from sender_2 to                                        0x0.
mythril.laser.ethereum.instructions [DEBUG]: Evaluating ISZERO at 54
mythril.laser.ethereum.instructions [DEBUG]: Evaluating DUP8 at 139
mythril.laser.ethereum.instructions [DEBUG]: Evaluating DUP3 at 55
mythril.laser.ethereum.instructions [DEBUG]: Evaluating SWAP1 at 140
mythril.laser.ethereum.instructions [DEBUG]: Evaluating MSTORE at 56
mythril.analysis.module.base [DEBUG]: Entering analysis module: IntegerArithmetics
mythril.analysis.module.base [DEBUG]: Exiting analysis module: IntegerArithmetics
mythril.laser.ethereum.instructions [DEBUG]: Evaluating SUB at 141
mythril.laser.ethereum.instructions [DEBUG]: Evaluating MLOAD at 57
mythril.laser.ethereum.instructions [DEBUG]: Evaluating SWAP1 at 142
mythril.laser.ethereum.instructions [DEBUG]: Evaluating SWAP1 at 58
mythril.analysis.module.base [DEBUG]: Entering analysis module: ArbitraryStorage
mythril.analysis.module.base [DEBUG]: Exiting analysis module: ArbitraryStorage
mythril.analysis.module.base [DEBUG]: Entering analysis module: IntegerArithmetics
mythril.analysis.module.base [DEBUG]: Exiting analysis module: IntegerArithmetics
mythril.analysis.module.base [DEBUG]: Entering analysis module: StateChangeAfterCall
mythril.analysis.module.base [DEBUG]: Exiting analysis module: StateChangeAfterCall
mythril.laser.ethereum.instructions [DEBUG]: Evaluating SSTORE at 143
mythril.laser.ethereum.instructions [DEBUG]: Evaluating DUP2 at 59
mythril.laser.ethereum.instructions [DEBUG]: Evaluating PUSH20 at 144
mythril.laser.ethereum.instructions [DEBUG]: Evaluating SWAP1 at 60
mythril.laser.ethereum.instructions [DEBUG]: Evaluating DUP8 at 145
mythril.analysis.module.base [DEBUG]: Entering analysis module: IntegerArithmetics
mythril.analysis.module.base [DEBUG]: Exiting analysis module: IntegerArithmetics
mythril.laser.ethereum.instructions [DEBUG]: Evaluating SUB at 61
mythril.laser.ethereum.instructions [DEBUG]: Evaluating AND at 146
mythril.laser.ethereum.instructions [DEBUG]: Evaluating PUSH1 at 62
mythril.laser.ethereum.instructions [DEBUG]: Evaluating DUP1 at 147
mythril.analysis.module.base [DEBUG]: Entering analysis module: IntegerArithmetics
mythril.analysis.module.base [DEBUG]: Exiting analysis module: IntegerArithmetics
mythril.laser.ethereum.instructions [DEBUG]: Evaluating ADD at 63
mythril.laser.ethereum.instructions [DEBUG]: Evaluating DUP5 at 148
mythril.laser.ethereum.instructions [DEBUG]: Evaluating SWAP1 at 64
mythril.laser.ethereum.instructions [DEBUG]: Evaluating MSTORE at 149
mythril.analysis.module.base [DEBUG]: Entering analysis module: IntegerArithmetics
mythril.analysis.module.base [DEBUG]: Exiting analysis module: IntegerArithmetics
mythril.analysis.module.base [DEBUG]: Entering analysis module: UncheckedRetval
mythril.analysis.module.base [DEBUG]: Exiting analysis module: UncheckedRetval
mythril.laser.ethereum.instructions [DEBUG]: Evaluating RETURN at 65
mythril.laser.ethereum.svm [DEBUG]: Ending transaction MessageCallTransaction 2 from sender_2 to                                        0x0.
mythril.laser.ethereum.instructions [DEBUG]: Evaluating SWAP3 at 150
mythril.laser.ethereum.instructions [DEBUG]: Evaluating DUP2 at 151
mythril.laser.ethereum.instructions [DEBUG]: Evaluating SWAP1 at 152
mythril.laser.ethereum.instructions [DEBUG]: Evaluating SHA3 at 153
mythril.laser.ethereum.instructions [DEBUG]: Evaluating DUP1 at 154
mythril.laser.ethereum.instructions [DEBUG]: Evaluating SLOAD at 155
mythril.laser.ethereum.instructions [DEBUG]: Evaluating DUP8 at 156
mythril.analysis.module.base [DEBUG]: Entering analysis module: IntegerArithmetics
mythril.analysis.module.base [DEBUG]: Exiting analysis module: IntegerArithmetics
mythril.laser.ethereum.instructions [DEBUG]: Evaluating ADD at 157
mythril.laser.ethereum.instructions [DEBUG]: Evaluating SWAP1 at 158
mythril.analysis.module.base [DEBUG]: Entering analysis module: ArbitraryStorage
mythril.analysis.module.base [DEBUG]: Exiting analysis module: ArbitraryStorage
mythril.analysis.module.base [DEBUG]: Entering analysis module: IntegerArithmetics
mythril.analysis.module.base [DEBUG]: Exiting analysis module: IntegerArithmetics
mythril.analysis.module.base [DEBUG]: Entering analysis module: StateChangeAfterCall
mythril.analysis.module.base [DEBUG]: Exiting analysis module: StateChangeAfterCall
mythril.laser.ethereum.instructions [DEBUG]: Evaluating SSTORE at 159
mythril.laser.ethereum.instructions [DEBUG]: Evaluating DUP1 at 160
mythril.laser.ethereum.instructions [DEBUG]: Evaluating MLOAD at 161
mythril.laser.ethereum.instructions [DEBUG]: Evaluating DUP7 at 162
mythril.laser.ethereum.instructions [DEBUG]: Evaluating DUP2 at 163
mythril.laser.ethereum.instructions [DEBUG]: Evaluating MSTORE at 164
mythril.laser.ethereum.instructions [DEBUG]: Evaluating SWAP1 at 165
mythril.laser.ethereum.instructions [DEBUG]: Evaluating MLOAD at 166
mythril.laser.ethereum.instructions [DEBUG]: Evaluating SWAP3 at 167
mythril.laser.ethereum.instructions [DEBUG]: Evaluating SWAP4 at 168
mythril.laser.ethereum.instructions [DEBUG]: Evaluating SWAP3 at 169
mythril.laser.ethereum.instructions [DEBUG]: Evaluating PUSH32 at 170
mythril.laser.ethereum.instructions [DEBUG]: Evaluating SWAP3 at 171
mythril.laser.ethereum.instructions [DEBUG]: Evaluating SWAP2 at 172
mythril.laser.ethereum.instructions [DEBUG]: Evaluating DUP2 at 173
mythril.laser.ethereum.instructions [DEBUG]: Evaluating SWAP1 at 174
mythril.analysis.module.base [DEBUG]: Entering analysis module: IntegerArithmetics
mythril.analysis.module.base [DEBUG]: Exiting analysis module: IntegerArithmetics
mythril.laser.ethereum.instructions [DEBUG]: Evaluating SUB at 175
mythril.laser.ethereum.instructions [DEBUG]: Evaluating SWAP1 at 176
mythril.laser.ethereum.instructions [DEBUG]: Evaluating SWAP2 at 177
mythril.analysis.module.base [DEBUG]: Entering analysis module: IntegerArithmetics
mythril.analysis.module.base [DEBUG]: Exiting analysis module: IntegerArithmetics
mythril.laser.ethereum.instructions [DEBUG]: Evaluating ADD at 178
mythril.laser.ethereum.instructions [DEBUG]: Evaluating SWAP1 at 179
mythril.laser.ethereum.instructions [DEBUG]: Evaluating LOG3 at 180
mythril.laser.ethereum.instructions [DEBUG]: Evaluating POP at 181
mythril.laser.ethereum.instructions [DEBUG]: Evaluating PUSH1 at 182
mythril.laser.ethereum.instructions [DEBUG]: Evaluating JUMPDEST at 183
mythril.laser.ethereum.instructions [DEBUG]: Evaluating SWAP3 at 184
mythril.laser.ethereum.instructions [DEBUG]: Evaluating SWAP2 at 185
mythril.laser.ethereum.instructions [DEBUG]: Evaluating POP at 186
mythril.laser.ethereum.instructions [DEBUG]: Evaluating POP at 187
mythril.laser.ethereum.instructions [DEBUG]: Evaluating JUMP at 188
mythril.laser.ethereum.instructions [DEBUG]: Evaluating JUMPDEST at 48
mythril.laser.ethereum.instructions [DEBUG]: Evaluating PUSH1 at 49
mythril.laser.ethereum.instructions [DEBUG]: Evaluating DUP1 at 50
mythril.laser.ethereum.instructions [DEBUG]: Evaluating MLOAD at 51
mythril.laser.ethereum.instructions [DEBUG]: Evaluating SWAP2 at 52
mythril.laser.ethereum.instructions [DEBUG]: Evaluating ISZERO at 53
mythril.laser.ethereum.instructions [DEBUG]: Evaluating ISZERO at 54
mythril.laser.ethereum.instructions [DEBUG]: Evaluating DUP3 at 55
mythril.laser.ethereum.instructions [DEBUG]: Evaluating MSTORE at 56
mythril.laser.ethereum.instructions [DEBUG]: Evaluating MLOAD at 57
mythril.laser.ethereum.instructions [DEBUG]: Evaluating SWAP1 at 58
mythril.laser.ethereum.instructions [DEBUG]: Evaluating DUP2 at 59
mythril.laser.ethereum.instructions [DEBUG]: Evaluating SWAP1 at 60
mythril.analysis.module.base [DEBUG]: Entering analysis module: IntegerArithmetics
mythril.analysis.module.base [DEBUG]: Exiting analysis module: IntegerArithmetics
mythril.laser.ethereum.instructions [DEBUG]: Evaluating SUB at 61
mythril.laser.ethereum.instructions [DEBUG]: Evaluating PUSH1 at 62
mythril.analysis.module.base [DEBUG]: Entering analysis module: IntegerArithmetics
mythril.analysis.module.base [DEBUG]: Exiting analysis module: IntegerArithmetics
mythril.laser.ethereum.instructions [DEBUG]: Evaluating ADD at 63
mythril.laser.ethereum.instructions [DEBUG]: Evaluating SWAP1 at 64
mythril.analysis.module.base [DEBUG]: Entering analysis module: IntegerArithmetics
mythril.analysis.module.base [DEBUG]: Exiting analysis module: IntegerArithmetics
mythril.analysis.module.base [DEBUG]: Entering analysis module: UncheckedRetval
mythril.analysis.module.base [DEBUG]: Exiting analysis module: UncheckedRetval
mythril.laser.ethereum.instructions [DEBUG]: Evaluating RETURN at 65
mythril.laser.ethereum.svm [DEBUG]: Ending transaction MessageCallTransaction 2 from sender_2 to                                        0x0.
mythril.laser.plugin.plugins.coverage.coverage_plugin [INFO]: Number of new instructions covered in tx 1: 0
mythril.laser.ethereum.svm [INFO]: Finished symbolic execution
mythril.laser.plugin.plugins.coverage.coverage_plugin [INFO]: Achieved 99.52% coverage for code: 60806040526004361061004b5763ffffffff7c010000000000000000000000000000000000000000000000000000000060003504166390b98a118114610050578063f8b2cb4f14610095575b600080fd5b34801561005c57600080fd5b5061008173ffffffffffffffffffffffffffffffffffffffff600435166024356100d5565b604080519115158252519081900360200190f35b3480156100a157600080fd5b506100c373ffffffffffffffffffffffffffffffffffffffff6004351661016e565b60408051918252519081900360200190f35b336000908152602081905260408120548211156100f457506000610168565b336000818152602081815260408083208054879003905573ffffffffffffffffffffffffffffffffffffffff871680845292819020805487019055805186815290519293927fddf252ad1be2c89b69c2b068fc378daa952ba7f163c4a11628f55a4df523b3ef929181900390910190a35060015b92915050565b73ffffffffffffffffffffffffffffffffffffffff16600090815260208190526040902054905600a165627a7a72305820e7f5fffb178d74e0fe473fc2c65516518ed3d6500ea7d00bcfa1ae42fa97e7150029
mythril.laser.plugin.plugins.instruction_profiler [INFO]: Total: 1.2341892719268799 s
[ADD         ]   0.5318 %,  nr     10,  total   0.0066 s,  avg   0.0007 s,  min   0.0005 s,  max   0.0008 s
[AND         ]   0.4929 %,  nr     10,  total   0.0061 s,  avg   0.0006 s,  min   0.0005 s,  max   0.0010 s
[CALLDATALOAD]   9.7454 %,  nr      8,  total   0.1203 s,  avg   0.0150 s,  min   0.0120 s,  max   0.0242 s
[CALLDATASIZE]   0.0775 %,  nr      2,  total   0.0010 s,  avg   0.0005 s,  min   0.0005 s,  max   0.0005 s
[CALLER      ]   0.1783 %,  nr      4,  total   0.0022 s,  avg   0.0006 s,  min   0.0005 s,  max   0.0007 s
[CALLVALUE   ]   0.1939 %,  nr      4,  total   0.0024 s,  avg   0.0006 s,  min   0.0005 s,  max   0.0008 s
[DIV         ]   0.1914 %,  nr      2,  total   0.0024 s,  avg   0.0012 s,  min   0.0008 s,  max   0.0016 s
[DUP1        ]   1.3178 %,  nr     29,  total   0.0163 s,  avg   0.0006 s,  min   0.0004 s,  max   0.0008 s
[DUP2        ]   1.3581 %,  nr     32,  total   0.0168 s,  avg   0.0005 s,  min   0.0004 s,  max   0.0009 s
[DUP3        ]   0.3271 %,  nr      8,  total   0.0040 s,  avg   0.0005 s,  min   0.0004 s,  max   0.0006 s
[DUP4        ]   0.1104 %,  nr      2,  total   0.0014 s,  avg   0.0007 s,  min   0.0007 s,  max   0.0007 s
[DUP5        ]   0.0760 %,  nr      2,  total   0.0009 s,  avg   0.0005 s,  min   0.0005 s,  max   0.0005 s
[DUP7        ]   0.0826 %,  nr      2,  total   0.0010 s,  avg   0.0005 s,  min   0.0005 s,  max   0.0005 s
[DUP8        ]   0.2428 %,  nr      6,  total   0.0030 s,  avg   0.0005 s,  min   0.0004 s,  max   0.0007 s
[EQ          ]   0.2403 %,  nr      4,  total   0.0030 s,  avg   0.0007 s,  min   0.0006 s,  max   0.0011 s
[GT          ]   0.0987 %,  nr      2,  total   0.0012 s,  avg   0.0006 s,  min   0.0006 s,  max   0.0006 s
[ISZERO      ]   0.8351 %,  nr     14,  total   0.0103 s,  avg   0.0007 s,  min   0.0006 s,  max   0.0011 s
[JUMP        ]   1.0786 %,  nr     12,  total   0.0133 s,  avg   0.0011 s,  min   0.0009 s,  max   0.0015 s
[JUMPDEST    ]   1.1553 %,  nr     27,  total   0.0143 s,  avg   0.0005 s,  min   0.0004 s,  max   0.0007 s
[JUMPI       ]   1.9772 %,  nr     12,  total   0.0244 s,  avg   0.0020 s,  min   0.0016 s,  max   0.0033 s
[LOG3        ]   0.0825 %,  nr      2,  total   0.0010 s,  avg   0.0005 s,  min   0.0005 s,  max   0.0005 s
[LT          ]   0.0929 %,  nr      2,  total   0.0011 s,  avg   0.0006 s,  min   0.0006 s,  max   0.0006 s
[MLOAD       ]  19.5003 %,  nr     16,  total   0.2407 s,  avg   0.0150 s,  min   0.0136 s,  max   0.0197 s
[MSTORE      ]  30.1480 %,  nr     24,  total   0.3721 s,  avg   0.0155 s,  min   0.0091 s,  max   0.0227 s
[POP         ]   0.6605 %,  nr     16,  total   0.0082 s,  avg   0.0005 s,  min   0.0004 s,  max   0.0007 s
[PUSH1       ]   2.5870 %,  nr     55,  total   0.0319 s,  avg   0.0006 s,  min   0.0005 s,  max   0.0010 s
[PUSH2       ]   1.0169 %,  nr     22,  total   0.0126 s,  avg   0.0006 s,  min   0.0005 s,  max   0.0010 s
[PUSH20      ]   0.3396 %,  nr      8,  total   0.0042 s,  avg   0.0005 s,  min   0.0005 s,  max   0.0006 s
[PUSH29      ]   0.0890 %,  nr      2,  total   0.0011 s,  avg   0.0005 s,  min   0.0005 s,  max   0.0006 s
[PUSH32      ]   0.0923 %,  nr      2,  total   0.0011 s,  avg   0.0006 s,  min   0.0005 s,  max   0.0006 s
[PUSH4       ]   0.3327 %,  nr      6,  total   0.0041 s,  avg   0.0007 s,  min   0.0005 s,  max   0.0010 s
[SHA3        ]  20.5113 %,  nr      8,  total   0.2531 s,  avg   0.0316 s,  min   0.0284 s,  max   0.0362 s
[SLOAD       ]   0.4548 %,  nr      8,  total   0.0056 s,  avg   0.0007 s,  min   0.0007 s,  max   0.0009 s
[SSTORE      ]   0.2129 %,  nr      4,  total   0.0026 s,  avg   0.0007 s,  min   0.0006 s,  max   0.0008 s
[SUB         ]   0.4971 %,  nr     10,  total   0.0061 s,  avg   0.0006 s,  min   0.0005 s,  max   0.0008 s
[SWAP1       ]   1.8705 %,  nr     46,  total   0.0231 s,  avg   0.0005 s,  min   0.0004 s,  max   0.0006 s
[SWAP2       ]   0.5911 %,  nr     14,  total   0.0073 s,  avg   0.0005 s,  min   0.0005 s,  max   0.0007 s
[SWAP3       ]   0.5238 %,  nr     12,  total   0.0065 s,  avg   0.0005 s,  min   0.0005 s,  max   0.0007 s
[SWAP4       ]   0.0859 %,  nr      2,  total   0.0011 s,  avg   0.0005 s,  min   0.0005 s,  max   0.0006 s

mythril.analysis.security [INFO]: Starting analysis
mythril.analysis.security [DEBUG]: Retrieving results for Caller can write to arbitrary storage locations
mythril.analysis.security [DEBUG]: Retrieving results for Delegatecall to a user-specified address
mythril.analysis.security [DEBUG]: Retrieving results for Control flow depends on tx.origin
mythril.analysis.security [DEBUG]: Retrieving results for Any sender can withdraw ETH from the contract account
mythril.analysis.security [DEBUG]: Retrieving results for Integer overflow or underflow
mythril.analysis.security [DEBUG]: Retrieving results for State change after an external call
mythril.analysis.security [DEBUG]: Retrieving results for Contract can be accidentally killed by anyone
mythril.analysis.security [DEBUG]: Retrieving results for Return value of an external call is not checked
mythril.mythril.mythril_analyzer [INFO]: Solver statistics: 
Query count: 48 
Solver time: 2.888197660446167
{"error": null, "issues": [], "success": true}
