mythril.mythril.mythril_config [INFO]: Creating mythril data directory 
mythril.mythril.mythril_config [INFO]: No config file found. Creating default: /root/.mythril/config.ini 
mythril.mythril.mythril_config [INFO]: Infura key not provided, so onchain access is disabled. Use --infura-id <INFURA_ID> or set it in the environment variable INFURA_ID or in the ~/.mythril/config.ini file 
mythril.support.signatures [INFO]: Using signature database at /root/.mythril/signatures.db
mythril.laser.ethereum.svm [INFO]: LASER EVM initialized with dynamic loader: <mythril.support.loader.DynLoader object at 0x72d3edb7aee0>
mythril.laser.ethereum.strategy.extensions.bounded_loops [INFO]: Loaded search strategy extension: Loop bounds (limit = 3)
mythril.laser.plugin.loader [INFO]: Loading laser plugin: coverage
mythril.laser.plugin.loader [INFO]: Loading laser plugin: mutation-pruner
mythril.laser.plugin.loader [INFO]: Loading laser plugin: call-depth-limit
mythril.laser.plugin.loader [INFO]: Loading laser plugin: instruction-profiler
mythril.laser.plugin.loader [INFO]: Loading laser plugin: dependency-pruner
mythril.laser.plugin.loader [INFO]: Instrumenting symbolic vm with plugin: coverage
mythril.laser.plugin.loader [INFO]: Instrumenting symbolic vm with plugin: mutation-pruner
mythril.laser.plugin.loader [INFO]: Instrumenting symbolic vm with plugin: call-depth-limit
mythril.laser.plugin.loader [INFO]: Instrumenting symbolic vm with plugin: instruction-profiler
mythril.laser.plugin.loader [INFO]: Instrumenting symbolic vm with plugin: dependency-pruner
mythril.laser.ethereum.svm [DEBUG]: Starting LASER execution
mythril.laser.ethereum.svm [INFO]: Starting message call transaction to 0
mythril.laser.ethereum.svm [INFO]: Starting message call transaction, iteration: 0, 1 initial states
mythril.laser.ethereum.instructions [DEBUG]: Evaluating PUSH1 at 0
mythril.laser.ethereum.instructions [DEBUG]: Evaluating PUSH1 at 1
mythril.laser.ethereum.instructions [DEBUG]: Evaluating MSTORE at 2
mythril.laser.ethereum.instructions [DEBUG]: Evaluating PUSH1 at 3
mythril.laser.ethereum.instructions [DEBUG]: Evaluating CALLDATASIZE at 4
mythril.laser.ethereum.instructions [DEBUG]: Evaluating LT at 5
mythril.laser.ethereum.instructions [DEBUG]: Evaluating PUSH2 at 6
mythril.analysis.module.base [DEBUG]: Entering analysis module: TxOrigin
mythril.analysis.module.base [DEBUG]: Exiting analysis module: TxOrigin
mythril.analysis.module.base [DEBUG]: Entering analysis module: IntegerArithmetics
mythril.analysis.module.base [DEBUG]: Exiting analysis module: IntegerArithmetics
mythril.laser.ethereum.instructions [DEBUG]: Evaluating JUMPI at 7
mythril.laser.ethereum.instructions [DEBUG]: Evaluating PUSH4 at 8
mythril.laser.ethereum.instructions [DEBUG]: Evaluating JUMPDEST at 24
mythril.laser.ethereum.instructions [DEBUG]: Evaluating PUSH29 at 9
mythril.laser.ethereum.instructions [DEBUG]: Evaluating PUSH1 at 25
mythril.laser.ethereum.instructions [DEBUG]: Evaluating PUSH1 at 10
mythril.laser.ethereum.instructions [DEBUG]: Evaluating DUP1 at 26
mythril.laser.ethereum.instructions [DEBUG]: Evaluating CALLDATALOAD at 11
mythril.laser.ethereum.instructions [DEBUG]: Evaluating REVERT at 27
mythril.laser.ethereum.svm [DEBUG]: Ending transaction MessageCallTransaction 1 from sender_1 to                                        0x0.
mythril.laser.ethereum.instructions [DEBUG]: Evaluating DIV at 12
mythril.laser.ethereum.instructions [DEBUG]: Evaluating AND at 13
mythril.laser.ethereum.instructions [DEBUG]: Evaluating PUSH4 at 14
mythril.laser.ethereum.instructions [DEBUG]: Evaluating DUP2 at 15
mythril.laser.ethereum.instructions [DEBUG]: Evaluating EQ at 16
mythril.laser.ethereum.instructions [DEBUG]: Evaluating PUSH2 at 17
mythril.analysis.module.base [DEBUG]: Entering analysis module: TxOrigin
mythril.analysis.module.base [DEBUG]: Exiting analysis module: TxOrigin
mythril.analysis.module.base [DEBUG]: Entering analysis module: IntegerArithmetics
mythril.analysis.module.base [DEBUG]: Exiting analysis module: IntegerArithmetics
mythril.laser.ethereum.instructions [DEBUG]: Evaluating JUMPI at 18
mythril.laser.ethereum.instructions [DEBUG]: Evaluating DUP1 at 19
mythril.laser.ethereum.instructions [DEBUG]: Evaluating JUMPDEST at 28
mythril.laser.ethereum.instructions [DEBUG]: Evaluating PUSH4 at 20
mythril.laser.ethereum.instructions [DEBUG]: Evaluating CALLVALUE at 29
mythril.laser.ethereum.instructions [DEBUG]: Evaluating EQ at 21
mythril.laser.ethereum.instructions [DEBUG]: Evaluating DUP1 at 30
mythril.laser.ethereum.instructions [DEBUG]: Evaluating PUSH2 at 22
mythril.laser.ethereum.instructions [DEBUG]: Evaluating ISZERO at 31
mythril.analysis.module.base [DEBUG]: Entering analysis module: TxOrigin
mythril.analysis.module.base [DEBUG]: Exiting analysis module: TxOrigin
mythril.analysis.module.base [DEBUG]: Entering analysis module: IntegerArithmetics
mythril.analysis.module.base [DEBUG]: Exiting analysis module: IntegerArithmetics
mythril.laser.ethereum.instructions [DEBUG]: Evaluating JUMPI at 23
mythril.laser.ethereum.svm [DEBUG]: - Entering function MAIN:unknown
mythril.laser.ethereum.instructions [DEBUG]: Evaluating PUSH2 at 32
mythril.laser.ethereum.instructions [DEBUG]: Evaluating JUMPDEST at 24
mythril.laser.ethereum.instructions [DEBUG]: Evaluating JUMPDEST at 66
mythril.analysis.module.base [DEBUG]: Entering analysis module: TxOrigin
mythril.analysis.module.base [DEBUG]: Exiting analysis module: TxOrigin
mythril.analysis.module.base [DEBUG]: Entering analysis module: IntegerArithmetics
mythril.analysis.module.base [DEBUG]: Exiting analysis module: IntegerArithmetics
mythril.laser.ethereum.instructions [DEBUG]: Evaluating JUMPI at 33
mythril.laser.ethereum.instructions [DEBUG]: Evaluating PUSH1 at 25
mythril.laser.ethereum.instructions [DEBUG]: Evaluating CALLVALUE at 67
mythril.laser.ethereum.instructions [DEBUG]: Evaluating PUSH1 at 34
mythril.laser.ethereum.instructions [DEBUG]: Evaluating JUMPDEST at 37
mythril.laser.ethereum.instructions [DEBUG]: Evaluating DUP1 at 26
mythril.laser.ethereum.instructions [DEBUG]: Evaluating DUP1 at 68
mythril.laser.ethereum.instructions [DEBUG]: Evaluating DUP1 at 35
mythril.laser.ethereum.instructions [DEBUG]: Evaluating POP at 38
mythril.laser.ethereum.instructions [DEBUG]: Evaluating REVERT at 27
mythril.laser.ethereum.svm [DEBUG]: Ending transaction MessageCallTransaction 1 from sender_1 to                                        0x0.
mythril.laser.ethereum.instructions [DEBUG]: Evaluating ISZERO at 69
mythril.laser.ethereum.instructions [DEBUG]: Evaluating REVERT at 36
mythril.laser.ethereum.svm [DEBUG]: Ending transaction MessageCallTransaction 1 from sender_1 to                                        0x0.
mythril.laser.ethereum.instructions [DEBUG]: Evaluating PUSH2 at 39
mythril.laser.ethereum.instructions [DEBUG]: Evaluating PUSH2 at 70
mythril.laser.ethereum.instructions [DEBUG]: Evaluating PUSH20 at 40
mythril.analysis.module.base [DEBUG]: Entering analysis module: TxOrigin
mythril.analysis.module.base [DEBUG]: Exiting analysis module: TxOrigin
mythril.analysis.module.base [DEBUG]: Entering analysis module: IntegerArithmetics
mythril.analysis.module.base [DEBUG]: Exiting analysis module: IntegerArithmetics
mythril.laser.ethereum.instructions [DEBUG]: Evaluating JUMPI at 71
mythril.laser.ethereum.instructions [DEBUG]: Evaluating PUSH1 at 41
mythril.laser.ethereum.instructions [DEBUG]: Evaluating PUSH1 at 72
mythril.laser.ethereum.instructions [DEBUG]: Evaluating JUMPDEST at 75
mythril.laser.ethereum.instructions [DEBUG]: Evaluating CALLDATALOAD at 42
mythril.laser.ethereum.instructions [DEBUG]: Evaluating DUP1 at 73
mythril.laser.ethereum.instructions [DEBUG]: Evaluating POP at 76
mythril.laser.ethereum.instructions [DEBUG]: Evaluating AND at 43
mythril.laser.ethereum.instructions [DEBUG]: Evaluating REVERT at 74
mythril.laser.ethereum.svm [DEBUG]: Ending transaction MessageCallTransaction 1 from sender_1 to                                        0x0.
mythril.laser.ethereum.instructions [DEBUG]: Evaluating PUSH2 at 77
mythril.laser.ethereum.instructions [DEBUG]: Evaluating PUSH1 at 44
mythril.laser.ethereum.instructions [DEBUG]: Evaluating PUSH20 at 78
mythril.laser.ethereum.instructions [DEBUG]: Evaluating CALLDATALOAD at 45
mythril.laser.ethereum.instructions [DEBUG]: Evaluating PUSH1 at 79
mythril.laser.ethereum.instructions [DEBUG]: Evaluating PUSH2 at 46
mythril.laser.ethereum.instructions [DEBUG]: Evaluating CALLDATALOAD at 80
mythril.laser.ethereum.instructions [DEBUG]: Evaluating JUMP at 47
mythril.laser.ethereum.instructions [DEBUG]: Evaluating AND at 81
mythril.laser.ethereum.instructions [DEBUG]: Evaluating JUMPDEST at 100
mythril.laser.ethereum.instructions [DEBUG]: Evaluating PUSH2 at 82
mythril.laser.ethereum.instructions [DEBUG]: Evaluating CALLER at 101
mythril.laser.ethereum.instructions [DEBUG]: Evaluating JUMP at 83
mythril.laser.ethereum.instructions [DEBUG]: Evaluating PUSH1 at 102
mythril.laser.ethereum.instructions [DEBUG]: Evaluating JUMPDEST at 189
mythril.laser.ethereum.instructions [DEBUG]: Evaluating SWAP1 at 103
mythril.laser.ethereum.instructions [DEBUG]: Evaluating PUSH20 at 190
mythril.laser.ethereum.instructions [DEBUG]: Evaluating DUP2 at 104
mythril.laser.ethereum.instructions [DEBUG]: Evaluating AND at 191
mythril.laser.ethereum.instructions [DEBUG]: Evaluating MSTORE at 105
mythril.laser.ethereum.instructions [DEBUG]: Evaluating PUSH1 at 192
mythril.laser.ethereum.instructions [DEBUG]: Evaluating PUSH1 at 106
mythril.laser.ethereum.instructions [DEBUG]: Evaluating SWAP1 at 193
mythril.laser.ethereum.instructions [DEBUG]: Evaluating DUP2 at 107
mythril.laser.ethereum.instructions [DEBUG]: Evaluating DUP2 at 194
mythril.laser.ethereum.instructions [DEBUG]: Evaluating SWAP1 at 108
mythril.laser.ethereum.instructions [DEBUG]: Evaluating MSTORE at 195
mythril.laser.ethereum.instructions [DEBUG]: Evaluating MSTORE at 109
mythril.laser.ethereum.instructions [DEBUG]: Evaluating PUSH1 at 196
mythril.laser.ethereum.instructions [DEBUG]: Evaluating PUSH1 at 110
mythril.laser.ethereum.instructions [DEBUG]: Evaluating DUP2 at 197
mythril.laser.ethereum.instructions [DEBUG]: Evaluating DUP2 at 111
mythril.laser.ethereum.instructions [DEBUG]: Evaluating SWAP1 at 198
mythril.laser.ethereum.instructions [DEBUG]: Evaluating SHA3 at 112
mythril.laser.ethereum.instructions [DEBUG]: Evaluating MSTORE at 199
mythril.laser.ethereum.instructions [DEBUG]: Evaluating SLOAD at 113
mythril.laser.ethereum.instructions [DEBUG]: Evaluating PUSH1 at 200
mythril.laser.ethereum.instructions [DEBUG]: Evaluating DUP3 at 114
mythril.laser.ethereum.instructions [DEBUG]: Evaluating SWAP1 at 201
mythril.laser.ethereum.instructions [DEBUG]: Evaluating GT at 115
mythril.laser.ethereum.instructions [DEBUG]: Evaluating SHA3 at 202
mythril.laser.ethereum.instructions [DEBUG]: Evaluating ISZERO at 116
mythril.laser.ethereum.instructions [DEBUG]: Evaluating SLOAD at 203
mythril.laser.ethereum.instructions [DEBUG]: Evaluating PUSH2 at 117
mythril.laser.ethereum.instructions [DEBUG]: Evaluating SWAP1 at 204
mythril.analysis.module.base [DEBUG]: Entering analysis module: TxOrigin
mythril.analysis.module.base [DEBUG]: Exiting analysis module: TxOrigin
mythril.analysis.module.base [DEBUG]: Entering analysis module: IntegerArithmetics
mythril.analysis.module.base [DEBUG]: Exiting analysis module: IntegerArithmetics
mythril.laser.ethereum.instructions [DEBUG]: Evaluating JUMPI at 118
mythril.laser.ethereum.instructions [DEBUG]: Evaluating JUMP at 205
mythril.laser.ethereum.instructions [DEBUG]: Evaluating POP at 119
mythril.laser.ethereum.instructions [DEBUG]: Evaluating JUMPDEST at 123
mythril.laser.ethereum.instructions [DEBUG]: Evaluating JUMPDEST at 84
mythril.laser.ethereum.instructions [DEBUG]: Evaluating PUSH1 at 120
mythril.laser.ethereum.instructions [DEBUG]: Evaluating CALLER at 124
mythril.laser.ethereum.instructions [DEBUG]: Evaluating PUSH1 at 85
mythril.laser.ethereum.instructions [DEBUG]: Evaluating PUSH2 at 121
mythril.laser.ethereum.instructions [DEBUG]: Evaluating PUSH1 at 125
mythril.laser.ethereum.instructions [DEBUG]: Evaluating DUP1 at 86
mythril.laser.ethereum.instructions [DEBUG]: Evaluating JUMP at 122
mythril.laser.ethereum.instructions [DEBUG]: Evaluating DUP2 at 126
mythril.laser.ethereum.instructions [DEBUG]: Evaluating MLOAD at 87
mythril.laser.ethereum.instructions [DEBUG]: Evaluating JUMPDEST at 183
mythril.laser.ethereum.instructions [DEBUG]: Evaluating DUP2 at 127
mythril.laser.ethereum.instructions [DEBUG]: Evaluating SWAP2 at 88
mythril.laser.ethereum.instructions [DEBUG]: Evaluating SWAP3 at 184
mythril.laser.ethereum.instructions [DEBUG]: Evaluating MSTORE at 128
mythril.laser.ethereum.instructions [DEBUG]: Evaluating DUP3 at 89
mythril.laser.ethereum.instructions [DEBUG]: Evaluating SWAP2 at 185
mythril.laser.ethereum.instructions [DEBUG]: Evaluating PUSH1 at 129
mythril.laser.ethereum.instructions [DEBUG]: Evaluating MSTORE at 90
mythril.laser.ethereum.instructions [DEBUG]: Evaluating POP at 186
mythril.laser.ethereum.instructions [DEBUG]: Evaluating DUP2 at 130
mythril.laser.ethereum.instructions [DEBUG]: Evaluating MLOAD at 91
mythril.laser.ethereum.instructions [DEBUG]: Evaluating POP at 187
mythril.laser.ethereum.instructions [DEBUG]: Evaluating DUP2 at 131
mythril.laser.ethereum.instructions [DEBUG]: Evaluating SWAP1 at 92
mythril.laser.ethereum.instructions [DEBUG]: Evaluating JUMP at 188
mythril.laser.ethereum.instructions [DEBUG]: Evaluating MSTORE at 132
mythril.laser.ethereum.instructions [DEBUG]: Evaluating DUP2 at 93
mythril.laser.ethereum.instructions [DEBUG]: Evaluating JUMPDEST at 48
mythril.laser.ethereum.instructions [DEBUG]: Evaluating PUSH1 at 133
mythril.laser.ethereum.instructions [DEBUG]: Evaluating SWAP1 at 94
mythril.laser.ethereum.instructions [DEBUG]: Evaluating PUSH1 at 49
mythril.laser.ethereum.instructions [DEBUG]: Evaluating DUP1 at 134
mythril.analysis.module.base [DEBUG]: Entering analysis module: IntegerArithmetics
mythril.analysis.module.base [DEBUG]: Exiting analysis module: IntegerArithmetics
mythril.laser.ethereum.instructions [DEBUG]: Evaluating SUB at 95
mythril.laser.ethereum.instructions [DEBUG]: Evaluating DUP1 at 50
mythril.laser.ethereum.instructions [DEBUG]: Evaluating DUP4 at 135
mythril.laser.ethereum.instructions [DEBUG]: Evaluating PUSH1 at 96
mythril.laser.ethereum.instructions [DEBUG]: Evaluating MLOAD at 51
mythril.laser.ethereum.instructions [DEBUG]: Evaluating SHA3 at 136
mythril.analysis.module.base [DEBUG]: Entering analysis module: IntegerArithmetics
mythril.analysis.module.base [DEBUG]: Exiting analysis module: IntegerArithmetics
mythril.laser.ethereum.instructions [DEBUG]: Evaluating ADD at 97
mythril.laser.ethereum.instructions [DEBUG]: Evaluating SWAP2 at 52
mythril.laser.ethereum.instructions [DEBUG]: Evaluating DUP1 at 137
mythril.laser.ethereum.instructions [DEBUG]: Evaluating SWAP1 at 98
mythril.laser.ethereum.instructions [DEBUG]: Evaluating ISZERO at 53
mythril.laser.ethereum.instructions [DEBUG]: Evaluating SLOAD at 138
mythril.analysis.module.base [DEBUG]: Entering analysis module: IntegerArithmetics
mythril.analysis.module.base [DEBUG]: Exiting analysis module: IntegerArithmetics
mythril.analysis.module.base [DEBUG]: Entering analysis module: UncheckedRetval
mythril.analysis.module.base [DEBUG]: Exiting analysis module: UncheckedRetval
mythril.laser.ethereum.instructions [DEBUG]: Evaluating RETURN at 99
mythril.laser.ethereum.svm [DEBUG]: Ending transaction MessageCallTransaction 1 from sender_1 to                                        0x0.
mythril.laser.ethereum.instructions [DEBUG]: Evaluating ISZERO at 54
mythril.laser.ethereum.instructions [DEBUG]: Evaluating DUP8 at 139
mythril.laser.ethereum.instructions [DEBUG]: Evaluating DUP3 at 55
mythril.laser.ethereum.instructions [DEBUG]: Evaluating SWAP1 at 140
mythril.laser.ethereum.instructions [DEBUG]: Evaluating MSTORE at 56
mythril.analysis.module.base [DEBUG]: Entering analysis module: IntegerArithmetics
mythril.analysis.module.base [DEBUG]: Exiting analysis module: IntegerArithmetics
mythril.laser.ethereum.instructions [DEBUG]: Evaluating SUB at 141
mythril.laser.ethereum.instructions [DEBUG]: Evaluating MLOAD at 57
mythril.laser.ethereum.instructions [DEBUG]: Evaluating SWAP1 at 142
mythril.laser.ethereum.instructions [DEBUG]: Evaluating SWAP1 at 58
mythril.analysis.module.base [DEBUG]: Entering analysis module: ArbitraryStorage
mythril.analysis.module.base [DEBUG]: Exiting analysis module: ArbitraryStorage
mythril.analysis.module.base [DEBUG]: Entering analysis module: IntegerArithmetics
mythril.analysis.module.base [DEBUG]: Exiting analysis module: IntegerArithmetics
mythril.analysis.module.base [DEBUG]: Entering analysis module: StateChangeAfterCall
mythril.analysis.module.base [DEBUG]: Exiting analysis module: StateChangeAfterCall
mythril.laser.ethereum.instructions [DEBUG]: Evaluating SSTORE at 143
mythril.laser.ethereum.instructions [DEBUG]: Evaluating DUP2 at 59
mythril.laser.ethereum.instructions [DEBUG]: Evaluating PUSH20 at 144
mythril.laser.ethereum.instructions [DEBUG]: Evaluating SWAP1 at 60
mythril.laser.ethereum.instructions [DEBUG]: Evaluating DUP8 at 145
mythril.analysis.module.base [DEBUG]: Entering analysis module: IntegerArithmetics
mythril.analysis.module.base [DEBUG]: Exiting analysis module: IntegerArithmetics
mythril.laser.ethereum.instructions [DEBUG]: Evaluating SUB at 61
mythril.laser.ethereum.instructions [DEBUG]: Evaluating AND at 146
mythril.laser.ethereum.instructions [DEBUG]: Evaluating PUSH1 at 62
mythril.laser.ethereum.instructions [DEBUG]: Evaluating DUP1 at 147
mythril.analysis.module.base [DEBUG]: Entering analysis module: IntegerArithmetics
mythril.analysis.module.base [DEBUG]: Exiting analysis module: IntegerArithmetics
mythril.laser.ethereum.instructions [DEBUG]: Evaluating ADD at 63
mythril.laser.ethereum.instructions [DEBUG]: Evaluating DUP5 at 148
mythril.laser.ethereum.instructions [DEBUG]: Evaluating SWAP1 at 64
mythril.laser.ethereum.instructions [DEBUG]: Evaluating MSTORE at 149
mythril.analysis.module.base [DEBUG]: Entering analysis module: IntegerArithmetics
mythril.analysis.module.base [DEBUG]: Exiting analysis module: IntegerArithmetics
mythril.analysis.module.base [DEBUG]: Entering analysis module: UncheckedRetval
mythril.analysis.module.base [DEBUG]: Exiting analysis module: UncheckedRetval
mythril.laser.ethereum.instructions [DEBUG]: Evaluating RETURN at 65
mythril.laser.ethereum.svm [DEBUG]: Ending transaction MessageCallTransaction 1 from sender_1 to                                        0x0.
mythril.laser.ethereum.instructions [DEBUG]: Evaluating SWAP3 at 150
mythril.laser.ethereum.instructions [DEBUG]: Evaluating DUP2 at 151
mythril.laser.ethereum.instructions [DEBUG]: Evaluating SWAP1 at 152
mythril.laser.ethereum.instructions [DEBUG]: Evaluating SHA3 at 153
mythril.laser.ethereum.instructions [DEBUG]: Evaluating DUP1 at 154
mythril.laser.ethereum.instructions [DEBUG]: Evaluating SLOAD at 155
mythril.laser.ethereum.instructions [DEBUG]: Evaluating DUP8 at 156
mythril.analysis.module.base [DEBUG]: Entering analysis module: IntegerArithmetics
mythril.analysis.module.base [DEBUG]: Exiting analysis module: IntegerArithmetics
mythril.laser.ethereum.instructions [DEBUG]: Evaluating ADD at 157
mythril.laser.ethereum.instructions [DEBUG]: Evaluating SWAP1 at 158
mythril.analysis.module.base [DEBUG]: Entering analysis module: ArbitraryStorage
mythril.analysis.module.base [DEBUG]: Exiting analysis module: ArbitraryStorage
mythril.analysis.module.base [DEBUG]: Entering analysis module: IntegerArithmetics
mythril.analysis.module.base [DEBUG]: Exiting analysis module: IntegerArithmetics
mythril.analysis.module.base [DEBUG]: Entering analysis module: StateChangeAfterCall
mythril.analysis.module.base [DEBUG]: Exiting analysis module: StateChangeAfterCall
mythril.laser.ethereum.instructions [DEBUG]: Evaluating SSTORE at 159
mythril.laser.ethereum.instructions [DEBUG]: Evaluating DUP1 at 160
mythril.laser.ethereum.instructions [DEBUG]: Evaluating MLOAD at 161
mythril.laser.ethereum.instructions [DEBUG]: Evaluating DUP7 at 162
mythril.laser.ethereum.instructions [DEBUG]: Evaluating DUP2 at 163
mythril.laser.ethereum.instructions [DEBUG]: Evaluating MSTORE at 164
mythril.laser.ethereum.instructions [DEBUG]: Evaluating SWAP1 at 165
mythril.laser.ethereum.instructions [DEBUG]: Evaluating MLOAD at 166
mythril.laser.ethereum.instructions [DEBUG]: Evaluating SWAP3 at 167
mythril.laser.ethereum.instructions [DEBUG]: Evaluating SWAP4 at 168
mythril.laser.ethereum.instructions [DEBUG]: Evaluating SWAP3 at 169
mythril.laser.ethereum.instructions [DEBUG]: Evaluating PUSH32 at 170
mythril.laser.ethereum.instructions [DEBUG]: Evaluating SWAP3 at 171
mythril.laser.ethereum.instructions [DEBUG]: Evaluating SWAP2 at 172
mythril.laser.ethereum.instructions [DEBUG]: Evaluating DUP2 at 173
mythril.laser.ethereum.instructions [DEBUG]: Evaluating SWAP1 at 174
mythril.analysis.module.base [DEBUG]: Entering analysis module: IntegerArithmetics
mythril.analysis.module.base [DEBUG]: Exiting analysis module: IntegerArithmetics
mythril.laser.ethereum.instructions [DEBUG]: Evaluating SUB at 175
mythril.laser.ethereum.instructions [DEBUG]: Evaluating SWAP1 at 176
mythril.laser.ethereum.instructions [DEBUG]: Evaluating SWAP2 at 177
mythril.analysis.module.base [DEBUG]: Entering analysis module: IntegerArithmetics
mythril.analysis.module.base [DEBUG]: Exiting analysis module: IntegerArithmetics
mythril.laser.ethereum.instructions [DEBUG]: Evaluating ADD at 178
mythril.laser.ethereum.instructions [DEBUG]: Evaluating SWAP1 at 179
mythril.laser.ethereum.instructions [DEBUG]: Evaluating LOG3 at 180
mythril.laser.ethereum.instructions [DEBUG]: Evaluating POP at 181
mythril.laser.ethereum.instructions [DEBUG]: Evaluating PUSH1 at 182
mythril.laser.ethereum.instructions [DEBUG]: Evaluating JUMPDEST at 183
mythril.laser.ethereum.instructions [DEBUG]: Evaluating SWAP3 at 184
mythril.laser.ethereum.instructions [DEBUG]: Evaluating SWAP2 at 185
mythril.laser.ethereum.instructions [DEBUG]: Evaluating POP at 186
mythril.laser.ethereum.instructions [DEBUG]: Evaluating POP at 187
mythril.laser.ethereum.instructions [DEBUG]: Evaluating JUMP at 188
mythril.laser.ethereum.instructions [DEBUG]: Evaluating JUMPDEST at 48
mythril.laser.ethereum.instructions [DEBUG]: Evaluating PUSH1 at 49
mythril.laser.ethereum.instructions [DEBUG]: Evaluating DUP1 at 50
mythril.laser.ethereum.instructions [DEBUG]: Evaluating MLOAD at 51
mythril.laser.ethereum.instructions [DEBUG]: Evaluating SWAP2 at 52
mythril.laser.ethereum.instructions [DEBUG]: Evaluating ISZERO at 53
mythril.laser.ethereum.instructions [DEBUG]: Evaluating ISZERO at 54
mythril.laser.ethereum.instructions [DEBUG]: Evaluating DUP3 at 55
mythril.laser.ethereum.instructions [DEBUG]: Evaluating MSTORE at 56
mythril.laser.ethereum.instructions [DEBUG]: Evaluating MLOAD at 57
mythril.laser.ethereum.instructions [DEBUG]: Evaluating SWAP1 at 58
mythril.laser.ethereum.instructions [DEBUG]: Evaluating DUP2 at 59
mythril.laser.ethereum.instructions [DEBUG]: Evaluating SWAP1 at 60
mythril.analysis.module.base [DEBUG]: Entering analysis module: IntegerArithmetics
mythril.analysis.module.base [DEBUG]: Exiting analysis module: IntegerArithmetics
mythril.laser.ethereum.instructions [DEBUG]: Evaluating SUB at 61
mythril.laser.ethereum.instructions [DEBUG]: Evaluating PUSH1 at 62
mythril.analysis.module.base [DEBUG]: Entering analysis module: IntegerArithmetics
mythril.analysis.module.base [DEBUG]: Exiting analysis module: IntegerArithmetics
mythril.laser.ethereum.instructions [DEBUG]: Evaluating ADD at 63
mythril.laser.ethereum.instructions [DEBUG]: Evaluating SWAP1 at 64
mythril.analysis.module.base [DEBUG]: Entering analysis module: IntegerArithmetics
mythril.analysis.module.base [DEBUG]: Exiting analysis module: IntegerArithmetics
mythril.analysis.module.base [DEBUG]: Entering analysis module: UncheckedRetval
mythril.analysis.module.base [DEBUG]: Exiting analysis module: UncheckedRetval
mythril.laser.ethereum.instructions [DEBUG]: Evaluating RETURN at 65
mythril.laser.ethereum.svm [DEBUG]: Ending transaction MessageCallTransaction 1 from sender_1 to                                        0x0.
mythril.laser.plugin.plugins.coverage.coverage_plugin [INFO]: Number of new instructions covered in tx 0: 206
mythril.laser.ethereum.svm [INFO]: Starting message call transaction, iteration: 1, 1 initial states
mythril.laser.ethereum.instructions [DEBUG]: Evaluating PUSH1 at 0
mythril.laser.ethereum.instructions [DEBUG]: Evaluating PUSH1 at 1
mythril.laser.ethereum.instructions [DEBUG]: Evaluating MSTORE at 2
mythril.laser.ethereum.instructions [DEBUG]: Evaluating PUSH1 at 3
mythril.laser.ethereum.instructions [DEBUG]: Evaluating CALLDATASIZE at 4
mythril.laser.ethereum.instructions [DEBUG]: Evaluating LT at 5
mythril.laser.ethereum.instructions [DEBUG]: Evaluating PUSH2 at 6
mythril.analysis.module.base [DEBUG]: Entering analysis module: TxOrigin
mythril.analysis.module.base [DEBUG]: Exiting analysis module: TxOrigin
mythril.analysis.module.base [DEBUG]: Entering analysis module: IntegerArithmetics
mythril.analysis.module.base [DEBUG]: Exiting analysis module: IntegerArithmetics
mythril.laser.ethereum.instructions [DEBUG]: Evaluating JUMPI at 7
mythril.laser.ethereum.instructions [DEBUG]: Evaluating PUSH4 at 8
mythril.laser.ethereum.instructions [DEBUG]: Evaluating JUMPDEST at 24
mythril.laser.ethereum.instructions [DEBUG]: Evaluating PUSH29 at 9
mythril.laser.ethereum.instructions [DEBUG]: Evaluating PUSH1 at 25
mythril.laser.ethereum.instructions [DEBUG]: Evaluating PUSH1 at 10
mythril.laser.ethereum.instructions [DEBUG]: Evaluating DUP1 at 26
mythril.laser.ethereum.instructions [DEBUG]: Evaluating CALLDATALOAD at 11
mythril.laser.ethereum.instructions [DEBUG]: Evaluating REVERT at 27
mythril.laser.ethereum.svm [DEBUG]: Ending transaction MessageCallTransaction 2 from sender_2 to                                        0x0.
mythril.laser.ethereum.instructions [DEBUG]: Evaluating DIV at 12
mythril.laser.ethereum.instructions [DEBUG]: Evaluating AND at 13
mythril.laser.ethereum.instructions [DEBUG]: Evaluating PUSH4 at 14
mythril.laser.ethereum.instructions [DEBUG]: Evaluating DUP2 at 15
mythril.laser.ethereum.instructions [DEBUG]: Evaluating EQ at 16
mythril.laser.ethereum.instructions [DEBUG]: Evaluating PUSH2 at 17
mythril.analysis.module.base [DEBUG]: Entering analysis module: TxOrigin
mythril.analysis.module.base [DEBUG]: Exiting analysis module: TxOrigin
mythril.analysis.module.base [DEBUG]: Entering analysis module: IntegerArithmetics
mythril.analysis.module.base [DEBUG]: Exiting analysis module: IntegerArithmetics
mythril.laser.ethereum.instructions [DEBUG]: Evaluating JUMPI at 18
mythril.laser.ethereum.instructions [DEBUG]: Evaluating DUP1 at 19
mythril.laser.ethereum.instructions [DEBUG]: Evaluating JUMPDEST at 28
mythril.laser.ethereum.instructions [DEBUG]: Evaluating PUSH4 at 20
mythril.laser.ethereum.instructions [DEBUG]: Evaluating CALLVALUE at 29
mythril.laser.ethereum.instructions [DEBUG]: Evaluating EQ at 21
mythril.laser.ethereum.instructions [DEBUG]: Evaluating DUP1 at 30
mythril.laser.ethereum.instructions [DEBUG]: Evaluating PUSH2 at 22
mythril.laser.ethereum.instructions [DEBUG]: Evaluating ISZERO at 31
mythril.analysis.module.base [DEBUG]: Entering analysis module: TxOrigin
mythril.analysis.module.base [DEBUG]: Exiting analysis module: TxOrigin
mythril.analysis.module.base [DEBUG]: Entering analysis module: IntegerArithmetics
mythril.analysis.module.base [DEBUG]: Exiting analysis module: IntegerArithmetics
mythril.laser.ethereum.instructions [DEBUG]: Evaluating JUMPI at 23
mythril.laser.plugin.plugins.dependency_pruner [DEBUG]: Skipping state: Storage slots {keccak256_512(Concat(sender_1, 0)), keccak256_512(Concat(0,
                     If(1_calldatasize <= 16,
                        0,
                        1_calldata[16]),
                     If(1_calldatasize <= 17,
                        0,
                        1_calldata[17]),
                     If(1_calldatasize <= 18,
                        0,
                        1_calldata[18]),
                     If(1_calldatasize <= 19,
                        0,
                        1_calldata[19]),
                     If(1_calldatasize <= 20,
                        0,
                        1_calldata[20]),
                     If(1_calldatasize <= 21,
                        0,
                        1_calldata[21]),
                     If(1_calldatasize <= 22,
                        0,
                        1_calldata[22]),
                     If(1_calldatasize <= 23,
                        0,
                        1_calldata[23]),
                     If(1_calldatasize <= 24,
                        0,
                        1_calldata[24]),
                     If(1_calldatasize <= 25,
                        0,
                        1_calldata[25]),
                     If(1_calldatasize <= 26,
                        0,
                        1_calldata[26]),
                     If(1_calldatasize <= 27,
                        0,
                        1_calldata[27]),
                     If(1_calldatasize <= 28,
                        0,
                        1_calldata[28]),
                     If(1_calldatasize <= 29,
                        0,
                        1_calldata[29]),
                     If(1_calldatasize <= 30,
                        0,
                        1_calldata[30]),
                     If(1_calldatasize <= 31,
                        0,
                        1_calldata[31]),
                     If(1_calldatasize <= 32,
                        0,
                        1_calldata[32]),
                     If(1_calldatasize <= 33,
                        0,
                        1_calldata[33]),
                     If(1_calldatasize <= 34,
                        0,
                        1_calldata[34]),
                     If(1_calldatasize <= 35,
                        0,
                        1_calldata[35]),
                     0))} not read in block at address 75, function
mythril.laser.ethereum.svm [DEBUG]: - Entering function MAIN:unknown
mythril.laser.ethereum.instructions [DEBUG]: Evaluating PUSH2 at 32
mythril.laser.ethereum.instructions [DEBUG]: Evaluating JUMPDEST at 66
mythril.analysis.module.base [DEBUG]: Entering analysis module: TxOrigin
mythril.analysis.module.base [DEBUG]: Exiting analysis module: TxOrigin
mythril.analysis.module.base [DEBUG]: Entering analysis module: IntegerArithmetics
mythril.analysis.module.base [DEBUG]: Exiting analysis module: IntegerArithmetics
mythril.laser.ethereum.instructions [DEBUG]: Evaluating JUMPI at 33
mythril.laser.ethereum.instructions [DEBUG]: Evaluating CALLVALUE at 67
mythril.laser.ethereum.instructions [DEBUG]: Evaluating PUSH1 at 34
mythril.laser.ethereum.instructions [DEBUG]: Evaluating JUMPDEST at 37
mythril.laser.ethereum.instructions [DEBUG]: Evaluating DUP1 at 68
mythril.laser.ethereum.instructions [DEBUG]: Evaluating DUP1 at 35
mythril.laser.ethereum.instructions [DEBUG]: Evaluating POP at 38
mythril.laser.ethereum.instructions [DEBUG]: Evaluating ISZERO at 69
mythril.laser.ethereum.instructions [DEBUG]: Evaluating REVERT at 36
mythril.laser.ethereum.svm [DEBUG]: Ending transaction MessageCallTransaction 2 from sender_2 to                                        0x0.
mythril.laser.ethereum.instructions [DEBUG]: Evaluating PUSH2 at 39
mythril.laser.ethereum.instructions [DEBUG]: Evaluating PUSH2 at 70
mythril.laser.ethereum.instructions [DEBUG]: Evaluating PUSH20 at 40
mythril.analysis.module.base [DEBUG]: Entering analysis module: TxOrigin
mythril.analysis.module.base [DEBUG]: Exiting analysis module: TxOrigin
mythril.analysis.module.base [DEBUG]: Entering analysis module: IntegerArithmetics
mythril.analysis.module.base [DEBUG]: Exiting analysis module: IntegerArithmetics
mythril.laser.ethereum.instructions [DEBUG]: Evaluating JUMPI at 71
mythril.laser.ethereum.instructions [DEBUG]: Evaluating PUSH1 at 41
mythril.laser.ethereum.instructions [DEBUG]: Evaluating PUSH1 at 72
mythril.laser.ethereum.instructions [DEBUG]: Evaluating JUMPDEST at 75
mythril.laser.ethereum.instructions [DEBUG]: Evaluating CALLDATALOAD at 42
mythril.laser.ethereum.instructions [DEBUG]: Evaluating DUP1 at 73
mythril.laser.ethereum.instructions [DEBUG]: Evaluating POP at 76
mythril.laser.ethereum.instructions [DEBUG]: Evaluating AND at 43
mythril.laser.ethereum.instructions [DEBUG]: Evaluating REVERT at 74
mythril.laser.ethereum.svm [DEBUG]: Ending transaction MessageCallTransaction 2 from sender_2 to                                        0x0.
mythril.laser.ethereum.instructions [DEBUG]: Evaluating PUSH2 at 77
mythril.laser.ethereum.instructions [DEBUG]: Evaluating PUSH1 at 44
mythril.laser.ethereum.instructions [DEBUG]: Evaluating PUSH20 at 78
mythril.laser.ethereum.instructions [DEBUG]: Evaluating CALLDATALOAD at 45
mythril.laser.ethereum.instructions [DEBUG]: Evaluating PUSH1 at 79
mythril.laser.ethereum.instructions [DEBUG]: Evaluating PUSH2 at 46
mythril.laser.ethereum.instructions [DEBUG]: Evaluating CALLDATALOAD at 80
mythril.laser.ethereum.instructions [DEBUG]: Evaluating JUMP at 47
mythril.laser.ethereum.instructions [DEBUG]: Evaluating AND at 81
mythril.laser.ethereum.instructions [DEBUG]: Evaluating JUMPDEST at 100
mythril.laser.ethereum.instructions [DEBUG]: Evaluating PUSH2 at 82
mythril.laser.ethereum.instructions [DEBUG]: Evaluating CALLER at 101
mythril.laser.ethereum.instructions [DEBUG]: Evaluating JUMP at 83
mythril.laser.ethereum.instructions [DEBUG]: Evaluating PUSH1 at 102
mythril.laser.ethereum.instructions [DEBUG]: Evaluating JUMPDEST at 189
mythril.laser.ethereum.instructions [DEBUG]: Evaluating SWAP1 at 103
mythril.laser.ethereum.instructions [DEBUG]: Evaluating PUSH20 at 190
mythril.laser.ethereum.instructions [DEBUG]: Evaluating DUP2 at 104
mythril.laser.ethereum.instructions [DEBUG]: Evaluating AND at 191
mythril.laser.ethereum.instructions [DEBUG]: Evaluating MSTORE at 105
mythril.laser.ethereum.instructions [DEBUG]: Evaluating PUSH1 at 192
mythril.laser.ethereum.instructions [DEBUG]: Evaluating PUSH1 at 106
mythril.laser.ethereum.instructions [DEBUG]: Evaluating SWAP1 at 193
mythril.laser.ethereum.instructions [DEBUG]: Evaluating DUP2 at 107
mythril.laser.ethereum.instructions [DEBUG]: Evaluating DUP2 at 194
mythril.laser.ethereum.instructions [DEBUG]: Evaluating SWAP1 at 108
mythril.laser.ethereum.instructions [DEBUG]: Evaluating MSTORE at 195
mythril.laser.ethereum.instructions [DEBUG]: Evaluating MSTORE at 109
mythril.laser.ethereum.instructions [DEBUG]: Evaluating PUSH1 at 196
mythril.laser.ethereum.instructions [DEBUG]: Evaluating PUSH1 at 110
mythril.laser.ethereum.instructions [DEBUG]: Evaluating DUP2 at 197
mythril.laser.ethereum.instructions [DEBUG]: Evaluating DUP2 at 111
mythril.laser.ethereum.instructions [DEBUG]: Evaluating SWAP1 at 198
mythril.laser.ethereum.instructions [DEBUG]: Evaluating SHA3 at 112
mythril.laser.ethereum.instructions [DEBUG]: Evaluating MSTORE at 199
mythril.laser.ethereum.instructions [DEBUG]: Evaluating SLOAD at 113
mythril.laser.ethereum.instructions [DEBUG]: Evaluating PUSH1 at 200
mythril.laser.ethereum.instructions [DEBUG]: Evaluating DUP3 at 114
mythril.laser.ethereum.instructions [DEBUG]: Evaluating SWAP1 at 201
mythril.laser.ethereum.instructions [DEBUG]: Evaluating GT at 115
mythril.laser.ethereum.instructions [DEBUG]: Evaluating SHA3 at 202
mythril.laser.ethereum.instructions [DEBUG]: Evaluating ISZERO at 116
mythril.laser.ethereum.instructions [DEBUG]: Evaluating SLOAD at 203
mythril.laser.ethereum.instructions [DEBUG]: Evaluating PUSH2 at 117
mythril.laser.ethereum.instructions [DEBUG]: Evaluating SWAP1 at 204
mythril.analysis.module.base [DEBUG]: Entering analysis module: TxOrigin
mythril.analysis.module.base [DEBUG]: Exiting analysis module: TxOrigin
mythril.analysis.module.base [DEBUG]: Entering analysis module: IntegerArithmetics
mythril.analysis.module.base [DEBUG]: Exiting analysis module: IntegerArithmetics
mythril.laser.ethereum.instructions [DEBUG]: Evaluating JUMPI at 118
mythril.laser.ethereum.instructions [DEBUG]: Evaluating JUMP at 205
mythril.laser.ethereum.instructions [DEBUG]: Evaluating POP at 119
mythril.laser.ethereum.instructions [DEBUG]: Evaluating JUMPDEST at 123
mythril.laser.ethereum.instructions [DEBUG]: Evaluating JUMPDEST at 84
mythril.laser.ethereum.instructions [DEBUG]: Evaluating PUSH1 at 120
mythril.laser.ethereum.instructions [DEBUG]: Evaluating CALLER at 124
mythril.laser.ethereum.instructions [DEBUG]: Evaluating PUSH1 at 85
mythril.laser.ethereum.instructions [DEBUG]: Evaluating PUSH2 at 121
mythril.laser.ethereum.instructions [DEBUG]: Evaluating PUSH1 at 125
mythril.laser.ethereum.instructions [DEBUG]: Evaluating DUP1 at 86
mythril.laser.ethereum.instructions [DEBUG]: Evaluating JUMP at 122
mythril.laser.ethereum.instructions [DEBUG]: Evaluating DUP2 at 126
mythril.laser.ethereum.instructions [DEBUG]: Evaluating MLOAD at 87
mythril.laser.ethereum.instructions [DEBUG]: Evaluating JUMPDEST at 183
mythril.laser.ethereum.instructions [DEBUG]: Evaluating DUP2 at 127
mythril.laser.ethereum.instructions [DEBUG]: Evaluating SWAP2 at 88
mythril.laser.ethereum.instructions [DEBUG]: Evaluating SWAP3 at 184
mythril.laser.ethereum.instructions [DEBUG]: Evaluating MSTORE at 128
mythril.laser.ethereum.instructions [DEBUG]: Evaluating DUP3 at 89
mythril.laser.ethereum.instructions [DEBUG]: Evaluating SWAP2 at 185
mythril.laser.ethereum.instructions [DEBUG]: Evaluating PUSH1 at 129
mythril.laser.ethereum.instructions [DEBUG]: Evaluating MSTORE at 90
mythril.laser.ethereum.instructions [DEBUG]: Evaluating POP at 186
mythril.laser.ethereum.instructions [DEBUG]: Evaluating DUP2 at 130
mythril.laser.ethereum.instructions [DEBUG]: Evaluating MLOAD at 91
mythril.laser.ethereum.instructions [DEBUG]: Evaluating POP at 187
mythril.laser.ethereum.instructions [DEBUG]: Evaluating DUP2 at 131
mythril.laser.ethereum.instructions [DEBUG]: Evaluating SWAP1 at 92
mythril.laser.ethereum.instructions [DEBUG]: Evaluating JUMP at 188
mythril.laser.ethereum.instructions [DEBUG]: Evaluating MSTORE at 132
mythril.laser.ethereum.instructions [DEBUG]: Evaluating DUP2 at 93
mythril.laser.ethereum.instructions [DEBUG]: Evaluating JUMPDEST at 48
mythril.laser.ethereum.instructions [DEBUG]: Evaluating PUSH1 at 133
mythril.laser.ethereum.instructions [DEBUG]: Evaluating SWAP1 at 94
mythril.laser.ethereum.instructions [DEBUG]: Evaluating PUSH1 at 49
mythril.laser.ethereum.instructions [DEBUG]: Evaluating DUP1 at 134
mythril.analysis.module.base [DEBUG]: Entering analysis module: IntegerArithmetics
mythril.analysis.module.base [DEBUG]: Exiting analysis module: IntegerArithmetics
mythril.laser.ethereum.instructions [DEBUG]: Evaluating SUB at 95
mythril.laser.ethereum.instructions [DEBUG]: Evaluating DUP1 at 50
mythril.laser.ethereum.instructions [DEBUG]: Evaluating DUP4 at 135
mythril.laser.ethereum.instructions [DEBUG]: Evaluating PUSH1 at 96
mythril.laser.ethereum.instructions [DEBUG]: Evaluating MLOAD at 51
mythril.laser.ethereum.instructions [DEBUG]: Evaluating SHA3 at 136
mythril.analysis.module.base [DEBUG]: Entering analysis module: IntegerArithmetics
mythril.analysis.module.base [DEBUG]: Exiting analysis module: IntegerArithmetics
mythril.laser.ethereum.instructions [DEBUG]: Evaluating ADD at 97
mythril.laser.ethereum.instructions [DEBUG]: Evaluating SWAP2 at 52
mythril.laser.ethereum.instructions [DEBUG]: Evaluating DUP1 at 137
mythril.laser.ethereum.instructions [DEBUG]: Evaluating SWAP1 at 98
mythril.laser.ethereum.instructions [DEBUG]: Evaluating ISZERO at 53
mythril.laser.ethereum.instructions [DEBUG]: Evaluating SLOAD at 138
mythril.analysis.module.base [DEBUG]: Entering analysis module: IntegerArithmetics
mythril.analysis.module.base [DEBUG]: Exiting analysis module: IntegerArithmetics
mythril.analysis.module.base [DEBUG]: Entering analysis module: UncheckedRetval
mythril.analysis.module.base [DEBUG]: Exiting analysis module: UncheckedRetval
mythril.laser.ethereum.instructions [DEBUG]: Evaluating RETURN at 99
mythril.laser.ethereum.svm [DEBUG]: Ending transaction MessageCallTransaction 2 from sender_2 to                                        0x0.
mythril.laser.ethereum.instructions [DEBUG]: Evaluating ISZERO at 54
mythril.laser.ethereum.instructions [DEBUG]: Evaluating DUP8 at 139
mythril.laser.ethereum.instructions [DEBUG]: Evaluating DUP3 at 55
mythril.laser.ethereum.instructions [DEBUG]: Evaluating SWAP1 at 140
mythril.laser.ethereum.instructions [DEBUG]: Evaluating MSTORE at 56
mythril.analysis.module.base [DEBUG]: Entering analysis module: IntegerArithmetics
mythril.analysis.module.base [DEBUG]: Exiting analysis module: IntegerArithmetics
mythril.laser.ethereum.instructions [DEBUG]: Evaluating SUB at 141
mythril.laser.ethereum.instructions [DEBUG]: Evaluating MLOAD at 57
mythril.laser.ethereum.instructions [DEBUG]: Evaluating SWAP1 at 142
mythril.laser.ethereum.instructions [DEBUG]: Evaluating SWAP1 at 58
mythril.analysis.module.base [DEBUG]: Entering analysis module: ArbitraryStorage
mythril.analysis.module.base [DEBUG]: Exiting analysis module: ArbitraryStorage
mythril.analysis.module.base [DEBUG]: Entering analysis module: IntegerArithmetics
mythril.analysis.module.base [DEBUG]: Exiting analysis module: IntegerArithmetics
mythril.analysis.module.base [DEBUG]: Entering analysis module: StateChangeAfterCall
mythril.analysis.module.base [DEBUG]: Exiting analysis module: StateChangeAfterCall
mythril.laser.ethereum.instructions [DEBUG]: Evaluating SSTORE at 143
mythril.laser.ethereum.instructions [DEBUG]: Evaluating DUP2 at 59
mythril.laser.ethereum.instructions [DEBUG]: Evaluating PUSH20 at 144
mythril.laser.ethereum.instructions [DEBUG]: Evaluating SWAP1 at 60
mythril.laser.ethereum.instructions [DEBUG]: Evaluating DUP8 at 145
mythril.analysis.module.base [DEBUG]: Entering analysis module: IntegerArithmetics
mythril.analysis.module.base [DEBUG]: Exiting analysis module: IntegerArithmetics
mythril.laser.ethereum.instructions [DEBUG]: Evaluating SUB at 61
mythril.laser.ethereum.instructions [DEBUG]: Evaluating AND at 146
mythril.laser.ethereum.instructions [DEBUG]: Evaluating PUSH1 at 62
mythril.laser.ethereum.instructions [DEBUG]: Evaluating DUP1 at 147
mythril.analysis.module.base [DEBUG]: Entering analysis module: IntegerArithmetics
mythril.analysis.module.base [DEBUG]: Exiting analysis module: IntegerArithmetics
mythril.laser.ethereum.instructions [DEBUG]: Evaluating ADD at 63
mythril.laser.ethereum.instructions [DEBUG]: Evaluating DUP5 at 148
mythril.laser.ethereum.instructions [DEBUG]: Evaluating SWAP1 at 64
mythril.laser.ethereum.instructions [DEBUG]: Evaluating MSTORE at 149
mythril.analysis.module.base [DEBUG]: Entering analysis module: IntegerArithmetics
mythril.analysis.module.base [DEBUG]: Exiting analysis module: IntegerArithmetics
mythril.analysis.module.base [DEBUG]: Entering analysis module: UncheckedRetval
mythril.analysis.module.base [DEBUG]: Exiting analysis module: UncheckedRetval
mythril.laser.ethereum.instructions [DEBUG]: Evaluating RETURN at 65
mythril.laser.ethereum.svm [DEBUG]: Ending transaction MessageCallTransaction 2 from sender_2 to                                        0x0.
mythril.laser.ethereum.instructions [DEBUG]: Evaluating SWAP3 at 150
mythril.laser.ethereum.instructions [DEBUG]: Evaluating DUP2 at 151
mythril.laser.ethereum.instructions [DEBUG]: Evaluating SWAP1 at 152
mythril.laser.ethereum.instructions [DEBUG]: Evaluating SHA3 at 153
mythril.laser.ethereum.instructions [DEBUG]: Evaluating DUP1 at 154
mythril.laser.ethereum.instructions [DEBUG]: Evaluating SLOAD at 155
mythril.laser.ethereum.instructions [DEBUG]: Evaluating DUP8 at 156
mythril.analysis.module.base [DEBUG]: Entering analysis module: IntegerArithmetics
mythril.analysis.module.base [DEBUG]: Exiting analysis module: IntegerArithmetics
mythril.laser.ethereum.instructions [DEBUG]: Evaluating ADD at 157
mythril.laser.ethereum.instructions [DEBUG]: Evaluating SWAP1 at 158
mythril.analysis.module.base [DEBUG]: Entering analysis module: ArbitraryStorage
mythril.analysis.module.base [DEBUG]: Exiting analysis module: ArbitraryStorage
mythril.analysis.module.base [DEBUG]: Entering analysis module: IntegerArithmetics
mythril.analysis.module.base [DEBUG]: Exiting analysis module: IntegerArithmetics
mythril.analysis.module.base [DEBUG]: Entering analysis module: StateChangeAfterCall
mythril.analysis.module.base [DEBUG]: Exiting analysis module: StateChangeAfterCall
mythril.laser.ethereum.instructions [DEBUG]: Evaluating SSTORE at 159
mythril.laser.ethereum.instructions [DEBUG]: Evaluating DUP1 at 160
mythril.laser.ethereum.instructions [DEBUG]: Evaluating MLOAD at 161
mythril.laser.ethereum.instructions [DEBUG]: Evaluating DUP7 at 162
mythril.laser.ethereum.instructions [DEBUG]: Evaluating DUP2 at 163
mythril.laser.ethereum.instructions [DEBUG]: Evaluating MSTORE at 164
mythril.laser.ethereum.instructions [DEBUG]: Evaluating SWAP1 at 165
mythril.laser.ethereum.instructions [DEBUG]: Evaluating MLOAD at 166
mythril.laser.ethereum.instructions [DEBUG]: Evaluating SWAP3 at 167
mythril.laser.ethereum.instructions [DEBUG]: Evaluating SWAP4 at 168
mythril.laser.ethereum.instructions [DEBUG]: Evaluating SWAP3 at 169
mythril.laser.ethereum.instructions [DEBUG]: Evaluating PUSH32 at 170
mythril.laser.ethereum.instructions [DEBUG]: Evaluating SWAP3 at 171
mythril.laser.ethereum.instructions [DEBUG]: Evaluating SWAP2 at 172
mythril.laser.ethereum.instructions [DEBUG]: Evaluating DUP2 at 173
mythril.laser.ethereum.instructions [DEBUG]: Evaluating SWAP1 at 174
mythril.analysis.module.base [DEBUG]: Entering analysis module: IntegerArithmetics
mythril.analysis.module.base [DEBUG]: Exiting analysis module: IntegerArithmetics
mythril.laser.ethereum.instructions [DEBUG]: Evaluating SUB at 175
mythril.laser.ethereum.instructions [DEBUG]: Evaluating SWAP1 at 176
mythril.laser.ethereum.instructions [DEBUG]: Evaluating SWAP2 at 177
mythril.analysis.module.base [DEBUG]: Entering analysis module: IntegerArithmetics
mythril.analysis.module.base [DEBUG]: Exiting analysis module: IntegerArithmetics
mythril.laser.ethereum.instructions [DEBUG]: Evaluating ADD at 178
mythril.laser.ethereum.instructions [DEBUG]: Evaluating SWAP1 at 179
mythril.laser.ethereum.instructions [DEBUG]: Evaluating LOG3 at 180
mythril.laser.ethereum.instructions [DEBUG]: Evaluating POP at 181
mythril.laser.ethereum.instructions [DEBUG]: Evaluating PUSH1 at 182
mythril.laser.ethereum.instructions [DEBUG]: Evaluating JUMPDEST at 183
mythril.laser.ethereum.instructions [DEBUG]: Evaluating SWAP3 at 184
mythril.laser.ethereum.instructions [DEBUG]: Evaluating SWAP2 at 185
mythril.laser.ethereum.instructions [DEBUG]: Evaluating POP at 186
mythril.laser.ethereum.instructions [DEBUG]: Evaluating POP at 187
mythril.laser.ethereum.instructions [DEBUG]: Evaluating JUMP at 188
mythril.laser.ethereum.instructions [DEBUG]: Evaluating JUMPDEST at 48
mythril.laser.ethereum.instructions [DEBUG]: Evaluating PUSH1 at 49
mythril.laser.ethereum.instructions [DEBUG]: Evaluating DUP1 at 50
mythril.laser.ethereum.instructions [DEBUG]: Evaluating MLOAD at 51
mythril.laser.ethereum.instructions [DEBUG]: Evaluating SWAP2 at 52
mythril.laser.ethereum.instructions [DEBUG]: Evaluating ISZERO at 53
mythril.laser.ethereum.instructions [DEBUG]: Evaluating ISZERO at 54
mythril.laser.ethereum.instructions [DEBUG]: Evaluating DUP3 at 55
mythril.laser.ethereum.instructions [DEBUG]: Evaluating MSTORE at 56
mythril.laser.ethereum.instructions [DEBUG]: Evaluating MLOAD at 57
mythril.laser.ethereum.instructions [DEBUG]: Evaluating SWAP1 at 58
mythril.laser.ethereum.instructions [DEBUG]: Evaluating DUP2 at 59
mythril.laser.ethereum.instructions [DEBUG]: Evaluating SWAP1 at 60
mythril.analysis.module.base [DEBUG]: Entering analysis module: IntegerArithmetics
mythril.analysis.module.base [DEBUG]: Exiting analysis module: IntegerArithmetics
mythril.laser.ethereum.instructions [DEBUG]: Evaluating SUB at 61
mythril.laser.ethereum.instructions [DEBUG]: Evaluating PUSH1 at 62
mythril.analysis.module.base [DEBUG]: Entering analysis module: IntegerArithmetics
mythril.analysis.module.base [DEBUG]: Exiting analysis module: IntegerArithmetics
mythril.laser.ethereum.instructions [DEBUG]: Evaluating ADD at 63
mythril.laser.ethereum.instructions [DEBUG]: Evaluating SWAP1 at 64
mythril.analysis.module.base [DEBUG]: Entering analysis module: IntegerArithmetics
mythril.analysis.module.base [DEBUG]: Exiting analysis module: IntegerArithmetics
mythril.analysis.module.base [DEBUG]: Entering analysis module: UncheckedRetval
mythril.analysis.module.base [DEBUG]: Exiting analysis module: UncheckedRetval
mythril.laser.ethereum.instructions [DEBUG]: Evaluating RETURN at 65
mythril.laser.ethereum.svm [DEBUG]: Ending transaction MessageCallTransaction 2 from sender_2 to                                        0x0.
mythril.laser.plugin.plugins.coverage.coverage_plugin [INFO]: Number of new instructions covered in tx 1: 0
mythril.laser.ethereum.svm [INFO]: Finished symbolic execution
mythril.laser.plugin.plugins.coverage.coverage_plugin [INFO]: Achieved 99.52% coverage for code: 60806040526004361061004b5763ffffffff7c010000000000000000000000000000000000000000000000000000000060003504166390b98a118114610050578063f8b2cb4f14610095575b600080fd5b34801561005c57600080fd5b5061008173ffffffffffffffffffffffffffffffffffffffff600435166024356100d5565b604080519115158252519081900360200190f35b3480156100a157600080fd5b506100c373ffffffffffffffffffffffffffffffffffffffff6004351661016e565b60408051918252519081900360200190f35b336000908152602081905260408120548211156100f457506000610168565b336000818152602081815260408083208054879003905573ffffffffffffffffffffffffffffffffffffffff871680845292819020805487019055805186815290519293927fddf252ad1be2c89b69c2b068fc378daa952ba7f163c4a11628f55a4df523b3ef929181900390910190a35060015b92915050565b73ffffffffffffffffffffffffffffffffffffffff16600090815260208190526040902054905600
mythril.laser.plugin.plugins.instruction_profiler [INFO]: Total: 6.1489386558532715 s
[ADD         ]   0.6448 %,  nr     10,  total   0.0396 s,  avg   0.0040 s,  min   0.0006 s,  max   0.0092 s
[AND         ]   0.5450 %,  nr     10,  total   0.0335 s,  avg   0.0034 s,  min   0.0005 s,  max   0.0065 s
[CALLDATALOAD]   8.4431 %,  nr      8,  total   0.5192 s,  avg   0.0649 s,  min   0.0162 s,  max   0.1357 s
[CALLDATASIZE]   0.0961 %,  nr      2,  total   0.0059 s,  avg   0.0030 s,  min   0.0013 s,  max   0.0046 s
[CALLER      ]   0.1772 %,  nr      4,  total   0.0109 s,  avg   0.0027 s,  min   0.0003 s,  max   0.0068 s
[CALLVALUE   ]   0.2464 %,  nr      4,  total   0.0152 s,  avg   0.0038 s,  min   0.0005 s,  max   0.0070 s
[DIV         ]   0.1097 %,  nr      2,  total   0.0067 s,  avg   0.0034 s,  min   0.0013 s,  max   0.0055 s
[DUP1        ]   1.4006 %,  nr     29,  total   0.0861 s,  avg   0.0030 s,  min   0.0003 s,  max   0.0074 s
[DUP2        ]   1.2905 %,  nr     32,  total   0.0794 s,  avg   0.0025 s,  min   0.0003 s,  max   0.0061 s
[DUP3        ]   0.3566 %,  nr      8,  total   0.0219 s,  avg   0.0027 s,  min   0.0003 s,  max   0.0059 s
[DUP4        ]   0.0883 %,  nr      2,  total   0.0054 s,  avg   0.0027 s,  min   0.0008 s,  max   0.0046 s
[DUP5        ]   0.0901 %,  nr      2,  total   0.0055 s,  avg   0.0028 s,  min   0.0005 s,  max   0.0051 s
[DUP7        ]   0.1120 %,  nr      2,  total   0.0069 s,  avg   0.0034 s,  min   0.0007 s,  max   0.0062 s
[DUP8        ]   0.3481 %,  nr      6,  total   0.0214 s,  avg   0.0036 s,  min   0.0005 s,  max   0.0077 s
[EQ          ]   0.2411 %,  nr      4,  total   0.0148 s,  avg   0.0037 s,  min   0.0006 s,  max   0.0087 s
[GT          ]   0.1241 %,  nr      2,  total   0.0076 s,  avg   0.0038 s,  min   0.0005 s,  max   0.0072 s
[ISZERO      ]   0.8700 %,  nr     14,  total   0.0535 s,  avg   0.0038 s,  min   0.0007 s,  max   0.0085 s
[JUMP        ]   1.0107 %,  nr     12,  total   0.0621 s,  avg   0.0052 s,  min   0.0006 s,  max   0.0120 s
[JUMPDEST    ]   1.0642 %,  nr     27,  total   0.0654 s,  avg   0.0024 s,  min   0.0003 s,  max   0.0060 s
[JUMPI       ]   1.9939 %,  nr     12,  total   0.1226 s,  avg   0.0102 s,  min   0.0012 s,  max   0.0263 s
[LOG3        ]   0.1064 %,  nr      2,  total   0.0065 s,  avg   0.0033 s,  min   0.0006 s,  max   0.0060 s
[LT          ]   0.1040 %,  nr      2,  total   0.0064 s,  avg   0.0032 s,  min   0.0008 s,  max   0.0056 s
[MLOAD       ]  19.3201 %,  nr     16,  total   1.1880 s,  avg   0.0742 s,  min   0.0087 s,  max   0.1579 s
[MSTORE      ]  30.1403 %,  nr     24,  total   1.8533 s,  avg   0.0772 s,  min   0.0092 s,  max   0.2025 s
[POP         ]   0.6864 %,  nr     16,  total   0.0422 s,  avg   0.0026 s,  min   0.0003 s,  max   0.0062 s
[PUSH1       ]   2.4457 %,  nr     55,  total   0.1504 s,  avg   0.0027 s,  min   0.0003 s,  max   0.0074 s
[PUSH2       ]   1.1119 %,  nr     22,  total   0.0684 s,  avg   0.0031 s,  min   0.0003 s,  max   0.0089 s
[PUSH20      ]   0.4141 %,  nr      8,  total   0.0255 s,  avg   0.0032 s,  min   0.0005 s,  max   0.0063 s
[PUSH29      ]   0.0748 %,  nr      2,  total   0.0046 s,  avg   0.0023 s,  min   0.0007 s,  max   0.0039 s
[PUSH32      ]   0.1054 %,  nr      2,  total   0.0065 s,  avg   0.0032 s,  min   0.0005 s,  max   0.0060 s
[PUSH4       ]   0.3600 %,  nr      6,  total   0.0221 s,  avg   0.0037 s,  min   0.0006 s,  max   0.0088 s
[SHA3        ]  21.1758 %,  nr      8,  total   1.3021 s,  avg   0.1628 s,  min   0.0186 s,  max   0.3294 s
[SLOAD       ]   0.4932 %,  nr      8,  total   0.0303 s,  avg   0.0038 s,  min   0.0007 s,  max   0.0084 s
[SSTORE      ]   0.2555 %,  nr      4,  total   0.0157 s,  avg   0.0039 s,  min   0.0008 s,  max   0.0071 s
[SUB         ]   0.5463 %,  nr     10,  total   0.0336 s,  avg   0.0034 s,  min   0.0005 s,  max   0.0065 s
[SWAP1       ]   2.1807 %,  nr     46,  total   0.1341 s,  avg   0.0029 s,  min   0.0003 s,  max   0.0078 s
[SWAP2       ]   0.5864 %,  nr     14,  total   0.0361 s,  avg   0.0026 s,  min   0.0003 s,  max   0.0062 s
[SWAP3       ]   0.5400 %,  nr     12,  total   0.0332 s,  avg   0.0028 s,  min   0.0003 s,  max   0.0068 s
[SWAP4       ]   0.1004 %,  nr      2,  total   0.0062 s,  avg   0.0031 s,  min   0.0006 s,  max   0.0056 s

mythril.analysis.security [INFO]: Starting analysis
mythril.analysis.security [DEBUG]: Retrieving results for Caller can write to arbitrary storage locations
mythril.analysis.security [DEBUG]: Retrieving results for Delegatecall to a user-specified address
mythril.analysis.security [DEBUG]: Retrieving results for Control flow depends on tx.origin
mythril.analysis.security [DEBUG]: Retrieving results for Any sender can withdraw ETH from the contract account
mythril.analysis.security [DEBUG]: Retrieving results for Integer overflow or underflow
mythril.analysis.security [DEBUG]: Retrieving results for State change after an external call
mythril.analysis.security [DEBUG]: Retrieving results for Contract can be accidentally killed by anyone
mythril.analysis.security [DEBUG]: Retrieving results for Return value of an external call is not checked
mythril.mythril.mythril_analyzer [INFO]: Solver statistics: 
Query count: 48 
Solver time: 11.254927158355713
{"error": null, "issues": [], "success": true}
