 ______     __         __  __     ______     __     __  __     __    __    
/\  ___\   /\ \       /\ \_\ \   /\  ___\   /\ \   /\ \/\ \   /\ "-./  \   
\ \  __\   \ \ \____  \ \____ \  \ \___  \  \ \ \  \ \ \_\ \  \ \ \-./\ \  
 \ \_____\  \ \_____\  \/\_____\  \/\_____\  \ \_\  \ \_____\  \ \_\ \ \_\ 
  \/_____/   \/_____/   \/_____/   \/_____/   \/_/   \/_____/   \/_/  \/_/ 
                                                                           
Compiling source code...
Retrieving bytecode for contract 'PoCGame'.
Please wait. Scanning bytecode for bugs...
Running Osiris...
Finished running Osiris. Execution time 7.978487014770508 seconds. Code coverage 82.8%.
Running Oyente...
Finished running Oyente. Execution time 2.6554176807403564 seconds. Code coverage 80.8%.
Running Mythril...
Finished running Mythril. Execution time 14.631538152694702 seconds. Code coverage 35.25%.
Detected 1 bug(s):
--> Detected 'overflow' (ADD) bug at program counter address 1890 (0x762) using Osiris with a code coverage of 82.8%.
Exporting original control-flow graph...
Recovering control-flow graph...
Recovered 100% of the control-flow graph
Number of execution paths accessing storage: 19
Deployment bytecode size: 134 bytes (original: 134 bytes) 0.0% increase.
Runtime bytecode size: 2021 bytes (original: 1974 bytes) 2.380952380952381% increase.
Metadata: 0xa165627a7a7230582096bfd6a12595f4ead5f8a7436071c83f7915dc84e29d4e1fbcb4fbf6a814de950029
Exporting patched control-flow graph...
