 ______     __         __  __     ______     __     __  __     __    __    
/\  ___\   /\ \       /\ \_\ \   /\  ___\   /\ \   /\ \/\ \   /\ "-./  \   
\ \  __\   \ \ \____  \ \____ \  \ \___  \  \ \ \  \ \ \_\ \  \ \ \-./\ \  
 \ \_____\  \ \_____\  \/\_____\  \/\_____\  \ \_\  \ \_____\  \ \_\ \ \_\ 
  \/_____/   \/_____/   \/_____/   \/_____/   \/_/   \/_____/   \/_/  \/_/ 
                                                                           
Compiling source code...
Retrieving bytecode for contract 'Proxy'.
Please wait. Scanning bytecode for bugs...
Running Osiris...
Finished running Osiris. Execution time 22.92891502380371 seconds. Code coverage 99.6%.
Running Oyente...
Finished running Oyente. Execution time 1.2695918083190918 seconds. Code coverage 34.6%.
Running Mythril...
Finished running Mythril. Execution time 123.71714878082275 seconds. Code coverage 94.72%.
Detected 1 bug(s):
--> Detected 'unhandled exception' bug at program counter address 449 (0x1c1) using Mythril with a code coverage of 94.72%.
Exporting original control-flow graph...
Recovering control-flow graph...
Recovered 100% of the control-flow graph
Number of execution paths accessing storage: 2
Deployment bytecode size: 50 bytes (original: 50 bytes) 0.0% increase.
Runtime bytecode size: 470 bytes (original: 458 bytes) 2.6200873362445414% increase.
Metadata: 0xa165627a7a72305820b28b7bdde69af6969657c25d05ae93f944b410a48c4b19a4ce549d1b698c6f9a0029
Exporting patched control-flow graph...
