 ______     __         __  __     ______     __     __  __     __    __    
/\  ___\   /\ \       /\ \_\ \   /\  ___\   /\ \   /\ \/\ \   /\ "-./  \   
\ \  __\   \ \ \____  \ \____ \  \ \___  \  \ \ \  \ \ \_\ \  \ \ \-./\ \  
 \ \_____\  \ \_____\  \/\_____\  \/\_____\  \ \_\  \ \_____\  \ \_\ \ \_\ 
  \/_____/   \/_____/   \/_____/   \/_____/   \/_/   \/_____/   \/_/  \/_/ 
                                                                           
Compiling source code...
Retrieving bytecode for contract 'Reentrancy_cross_function'.
Please wait. Scanning bytecode for bugs...
Running Osiris...
Finished running Osiris. Execution time 1.0681066513061523 seconds. Code coverage 99.5%.
Running Oyente...
Finished running Oyente. Execution time 1.8721246719360352 seconds. Code coverage 97.8%.
Running Mythril...
Finished running Mythril. Execution time 9.119672298431396 seconds. Code coverage 99.46%.
Detected 2 bug(s):
--> Detected 'reentrancy' bug at program counter address 188 (0xbc) using Oyente with a code coverage of 97.8%.
--> Detected 'overflow' (ADD) bug at program counter address 290 (0x122) using Osiris with a code coverage of 99.5%.
Exporting original control-flow graph...
Recovering control-flow graph...
Recovered 100% of the control-flow graph
Number of execution paths accessing storage: 4
Deployment bytecode size: 32 bytes (original: 32 bytes) 0.0% increase.
Runtime bytecode size: 408 bytes (original: 310 bytes) 31.612903225806452% increase.
Metadata: 0xa165627a7a72305820482aa69b8c45e06c820269d01ac65db7da2ee47d868fdeae4097ca47ee731d280029
Exporting patched control-flow graph...
