 ______     __         __  __     ______     __     __  __     __    __    
/\  ___\   /\ \       /\ \_\ \   /\  ___\   /\ \   /\ \/\ \   /\ "-./  \   
\ \  __\   \ \ \____  \ \____ \  \ \___  \  \ \ \  \ \ \_\ \  \ \ \-./\ \  
 \ \_____\  \ \_____\  \/\_____\  \/\_____\  \ \_\  \ \_____\  \ \_\ \ \_\ 
  \/_____/   \/_____/   \/_____/   \/_____/   \/_/   \/_____/   \/_/  \/_/ 
                                                                           
Compiling source code...
Retrieving bytecode for contract 'TownCrier'.
Please wait. Scanning bytecode for bugs...
Running Osiris...
Finished running Osiris. Execution time 176.87598156929016 seconds. Code coverage 94.1%.
Running Oyente...
Finished running Oyente. Execution time 4.507711172103882 seconds. Code coverage 67.1%.
Running Mythril...
Finished running Mythril. Execution time 9.431072235107422 seconds. Code coverage 46.44%.
Detected 8 bug(s):
--> Detected 'underflow' (SUB) bug at program counter address 1157 (0x485) using Osiris with a code coverage of 94.1%.
--> Detected 'reentrancy' bug at program counter address 1415 (0x587) using Oyente with a code coverage of 67.1%.
--> Detected 'overflow' (ADD) bug at program counter address 1944 (0x798) using Osiris with a code coverage of 94.1%.
--> Detected 'underflow' (SUB) bug at program counter address 2117 (0x845) using Osiris with a code coverage of 94.1%.
--> Detected 'underflow' (SUB) bug at program counter address 2739 (0xab3) using Osiris with a code coverage of 94.1%.
--> Detected 'overflow' (MUL) bug at program counter address 4257 (0x10a1) using Osiris with a code coverage of 94.1%.
--> Detected 'overflow' (MUL) bug at program counter address 4360 (0x1108) using Osiris with a code coverage of 94.1%.
--> Detected 'overflow' (MUL) bug at program counter address 4368 (0x1110) using Osiris with a code coverage of 94.1%.
Exporting original control-flow graph...
Recovering control-flow graph...
Recovered 100% of the control-flow graph
Number of execution paths accessing storage: 39
Deployment bytecode size: 137 bytes (original: 137 bytes) 0.0% increase.
Runtime bytecode size: 4697 bytes (original: 4498 bytes) 4.4241885282347715% increase.
Metadata: 0xa165627a7a723058206a2c27dea6eaea2fb7f11beef8f56b8fa192f219cd0a09d986d8f80b0c89bee50029
Exporting patched control-flow graph...
