 ______     __         __  __     ______     __     __  __     __    __    
/\  ___\   /\ \       /\ \_\ \   /\  ___\   /\ \   /\ \/\ \   /\ "-./  \   
\ \  __\   \ \ \____  \ \____ \  \ \___  \  \ \ \  \ \ \_\ \  \ \ \-./\ \  
 \ \_____\  \ \_____\  \/\_____\  \/\_____\  \ \_\  \ \_____\  \ \_\ \ \_\ 
  \/_____/   \/_____/   \/_____/   \/_____/   \/_/   \/_____/   \/_/  \/_/ 
                                                                           
Compiling source code...
Retrieving bytecode for contract 'TownCrier'.
Please wait. Scanning bytecode for bugs...
Running Osiris...
Finished running Osiris. Execution time 159.95736861228943 seconds. Code coverage 88.3%.
Running Oyente...
Finished running Oyente. Execution time 4.995427370071411 seconds. Code coverage 65.9%.
Running Mythril...
Finished running Mythril. Execution time 9.9711172580719 seconds. Code coverage 43.96%.
Detected 8 bug(s):
--> Detected 'underflow' (SUB) bug at program counter address 1372 (0x55c) using Osiris with a code coverage of 88.3%.
--> Detected 'reentrancy' bug at program counter address 1692 (0x69c) using Oyente with a code coverage of 65.9%.
--> Detected 'overflow' (ADD) bug at program counter address 2119 (0x847) using Osiris with a code coverage of 88.3%.
--> Detected 'underflow' (SUB) bug at program counter address 2428 (0x97c) using Osiris with a code coverage of 88.3%.
--> Detected 'underflow' (SUB) bug at program counter address 3046 (0xbe6) using Osiris with a code coverage of 88.3%.
--> Detected 'overflow' (MUL) bug at program counter address 4606 (0x11fe) using Osiris with a code coverage of 88.3%.
--> Detected 'overflow' (MUL) bug at program counter address 4724 (0x1274) using Osiris with a code coverage of 88.3%.
--> Detected 'overflow' (MUL) bug at program counter address 4732 (0x127c) using Osiris with a code coverage of 88.3%.
Exporting original control-flow graph...
Recovering control-flow graph...
Recovered 92% of the control-flow graph
Number of execution paths accessing storage: 38
Deployment bytecode size: 168 bytes (original: 168 bytes) 0.0% increase.
Runtime bytecode size: 5090 bytes (original: 4891 bytes) 4.068697607851155% increase.
Metadata: 0xa165627a7a723058200637677dcb602adcb89af2d6e3c487efc571f6a83534987cca1e240e32dab4490029
Exporting patched control-flow graph...
