 ______     __         __  __     ______     __     __  __     __    __    
/\  ___\   /\ \       /\ \_\ \   /\  ___\   /\ \   /\ \/\ \   /\ "-./  \   
\ \  __\   \ \ \____  \ \____ \  \ \___  \  \ \ \  \ \ \_\ \  \ \ \-./\ \  
 \ \_____\  \ \_____\  \/\_____\  \/\_____\  \ \_\  \ \_____\  \ \_\ \ \_\ 
  \/_____/   \/_____/   \/_____/   \/_____/   \/_/   \/_____/   \/_/  \/_/ 
                                                                           
Compiling source code...
Retrieving bytecode for contract 'Government'.
Please wait. Scanning bytecode for bugs...
Running Osiris...
Finished running Osiris. Execution time 112.97390532493591 seconds. Code coverage 62.8%.
Running Oyente...
Finished running Oyente. Execution time 5.215301990509033 seconds. Code coverage 43.9%.
Running Mythril...
Finished running Mythril. Execution time 78.55134057998657 seconds. Code coverage 35.68%.
Detected 4 bug(s):
--> Detected 'overflow' (ADD) bug at program counter address 931 (0x3a3) using Osiris with a code coverage of 62.8%.
--> Detected 'unhandled exception' bug at program counter address 2009 (0x7d9) using Mythril with a code coverage of 35.68%.
--> Detected 'overflow' (MUL) bug at program counter address 2417 (0x971) using Osiris with a code coverage of 62.8%.
--> Detected 'overflow' (ADD) bug at program counter address 2419 (0x973) using Osiris with a code coverage of 62.8%.
Exporting original control-flow graph...
Recovering control-flow graph...
Recovered 88% of the control-flow graph
Number of execution paths accessing storage: 49
Deployment bytecode size: 68 bytes (original: 68 bytes) 0.0% increase.
Runtime bytecode size: 3114 bytes (original: 2979 bytes) 4.531722054380665% increase.
Metadata: 0xa165627a7a723058200277627a34a26ad0adbe5c392e69820a92a80a109e5b035fad4efa31c7b7ced40029
Exporting patched control-flow graph...
