Getting Slither report...
Switched global version to 0.4.26



'solc --version' running
'solc ../smartbugs-curated/dataset/unchecked_low_level_calls/0xb0510d68f210b7db66e8c7c814f22680f2b8d1d6.sol --combined-json abi,ast,bin,bin-runtime,srcmap,srcmap-runtime,userdoc,devdoc,hashes,compact-format --allow-paths .,/home/mokita/sc_study/temp/smartbugs-curated/dataset/unchecked_low_level_calls' running
Compilation warnings/errors on ../smartbugs-curated/dataset/unchecked_low_level_calls/0xb0510d68f210b7db66e8c7c814f22680f2b8d1d6.sol:
../smartbugs-curated/dataset/unchecked_low_level_calls/0xb0510d68f210b7db66e8c7c814f22680f2b8d1d6.sol:8:1: Warning: Source file does not specify required compiler version!Consider adding "pragma solidity ^0.4.26;"
contract Splitter{
^ (Relevant source part starts here and spans across multiple lines).
../smartbugs-curated/dataset/unchecked_low_level_calls/0xb0510d68f210b7db66e8c7c814f22680f2b8d1d6.sol:47:38: Warning: This declaration shadows an existing declaration.
	function newPuppet() public returns(address newPuppet){
	                                    ^---------------^
../smartbugs-curated/dataset/unchecked_low_level_calls/0xb0510d68f210b7db66e8c7c814f22680f2b8d1d6.sol:47:2: The shadowed declaration is here:
	function newPuppet() public returns(address newPuppet){
 ^ (Relevant source part starts here and spans across multiple lines).

../smartbugs-curated/dataset/unchecked_low_level_calls/0xb0510d68f210b7db66e8c7c814f22680f2b8d1d6.sol:68:9: Warning: Return value of low-level calls not used.
        extra[0].call.value(_share).gas(800000)();
        ^---------------------------------------^
../smartbugs-curated/dataset/unchecked_low_level_calls/0xb0510d68f210b7db66e8c7c814f22680f2b8d1d6.sol:70:9: Warning: Return value of low-level calls not used.
        extra[1].call.value(_share).gas(800000)();
        ^---------------------------------------^
../smartbugs-curated/dataset/unchecked_low_level_calls/0xb0510d68f210b7db66e8c7c814f22680f2b8d1d6.sol:72:9: Warning: Return value of low-level calls not used.
        extra[2].call.value(_share).gas(800000)();
        ^---------------------------------------^
../smartbugs-curated/dataset/unchecked_low_level_calls/0xb0510d68f210b7db66e8c7c814f22680f2b8d1d6.sol:74:9: Warning: Return value of low-level calls not used.
        extra[3].call.value(_share).gas(800000)();
        ^---------------------------------------^
../smartbugs-curated/dataset/unchecked_low_level_calls/0xb0510d68f210b7db66e8c7c814f22680f2b8d1d6.sol:101:4: Warning: Return value of low-level calls not used.
			target[0].call.value(msg.value).gas(600000)();
			^-------------------------------------------^


Splitter.fundPuppets() (../smartbugs-curated/dataset/unchecked_low_level_calls/0xb0510d68f210b7db66e8c7c814f22680f2b8d1d6.sol#64-75) ignores return value by extra[0].call.value(_share).gas(800000)() (../smartbugs-curated/dataset/unchecked_low_level_calls/0xb0510d68f210b7db66e8c7c814f22680f2b8d1d6.sol#68)
Splitter.fundPuppets() (../smartbugs-curated/dataset/unchecked_low_level_calls/0xb0510d68f210b7db66e8c7c814f22680f2b8d1d6.sol#64-75) ignores return value by extra[1].call.value(_share).gas(800000)() (../smartbugs-curated/dataset/unchecked_low_level_calls/0xb0510d68f210b7db66e8c7c814f22680f2b8d1d6.sol#70)
Splitter.fundPuppets() (../smartbugs-curated/dataset/unchecked_low_level_calls/0xb0510d68f210b7db66e8c7c814f22680f2b8d1d6.sol#64-75) ignores return value by extra[2].call.value(_share).gas(800000)() (../smartbugs-curated/dataset/unchecked_low_level_calls/0xb0510d68f210b7db66e8c7c814f22680f2b8d1d6.sol#72)
Splitter.fundPuppets() (../smartbugs-curated/dataset/unchecked_low_level_calls/0xb0510d68f210b7db66e8c7c814f22680f2b8d1d6.sol#64-75) ignores return value by extra[3].call.value(_share).gas(800000)() (../smartbugs-curated/dataset/unchecked_low_level_calls/0xb0510d68f210b7db66e8c7c814f22680f2b8d1d6.sol#74)
Puppet.fallback() (../smartbugs-curated/dataset/unchecked_low_level_calls/0xb0510d68f210b7db66e8c7c814f22680f2b8d1d6.sol#98-103) ignores return value by target[0].call.value(msg.value).gas(600000)() (../smartbugs-curated/dataset/unchecked_low_level_calls/0xb0510d68f210b7db66e8c7c814f22680f2b8d1d6.sol#101)
Reference: https://github.com/crytic/slither/wiki/Detector-Documentation#unchecked-low-level-calls

Splitter.newPuppet().newPuppet (../smartbugs-curated/dataset/unchecked_low_level_calls/0xb0510d68f210b7db66e8c7c814f22680f2b8d1d6.sol#47) shadows:
	- Splitter.newPuppet() (../smartbugs-curated/dataset/unchecked_low_level_calls/0xb0510d68f210b7db66e8c7c814f22680f2b8d1d6.sol#47-52) (function)
Reference: https://github.com/crytic/slither/wiki/Detector-Documentation#local-variable-shadowing

Splitter.fundPuppets() (../smartbugs-curated/dataset/unchecked_low_level_calls/0xb0510d68f210b7db66e8c7c814f22680f2b8d1d6.sol#64-75) tries to limit the gas of an external call that controls implicit decoding
	extra[0].call.value(_share).gas(800000)() (../smartbugs-curated/dataset/unchecked_low_level_calls/0xb0510d68f210b7db66e8c7c814f22680f2b8d1d6.sol#68)
	extra[1].call.value(_share).gas(800000)() (../smartbugs-curated/dataset/unchecked_low_level_calls/0xb0510d68f210b7db66e8c7c814f22680f2b8d1d6.sol#70)
	extra[2].call.value(_share).gas(800000)() (../smartbugs-curated/dataset/unchecked_low_level_calls/0xb0510d68f210b7db66e8c7c814f22680f2b8d1d6.sol#72)
	extra[3].call.value(_share).gas(800000)() (../smartbugs-curated/dataset/unchecked_low_level_calls/0xb0510d68f210b7db66e8c7c814f22680f2b8d1d6.sol#74)
Reference: https://github.com/crytic/slither/wiki/Detector-Documentation#return-bomb

SafeMath.add(uint256,uint256) (../smartbugs-curated/dataset/unchecked_low_level_calls/0xb0510d68f210b7db66e8c7c814f22680f2b8d1d6.sol#135-139) is never used and should be removed
SafeMath.mul(uint256,uint256) (../smartbugs-curated/dataset/unchecked_low_level_calls/0xb0510d68f210b7db66e8c7c814f22680f2b8d1d6.sol#117-124) is never used and should be removed
SafeMath.sub(uint256,uint256) (../smartbugs-curated/dataset/unchecked_low_level_calls/0xb0510d68f210b7db66e8c7c814f22680f2b8d1d6.sol#130-133) is never used and should be removed
Reference: https://github.com/crytic/slither/wiki/Detector-Documentation#dead-code

solc-0.4.26 is an outdated solc version. Use a more recent version (at least 0.8.0), if possible.
Reference: https://github.com/crytic/slither/wiki/Detector-Documentation#incorrect-versions-of-solidity

Low level call in Splitter.fundPuppets() (../smartbugs-curated/dataset/unchecked_low_level_calls/0xb0510d68f210b7db66e8c7c814f22680f2b8d1d6.sol#64-75):
	- extra[0].call.value(_share).gas(800000)() (../smartbugs-curated/dataset/unchecked_low_level_calls/0xb0510d68f210b7db66e8c7c814f22680f2b8d1d6.sol#68)
	- extra[1].call.value(_share).gas(800000)() (../smartbugs-curated/dataset/unchecked_low_level_calls/0xb0510d68f210b7db66e8c7c814f22680f2b8d1d6.sol#70)
	- extra[2].call.value(_share).gas(800000)() (../smartbugs-curated/dataset/unchecked_low_level_calls/0xb0510d68f210b7db66e8c7c814f22680f2b8d1d6.sol#72)
	- extra[3].call.value(_share).gas(800000)() (../smartbugs-curated/dataset/unchecked_low_level_calls/0xb0510d68f210b7db66e8c7c814f22680f2b8d1d6.sol#74)
Low level call in Puppet.fallback() (../smartbugs-curated/dataset/unchecked_low_level_calls/0xb0510d68f210b7db66e8c7c814f22680f2b8d1d6.sol#98-103):
	- target[0].call.value(msg.value).gas(600000)() (../smartbugs-curated/dataset/unchecked_low_level_calls/0xb0510d68f210b7db66e8c7c814f22680f2b8d1d6.sol#101)
Reference: https://github.com/crytic/slither/wiki/Detector-Documentation#low-level-calls

Parameter Splitter.setExtra(uint256,address)._id (../smartbugs-curated/dataset/unchecked_low_level_calls/0xb0510d68f210b7db66e8c7c814f22680f2b8d1d6.sol#56) is not in mixedCase
Parameter Splitter.setExtra(uint256,address)._newExtra (../smartbugs-curated/dataset/unchecked_low_level_calls/0xb0510d68f210b7db66e8c7c814f22680f2b8d1d6.sol#56) is not in mixedCase
Reference: https://github.com/crytic/slither/wiki/Detector-Documentation#conformance-to-solidity-naming-conventions

Splitter.fundPuppets() (../smartbugs-curated/dataset/unchecked_low_level_calls/0xb0510d68f210b7db66e8c7c814f22680f2b8d1d6.sol#64-75) uses literals with too many digits:
	- extra[0].call.value(_share).gas(800000)() (../smartbugs-curated/dataset/unchecked_low_level_calls/0xb0510d68f210b7db66e8c7c814f22680f2b8d1d6.sol#68)
Splitter.fundPuppets() (../smartbugs-curated/dataset/unchecked_low_level_calls/0xb0510d68f210b7db66e8c7c814f22680f2b8d1d6.sol#64-75) uses literals with too many digits:
	- extra[1].call.value(_share).gas(800000)() (../smartbugs-curated/dataset/unchecked_low_level_calls/0xb0510d68f210b7db66e8c7c814f22680f2b8d1d6.sol#70)
Splitter.fundPuppets() (../smartbugs-curated/dataset/unchecked_low_level_calls/0xb0510d68f210b7db66e8c7c814f22680f2b8d1d6.sol#64-75) uses literals with too many digits:
	- extra[2].call.value(_share).gas(800000)() (../smartbugs-curated/dataset/unchecked_low_level_calls/0xb0510d68f210b7db66e8c7c814f22680f2b8d1d6.sol#72)
Splitter.fundPuppets() (../smartbugs-curated/dataset/unchecked_low_level_calls/0xb0510d68f210b7db66e8c7c814f22680f2b8d1d6.sol#64-75) uses literals with too many digits:
	- extra[3].call.value(_share).gas(800000)() (../smartbugs-curated/dataset/unchecked_low_level_calls/0xb0510d68f210b7db66e8c7c814f22680f2b8d1d6.sol#74)
Puppet.fallback() (../smartbugs-curated/dataset/unchecked_low_level_calls/0xb0510d68f210b7db66e8c7c814f22680f2b8d1d6.sol#98-103) uses literals with too many digits:
	- target[0].call.value(msg.value).gas(600000)() (../smartbugs-curated/dataset/unchecked_low_level_calls/0xb0510d68f210b7db66e8c7c814f22680f2b8d1d6.sol#101)
Reference: https://github.com/crytic/slither/wiki/Detector-Documentation#too-many-digits

Splitter._addy (../smartbugs-curated/dataset/unchecked_low_level_calls/0xb0510d68f210b7db66e8c7c814f22680f2b8d1d6.sol#13) is never used in Splitter (../smartbugs-curated/dataset/unchecked_low_level_calls/0xb0510d68f210b7db66e8c7c814f22680f2b8d1d6.sol#8-81)
Splitter._count (../smartbugs-curated/dataset/unchecked_low_level_calls/0xb0510d68f210b7db66e8c7c814f22680f2b8d1d6.sol#15) is never used in Splitter (../smartbugs-curated/dataset/unchecked_low_level_calls/0xb0510d68f210b7db66e8c7c814f22680f2b8d1d6.sol#8-81)
Reference: https://github.com/crytic/slither/wiki/Detector-Documentation#unused-state-variable

Splitter._addy (../smartbugs-curated/dataset/unchecked_low_level_calls/0xb0510d68f210b7db66e8c7c814f22680f2b8d1d6.sol#13) should be constant 
Splitter._count (../smartbugs-curated/dataset/unchecked_low_level_calls/0xb0510d68f210b7db66e8c7c814f22680f2b8d1d6.sol#15) should be constant 
Reference: https://github.com/crytic/slither/wiki/Detector-Documentation#state-variables-that-could-be-declared-constant
../smartbugs-curated/dataset/unchecked_low_level_calls/0xb0510d68f210b7db66e8c7c814f22680f2b8d1d6.sol analyzed (3 contracts with 95 detectors), 24 result(s) found

Error running slither
0xb0510d68f210b7db66e8c7c814f22680f2b8d1d6.sol
Getting Solidity AST...
Running TIPS...
0xb0510d68f210b7db66e8c7c814f22680f2b8d1d6.sol
0.027017831802368164


