 ______     __         __  __     ______     __     __  __     __    __    
/\  ___\   /\ \       /\ \_\ \   /\  ___\   /\ \   /\ \/\ \   /\ "-./  \   
\ \  __\   \ \ \____  \ \____ \  \ \___  \  \ \ \  \ \ \_\ \  \ \ \-./\ \  
 \ \_____\  \ \_____\  \/\_____\  \/\_____\  \ \_\  \ \_____\  \ \_\ \ \_\ 
  \/_____/   \/_____/   \/_____/   \/_____/   \/_/   \/_____/   \/_/  \/_/ 
                                                                           
Compiling source code...
Retrieving bytecode for contract 'Reentrancy_bonus'.
Please wait. Scanning bytecode for bugs...
Running Osiris...
Finished running Osiris. Execution time 0.645777702331543 seconds. Code coverage 99.5%.
Running Oyente...
Finished running Oyente. Execution time 0.935945987701416 seconds. Code coverage 98.0%.
Running Mythril...
Finished running Mythril. Execution time 15.25206208229065 seconds. Code coverage 99.5%.
Detected 3 bug(s):
--> Detected 'overflow' (ADD) bug at program counter address 267 (0x10b) using Osiris with a code coverage of 99.5%.
--> Detected 'reentrancy' bug at program counter address 395 (0x18b) using Oyente with a code coverage of 98.0%.
--> Detected 'leaking ether' bug at program counter address 395 (0x18b) using Mythril with a code coverage of 99.5%.
Exporting original control-flow graph...
Recovering control-flow graph...
Recovered 100% of the control-flow graph
Number of execution paths accessing storage: 5
Runtime bytecode size: 554 bytes (original: 419 bytes) 32.21957040572792% increase.
Metadata: 0xa165627a7a72305820a3268435fe139a4c5c30de6e8105fd5ccdccda002c28797d5ad0b4d7a171c60f0029
Exporting patched control-flow graph...
