smartbugs/dataset/arithmetic/BECToken.sol:171:3: Warning: Defining constructors as functions with the same name as the contract is deprecated. Use "constructor(...) { ... }" instead.
  function Ownable() {
  ^ (Relevant source part starts here and spans across multiple lines).
smartbugs/dataset/arithmetic/BECToken.sol:297:5: Warning: Defining constructors as functions with the same name as the contract is deprecated. Use "constructor(...) { ... }" instead.
    function BecToken() {
    ^ (Relevant source part starts here and spans across multiple lines).
smartbugs/dataset/arithmetic/BECToken.sol:72:5: Warning: Invoking events without "emit" prefix is deprecated.
    Transfer(msg.sender, _to, _value);
    ^-------------------------------^
smartbugs/dataset/arithmetic/BECToken.sol:124:5: Warning: Invoking events without "emit" prefix is deprecated.
    Transfer(_from, _to, _value);
    ^--------------------------^
smartbugs/dataset/arithmetic/BECToken.sol:140:5: Warning: Invoking events without "emit" prefix is deprecated.
    Approval(msg.sender, _spender, _value);
    ^------------------------------------^
smartbugs/dataset/arithmetic/BECToken.sol:191:5: Warning: Invoking events without "emit" prefix is deprecated.
    OwnershipTransferred(owner, newOwner);
    ^-----------------------------------^
smartbugs/dataset/arithmetic/BECToken.sol:229:5: Warning: Invoking events without "emit" prefix is deprecated.
    Pause();
    ^-----^
smartbugs/dataset/arithmetic/BECToken.sol:237:5: Warning: Invoking events without "emit" prefix is deprecated.
    Unpause();
    ^-------^
smartbugs/dataset/arithmetic/BECToken.sol:271:9: Warning: Invoking events without "emit" prefix is deprecated.
        Transfer(msg.sender, _receivers[i], _value);
        ^-----------------------------------------^
smartbugs/dataset/arithmetic/BECToken.sol:171:3: Warning: No visibility specified. Defaulting to "public". 
  function Ownable() {
  ^ (Relevant source part starts here and spans across multiple lines).
smartbugs/dataset/arithmetic/BECToken.sol:297:5: Warning: No visibility specified. Defaulting to "public". 
    function BecToken() {
    ^ (Relevant source part starts here and spans across multiple lines).
smartbugs/dataset/arithmetic/BECToken.sol:302:5: Warning: No visibility specified. Defaulting to "public". 
    function () {
    ^ (Relevant source part starts here and spans across multiple lines).
smartbugs/dataset/arithmetic/BECToken.sol:14:3: Warning: Function state mutability can be restricted to pure
  function mul(uint256 a, uint256 b) internal constant returns (uint256) {
  ^ (Relevant source part starts here and spans across multiple lines).
smartbugs/dataset/arithmetic/BECToken.sol:20:3: Warning: Function state mutability can be restricted to pure
  function div(uint256 a, uint256 b) internal constant returns (uint256) {
  ^ (Relevant source part starts here and spans across multiple lines).
smartbugs/dataset/arithmetic/BECToken.sol:27:3: Warning: Function state mutability can be restricted to pure
  function sub(uint256 a, uint256 b) internal constant returns (uint256) {
  ^ (Relevant source part starts here and spans across multiple lines).
smartbugs/dataset/arithmetic/BECToken.sol:32:3: Warning: Function state mutability can be restricted to pure
  function add(uint256 a, uint256 b) internal constant returns (uint256) {
  ^ (Relevant source part starts here and spans across multiple lines).
