 ______     __         __  __     ______     __     __  __     __    __    
/\  ___\   /\ \       /\ \_\ \   /\  ___\   /\ \   /\ \/\ \   /\ "-./  \   
\ \  __\   \ \ \____  \ \____ \  \ \___  \  \ \ \  \ \ \_\ \  \ \ \-./\ \  
 \ \_____\  \ \_____\  \/\_____\  \/\_____\  \ \_\  \ \_____\  \ \_\ \ \_\ 
  \/_____/   \/_____/   \/_____/   \/_____/   \/_/   \/_____/   \/_/  \/_/ 
                                                                           
Compiling source code...
Retrieving bytecode for contract 'MONEY_BOX'.
Please wait. Scanning bytecode for bugs...
Running Osiris...
Finished running Osiris. Execution time 3.372521162033081 seconds. Code coverage 99.8%.
Running Oyente...
Finished running Oyente. Execution time 2.6313788890838623 seconds. Code coverage 70.2%.
Running Mythril...
Finished running Mythril. Execution time 122.89960646629333 seconds. Code coverage 98.8%.
Detected 3 bug(s):
--> Detected 'overflow' (ADD) bug at program counter address 342 (0x156) using Osiris with a code coverage of 99.8%.
--> Detected 'overflow' (ADD) bug at program counter address 351 (0x15f) using Osiris with a code coverage of 99.8%.
--> Detected 'underflow' (SUB) bug at program counter address 719 (0x2cf) using Osiris with a code coverage of 99.8%.
Exporting original control-flow graph...
Recovering control-flow graph...
Recovered 100% of the control-flow graph
Number of execution paths accessing storage: 17
Deployment bytecode size: 30 bytes (original: 30 bytes) 0.0% increase.
Runtime bytecode size: 1102 bytes (original: 995 bytes) 10.753768844221106% increase.
Metadata: 0xa165627a7a72305820bae3399ba60a5c9e8f6e99a08aa11141b58057953df5957dec717d8999c51f110029
Exporting patched control-flow graph...
