 ______     __         __  __     ______     __     __  __     __    __    
/\  ___\   /\ \       /\ \_\ \   /\  ___\   /\ \   /\ \/\ \   /\ "-./  \   
\ \  __\   \ \ \____  \ \____ \  \ \___  \  \ \ \  \ \ \_\ \  \ \ \-./\ \  
 \ \_____\  \ \_____\  \/\_____\  \/\_____\  \ \_\  \ \_____\  \ \_\ \ \_\ 
  \/_____/   \/_____/   \/_____/   \/_____/   \/_/   \/_____/   \/_/  \/_/ 
                                                                           
Compiling source code...
Retrieving bytecode for contract 'IntegerOverflowAdd'.
Please wait. Scanning bytecode for bugs...
Running Osiris...
Finished running Osiris. Execution time 1.0052144527435303 seconds. Code coverage 99.4%.
Running Oyente...
Finished running Oyente. Execution time 1.680413007736206 seconds. Code coverage 99.4%.
Running Mythril...
Finished running Mythril. Execution time 5.899540424346924 seconds. Code coverage 99.35%.
Detected 1 bug(s):
--> Detected 'overflow' (ADD) bug at program counter address 308 (0x134) using Osiris with a code coverage of 99.4%.
Exporting original control-flow graph...
Recovering control-flow graph...
Recovered 100% of the control-flow graph
Number of execution paths accessing storage: 3
Deployment bytecode size: 31 bytes (original: 31 bytes) 0.0% increase.
Runtime bytecode size: 363 bytes (original: 316 bytes) 14.873417721518987% increase.
Metadata: 0xa165627a7a7230582019fd0fdbb352da43b58cd2159efa5425eb149880081b5efbbf81fff2f921a6350029
Exporting patched control-flow graph...
