Compilation warnings/errors on smartbugs/dataset/access_control/parity_wallet_bug_2.sol:
smartbugs/dataset/access_control/parity_wallet_bug_2.sol:131:5: Warning: Use of the "var" keyword is deprecated.
    var pending = m_pending[_operation];
    ^---------^
smartbugs/dataset/access_control/parity_wallet_bug_2.sol:195:5: Warning: Use of the "var" keyword is deprecated.
    var pending = m_pending[_operation];
    ^---------^
smartbugs/dataset/access_control/parity_wallet_bug_2.sol:221:54: Warning: "throw" is deprecated in favour of "revert()", "require()" and "assert()".
  modifier only_uninitialized { if (m_numOwners > 0) throw; _; }
                                                     ^---^
smartbugs/dataset/access_control/parity_wallet_bug_2.sol:250:11: Warning: "throw" is deprecated in favour of "revert()", "require()" and "assert()".
          throw;
          ^---^
smartbugs/dataset/access_control/parity_wallet_bug_2.sol:286:11: Warning: "throw" is deprecated in favour of "revert()", "require()" and "assert()".
          throw;
          ^---^
smartbugs/dataset/access_control/parity_wallet_bug_2.sol:303:5: Warning: Use of the "var" keyword is deprecated.
    var pending = m_pending[_operation];
    ^---------^
smartbugs/dataset/access_control/parity_wallet_bug_2.sol:108:7: Warning: Invoking events without "emit" prefix is deprecated.
      Deposit(msg.sender, msg.value);
      ^----------------------------^
smartbugs/dataset/access_control/parity_wallet_bug_2.sol:135:7: Warning: Invoking events without "emit" prefix is deprecated.
      Revoke(msg.sender, _operation);
      ^----------------------------^
smartbugs/dataset/access_control/parity_wallet_bug_2.sol:140:67: Warning: "sha3" has been deprecated in favour of "keccak256"
  function changeOwner(address _from, address _to) onlymanyowners(sha3(msg.data)) external {
                                                                  ^------------^
smartbugs/dataset/access_control/parity_wallet_bug_2.sol:149:5: Warning: Invoking events without "emit" prefix is deprecated.
    OwnerChanged(_from, _to);
    ^----------------------^
smartbugs/dataset/access_control/parity_wallet_bug_2.sol:152:52: Warning: "sha3" has been deprecated in favour of "keccak256"
  function addOwner(address _owner) onlymanyowners(sha3(msg.data)) external {
                                                   ^------------^
smartbugs/dataset/access_control/parity_wallet_bug_2.sol:163:5: Warning: Invoking events without "emit" prefix is deprecated.
    OwnerAdded(_owner);
    ^----------------^
smartbugs/dataset/access_control/parity_wallet_bug_2.sol:166:55: Warning: "sha3" has been deprecated in favour of "keccak256"
  function removeOwner(address _owner) onlymanyowners(sha3(msg.data)) external {
                                                      ^------------^
smartbugs/dataset/access_control/parity_wallet_bug_2.sol:175:5: Warning: Invoking events without "emit" prefix is deprecated.
    OwnerRemoved(_owner);
    ^------------------^
smartbugs/dataset/access_control/parity_wallet_bug_2.sol:178:64: Warning: "sha3" has been deprecated in favour of "keccak256"
  function changeRequirement(uint _newRequired) onlymanyowners(sha3(msg.data)) external {
                                                               ^------------^
smartbugs/dataset/access_control/parity_wallet_bug_2.sol:182:5: Warning: Invoking events without "emit" prefix is deprecated.
    RequirementChanged(_newRequired);
    ^------------------------------^
smartbugs/dataset/access_control/parity_wallet_bug_2.sol:212:57: Warning: "sha3" has been deprecated in favour of "keccak256"
  function setDailyLimit(uint _newLimit) onlymanyowners(sha3(msg.data)) external {
                                                        ^------------^
smartbugs/dataset/access_control/parity_wallet_bug_2.sol:216:45: Warning: "sha3" has been deprecated in favour of "keccak256"
  function resetSpentToday() onlymanyowners(sha3(msg.data)) external {
                                            ^------------^
smartbugs/dataset/access_control/parity_wallet_bug_2.sol:233:45: Warning: "sha3" has been deprecated in favour of "keccak256"
  function kill(address _to) onlymanyowners(sha3(msg.data)) external {
                                            ^------------^
smartbugs/dataset/access_control/parity_wallet_bug_2.sol:234:5: Warning: "suicide" has been deprecated in favour of "selfdestruct"
    suicide(_to);
    ^----------^
smartbugs/dataset/access_control/parity_wallet_bug_2.sol:252:7: Warning: Invoking events without "emit" prefix is deprecated.
      SingleTransact(msg.sender, _value, _to, _data, created);
      ^-----------------------------------------------------^
smartbugs/dataset/access_control/parity_wallet_bug_2.sol:255:16: Warning: "sha3" has been deprecated in favour of "keccak256"
      o_hash = sha3(msg.data, block.number);
               ^--------------------------^
smartbugs/dataset/access_control/parity_wallet_bug_2.sol:255:16: Warning: This function only accepts a single "bytes" argument. Please use "abi.encodePacked(...)" or a similar function to encode the data.
      o_hash = sha3(msg.data, block.number);
               ^--------------------------^
smartbugs/dataset/access_control/parity_wallet_bug_2.sol:263:9: Warning: Invoking events without "emit" prefix is deprecated.
        ConfirmationNeeded(o_hash, msg.sender, _value, _to, _data);
        ^--------------------------------------------------------^
smartbugs/dataset/access_control/parity_wallet_bug_2.sol:289:7: Warning: Invoking events without "emit" prefix is deprecated.
      MultiTransact(msg.sender, _h, m_txs[_h].value, m_txs[_h].to, m_txs[_h].data, created);
      ^-----------------------------------------------------------------------------------^
smartbugs/dataset/access_control/parity_wallet_bug_2.sol:317:7: Warning: Invoking events without "emit" prefix is deprecated.
      Confirmation(msg.sender, _operation);
      ^----------------------------------^
smartbugs/dataset/access_control/parity_wallet_bug_2.sol:383:37: Warning: This looks like an address but has an invalid checksum. If this is not used as an address, please prepend '00'. Correct checksummed address: '0xCAfEcAfeCAfECaFeCaFecaFecaFECafECafeCaFe'. For more information please see https://solidity.readthedocs.io/en/develop/types.html#address-literals
  address constant _walletLibrary = 0xcafecafecafecafecafecafecafecafecafecafe;
                                    ^----------------------------------------^
smartbugs/dataset/access_control/parity_wallet_bug_2.sol:59:3: Warning: No visibility specified. Defaulting to "public". 
  function isOwner(address _addr) constant returns (bool);
  ^------------------------------------------------------^
smartbugs/dataset/access_control/parity_wallet_bug_2.sol:67:3: Warning: No visibility specified. Defaulting to "public". 
  function confirm(bytes32 _h) returns (bool o_success);
  ^----------------------------------------------------^
smartbugs/dataset/access_control/parity_wallet_bug_2.sol:105:3: Warning: No visibility specified. Defaulting to "public". 
  function() payable {
  ^ (Relevant source part starts here and spans across multiple lines).
smartbugs/dataset/access_control/parity_wallet_bug_2.sol:113:3: Warning: No visibility specified. Defaulting to "public". 
  function initMultiowned(address[] _owners, uint _required) only_uninitialized {
  ^ (Relevant source part starts here and spans across multiple lines).
smartbugs/dataset/access_control/parity_wallet_bug_2.sol:190:3: Warning: No visibility specified. Defaulting to "public". 
  function isOwner(address _addr) constant returns (bool) {
  ^ (Relevant source part starts here and spans across multiple lines).
smartbugs/dataset/access_control/parity_wallet_bug_2.sol:207:3: Warning: No visibility specified. Defaulting to "public". 
  function initDaylimit(uint _limit) only_uninitialized {
  ^ (Relevant source part starts here and spans across multiple lines).
smartbugs/dataset/access_control/parity_wallet_bug_2.sol:226:3: Warning: No visibility specified. Defaulting to "public". 
  function initWallet(address[] _owners, uint _required, uint _daylimit) only_uninitialized {
  ^ (Relevant source part starts here and spans across multiple lines).
smartbugs/dataset/access_control/parity_wallet_bug_2.sol:268:19: Warning: Unused function parameter. Remove or comment out the variable name to silence this warning.
  function create(uint _value, bytes _code) internal returns (address o_addr) {
                  ^---------^
smartbugs/dataset/access_control/parity_wallet_bug_2.sol:268:32: Warning: Unused function parameter. Remove or comment out the variable name to silence this warning.
  function create(uint _value, bytes _code) internal returns (address o_addr) {
                               ^---------^
smartbugs/dataset/access_control/parity_wallet_bug_2.sol:268:63: Warning: Unused function parameter. Remove or comment out the variable name to silence this warning.
  function create(uint _value, bytes _code) internal returns (address o_addr) {
                                                              ^------------^
smartbugs/dataset/access_control/parity_wallet_bug_2.sol:279:3: Warning: No visibility specified. Defaulting to "public". 
  function confirm(bytes32 _h) onlymanyowners(_h) returns (bool o_success) {
  ^ (Relevant source part starts here and spans across multiple lines).
smartbugs/dataset/access_control/parity_wallet_bug_2.sol:268:3: Warning: Function state mutability can be restricted to pure
  function create(uint _value, bytes _code) internal returns (address o_addr) {
  ^ (Relevant source part starts here and spans across multiple lines).

smartbugs/dataset/access_control/parity_wallet_bug_2.sol analyzed (3 contracts)
error can not find type for {"type":"IndexAccess","base":{"type":"Identifier","name":"m_owners","loc":{"start":{"line":161,"column":4},"end":{"line":161,"column":4}}},"index":{"type":"Identifier","name":"m_numOwners","loc":{"start":{"line":161,"column":13},"end":{"line":161,"column":13}}},"loc":{"start":{"line":161,"column":4},"end":{"line":161,"column":24}}}
error can not find type for {"type":"IndexAccess","base":{"type":"Identifier","name":"m_owners","loc":{"start":{"line":171,"column":4},"end":{"line":171,"column":4}}},"index":{"type":"Identifier","name":"ownerIndex","loc":{"start":{"line":171,"column":13},"end":{"line":171,"column":13}}},"loc":{"start":{"line":171,"column":4},"end":{"line":171,"column":23}}}
/sGuardPlus/src/revert2src.js:373
			throw new Error(`${ast.type} unimpl`)
			^

Error: ElementaryTypeName unimpl
    at RevertExp.start (/sGuardPlus/src/revert2src.js:373:10)
    at FunctionCall (/sGuardPlus/src/revert2src.js:285:10)
    at RevertExp.start (/sGuardPlus/src/revert2src.js:371:4)
    at BinaryOperation (/sGuardPlus/src/revert2src.js:276:10)
    at RevertExp.start (/sGuardPlus/src/revert2src.js:371:4)
    at ExpressionStatement (/sGuardPlus/src/revert2src.js:419:11)
    at RevertStmt.start (/sGuardPlus/src/revert2src.js:572:4)
    at /sGuardPlus/src/revert2src.js:398:11
    at Array.forEach (<anonymous>)
    at Block (/sGuardPlus/src/revert2src.js:397:20)
