 ______     __         __  __     ______     __     __  __     __    __    
/\  ___\   /\ \       /\ \_\ \   /\  ___\   /\ \   /\ \/\ \   /\ "-./  \   
\ \  __\   \ \ \____  \ \____ \  \ \___  \  \ \ \  \ \ \_\ \  \ \ \-./\ \  
 \ \_____\  \ \_____\  \/\_____\  \/\_____\  \ \_\  \ \_____\  \ \_\ \ \_\ 
  \/_____/   \/_____/   \/_____/   \/_____/   \/_/   \/_____/   \/_/  \/_/ 
                                                                           
Compiling source code...
Retrieving bytecode for contract 'MultiplicatorX4'.
Please wait. Scanning bytecode for bugs...
Running Osiris...
Finished running Osiris. Execution time 25.830835819244385 seconds. Code coverage 99.8%.
Running Oyente...
Finished running Oyente. Execution time 1.5632061958312988 seconds. Code coverage 59.1%.
Running Mythril...
Finished running Mythril. Execution time 122.83526945114136 seconds. Code coverage 63.83%.
Detected 1 bug(s):
--> Detected 'overflow' (ADD) bug at program counter address 301 (0x12d) using Osiris with a code coverage of 99.8%.
Exporting original control-flow graph...
Recovering control-flow graph...
Recovered 100% of the control-flow graph
Number of execution paths accessing storage: 4
Deployment bytecode size: 57 bytes (original: 57 bytes) 0.0% increase.
Runtime bytecode size: 645 bytes (original: 598 bytes) 7.8595317725752505% increase.
Metadata: 0xa165627a7a723058203f8094b3f0097ab6ab2e0aabf75b1ca91443e5781400f448b13211623be25bd50029
Exporting patched control-flow graph...
