 ______     __         __  __     ______     __     __  __     __    __    
/\  ___\   /\ \       /\ \_\ \   /\  ___\   /\ \   /\ \/\ \   /\ "-./  \   
\ \  __\   \ \ \____  \ \____ \  \ \___  \  \ \ \  \ \ \_\ \  \ \ \-./\ \  
 \ \_____\  \ \_____\  \/\_____\  \/\_____\  \ \_\  \ \_____\  \ \_\ \ \_\ 
  \/_____/   \/_____/   \/_____/   \/_____/   \/_/   \/_____/   \/_/  \/_/ 
                                                                           
Compiling source code...
Retrieving bytecode for contract 'EBU'.
Please wait. Scanning bytecode for bugs...
Running Osiris...
Finished running Osiris. Execution time 43.83090662956238 seconds. Code coverage 99.7%.
Running Oyente...
Finished running Oyente. Execution time 1.2856152057647705 seconds. Code coverage 16.6%.
Running Mythril...
Finished running Mythril. Execution time 67.57337951660156 seconds. Code coverage 99.42%.
Detected 1 bug(s):
--> Detected 'unhandled exception' bug at program counter address 525 (0x20d) using Mythril with a code coverage of 99.42%.
Exporting original control-flow graph...
Recovering control-flow graph...
Recovered 100% of the control-flow graph
Number of execution paths accessing storage: 0
Deployment bytecode size: 30 bytes (original: 30 bytes) 0.0% increase.
Runtime bytecode size: 567 bytes (original: 555 bytes) 2.1621621621621623% increase.
Metadata: 0xa165627a7a7230582015aa19c99680bb717c7447836bf9d1f73141a33351b18dc3ba5b8de4839d47f80029
Exporting patched control-flow graph...
