 ______     __         __  __     ______     __     __  __     __    __    
/\  ___\   /\ \       /\ \_\ \   /\  ___\   /\ \   /\ \/\ \   /\ "-./  \   
\ \  __\   \ \ \____  \ \____ \  \ \___  \  \ \ \  \ \ \_\ \  \ \ \-./\ \  
 \ \_____\  \ \_____\  \/\_____\  \/\_____\  \ \_\  \ \_____\  \ \_\ \ \_\ 
  \/_____/   \/_____/   \/_____/   \/_____/   \/_/   \/_____/   \/_/  \/_/ 
                                                                           
Compiling source code...
Retrieving bytecode for contract 'MultiplicatorX3'.
Please wait. Scanning bytecode for bugs...
Running Osiris...
Finished running Osiris. Execution time 23.001107454299927 seconds. Code coverage 99.8%.
Running Oyente...
Finished running Oyente. Execution time 1.5233070850372314 seconds. Code coverage 52.3%.
Running Mythril...
Finished running Mythril. Execution time 122.82263016700745 seconds. Code coverage 63.55%.
Detected 1 bug(s):
--> Detected 'overflow' (ADD) bug at program counter address 292 (0x124) using Osiris with a code coverage of 99.8%.
Exporting original control-flow graph...
Recovering control-flow graph...
Recovered 100% of the control-flow graph
Number of execution paths accessing storage: 4
Deployment bytecode size: 50 bytes (original: 50 bytes) 0.0% increase.
Runtime bytecode size: 627 bytes (original: 580 bytes) 8.10344827586207% increase.
Metadata: 0xa165627a7a72305820bd6c6534b08429b7abac416fbc9c3e661d4d028402e12a845e3b03ca93f4261a0029
Exporting patched control-flow graph...
