 ______     __         __  __     ______     __     __  __     __    __    
/\  ___\   /\ \       /\ \_\ \   /\  ___\   /\ \   /\ \/\ \   /\ "-./  \   
\ \  __\   \ \ \____  \ \____ \  \ \___  \  \ \ \  \ \ \_\ \  \ \ \-./\ \  
 \ \_____\  \ \_____\  \/\_____\  \/\_____\  \ \_\  \ \_____\  \ \_\ \ \_\ 
  \/_____/   \/_____/   \/_____/   \/_____/   \/_/   \/_____/   \/_/  \/_/ 
                                                                           
Compiling source code...
Retrieving bytecode for contract 'Honey'.
Please wait. Scanning bytecode for bugs...
Running Osiris...
Finished running Osiris. Execution time 23.99971580505371 seconds. Code coverage 99.8%.
Running Oyente...
Finished running Oyente. Execution time 1.7354085445404053 seconds. Code coverage 60.8%.
Running Mythril...
Finished running Mythril. Execution time 42.09520959854126 seconds. Code coverage 65.89%.
Detected 1 bug(s):
--> Detected 'leaking ether' bug at program counter address 539 (0x21b) using Mythril with a code coverage of 65.89%.
Exporting original control-flow graph...
Recovering control-flow graph...
Recovered 100% of the control-flow graph
Number of execution paths accessing storage: 7
Deployment bytecode size: 61 bytes (original: 57 bytes) 7.017543859649123% increase.
Runtime bytecode size: 762 bytes (original: 726 bytes) 4.958677685950414% increase.
Metadata: 0xa165627a7a72305820eb1fd2d9c946e6b68fe530422123525b7a1a6b2fa2759dc130dba821141c5f9d0029
Exporting patched control-flow graph...
