 ______     __         __  __     ______     __     __  __     __    __    
/\  ___\   /\ \       /\ \_\ \   /\  ___\   /\ \   /\ \/\ \   /\ "-./  \   
\ \  __\   \ \ \____  \ \____ \  \ \___  \  \ \ \  \ \ \_\ \  \ \ \-./\ \  
 \ \_____\  \ \_____\  \/\_____\  \/\_____\  \ \_\  \ \_____\  \ \_\ \ \_\ 
  \/_____/   \/_____/   \/_____/   \/_____/   \/_/   \/_____/   \/_/  \/_/ 
                                                                           
Compiling source code...
Retrieving bytecode for contract 'Missing'.
Please wait. Scanning bytecode for bugs...
Running Osiris...
Finished running Osiris. Execution time 0.5625452995300293 seconds. Code coverage 99.2%.
Running Oyente...
Finished running Oyente. Execution time 0.6514320373535156 seconds. Code coverage 93.7%.
Running Mythril...
Finished running Mythril. Execution time 3.0578179359436035 seconds. Code coverage 99.21%.
Detected 1 bug(s):
--> Detected 'leaking ether' bug at program counter address 195 (0xc3) using Mythril with a code coverage of 99.21%.
Exporting original control-flow graph...
Recovering control-flow graph...
Recovered 100% of the control-flow graph
Number of execution paths accessing storage: 3
Runtime bytecode size: 288 bytes (original: 253 bytes) 13.833992094861662% increase.
Metadata: 0xa165627a7a72305820c4f4ab5ddd4a164b05835270b37616a27a0454b7371b625830264510baeea18f0029
Exporting patched control-flow graph...
