smartbugs/dataset/arithmetic/BECToken.sol:170:3: Warning: Defining constructors as functions with the same name as the contract is deprecated. Use "constructor(...) { ... }" instead.
  function Ownable() {
  ^ (Relevant source part starts here and spans across multiple lines).
smartbugs/dataset/arithmetic/BECToken.sol:296:5: Warning: Defining constructors as functions with the same name as the contract is deprecated. Use "constructor(...) { ... }" instead.
    function BecToken() {
    ^ (Relevant source part starts here and spans across multiple lines).
smartbugs/dataset/arithmetic/BECToken.sol:12:1: Warning: Source file does not specify required compiler version!Consider adding "pragma solidity ^0.4.24;"
library SafeMath {
^ (Relevant source part starts here and spans across multiple lines).
smartbugs/dataset/arithmetic/BECToken.sol:71:5: Warning: Invoking events without "emit" prefix is deprecated.
    Transfer(msg.sender, _to, _value);
    ^-------------------------------^
smartbugs/dataset/arithmetic/BECToken.sol:123:5: Warning: Invoking events without "emit" prefix is deprecated.
    Transfer(_from, _to, _value);
    ^--------------------------^
smartbugs/dataset/arithmetic/BECToken.sol:139:5: Warning: Invoking events without "emit" prefix is deprecated.
    Approval(msg.sender, _spender, _value);
    ^------------------------------------^
smartbugs/dataset/arithmetic/BECToken.sol:190:5: Warning: Invoking events without "emit" prefix is deprecated.
    OwnershipTransferred(owner, newOwner);
    ^-----------------------------------^
smartbugs/dataset/arithmetic/BECToken.sol:228:5: Warning: Invoking events without "emit" prefix is deprecated.
    Pause();
    ^-----^
smartbugs/dataset/arithmetic/BECToken.sol:236:5: Warning: Invoking events without "emit" prefix is deprecated.
    Unpause();
    ^-------^
smartbugs/dataset/arithmetic/BECToken.sol:270:9: Warning: Invoking events without "emit" prefix is deprecated.
        Transfer(msg.sender, _receivers[i], _value);
        ^-----------------------------------------^
smartbugs/dataset/arithmetic/BECToken.sol:170:3: Warning: No visibility specified. Defaulting to "public". 
  function Ownable() {
  ^ (Relevant source part starts here and spans across multiple lines).
smartbugs/dataset/arithmetic/BECToken.sol:296:5: Warning: No visibility specified. Defaulting to "public". 
    function BecToken() {
    ^ (Relevant source part starts here and spans across multiple lines).
smartbugs/dataset/arithmetic/BECToken.sol:301:5: Warning: No visibility specified. Defaulting to "public". 
    function () {
    ^ (Relevant source part starts here and spans across multiple lines).
smartbugs/dataset/arithmetic/BECToken.sol:13:3: Warning: Function state mutability can be restricted to pure
  function mul(uint256 a, uint256 b) internal constant returns (uint256) {
  ^ (Relevant source part starts here and spans across multiple lines).
smartbugs/dataset/arithmetic/BECToken.sol:19:3: Warning: Function state mutability can be restricted to pure
  function div(uint256 a, uint256 b) internal constant returns (uint256) {
  ^ (Relevant source part starts here and spans across multiple lines).
smartbugs/dataset/arithmetic/BECToken.sol:26:3: Warning: Function state mutability can be restricted to pure
  function sub(uint256 a, uint256 b) internal constant returns (uint256) {
  ^ (Relevant source part starts here and spans across multiple lines).
smartbugs/dataset/arithmetic/BECToken.sol:31:3: Warning: Function state mutability can be restricted to pure
  function add(uint256 a, uint256 b) internal constant returns (uint256) {
  ^ (Relevant source part starts here and spans across multiple lines).
