mythril.mythril.mythril_config [INFO]: Creating mythril data directory 
mythril.mythril.mythril_config [INFO]: No config file found. Creating default: /root/.mythril/config.ini 
mythril.mythril.mythril_config [INFO]: Infura key not provided, so onchain access is disabled. Use --infura-id <INFURA_ID> or set it in the environment variable INFURA_ID or in the ~/.mythril/config.ini file 
mythril.support.signatures [INFO]: Using signature database at /root/.mythril/signatures.db
mythril.laser.ethereum.svm [INFO]: LASER EVM initialized with dynamic loader: <mythril.support.loader.DynLoader object at 0x7bc889c0d6a0>
mythril.laser.ethereum.strategy.extensions.bounded_loops [INFO]: Loaded search strategy extension: Loop bounds (limit = 3)
mythril.laser.plugin.loader [INFO]: Loading laser plugin: coverage
mythril.laser.plugin.loader [INFO]: Loading laser plugin: mutation-pruner
mythril.laser.plugin.loader [INFO]: Loading laser plugin: call-depth-limit
mythril.laser.plugin.loader [INFO]: Loading laser plugin: instruction-profiler
mythril.laser.plugin.loader [INFO]: Loading laser plugin: dependency-pruner
mythril.laser.plugin.loader [INFO]: Instrumenting symbolic vm with plugin: coverage
mythril.laser.plugin.loader [INFO]: Instrumenting symbolic vm with plugin: mutation-pruner
mythril.laser.plugin.loader [INFO]: Instrumenting symbolic vm with plugin: call-depth-limit
mythril.laser.plugin.loader [INFO]: Instrumenting symbolic vm with plugin: instruction-profiler
mythril.laser.plugin.loader [INFO]: Instrumenting symbolic vm with plugin: dependency-pruner
mythril.laser.ethereum.svm [DEBUG]: Starting LASER execution
mythril.laser.ethereum.svm [INFO]: Starting message call transaction to 0
mythril.laser.ethereum.svm [INFO]: Starting message call transaction, iteration: 0, 1 initial states
mythril.laser.ethereum.instructions [DEBUG]: Evaluating PUSH1 at 0
mythril.laser.ethereum.instructions [DEBUG]: Evaluating PUSH1 at 1
mythril.laser.ethereum.instructions [DEBUG]: Evaluating MSTORE at 2
mythril.laser.ethereum.instructions [DEBUG]: Evaluating PUSH1 at 3
mythril.laser.ethereum.instructions [DEBUG]: Evaluating CALLDATASIZE at 4
mythril.laser.ethereum.instructions [DEBUG]: Evaluating LT at 5
mythril.laser.ethereum.instructions [DEBUG]: Evaluating PUSH1 at 6
mythril.analysis.module.base [DEBUG]: Entering analysis module: TxOrigin
mythril.analysis.module.base [DEBUG]: Exiting analysis module: TxOrigin
mythril.analysis.module.base [DEBUG]: Entering analysis module: IntegerArithmetics
mythril.analysis.module.base [DEBUG]: Exiting analysis module: IntegerArithmetics
mythril.laser.ethereum.instructions [DEBUG]: Evaluating JUMPI at 7
mythril.laser.ethereum.instructions [DEBUG]: Evaluating PUSH1 at 8
mythril.laser.ethereum.instructions [DEBUG]: Evaluating JUMPDEST at 25
mythril.laser.ethereum.instructions [DEBUG]: Evaluating CALLDATALOAD at 9
mythril.laser.ethereum.instructions [DEBUG]: Evaluating PUSH1 at 26
mythril.laser.ethereum.instructions [DEBUG]: Evaluating PUSH29 at 10
mythril.laser.ethereum.instructions [DEBUG]: Evaluating DUP1 at 27
mythril.laser.ethereum.instructions [DEBUG]: Evaluating SWAP1 at 11
mythril.laser.ethereum.instructions [DEBUG]: Evaluating REVERT at 28
mythril.laser.ethereum.svm [DEBUG]: Ending transaction MessageCallTransaction 1 from sender_1 to                                        0x0.
mythril.laser.ethereum.instructions [DEBUG]: Evaluating DIV at 12
mythril.laser.ethereum.instructions [DEBUG]: Evaluating PUSH4 at 13
mythril.laser.ethereum.instructions [DEBUG]: Evaluating AND at 14
mythril.laser.ethereum.instructions [DEBUG]: Evaluating DUP1 at 15
mythril.laser.ethereum.instructions [DEBUG]: Evaluating PUSH4 at 16
mythril.laser.ethereum.instructions [DEBUG]: Evaluating EQ at 17
mythril.laser.ethereum.instructions [DEBUG]: Evaluating PUSH1 at 18
mythril.analysis.module.base [DEBUG]: Entering analysis module: TxOrigin
mythril.analysis.module.base [DEBUG]: Exiting analysis module: TxOrigin
mythril.analysis.module.base [DEBUG]: Entering analysis module: IntegerArithmetics
mythril.analysis.module.base [DEBUG]: Exiting analysis module: IntegerArithmetics
mythril.laser.ethereum.instructions [DEBUG]: Evaluating JUMPI at 19
mythril.laser.ethereum.svm [DEBUG]: - Entering function MAIN:unknown
mythril.laser.ethereum.instructions [DEBUG]: Evaluating DUP1 at 20
mythril.laser.ethereum.instructions [DEBUG]: Evaluating JUMPDEST at 29
mythril.laser.ethereum.instructions [DEBUG]: Evaluating PUSH4 at 21
mythril.laser.ethereum.instructions [DEBUG]: Evaluating CALLVALUE at 30
mythril.laser.ethereum.instructions [DEBUG]: Evaluating EQ at 22
mythril.laser.ethereum.instructions [DEBUG]: Evaluating ISZERO at 31
mythril.laser.ethereum.instructions [DEBUG]: Evaluating PUSH1 at 23
mythril.laser.ethereum.instructions [DEBUG]: Evaluating PUSH1 at 32
mythril.analysis.module.base [DEBUG]: Entering analysis module: TxOrigin
mythril.analysis.module.base [DEBUG]: Exiting analysis module: TxOrigin
mythril.analysis.module.base [DEBUG]: Entering analysis module: IntegerArithmetics
mythril.analysis.module.base [DEBUG]: Exiting analysis module: IntegerArithmetics
mythril.laser.ethereum.instructions [DEBUG]: Evaluating JUMPI at 24
mythril.laser.ethereum.svm [DEBUG]: - Entering function MAIN:unknown
mythril.analysis.module.base [DEBUG]: Entering analysis module: TxOrigin
mythril.analysis.module.base [DEBUG]: Exiting analysis module: TxOrigin
mythril.analysis.module.base [DEBUG]: Entering analysis module: IntegerArithmetics
mythril.analysis.module.base [DEBUG]: Exiting analysis module: IntegerArithmetics
mythril.laser.ethereum.instructions [DEBUG]: Evaluating JUMPI at 33
mythril.laser.ethereum.instructions [DEBUG]: Evaluating JUMPDEST at 25
mythril.laser.ethereum.instructions [DEBUG]: Evaluating JUMPDEST at 60
mythril.laser.ethereum.instructions [DEBUG]: Evaluating PUSH1 at 34
mythril.laser.ethereum.instructions [DEBUG]: Evaluating JUMPDEST at 37
mythril.laser.ethereum.instructions [DEBUG]: Evaluating PUSH1 at 26
mythril.laser.ethereum.instructions [DEBUG]: Evaluating CALLVALUE at 61
mythril.laser.ethereum.instructions [DEBUG]: Evaluating DUP1 at 35
mythril.laser.ethereum.instructions [DEBUG]: Evaluating PUSH1 at 38
mythril.laser.ethereum.instructions [DEBUG]: Evaluating DUP1 at 27
mythril.laser.ethereum.instructions [DEBUG]: Evaluating ISZERO at 62
mythril.laser.ethereum.instructions [DEBUG]: Evaluating REVERT at 36
mythril.laser.ethereum.svm [DEBUG]: Ending transaction MessageCallTransaction 1 from sender_1 to                                        0x0.
mythril.laser.ethereum.instructions [DEBUG]: Evaluating PUSH1 at 39
mythril.laser.ethereum.instructions [DEBUG]: Evaluating REVERT at 28
mythril.laser.ethereum.svm [DEBUG]: Ending transaction MessageCallTransaction 1 from sender_1 to                                        0x0.
mythril.laser.ethereum.instructions [DEBUG]: Evaluating PUSH1 at 63
mythril.laser.ethereum.instructions [DEBUG]: Evaluating JUMP at 40
mythril.analysis.module.base [DEBUG]: Entering analysis module: TxOrigin
mythril.analysis.module.base [DEBUG]: Exiting analysis module: TxOrigin
mythril.analysis.module.base [DEBUG]: Entering analysis module: IntegerArithmetics
mythril.analysis.module.base [DEBUG]: Exiting analysis module: IntegerArithmetics
mythril.laser.ethereum.instructions [DEBUG]: Evaluating JUMPI at 64
mythril.laser.ethereum.instructions [DEBUG]: Evaluating JUMPDEST at 86
mythril.laser.ethereum.instructions [DEBUG]: Evaluating PUSH1 at 65
mythril.laser.ethereum.instructions [DEBUG]: Evaluating JUMPDEST at 68
mythril.laser.ethereum.instructions [DEBUG]: Evaluating PUSH1 at 87
mythril.laser.ethereum.instructions [DEBUG]: Evaluating DUP1 at 66
mythril.laser.ethereum.instructions [DEBUG]: Evaluating PUSH1 at 69
mythril.laser.ethereum.instructions [DEBUG]: Evaluating SLOAD at 88
mythril.laser.ethereum.instructions [DEBUG]: Evaluating REVERT at 67
mythril.laser.ethereum.svm [DEBUG]: Ending transaction MessageCallTransaction 1 from sender_1 to                                        0x0.
mythril.laser.ethereum.instructions [DEBUG]: Evaluating PUSH1 at 70
mythril.laser.ethereum.instructions [DEBUG]: Evaluating DUP2 at 89
mythril.laser.ethereum.instructions [DEBUG]: Evaluating DUP1 at 71
mythril.laser.ethereum.instructions [DEBUG]: Evaluating JUMP at 90
mythril.laser.ethereum.instructions [DEBUG]: Evaluating DUP1 at 72
mythril.laser.ethereum.instructions [DEBUG]: Evaluating JUMPDEST at 41
mythril.laser.ethereum.instructions [DEBUG]: Evaluating CALLDATALOAD at 73
mythril.laser.ethereum.instructions [DEBUG]: Evaluating PUSH1 at 42
mythril.laser.ethereum.instructions [DEBUG]: Evaluating SWAP1 at 74
mythril.laser.ethereum.instructions [DEBUG]: Evaluating MLOAD at 43
mythril.laser.ethereum.instructions [DEBUG]: Evaluating PUSH1 at 75
mythril.laser.ethereum.instructions [DEBUG]: Evaluating DUP1 at 44
mythril.analysis.module.base [DEBUG]: Entering analysis module: IntegerArithmetics
mythril.analysis.module.base [DEBUG]: Exiting analysis module: IntegerArithmetics
mythril.laser.ethereum.instructions [DEBUG]: Evaluating ADD at 76
mythril.laser.ethereum.instructions [DEBUG]: Evaluating DUP3 at 45
mythril.laser.ethereum.instructions [DEBUG]: Evaluating SWAP1 at 77
mythril.laser.ethereum.instructions [DEBUG]: Evaluating DUP2 at 46
mythril.laser.ethereum.instructions [DEBUG]: Evaluating SWAP2 at 78
mythril.laser.ethereum.instructions [DEBUG]: Evaluating MSTORE at 47
mythril.laser.ethereum.instructions [DEBUG]: Evaluating SWAP1 at 79
mythril.laser.ethereum.instructions [DEBUG]: Evaluating PUSH1 at 48
mythril.laser.ethereum.instructions [DEBUG]: Evaluating POP at 80
mythril.analysis.module.base [DEBUG]: Entering analysis module: IntegerArithmetics
mythril.analysis.module.base [DEBUG]: Exiting analysis module: IntegerArithmetics
mythril.laser.ethereum.instructions [DEBUG]: Evaluating ADD at 49
mythril.laser.ethereum.instructions [DEBUG]: Evaluating POP at 81
mythril.laser.ethereum.instructions [DEBUG]: Evaluating SWAP2 at 50
mythril.laser.ethereum.instructions [DEBUG]: Evaluating PUSH1 at 82
mythril.laser.ethereum.instructions [DEBUG]: Evaluating POP at 51
mythril.laser.ethereum.instructions [DEBUG]: Evaluating JUMP at 83
mythril.laser.ethereum.instructions [DEBUG]: Evaluating POP at 52
mythril.laser.ethereum.instructions [DEBUG]: Evaluating JUMPDEST at 91
mythril.laser.ethereum.instructions [DEBUG]: Evaluating PUSH1 at 53
mythril.laser.ethereum.instructions [DEBUG]: Evaluating DUP1 at 92
mythril.laser.ethereum.instructions [DEBUG]: Evaluating MLOAD at 54
mythril.laser.ethereum.instructions [DEBUG]: Evaluating PUSH1 at 93
mythril.laser.ethereum.instructions [DEBUG]: Evaluating DUP1 at 55
mythril.laser.ethereum.instructions [DEBUG]: Evaluating DUP1 at 94
mythril.laser.ethereum.instructions [DEBUG]: Evaluating SWAP2 at 56
mythril.laser.ethereum.instructions [DEBUG]: Evaluating DUP3 at 95
mythril.analysis.module.base [DEBUG]: Entering analysis module: IntegerArithmetics
mythril.analysis.module.base [DEBUG]: Exiting analysis module: IntegerArithmetics
mythril.laser.ethereum.instructions [DEBUG]: Evaluating SUB at 57
mythril.laser.ethereum.instructions [DEBUG]: Evaluating DUP3 at 96
mythril.laser.ethereum.instructions [DEBUG]: Evaluating SWAP1 at 58
mythril.laser.ethereum.instructions [DEBUG]: Evaluating SLOAD at 97
mythril.analysis.module.base [DEBUG]: Entering analysis module: IntegerArithmetics
mythril.analysis.module.base [DEBUG]: Exiting analysis module: IntegerArithmetics
mythril.analysis.module.base [DEBUG]: Entering analysis module: UncheckedRetval
mythril.analysis.module.base [DEBUG]: Exiting analysis module: UncheckedRetval
mythril.laser.ethereum.instructions [DEBUG]: Evaluating RETURN at 59
mythril.laser.ethereum.svm [DEBUG]: Ending transaction MessageCallTransaction 1 from sender_1 to                                        0x0.
mythril.analysis.module.base [DEBUG]: Entering analysis module: IntegerArithmetics
mythril.analysis.module.base [DEBUG]: Exiting analysis module: IntegerArithmetics
mythril.laser.ethereum.instructions [DEBUG]: Evaluating MUL at 98
mythril.laser.ethereum.instructions [DEBUG]: Evaluating SWAP3 at 99
mythril.laser.ethereum.instructions [DEBUG]: Evaluating POP at 100
mythril.laser.ethereum.instructions [DEBUG]: Evaluating POP at 101
mythril.laser.ethereum.instructions [DEBUG]: Evaluating DUP2 at 102
mythril.laser.ethereum.instructions [DEBUG]: Evaluating SWAP1 at 103
mythril.analysis.module.base [DEBUG]: Entering analysis module: ArbitraryStorage
mythril.analysis.module.base [DEBUG]: Exiting analysis module: ArbitraryStorage
mythril.analysis.module.base [DEBUG]: Entering analysis module: IntegerArithmetics
mythril.analysis.module.base [DEBUG]: Exiting analysis module: IntegerArithmetics
mythril.analysis.module.base [DEBUG]: Entering analysis module: StateChangeAfterCall
mythril.analysis.module.base [DEBUG]: Exiting analysis module: StateChangeAfterCall
mythril.laser.ethereum.instructions [DEBUG]: Evaluating SSTORE at 104
mythril.laser.ethereum.instructions [DEBUG]: Evaluating POP at 105
mythril.laser.ethereum.instructions [DEBUG]: Evaluating POP at 106
mythril.laser.ethereum.instructions [DEBUG]: Evaluating JUMP at 107
mythril.laser.ethereum.instructions [DEBUG]: Evaluating JUMPDEST at 84
mythril.analysis.module.base [DEBUG]: Entering analysis module: IntegerArithmetics
mythril.analysis.module.base [DEBUG]: Exiting analysis module: IntegerArithmetics
mythril.analysis.module.base [DEBUG]: Entering analysis module: UncheckedRetval
mythril.analysis.module.base [DEBUG]: Exiting analysis module: UncheckedRetval
mythril.laser.ethereum.instructions [DEBUG]: Evaluating STOP at 85
mythril.laser.ethereum.svm [DEBUG]: Ending transaction MessageCallTransaction 1 from sender_1 to                                        0x0.
mythril.laser.plugin.plugins.coverage.coverage_plugin [INFO]: Number of new instructions covered in tx 0: 108
mythril.laser.ethereum.svm [INFO]: Starting message call transaction, iteration: 1, 1 initial states
mythril.laser.ethereum.instructions [DEBUG]: Evaluating PUSH1 at 0
mythril.laser.ethereum.instructions [DEBUG]: Evaluating PUSH1 at 1
mythril.laser.ethereum.instructions [DEBUG]: Evaluating MSTORE at 2
mythril.laser.ethereum.instructions [DEBUG]: Evaluating PUSH1 at 3
mythril.laser.ethereum.instructions [DEBUG]: Evaluating CALLDATASIZE at 4
mythril.laser.ethereum.instructions [DEBUG]: Evaluating LT at 5
mythril.laser.ethereum.instructions [DEBUG]: Evaluating PUSH1 at 6
mythril.analysis.module.base [DEBUG]: Entering analysis module: TxOrigin
mythril.analysis.module.base [DEBUG]: Exiting analysis module: TxOrigin
mythril.analysis.module.base [DEBUG]: Entering analysis module: IntegerArithmetics
mythril.analysis.module.base [DEBUG]: Exiting analysis module: IntegerArithmetics
mythril.laser.ethereum.instructions [DEBUG]: Evaluating JUMPI at 7
mythril.laser.ethereum.instructions [DEBUG]: Evaluating PUSH1 at 8
mythril.laser.ethereum.instructions [DEBUG]: Evaluating JUMPDEST at 25
mythril.laser.ethereum.instructions [DEBUG]: Evaluating CALLDATALOAD at 9
mythril.laser.ethereum.instructions [DEBUG]: Evaluating PUSH1 at 26
mythril.laser.ethereum.instructions [DEBUG]: Evaluating PUSH29 at 10
mythril.laser.ethereum.instructions [DEBUG]: Evaluating DUP1 at 27
mythril.laser.ethereum.instructions [DEBUG]: Evaluating SWAP1 at 11
mythril.laser.ethereum.instructions [DEBUG]: Evaluating REVERT at 28
mythril.laser.ethereum.svm [DEBUG]: Ending transaction MessageCallTransaction 2 from sender_2 to                                        0x0.
mythril.laser.ethereum.instructions [DEBUG]: Evaluating DIV at 12
mythril.laser.ethereum.instructions [DEBUG]: Evaluating PUSH4 at 13
mythril.laser.ethereum.instructions [DEBUG]: Evaluating AND at 14
mythril.laser.ethereum.instructions [DEBUG]: Evaluating DUP1 at 15
mythril.laser.ethereum.instructions [DEBUG]: Evaluating PUSH4 at 16
mythril.laser.ethereum.instructions [DEBUG]: Evaluating EQ at 17
mythril.laser.ethereum.instructions [DEBUG]: Evaluating PUSH1 at 18
mythril.analysis.module.base [DEBUG]: Entering analysis module: TxOrigin
mythril.analysis.module.base [DEBUG]: Exiting analysis module: TxOrigin
mythril.analysis.module.base [DEBUG]: Entering analysis module: IntegerArithmetics
mythril.analysis.module.base [DEBUG]: Exiting analysis module: IntegerArithmetics
mythril.laser.ethereum.instructions [DEBUG]: Evaluating JUMPI at 19
mythril.laser.ethereum.svm [DEBUG]: - Entering function MAIN:unknown
mythril.laser.ethereum.instructions [DEBUG]: Evaluating DUP1 at 20
mythril.laser.ethereum.instructions [DEBUG]: Evaluating JUMPDEST at 29
mythril.laser.ethereum.instructions [DEBUG]: Evaluating PUSH4 at 21
mythril.laser.ethereum.instructions [DEBUG]: Evaluating CALLVALUE at 30
mythril.laser.ethereum.instructions [DEBUG]: Evaluating EQ at 22
mythril.laser.ethereum.instructions [DEBUG]: Evaluating ISZERO at 31
mythril.laser.ethereum.instructions [DEBUG]: Evaluating PUSH1 at 23
mythril.laser.ethereum.instructions [DEBUG]: Evaluating PUSH1 at 32
mythril.analysis.module.base [DEBUG]: Entering analysis module: TxOrigin
mythril.analysis.module.base [DEBUG]: Exiting analysis module: TxOrigin
mythril.analysis.module.base [DEBUG]: Entering analysis module: IntegerArithmetics
mythril.analysis.module.base [DEBUG]: Exiting analysis module: IntegerArithmetics
mythril.laser.ethereum.instructions [DEBUG]: Evaluating JUMPI at 24
mythril.laser.plugin.plugins.dependency_pruner [DEBUG]: Skipping state: Storage slots {0} not read in block at address 73, function
mythril.laser.ethereum.svm [DEBUG]: - Entering function MAIN:unknown
mythril.analysis.module.base [DEBUG]: Entering analysis module: TxOrigin
mythril.analysis.module.base [DEBUG]: Exiting analysis module: TxOrigin
mythril.analysis.module.base [DEBUG]: Entering analysis module: IntegerArithmetics
mythril.analysis.module.base [DEBUG]: Exiting analysis module: IntegerArithmetics
mythril.laser.ethereum.instructions [DEBUG]: Evaluating JUMPI at 33
mythril.laser.ethereum.instructions [DEBUG]: Evaluating JUMPDEST at 60
mythril.laser.ethereum.instructions [DEBUG]: Evaluating PUSH1 at 34
mythril.laser.ethereum.instructions [DEBUG]: Evaluating JUMPDEST at 37
mythril.laser.ethereum.instructions [DEBUG]: Evaluating CALLVALUE at 61
mythril.laser.ethereum.instructions [DEBUG]: Evaluating DUP1 at 35
mythril.laser.ethereum.instructions [DEBUG]: Evaluating PUSH1 at 38
mythril.laser.ethereum.instructions [DEBUG]: Evaluating ISZERO at 62
mythril.laser.ethereum.instructions [DEBUG]: Evaluating REVERT at 36
mythril.laser.ethereum.svm [DEBUG]: Ending transaction MessageCallTransaction 2 from sender_2 to                                        0x0.
mythril.laser.ethereum.instructions [DEBUG]: Evaluating PUSH1 at 39
mythril.laser.ethereum.instructions [DEBUG]: Evaluating PUSH1 at 63
mythril.laser.ethereum.instructions [DEBUG]: Evaluating JUMP at 40
mythril.analysis.module.base [DEBUG]: Entering analysis module: TxOrigin
mythril.analysis.module.base [DEBUG]: Exiting analysis module: TxOrigin
mythril.analysis.module.base [DEBUG]: Entering analysis module: IntegerArithmetics
mythril.analysis.module.base [DEBUG]: Exiting analysis module: IntegerArithmetics
mythril.laser.ethereum.instructions [DEBUG]: Evaluating JUMPI at 64
mythril.laser.ethereum.instructions [DEBUG]: Evaluating JUMPDEST at 86
mythril.laser.ethereum.instructions [DEBUG]: Evaluating PUSH1 at 65
mythril.laser.ethereum.instructions [DEBUG]: Evaluating JUMPDEST at 68
mythril.laser.ethereum.instructions [DEBUG]: Evaluating PUSH1 at 87
mythril.laser.ethereum.instructions [DEBUG]: Evaluating DUP1 at 66
mythril.laser.ethereum.instructions [DEBUG]: Evaluating PUSH1 at 69
mythril.laser.ethereum.instructions [DEBUG]: Evaluating SLOAD at 88
mythril.laser.ethereum.instructions [DEBUG]: Evaluating REVERT at 67
mythril.laser.ethereum.svm [DEBUG]: Ending transaction MessageCallTransaction 2 from sender_2 to                                        0x0.
mythril.laser.ethereum.instructions [DEBUG]: Evaluating PUSH1 at 70
mythril.laser.ethereum.instructions [DEBUG]: Evaluating DUP2 at 89
mythril.laser.ethereum.instructions [DEBUG]: Evaluating DUP1 at 71
mythril.laser.ethereum.instructions [DEBUG]: Evaluating JUMP at 90
mythril.laser.ethereum.instructions [DEBUG]: Evaluating DUP1 at 72
mythril.laser.ethereum.instructions [DEBUG]: Evaluating JUMPDEST at 41
mythril.laser.ethereum.instructions [DEBUG]: Evaluating CALLDATALOAD at 73
mythril.laser.ethereum.instructions [DEBUG]: Evaluating PUSH1 at 42
mythril.laser.ethereum.instructions [DEBUG]: Evaluating SWAP1 at 74
mythril.laser.ethereum.instructions [DEBUG]: Evaluating MLOAD at 43
mythril.laser.ethereum.instructions [DEBUG]: Evaluating PUSH1 at 75
mythril.laser.ethereum.instructions [DEBUG]: Evaluating DUP1 at 44
mythril.analysis.module.base [DEBUG]: Entering analysis module: IntegerArithmetics
mythril.analysis.module.base [DEBUG]: Exiting analysis module: IntegerArithmetics
mythril.laser.ethereum.instructions [DEBUG]: Evaluating ADD at 76
mythril.laser.ethereum.instructions [DEBUG]: Evaluating DUP3 at 45
mythril.laser.ethereum.instructions [DEBUG]: Evaluating SWAP1 at 77
mythril.laser.ethereum.instructions [DEBUG]: Evaluating DUP2 at 46
mythril.laser.ethereum.instructions [DEBUG]: Evaluating SWAP2 at 78
mythril.laser.ethereum.instructions [DEBUG]: Evaluating MSTORE at 47
mythril.laser.ethereum.instructions [DEBUG]: Evaluating SWAP1 at 79
mythril.laser.ethereum.instructions [DEBUG]: Evaluating PUSH1 at 48
mythril.laser.ethereum.instructions [DEBUG]: Evaluating POP at 80
mythril.analysis.module.base [DEBUG]: Entering analysis module: IntegerArithmetics
mythril.analysis.module.base [DEBUG]: Exiting analysis module: IntegerArithmetics
mythril.laser.ethereum.instructions [DEBUG]: Evaluating ADD at 49
mythril.laser.ethereum.instructions [DEBUG]: Evaluating POP at 81
mythril.laser.ethereum.instructions [DEBUG]: Evaluating SWAP2 at 50
mythril.laser.ethereum.instructions [DEBUG]: Evaluating PUSH1 at 82
mythril.laser.ethereum.instructions [DEBUG]: Evaluating POP at 51
mythril.laser.ethereum.instructions [DEBUG]: Evaluating JUMP at 83
mythril.laser.ethereum.instructions [DEBUG]: Evaluating POP at 52
mythril.laser.ethereum.instructions [DEBUG]: Evaluating JUMPDEST at 91
mythril.laser.ethereum.instructions [DEBUG]: Evaluating PUSH1 at 53
mythril.laser.ethereum.instructions [DEBUG]: Evaluating DUP1 at 92
mythril.laser.ethereum.instructions [DEBUG]: Evaluating MLOAD at 54
mythril.laser.ethereum.instructions [DEBUG]: Evaluating PUSH1 at 93
mythril.laser.ethereum.instructions [DEBUG]: Evaluating DUP1 at 55
mythril.laser.ethereum.instructions [DEBUG]: Evaluating DUP1 at 94
mythril.laser.ethereum.instructions [DEBUG]: Evaluating SWAP2 at 56
mythril.laser.ethereum.instructions [DEBUG]: Evaluating DUP3 at 95
mythril.analysis.module.base [DEBUG]: Entering analysis module: IntegerArithmetics
mythril.analysis.module.base [DEBUG]: Exiting analysis module: IntegerArithmetics
mythril.laser.ethereum.instructions [DEBUG]: Evaluating SUB at 57
mythril.laser.ethereum.instructions [DEBUG]: Evaluating DUP3 at 96
mythril.laser.ethereum.instructions [DEBUG]: Evaluating SWAP1 at 58
mythril.laser.ethereum.instructions [DEBUG]: Evaluating SLOAD at 97
mythril.analysis.module.base [DEBUG]: Entering analysis module: IntegerArithmetics
mythril.analysis.module.base [DEBUG]: Exiting analysis module: IntegerArithmetics
mythril.analysis.module.base [DEBUG]: Entering analysis module: UncheckedRetval
mythril.analysis.module.base [DEBUG]: Exiting analysis module: UncheckedRetval
mythril.laser.ethereum.instructions [DEBUG]: Evaluating RETURN at 59
mythril.laser.ethereum.svm [DEBUG]: Ending transaction MessageCallTransaction 2 from sender_2 to                                        0x0.
mythril.analysis.module.base [DEBUG]: Entering analysis module: IntegerArithmetics
mythril.analysis.module.base [DEBUG]: Exiting analysis module: IntegerArithmetics
mythril.laser.ethereum.instructions [DEBUG]: Evaluating MUL at 98
mythril.laser.ethereum.instructions [DEBUG]: Evaluating SWAP3 at 99
mythril.laser.ethereum.instructions [DEBUG]: Evaluating POP at 100
mythril.laser.ethereum.instructions [DEBUG]: Evaluating POP at 101
mythril.laser.ethereum.instructions [DEBUG]: Evaluating DUP2 at 102
mythril.laser.ethereum.instructions [DEBUG]: Evaluating SWAP1 at 103
mythril.analysis.module.base [DEBUG]: Entering analysis module: ArbitraryStorage
mythril.analysis.module.base [DEBUG]: Exiting analysis module: ArbitraryStorage
mythril.analysis.module.base [DEBUG]: Entering analysis module: IntegerArithmetics
mythril.analysis.module.base [DEBUG]: Exiting analysis module: IntegerArithmetics
mythril.analysis.module.base [DEBUG]: Entering analysis module: StateChangeAfterCall
mythril.analysis.module.base [DEBUG]: Exiting analysis module: StateChangeAfterCall
mythril.laser.ethereum.instructions [DEBUG]: Evaluating SSTORE at 104
mythril.laser.ethereum.instructions [DEBUG]: Evaluating POP at 105
mythril.laser.ethereum.instructions [DEBUG]: Evaluating POP at 106
mythril.laser.ethereum.instructions [DEBUG]: Evaluating JUMP at 107
mythril.laser.ethereum.instructions [DEBUG]: Evaluating JUMPDEST at 84
mythril.analysis.module.base [DEBUG]: Entering analysis module: IntegerArithmetics
mythril.analysis.module.base [DEBUG]: Exiting analysis module: IntegerArithmetics
mythril.analysis.module.base [DEBUG]: Entering analysis module: UncheckedRetval
mythril.analysis.module.base [DEBUG]: Exiting analysis module: UncheckedRetval
mythril.laser.ethereum.instructions [DEBUG]: Evaluating STOP at 85
mythril.laser.ethereum.svm [DEBUG]: Ending transaction MessageCallTransaction 2 from sender_2 to                                        0x0.
mythril.laser.plugin.plugins.coverage.coverage_plugin [INFO]: Number of new instructions covered in tx 1: 0
mythril.laser.ethereum.svm [INFO]: Finished symbolic execution
mythril.laser.plugin.plugins.coverage.coverage_plugin [INFO]: Achieved 99.08% coverage for code: 6060604052600436106049576000357c0100000000000000000000000000000000000000000000000000000000900463ffffffff16806306661abd14604e578063a444f5e9146074575b600080fd5b3415605857600080fd5b605e6094565b6040518082815260200191505060405180910390f35b3415607e57600080fd5b60926004808035906020019091905050609a565b005b60005481565b806000808282540292505081905550505600
mythril.laser.plugin.plugins.instruction_profiler [INFO]: Total: 0.3276333808898926 s
[ADD         ]   0.7125 %,  nr      4,  total   0.0023 s,  avg   0.0006 s,  min   0.0005 s,  max   0.0006 s
[AND         ]   0.4139 %,  nr      2,  total   0.0014 s,  avg   0.0007 s,  min   0.0006 s,  max   0.0008 s
[CALLDATALOAD]  17.5039 %,  nr      4,  total   0.0573 s,  avg   0.0143 s,  min   0.0136 s,  max   0.0162 s
[CALLDATASIZE]   0.3351 %,  nr      2,  total   0.0011 s,  avg   0.0005 s,  min   0.0005 s,  max   0.0006 s
[CALLVALUE   ]   0.6016 %,  nr      4,  total   0.0020 s,  avg   0.0005 s,  min   0.0004 s,  max   0.0006 s
[DIV         ]   0.5540 %,  nr      2,  total   0.0018 s,  avg   0.0009 s,  min   0.0009 s,  max   0.0009 s
[DUP1        ]   3.7768 %,  nr     23,  total   0.0124 s,  avg   0.0005 s,  min   0.0004 s,  max   0.0010 s
[DUP2        ]   0.8767 %,  nr      6,  total   0.0029 s,  avg   0.0005 s,  min   0.0004 s,  max   0.0006 s
[DUP3        ]   0.9388 %,  nr      6,  total   0.0031 s,  avg   0.0005 s,  min   0.0005 s,  max   0.0006 s
[EQ          ]   0.6645 %,  nr      4,  total   0.0022 s,  avg   0.0005 s,  min   0.0005 s,  max   0.0006 s
[ISZERO      ]   0.8353 %,  nr      4,  total   0.0027 s,  avg   0.0007 s,  min   0.0006 s,  max   0.0008 s
[JUMP        ]   2.4449 %,  nr      8,  total   0.0080 s,  avg   0.0010 s,  min   0.0009 s,  max   0.0012 s
[JUMPDEST    ]   3.6079 %,  nr     19,  total   0.0118 s,  avg   0.0006 s,  min   0.0005 s,  max   0.0010 s
[JUMPI       ]   5.7371 %,  nr     10,  total   0.0188 s,  avg   0.0019 s,  min   0.0015 s,  max   0.0023 s
[LT          ]   0.3507 %,  nr      2,  total   0.0011 s,  avg   0.0006 s,  min   0.0005 s,  max   0.0006 s
[MLOAD       ]  19.2196 %,  nr      4,  total   0.0630 s,  avg   0.0157 s,  min   0.0155 s,  max   0.0160 s
[MSTORE      ]  22.6765 %,  nr      4,  total   0.0743 s,  avg   0.0186 s,  min   0.0170 s,  max   0.0199 s
[MUL         ]   0.4966 %,  nr      2,  total   0.0016 s,  avg   0.0008 s,  min   0.0007 s,  max   0.0009 s
[POP         ]   2.3127 %,  nr     16,  total   0.0076 s,  avg   0.0005 s,  min   0.0004 s,  max   0.0006 s
[PUSH1       ]   9.7280 %,  nr     47,  total   0.0319 s,  avg   0.0007 s,  min   0.0004 s,  max   0.0028 s
[PUSH29      ]   0.3296 %,  nr      2,  total   0.0011 s,  avg   0.0005 s,  min   0.0005 s,  max   0.0006 s
[PUSH4       ]   1.0155 %,  nr      6,  total   0.0033 s,  avg   0.0006 s,  min   0.0005 s,  max   0.0007 s
[SLOAD       ]   0.8930 %,  nr      4,  total   0.0029 s,  avg   0.0007 s,  min   0.0007 s,  max   0.0008 s
[SSTORE      ]   0.4971 %,  nr      2,  total   0.0016 s,  avg   0.0008 s,  min   0.0006 s,  max   0.0010 s
[SUB         ]   0.4411 %,  nr      2,  total   0.0014 s,  avg   0.0007 s,  min   0.0006 s,  max   0.0008 s
[SWAP1       ]   1.9012 %,  nr     12,  total   0.0062 s,  avg   0.0005 s,  min   0.0004 s,  max   0.0007 s
[SWAP2       ]   0.8711 %,  nr      6,  total   0.0029 s,  avg   0.0005 s,  min   0.0005 s,  max   0.0005 s
[SWAP3       ]   0.2643 %,  nr      2,  total   0.0009 s,  avg   0.0004 s,  min   0.0004 s,  max   0.0004 s

mythril.analysis.security [INFO]: Starting analysis
mythril.analysis.security [DEBUG]: Retrieving results for Caller can write to arbitrary storage locations
mythril.analysis.security [DEBUG]: Retrieving results for Delegatecall to a user-specified address
mythril.analysis.security [DEBUG]: Retrieving results for Control flow depends on tx.origin
mythril.analysis.security [DEBUG]: Retrieving results for Any sender can withdraw ETH from the contract account
mythril.analysis.security [DEBUG]: Retrieving results for Integer overflow or underflow
mythril.analysis.security [DEBUG]: Retrieving results for State change after an external call
mythril.analysis.security [DEBUG]: Retrieving results for Contract can be accidentally killed by anyone
mythril.analysis.security [DEBUG]: Retrieving results for Return value of an external call is not checked
mythril.mythril.mythril_analyzer [INFO]: Solver statistics: 
Query count: 30 
Solver time: 0.8346009254455566
{"error": null, "issues": [], "success": true}
