 ______     __         __  __     ______     __     __  __     __    __    
/\  ___\   /\ \       /\ \_\ \   /\  ___\   /\ \   /\ \/\ \   /\ "-./  \   
\ \  __\   \ \ \____  \ \____ \  \ \___  \  \ \ \  \ \ \_\ \  \ \ \-./\ \  
 \ \_____\  \ \_____\  \/\_____\  \/\_____\  \ \_\  \ \_____\  \ \_\ \ \_\ 
  \/_____/   \/_____/   \/_____/   \/_____/   \/_/   \/_____/   \/_/  \/_/ 
                                                                           
Compiling source code...
Retrieving bytecode for contract 'IntegerOverflowMinimal'.
Please wait. Scanning bytecode for bugs...
Running Osiris...
Finished running Osiris. Execution time 0.9961929321289062 seconds. Code coverage 98.9%.
Running Oyente...
Finished running Oyente. Execution time 1.1833603382110596 seconds. Code coverage 98.9%.
Running Mythril...
Finished running Mythril. Execution time 3.591392993927002 seconds. Code coverage 98.86%.
Detected 1 bug(s):
--> Detected 'underflow' (SUB) bug at program counter address 146 (0x92) using Osiris with a code coverage of 98.9%.
Exporting original control-flow graph...
Recovering control-flow graph...
Recovered 100% of the control-flow graph
Number of execution paths accessing storage: 2
Deployment bytecode size: 34 bytes (original: 34 bytes) 0.0% increase.
Runtime bytecode size: 163 bytes (original: 151 bytes) 7.947019867549669% increase.
Metadata: 0xa165627a7a72305820df134ec71e293419cd0259387eb2ab6fae9861f3925bfc3f1a0be743dc1d2b920029
Exporting patched control-flow graph...
