Getting Slither report...
Switched global version to 0.4.26



'solc --version' running
'solc ../smartbugs-curated/dataset/access_control/simple_suicide.sol --combined-json abi,ast,bin,bin-runtime,srcmap,srcmap-runtime,userdoc,devdoc,hashes,compact-format --allow-paths .,/home/mokita/sc_study/temp/smartbugs-curated/dataset/access_control' running
Compilation warnings/errors on ../smartbugs-curated/dataset/access_control/simple_suicide.sol:
../smartbugs-curated/dataset/access_control/simple_suicide.sol:9:1: Warning: Source file does not specify required compiler version!Consider adding "pragma solidity ^0.4.26;"
contract SimpleSuicide {
^ (Relevant source part starts here and spans across multiple lines).
../smartbugs-curated/dataset/access_control/simple_suicide.sol:11:3: Warning: No visibility specified. Defaulting to "public". 
  function sudicideAnyone() {
  ^ (Relevant source part starts here and spans across multiple lines).


SimpleSuicide.sudicideAnyone() (../smartbugs-curated/dataset/access_control/simple_suicide.sol#11-13) allows anyone to destruct the contract
Reference: https://github.com/crytic/slither/wiki/Detector-Documentation#suicidal

solc-0.4.26 is an outdated solc version. Use a more recent version (at least 0.8.0), if possible.
Reference: https://github.com/crytic/slither/wiki/Detector-Documentation#incorrect-versions-of-solidity
../smartbugs-curated/dataset/access_control/simple_suicide.sol analyzed (1 contracts with 95 detectors), 2 result(s) found

Error running slither
simple_suicide.sol
Getting Solidity AST...
Running TIPS...
simple_suicide.sol
0.0002715587615966797


