smartbugs/dataset/unchecked_low_level_calls/0x663e4229142a27f00bafb5d087e1e730648314c3.sol:34:3: Warning: Defining constructors as functions with the same name as the contract is deprecated. Use "constructor(...) { ... }" instead.
  function Ownable() {
  ^ (Relevant source part starts here and spans across multiple lines).
smartbugs/dataset/unchecked_low_level_calls/0x663e4229142a27f00bafb5d087e1e730648314c3.sol:769:9: Warning: Use of the "var" keyword is deprecated.
        var outputString = new string(_stringLength);
        ^--------------^
smartbugs/dataset/unchecked_low_level_calls/0x663e4229142a27f00bafb5d087e1e730648314c3.sol:1473:5: Warning: Defining constructors as functions with the same name as the contract is deprecated. Use "constructor(...) { ... }" instead.
    function ClockAuction(address _nftAddress, uint256 _cut) public {
    ^ (Relevant source part starts here and spans across multiple lines).
smartbugs/dataset/unchecked_low_level_calls/0x663e4229142a27f00bafb5d087e1e730648314c3.sol:1626:5: Warning: Defining constructors as functions with the same name as the contract is deprecated. Use "constructor(...) { ... }" instead.
    function SiringClockAuction(address _nftAddr, uint256 _cut) public
    ^ (Relevant source part starts here and spans across multiple lines).
smartbugs/dataset/unchecked_low_level_calls/0x663e4229142a27f00bafb5d087e1e730648314c3.sol:1705:5: Warning: Defining constructors as functions with the same name as the contract is deprecated. Use "constructor(...) { ... }" instead.
    function SaleClockAuction(address _nftAddr, uint256 _cut) public
    ^ (Relevant source part starts here and spans across multiple lines).
smartbugs/dataset/unchecked_low_level_calls/0x663e4229142a27f00bafb5d087e1e730648314c3.sol:1857:5: Warning: Defining constructors as functions with the same name as the contract is deprecated. Use "constructor(...) { ... }" instead.
    function SaleClockAuctionERC20(address _nftAddr, uint256 _cut) public
    ^ (Relevant source part starts here and spans across multiple lines).
smartbugs/dataset/unchecked_low_level_calls/0x663e4229142a27f00bafb5d087e1e730648314c3.sol:2359:5: Warning: Defining constructors as functions with the same name as the contract is deprecated. Use "constructor(...) { ... }" instead.
    function PandaCore() public {
    ^ (Relevant source part starts here and spans across multiple lines).
smartbugs/dataset/unchecked_low_level_calls/0x663e4229142a27f00bafb5d087e1e730648314c3.sol:9:1: Warning: Source file does not specify required compiler version!Consider adding "pragma solidity ^0.4.24;"
contract ERC20 {
^ (Relevant source part starts here and spans across multiple lines).
smartbugs/dataset/unchecked_low_level_calls/0x663e4229142a27f00bafb5d087e1e730648314c3.sol:403:9: Warning: Invoking events without "emit" prefix is deprecated.
        Transfer(_from, _to, _tokenId);
        ^----------------------------^
smartbugs/dataset/unchecked_low_level_calls/0x663e4229142a27f00bafb5d087e1e730648314c3.sol:490:9: Warning: Invoking events without "emit" prefix is deprecated.
        Birth(
        ^ (Relevant source part starts here and spans across multiple lines).
smartbugs/dataset/unchecked_low_level_calls/0x663e4229142a27f00bafb5d087e1e730648314c3.sol:661:9: Warning: Invoking events without "emit" prefix is deprecated.
        Approval(msg.sender, _to, _tokenId);
        ^---------------------------------^
smartbugs/dataset/unchecked_low_level_calls/0x663e4229142a27f00bafb5d087e1e730648314c3.sol:1024:9: Warning: Invoking events without "emit" prefix is deprecated.
        Pregnant(pandaIndexToOwner[_matronId], _matronId, _sireId, matron.cooldownEndBlock);
        ^---------------------------------------------------------------------------------^
smartbugs/dataset/unchecked_low_level_calls/0x663e4229142a27f00bafb5d087e1e730648314c3.sol:1130:21: Warning: This function only accepts a single "bytes" argument. Please use "abi.encodePacked(...)" or a similar function to encode the data.
        if (uint256(keccak256(block.blockhash(block.number - 2), now)) % 100 < probability) {
                    ^-----------------------------------------------^
smartbugs/dataset/unchecked_low_level_calls/0x663e4229142a27f00bafb5d087e1e730648314c3.sol:1135:13: Warning: Invoking events without "emit" prefix is deprecated.
            Abortion(pandaIndexToOwner[_matronId], _matronId, sireId);
            ^-------------------------------------------------------^
smartbugs/dataset/unchecked_low_level_calls/0x663e4229142a27f00bafb5d087e1e730648314c3.sol:1151:9: Warning: Failure condition of 'send' ignored. Consider using 'transfer' instead.
        msg.sender.send(autoBirthFee);
        ^---------------------------^
smartbugs/dataset/unchecked_low_level_calls/0x663e4229142a27f00bafb5d087e1e730648314c3.sol:1236:9: Warning: Invoking events without "emit" prefix is deprecated.
        AuctionCreated(
        ^ (Relevant source part starts here and spans across multiple lines).
smartbugs/dataset/unchecked_low_level_calls/0x663e4229142a27f00bafb5d087e1e730648314c3.sol:1248:9: Warning: Invoking events without "emit" prefix is deprecated.
        AuctionCancelled(_tokenId);
        ^------------------------^
smartbugs/dataset/unchecked_low_level_calls/0x663e4229142a27f00bafb5d087e1e730648314c3.sol:1309:9: Warning: Invoking events without "emit" prefix is deprecated.
        AuctionSuccessful(_tokenId, price, msg.sender);
        ^--------------------------------------------^
smartbugs/dataset/unchecked_low_level_calls/0x663e4229142a27f00bafb5d087e1e730648314c3.sol:1443:5: Warning: Invoking events without "emit" prefix is deprecated.
    Pause();
    ^-----^
smartbugs/dataset/unchecked_low_level_calls/0x663e4229142a27f00bafb5d087e1e730648314c3.sol:1452:5: Warning: Invoking events without "emit" prefix is deprecated.
    Unpause();
    ^-------^
smartbugs/dataset/unchecked_low_level_calls/0x663e4229142a27f00bafb5d087e1e730648314c3.sol:1495:36: Warning: Using contract member "balance" inherited from the address type is deprecated. Convert the contract to "address" type to access the member, for example use "address(contract).balance" instead.
        bool res = nftAddress.send(this.balance);
                                   ^----------^
smartbugs/dataset/unchecked_low_level_calls/0x663e4229142a27f00bafb5d087e1e730648314c3.sol:1807:25: Warning: This function only accepts a single "bytes" argument. Please use "abi.encodePacked(...)" or a similar function to encode the data.
        bytes32 bHash = keccak256(block.blockhash(block.number),block.blockhash(block.number-1));
                        ^----------------------------------------------------------------------^
smartbugs/dataset/unchecked_low_level_calls/0x663e4229142a27f00bafb5d087e1e730648314c3.sol:1917:9: Warning: Invoking events without "emit" prefix is deprecated.
        AuctionERC20Created(
        ^ (Relevant source part starts here and spans across multiple lines).
smartbugs/dataset/unchecked_low_level_calls/0x663e4229142a27f00bafb5d087e1e730648314c3.sol:2012:9: Warning: Invoking events without "emit" prefix is deprecated.
        AuctionSuccessful(_tokenId, price, msg.sender);
        ^--------------------------------------------^
smartbugs/dataset/unchecked_low_level_calls/0x663e4229142a27f00bafb5d087e1e730648314c3.sol:2397:9: Warning: Invoking events without "emit" prefix is deprecated.
        ContractUpgrade(_v2Address);
        ^-------------------------^
smartbugs/dataset/unchecked_low_level_calls/0x663e4229142a27f00bafb5d087e1e730648314c3.sol:2460:27: Warning: Using contract member "balance" inherited from the address type is deprecated. Convert the contract to "address" type to access the member, for example use "address(contract).balance" instead.
        uint256 balance = this.balance;
                          ^----------^
smartbugs/dataset/unchecked_low_level_calls/0x663e4229142a27f00bafb5d087e1e730648314c3.sol:2466:13: Warning: Failure condition of 'send' ignored. Consider using 'transfer' instead.
            cfoAddress.send(balance - subtractFees);
            ^-------------------------------------^
smartbugs/dataset/unchecked_low_level_calls/0x663e4229142a27f00bafb5d087e1e730648314c3.sol:10:5: Warning: No visibility specified. Defaulting to "public". 
    function totalSupply() constant returns (uint supply);
    ^----------------------------------------------------^
smartbugs/dataset/unchecked_low_level_calls/0x663e4229142a27f00bafb5d087e1e730648314c3.sol:11:5: Warning: No visibility specified. Defaulting to "public". 
    function balanceOf( address who ) constant returns (uint value);
    ^--------------------------------------------------------------^
smartbugs/dataset/unchecked_low_level_calls/0x663e4229142a27f00bafb5d087e1e730648314c3.sol:12:5: Warning: No visibility specified. Defaulting to "public". 
    function allowance( address owner, address spender ) constant returns (uint _allowance);
    ^--------------------------------------------------------------------------------------^
smartbugs/dataset/unchecked_low_level_calls/0x663e4229142a27f00bafb5d087e1e730648314c3.sol:14:5: Warning: No visibility specified. Defaulting to "public". 
    function transfer( address to, uint value) returns (bool ok);
    ^-----------------------------------------------------------^
smartbugs/dataset/unchecked_low_level_calls/0x663e4229142a27f00bafb5d087e1e730648314c3.sol:15:5: Warning: No visibility specified. Defaulting to "public". 
    function transferFrom( address from, address to, uint value) returns (bool ok);
    ^-----------------------------------------------------------------------------^
smartbugs/dataset/unchecked_low_level_calls/0x663e4229142a27f00bafb5d087e1e730648314c3.sol:16:5: Warning: No visibility specified. Defaulting to "public". 
    function approve( address spender, uint value ) returns (bool ok);
    ^----------------------------------------------------------------^
smartbugs/dataset/unchecked_low_level_calls/0x663e4229142a27f00bafb5d087e1e730648314c3.sol:34:3: Warning: No visibility specified. Defaulting to "public". 
  function Ownable() {
  ^ (Relevant source part starts here and spans across multiple lines).
smartbugs/dataset/unchecked_low_level_calls/0x663e4229142a27f00bafb5d087e1e730648314c3.sol:52:3: Warning: No visibility specified. Defaulting to "public". 
  function transferOwnership(address newOwner) onlyOwner {
  ^ (Relevant source part starts here and spans across multiple lines).
smartbugs/dataset/unchecked_low_level_calls/0x663e4229142a27f00bafb5d087e1e730648314c3.sol:1130:31: Warning: "block.blockhash()" has been deprecated in favor of "blockhash()"
        if (uint256(keccak256(block.blockhash(block.number - 2), now)) % 100 < probability) {
                              ^-------------^
smartbugs/dataset/unchecked_low_level_calls/0x663e4229142a27f00bafb5d087e1e730648314c3.sol:1441:3: Warning: No visibility specified. Defaulting to "public". 
  function pause() onlyOwner whenNotPaused returns (bool) {
  ^ (Relevant source part starts here and spans across multiple lines).
smartbugs/dataset/unchecked_low_level_calls/0x663e4229142a27f00bafb5d087e1e730648314c3.sol:1450:3: Warning: No visibility specified. Defaulting to "public". 
  function unpause() onlyOwner whenPaused returns (bool) {
  ^ (Relevant source part starts here and spans across multiple lines).
smartbugs/dataset/unchecked_low_level_calls/0x663e4229142a27f00bafb5d087e1e730648314c3.sol:1495:9: Warning: Unused local variable.
        bool res = nftAddress.send(this.balance);
        ^------^
smartbugs/dataset/unchecked_low_level_calls/0x663e4229142a27f00bafb5d087e1e730648314c3.sol:1807:35: Warning: "block.blockhash()" has been deprecated in favor of "blockhash()"
        bytes32 bHash = keccak256(block.blockhash(block.number),block.blockhash(block.number-1));
                                  ^-------------^
smartbugs/dataset/unchecked_low_level_calls/0x663e4229142a27f00bafb5d087e1e730648314c3.sol:1807:65: Warning: "block.blockhash()" has been deprecated in favor of "blockhash()"
        bytes32 bHash = keccak256(block.blockhash(block.number),block.blockhash(block.number-1));
                                                                ^-------------^
smartbugs/dataset/unchecked_low_level_calls/0x663e4229142a27f00bafb5d087e1e730648314c3.sol:1926:18: Warning: Unused function parameter. Remove or comment out the variable name to silence this warning.
    function bid(uint256 _tokenId)
                 ^--------------^
smartbugs/dataset/unchecked_low_level_calls/0x663e4229142a27f00bafb5d087e1e730648314c3.sol:1938:9: Warning: Unused local variable.
        address seller = tokenIdToAuction[_tokenId].seller;
        ^------------^
smartbugs/dataset/unchecked_low_level_calls/0x663e4229142a27f00bafb5d087e1e730648314c3.sol:1941:9: Warning: Unused local variable.
        uint256 price = _bidERC20(_erc20address,msg.sender,_tokenId, _amount);
        ^-----------^
smartbugs/dataset/unchecked_low_level_calls/0x663e4229142a27f00bafb5d087e1e730648314c3.sol:1957:88: Warning: Unused function parameter. Remove or comment out the variable name to silence this warning.
    function withdrawERC20Balance(address _erc20Address, address _to) external returns(bool res)  {
                                                                                       ^------^
smartbugs/dataset/unchecked_low_level_calls/0x663e4229142a27f00bafb5d087e1e730648314c3.sol:515:5: Warning: Function state mutability can be restricted to pure
    function getMetadata(uint256 _tokenId, string) public view returns (bytes32[4] buffer, uint256 count) {
    ^ (Relevant source part starts here and spans across multiple lines).
smartbugs/dataset/unchecked_low_level_calls/0x663e4229142a27f00bafb5d087e1e730648314c3.sol:746:5: Warning: Function state mutability can be restricted to pure
    function _memcpy(uint _dest, uint _src, uint _len) private view {
    ^ (Relevant source part starts here and spans across multiple lines).
smartbugs/dataset/unchecked_low_level_calls/0x663e4229142a27f00bafb5d087e1e730648314c3.sol:989:5: Warning: Function state mutability can be restricted to view
    function _exchangeMatronSireId(uint256 _matronId, uint256 _sireId) internal returns(uint256, uint256) {
    ^ (Relevant source part starts here and spans across multiple lines).
FATAL ERROR: Ineffective mark-compacts near heap limit Allocation failed - JavaScript heap out of memory
 1: 0x8fb090 node::Abort() [node]
 2: 0x8fb0dc  [node]
 3: 0xb0336e v8::Utils::ReportOOMFailure(v8::internal::Isolate*, char const*, bool) [node]
 4: 0xb035a4 v8::internal::V8::FatalProcessOutOfMemory(v8::internal::Isolate*, char const*, bool) [node]
 5: 0xef7602  [node]
 6: 0xef7708 v8::internal::Heap::CheckIneffectiveMarkCompact(unsigned long, double) [node]
 7: 0xf037e2 v8::internal::Heap::PerformGarbageCollection(v8::internal::GarbageCollector, v8::GCCallbackFlags) [node]
 8: 0xf04114 v8::internal::Heap::CollectGarbage(v8::internal::AllocationSpace, v8::internal::GarbageCollectionReason, v8::GCCallbackFlags) [node]
 9: 0xf06d81 v8::internal::Heap::AllocateRawWithRetryOrFail(int, v8::internal::AllocationSpace, v8::internal::AllocationAlignment) [node]
10: 0xed0204 v8::internal::Factory::NewFillerObject(int, bool, v8::internal::AllocationSpace) [node]
11: 0x11702de v8::internal::Runtime_AllocateInNewSpace(int, v8::internal::Object**, v8::internal::Isolate*) [node]
12: 0x39131b15bf1d 
Aborted (core dumped)
npm ERR! code ELIFECYCLE
npm ERR! errno 134
npm ERR! symEvm@1.0.0 dev: `node src/index.js "smartbugs/dataset/unchecked_low_level_calls/0x663e4229142a27f00bafb5d087e1e730648314c3.sol" "results/unchecked_low_level_calls/0x663e4229142a27f00bafb5d087e1e730648314c3" "PandaCore"`
npm ERR! Exit status 134
npm ERR! 
npm ERR! Failed at the symEvm@1.0.0 dev script.
npm ERR! This is probably not a problem with npm. There is likely additional logging output above.

npm ERR! A complete log of this run can be found in:
npm ERR!     /root/.npm/_logs/2024-05-20T13_04_35_008Z-debug.log
