Compilation warnings/errors on smartbugs/dataset/unchecked_low_level_calls/0xec329ffc97d75fe03428ae155fc7793431487f63.sol:
smartbugs/dataset/unchecked_low_level_calls/0xec329ffc97d75fe03428ae155fc7793431487f63.sol:10:5: Warning: Defining constructors as functions with the same name as the contract is deprecated. Use "constructor(...) { ... }" instead.
    function Owned() {
    ^ (Relevant source part starts here and spans across multiple lines).
smartbugs/dataset/unchecked_low_level_calls/0xec329ffc97d75fe03428ae155fc7793431487f63.sol:53:5: Warning: Defining constructors as functions with the same name as the contract is deprecated. Use "constructor(...) { ... }" instead.
    function TokenSender(address _token) {
    ^ (Relevant source part starts here and spans across multiple lines).
smartbugs/dataset/unchecked_low_level_calls/0xec329ffc97d75fe03428ae155fc7793431487f63.sol:69:21: Warning: "throw" is deprecated in favour of "revert()", "require()" and "assert()".
        if (next>0) throw;
                    ^---^
smartbugs/dataset/unchecked_low_level_calls/0xec329ffc97d75fe03428ae155fc7793431487f63.sol:96:77: Warning: "throw" is deprecated in favour of "revert()", "require()" and "assert()".
        if ((mNext == 0 ) && ( token.balanceOf(this) != totalToDistribute)) throw;
                                                                            ^---^
smartbugs/dataset/unchecked_low_level_calls/0xec329ffc97d75fe03428ae155fc7793431487f63.sol:102:69: Warning: "throw" is deprecated in favour of "revert()", "require()" and "assert()".
                if (!token.transfer(addr, transfers[mNext].amount)) throw;
                                                                    ^---^
smartbugs/dataset/unchecked_low_level_calls/0xec329ffc97d75fe03428ae155fc7793431487f63.sol:126:5: Warning: Variable is shadowed in inline assembly by an instruction of the same name
    function gas() internal constant returns (uint _gas) {
    ^ (Relevant source part starts here and spans across multiple lines).
smartbugs/dataset/unchecked_low_level_calls/0xec329ffc97d75fe03428ae155fc7793431487f63.sol:30:9: Warning: Return value of low-level calls not used.
        _dst.call.value(_value)(_data);
        ^----------------------------^
smartbugs/dataset/unchecked_low_level_calls/0xec329ffc97d75fe03428ae155fc7793431487f63.sol:10:5: Warning: No visibility specified. Defaulting to "public". 
    function Owned() {
    ^ (Relevant source part starts here and spans across multiple lines).
smartbugs/dataset/unchecked_low_level_calls/0xec329ffc97d75fe03428ae155fc7793431487f63.sol:21:5: Warning: No visibility specified. Defaulting to "public". 
    function changeOwner(address _newOwner) onlyOwner {
    ^ (Relevant source part starts here and spans across multiple lines).
smartbugs/dataset/unchecked_low_level_calls/0xec329ffc97d75fe03428ae155fc7793431487f63.sol:28:5: Warning: No visibility specified. Defaulting to "public". 
    function execute(address _dst, uint _value, bytes _data) onlyOwner {
    ^ (Relevant source part starts here and spans across multiple lines).
smartbugs/dataset/unchecked_low_level_calls/0xec329ffc97d75fe03428ae155fc7793431487f63.sol:35:5: Warning: No visibility specified. Defaulting to "public". 
    function transfer(address, uint) returns(bool);
    ^---------------------------------------------^
smartbugs/dataset/unchecked_low_level_calls/0xec329ffc97d75fe03428ae155fc7793431487f63.sol:36:5: Warning: No visibility specified. Defaulting to "public". 
    function balanceOf(address) constant returns (uint);
    ^--------------------------------------------------^
smartbugs/dataset/unchecked_low_level_calls/0xec329ffc97d75fe03428ae155fc7793431487f63.sol:53:5: Warning: No visibility specified. Defaulting to "public". 
    function TokenSender(address _token) {
    ^ (Relevant source part starts here and spans across multiple lines).
smartbugs/dataset/unchecked_low_level_calls/0xec329ffc97d75fe03428ae155fc7793431487f63.sol:66:5: Warning: No visibility specified. Defaulting to "public". 
    function fill(uint[] data) onlyOwner {
    ^ (Relevant source part starts here and spans across multiple lines).
smartbugs/dataset/unchecked_low_level_calls/0xec329ffc97d75fe03428ae155fc7793431487f63.sol:87:5: Warning: No visibility specified. Defaulting to "public". 
    function run() onlyOwner {
    ^ (Relevant source part starts here and spans across multiple lines).
smartbugs/dataset/unchecked_low_level_calls/0xec329ffc97d75fe03428ae155fc7793431487f63.sol:116:5: Warning: No visibility specified. Defaulting to "public". 
    function hasTerminated() constant returns (bool) {
    ^ (Relevant source part starts here and spans across multiple lines).
smartbugs/dataset/unchecked_low_level_calls/0xec329ffc97d75fe03428ae155fc7793431487f63.sol:122:5: Warning: No visibility specified. Defaulting to "public". 
    function nTransfers() constant returns (uint) {
    ^ (Relevant source part starts here and spans across multiple lines).

smartbugs/dataset/unchecked_low_level_calls/0xec329ffc97d75fe03428ae155fc7793431487f63.sol analyzed (3 contracts)
error can not find type for {"type":"IndexAccess","base":{"type":"Identifier","name":"data","loc":{"start":{"line":76,"column":26},"end":{"line":76,"column":26}}},"index":{"type":"Identifier","name":"i","loc":{"start":{"line":76,"column":31},"end":{"line":76,"column":31}}},"loc":{"start":{"line":76,"column":26},"end":{"line":76,"column":32}}}
