mythril.mythril.mythril_config [INFO]: Creating mythril data directory 
mythril.mythril.mythril_config [INFO]: No config file found. Creating default: /root/.mythril/config.ini 
mythril.mythril.mythril_config [INFO]: Infura key not provided, so onchain access is disabled. Use --infura-id <INFURA_ID> or set it in the environment variable INFURA_ID or in the ~/.mythril/config.ini file 
mythril.support.signatures [INFO]: Using signature database at /root/.mythril/signatures.db
mythril.laser.ethereum.svm [INFO]: LASER EVM initialized with dynamic loader: <mythril.support.loader.DynLoader object at 0x775fee798a60>
mythril.laser.ethereum.strategy.extensions.bounded_loops [INFO]: Loaded search strategy extension: Loop bounds (limit = 3)
mythril.laser.plugin.loader [INFO]: Loading laser plugin: coverage
mythril.laser.plugin.loader [INFO]: Loading laser plugin: mutation-pruner
mythril.laser.plugin.loader [INFO]: Loading laser plugin: call-depth-limit
mythril.laser.plugin.loader [INFO]: Loading laser plugin: instruction-profiler
mythril.laser.plugin.loader [INFO]: Loading laser plugin: dependency-pruner
mythril.laser.plugin.loader [INFO]: Instrumenting symbolic vm with plugin: coverage
mythril.laser.plugin.loader [INFO]: Instrumenting symbolic vm with plugin: mutation-pruner
mythril.laser.plugin.loader [INFO]: Instrumenting symbolic vm with plugin: call-depth-limit
mythril.laser.plugin.loader [INFO]: Instrumenting symbolic vm with plugin: instruction-profiler
mythril.laser.plugin.loader [INFO]: Instrumenting symbolic vm with plugin: dependency-pruner
mythril.laser.ethereum.svm [DEBUG]: Starting LASER execution
mythril.laser.ethereum.svm [INFO]: Starting message call transaction to 0
mythril.laser.ethereum.svm [INFO]: Starting message call transaction, iteration: 0, 1 initial states
mythril.laser.ethereum.instructions [DEBUG]: Evaluating PUSH1 at 0
mythril.laser.ethereum.instructions [DEBUG]: Evaluating PUSH1 at 1
mythril.laser.ethereum.instructions [DEBUG]: Evaluating MSTORE at 2
mythril.laser.ethereum.instructions [DEBUG]: Evaluating PUSH1 at 3
mythril.laser.ethereum.instructions [DEBUG]: Evaluating CALLDATASIZE at 4
mythril.laser.ethereum.instructions [DEBUG]: Evaluating LT at 5
mythril.laser.ethereum.instructions [DEBUG]: Evaluating PUSH1 at 6
mythril.analysis.module.base [DEBUG]: Entering analysis module: TxOrigin
mythril.analysis.module.base [DEBUG]: Exiting analysis module: TxOrigin
mythril.analysis.module.base [DEBUG]: Entering analysis module: IntegerArithmetics
mythril.analysis.module.base [DEBUG]: Exiting analysis module: IntegerArithmetics
mythril.laser.ethereum.instructions [DEBUG]: Evaluating JUMPI at 7
mythril.laser.ethereum.instructions [DEBUG]: Evaluating PUSH4 at 8
mythril.laser.ethereum.instructions [DEBUG]: Evaluating JUMPDEST at 24
mythril.laser.ethereum.instructions [DEBUG]: Evaluating PUSH29 at 9
mythril.analysis.module.base [DEBUG]: Entering analysis module: IntegerArithmetics
mythril.analysis.module.base [DEBUG]: Exiting analysis module: IntegerArithmetics
mythril.analysis.module.base [DEBUG]: Entering analysis module: UncheckedRetval
mythril.analysis.module.base [DEBUG]: Exiting analysis module: UncheckedRetval
mythril.laser.ethereum.instructions [DEBUG]: Evaluating STOP at 25
mythril.laser.ethereum.svm [DEBUG]: Ending transaction MessageCallTransaction 1 from sender_1 to                                        0x0.
mythril.laser.ethereum.instructions [DEBUG]: Evaluating PUSH1 at 10
mythril.laser.ethereum.instructions [DEBUG]: Evaluating CALLDATALOAD at 11
mythril.laser.ethereum.instructions [DEBUG]: Evaluating DIV at 12
mythril.laser.ethereum.instructions [DEBUG]: Evaluating AND at 13
mythril.laser.ethereum.instructions [DEBUG]: Evaluating PUSH4 at 14
mythril.laser.ethereum.instructions [DEBUG]: Evaluating DUP2 at 15
mythril.laser.ethereum.instructions [DEBUG]: Evaluating EQ at 16
mythril.laser.ethereum.instructions [DEBUG]: Evaluating PUSH1 at 17
mythril.analysis.module.base [DEBUG]: Entering analysis module: TxOrigin
mythril.analysis.module.base [DEBUG]: Exiting analysis module: TxOrigin
mythril.analysis.module.base [DEBUG]: Entering analysis module: IntegerArithmetics
mythril.analysis.module.base [DEBUG]: Exiting analysis module: IntegerArithmetics
mythril.laser.ethereum.instructions [DEBUG]: Evaluating JUMPI at 18
mythril.laser.ethereum.instructions [DEBUG]: Evaluating DUP1 at 19
mythril.laser.ethereum.instructions [DEBUG]: Evaluating JUMPDEST at 26
mythril.laser.ethereum.instructions [DEBUG]: Evaluating PUSH4 at 20
mythril.laser.ethereum.instructions [DEBUG]: Evaluating CALLVALUE at 27
mythril.laser.ethereum.instructions [DEBUG]: Evaluating EQ at 21
mythril.laser.ethereum.instructions [DEBUG]: Evaluating DUP1 at 28
mythril.laser.ethereum.instructions [DEBUG]: Evaluating PUSH1 at 22
mythril.laser.ethereum.instructions [DEBUG]: Evaluating ISZERO at 29
mythril.analysis.module.base [DEBUG]: Entering analysis module: TxOrigin
mythril.analysis.module.base [DEBUG]: Exiting analysis module: TxOrigin
mythril.analysis.module.base [DEBUG]: Entering analysis module: IntegerArithmetics
mythril.analysis.module.base [DEBUG]: Exiting analysis module: IntegerArithmetics
mythril.laser.ethereum.instructions [DEBUG]: Evaluating JUMPI at 23
mythril.laser.ethereum.svm [DEBUG]: - Entering function MAIN:unknown
mythril.laser.ethereum.instructions [DEBUG]: Evaluating PUSH1 at 30
mythril.laser.ethereum.instructions [DEBUG]: Evaluating JUMPDEST at 24
mythril.laser.ethereum.instructions [DEBUG]: Evaluating JUMPDEST at 40
mythril.analysis.module.base [DEBUG]: Entering analysis module: TxOrigin
mythril.analysis.module.base [DEBUG]: Exiting analysis module: TxOrigin
mythril.analysis.module.base [DEBUG]: Entering analysis module: IntegerArithmetics
mythril.analysis.module.base [DEBUG]: Exiting analysis module: IntegerArithmetics
mythril.laser.ethereum.instructions [DEBUG]: Evaluating JUMPI at 31
mythril.analysis.module.base [DEBUG]: Entering analysis module: IntegerArithmetics
mythril.analysis.module.base [DEBUG]: Exiting analysis module: IntegerArithmetics
mythril.analysis.module.base [DEBUG]: Entering analysis module: UncheckedRetval
mythril.analysis.module.base [DEBUG]: Exiting analysis module: UncheckedRetval
mythril.laser.ethereum.instructions [DEBUG]: Evaluating STOP at 25
mythril.laser.ethereum.svm [DEBUG]: Ending transaction MessageCallTransaction 1 from sender_1 to                                        0x0.
mythril.laser.ethereum.instructions [DEBUG]: Evaluating CALLVALUE at 41
mythril.laser.ethereum.instructions [DEBUG]: Evaluating PUSH1 at 32
mythril.laser.ethereum.instructions [DEBUG]: Evaluating JUMPDEST at 35
mythril.laser.ethereum.instructions [DEBUG]: Evaluating DUP1 at 42
mythril.laser.ethereum.instructions [DEBUG]: Evaluating DUP1 at 33
mythril.laser.ethereum.instructions [DEBUG]: Evaluating POP at 36
mythril.laser.ethereum.instructions [DEBUG]: Evaluating ISZERO at 43
mythril.laser.ethereum.instructions [DEBUG]: Evaluating REVERT at 34
mythril.laser.ethereum.svm [DEBUG]: Ending transaction MessageCallTransaction 1 from sender_1 to                                        0x0.
mythril.laser.ethereum.instructions [DEBUG]: Evaluating PUSH1 at 37
mythril.laser.ethereum.instructions [DEBUG]: Evaluating PUSH1 at 44
mythril.laser.ethereum.instructions [DEBUG]: Evaluating PUSH1 at 38
mythril.analysis.module.base [DEBUG]: Entering analysis module: TxOrigin
mythril.analysis.module.base [DEBUG]: Exiting analysis module: TxOrigin
mythril.analysis.module.base [DEBUG]: Entering analysis module: IntegerArithmetics
mythril.analysis.module.base [DEBUG]: Exiting analysis module: IntegerArithmetics
mythril.laser.ethereum.instructions [DEBUG]: Evaluating JUMPI at 45
mythril.laser.ethereum.instructions [DEBUG]: Evaluating JUMP at 39
mythril.laser.ethereum.instructions [DEBUG]: Evaluating PUSH1 at 46
mythril.laser.ethereum.instructions [DEBUG]: Evaluating JUMPDEST at 49
mythril.laser.ethereum.instructions [DEBUG]: Evaluating JUMPDEST at 54
mythril.laser.ethereum.instructions [DEBUG]: Evaluating DUP1 at 47
mythril.laser.ethereum.instructions [DEBUG]: Evaluating POP at 50
mythril.laser.ethereum.instructions [DEBUG]: Evaluating PUSH1 at 55
mythril.laser.ethereum.instructions [DEBUG]: Evaluating REVERT at 48
mythril.laser.ethereum.svm [DEBUG]: Ending transaction MessageCallTransaction 1 from sender_1 to                                        0x0.
mythril.laser.ethereum.instructions [DEBUG]: Evaluating PUSH1 at 51
mythril.laser.ethereum.instructions [DEBUG]: Evaluating DUP1 at 56
mythril.laser.ethereum.instructions [DEBUG]: Evaluating PUSH1 at 52
mythril.laser.ethereum.instructions [DEBUG]: Evaluating SLOAD at 57
mythril.laser.ethereum.instructions [DEBUG]: Evaluating JUMP at 53
mythril.laser.ethereum.instructions [DEBUG]: Evaluating PUSH20 at 58
mythril.laser.ethereum.instructions [DEBUG]: Evaluating JUMPDEST at 66
mythril.laser.ethereum.instructions [DEBUG]: Evaluating NOT at 59
mythril.laser.ethereum.instructions [DEBUG]: Evaluating PUSH1 at 67
mythril.laser.ethereum.instructions [DEBUG]: Evaluating AND at 60
mythril.laser.ethereum.instructions [DEBUG]: Evaluating SLOAD at 68
mythril.laser.ethereum.instructions [DEBUG]: Evaluating CALLER at 61
mythril.laser.ethereum.instructions [DEBUG]: Evaluating PUSH20 at 69
mythril.laser.ethereum.instructions [DEBUG]: Evaluating OR at 62
mythril.laser.ethereum.instructions [DEBUG]: Evaluating AND at 70
mythril.laser.ethereum.instructions [DEBUG]: Evaluating SWAP1 at 63
mythril.laser.ethereum.instructions [DEBUG]: Evaluating CALLER at 71
mythril.analysis.module.base [DEBUG]: Entering analysis module: ArbitraryStorage
mythril.analysis.module.base [DEBUG]: Exiting analysis module: ArbitraryStorage
mythril.analysis.module.base [DEBUG]: Entering analysis module: IntegerArithmetics
mythril.analysis.module.base [DEBUG]: Exiting analysis module: IntegerArithmetics
mythril.analysis.module.base [DEBUG]: Entering analysis module: StateChangeAfterCall
mythril.analysis.module.base [DEBUG]: Exiting analysis module: StateChangeAfterCall
mythril.laser.ethereum.instructions [DEBUG]: Evaluating SSTORE at 64
mythril.laser.ethereum.instructions [DEBUG]: Evaluating EQ at 72
mythril.laser.ethereum.instructions [DEBUG]: Evaluating JUMP at 65
mythril.laser.ethereum.instructions [DEBUG]: Evaluating PUSH1 at 73
mythril.laser.ethereum.instructions [DEBUG]: Evaluating JUMPDEST at 24
mythril.analysis.module.base [DEBUG]: Entering analysis module: TxOrigin
mythril.analysis.module.base [DEBUG]: Exiting analysis module: TxOrigin
mythril.analysis.module.base [DEBUG]: Entering analysis module: IntegerArithmetics
mythril.analysis.module.base [DEBUG]: Exiting analysis module: IntegerArithmetics
mythril.laser.ethereum.instructions [DEBUG]: Evaluating JUMPI at 74
mythril.analysis.module.base [DEBUG]: Entering analysis module: IntegerArithmetics
mythril.analysis.module.base [DEBUG]: Exiting analysis module: IntegerArithmetics
mythril.analysis.module.base [DEBUG]: Entering analysis module: UncheckedRetval
mythril.analysis.module.base [DEBUG]: Exiting analysis module: UncheckedRetval
mythril.laser.ethereum.instructions [DEBUG]: Evaluating STOP at 25
mythril.laser.ethereum.svm [DEBUG]: Ending transaction MessageCallTransaction 1 from sender_1 to                                        0x0.
mythril.laser.ethereum.instructions [DEBUG]: Evaluating PUSH1 at 75
mythril.laser.ethereum.instructions [DEBUG]: Evaluating DUP1 at 76
mythril.laser.ethereum.instructions [DEBUG]: Evaluating REVERT at 77
mythril.laser.ethereum.svm [DEBUG]: Ending transaction MessageCallTransaction 1 from sender_1 to                                        0x0.
mythril.laser.plugin.plugins.coverage.coverage_plugin [INFO]: Number of new instructions covered in tx 0: 78
mythril.laser.ethereum.svm [INFO]: Starting message call transaction, iteration: 1, 3 initial states
mythril.laser.ethereum.instructions [DEBUG]: Evaluating PUSH1 at 0
mythril.laser.ethereum.instructions [DEBUG]: Evaluating PUSH1 at 0
mythril.laser.ethereum.instructions [DEBUG]: Evaluating PUSH1 at 0
mythril.laser.ethereum.instructions [DEBUG]: Evaluating PUSH1 at 1
mythril.laser.ethereum.instructions [DEBUG]: Evaluating PUSH1 at 1
mythril.laser.ethereum.instructions [DEBUG]: Evaluating PUSH1 at 1
mythril.laser.ethereum.instructions [DEBUG]: Evaluating MSTORE at 2
mythril.laser.ethereum.instructions [DEBUG]: Evaluating MSTORE at 2
mythril.laser.ethereum.instructions [DEBUG]: Evaluating MSTORE at 2
mythril.laser.ethereum.instructions [DEBUG]: Evaluating PUSH1 at 3
mythril.laser.ethereum.instructions [DEBUG]: Evaluating PUSH1 at 3
mythril.laser.ethereum.instructions [DEBUG]: Evaluating PUSH1 at 3
mythril.laser.ethereum.instructions [DEBUG]: Evaluating CALLDATASIZE at 4
mythril.laser.ethereum.instructions [DEBUG]: Evaluating CALLDATASIZE at 4
mythril.laser.ethereum.instructions [DEBUG]: Evaluating CALLDATASIZE at 4
mythril.laser.ethereum.instructions [DEBUG]: Evaluating LT at 5
mythril.laser.ethereum.instructions [DEBUG]: Evaluating LT at 5
mythril.laser.ethereum.instructions [DEBUG]: Evaluating LT at 5
mythril.laser.ethereum.instructions [DEBUG]: Evaluating PUSH1 at 6
mythril.laser.ethereum.instructions [DEBUG]: Evaluating PUSH1 at 6
mythril.laser.ethereum.instructions [DEBUG]: Evaluating PUSH1 at 6
mythril.analysis.module.base [DEBUG]: Entering analysis module: TxOrigin
mythril.analysis.module.base [DEBUG]: Exiting analysis module: TxOrigin
mythril.analysis.module.base [DEBUG]: Entering analysis module: IntegerArithmetics
mythril.analysis.module.base [DEBUG]: Exiting analysis module: IntegerArithmetics
mythril.laser.ethereum.instructions [DEBUG]: Evaluating JUMPI at 7
mythril.analysis.module.base [DEBUG]: Entering analysis module: TxOrigin
mythril.analysis.module.base [DEBUG]: Exiting analysis module: TxOrigin
mythril.analysis.module.base [DEBUG]: Entering analysis module: IntegerArithmetics
mythril.analysis.module.base [DEBUG]: Exiting analysis module: IntegerArithmetics
mythril.laser.ethereum.instructions [DEBUG]: Evaluating JUMPI at 7
mythril.analysis.module.base [DEBUG]: Entering analysis module: TxOrigin
mythril.analysis.module.base [DEBUG]: Exiting analysis module: TxOrigin
mythril.analysis.module.base [DEBUG]: Entering analysis module: IntegerArithmetics
mythril.analysis.module.base [DEBUG]: Exiting analysis module: IntegerArithmetics
mythril.laser.ethereum.instructions [DEBUG]: Evaluating JUMPI at 7
mythril.laser.ethereum.instructions [DEBUG]: Evaluating PUSH4 at 8
mythril.laser.ethereum.instructions [DEBUG]: Evaluating JUMPDEST at 24
mythril.laser.ethereum.instructions [DEBUG]: Evaluating PUSH4 at 8
mythril.laser.ethereum.instructions [DEBUG]: Evaluating JUMPDEST at 24
mythril.laser.ethereum.instructions [DEBUG]: Evaluating PUSH4 at 8
mythril.laser.ethereum.instructions [DEBUG]: Evaluating JUMPDEST at 24
mythril.laser.ethereum.instructions [DEBUG]: Evaluating PUSH29 at 9
mythril.analysis.module.base [DEBUG]: Entering analysis module: IntegerArithmetics
mythril.analysis.module.base [DEBUG]: Exiting analysis module: IntegerArithmetics
mythril.analysis.module.base [DEBUG]: Entering analysis module: UncheckedRetval
mythril.analysis.module.base [DEBUG]: Exiting analysis module: UncheckedRetval
mythril.laser.ethereum.instructions [DEBUG]: Evaluating STOP at 25
mythril.laser.ethereum.svm [DEBUG]: Ending transaction MessageCallTransaction 2 from sender_2 to                                        0x0.
mythril.laser.ethereum.instructions [DEBUG]: Evaluating PUSH29 at 9
mythril.analysis.module.base [DEBUG]: Entering analysis module: IntegerArithmetics
mythril.analysis.module.base [DEBUG]: Exiting analysis module: IntegerArithmetics
mythril.analysis.module.base [DEBUG]: Entering analysis module: UncheckedRetval
mythril.analysis.module.base [DEBUG]: Exiting analysis module: UncheckedRetval
mythril.laser.ethereum.instructions [DEBUG]: Evaluating STOP at 25
mythril.laser.ethereum.svm [DEBUG]: Ending transaction MessageCallTransaction 3 from sender_3 to                                        0x0.
mythril.laser.ethereum.instructions [DEBUG]: Evaluating PUSH29 at 9
mythril.analysis.module.base [DEBUG]: Entering analysis module: IntegerArithmetics
mythril.analysis.module.base [DEBUG]: Exiting analysis module: IntegerArithmetics
mythril.analysis.module.base [DEBUG]: Entering analysis module: UncheckedRetval
mythril.analysis.module.base [DEBUG]: Exiting analysis module: UncheckedRetval
mythril.laser.ethereum.instructions [DEBUG]: Evaluating STOP at 25
mythril.laser.ethereum.svm [DEBUG]: Ending transaction MessageCallTransaction 4 from sender_4 to                                        0x0.
mythril.laser.ethereum.instructions [DEBUG]: Evaluating PUSH1 at 10
mythril.laser.ethereum.instructions [DEBUG]: Evaluating PUSH1 at 10
mythril.laser.ethereum.instructions [DEBUG]: Evaluating PUSH1 at 10
mythril.laser.ethereum.instructions [DEBUG]: Evaluating CALLDATALOAD at 11
mythril.laser.ethereum.instructions [DEBUG]: Evaluating CALLDATALOAD at 11
mythril.laser.ethereum.instructions [DEBUG]: Evaluating CALLDATALOAD at 11
mythril.laser.ethereum.instructions [DEBUG]: Evaluating DIV at 12
mythril.laser.ethereum.instructions [DEBUG]: Evaluating DIV at 12
mythril.laser.ethereum.instructions [DEBUG]: Evaluating DIV at 12
mythril.laser.ethereum.instructions [DEBUG]: Evaluating AND at 13
mythril.laser.ethereum.instructions [DEBUG]: Evaluating AND at 13
mythril.laser.ethereum.instructions [DEBUG]: Evaluating AND at 13
mythril.laser.ethereum.instructions [DEBUG]: Evaluating PUSH4 at 14
mythril.laser.ethereum.instructions [DEBUG]: Evaluating PUSH4 at 14
mythril.laser.ethereum.instructions [DEBUG]: Evaluating PUSH4 at 14
mythril.laser.ethereum.instructions [DEBUG]: Evaluating DUP2 at 15
mythril.laser.ethereum.instructions [DEBUG]: Evaluating DUP2 at 15
mythril.laser.ethereum.instructions [DEBUG]: Evaluating DUP2 at 15
mythril.laser.ethereum.instructions [DEBUG]: Evaluating EQ at 16
mythril.laser.ethereum.instructions [DEBUG]: Evaluating EQ at 16
mythril.laser.ethereum.instructions [DEBUG]: Evaluating EQ at 16
mythril.laser.ethereum.instructions [DEBUG]: Evaluating PUSH1 at 17
mythril.laser.ethereum.instructions [DEBUG]: Evaluating PUSH1 at 17
mythril.laser.ethereum.instructions [DEBUG]: Evaluating PUSH1 at 17
mythril.analysis.module.base [DEBUG]: Entering analysis module: TxOrigin
mythril.analysis.module.base [DEBUG]: Exiting analysis module: TxOrigin
mythril.analysis.module.base [DEBUG]: Entering analysis module: IntegerArithmetics
mythril.analysis.module.base [DEBUG]: Exiting analysis module: IntegerArithmetics
mythril.laser.ethereum.instructions [DEBUG]: Evaluating JUMPI at 18
mythril.analysis.module.base [DEBUG]: Entering analysis module: TxOrigin
mythril.analysis.module.base [DEBUG]: Exiting analysis module: TxOrigin
mythril.analysis.module.base [DEBUG]: Entering analysis module: IntegerArithmetics
mythril.analysis.module.base [DEBUG]: Exiting analysis module: IntegerArithmetics
mythril.laser.ethereum.instructions [DEBUG]: Evaluating JUMPI at 18
mythril.analysis.module.base [DEBUG]: Entering analysis module: TxOrigin
mythril.analysis.module.base [DEBUG]: Exiting analysis module: TxOrigin
mythril.analysis.module.base [DEBUG]: Entering analysis module: IntegerArithmetics
mythril.analysis.module.base [DEBUG]: Exiting analysis module: IntegerArithmetics
mythril.laser.ethereum.instructions [DEBUG]: Evaluating JUMPI at 18
mythril.laser.ethereum.instructions [DEBUG]: Evaluating DUP1 at 19
mythril.laser.ethereum.instructions [DEBUG]: Evaluating JUMPDEST at 26
mythril.laser.ethereum.instructions [DEBUG]: Evaluating DUP1 at 19
mythril.laser.ethereum.instructions [DEBUG]: Evaluating JUMPDEST at 26
mythril.laser.ethereum.instructions [DEBUG]: Evaluating DUP1 at 19
mythril.laser.ethereum.instructions [DEBUG]: Evaluating JUMPDEST at 26
mythril.laser.ethereum.instructions [DEBUG]: Evaluating PUSH4 at 20
mythril.laser.ethereum.instructions [DEBUG]: Evaluating CALLVALUE at 27
mythril.laser.ethereum.instructions [DEBUG]: Evaluating PUSH4 at 20
mythril.laser.ethereum.instructions [DEBUG]: Evaluating CALLVALUE at 27
mythril.laser.ethereum.instructions [DEBUG]: Evaluating PUSH4 at 20
mythril.laser.ethereum.instructions [DEBUG]: Evaluating CALLVALUE at 27
mythril.laser.ethereum.instructions [DEBUG]: Evaluating EQ at 21
mythril.laser.ethereum.instructions [DEBUG]: Evaluating DUP1 at 28
mythril.laser.ethereum.instructions [DEBUG]: Evaluating EQ at 21
mythril.laser.ethereum.instructions [DEBUG]: Evaluating DUP1 at 28
mythril.laser.ethereum.instructions [DEBUG]: Evaluating EQ at 21
mythril.laser.ethereum.instructions [DEBUG]: Evaluating DUP1 at 28
mythril.laser.ethereum.instructions [DEBUG]: Evaluating PUSH1 at 22
mythril.laser.ethereum.instructions [DEBUG]: Evaluating ISZERO at 29
mythril.laser.ethereum.instructions [DEBUG]: Evaluating PUSH1 at 22
mythril.laser.ethereum.instructions [DEBUG]: Evaluating ISZERO at 29
mythril.laser.ethereum.instructions [DEBUG]: Evaluating PUSH1 at 22
mythril.laser.ethereum.instructions [DEBUG]: Evaluating ISZERO at 29
mythril.analysis.module.base [DEBUG]: Entering analysis module: TxOrigin
mythril.analysis.module.base [DEBUG]: Exiting analysis module: TxOrigin
mythril.analysis.module.base [DEBUG]: Entering analysis module: IntegerArithmetics
mythril.analysis.module.base [DEBUG]: Exiting analysis module: IntegerArithmetics
mythril.laser.ethereum.instructions [DEBUG]: Evaluating JUMPI at 23
mythril.laser.plugin.plugins.dependency_pruner [DEBUG]: Skipping state: Storage slots set() not read in block at address 72, function
mythril.laser.ethereum.svm [DEBUG]: - Entering function MAIN:unknown
mythril.laser.ethereum.instructions [DEBUG]: Evaluating PUSH1 at 30
mythril.analysis.module.base [DEBUG]: Entering analysis module: TxOrigin
mythril.analysis.module.base [DEBUG]: Exiting analysis module: TxOrigin
mythril.analysis.module.base [DEBUG]: Entering analysis module: IntegerArithmetics
mythril.analysis.module.base [DEBUG]: Exiting analysis module: IntegerArithmetics
mythril.laser.ethereum.instructions [DEBUG]: Evaluating JUMPI at 23
mythril.laser.plugin.plugins.dependency_pruner [DEBUG]: Skipping state: Storage slots set() not read in block at address 72, function
mythril.laser.ethereum.svm [DEBUG]: - Entering function MAIN:unknown
mythril.laser.ethereum.instructions [DEBUG]: Evaluating PUSH1 at 30
mythril.analysis.module.base [DEBUG]: Entering analysis module: TxOrigin
mythril.analysis.module.base [DEBUG]: Exiting analysis module: TxOrigin
mythril.analysis.module.base [DEBUG]: Entering analysis module: IntegerArithmetics
mythril.analysis.module.base [DEBUG]: Exiting analysis module: IntegerArithmetics
mythril.laser.ethereum.instructions [DEBUG]: Evaluating JUMPI at 23
mythril.laser.ethereum.svm [DEBUG]: - Entering function MAIN:unknown
mythril.laser.ethereum.instructions [DEBUG]: Evaluating PUSH1 at 30
mythril.laser.ethereum.instructions [DEBUG]: Evaluating JUMPDEST at 40
mythril.analysis.module.base [DEBUG]: Entering analysis module: TxOrigin
mythril.analysis.module.base [DEBUG]: Exiting analysis module: TxOrigin
mythril.analysis.module.base [DEBUG]: Entering analysis module: IntegerArithmetics
mythril.analysis.module.base [DEBUG]: Exiting analysis module: IntegerArithmetics
mythril.laser.ethereum.instructions [DEBUG]: Evaluating JUMPI at 31
mythril.laser.ethereum.instructions [DEBUG]: Evaluating JUMPDEST at 40
mythril.analysis.module.base [DEBUG]: Entering analysis module: TxOrigin
mythril.analysis.module.base [DEBUG]: Exiting analysis module: TxOrigin
mythril.analysis.module.base [DEBUG]: Entering analysis module: IntegerArithmetics
mythril.analysis.module.base [DEBUG]: Exiting analysis module: IntegerArithmetics
mythril.laser.ethereum.instructions [DEBUG]: Evaluating JUMPI at 31
mythril.laser.ethereum.instructions [DEBUG]: Evaluating JUMPDEST at 24
mythril.laser.ethereum.instructions [DEBUG]: Evaluating JUMPDEST at 40
mythril.analysis.module.base [DEBUG]: Entering analysis module: TxOrigin
mythril.analysis.module.base [DEBUG]: Exiting analysis module: TxOrigin
mythril.analysis.module.base [DEBUG]: Entering analysis module: IntegerArithmetics
mythril.analysis.module.base [DEBUG]: Exiting analysis module: IntegerArithmetics
mythril.laser.ethereum.instructions [DEBUG]: Evaluating JUMPI at 31
mythril.laser.ethereum.instructions [DEBUG]: Evaluating CALLVALUE at 41
mythril.laser.ethereum.instructions [DEBUG]: Evaluating PUSH1 at 32
mythril.laser.ethereum.instructions [DEBUG]: Evaluating JUMPDEST at 35
mythril.laser.ethereum.instructions [DEBUG]: Evaluating CALLVALUE at 41
mythril.laser.ethereum.instructions [DEBUG]: Evaluating PUSH1 at 32
mythril.laser.ethereum.instructions [DEBUG]: Evaluating JUMPDEST at 35
mythril.analysis.module.base [DEBUG]: Entering analysis module: IntegerArithmetics
mythril.analysis.module.base [DEBUG]: Exiting analysis module: IntegerArithmetics
mythril.analysis.module.base [DEBUG]: Entering analysis module: UncheckedRetval
mythril.analysis.module.base [DEBUG]: Exiting analysis module: UncheckedRetval
mythril.laser.ethereum.instructions [DEBUG]: Evaluating STOP at 25
mythril.laser.ethereum.svm [DEBUG]: Ending transaction MessageCallTransaction 4 from sender_4 to                                        0x0.
mythril.laser.ethereum.instructions [DEBUG]: Evaluating CALLVALUE at 41
mythril.laser.ethereum.instructions [DEBUG]: Evaluating PUSH1 at 32
mythril.laser.ethereum.instructions [DEBUG]: Evaluating JUMPDEST at 35
mythril.laser.ethereum.instructions [DEBUG]: Evaluating DUP1 at 42
mythril.laser.ethereum.instructions [DEBUG]: Evaluating DUP1 at 33
mythril.laser.ethereum.instructions [DEBUG]: Evaluating POP at 36
mythril.laser.ethereum.instructions [DEBUG]: Evaluating DUP1 at 42
mythril.laser.ethereum.instructions [DEBUG]: Evaluating DUP1 at 33
mythril.laser.ethereum.instructions [DEBUG]: Evaluating POP at 36
mythril.laser.ethereum.instructions [DEBUG]: Evaluating DUP1 at 42
mythril.laser.ethereum.instructions [DEBUG]: Evaluating DUP1 at 33
mythril.laser.ethereum.instructions [DEBUG]: Evaluating POP at 36
mythril.laser.ethereum.instructions [DEBUG]: Evaluating ISZERO at 43
mythril.laser.ethereum.instructions [DEBUG]: Evaluating REVERT at 34
mythril.laser.ethereum.svm [DEBUG]: Ending transaction MessageCallTransaction 2 from sender_2 to                                        0x0.
mythril.laser.ethereum.instructions [DEBUG]: Evaluating PUSH1 at 37
mythril.laser.ethereum.instructions [DEBUG]: Evaluating ISZERO at 43
mythril.laser.ethereum.instructions [DEBUG]: Evaluating REVERT at 34
mythril.laser.ethereum.svm [DEBUG]: Ending transaction MessageCallTransaction 3 from sender_3 to                                        0x0.
mythril.laser.ethereum.instructions [DEBUG]: Evaluating PUSH1 at 37
mythril.laser.ethereum.instructions [DEBUG]: Evaluating ISZERO at 43
mythril.laser.ethereum.instructions [DEBUG]: Evaluating REVERT at 34
mythril.laser.ethereum.svm [DEBUG]: Ending transaction MessageCallTransaction 4 from sender_4 to                                        0x0.
mythril.laser.ethereum.instructions [DEBUG]: Evaluating PUSH1 at 37
mythril.laser.ethereum.instructions [DEBUG]: Evaluating PUSH1 at 44
mythril.laser.ethereum.instructions [DEBUG]: Evaluating PUSH1 at 38
mythril.laser.ethereum.instructions [DEBUG]: Evaluating PUSH1 at 44
mythril.laser.ethereum.instructions [DEBUG]: Evaluating PUSH1 at 38
mythril.laser.ethereum.instructions [DEBUG]: Evaluating PUSH1 at 44
mythril.laser.ethereum.instructions [DEBUG]: Evaluating PUSH1 at 38
mythril.analysis.module.base [DEBUG]: Entering analysis module: TxOrigin
mythril.analysis.module.base [DEBUG]: Exiting analysis module: TxOrigin
mythril.analysis.module.base [DEBUG]: Entering analysis module: IntegerArithmetics
mythril.analysis.module.base [DEBUG]: Exiting analysis module: IntegerArithmetics
mythril.laser.ethereum.instructions [DEBUG]: Evaluating JUMPI at 45
mythril.laser.ethereum.instructions [DEBUG]: Evaluating JUMP at 39
mythril.analysis.module.base [DEBUG]: Entering analysis module: TxOrigin
mythril.analysis.module.base [DEBUG]: Exiting analysis module: TxOrigin
mythril.analysis.module.base [DEBUG]: Entering analysis module: IntegerArithmetics
mythril.analysis.module.base [DEBUG]: Exiting analysis module: IntegerArithmetics
mythril.laser.ethereum.instructions [DEBUG]: Evaluating JUMPI at 45
mythril.laser.ethereum.instructions [DEBUG]: Evaluating JUMP at 39
mythril.analysis.module.base [DEBUG]: Entering analysis module: TxOrigin
mythril.analysis.module.base [DEBUG]: Exiting analysis module: TxOrigin
mythril.analysis.module.base [DEBUG]: Entering analysis module: IntegerArithmetics
mythril.analysis.module.base [DEBUG]: Exiting analysis module: IntegerArithmetics
mythril.laser.ethereum.instructions [DEBUG]: Evaluating JUMPI at 45
mythril.laser.ethereum.instructions [DEBUG]: Evaluating JUMP at 39
mythril.laser.ethereum.instructions [DEBUG]: Evaluating PUSH1 at 46
mythril.laser.ethereum.instructions [DEBUG]: Evaluating JUMPDEST at 49
mythril.laser.ethereum.instructions [DEBUG]: Evaluating JUMPDEST at 54
mythril.laser.ethereum.instructions [DEBUG]: Evaluating PUSH1 at 46
mythril.laser.ethereum.instructions [DEBUG]: Evaluating JUMPDEST at 49
mythril.laser.ethereum.instructions [DEBUG]: Evaluating JUMPDEST at 54
mythril.laser.ethereum.instructions [DEBUG]: Evaluating PUSH1 at 46
mythril.laser.ethereum.instructions [DEBUG]: Evaluating JUMPDEST at 49
mythril.laser.ethereum.instructions [DEBUG]: Evaluating JUMPDEST at 54
mythril.laser.ethereum.instructions [DEBUG]: Evaluating DUP1 at 47
mythril.laser.ethereum.instructions [DEBUG]: Evaluating POP at 50
mythril.laser.ethereum.instructions [DEBUG]: Evaluating PUSH1 at 55
mythril.laser.ethereum.instructions [DEBUG]: Evaluating DUP1 at 47
mythril.laser.ethereum.instructions [DEBUG]: Evaluating POP at 50
mythril.laser.ethereum.instructions [DEBUG]: Evaluating PUSH1 at 55
mythril.laser.ethereum.instructions [DEBUG]: Evaluating DUP1 at 47
mythril.laser.ethereum.instructions [DEBUG]: Evaluating POP at 50
mythril.laser.ethereum.instructions [DEBUG]: Evaluating PUSH1 at 55
mythril.laser.ethereum.instructions [DEBUG]: Evaluating REVERT at 48
mythril.laser.ethereum.svm [DEBUG]: Ending transaction MessageCallTransaction 2 from sender_2 to                                        0x0.
mythril.laser.ethereum.instructions [DEBUG]: Evaluating PUSH1 at 51
mythril.laser.ethereum.instructions [DEBUG]: Evaluating DUP1 at 56
mythril.laser.ethereum.instructions [DEBUG]: Evaluating REVERT at 48
mythril.laser.ethereum.svm [DEBUG]: Ending transaction MessageCallTransaction 3 from sender_3 to                                        0x0.
mythril.laser.ethereum.instructions [DEBUG]: Evaluating PUSH1 at 51
mythril.laser.ethereum.instructions [DEBUG]: Evaluating DUP1 at 56
mythril.laser.ethereum.instructions [DEBUG]: Evaluating REVERT at 48
mythril.laser.ethereum.svm [DEBUG]: Ending transaction MessageCallTransaction 4 from sender_4 to                                        0x0.
mythril.laser.ethereum.instructions [DEBUG]: Evaluating PUSH1 at 51
mythril.laser.ethereum.instructions [DEBUG]: Evaluating DUP1 at 56
mythril.laser.ethereum.instructions [DEBUG]: Evaluating PUSH1 at 52
mythril.laser.ethereum.instructions [DEBUG]: Evaluating SLOAD at 57
mythril.laser.ethereum.instructions [DEBUG]: Evaluating PUSH1 at 52
mythril.laser.ethereum.instructions [DEBUG]: Evaluating SLOAD at 57
mythril.laser.ethereum.instructions [DEBUG]: Evaluating PUSH1 at 52
mythril.laser.ethereum.instructions [DEBUG]: Evaluating SLOAD at 57
mythril.laser.ethereum.instructions [DEBUG]: Evaluating JUMP at 53
mythril.laser.ethereum.instructions [DEBUG]: Evaluating PUSH20 at 58
mythril.laser.ethereum.instructions [DEBUG]: Evaluating JUMP at 53
mythril.laser.ethereum.instructions [DEBUG]: Evaluating PUSH20 at 58
mythril.laser.ethereum.instructions [DEBUG]: Evaluating JUMP at 53
mythril.laser.ethereum.instructions [DEBUG]: Evaluating PUSH20 at 58
mythril.laser.ethereum.instructions [DEBUG]: Evaluating JUMPDEST at 66
mythril.laser.ethereum.instructions [DEBUG]: Evaluating NOT at 59
mythril.laser.ethereum.instructions [DEBUG]: Evaluating JUMPDEST at 66
mythril.laser.ethereum.instructions [DEBUG]: Evaluating NOT at 59
mythril.laser.ethereum.instructions [DEBUG]: Evaluating JUMPDEST at 66
mythril.laser.ethereum.instructions [DEBUG]: Evaluating NOT at 59
mythril.laser.ethereum.instructions [DEBUG]: Evaluating PUSH1 at 67
mythril.laser.ethereum.instructions [DEBUG]: Evaluating AND at 60
mythril.laser.ethereum.instructions [DEBUG]: Evaluating PUSH1 at 67
mythril.laser.ethereum.instructions [DEBUG]: Evaluating AND at 60
mythril.laser.ethereum.instructions [DEBUG]: Evaluating PUSH1 at 67
mythril.laser.ethereum.instructions [DEBUG]: Evaluating AND at 60
mythril.laser.ethereum.instructions [DEBUG]: Evaluating SLOAD at 68
mythril.laser.ethereum.instructions [DEBUG]: Evaluating CALLER at 61
mythril.laser.ethereum.instructions [DEBUG]: Evaluating SLOAD at 68
mythril.laser.ethereum.instructions [DEBUG]: Evaluating CALLER at 61
mythril.laser.ethereum.instructions [DEBUG]: Evaluating SLOAD at 68
mythril.laser.ethereum.instructions [DEBUG]: Evaluating CALLER at 61
mythril.laser.ethereum.instructions [DEBUG]: Evaluating PUSH20 at 69
mythril.laser.ethereum.instructions [DEBUG]: Evaluating OR at 62
mythril.laser.ethereum.instructions [DEBUG]: Evaluating PUSH20 at 69
mythril.laser.ethereum.instructions [DEBUG]: Evaluating OR at 62
mythril.laser.ethereum.instructions [DEBUG]: Evaluating PUSH20 at 69
mythril.laser.ethereum.instructions [DEBUG]: Evaluating OR at 62
mythril.laser.ethereum.instructions [DEBUG]: Evaluating AND at 70
mythril.laser.ethereum.instructions [DEBUG]: Evaluating SWAP1 at 63
mythril.laser.ethereum.instructions [DEBUG]: Evaluating AND at 70
mythril.laser.ethereum.instructions [DEBUG]: Evaluating SWAP1 at 63
mythril.laser.ethereum.instructions [DEBUG]: Evaluating AND at 70
mythril.laser.ethereum.instructions [DEBUG]: Evaluating SWAP1 at 63
mythril.laser.ethereum.instructions [DEBUG]: Evaluating CALLER at 71
mythril.analysis.module.base [DEBUG]: Entering analysis module: ArbitraryStorage
mythril.analysis.module.base [DEBUG]: Exiting analysis module: ArbitraryStorage
mythril.analysis.module.base [DEBUG]: Entering analysis module: IntegerArithmetics
mythril.analysis.module.base [DEBUG]: Exiting analysis module: IntegerArithmetics
mythril.analysis.module.base [DEBUG]: Entering analysis module: StateChangeAfterCall
mythril.analysis.module.base [DEBUG]: Exiting analysis module: StateChangeAfterCall
mythril.laser.ethereum.instructions [DEBUG]: Evaluating SSTORE at 64
mythril.laser.ethereum.instructions [DEBUG]: Evaluating CALLER at 71
mythril.analysis.module.base [DEBUG]: Entering analysis module: ArbitraryStorage
mythril.analysis.module.base [DEBUG]: Exiting analysis module: ArbitraryStorage
mythril.analysis.module.base [DEBUG]: Entering analysis module: IntegerArithmetics
mythril.analysis.module.base [DEBUG]: Exiting analysis module: IntegerArithmetics
mythril.analysis.module.base [DEBUG]: Entering analysis module: StateChangeAfterCall
mythril.analysis.module.base [DEBUG]: Exiting analysis module: StateChangeAfterCall
mythril.laser.ethereum.instructions [DEBUG]: Evaluating SSTORE at 64
mythril.laser.ethereum.instructions [DEBUG]: Evaluating CALLER at 71
mythril.analysis.module.base [DEBUG]: Entering analysis module: ArbitraryStorage
mythril.analysis.module.base [DEBUG]: Exiting analysis module: ArbitraryStorage
mythril.analysis.module.base [DEBUG]: Entering analysis module: IntegerArithmetics
mythril.analysis.module.base [DEBUG]: Exiting analysis module: IntegerArithmetics
mythril.analysis.module.base [DEBUG]: Entering analysis module: StateChangeAfterCall
mythril.analysis.module.base [DEBUG]: Exiting analysis module: StateChangeAfterCall
mythril.laser.ethereum.instructions [DEBUG]: Evaluating SSTORE at 64
mythril.laser.ethereum.instructions [DEBUG]: Evaluating EQ at 72
mythril.laser.ethereum.instructions [DEBUG]: Evaluating JUMP at 65
mythril.laser.plugin.plugins.dependency_pruner [DEBUG]: Skipping state: Storage slots set() not read in block at address 72, function
mythril.laser.ethereum.instructions [DEBUG]: Evaluating EQ at 72
mythril.laser.ethereum.instructions [DEBUG]: Evaluating JUMP at 65
mythril.laser.plugin.plugins.dependency_pruner [DEBUG]: Skipping state: Storage slots set() not read in block at address 72, function
mythril.laser.ethereum.instructions [DEBUG]: Evaluating EQ at 72
mythril.laser.ethereum.instructions [DEBUG]: Evaluating JUMP at 65
mythril.laser.ethereum.instructions [DEBUG]: Evaluating PUSH1 at 73
mythril.laser.ethereum.instructions [DEBUG]: Evaluating PUSH1 at 73
mythril.laser.ethereum.instructions [DEBUG]: Evaluating PUSH1 at 73
mythril.laser.ethereum.instructions [DEBUG]: Evaluating JUMPDEST at 24
mythril.analysis.module.base [DEBUG]: Entering analysis module: TxOrigin
mythril.analysis.module.base [DEBUG]: Exiting analysis module: TxOrigin
mythril.analysis.module.base [DEBUG]: Entering analysis module: IntegerArithmetics
mythril.analysis.module.base [DEBUG]: Exiting analysis module: IntegerArithmetics
mythril.laser.ethereum.instructions [DEBUG]: Evaluating JUMPI at 74
mythril.analysis.module.base [DEBUG]: Entering analysis module: TxOrigin
mythril.analysis.module.base [DEBUG]: Exiting analysis module: TxOrigin
mythril.analysis.module.base [DEBUG]: Entering analysis module: IntegerArithmetics
mythril.analysis.module.base [DEBUG]: Exiting analysis module: IntegerArithmetics
mythril.laser.ethereum.instructions [DEBUG]: Evaluating JUMPI at 74
mythril.analysis.module.base [DEBUG]: Entering analysis module: TxOrigin
mythril.analysis.module.base [DEBUG]: Exiting analysis module: TxOrigin
mythril.analysis.module.base [DEBUG]: Entering analysis module: IntegerArithmetics
mythril.analysis.module.base [DEBUG]: Exiting analysis module: IntegerArithmetics
mythril.laser.ethereum.instructions [DEBUG]: Evaluating JUMPI at 74
mythril.analysis.module.base [DEBUG]: Entering analysis module: IntegerArithmetics
mythril.analysis.module.base [DEBUG]: Exiting analysis module: IntegerArithmetics
mythril.analysis.module.base [DEBUG]: Entering analysis module: UncheckedRetval
mythril.analysis.module.base [DEBUG]: Exiting analysis module: UncheckedRetval
mythril.laser.ethereum.instructions [DEBUG]: Evaluating STOP at 25
mythril.laser.ethereum.svm [DEBUG]: Ending transaction MessageCallTransaction 4 from sender_4 to                                        0x0.
mythril.laser.ethereum.instructions [DEBUG]: Evaluating PUSH1 at 75
mythril.laser.ethereum.instructions [DEBUG]: Evaluating PUSH1 at 75
mythril.laser.ethereum.instructions [DEBUG]: Evaluating PUSH1 at 75
mythril.laser.ethereum.instructions [DEBUG]: Evaluating JUMPDEST at 78
mythril.laser.ethereum.instructions [DEBUG]: Evaluating DUP1 at 76
mythril.laser.ethereum.instructions [DEBUG]: Evaluating DUP1 at 76
mythril.laser.ethereum.instructions [DEBUG]: Evaluating DUP1 at 76
mythril.laser.ethereum.instructions [DEBUG]: Evaluating PUSH1 at 79
mythril.laser.ethereum.instructions [DEBUG]: Evaluating REVERT at 77
mythril.laser.ethereum.svm [DEBUG]: Ending transaction MessageCallTransaction 2 from sender_2 to                                        0x0.
mythril.laser.ethereum.instructions [DEBUG]: Evaluating REVERT at 77
mythril.laser.ethereum.svm [DEBUG]: Ending transaction MessageCallTransaction 3 from sender_3 to                                        0x0.
mythril.laser.ethereum.instructions [DEBUG]: Evaluating REVERT at 77
mythril.laser.ethereum.svm [DEBUG]: Ending transaction MessageCallTransaction 4 from sender_4 to                                        0x0.
mythril.laser.ethereum.instructions [DEBUG]: Evaluating DUP1 at 80
mythril.laser.ethereum.instructions [DEBUG]: Evaluating SLOAD at 81
mythril.laser.ethereum.instructions [DEBUG]: Evaluating PUSH1 at 82
mythril.laser.ethereum.instructions [DEBUG]: Evaluating MLOAD at 83
mythril.laser.ethereum.instructions [DEBUG]: Evaluating PUSH20 at 84
mythril.laser.ethereum.instructions [DEBUG]: Evaluating SWAP1 at 85
mythril.laser.ethereum.instructions [DEBUG]: Evaluating SWAP2 at 86
mythril.laser.ethereum.instructions [DEBUG]: Evaluating AND at 87
mythril.laser.ethereum.instructions [DEBUG]: Evaluating SWAP2 at 88
mythril.laser.ethereum.instructions [DEBUG]: Evaluating ADDRESS at 89
mythril.laser.ethereum.instructions [DEBUG]: Evaluating BALANCE at 90
mythril.laser.ethereum.instructions [DEBUG]: Evaluating DUP1 at 91
mythril.laser.ethereum.instructions [DEBUG]: Evaluating ISZERO at 92
mythril.laser.ethereum.instructions [DEBUG]: Evaluating PUSH2 at 93
mythril.analysis.module.base [DEBUG]: Entering analysis module: IntegerArithmetics
mythril.analysis.module.base [DEBUG]: Exiting analysis module: IntegerArithmetics
mythril.laser.ethereum.instructions [DEBUG]: Evaluating MUL at 94
mythril.laser.ethereum.instructions [DEBUG]: Evaluating SWAP3 at 95
mythril.laser.ethereum.instructions [DEBUG]: Evaluating SWAP1 at 96
mythril.laser.ethereum.instructions [DEBUG]: Evaluating SWAP2 at 97
mythril.laser.ethereum.instructions [DEBUG]: Evaluating DUP2 at 98
mythril.laser.ethereum.instructions [DEBUG]: Evaluating DUP2 at 99
mythril.laser.ethereum.instructions [DEBUG]: Evaluating DUP2 at 100
mythril.laser.ethereum.instructions [DEBUG]: Evaluating DUP6 at 101
mythril.laser.ethereum.instructions [DEBUG]: Evaluating DUP9 at 102
mythril.laser.ethereum.instructions [DEBUG]: Evaluating DUP9 at 103
mythril.analysis.module.base [DEBUG]: Entering analysis module: IntegerArithmetics
mythril.analysis.module.base [DEBUG]: Exiting analysis module: IntegerArithmetics
mythril.analysis.module.base [DEBUG]: Entering analysis module: StateChangeAfterCall
mythril.analysis.module.base [DEBUG]: Exiting analysis module: StateChangeAfterCall
mythril.laser.ethereum.instructions [DEBUG]: Evaluating CALL at 104
mythril.laser.ethereum.call [DEBUG]: Symbolic call encountered
mythril.laser.ethereum.call [DEBUG]: CALL to: Concat(0, Extract(159, 0, sender_1))
mythril.laser.ethereum.instructions [DEBUG]: The call is related to ether transfer between accounts
mythril.analysis.module.base [DEBUG]: Entering analysis module: EtherThief
mythril.analysis.module.base [DEBUG]: Exiting analysis module: EtherThief
mythril.analysis.module.base [DEBUG]: Entering analysis module: UncheckedRetval
mythril.analysis.module.modules.unchecked_retval [DEBUG]: End of call, extracting retval
mythril.analysis.module.base [DEBUG]: Exiting analysis module: UncheckedRetval
mythril.laser.ethereum.instructions [DEBUG]: Evaluating SWAP4 at 105
mythril.laser.ethereum.instructions [DEBUG]: Evaluating POP at 106
mythril.laser.ethereum.instructions [DEBUG]: Evaluating POP at 107
mythril.laser.ethereum.instructions [DEBUG]: Evaluating POP at 108
mythril.laser.ethereum.instructions [DEBUG]: Evaluating POP at 109
mythril.laser.ethereum.instructions [DEBUG]: Evaluating ISZERO at 110
mythril.laser.ethereum.instructions [DEBUG]: Evaluating DUP1 at 111
mythril.laser.ethereum.instructions [DEBUG]: Evaluating ISZERO at 112
mythril.laser.ethereum.instructions [DEBUG]: Evaluating PUSH1 at 113
mythril.analysis.module.base [DEBUG]: Entering analysis module: TxOrigin
mythril.analysis.module.base [DEBUG]: Exiting analysis module: TxOrigin
mythril.analysis.module.base [DEBUG]: Entering analysis module: IntegerArithmetics
mythril.analysis.module.base [DEBUG]: Exiting analysis module: IntegerArithmetics
mythril.laser.ethereum.instructions [DEBUG]: Evaluating JUMPI at 114
mythril.laser.ethereum.instructions [DEBUG]: Evaluating RETURNDATASIZE at 115
mythril.laser.ethereum.instructions [DEBUG]: No last_return_data found, adding an unconstrained bitvec to the stack
mythril.laser.ethereum.instructions [DEBUG]: Evaluating JUMPDEST at 122
mythril.laser.ethereum.instructions [DEBUG]: Evaluating PUSH1 at 116
mythril.laser.ethereum.instructions [DEBUG]: Evaluating POP at 123
mythril.laser.ethereum.instructions [DEBUG]: Evaluating DUP1 at 117
mythril.laser.ethereum.instructions [DEBUG]: Evaluating JUMP at 124
mythril.laser.ethereum.instructions [DEBUG]: Evaluating RETURNDATACOPY at 118
mythril.laser.ethereum.instructions [DEBUG]: Unsupported symbolic max_length offset in RETURNDATACOPY
mythril.laser.ethereum.instructions [DEBUG]: Evaluating JUMPDEST at 24
mythril.laser.ethereum.instructions [DEBUG]: Evaluating RETURNDATASIZE at 119
mythril.laser.ethereum.instructions [DEBUG]: No last_return_data found, adding an unconstrained bitvec to the stack
mythril.analysis.module.base [DEBUG]: Entering analysis module: IntegerArithmetics
mythril.analysis.module.base [DEBUG]: Exiting analysis module: IntegerArithmetics
mythril.analysis.module.base [DEBUG]: Entering analysis module: UncheckedRetval
mythril.analysis.module.base [DEBUG]: Exiting analysis module: UncheckedRetval
mythril.laser.ethereum.instructions [DEBUG]: Evaluating STOP at 25
mythril.laser.ethereum.svm [DEBUG]: Ending transaction MessageCallTransaction 4 from sender_4 to                                        0x0.
mythril.laser.ethereum.instructions [DEBUG]: Evaluating PUSH1 at 120
mythril.laser.ethereum.instructions [DEBUG]: Evaluating REVERT at 121
mythril.laser.ethereum.instructions [DEBUG]: Return with symbolic length or offset. Not supported
mythril.laser.ethereum.svm [DEBUG]: Ending transaction MessageCallTransaction 4 from sender_4 to                                        0x0.
mythril.laser.plugin.plugins.coverage.coverage_plugin [INFO]: Number of new instructions covered in tx 1: 47
mythril.laser.ethereum.svm [INFO]: Finished symbolic execution
mythril.laser.plugin.plugins.coverage.coverage_plugin [INFO]: Achieved 99.21% coverage for code: 60806040526004361060485763ffffffff7c01000000000000000000000000000000000000000000000000000000006000350416632e4071d48114604a5780633ccfd60b14605c575b005b348015605557600080fd5b506048606e565b348015606757600080fd5b506048608f565b6000805473ffffffffffffffffffffffffffffffffffffffff191633179055565b60005473ffffffffffffffffffffffffffffffffffffffff16331460b257600080fd5b6000805460405173ffffffffffffffffffffffffffffffffffffffff90911691303180156108fc02929091818181858888f1935050505015801560f9573d6000803e3d6000fd5b505600
mythril.laser.plugin.plugins.instruction_profiler [INFO]: Total: 0.290438175201416 s
[ADDRESS     ]   0.1839 %,  nr      1,  total   0.0005 s,  avg   0.0005 s,  min   0.0005 s,  max   0.0005 s
[AND         ]   1.9720 %,  nr     13,  total   0.0057 s,  avg   0.0004 s,  min   0.0003 s,  max   0.0010 s
[BALANCE     ]   0.2541 %,  nr      1,  total   0.0007 s,  avg   0.0007 s,  min   0.0007 s,  max   0.0007 s
[CALL        ]   1.1279 %,  nr      1,  total   0.0033 s,  avg   0.0033 s,  min   0.0033 s,  max   0.0033 s
[CALLDATALOAD]  13.0207 %,  nr      4,  total   0.0378 s,  avg   0.0095 s,  min   0.0074 s,  max   0.0148 s
[CALLDATASIZE]   0.4541 %,  nr      4,  total   0.0013 s,  avg   0.0003 s,  min   0.0002 s,  max   0.0005 s
[CALLER      ]   1.0079 %,  nr      8,  total   0.0029 s,  avg   0.0004 s,  min   0.0003 s,  max   0.0005 s
[CALLVALUE   ]   1.9426 %,  nr      8,  total   0.0056 s,  avg   0.0007 s,  min   0.0002 s,  max   0.0018 s
[DIV         ]   0.9558 %,  nr      4,  total   0.0028 s,  avg   0.0007 s,  min   0.0005 s,  max   0.0012 s
[DUP1        ]   4.0525 %,  nr     32,  total   0.0118 s,  avg   0.0004 s,  min   0.0002 s,  max   0.0009 s
[DUP2        ]   1.0195 %,  nr      7,  total   0.0030 s,  avg   0.0004 s,  min   0.0003 s,  max   0.0006 s
[DUP6        ]   0.0988 %,  nr      1,  total   0.0003 s,  avg   0.0003 s,  min   0.0003 s,  max   0.0003 s
[DUP9        ]   0.1955 %,  nr      2,  total   0.0006 s,  avg   0.0003 s,  min   0.0003 s,  max   0.0003 s
[EQ          ]   1.7040 %,  nr     12,  total   0.0049 s,  avg   0.0004 s,  min   0.0003 s,  max   0.0007 s
[ISZERO      ]   2.3749 %,  nr     11,  total   0.0069 s,  avg   0.0006 s,  min   0.0004 s,  max   0.0020 s
[JUMP        ]   4.2217 %,  nr     13,  total   0.0123 s,  avg   0.0009 s,  min   0.0006 s,  max   0.0016 s
[JUMPDEST    ]   4.7225 %,  nr     35,  total   0.0137 s,  avg   0.0004 s,  min   0.0002 s,  max   0.0008 s
[JUMPI       ]  12.7016 %,  nr     25,  total   0.0369 s,  avg   0.0015 s,  min   0.0009 s,  max   0.0031 s
[LT          ]   0.5585 %,  nr      4,  total   0.0016 s,  avg   0.0004 s,  min   0.0003 s,  max   0.0006 s
[MLOAD       ]   3.0017 %,  nr      1,  total   0.0087 s,  avg   0.0087 s,  min   0.0087 s,  max   0.0087 s
[MSTORE      ]  17.1231 %,  nr      4,  total   0.0497 s,  avg   0.0124 s,  min   0.0102 s,  max   0.0189 s
[MUL         ]   0.2875 %,  nr      1,  total   0.0008 s,  avg   0.0008 s,  min   0.0008 s,  max   0.0008 s
[NOT         ]   0.5822 %,  nr      4,  total   0.0017 s,  avg   0.0004 s,  min   0.0003 s,  max   0.0006 s
[OR          ]   0.5147 %,  nr      4,  total   0.0015 s,  avg   0.0004 s,  min   0.0003 s,  max   0.0005 s
[POP         ]   1.4053 %,  nr     13,  total   0.0041 s,  avg   0.0003 s,  min   0.0002 s,  max   0.0005 s
[PUSH1       ]  14.5035 %,  nr     81,  total   0.0421 s,  avg   0.0005 s,  min   0.0003 s,  max   0.0025 s
[PUSH2       ]   0.2751 %,  nr      1,  total   0.0008 s,  avg   0.0008 s,  min   0.0008 s,  max   0.0008 s
[PUSH20      ]   1.5572 %,  nr      9,  total   0.0045 s,  avg   0.0005 s,  min   0.0003 s,  max   0.0013 s
[PUSH29      ]   1.0626 %,  nr      4,  total   0.0031 s,  avg   0.0008 s,  min   0.0004 s,  max   0.0010 s
[PUSH4       ]   1.9832 %,  nr     12,  total   0.0058 s,  avg   0.0005 s,  min   0.0003 s,  max   0.0010 s
[RETURNDATACOPY]   0.1194 %,  nr      1,  total   0.0003 s,  avg   0.0003 s,  min   0.0003 s,  max   0.0003 s
[RETURNDATASIZE]   0.4917 %,  nr      2,  total   0.0014 s,  avg   0.0007 s,  min   0.0004 s,  max   0.0011 s
[SLOAD       ]   1.8468 %,  nr      9,  total   0.0054 s,  avg   0.0006 s,  min   0.0004 s,  max   0.0008 s
[SSTORE      ]   0.7481 %,  nr      4,  total   0.0022 s,  avg   0.0005 s,  min   0.0005 s,  max   0.0006 s
[SWAP1       ]   0.8500 %,  nr      6,  total   0.0025 s,  avg   0.0004 s,  min   0.0003 s,  max   0.0008 s
[SWAP2       ]   0.6135 %,  nr      3,  total   0.0018 s,  avg   0.0006 s,  min   0.0004 s,  max   0.0008 s
[SWAP3       ]   0.1350 %,  nr      1,  total   0.0004 s,  avg   0.0004 s,  min   0.0004 s,  max   0.0004 s
[SWAP4       ]   0.3309 %,  nr      1,  total   0.0010 s,  avg   0.0010 s,  min   0.0010 s,  max   0.0010 s

mythril.analysis.security [INFO]: Starting analysis
mythril.analysis.security [DEBUG]: Retrieving results for Caller can write to arbitrary storage locations
mythril.analysis.security [DEBUG]: Retrieving results for Delegatecall to a user-specified address
mythril.analysis.security [DEBUG]: Retrieving results for Control flow depends on tx.origin
mythril.analysis.security [DEBUG]: Retrieving results for Any sender can withdraw ETH from the contract account
mythril.analysis.security [DEBUG]: Retrieving results for Integer overflow or underflow
mythril.analysis.security [DEBUG]: Retrieving results for State change after an external call
mythril.analysis.security [DEBUG]: Retrieving results for Contract can be accidentally killed by anyone
mythril.analysis.security [DEBUG]: Retrieving results for Return value of an external call is not checked
mythril.mythril.mythril_analyzer [INFO]: Solver statistics: 
Query count: 72 
Solver time: 3.466930389404297
{"error": null, "issues": [{"address": 228, "contract": "MAIN", "description": "Any sender can withdraw Ether from the contract account.\nArbitrary senders other than the contract creator can profitably extract Ether from the contract account. Verify the business logic carefully and make sure that appropriate security controls are in place to prevent unexpected loss of funds.", "function": "withdraw()", "max_gas_used": 37474, "min_gas_used": 3286, "severity": "High", "sourceMap": 228, "swc-id": "105", "title": "Unprotected Ether Withdrawal", "tx_sequence": {"initialState": {"accounts": {"0x0": {"balance": "0x200000000094", "code": "60806040526004361060485763ffffffff7c01000000000000000000000000000000000000000000000000000000006000350416632e4071d48114604a5780633ccfd60b14605c575b005b348015605557600080fd5b506048606e565b348015606757600080fd5b506048608f565b6000805473ffffffffffffffffffffffffffffffffffffffff191633179055565b60005473ffffffffffffffffffffffffffffffffffffffff16331460b257600080fd5b6000805460405173ffffffffffffffffffffffffffffffffffffffff90911691303180156108fc02929091818181858888f1935050505015801560f9573d6000803e3d6000fd5b505600", "nonce": 0, "storage": "{}"}, "0xdeadbeefdeadbeefdeadbeefdeadbeefdeadbeef": {"balance": "0x2001", "code": "", "nonce": 0, "storage": "{}"}}}, "steps": [{"address": "0x0", "calldata": "0x2e4071d4", "input": "0x2e4071d4", "name": "unknown", "origin": "0xdeadbeefdeadbeefdeadbeefdeadbeefdeadbeef", "value": "0x0"}, {"address": "0x0", "calldata": "0x3ccfd60b", "input": "0x3ccfd60b", "name": "withdraw()", "origin": "0xdeadbeefdeadbeefdeadbeefdeadbeefdeadbeef", "value": "0x0"}]}}], "success": true}
