mythril.mythril.mythril_config [INFO]: Creating mythril data directory 
mythril.mythril.mythril_config [INFO]: No config file found. Creating default: /root/.mythril/config.ini 
mythril.mythril.mythril_config [INFO]: Infura key not provided, so onchain access is disabled. Use --infura-id <INFURA_ID> or set it in the environment variable INFURA_ID or in the ~/.mythril/config.ini file 
mythril.support.signatures [INFO]: Using signature database at /root/.mythril/signatures.db
mythril.laser.ethereum.svm [INFO]: LASER EVM initialized with dynamic loader: <mythril.support.loader.DynLoader object at 0x7e5a02f78100>
mythril.laser.ethereum.strategy.extensions.bounded_loops [INFO]: Loaded search strategy extension: Loop bounds (limit = 3)
mythril.laser.plugin.loader [INFO]: Loading laser plugin: coverage
mythril.laser.plugin.loader [INFO]: Loading laser plugin: mutation-pruner
mythril.laser.plugin.loader [INFO]: Loading laser plugin: call-depth-limit
mythril.laser.plugin.loader [INFO]: Loading laser plugin: instruction-profiler
mythril.laser.plugin.loader [INFO]: Loading laser plugin: dependency-pruner
mythril.laser.plugin.loader [INFO]: Instrumenting symbolic vm with plugin: coverage
mythril.laser.plugin.loader [INFO]: Instrumenting symbolic vm with plugin: mutation-pruner
mythril.laser.plugin.loader [INFO]: Instrumenting symbolic vm with plugin: call-depth-limit
mythril.laser.plugin.loader [INFO]: Instrumenting symbolic vm with plugin: instruction-profiler
mythril.laser.plugin.loader [INFO]: Instrumenting symbolic vm with plugin: dependency-pruner
mythril.laser.ethereum.svm [DEBUG]: Starting LASER execution
mythril.laser.ethereum.svm [INFO]: Starting message call transaction to 0
mythril.laser.ethereum.svm [INFO]: Starting message call transaction, iteration: 0, 1 initial states
mythril.laser.ethereum.instructions [DEBUG]: Evaluating PUSH1 at 0
mythril.laser.ethereum.instructions [DEBUG]: Evaluating PUSH1 at 1
mythril.laser.ethereum.instructions [DEBUG]: Evaluating MSTORE at 2
mythril.laser.ethereum.instructions [DEBUG]: Evaluating PUSH1 at 3
mythril.laser.ethereum.instructions [DEBUG]: Evaluating CALLDATASIZE at 4
mythril.laser.ethereum.instructions [DEBUG]: Evaluating LT at 5
mythril.laser.ethereum.instructions [DEBUG]: Evaluating PUSH2 at 6
mythril.analysis.module.base [DEBUG]: Entering analysis module: TxOrigin
mythril.analysis.module.base [DEBUG]: Exiting analysis module: TxOrigin
mythril.analysis.module.base [DEBUG]: Entering analysis module: IntegerArithmetics
mythril.analysis.module.base [DEBUG]: Exiting analysis module: IntegerArithmetics
mythril.laser.ethereum.instructions [DEBUG]: Evaluating JUMPI at 7
mythril.laser.ethereum.instructions [DEBUG]: Evaluating PUSH4 at 8
mythril.laser.ethereum.instructions [DEBUG]: Evaluating JUMPDEST at 24
mythril.laser.ethereum.instructions [DEBUG]: Evaluating PUSH29 at 9
mythril.laser.ethereum.instructions [DEBUG]: Evaluating PUSH1 at 25
mythril.laser.ethereum.instructions [DEBUG]: Evaluating PUSH1 at 10
mythril.laser.ethereum.instructions [DEBUG]: Evaluating DUP1 at 26
mythril.laser.ethereum.instructions [DEBUG]: Evaluating CALLDATALOAD at 11
mythril.laser.ethereum.instructions [DEBUG]: Evaluating REVERT at 27
mythril.laser.ethereum.svm [DEBUG]: Ending transaction MessageCallTransaction 1 from sender_1 to                                        0x0.
mythril.laser.ethereum.instructions [DEBUG]: Evaluating DIV at 12
mythril.laser.ethereum.instructions [DEBUG]: Evaluating AND at 13
mythril.laser.ethereum.instructions [DEBUG]: Evaluating PUSH4 at 14
mythril.laser.ethereum.instructions [DEBUG]: Evaluating DUP2 at 15
mythril.laser.ethereum.instructions [DEBUG]: Evaluating EQ at 16
mythril.laser.ethereum.instructions [DEBUG]: Evaluating PUSH2 at 17
mythril.analysis.module.base [DEBUG]: Entering analysis module: TxOrigin
mythril.analysis.module.base [DEBUG]: Exiting analysis module: TxOrigin
mythril.analysis.module.base [DEBUG]: Entering analysis module: IntegerArithmetics
mythril.analysis.module.base [DEBUG]: Exiting analysis module: IntegerArithmetics
mythril.laser.ethereum.instructions [DEBUG]: Evaluating JUMPI at 18
mythril.laser.ethereum.instructions [DEBUG]: Evaluating DUP1 at 19
mythril.laser.ethereum.instructions [DEBUG]: Evaluating JUMPDEST at 28
mythril.laser.ethereum.instructions [DEBUG]: Evaluating PUSH4 at 20
mythril.laser.ethereum.instructions [DEBUG]: Evaluating CALLVALUE at 29
mythril.laser.ethereum.instructions [DEBUG]: Evaluating EQ at 21
mythril.laser.ethereum.instructions [DEBUG]: Evaluating DUP1 at 30
mythril.laser.ethereum.instructions [DEBUG]: Evaluating PUSH2 at 22
mythril.laser.ethereum.instructions [DEBUG]: Evaluating ISZERO at 31
mythril.analysis.module.base [DEBUG]: Entering analysis module: TxOrigin
mythril.analysis.module.base [DEBUG]: Exiting analysis module: TxOrigin
mythril.analysis.module.base [DEBUG]: Entering analysis module: IntegerArithmetics
mythril.analysis.module.base [DEBUG]: Exiting analysis module: IntegerArithmetics
mythril.laser.ethereum.instructions [DEBUG]: Evaluating JUMPI at 23
mythril.laser.ethereum.svm [DEBUG]: - Entering function MAIN:unknown
mythril.laser.ethereum.instructions [DEBUG]: Evaluating PUSH2 at 32
mythril.laser.ethereum.instructions [DEBUG]: Evaluating JUMPDEST at 24
mythril.laser.ethereum.instructions [DEBUG]: Evaluating JUMPDEST at 44
mythril.analysis.module.base [DEBUG]: Entering analysis module: TxOrigin
mythril.analysis.module.base [DEBUG]: Exiting analysis module: TxOrigin
mythril.analysis.module.base [DEBUG]: Entering analysis module: IntegerArithmetics
mythril.analysis.module.base [DEBUG]: Exiting analysis module: IntegerArithmetics
mythril.laser.ethereum.instructions [DEBUG]: Evaluating JUMPI at 33
mythril.laser.ethereum.instructions [DEBUG]: Evaluating PUSH1 at 25
mythril.laser.ethereum.instructions [DEBUG]: Evaluating CALLVALUE at 45
mythril.laser.ethereum.instructions [DEBUG]: Evaluating PUSH1 at 34
mythril.laser.ethereum.instructions [DEBUG]: Evaluating JUMPDEST at 37
mythril.laser.ethereum.instructions [DEBUG]: Evaluating DUP1 at 26
mythril.laser.ethereum.instructions [DEBUG]: Evaluating DUP1 at 46
mythril.laser.ethereum.instructions [DEBUG]: Evaluating DUP1 at 35
mythril.laser.ethereum.instructions [DEBUG]: Evaluating POP at 38
mythril.laser.ethereum.instructions [DEBUG]: Evaluating REVERT at 27
mythril.laser.ethereum.svm [DEBUG]: Ending transaction MessageCallTransaction 1 from sender_1 to                                        0x0.
mythril.laser.ethereum.instructions [DEBUG]: Evaluating ISZERO at 47
mythril.laser.ethereum.instructions [DEBUG]: Evaluating REVERT at 36
mythril.laser.ethereum.svm [DEBUG]: Ending transaction MessageCallTransaction 1 from sender_1 to                                        0x0.
mythril.laser.ethereum.instructions [DEBUG]: Evaluating PUSH2 at 39
mythril.laser.ethereum.instructions [DEBUG]: Evaluating PUSH2 at 48
mythril.laser.ethereum.instructions [DEBUG]: Evaluating PUSH2 at 40
mythril.analysis.module.base [DEBUG]: Entering analysis module: TxOrigin
mythril.analysis.module.base [DEBUG]: Exiting analysis module: TxOrigin
mythril.analysis.module.base [DEBUG]: Entering analysis module: IntegerArithmetics
mythril.analysis.module.base [DEBUG]: Exiting analysis module: IntegerArithmetics
mythril.laser.ethereum.instructions [DEBUG]: Evaluating JUMPI at 49
mythril.laser.ethereum.instructions [DEBUG]: Evaluating JUMP at 41
mythril.laser.ethereum.instructions [DEBUG]: Evaluating PUSH1 at 50
mythril.laser.ethereum.instructions [DEBUG]: Evaluating JUMPDEST at 53
mythril.laser.ethereum.instructions [DEBUG]: Evaluating JUMPDEST at 78
mythril.laser.ethereum.instructions [DEBUG]: Evaluating DUP1 at 51
mythril.laser.ethereum.instructions [DEBUG]: Evaluating POP at 54
mythril.laser.ethereum.instructions [DEBUG]: Evaluating PUSH1 at 79
mythril.laser.ethereum.instructions [DEBUG]: Evaluating REVERT at 52
mythril.laser.ethereum.svm [DEBUG]: Ending transaction MessageCallTransaction 1 from sender_1 to                                        0x0.
mythril.laser.ethereum.instructions [DEBUG]: Evaluating PUSH2 at 55
mythril.laser.ethereum.instructions [DEBUG]: Evaluating JUMPDEST at 80
mythril.laser.ethereum.instructions [DEBUG]: Evaluating PUSH20 at 56
mythril.laser.ethereum.instructions [DEBUG]: Evaluating PUSH1 at 81
mythril.laser.ethereum.instructions [DEBUG]: Evaluating PUSH1 at 57
mythril.laser.ethereum.instructions [DEBUG]: Evaluating SLOAD at 82
mythril.laser.ethereum.instructions [DEBUG]: Evaluating CALLDATALOAD at 58
mythril.laser.ethereum.instructions [DEBUG]: Evaluating DUP2 at 83
mythril.laser.ethereum.instructions [DEBUG]: Evaluating AND at 59
mythril.laser.ethereum.instructions [DEBUG]: Evaluating LT at 84
mythril.laser.ethereum.instructions [DEBUG]: Evaluating PUSH2 at 60
mythril.laser.ethereum.instructions [DEBUG]: Evaluating ISZERO at 85
mythril.laser.ethereum.instructions [DEBUG]: Evaluating JUMP at 61
mythril.laser.ethereum.instructions [DEBUG]: Evaluating PUSH2 at 86
mythril.laser.ethereum.instructions [DEBUG]: Evaluating JUMPDEST at 196
mythril.analysis.module.base [DEBUG]: Entering analysis module: TxOrigin
mythril.analysis.module.base [DEBUG]: Exiting analysis module: TxOrigin
mythril.analysis.module.base [DEBUG]: Entering analysis module: IntegerArithmetics
mythril.analysis.module.base [DEBUG]: Exiting analysis module: IntegerArithmetics
mythril.laser.ethereum.instructions [DEBUG]: Evaluating JUMPI at 87
mythril.laser.ethereum.instructions [DEBUG]: Pruned unreachable states.
mythril.laser.ethereum.instructions [DEBUG]: Evaluating PUSH1 at 197
mythril.laser.ethereum.instructions [DEBUG]: Evaluating JUMPDEST at 193
mythril.laser.ethereum.instructions [DEBUG]: Evaluating PUSH1 at 198
mythril.laser.ethereum.instructions [DEBUG]: Evaluating POP at 194
mythril.laser.ethereum.instructions [DEBUG]: Evaluating MSTORE at 199
mythril.laser.ethereum.instructions [DEBUG]: Evaluating JUMP at 195
mythril.laser.ethereum.instructions [DEBUG]: Evaluating PUSH1 at 200
mythril.laser.ethereum.instructions [DEBUG]: Evaluating JUMPDEST at 42
mythril.laser.ethereum.instructions [DEBUG]: Evaluating SWAP1 at 201
mythril.analysis.module.base [DEBUG]: Entering analysis module: IntegerArithmetics
mythril.analysis.module.base [DEBUG]: Exiting analysis module: IntegerArithmetics
mythril.analysis.module.base [DEBUG]: Entering analysis module: UncheckedRetval
mythril.analysis.module.base [DEBUG]: Exiting analysis module: UncheckedRetval
mythril.laser.ethereum.instructions [DEBUG]: Evaluating STOP at 43
mythril.laser.ethereum.svm [DEBUG]: Ending transaction MessageCallTransaction 1 from sender_1 to                                        0x0.
mythril.laser.ethereum.instructions [DEBUG]: Evaluating DUP2 at 202
mythril.laser.ethereum.instructions [DEBUG]: Evaluating MSTORE at 203
mythril.laser.ethereum.instructions [DEBUG]: Evaluating PUSH1 at 204
mythril.laser.ethereum.instructions [DEBUG]: Evaluating SWAP1 at 205
mythril.laser.ethereum.instructions [DEBUG]: Evaluating SHA3 at 206
mythril.laser.ethereum.instructions [DEBUG]: Evaluating SLOAD at 207
mythril.laser.ethereum.instructions [DEBUG]: Evaluating DUP2 at 208
mythril.laser.ethereum.instructions [DEBUG]: Evaluating JUMP at 209
mythril.laser.ethereum.instructions [DEBUG]: Evaluating JUMPDEST at 62
mythril.laser.ethereum.instructions [DEBUG]: Evaluating PUSH1 at 63
mythril.laser.ethereum.instructions [DEBUG]: Evaluating DUP1 at 64
mythril.laser.ethereum.instructions [DEBUG]: Evaluating MLOAD at 65
mythril.laser.ethereum.instructions [DEBUG]: Evaluating SWAP2 at 66
mythril.laser.ethereum.instructions [DEBUG]: Evaluating DUP3 at 67
mythril.laser.ethereum.instructions [DEBUG]: Evaluating MSTORE at 68
mythril.laser.ethereum.instructions [DEBUG]: Evaluating MLOAD at 69
mythril.laser.ethereum.instructions [DEBUG]: Evaluating SWAP1 at 70
mythril.laser.ethereum.instructions [DEBUG]: Evaluating DUP2 at 71
mythril.laser.ethereum.instructions [DEBUG]: Evaluating SWAP1 at 72
mythril.analysis.module.base [DEBUG]: Entering analysis module: IntegerArithmetics
mythril.analysis.module.base [DEBUG]: Exiting analysis module: IntegerArithmetics
mythril.laser.ethereum.instructions [DEBUG]: Evaluating SUB at 73
mythril.laser.ethereum.instructions [DEBUG]: Evaluating PUSH1 at 74
mythril.analysis.module.base [DEBUG]: Entering analysis module: IntegerArithmetics
mythril.analysis.module.base [DEBUG]: Exiting analysis module: IntegerArithmetics
mythril.laser.ethereum.instructions [DEBUG]: Evaluating ADD at 75
mythril.laser.ethereum.instructions [DEBUG]: Evaluating SWAP1 at 76
mythril.analysis.module.base [DEBUG]: Entering analysis module: IntegerArithmetics
mythril.analysis.module.base [DEBUG]: Exiting analysis module: IntegerArithmetics
mythril.analysis.module.base [DEBUG]: Entering analysis module: UncheckedRetval
mythril.analysis.module.base [DEBUG]: Exiting analysis module: UncheckedRetval
mythril.laser.ethereum.instructions [DEBUG]: Evaluating RETURN at 77
mythril.laser.ethereum.svm [DEBUG]: Ending transaction MessageCallTransaction 1 from sender_1 to                                        0x0.
mythril.laser.plugin.plugins.coverage.coverage_plugin [INFO]: Number of new instructions covered in tx 0: 105
mythril.laser.ethereum.svm [INFO]: Finished symbolic execution
mythril.laser.plugin.plugins.coverage.coverage_plugin [INFO]: Achieved 49.76% coverage for code: 60806040526004361061004b5763ffffffff7c010000000000000000000000000000000000000000000000000000000060003504166338e771ab8114610050578063bc3da53514610067575b600080fd5b34801561005c57600080fd5b506100656100a7565b005b34801561007357600080fd5b5061009573ffffffffffffffffffffffffffffffffffffffff6004351661015c565b60408051918252519081900360200190f35b60005b6000548110156101595760008054829081106100c257fe5b6000918252602082200154815473ffffffffffffffffffffffffffffffffffffffff909116916108fc91600191908190869081106100fc57fe5b600091825260208083209091015473ffffffffffffffffffffffffffffffffffffffff168352820192909252604090810182205490518115909302929091818181858888f19350505050151561015157600080fd5b6001016100aa565b50565b600160205260009081526040902054815600
mythril.laser.plugin.plugins.instruction_profiler [INFO]: Total: 0.21657848358154297 s
[ADD         ]   0.1833 %,  nr      1,  total   0.0004 s,  avg   0.0004 s,  min   0.0004 s,  max   0.0004 s
[AND         ]   0.5679 %,  nr      2,  total   0.0012 s,  avg   0.0006 s,  min   0.0006 s,  max   0.0007 s
[CALLDATALOAD]  13.8208 %,  nr      2,  total   0.0299 s,  avg   0.0150 s,  min   0.0143 s,  max   0.0156 s
[CALLDATASIZE]   0.2733 %,  nr      1,  total   0.0006 s,  avg   0.0006 s,  min   0.0006 s,  max   0.0006 s
[CALLVALUE   ]   0.5305 %,  nr      2,  total   0.0011 s,  avg   0.0006 s,  min   0.0006 s,  max   0.0006 s
[DIV         ]   0.4903 %,  nr      1,  total   0.0011 s,  avg   0.0011 s,  min   0.0011 s,  max   0.0011 s
[DUP1        ]   2.0939 %,  nr      8,  total   0.0045 s,  avg   0.0006 s,  min   0.0003 s,  max   0.0010 s
[DUP2        ]   1.1951 %,  nr      5,  total   0.0026 s,  avg   0.0005 s,  min   0.0003 s,  max   0.0008 s
[DUP3        ]   0.2572 %,  nr      1,  total   0.0006 s,  avg   0.0006 s,  min   0.0006 s,  max   0.0006 s
[EQ          ]   0.5790 %,  nr      2,  total   0.0013 s,  avg   0.0006 s,  min   0.0006 s,  max   0.0006 s
[ISZERO      ]   1.0495 %,  nr      3,  total   0.0023 s,  avg   0.0008 s,  min   0.0007 s,  max   0.0008 s
[JUMP        ]   2.2759 %,  nr      4,  total   0.0049 s,  avg   0.0012 s,  min   0.0005 s,  max   0.0020 s
[JUMPDEST    ]   2.9818 %,  nr     12,  total   0.0065 s,  avg   0.0005 s,  min   0.0003 s,  max   0.0007 s
[JUMPI       ]   5.6059 %,  nr      6,  total   0.0121 s,  avg   0.0020 s,  min   0.0015 s,  max   0.0024 s
[LT          ]   0.5883 %,  nr      2,  total   0.0013 s,  avg   0.0006 s,  min   0.0006 s,  max   0.0007 s
[MLOAD       ]   9.4290 %,  nr      2,  total   0.0204 s,  avg   0.0102 s,  min   0.0098 s,  max   0.0107 s
[MSTORE      ]  28.4813 %,  nr      4,  total   0.0617 s,  avg   0.0154 s,  min   0.0107 s,  max   0.0205 s
[POP         ]   0.7269 %,  nr      3,  total   0.0016 s,  avg   0.0005 s,  min   0.0005 s,  max   0.0006 s
[PUSH1       ]   6.3272 %,  nr     17,  total   0.0137 s,  avg   0.0008 s,  min   0.0003 s,  max   0.0024 s
[PUSH2       ]   3.0080 %,  nr     10,  total   0.0065 s,  avg   0.0007 s,  min   0.0005 s,  max   0.0012 s
[PUSH20      ]   0.2544 %,  nr      1,  total   0.0006 s,  avg   0.0006 s,  min   0.0006 s,  max   0.0006 s
[PUSH29      ]   0.2701 %,  nr      1,  total   0.0006 s,  avg   0.0006 s,  min   0.0006 s,  max   0.0006 s
[PUSH4       ]   0.9932 %,  nr      3,  total   0.0022 s,  avg   0.0007 s,  min   0.0006 s,  max   0.0009 s
[SHA3        ]  15.9652 %,  nr      1,  total   0.0346 s,  avg   0.0346 s,  min   0.0346 s,  max   0.0346 s
[SLOAD       ]   0.5937 %,  nr      2,  total   0.0013 s,  avg   0.0006 s,  min   0.0006 s,  max   0.0006 s
[SUB         ]   0.1736 %,  nr      1,  total   0.0004 s,  avg   0.0004 s,  min   0.0004 s,  max   0.0004 s
[SWAP1       ]   0.9991 %,  nr      5,  total   0.0022 s,  avg   0.0004 s,  min   0.0003 s,  max   0.0006 s
[SWAP2       ]   0.2853 %,  nr      1,  total   0.0006 s,  avg   0.0006 s,  min   0.0006 s,  max   0.0006 s

mythril.analysis.security [INFO]: Starting analysis
mythril.analysis.security [DEBUG]: Retrieving results for Caller can write to arbitrary storage locations
mythril.analysis.security [DEBUG]: Retrieving results for Delegatecall to a user-specified address
mythril.analysis.security [DEBUG]: Retrieving results for Control flow depends on tx.origin
mythril.analysis.security [DEBUG]: Retrieving results for Any sender can withdraw ETH from the contract account
mythril.analysis.security [DEBUG]: Retrieving results for Integer overflow or underflow
mythril.analysis.security [DEBUG]: Retrieving results for State change after an external call
mythril.analysis.security [DEBUG]: Retrieving results for Contract can be accidentally killed by anyone
mythril.analysis.security [DEBUG]: Retrieving results for Return value of an external call is not checked
mythril.mythril.mythril_analyzer [INFO]: Solver statistics: 
Query count: 16 
Solver time: 0.15854907035827637
{"error": null, "issues": [], "success": true}
