 ______     __         __  __     ______     __     __  __     __    __    
/\  ___\   /\ \       /\ \_\ \   /\  ___\   /\ \   /\ \/\ \   /\ "-./  \   
\ \  __\   \ \ \____  \ \____ \  \ \___  \  \ \ \  \ \ \_\ \  \ \ \-./\ \  
 \ \_____\  \ \_____\  \/\_____\  \/\_____\  \ \_\  \ \_____\  \ \_\ \ \_\ 
  \/_____/   \/_____/   \/_____/   \/_____/   \/_/   \/_____/   \/_/  \/_/ 
                                                                           
Compiling source code...
Retrieving bytecode for contract 'Missing'.
Please wait. Scanning bytecode for bugs...
Running Osiris...
Finished running Osiris. Execution time 1.0201449394226074 seconds. Code coverage 99.2%.
Running Oyente...
Finished running Oyente. Execution time 1.0538842678070068 seconds. Code coverage 93.7%.
Running Mythril...
Finished running Mythril. Execution time 6.621670722961426 seconds. Code coverage 99.21%.
Detected 1 bug(s):
--> Detected 'leaking ether' bug at program counter address 228 (0xe4) using Mythril with a code coverage of 99.21%.
Exporting original control-flow graph...
Recovering control-flow graph...
Recovered 100% of the control-flow graph
Number of execution paths accessing storage: 3
Deployment bytecode size: 36 bytes (original: 32 bytes) 12.5% increase.
Runtime bytecode size: 290 bytes (original: 253 bytes) 14.624505928853756% increase.
Metadata: 0xa165627a7a72305820342f9fa843f45d259f1946f26dfc8459a3872985be30feec2350b9193d82f1fa0029
Exporting patched control-flow graph...
