mythril.mythril.mythril_config [INFO]: Creating mythril data directory 
mythril.mythril.mythril_config [INFO]: No config file found. Creating default: /root/.mythril/config.ini 
mythril.mythril.mythril_config [INFO]: Infura key not provided, so onchain access is disabled. Use --infura-id <INFURA_ID> or set it in the environment variable INFURA_ID or in the ~/.mythril/config.ini file 
mythril.support.signatures [INFO]: Using signature database at /root/.mythril/signatures.db
mythril.laser.ethereum.svm [INFO]: LASER EVM initialized with dynamic loader: <mythril.support.loader.DynLoader object at 0x79900c914970>
mythril.laser.ethereum.strategy.extensions.bounded_loops [INFO]: Loaded search strategy extension: Loop bounds (limit = 3)
mythril.laser.plugin.loader [INFO]: Loading laser plugin: coverage
mythril.laser.plugin.loader [INFO]: Loading laser plugin: mutation-pruner
mythril.laser.plugin.loader [INFO]: Loading laser plugin: call-depth-limit
mythril.laser.plugin.loader [INFO]: Loading laser plugin: instruction-profiler
mythril.laser.plugin.loader [INFO]: Loading laser plugin: dependency-pruner
mythril.laser.plugin.loader [INFO]: Instrumenting symbolic vm with plugin: coverage
mythril.laser.plugin.loader [INFO]: Instrumenting symbolic vm with plugin: mutation-pruner
mythril.laser.plugin.loader [INFO]: Instrumenting symbolic vm with plugin: call-depth-limit
mythril.laser.plugin.loader [INFO]: Instrumenting symbolic vm with plugin: instruction-profiler
mythril.laser.plugin.loader [INFO]: Instrumenting symbolic vm with plugin: dependency-pruner
mythril.laser.ethereum.svm [DEBUG]: Starting LASER execution
mythril.laser.ethereum.svm [INFO]: Starting message call transaction to 0
mythril.laser.ethereum.svm [INFO]: Starting message call transaction, iteration: 0, 1 initial states
mythril.laser.ethereum.instructions [DEBUG]: Evaluating PUSH1 at 0
mythril.laser.ethereum.instructions [DEBUG]: Evaluating PUSH1 at 1
mythril.laser.ethereum.instructions [DEBUG]: Evaluating MSTORE at 2
mythril.laser.ethereum.instructions [DEBUG]: Evaluating PUSH1 at 3
mythril.laser.ethereum.instructions [DEBUG]: Evaluating CALLDATALOAD at 4
mythril.laser.ethereum.instructions [DEBUG]: Evaluating PUSH29 at 5
mythril.laser.ethereum.instructions [DEBUG]: Evaluating SWAP1 at 6
mythril.laser.ethereum.instructions [DEBUG]: Evaluating DIV at 7
mythril.laser.ethereum.instructions [DEBUG]: Evaluating DUP1 at 8
mythril.laser.ethereum.instructions [DEBUG]: Evaluating PUSH4 at 9
mythril.laser.ethereum.instructions [DEBUG]: Evaluating EQ at 10
mythril.laser.ethereum.instructions [DEBUG]: Evaluating PUSH1 at 11
mythril.analysis.module.base [DEBUG]: Entering analysis module: TxOrigin
mythril.analysis.module.base [DEBUG]: Exiting analysis module: TxOrigin
mythril.analysis.module.base [DEBUG]: Entering analysis module: IntegerArithmetics
mythril.analysis.module.base [DEBUG]: Exiting analysis module: IntegerArithmetics
mythril.laser.ethereum.instructions [DEBUG]: Evaluating JUMPI at 12
mythril.laser.ethereum.svm [DEBUG]: - Entering function MAIN:unknown
mythril.laser.ethereum.instructions [DEBUG]: Evaluating PUSH1 at 13
mythril.laser.ethereum.instructions [DEBUG]: Evaluating JUMPDEST at 18
mythril.laser.ethereum.instructions [DEBUG]: Evaluating JUMP at 14
mythril.laser.ethereum.instructions [DEBUG]: Evaluating CALLVALUE at 19
mythril.laser.ethereum.instructions [DEBUG]: Evaluating JUMPDEST at 15
mythril.laser.ethereum.instructions [DEBUG]: Evaluating PUSH1 at 20
mythril.laser.ethereum.instructions [DEBUG]: Evaluating PUSH1 at 16
mythril.analysis.module.base [DEBUG]: Entering analysis module: TxOrigin
mythril.analysis.module.base [DEBUG]: Exiting analysis module: TxOrigin
mythril.analysis.module.base [DEBUG]: Entering analysis module: IntegerArithmetics
mythril.analysis.module.base [DEBUG]: Exiting analysis module: IntegerArithmetics
mythril.laser.ethereum.instructions [DEBUG]: Evaluating JUMPI at 21
mythril.laser.ethereum.instructions [DEBUG]: Evaluating JUMP at 17
mythril.laser.ethereum.svm [DEBUG]: Encountered a VmException, ending path: `Skipping JUMP to invalid destination (not JUMPDEST): 2`
mythril.laser.ethereum.instructions [DEBUG]: Evaluating PUSH1 at 22
mythril.laser.ethereum.instructions [DEBUG]: Evaluating PUSH1 at 23
mythril.laser.ethereum.instructions [DEBUG]: Evaluating DUP1 at 24
mythril.laser.ethereum.instructions [DEBUG]: Evaluating POP at 25
mythril.laser.ethereum.instructions [DEBUG]: Evaluating POP at 26
mythril.laser.ethereum.instructions [DEBUG]: Evaluating PUSH1 at 27
mythril.laser.ethereum.instructions [DEBUG]: Evaluating JUMP at 28
mythril.laser.ethereum.instructions [DEBUG]: Evaluating JUMPDEST at 31
mythril.laser.ethereum.instructions [DEBUG]: Evaluating CALLER at 32
mythril.laser.ethereum.instructions [DEBUG]: Evaluating PUSH20 at 33
mythril.laser.ethereum.instructions [DEBUG]: Evaluating AND at 34
mythril.analysis.module.base [DEBUG]: Entering analysis module: AccidentallyKillable
mythril.analysis.module.modules.suicide [INFO]: Suicide module: Analyzing suicide instruction
mythril.analysis.module.modules.suicide [DEBUG]: SUICIDE in function _function_0xa56a3b5a
mythril.analysis.module.base [DEBUG]: Exiting analysis module: AccidentallyKillable
mythril.laser.ethereum.instructions [DEBUG]: Evaluating SUICIDE at 35
mythril.laser.ethereum.svm [DEBUG]: Ending transaction MessageCallTransaction 1 from sender_1 to                                        0x0.
mythril.laser.plugin.plugins.coverage.coverage_plugin [INFO]: Number of new instructions covered in tx 0: 34
mythril.laser.ethereum.svm [INFO]: Finished symbolic execution
mythril.laser.plugin.plugins.coverage.coverage_plugin [INFO]: Achieved 89.47% coverage for code: 60606040526000357c010000000000000000000000000000000000000000000000000000000090048063a56a3b5a146039576035565b6002565b3460025760486004805050604a565b005b3373ffffffffffffffffffffffffffffffffffffffff16ff5b56
mythril.laser.plugin.plugins.instruction_profiler [INFO]: Total: 0.028225421905517578 s
[AND         ]   1.0136 %,  nr      1,  total   0.0003 s,  avg   0.0003 s,  min   0.0003 s,  max   0.0003 s
[CALLDATALOAD]  25.0089 %,  nr      1,  total   0.0071 s,  avg   0.0071 s,  min   0.0071 s,  max   0.0071 s
[CALLER      ]   0.8641 %,  nr      1,  total   0.0002 s,  avg   0.0002 s,  min   0.0002 s,  max   0.0002 s
[CALLVALUE   ]   0.8709 %,  nr      1,  total   0.0002 s,  avg   0.0002 s,  min   0.0002 s,  max   0.0002 s
[DIV         ]   1.4909 %,  nr      1,  total   0.0004 s,  avg   0.0004 s,  min   0.0004 s,  max   0.0004 s
[DUP1        ]   1.6894 %,  nr      2,  total   0.0005 s,  avg   0.0002 s,  min   0.0002 s,  max   0.0002 s
[EQ          ]   0.9418 %,  nr      1,  total   0.0003 s,  avg   0.0003 s,  min   0.0003 s,  max   0.0003 s
[JUMP        ]   3.6710 %,  nr      2,  total   0.0010 s,  avg   0.0005 s,  min   0.0005 s,  max   0.0005 s
[JUMPDEST    ]   2.7030 %,  nr      3,  total   0.0008 s,  avg   0.0003 s,  min   0.0002 s,  max   0.0003 s
[JUMPI       ]   6.1223 %,  nr      2,  total   0.0017 s,  avg   0.0009 s,  min   0.0007 s,  max   0.0010 s
[MSTORE      ]  37.5399 %,  nr      1,  total   0.0106 s,  avg   0.0106 s,  min   0.0106 s,  max   0.0106 s
[POP         ]   1.6404 %,  nr      2,  total   0.0005 s,  avg   0.0002 s,  min   0.0002 s,  max   0.0002 s
[PUSH1       ]  12.2489 %,  nr     10,  total   0.0035 s,  avg   0.0003 s,  min   0.0002 s,  max   0.0006 s
[PUSH20      ]   0.9173 %,  nr      1,  total   0.0003 s,  avg   0.0003 s,  min   0.0003 s,  max   0.0003 s
[PUSH29      ]   1.4951 %,  nr      1,  total   0.0004 s,  avg   0.0004 s,  min   0.0004 s,  max   0.0004 s
[PUSH4       ]   0.8751 %,  nr      1,  total   0.0002 s,  avg   0.0002 s,  min   0.0002 s,  max   0.0002 s
[SWAP1       ]   0.9072 %,  nr      1,  total   0.0003 s,  avg   0.0003 s,  min   0.0003 s,  max   0.0003 s

mythril.analysis.security [INFO]: Starting analysis
mythril.analysis.security [DEBUG]: Retrieving results for Caller can write to arbitrary storage locations
mythril.analysis.security [DEBUG]: Retrieving results for Delegatecall to a user-specified address
mythril.analysis.security [DEBUG]: Retrieving results for Control flow depends on tx.origin
mythril.analysis.security [DEBUG]: Retrieving results for Any sender can withdraw ETH from the contract account
mythril.analysis.security [DEBUG]: Retrieving results for Integer overflow or underflow
mythril.analysis.security [DEBUG]: Retrieving results for State change after an external call
mythril.analysis.security [DEBUG]: Retrieving results for Contract can be accidentally killed by anyone
mythril.analysis.security [DEBUG]: Retrieving results for Return value of an external call is not checked
mythril.mythril.mythril_analyzer [INFO]: Solver statistics: 
Query count: 7 
Solver time: 0.03494620323181152
{"error": null, "issues": [{"address": 98, "contract": "MAIN", "description": "Any sender can cause the contract to self-destruct.\nAny sender can trigger execution of the SELFDESTRUCT instruction to destroy this contract account and withdraw its balance to an arbitrary address. Review the transaction trace generated for this issue and make sure that appropriate security controls are in place to prevent unrestricted access.", "function": "_function_0xa56a3b5a", "max_gas_used": 201, "min_gas_used": 106, "severity": "High", "sourceMap": 98, "swc-id": "106", "title": "Unprotected Selfdestruct", "tx_sequence": {"initialState": {"accounts": {"0x0": {"balance": "0x0", "code": "60606040526000357c010000000000000000000000000000000000000000000000000000000090048063a56a3b5a146039576035565b6002565b3460025760486004805050604a565b005b3373ffffffffffffffffffffffffffffffffffffffff16ff5b56", "nonce": 0, "storage": "{}"}, "0xdeadbeefdeadbeefdeadbeefdeadbeefdeadbeef": {"balance": "0x0", "code": "", "nonce": 0, "storage": "{}"}}}, "steps": [{"address": "0x0", "calldata": "0xa56a3b5a", "input": "0xa56a3b5a", "name": "unknown", "origin": "0xdeadbeefdeadbeefdeadbeefdeadbeefdeadbeef", "value": "0x0"}]}}], "success": true}
