==== Transaction Order Dependence ====
SWC ID: 114
Severity: Medium
Contract: DosAuction
Function name: bid()
PC address: 298
Estimated Gas Usage: 27721 - 143982
The value of the call is dependent on balance or storage write
This can lead to race conditions. An attacker may be able to run a transaction after our transaction which can change the value of the call
--------------------
In file: ../results/smartbugs/sGuard/denial_of_service/auction/auction.sol:34

currentFrontrunner.send(currentBid)

--------------------
Initial State:

Account: [CREATOR], balance: 0x180001188d0000000, nonce:0, storage:{}
Account: [ATTACKER], balance: 0x2000000000000000, nonce:0, storage:{}

Transaction Sequence:

Caller: [CREATOR], calldata: , decoded_data: , value: 0x0
Caller: [ATTACKER], function: bid(), txdata: 0x1998aeef, value: 0x1
Caller: [ATTACKER], function: bid(), txdata: 0x1998aeef, value: 0x2


