 ______     __         __  __     ______     __     __  __     __    __    
/\  ___\   /\ \       /\ \_\ \   /\  ___\   /\ \   /\ \/\ \   /\ "-./  \   
\ \  __\   \ \ \____  \ \____ \  \ \___  \  \ \ \  \ \ \_\ \  \ \ \-./\ \  
 \ \_____\  \ \_____\  \/\_____\  \/\_____\  \ \_\  \ \_____\  \ \_\ \ \_\ 
  \/_____/   \/_____/   \/_____/   \/_____/   \/_/   \/_____/   \/_/  \/_/ 
                                                                           
Compiling source code...
Retrieving bytecode for contract 'EtherStore'.
Please wait. Scanning bytecode for bugs...
Running Osiris...
Finished running Osiris. Execution time 0.7093117237091064 seconds. Code coverage 96.0%.
Running Oyente...
Finished running Oyente. Execution time 1.0588135719299316 seconds. Code coverage 98.7%.
Running Mythril...
Finished running Mythril. Execution time 22.467853546142578 seconds. Code coverage 99.66%.
Detected 3 bug(s):
--> Detected 'overflow' (ADD) bug at program counter address 360 (0x168) using Osiris with a code coverage of 96.0%.
--> Detected 'reentrancy' bug at program counter address 388 (0x184) using Oyente with a code coverage of 98.7%.
--> Detected 'overflow' (ADD) bug at program counter address 483 (0x1e3) using Osiris with a code coverage of 96.0%.
Exporting original control-flow graph...
Recovering control-flow graph...
Recovered 100% of the control-flow graph
Number of execution paths accessing storage: 8
Runtime bytecode size: 634 bytes (original: 488 bytes) 29.918032786885245% increase.
Metadata: 0xa165627a7a723058208dbd661f5222c48c29b0915d09d7b376b4f4d6632f833a30a840974a88896c800029
Exporting patched control-flow graph...
