 ______     __         __  __     ______     __     __  __     __    __    
/\  ___\   /\ \       /\ \_\ \   /\  ___\   /\ \   /\ \/\ \   /\ "-./  \   
\ \  __\   \ \ \____  \ \____ \  \ \___  \  \ \ \  \ \ \_\ \  \ \ \-./\ \  
 \ \_____\  \ \_____\  \/\_____\  \/\_____\  \ \_\  \ \_____\  \ \_\ \ \_\ 
  \/_____/   \/_____/   \/_____/   \/_____/   \/_/   \/_____/   \/_/  \/_/ 
                                                                           
Compiling source code...
Retrieving bytecode for contract 'demo'.
Please wait. Scanning bytecode for bugs...
Running Osiris...
Finished running Osiris. Execution time 25.969676971435547 seconds. Code coverage 99.7%.
Running Oyente...
Finished running Oyente. Execution time 0.6016943454742432 seconds. Code coverage 12.7%.
Running Mythril...
Finished running Mythril. Execution time 39.60569739341736 seconds. Code coverage 99.45%.
Detected 1 bug(s):
--> Detected 'unhandled exception' bug at program counter address 590 (0x24e) using Mythril with a code coverage of 99.45%.
Exporting original control-flow graph...
Recovering control-flow graph...
Recovered 100% of the control-flow graph
Number of execution paths accessing storage: 0
Runtime bytecode size: 632 bytes (original: 620 bytes) 1.9354838709677418% increase.
Metadata: 0xa165627a7a72305820a50f4e3b4d77ca19acd42303151e04a7cc1137be4653d5d32ac5580ab224fbad0029
Exporting patched control-flow graph...
