smartbugs/dataset/front_running/odds_and_evens.sol:20:3: Warning: Defining constructors as functions with the same name as the contract is deprecated. Use "constructor(...) { ... }" instead.
  function OddsAndEvens() {
  ^ (Relevant source part starts here and spans across multiple lines).
smartbugs/dataset/front_running/odds_and_evens.sol:25:31: Warning: "throw" is deprecated in favour of "revert()", "require()" and "assert()".
    if (msg.value != 1 ether) throw;
                              ^---^
smartbugs/dataset/front_running/odds_and_evens.sol:48:27: Warning: "throw" is deprecated in favour of "revert()", "require()" and "assert()".
    if(msg.sender!=owner) throw;
                          ^---^
smartbugs/dataset/front_running/odds_and_evens.sol:8:1: Warning: Source file does not specify required compiler version!Consider adding "pragma solidity ^0.4.24;"
contract OddsAndEvens{
^ (Relevant source part starts here and spans across multiple lines).
smartbugs/dataset/front_running/odds_and_evens.sol:49:32: Warning: Using contract member "balance" inherited from the address type is deprecated. Convert the contract to "address" type to access the member, for example use "address(contract).balance" instead.
    bool res = msg.sender.send(this.balance);
                               ^----------^
smartbugs/dataset/front_running/odds_and_evens.sol:20:3: Warning: No visibility specified. Defaulting to "public". 
  function OddsAndEvens() {
  ^ (Relevant source part starts here and spans across multiple lines).
smartbugs/dataset/front_running/odds_and_evens.sol:24:3: Warning: No visibility specified. Defaulting to "public". 
  function play(uint number) payable{
  ^ (Relevant source part starts here and spans across multiple lines).
smartbugs/dataset/front_running/odds_and_evens.sol:47:3: Warning: No visibility specified. Defaulting to "public". 
  function getProfit() {
  ^ (Relevant source part starts here and spans across multiple lines).
smartbugs/dataset/front_running/odds_and_evens.sol:49:5: Warning: Unused local variable.
    bool res = msg.sender.send(this.balance);
    ^------^
