mythril.mythril.mythril_config [INFO]: Creating mythril data directory 
mythril.mythril.mythril_config [INFO]: No config file found. Creating default: /root/.mythril/config.ini 
mythril.mythril.mythril_config [INFO]: Infura key not provided, so onchain access is disabled. Use --infura-id <INFURA_ID> or set it in the environment variable INFURA_ID or in the ~/.mythril/config.ini file 
mythril.support.signatures [INFO]: Using signature database at /root/.mythril/signatures.db
mythril.laser.ethereum.svm [INFO]: LASER EVM initialized with dynamic loader: <mythril.support.loader.DynLoader object at 0x7ddd1cb63e80>
mythril.laser.ethereum.strategy.extensions.bounded_loops [INFO]: Loaded search strategy extension: Loop bounds (limit = 3)
mythril.laser.plugin.loader [INFO]: Loading laser plugin: coverage
mythril.laser.plugin.loader [INFO]: Loading laser plugin: mutation-pruner
mythril.laser.plugin.loader [INFO]: Loading laser plugin: call-depth-limit
mythril.laser.plugin.loader [INFO]: Loading laser plugin: instruction-profiler
mythril.laser.plugin.loader [INFO]: Loading laser plugin: dependency-pruner
mythril.laser.plugin.loader [INFO]: Instrumenting symbolic vm with plugin: coverage
mythril.laser.plugin.loader [INFO]: Instrumenting symbolic vm with plugin: mutation-pruner
mythril.laser.plugin.loader [INFO]: Instrumenting symbolic vm with plugin: call-depth-limit
mythril.laser.plugin.loader [INFO]: Instrumenting symbolic vm with plugin: instruction-profiler
mythril.laser.plugin.loader [INFO]: Instrumenting symbolic vm with plugin: dependency-pruner
mythril.laser.ethereum.svm [DEBUG]: Starting LASER execution
mythril.laser.ethereum.svm [INFO]: Starting message call transaction to 0
mythril.laser.ethereum.svm [INFO]: Starting message call transaction, iteration: 0, 1 initial states
mythril.laser.ethereum.instructions [DEBUG]: Evaluating PUSH1 at 0
mythril.laser.ethereum.instructions [DEBUG]: Evaluating PUSH1 at 1
mythril.laser.ethereum.instructions [DEBUG]: Evaluating MSTORE at 2
mythril.laser.ethereum.instructions [DEBUG]: Evaluating PUSH1 at 3
mythril.laser.ethereum.instructions [DEBUG]: Evaluating CALLDATASIZE at 4
mythril.laser.ethereum.instructions [DEBUG]: Evaluating LT at 5
mythril.laser.ethereum.instructions [DEBUG]: Evaluating PUSH2 at 6
mythril.analysis.module.base [DEBUG]: Entering analysis module: TxOrigin
mythril.analysis.module.base [DEBUG]: Exiting analysis module: TxOrigin
mythril.analysis.module.base [DEBUG]: Entering analysis module: IntegerArithmetics
mythril.analysis.module.base [DEBUG]: Exiting analysis module: IntegerArithmetics
mythril.laser.ethereum.instructions [DEBUG]: Evaluating JUMPI at 7
mythril.laser.ethereum.instructions [DEBUG]: Evaluating PUSH4 at 8
mythril.laser.ethereum.instructions [DEBUG]: Evaluating JUMPDEST at 31
mythril.laser.ethereum.instructions [DEBUG]: Evaluating PUSH1 at 9
mythril.laser.ethereum.instructions [DEBUG]: Evaluating PUSH1 at 32
mythril.laser.ethereum.instructions [DEBUG]: Evaluating PUSH1 at 10
mythril.laser.ethereum.instructions [DEBUG]: Evaluating DUP1 at 33
mythril.analysis.module.base [DEBUG]: Entering analysis module: IntegerArithmetics
mythril.analysis.module.base [DEBUG]: Exiting analysis module: IntegerArithmetics
mythril.laser.ethereum.instructions [DEBUG]: Evaluating EXP at 11
mythril.laser.ethereum.instructions [DEBUG]: Evaluating REVERT at 34
mythril.laser.ethereum.svm [DEBUG]: Ending transaction MessageCallTransaction 1 from sender_1 to                                        0x0.
mythril.laser.ethereum.instructions [DEBUG]: Evaluating PUSH1 at 12
mythril.laser.ethereum.instructions [DEBUG]: Evaluating CALLDATALOAD at 13
mythril.laser.ethereum.instructions [DEBUG]: Evaluating DIV at 14
mythril.laser.ethereum.instructions [DEBUG]: Evaluating AND at 15
mythril.laser.ethereum.instructions [DEBUG]: Evaluating PUSH4 at 16
mythril.laser.ethereum.instructions [DEBUG]: Evaluating DUP2 at 17
mythril.laser.ethereum.instructions [DEBUG]: Evaluating EQ at 18
mythril.laser.ethereum.instructions [DEBUG]: Evaluating PUSH2 at 19
mythril.analysis.module.base [DEBUG]: Entering analysis module: TxOrigin
mythril.analysis.module.base [DEBUG]: Exiting analysis module: TxOrigin
mythril.analysis.module.base [DEBUG]: Entering analysis module: IntegerArithmetics
mythril.analysis.module.base [DEBUG]: Exiting analysis module: IntegerArithmetics
mythril.laser.ethereum.instructions [DEBUG]: Evaluating JUMPI at 20
mythril.laser.ethereum.instructions [DEBUG]: Evaluating DUP1 at 21
mythril.laser.ethereum.instructions [DEBUG]: Evaluating JUMPDEST at 35
mythril.laser.ethereum.instructions [DEBUG]: Evaluating PUSH4 at 22
mythril.laser.ethereum.instructions [DEBUG]: Evaluating CALLVALUE at 36
mythril.laser.ethereum.instructions [DEBUG]: Evaluating EQ at 23
mythril.laser.ethereum.instructions [DEBUG]: Evaluating DUP1 at 37
mythril.laser.ethereum.instructions [DEBUG]: Evaluating PUSH2 at 24
mythril.laser.ethereum.instructions [DEBUG]: Evaluating ISZERO at 38
mythril.analysis.module.base [DEBUG]: Entering analysis module: TxOrigin
mythril.analysis.module.base [DEBUG]: Exiting analysis module: TxOrigin
mythril.analysis.module.base [DEBUG]: Entering analysis module: IntegerArithmetics
mythril.analysis.module.base [DEBUG]: Exiting analysis module: IntegerArithmetics
mythril.laser.ethereum.instructions [DEBUG]: Evaluating JUMPI at 25
mythril.laser.ethereum.svm [DEBUG]: - Entering function MAIN:unknown
mythril.laser.ethereum.instructions [DEBUG]: Evaluating PUSH2 at 39
mythril.laser.ethereum.instructions [DEBUG]: Evaluating DUP1 at 26
mythril.laser.ethereum.instructions [DEBUG]: Evaluating JUMPDEST at 59
mythril.analysis.module.base [DEBUG]: Entering analysis module: TxOrigin
mythril.analysis.module.base [DEBUG]: Exiting analysis module: TxOrigin
mythril.analysis.module.base [DEBUG]: Entering analysis module: IntegerArithmetics
mythril.analysis.module.base [DEBUG]: Exiting analysis module: IntegerArithmetics
mythril.laser.ethereum.instructions [DEBUG]: Evaluating JUMPI at 40
mythril.laser.ethereum.instructions [DEBUG]: Evaluating PUSH4 at 27
mythril.laser.ethereum.instructions [DEBUG]: Evaluating CALLVALUE at 60
mythril.laser.ethereum.instructions [DEBUG]: Evaluating PUSH1 at 41
mythril.laser.ethereum.instructions [DEBUG]: Evaluating JUMPDEST at 44
mythril.laser.ethereum.instructions [DEBUG]: Evaluating EQ at 28
mythril.laser.ethereum.instructions [DEBUG]: Evaluating DUP1 at 61
mythril.laser.ethereum.instructions [DEBUG]: Evaluating DUP1 at 42
mythril.laser.ethereum.instructions [DEBUG]: Evaluating POP at 45
mythril.laser.ethereum.instructions [DEBUG]: Evaluating PUSH2 at 29
mythril.laser.ethereum.instructions [DEBUG]: Evaluating ISZERO at 62
mythril.laser.ethereum.instructions [DEBUG]: Evaluating REVERT at 43
mythril.laser.ethereum.svm [DEBUG]: Ending transaction MessageCallTransaction 1 from sender_1 to                                        0x0.
mythril.laser.ethereum.instructions [DEBUG]: Evaluating PUSH2 at 46
mythril.analysis.module.base [DEBUG]: Entering analysis module: TxOrigin
mythril.analysis.module.base [DEBUG]: Exiting analysis module: TxOrigin
mythril.analysis.module.base [DEBUG]: Entering analysis module: IntegerArithmetics
mythril.analysis.module.base [DEBUG]: Exiting analysis module: IntegerArithmetics
mythril.laser.ethereum.instructions [DEBUG]: Evaluating JUMPI at 30
mythril.laser.ethereum.svm [DEBUG]: - Entering function MAIN:unknown
mythril.laser.ethereum.instructions [DEBUG]: Evaluating PUSH2 at 63
mythril.laser.ethereum.instructions [DEBUG]: Evaluating PUSH1 at 47
mythril.laser.ethereum.instructions [DEBUG]: Evaluating JUMPDEST at 31
mythril.laser.ethereum.instructions [DEBUG]: Evaluating JUMPDEST at 73
mythril.analysis.module.base [DEBUG]: Entering analysis module: TxOrigin
mythril.analysis.module.base [DEBUG]: Exiting analysis module: TxOrigin
mythril.analysis.module.base [DEBUG]: Entering analysis module: IntegerArithmetics
mythril.analysis.module.base [DEBUG]: Exiting analysis module: IntegerArithmetics
mythril.laser.ethereum.instructions [DEBUG]: Evaluating JUMPI at 64
mythril.laser.ethereum.instructions [DEBUG]: Evaluating PUSH1 at 48
mythril.laser.ethereum.instructions [DEBUG]: Evaluating PUSH1 at 32
mythril.laser.ethereum.instructions [DEBUG]: Evaluating CALLVALUE at 74
mythril.laser.ethereum.instructions [DEBUG]: Evaluating PUSH1 at 65
mythril.laser.ethereum.instructions [DEBUG]: Evaluating JUMPDEST at 68
mythril.laser.ethereum.instructions [DEBUG]: Evaluating PUSH1 at 49
mythril.laser.ethereum.instructions [DEBUG]: Evaluating DUP1 at 33
mythril.laser.ethereum.instructions [DEBUG]: Evaluating DUP1 at 75
mythril.laser.ethereum.instructions [DEBUG]: Evaluating DUP1 at 66
mythril.laser.ethereum.instructions [DEBUG]: Evaluating POP at 69
mythril.analysis.module.base [DEBUG]: Entering analysis module: IntegerArithmetics
mythril.analysis.module.base [DEBUG]: Exiting analysis module: IntegerArithmetics
mythril.laser.ethereum.instructions [DEBUG]: Evaluating EXP at 50
mythril.laser.ethereum.instructions [DEBUG]: Evaluating REVERT at 34
mythril.laser.ethereum.svm [DEBUG]: Ending transaction MessageCallTransaction 1 from sender_1 to                                        0x0.
mythril.laser.ethereum.instructions [DEBUG]: Evaluating ISZERO at 76
mythril.laser.ethereum.instructions [DEBUG]: Evaluating REVERT at 67
mythril.laser.ethereum.svm [DEBUG]: Ending transaction MessageCallTransaction 1 from sender_1 to                                        0x0.
mythril.laser.ethereum.instructions [DEBUG]: Evaluating PUSH2 at 70
mythril.analysis.module.base [DEBUG]: Entering analysis module: IntegerArithmetics
mythril.analysis.module.base [DEBUG]: Exiting analysis module: IntegerArithmetics
mythril.laser.ethereum.instructions [DEBUG]: Evaluating SUB at 51
mythril.laser.ethereum.instructions [DEBUG]: Evaluating PUSH2 at 77
mythril.laser.ethereum.instructions [DEBUG]: Evaluating PUSH2 at 71
mythril.laser.ethereum.instructions [DEBUG]: Evaluating PUSH1 at 52
mythril.analysis.module.base [DEBUG]: Entering analysis module: TxOrigin
mythril.analysis.module.base [DEBUG]: Exiting analysis module: TxOrigin
mythril.analysis.module.base [DEBUG]: Entering analysis module: IntegerArithmetics
mythril.analysis.module.base [DEBUG]: Exiting analysis module: IntegerArithmetics
mythril.laser.ethereum.instructions [DEBUG]: Evaluating JUMPI at 78
mythril.laser.ethereum.instructions [DEBUG]: Evaluating JUMP at 72
mythril.laser.ethereum.instructions [DEBUG]: Evaluating CALLDATALOAD at 53
mythril.laser.ethereum.instructions [DEBUG]: Evaluating PUSH1 at 79
mythril.laser.ethereum.instructions [DEBUG]: Evaluating JUMPDEST at 82
mythril.laser.ethereum.instructions [DEBUG]: Evaluating JUMPDEST at 136
mythril.laser.ethereum.instructions [DEBUG]: Evaluating AND at 54
mythril.laser.ethereum.instructions [DEBUG]: Evaluating DUP1 at 80
mythril.laser.ethereum.instructions [DEBUG]: Evaluating POP at 83
mythril.laser.ethereum.instructions [DEBUG]: Evaluating PUSH1 at 137
mythril.laser.ethereum.instructions [DEBUG]: Evaluating PUSH2 at 55
mythril.laser.ethereum.instructions [DEBUG]: Evaluating REVERT at 81
mythril.laser.ethereum.svm [DEBUG]: Ending transaction MessageCallTransaction 1 from sender_1 to                                        0x0.
mythril.laser.ethereum.instructions [DEBUG]: Evaluating PUSH2 at 84
mythril.laser.ethereum.instructions [DEBUG]: Evaluating SLOAD at 138
mythril.laser.ethereum.instructions [DEBUG]: Evaluating JUMP at 56
mythril.laser.ethereum.instructions [DEBUG]: Evaluating PUSH1 at 85
mythril.laser.ethereum.instructions [DEBUG]: Evaluating PUSH1 at 139
mythril.laser.ethereum.instructions [DEBUG]: Evaluating JUMPDEST at 103
mythril.laser.ethereum.instructions [DEBUG]: Evaluating PUSH1 at 86
mythril.laser.ethereum.instructions [DEBUG]: Evaluating PUSH1 at 140
mythril.laser.ethereum.instructions [DEBUG]: Evaluating PUSH1 at 104
mythril.laser.ethereum.instructions [DEBUG]: Evaluating PUSH1 at 87
mythril.laser.ethereum.instructions [DEBUG]: Evaluating PUSH1 at 141
mythril.laser.ethereum.instructions [DEBUG]: Evaluating SLOAD at 105
mythril.analysis.module.base [DEBUG]: Entering analysis module: IntegerArithmetics
mythril.analysis.module.base [DEBUG]: Exiting analysis module: IntegerArithmetics
mythril.laser.ethereum.instructions [DEBUG]: Evaluating EXP at 88
mythril.analysis.module.base [DEBUG]: Entering analysis module: IntegerArithmetics
mythril.analysis.module.base [DEBUG]: Exiting analysis module: IntegerArithmetics
mythril.laser.ethereum.instructions [DEBUG]: Evaluating EXP at 142
mythril.laser.ethereum.instructions [DEBUG]: Evaluating PUSH1 at 106
mythril.analysis.module.base [DEBUG]: Entering analysis module: IntegerArithmetics
mythril.analysis.module.base [DEBUG]: Exiting analysis module: IntegerArithmetics
mythril.laser.ethereum.instructions [DEBUG]: Evaluating SUB at 89
mythril.analysis.module.base [DEBUG]: Entering analysis module: IntegerArithmetics
mythril.analysis.module.base [DEBUG]: Exiting analysis module: IntegerArithmetics
mythril.laser.ethereum.instructions [DEBUG]: Evaluating SUB at 143
mythril.laser.ethereum.instructions [DEBUG]: Evaluating PUSH1 at 107
mythril.laser.ethereum.instructions [DEBUG]: Evaluating PUSH1 at 90
mythril.laser.ethereum.instructions [DEBUG]: Evaluating AND at 144
mythril.laser.ethereum.instructions [DEBUG]: Evaluating PUSH1 at 108
mythril.laser.ethereum.instructions [DEBUG]: Evaluating CALLDATALOAD at 91
mythril.laser.ethereum.instructions [DEBUG]: Evaluating CALLER at 145
mythril.analysis.module.base [DEBUG]: Entering analysis module: IntegerArithmetics
mythril.analysis.module.base [DEBUG]: Exiting analysis module: IntegerArithmetics
mythril.laser.ethereum.instructions [DEBUG]: Evaluating EXP at 109
mythril.laser.ethereum.instructions [DEBUG]: Evaluating DUP2 at 92
mythril.laser.ethereum.instructions [DEBUG]: Evaluating EQ at 146
mythril.analysis.module.base [DEBUG]: Entering analysis module: IntegerArithmetics
mythril.analysis.module.base [DEBUG]: Exiting analysis module: IntegerArithmetics
mythril.laser.ethereum.instructions [DEBUG]: Evaluating SUB at 110
mythril.laser.ethereum.instructions [DEBUG]: Evaluating AND at 93
mythril.laser.ethereum.instructions [DEBUG]: Evaluating ISZERO at 147
mythril.laser.ethereum.instructions [DEBUG]: Evaluating AND at 111
mythril.laser.ethereum.instructions [DEBUG]: Evaluating SWAP1 at 94
mythril.laser.ethereum.instructions [DEBUG]: Evaluating PUSH2 at 148
mythril.laser.ethereum.instructions [DEBUG]: Evaluating CALLER at 112
mythril.laser.ethereum.instructions [DEBUG]: Evaluating PUSH1 at 95
mythril.analysis.module.base [DEBUG]: Entering analysis module: TxOrigin
mythril.analysis.module.base [DEBUG]: Exiting analysis module: TxOrigin
mythril.analysis.module.base [DEBUG]: Entering analysis module: IntegerArithmetics
mythril.analysis.module.base [DEBUG]: Exiting analysis module: IntegerArithmetics
mythril.laser.ethereum.instructions [DEBUG]: Evaluating JUMPI at 149
mythril.laser.ethereum.instructions [DEBUG]: Evaluating EQ at 113
mythril.laser.ethereum.instructions [DEBUG]: Evaluating CALLDATALOAD at 96
mythril.laser.ethereum.instructions [DEBUG]: Evaluating JUMPDEST at 172
mythril.laser.ethereum.instructions [DEBUG]: Evaluating ISZERO at 114
mythril.laser.ethereum.instructions [DEBUG]: Evaluating SWAP1 at 97
mythril.laser.ethereum.instructions [DEBUG]: Evaluating JUMP at 173
mythril.laser.ethereum.instructions [DEBUG]: Evaluating PUSH2 at 115
mythril.laser.ethereum.instructions [DEBUG]: Evaluating PUSH1 at 98
mythril.laser.ethereum.instructions [DEBUG]: Evaluating JUMPDEST at 57
mythril.analysis.module.base [DEBUG]: Entering analysis module: TxOrigin
mythril.analysis.module.base [DEBUG]: Exiting analysis module: TxOrigin
mythril.analysis.module.base [DEBUG]: Entering analysis module: IntegerArithmetics
mythril.analysis.module.base [DEBUG]: Exiting analysis module: IntegerArithmetics
mythril.laser.ethereum.instructions [DEBUG]: Evaluating JUMPI at 116
mythril.laser.ethereum.instructions [DEBUG]: Evaluating CALLDATALOAD at 99
mythril.analysis.module.base [DEBUG]: Entering analysis module: IntegerArithmetics
mythril.analysis.module.base [DEBUG]: Exiting analysis module: IntegerArithmetics
mythril.analysis.module.base [DEBUG]: Entering analysis module: UncheckedRetval
mythril.analysis.module.base [DEBUG]: Exiting analysis module: UncheckedRetval
mythril.laser.ethereum.instructions [DEBUG]: Evaluating STOP at 58
mythril.laser.ethereum.svm [DEBUG]: Ending transaction MessageCallTransaction 1 from sender_1 to                                        0x0.
mythril.laser.ethereum.instructions [DEBUG]: Evaluating JUMPDEST at 133
mythril.laser.ethereum.instructions [DEBUG]: Evaluating AND at 100
mythril.laser.ethereum.instructions [DEBUG]: Evaluating POP at 134
mythril.laser.ethereum.instructions [DEBUG]: Evaluating PUSH2 at 101
mythril.laser.ethereum.instructions [DEBUG]: Evaluating JUMP at 135
mythril.laser.ethereum.instructions [DEBUG]: Evaluating JUMP at 102
mythril.laser.ethereum.instructions [DEBUG]: Evaluating JUMPDEST at 57
mythril.laser.ethereum.instructions [DEBUG]: Evaluating JUMPDEST at 174
mythril.analysis.module.base [DEBUG]: Entering analysis module: IntegerArithmetics
mythril.analysis.module.base [DEBUG]: Exiting analysis module: IntegerArithmetics
mythril.analysis.module.base [DEBUG]: Entering analysis module: UncheckedRetval
mythril.analysis.module.base [DEBUG]: Exiting analysis module: UncheckedRetval
mythril.laser.ethereum.instructions [DEBUG]: Evaluating STOP at 58
mythril.laser.ethereum.svm [DEBUG]: Ending transaction MessageCallTransaction 1 from sender_1 to                                        0x0.
mythril.laser.ethereum.instructions [DEBUG]: Evaluating PUSH1 at 175
mythril.laser.ethereum.instructions [DEBUG]: Evaluating SLOAD at 176
mythril.laser.ethereum.instructions [DEBUG]: Evaluating PUSH1 at 177
mythril.laser.ethereum.instructions [DEBUG]: Evaluating PUSH1 at 178
mythril.laser.ethereum.instructions [DEBUG]: Evaluating PUSH1 at 179
mythril.analysis.module.base [DEBUG]: Entering analysis module: IntegerArithmetics
mythril.analysis.module.base [DEBUG]: Exiting analysis module: IntegerArithmetics
mythril.laser.ethereum.instructions [DEBUG]: Evaluating EXP at 180
mythril.analysis.module.base [DEBUG]: Entering analysis module: IntegerArithmetics
mythril.analysis.module.base [DEBUG]: Exiting analysis module: IntegerArithmetics
mythril.laser.ethereum.instructions [DEBUG]: Evaluating SUB at 181
mythril.laser.ethereum.instructions [DEBUG]: Evaluating AND at 182
mythril.laser.ethereum.instructions [DEBUG]: Evaluating CALLER at 183
mythril.laser.ethereum.instructions [DEBUG]: Evaluating EQ at 184
mythril.laser.ethereum.instructions [DEBUG]: Evaluating ISZERO at 185
mythril.laser.ethereum.instructions [DEBUG]: Evaluating PUSH2 at 186
mythril.analysis.module.base [DEBUG]: Entering analysis module: TxOrigin
mythril.analysis.module.base [DEBUG]: Exiting analysis module: TxOrigin
mythril.analysis.module.base [DEBUG]: Entering analysis module: IntegerArithmetics
mythril.analysis.module.base [DEBUG]: Exiting analysis module: IntegerArithmetics
mythril.laser.ethereum.instructions [DEBUG]: Evaluating JUMPI at 187
mythril.laser.ethereum.instructions [DEBUG]: Evaluating JUMPDEST at 276
mythril.laser.ethereum.instructions [DEBUG]: Evaluating POP at 277
mythril.laser.ethereum.instructions [DEBUG]: Evaluating POP at 278
mythril.laser.ethereum.instructions [DEBUG]: Evaluating POP at 279
mythril.laser.ethereum.instructions [DEBUG]: Evaluating JUMP at 280
mythril.laser.ethereum.instructions [DEBUG]: Evaluating JUMPDEST at 57
mythril.analysis.module.base [DEBUG]: Entering analysis module: IntegerArithmetics
mythril.analysis.module.base [DEBUG]: Exiting analysis module: IntegerArithmetics
mythril.analysis.module.base [DEBUG]: Entering analysis module: UncheckedRetval
mythril.analysis.module.base [DEBUG]: Exiting analysis module: UncheckedRetval
mythril.laser.ethereum.instructions [DEBUG]: Evaluating STOP at 58
mythril.laser.ethereum.svm [DEBUG]: Ending transaction MessageCallTransaction 1 from sender_1 to                                        0x0.
mythril.laser.plugin.plugins.coverage.coverage_plugin [INFO]: Number of new instructions covered in tx 0: 155
mythril.laser.ethereum.svm [INFO]: Finished symbolic execution
mythril.laser.plugin.plugins.coverage.coverage_plugin [INFO]: Achieved 54.96% coverage for code: 60806040526004361061003d5763ffffffff60e060020a600035041663a6f9dae18114610042578063bd9b6d8614610065578063c7de2d131461007a575b600080fd5b34801561004e57600080fd5b50610063600160a060020a03600435166100a5565b005b34801561007157600080fd5b506100636100e4565b34801561008657600080fd5b50610063600160a060020a036004358116906024359060443516610129565b600154600160a060020a03163314156100e1576000805473ffffffffffffffffffffffffffffffffffffffff1916600160a060020a0383161790555b50565b600054600160a060020a0316331415610127576000546001805473ffffffffffffffffffffffffffffffffffffffff1916600160a060020a039092169190911790555b565b600154600160a060020a03163314156101d05782600160a060020a031660405180807f7472616e7366657228616464726573732c75696e7432353629000000000000008152506019019050604051809103902060e060020a900482846040518363ffffffff1660e060020a0281526004018083600160a060020a0316600160a060020a03168152602001828152602001925050506000604051808303816000875af1505050505b5050505600
mythril.laser.plugin.plugins.instruction_profiler [INFO]: Total: 0.16054892539978027 s
[AND         ]   1.7517 %,  nr      7,  total   0.0028 s,  avg   0.0004 s,  min   0.0003 s,  max   0.0006 s
[CALLDATALOAD]  31.4621 %,  nr      5,  total   0.0505 s,  avg   0.0101 s,  min   0.0072 s,  max   0.0127 s
[CALLDATASIZE]   0.3288 %,  nr      1,  total   0.0005 s,  avg   0.0005 s,  min   0.0005 s,  max   0.0005 s
[CALLER      ]   0.6154 %,  nr      3,  total   0.0010 s,  avg   0.0003 s,  min   0.0002 s,  max   0.0005 s
[CALLVALUE   ]   0.9754 %,  nr      3,  total   0.0016 s,  avg   0.0005 s,  min   0.0005 s,  max   0.0005 s
[DIV         ]   0.6267 %,  nr      1,  total   0.0010 s,  avg   0.0010 s,  min   0.0010 s,  max   0.0010 s
[DUP1        ]   4.2261 %,  nr     10,  total   0.0068 s,  avg   0.0007 s,  min   0.0005 s,  max   0.0018 s
[DUP2        ]   0.5031 %,  nr      2,  total   0.0008 s,  avg   0.0004 s,  min   0.0003 s,  max   0.0005 s
[EQ          ]   2.1944 %,  nr      6,  total   0.0035 s,  avg   0.0006 s,  min   0.0003 s,  max   0.0009 s
[EXP         ]   2.0789 %,  nr      6,  total   0.0033 s,  avg   0.0006 s,  min   0.0003 s,  max   0.0007 s
[ISZERO      ]   2.1047 %,  nr      6,  total   0.0034 s,  avg   0.0006 s,  min   0.0004 s,  max   0.0007 s
[JUMP        ]   2.8303 %,  nr      6,  total   0.0045 s,  avg   0.0008 s,  min   0.0005 s,  max   0.0015 s
[JUMPDEST    ]   5.0078 %,  nr     17,  total   0.0080 s,  avg   0.0005 s,  min   0.0002 s,  max   0.0007 s
[JUMPI       ]  10.0117 %,  nr     10,  total   0.0161 s,  avg   0.0016 s,  min   0.0010 s,  max   0.0021 s
[LT          ]   0.3713 %,  nr      1,  total   0.0006 s,  avg   0.0006 s,  min   0.0006 s,  max   0.0006 s
[MSTORE      ]  11.3169 %,  nr      1,  total   0.0182 s,  avg   0.0182 s,  min   0.0182 s,  max   0.0182 s
[POP         ]   1.6943 %,  nr      7,  total   0.0027 s,  avg   0.0004 s,  min   0.0003 s,  max   0.0006 s
[PUSH1       ]  11.6748 %,  nr     33,  total   0.0187 s,  avg   0.0006 s,  min   0.0003 s,  max   0.0014 s
[PUSH2       ]   5.3795 %,  nr     16,  total   0.0086 s,  avg   0.0005 s,  min   0.0002 s,  max   0.0010 s
[PUSH4       ]   1.9332 %,  nr      4,  total   0.0031 s,  avg   0.0008 s,  min   0.0005 s,  max   0.0010 s
[SLOAD       ]   1.0596 %,  nr      3,  total   0.0017 s,  avg   0.0006 s,  min   0.0004 s,  max   0.0006 s
[SUB         ]   1.4855 %,  nr      5,  total   0.0024 s,  avg   0.0005 s,  min   0.0003 s,  max   0.0007 s
[SWAP1       ]   0.3680 %,  nr      2,  total   0.0006 s,  avg   0.0003 s,  min   0.0003 s,  max   0.0003 s

mythril.analysis.security [INFO]: Starting analysis
mythril.analysis.security [DEBUG]: Retrieving results for Caller can write to arbitrary storage locations
mythril.analysis.security [DEBUG]: Retrieving results for Delegatecall to a user-specified address
mythril.analysis.security [DEBUG]: Retrieving results for Control flow depends on tx.origin
mythril.analysis.security [DEBUG]: Retrieving results for Any sender can withdraw ETH from the contract account
mythril.analysis.security [DEBUG]: Retrieving results for Integer overflow or underflow
mythril.analysis.security [DEBUG]: Retrieving results for State change after an external call
mythril.analysis.security [DEBUG]: Retrieving results for Contract can be accidentally killed by anyone
mythril.analysis.security [DEBUG]: Retrieving results for Return value of an external call is not checked
mythril.mythril.mythril_analyzer [INFO]: Solver statistics: 
Query count: 32 
Solver time: 0.19190645217895508
{"error": null, "issues": [], "success": true}
