 ______     __         __  __     ______     __     __  __     __    __    
/\  ___\   /\ \       /\ \_\ \   /\  ___\   /\ \   /\ \/\ \   /\ "-./  \   
\ \  __\   \ \ \____  \ \____ \  \ \___  \  \ \ \  \ \ \_\ \  \ \ \-./\ \  
 \ \_____\  \ \_____\  \/\_____\  \/\_____\  \ \_\  \ \_____\  \ \_\ \ \_\ 
  \/_____/   \/_____/   \/_____/   \/_____/   \/_/   \/_____/   \/_/  \/_/ 
                                                                           
Compiling source code...
Retrieving bytecode for contract 'TokenBank'.
Please wait. Scanning bytecode for bugs...
Running Osiris...
Finished running Osiris. Execution time 3.0311715602874756 seconds. Code coverage 99.8%.
Running Oyente...
Finished running Oyente. Execution time 2.6917216777801514 seconds. Code coverage 99.8%.
Running Mythril...
Finished running Mythril. Execution time 33.375431299209595 seconds. Code coverage 62.96%.
Detected 1 bug(s):
--> Detected 'overflow' (ADD) bug at program counter address 452 (0x1c4) using Osiris with a code coverage of 99.8%.
Exporting original control-flow graph...
Recovering control-flow graph...
Recovered 100% of the control-flow graph
Number of execution paths accessing storage: 12
Deployment bytecode size: 66 bytes (original: 66 bytes) 0.0% increase.
Runtime bytecode size: 1080 bytes (original: 1033 bytes) 4.549854791868345% increase.
Metadata: 0xa165627a7a7230582097d319032c684cd1728afc59f2570e090f334feb2f15dcc5ab9c5b6c91eb71470029
Exporting patched control-flow graph...
