 ______     __         __  __     ______     __     __  __     __    __    
/\  ___\   /\ \       /\ \_\ \   /\  ___\   /\ \   /\ \/\ \   /\ "-./  \   
\ \  __\   \ \ \____  \ \____ \  \ \___  \  \ \ \  \ \ \_\ \  \ \ \-./\ \  
 \ \_____\  \ \_____\  \/\_____\  \/\_____\  \ \_\  \ \_____\  \ \_\ \ \_\ 
  \/_____/   \/_____/   \/_____/   \/_____/   \/_/   \/_____/   \/_/  \/_/ 
                                                                           
Compiling source code...
Retrieving bytecode for contract 'Reentrancy_insecure'.
Please wait. Scanning bytecode for bugs...
Running Osiris...
Finished running Osiris. Execution time 1.006002426147461 seconds. Code coverage 99.3%.
Running Oyente...
Finished running Oyente. Execution time 1.5593514442443848 seconds. Code coverage 87.9%.
Running Mythril...
Finished running Mythril. Execution time 8.151470184326172 seconds. Code coverage 99.29%.
Detected 1 bug(s):
--> Detected 'reentrancy' bug at program counter address 119 (0x77) using Oyente with a code coverage of 87.9%.
Exporting original control-flow graph...
Recovering control-flow graph...
Recovered 100% of the control-flow graph
Number of execution paths accessing storage: 2
Deployment bytecode size: 31 bytes (original: 31 bytes) 0.0% increase.
Runtime bytecode size: 231 bytes (original: 206 bytes) 12.135922330097086% increase.
Metadata: 0xa165627a7a723058209729879910c4d8523bb12ef8279f50ed61300240b2dd5b1125eef104c83fa9c70029
Exporting patched control-flow graph...
