mythril.mythril.mythril_config [INFO]: Creating mythril data directory 
mythril.mythril.mythril_config [INFO]: No config file found. Creating default: /root/.mythril/config.ini 
mythril.mythril.mythril_config [INFO]: Infura key not provided, so onchain access is disabled. Use --infura-id <INFURA_ID> or set it in the environment variable INFURA_ID or in the ~/.mythril/config.ini file 
mythril.support.signatures [INFO]: Using signature database at /root/.mythril/signatures.db
mythril.laser.ethereum.svm [INFO]: LASER EVM initialized with dynamic loader: <mythril.support.loader.DynLoader object at 0x7fe9bdea8b20>
mythril.laser.ethereum.strategy.extensions.bounded_loops [INFO]: Loaded search strategy extension: Loop bounds (limit = 3)
mythril.laser.plugin.loader [INFO]: Loading laser plugin: coverage
mythril.laser.plugin.loader [INFO]: Loading laser plugin: mutation-pruner
mythril.laser.plugin.loader [INFO]: Loading laser plugin: call-depth-limit
mythril.laser.plugin.loader [INFO]: Loading laser plugin: instruction-profiler
mythril.laser.plugin.loader [INFO]: Loading laser plugin: dependency-pruner
mythril.laser.plugin.loader [INFO]: Instrumenting symbolic vm with plugin: coverage
mythril.laser.plugin.loader [INFO]: Instrumenting symbolic vm with plugin: mutation-pruner
mythril.laser.plugin.loader [INFO]: Instrumenting symbolic vm with plugin: call-depth-limit
mythril.laser.plugin.loader [INFO]: Instrumenting symbolic vm with plugin: instruction-profiler
mythril.laser.plugin.loader [INFO]: Instrumenting symbolic vm with plugin: dependency-pruner
mythril.laser.ethereum.svm [DEBUG]: Starting LASER execution
mythril.laser.ethereum.svm [INFO]: Starting message call transaction to 0
mythril.laser.ethereum.svm [INFO]: Starting message call transaction, iteration: 0, 1 initial states
mythril.laser.ethereum.instructions [DEBUG]: Evaluating PUSH1 at 0
mythril.laser.ethereum.instructions [DEBUG]: Evaluating PUSH1 at 1
mythril.laser.ethereum.instructions [DEBUG]: Evaluating MSTORE at 2
mythril.laser.ethereum.instructions [DEBUG]: Evaluating PUSH1 at 3
mythril.laser.ethereum.instructions [DEBUG]: Evaluating CALLDATASIZE at 4
mythril.laser.ethereum.instructions [DEBUG]: Evaluating LT at 5
mythril.laser.ethereum.instructions [DEBUG]: Evaluating PUSH2 at 6
mythril.analysis.module.base [DEBUG]: Entering analysis module: TxOrigin
mythril.analysis.module.base [DEBUG]: Exiting analysis module: TxOrigin
mythril.analysis.module.base [DEBUG]: Entering analysis module: IntegerArithmetics
mythril.analysis.module.base [DEBUG]: Exiting analysis module: IntegerArithmetics
mythril.laser.ethereum.instructions [DEBUG]: Evaluating JUMPI at 7
mythril.laser.ethereum.instructions [DEBUG]: Evaluating PUSH4 at 8
mythril.laser.ethereum.instructions [DEBUG]: Evaluating JUMPDEST at 29
mythril.laser.ethereum.instructions [DEBUG]: Evaluating PUSH29 at 9
mythril.laser.ethereum.instructions [DEBUG]: Evaluating PUSH1 at 30
mythril.laser.ethereum.instructions [DEBUG]: Evaluating PUSH1 at 10
mythril.laser.ethereum.instructions [DEBUG]: Evaluating DUP1 at 31
mythril.laser.ethereum.instructions [DEBUG]: Evaluating CALLDATALOAD at 11
mythril.laser.ethereum.instructions [DEBUG]: Evaluating REVERT at 32
mythril.laser.ethereum.svm [DEBUG]: Ending transaction MessageCallTransaction 1 from sender_1 to                                        0x0.
mythril.laser.ethereum.instructions [DEBUG]: Evaluating DIV at 12
mythril.laser.ethereum.instructions [DEBUG]: Evaluating AND at 13
mythril.laser.ethereum.instructions [DEBUG]: Evaluating PUSH4 at 14
mythril.laser.ethereum.instructions [DEBUG]: Evaluating DUP2 at 15
mythril.laser.ethereum.instructions [DEBUG]: Evaluating EQ at 16
mythril.laser.ethereum.instructions [DEBUG]: Evaluating PUSH2 at 17
mythril.analysis.module.base [DEBUG]: Entering analysis module: TxOrigin
mythril.analysis.module.base [DEBUG]: Exiting analysis module: TxOrigin
mythril.analysis.module.base [DEBUG]: Entering analysis module: IntegerArithmetics
mythril.analysis.module.base [DEBUG]: Exiting analysis module: IntegerArithmetics
mythril.laser.ethereum.instructions [DEBUG]: Evaluating JUMPI at 18
mythril.laser.ethereum.instructions [DEBUG]: Evaluating DUP1 at 19
mythril.laser.ethereum.instructions [DEBUG]: Evaluating JUMPDEST at 33
mythril.laser.ethereum.instructions [DEBUG]: Evaluating PUSH4 at 20
mythril.laser.ethereum.instructions [DEBUG]: Evaluating CALLVALUE at 34
mythril.laser.ethereum.instructions [DEBUG]: Evaluating EQ at 21
mythril.laser.ethereum.instructions [DEBUG]: Evaluating DUP1 at 35
mythril.laser.ethereum.instructions [DEBUG]: Evaluating PUSH2 at 22
mythril.laser.ethereum.instructions [DEBUG]: Evaluating ISZERO at 36
mythril.analysis.module.base [DEBUG]: Entering analysis module: TxOrigin
mythril.analysis.module.base [DEBUG]: Exiting analysis module: TxOrigin
mythril.analysis.module.base [DEBUG]: Entering analysis module: IntegerArithmetics
mythril.analysis.module.base [DEBUG]: Exiting analysis module: IntegerArithmetics
mythril.laser.ethereum.instructions [DEBUG]: Evaluating JUMPI at 23
mythril.laser.ethereum.svm [DEBUG]: - Entering function MAIN:unknown
mythril.laser.ethereum.instructions [DEBUG]: Evaluating PUSH2 at 37
mythril.laser.ethereum.instructions [DEBUG]: Evaluating DUP1 at 24
mythril.laser.ethereum.instructions [DEBUG]: Evaluating JUMPDEST at 49
mythril.analysis.module.base [DEBUG]: Entering analysis module: TxOrigin
mythril.analysis.module.base [DEBUG]: Exiting analysis module: TxOrigin
mythril.analysis.module.base [DEBUG]: Entering analysis module: IntegerArithmetics
mythril.analysis.module.base [DEBUG]: Exiting analysis module: IntegerArithmetics
mythril.laser.ethereum.instructions [DEBUG]: Evaluating JUMPI at 38
mythril.laser.ethereum.instructions [DEBUG]: Evaluating PUSH4 at 25
mythril.laser.ethereum.instructions [DEBUG]: Evaluating CALLVALUE at 50
mythril.laser.ethereum.instructions [DEBUG]: Evaluating PUSH1 at 39
mythril.laser.ethereum.instructions [DEBUG]: Evaluating JUMPDEST at 42
mythril.laser.ethereum.instructions [DEBUG]: Evaluating EQ at 26
mythril.laser.ethereum.instructions [DEBUG]: Evaluating DUP1 at 51
mythril.laser.ethereum.instructions [DEBUG]: Evaluating DUP1 at 40
mythril.laser.ethereum.instructions [DEBUG]: Evaluating POP at 43
mythril.laser.ethereum.instructions [DEBUG]: Evaluating PUSH2 at 27
mythril.laser.ethereum.instructions [DEBUG]: Evaluating ISZERO at 52
mythril.laser.ethereum.instructions [DEBUG]: Evaluating REVERT at 41
mythril.laser.ethereum.svm [DEBUG]: Ending transaction MessageCallTransaction 1 from sender_1 to                                        0x0.
mythril.laser.ethereum.instructions [DEBUG]: Evaluating PUSH2 at 44
mythril.analysis.module.base [DEBUG]: Entering analysis module: TxOrigin
mythril.analysis.module.base [DEBUG]: Exiting analysis module: TxOrigin
mythril.analysis.module.base [DEBUG]: Entering analysis module: IntegerArithmetics
mythril.analysis.module.base [DEBUG]: Exiting analysis module: IntegerArithmetics
mythril.laser.ethereum.instructions [DEBUG]: Evaluating JUMPI at 28
mythril.laser.ethereum.svm [DEBUG]: - Entering function MAIN:unknown
mythril.laser.ethereum.instructions [DEBUG]: Evaluating PUSH2 at 53
mythril.laser.ethereum.instructions [DEBUG]: Evaluating PUSH2 at 45
mythril.laser.ethereum.instructions [DEBUG]: Evaluating JUMPDEST at 29
mythril.laser.ethereum.instructions [DEBUG]: Evaluating JUMPDEST at 63
mythril.analysis.module.base [DEBUG]: Entering analysis module: TxOrigin
mythril.analysis.module.base [DEBUG]: Exiting analysis module: TxOrigin
mythril.analysis.module.base [DEBUG]: Entering analysis module: IntegerArithmetics
mythril.analysis.module.base [DEBUG]: Exiting analysis module: IntegerArithmetics
mythril.laser.ethereum.instructions [DEBUG]: Evaluating JUMPI at 54
mythril.laser.ethereum.instructions [DEBUG]: Evaluating JUMP at 46
mythril.laser.ethereum.instructions [DEBUG]: Evaluating PUSH1 at 30
mythril.laser.ethereum.instructions [DEBUG]: Evaluating CALLVALUE at 64
mythril.laser.ethereum.instructions [DEBUG]: Evaluating PUSH1 at 55
mythril.laser.ethereum.instructions [DEBUG]: Evaluating JUMPDEST at 58
mythril.laser.ethereum.instructions [DEBUG]: Evaluating JUMPDEST at 97
mythril.laser.ethereum.instructions [DEBUG]: Evaluating DUP1 at 31
mythril.laser.ethereum.instructions [DEBUG]: Evaluating DUP1 at 65
mythril.laser.ethereum.instructions [DEBUG]: Evaluating DUP1 at 56
mythril.laser.ethereum.instructions [DEBUG]: Evaluating POP at 59
mythril.laser.ethereum.instructions [DEBUG]: Evaluating CALLER at 98
mythril.laser.ethereum.instructions [DEBUG]: Evaluating REVERT at 32
mythril.laser.ethereum.svm [DEBUG]: Ending transaction MessageCallTransaction 1 from sender_1 to                                        0x0.
mythril.laser.ethereum.instructions [DEBUG]: Evaluating ISZERO at 66
mythril.laser.ethereum.instructions [DEBUG]: Evaluating REVERT at 57
mythril.laser.ethereum.svm [DEBUG]: Ending transaction MessageCallTransaction 1 from sender_1 to                                        0x0.
mythril.laser.ethereum.instructions [DEBUG]: Evaluating PUSH2 at 60
mythril.laser.ethereum.instructions [DEBUG]: Evaluating PUSH1 at 99
mythril.laser.ethereum.instructions [DEBUG]: Evaluating PUSH2 at 67
mythril.laser.ethereum.instructions [DEBUG]: Evaluating PUSH2 at 61
mythril.laser.ethereum.instructions [DEBUG]: Evaluating DUP2 at 100
mythril.analysis.module.base [DEBUG]: Entering analysis module: TxOrigin
mythril.analysis.module.base [DEBUG]: Exiting analysis module: TxOrigin
mythril.analysis.module.base [DEBUG]: Entering analysis module: IntegerArithmetics
mythril.analysis.module.base [DEBUG]: Exiting analysis module: IntegerArithmetics
mythril.laser.ethereum.instructions [DEBUG]: Evaluating JUMPI at 68
mythril.laser.ethereum.instructions [DEBUG]: Evaluating JUMP at 62
mythril.laser.ethereum.instructions [DEBUG]: Evaluating DUP2 at 101
mythril.laser.ethereum.instructions [DEBUG]: Evaluating PUSH1 at 69
mythril.laser.ethereum.instructions [DEBUG]: Evaluating JUMPDEST at 72
mythril.laser.ethereum.instructions [DEBUG]: Evaluating JUMPDEST at 154
mythril.laser.ethereum.instructions [DEBUG]: Evaluating MSTORE at 102
mythril.laser.ethereum.instructions [DEBUG]: Evaluating DUP1 at 70
mythril.laser.ethereum.instructions [DEBUG]: Evaluating POP at 73
mythril.laser.ethereum.instructions [DEBUG]: Evaluating CALLER at 155
mythril.laser.ethereum.instructions [DEBUG]: Evaluating PUSH1 at 103
mythril.laser.ethereum.instructions [DEBUG]: Evaluating REVERT at 71
mythril.laser.ethereum.svm [DEBUG]: Ending transaction MessageCallTransaction 1 from sender_1 to                                        0x0.
mythril.laser.ethereum.instructions [DEBUG]: Evaluating PUSH2 at 74
mythril.laser.ethereum.instructions [DEBUG]: Evaluating PUSH1 at 156
mythril.laser.ethereum.instructions [DEBUG]: Evaluating DUP2 at 104
mythril.laser.ethereum.instructions [DEBUG]: Evaluating PUSH20 at 75
mythril.laser.ethereum.instructions [DEBUG]: Evaluating SWAP1 at 157
mythril.laser.ethereum.instructions [DEBUG]: Evaluating SWAP1 at 105
mythril.laser.ethereum.instructions [DEBUG]: Evaluating PUSH1 at 76
mythril.laser.ethereum.instructions [DEBUG]: Evaluating DUP2 at 158
mythril.laser.ethereum.instructions [DEBUG]: Evaluating MSTORE at 106
mythril.laser.ethereum.instructions [DEBUG]: Evaluating CALLDATALOAD at 77
mythril.laser.ethereum.instructions [DEBUG]: Evaluating MSTORE at 159
mythril.laser.ethereum.instructions [DEBUG]: Evaluating PUSH1 at 107
mythril.laser.ethereum.instructions [DEBUG]: Evaluating AND at 78
mythril.laser.ethereum.instructions [DEBUG]: Evaluating PUSH1 at 160
mythril.laser.ethereum.instructions [DEBUG]: Evaluating DUP1 at 108
mythril.laser.ethereum.instructions [DEBUG]: Evaluating PUSH2 at 79
mythril.laser.ethereum.instructions [DEBUG]: Evaluating DUP2 at 161
mythril.laser.ethereum.instructions [DEBUG]: Evaluating DUP3 at 109
mythril.laser.ethereum.instructions [DEBUG]: Evaluating JUMP at 80
mythril.laser.ethereum.instructions [DEBUG]: Evaluating SWAP1 at 162
mythril.laser.ethereum.instructions [DEBUG]: Evaluating SHA3 at 110
mythril.laser.ethereum.instructions [DEBUG]: Evaluating JUMPDEST at 174
mythril.laser.ethereum.instructions [DEBUG]: Evaluating MSTORE at 163
mythril.laser.ethereum.instructions [DEBUG]: Evaluating SLOAD at 111
mythril.laser.ethereum.instructions [DEBUG]: Evaluating PUSH20 at 175
mythril.laser.ethereum.instructions [DEBUG]: Evaluating PUSH1 at 164
mythril.laser.ethereum.instructions [DEBUG]: Evaluating SWAP1 at 112
mythril.laser.ethereum.instructions [DEBUG]: Evaluating AND at 176
mythril.laser.ethereum.instructions [DEBUG]: Evaluating SWAP1 at 165
mythril.laser.ethereum.instructions [DEBUG]: Evaluating MLOAD at 113
mythril.laser.ethereum.instructions [DEBUG]: Evaluating PUSH1 at 177
mythril.laser.ethereum.instructions [DEBUG]: Evaluating SHA3 at 166
mythril.laser.ethereum.instructions [DEBUG]: Evaluating SWAP1 at 114
mythril.laser.ethereum.instructions [DEBUG]: Evaluating SWAP1 at 178
mythril.laser.ethereum.instructions [DEBUG]: Evaluating DUP1 at 167
mythril.laser.ethereum.instructions [DEBUG]: Evaluating SWAP3 at 115
mythril.laser.ethereum.instructions [DEBUG]: Evaluating DUP2 at 179
mythril.laser.ethereum.instructions [DEBUG]: Evaluating SLOAD at 168
mythril.laser.ethereum.instructions [DEBUG]: Evaluating SWAP2 at 116
mythril.laser.ethereum.instructions [DEBUG]: Evaluating MSTORE at 180
mythril.laser.ethereum.instructions [DEBUG]: Evaluating CALLVALUE at 169
mythril.laser.ethereum.instructions [DEBUG]: Evaluating DUP4 at 117
mythril.laser.ethereum.instructions [DEBUG]: Evaluating PUSH1 at 181
mythril.analysis.module.base [DEBUG]: Entering analysis module: IntegerArithmetics
mythril.analysis.module.base [DEBUG]: Exiting analysis module: IntegerArithmetics
mythril.laser.ethereum.instructions [DEBUG]: Evaluating ADD at 170
mythril.laser.ethereum.instructions [DEBUG]: Evaluating SWAP2 at 118
mythril.laser.ethereum.instructions [DEBUG]: Evaluating DUP2 at 182
mythril.laser.ethereum.instructions [DEBUG]: Evaluating SWAP1 at 171
mythril.laser.ethereum.instructions [DEBUG]: Evaluating SWAP1 at 119
mythril.laser.ethereum.instructions [DEBUG]: Evaluating SWAP1 at 183
mythril.analysis.module.base [DEBUG]: Entering analysis module: ArbitraryStorage
mythril.analysis.module.base [DEBUG]: Exiting analysis module: ArbitraryStorage
mythril.analysis.module.base [DEBUG]: Entering analysis module: IntegerArithmetics
mythril.analysis.module.base [DEBUG]: Exiting analysis module: IntegerArithmetics
mythril.analysis.module.base [DEBUG]: Entering analysis module: StateChangeAfterCall
mythril.analysis.module.base [DEBUG]: Exiting analysis module: StateChangeAfterCall
mythril.laser.ethereum.instructions [DEBUG]: Evaluating SSTORE at 172
mythril.laser.ethereum.instructions [DEBUG]: Evaluating DUP2 at 120
mythril.laser.ethereum.instructions [DEBUG]: Evaluating MSTORE at 184
mythril.laser.ethereum.instructions [DEBUG]: Evaluating JUMP at 173
mythril.laser.ethereum.instructions [DEBUG]: Evaluating DUP2 at 121
mythril.laser.ethereum.instructions [DEBUG]: Evaluating PUSH1 at 185
mythril.laser.ethereum.instructions [DEBUG]: Evaluating JUMPDEST at 47
mythril.laser.ethereum.instructions [DEBUG]: Evaluating DUP2 at 122
mythril.laser.ethereum.instructions [DEBUG]: Evaluating SWAP1 at 186
mythril.analysis.module.base [DEBUG]: Entering analysis module: IntegerArithmetics
mythril.analysis.module.base [DEBUG]: Exiting analysis module: IntegerArithmetics
mythril.analysis.module.base [DEBUG]: Entering analysis module: UncheckedRetval
mythril.analysis.module.base [DEBUG]: Exiting analysis module: UncheckedRetval
mythril.laser.ethereum.instructions [DEBUG]: Evaluating STOP at 48
mythril.laser.ethereum.svm [DEBUG]: Ending transaction MessageCallTransaction 1 from sender_1 to                                        0x0.
mythril.laser.ethereum.instructions [DEBUG]: Evaluating DUP6 at 123
mythril.laser.ethereum.instructions [DEBUG]: Evaluating SHA3 at 187
mythril.laser.ethereum.instructions [DEBUG]: Evaluating DUP8 at 124
mythril.laser.ethereum.instructions [DEBUG]: Evaluating SLOAD at 188
mythril.laser.ethereum.instructions [DEBUG]: Evaluating GAS at 125
mythril.laser.ethereum.instructions [DEBUG]: Evaluating SWAP1 at 189
mythril.analysis.module.base [DEBUG]: Entering analysis module: IntegerArithmetics
mythril.analysis.module.base [DEBUG]: Exiting analysis module: IntegerArithmetics
mythril.analysis.module.base [DEBUG]: Entering analysis module: StateChangeAfterCall
mythril.analysis.module.base [DEBUG]: Exiting analysis module: StateChangeAfterCall
mythril.laser.ethereum.instructions [DEBUG]: Evaluating CALL at 126
mythril.laser.ethereum.call [DEBUG]: Symbolic call encountered
mythril.laser.ethereum.call [DEBUG]: CALL to: sender_1
mythril.laser.ethereum.instructions [DEBUG]: The call is related to ether transfer between accounts
mythril.analysis.module.base [DEBUG]: Entering analysis module: EtherThief
mythril.analysis.module.base [DEBUG]: Exiting analysis module: EtherThief
mythril.analysis.module.base [DEBUG]: Entering analysis module: UncheckedRetval
mythril.analysis.module.modules.unchecked_retval [DEBUG]: End of call, extracting retval
mythril.analysis.module.base [DEBUG]: Exiting analysis module: UncheckedRetval
mythril.laser.ethereum.instructions [DEBUG]: Evaluating JUMP at 190
mythril.laser.ethereum.instructions [DEBUG]: Evaluating SWAP3 at 127
mythril.laser.ethereum.instructions [DEBUG]: Evaluating JUMPDEST at 81
mythril.laser.ethereum.instructions [DEBUG]: Evaluating POP at 128
mythril.laser.ethereum.instructions [DEBUG]: Evaluating PUSH1 at 82
mythril.laser.ethereum.instructions [DEBUG]: Evaluating POP at 129
mythril.laser.ethereum.instructions [DEBUG]: Evaluating DUP1 at 83
mythril.laser.ethereum.instructions [DEBUG]: Evaluating POP at 130
mythril.laser.ethereum.instructions [DEBUG]: Evaluating MLOAD at 84
mythril.laser.ethereum.instructions [DEBUG]: Evaluating ISZERO at 131
mythril.laser.ethereum.instructions [DEBUG]: Evaluating SWAP2 at 85
mythril.laser.ethereum.instructions [DEBUG]: Evaluating ISZERO at 132
mythril.laser.ethereum.instructions [DEBUG]: Evaluating DUP3 at 86
mythril.laser.ethereum.instructions [DEBUG]: Evaluating PUSH2 at 133
mythril.laser.ethereum.instructions [DEBUG]: Evaluating MSTORE at 87
mythril.analysis.module.base [DEBUG]: Entering analysis module: TxOrigin
mythril.analysis.module.base [DEBUG]: Exiting analysis module: TxOrigin
mythril.analysis.module.base [DEBUG]: Entering analysis module: IntegerArithmetics
mythril.analysis.module.base [DEBUG]: Exiting analysis module: IntegerArithmetics
mythril.laser.ethereum.instructions [DEBUG]: Evaluating JUMPI at 134
mythril.laser.ethereum.instructions [DEBUG]: Evaluating MLOAD at 88
mythril.laser.ethereum.instructions [DEBUG]: Evaluating PUSH1 at 135
mythril.laser.ethereum.instructions [DEBUG]: Evaluating JUMPDEST at 138
mythril.laser.ethereum.instructions [DEBUG]: Evaluating SWAP1 at 89
mythril.laser.ethereum.instructions [DEBUG]: Evaluating DUP1 at 136
mythril.laser.ethereum.instructions [DEBUG]: Evaluating POP at 139
mythril.laser.ethereum.instructions [DEBUG]: Evaluating DUP2 at 90
mythril.laser.ethereum.instructions [DEBUG]: Evaluating REVERT at 137
mythril.laser.ethereum.svm [DEBUG]: Ending transaction MessageCallTransaction 1 from sender_1 to                                        0x0.
mythril.laser.ethereum.instructions [DEBUG]: Evaluating CALLER at 140
mythril.laser.ethereum.instructions [DEBUG]: Evaluating SWAP1 at 91
mythril.laser.ethereum.instructions [DEBUG]: Evaluating PUSH1 at 141
mythril.analysis.module.base [DEBUG]: Entering analysis module: IntegerArithmetics
mythril.analysis.module.base [DEBUG]: Exiting analysis module: IntegerArithmetics
mythril.laser.ethereum.instructions [DEBUG]: Evaluating SUB at 92
mythril.laser.ethereum.instructions [DEBUG]: Evaluating SWAP1 at 142
mythril.laser.ethereum.instructions [DEBUG]: Evaluating PUSH1 at 93
mythril.laser.ethereum.instructions [DEBUG]: Evaluating DUP2 at 143
mythril.analysis.module.base [DEBUG]: Entering analysis module: IntegerArithmetics
mythril.analysis.module.base [DEBUG]: Exiting analysis module: IntegerArithmetics
mythril.laser.ethereum.instructions [DEBUG]: Evaluating ADD at 94
mythril.laser.ethereum.instructions [DEBUG]: Evaluating MSTORE at 144
mythril.laser.ethereum.instructions [DEBUG]: Evaluating SWAP1 at 95
mythril.laser.ethereum.instructions [DEBUG]: Evaluating PUSH1 at 145
mythril.analysis.module.base [DEBUG]: Entering analysis module: IntegerArithmetics
mythril.analysis.module.base [DEBUG]: Exiting analysis module: IntegerArithmetics
mythril.analysis.module.base [DEBUG]: Entering analysis module: UncheckedRetval
mythril.analysis.module.base [DEBUG]: Exiting analysis module: UncheckedRetval
mythril.laser.ethereum.instructions [DEBUG]: Evaluating RETURN at 96
mythril.laser.ethereum.svm [DEBUG]: Ending transaction MessageCallTransaction 1 from sender_1 to                                        0x0.
mythril.laser.ethereum.instructions [DEBUG]: Evaluating DUP2 at 146
mythril.laser.ethereum.instructions [DEBUG]: Evaluating SWAP1 at 147
mythril.laser.ethereum.instructions [DEBUG]: Evaluating MSTORE at 148
mythril.laser.ethereum.instructions [DEBUG]: Evaluating PUSH1 at 149
mythril.laser.ethereum.instructions [DEBUG]: Evaluating DUP2 at 150
mythril.laser.ethereum.instructions [DEBUG]: Evaluating SHA3 at 151
mythril.analysis.module.base [DEBUG]: Entering analysis module: ArbitraryStorage
mythril.analysis.module.base [DEBUG]: Exiting analysis module: ArbitraryStorage
mythril.analysis.module.base [DEBUG]: Entering analysis module: IntegerArithmetics
mythril.analysis.module.base [DEBUG]: Exiting analysis module: IntegerArithmetics
mythril.analysis.module.base [DEBUG]: Entering analysis module: StateChangeAfterCall
root [DEBUG]: [EXTERNAL_CALLS] Detected state changes at addresses: 263
mythril.analysis.module.base [DEBUG]: Exiting analysis module: StateChangeAfterCall
mythril.laser.ethereum.instructions [DEBUG]: Evaluating SSTORE at 152
mythril.laser.ethereum.instructions [DEBUG]: Evaluating JUMP at 153
mythril.laser.ethereum.instructions [DEBUG]: Evaluating JUMPDEST at 47
mythril.analysis.module.base [DEBUG]: Entering analysis module: IntegerArithmetics
mythril.analysis.module.base [DEBUG]: Exiting analysis module: IntegerArithmetics
mythril.analysis.module.base [DEBUG]: Entering analysis module: UncheckedRetval
mythril.analysis.module.base [DEBUG]: Exiting analysis module: UncheckedRetval
mythril.laser.ethereum.instructions [DEBUG]: Evaluating STOP at 48
mythril.laser.ethereum.svm [DEBUG]: Ending transaction MessageCallTransaction 1 from sender_1 to                                        0x0.
mythril.laser.plugin.plugins.coverage.coverage_plugin [INFO]: Number of new instructions covered in tx 0: 191
mythril.laser.ethereum.svm [INFO]: Starting message call transaction, iteration: 1, 2 initial states
mythril.laser.ethereum.instructions [DEBUG]: Evaluating PUSH1 at 0
mythril.laser.ethereum.instructions [DEBUG]: Evaluating PUSH1 at 0
mythril.laser.ethereum.instructions [DEBUG]: Evaluating PUSH1 at 1
mythril.laser.ethereum.instructions [DEBUG]: Evaluating PUSH1 at 1
mythril.laser.ethereum.instructions [DEBUG]: Evaluating MSTORE at 2
mythril.laser.ethereum.instructions [DEBUG]: Evaluating MSTORE at 2
mythril.laser.ethereum.instructions [DEBUG]: Evaluating PUSH1 at 3
mythril.laser.ethereum.instructions [DEBUG]: Evaluating PUSH1 at 3
mythril.laser.ethereum.instructions [DEBUG]: Evaluating CALLDATASIZE at 4
mythril.laser.ethereum.instructions [DEBUG]: Evaluating CALLDATASIZE at 4
mythril.laser.ethereum.instructions [DEBUG]: Evaluating LT at 5
mythril.laser.ethereum.instructions [DEBUG]: Evaluating LT at 5
mythril.laser.ethereum.instructions [DEBUG]: Evaluating PUSH2 at 6
mythril.laser.ethereum.instructions [DEBUG]: Evaluating PUSH2 at 6
mythril.analysis.module.base [DEBUG]: Entering analysis module: TxOrigin
mythril.analysis.module.base [DEBUG]: Exiting analysis module: TxOrigin
mythril.analysis.module.base [DEBUG]: Entering analysis module: IntegerArithmetics
mythril.analysis.module.base [DEBUG]: Exiting analysis module: IntegerArithmetics
mythril.laser.ethereum.instructions [DEBUG]: Evaluating JUMPI at 7
mythril.analysis.module.base [DEBUG]: Entering analysis module: TxOrigin
mythril.analysis.module.base [DEBUG]: Exiting analysis module: TxOrigin
mythril.analysis.module.base [DEBUG]: Entering analysis module: IntegerArithmetics
mythril.analysis.module.base [DEBUG]: Exiting analysis module: IntegerArithmetics
mythril.laser.ethereum.instructions [DEBUG]: Evaluating JUMPI at 7
mythril.laser.ethereum.instructions [DEBUG]: Evaluating PUSH4 at 8
mythril.laser.ethereum.instructions [DEBUG]: Evaluating JUMPDEST at 29
mythril.laser.ethereum.instructions [DEBUG]: Evaluating PUSH4 at 8
mythril.laser.ethereum.instructions [DEBUG]: Evaluating JUMPDEST at 29
mythril.laser.ethereum.instructions [DEBUG]: Evaluating PUSH29 at 9
mythril.laser.ethereum.instructions [DEBUG]: Evaluating PUSH1 at 30
mythril.laser.ethereum.instructions [DEBUG]: Evaluating PUSH29 at 9
mythril.laser.ethereum.instructions [DEBUG]: Evaluating PUSH1 at 30
mythril.laser.ethereum.instructions [DEBUG]: Evaluating PUSH1 at 10
mythril.laser.ethereum.instructions [DEBUG]: Evaluating DUP1 at 31
mythril.laser.ethereum.instructions [DEBUG]: Evaluating PUSH1 at 10
mythril.laser.ethereum.instructions [DEBUG]: Evaluating DUP1 at 31
mythril.laser.ethereum.instructions [DEBUG]: Evaluating CALLDATALOAD at 11
mythril.laser.ethereum.instructions [DEBUG]: Evaluating REVERT at 32
mythril.laser.ethereum.svm [DEBUG]: Ending transaction MessageCallTransaction 2 from sender_2 to                                        0x0.
mythril.laser.ethereum.instructions [DEBUG]: Evaluating CALLDATALOAD at 11
mythril.laser.ethereum.instructions [DEBUG]: Evaluating REVERT at 32
mythril.laser.ethereum.svm [DEBUG]: Ending transaction MessageCallTransaction 3 from sender_3 to                                        0x0.
mythril.laser.ethereum.instructions [DEBUG]: Evaluating DIV at 12
mythril.laser.ethereum.instructions [DEBUG]: Evaluating DIV at 12
mythril.laser.ethereum.instructions [DEBUG]: Evaluating AND at 13
mythril.laser.ethereum.instructions [DEBUG]: Evaluating AND at 13
mythril.laser.ethereum.instructions [DEBUG]: Evaluating PUSH4 at 14
mythril.laser.ethereum.instructions [DEBUG]: Evaluating PUSH4 at 14
mythril.laser.ethereum.instructions [DEBUG]: Evaluating DUP2 at 15
mythril.laser.ethereum.instructions [DEBUG]: Evaluating DUP2 at 15
mythril.laser.ethereum.instructions [DEBUG]: Evaluating EQ at 16
mythril.laser.ethereum.instructions [DEBUG]: Evaluating EQ at 16
mythril.laser.ethereum.instructions [DEBUG]: Evaluating PUSH2 at 17
mythril.laser.ethereum.instructions [DEBUG]: Evaluating PUSH2 at 17
mythril.analysis.module.base [DEBUG]: Entering analysis module: TxOrigin
mythril.analysis.module.base [DEBUG]: Exiting analysis module: TxOrigin
mythril.analysis.module.base [DEBUG]: Entering analysis module: IntegerArithmetics
mythril.analysis.module.base [DEBUG]: Exiting analysis module: IntegerArithmetics
mythril.laser.ethereum.instructions [DEBUG]: Evaluating JUMPI at 18
mythril.analysis.module.base [DEBUG]: Entering analysis module: TxOrigin
mythril.analysis.module.base [DEBUG]: Exiting analysis module: TxOrigin
mythril.analysis.module.base [DEBUG]: Entering analysis module: IntegerArithmetics
mythril.analysis.module.base [DEBUG]: Exiting analysis module: IntegerArithmetics
mythril.laser.ethereum.instructions [DEBUG]: Evaluating JUMPI at 18
mythril.laser.ethereum.instructions [DEBUG]: Evaluating DUP1 at 19
mythril.laser.ethereum.instructions [DEBUG]: Evaluating JUMPDEST at 33
mythril.laser.ethereum.instructions [DEBUG]: Evaluating DUP1 at 19
mythril.laser.ethereum.instructions [DEBUG]: Evaluating JUMPDEST at 33
mythril.laser.ethereum.instructions [DEBUG]: Evaluating PUSH4 at 20
mythril.laser.ethereum.instructions [DEBUG]: Evaluating CALLVALUE at 34
mythril.laser.ethereum.instructions [DEBUG]: Evaluating PUSH4 at 20
mythril.laser.ethereum.instructions [DEBUG]: Evaluating CALLVALUE at 34
mythril.laser.ethereum.instructions [DEBUG]: Evaluating EQ at 21
mythril.laser.ethereum.instructions [DEBUG]: Evaluating DUP1 at 35
mythril.laser.ethereum.instructions [DEBUG]: Evaluating EQ at 21
mythril.laser.ethereum.instructions [DEBUG]: Evaluating DUP1 at 35
mythril.laser.ethereum.instructions [DEBUG]: Evaluating PUSH2 at 22
mythril.laser.ethereum.instructions [DEBUG]: Evaluating ISZERO at 36
mythril.laser.ethereum.instructions [DEBUG]: Evaluating PUSH2 at 22
mythril.laser.ethereum.instructions [DEBUG]: Evaluating ISZERO at 36
mythril.analysis.module.base [DEBUG]: Entering analysis module: TxOrigin
mythril.analysis.module.base [DEBUG]: Exiting analysis module: TxOrigin
mythril.analysis.module.base [DEBUG]: Entering analysis module: IntegerArithmetics
mythril.analysis.module.base [DEBUG]: Exiting analysis module: IntegerArithmetics
mythril.laser.ethereum.instructions [DEBUG]: Evaluating JUMPI at 23
mythril.laser.ethereum.svm [DEBUG]: - Entering function MAIN:unknown
mythril.laser.ethereum.instructions [DEBUG]: Evaluating PUSH2 at 37
mythril.analysis.module.base [DEBUG]: Entering analysis module: TxOrigin
mythril.analysis.module.base [DEBUG]: Exiting analysis module: TxOrigin
mythril.analysis.module.base [DEBUG]: Entering analysis module: IntegerArithmetics
mythril.analysis.module.base [DEBUG]: Exiting analysis module: IntegerArithmetics
mythril.laser.ethereum.instructions [DEBUG]: Evaluating JUMPI at 23
mythril.laser.ethereum.svm [DEBUG]: - Entering function MAIN:unknown
mythril.laser.ethereum.instructions [DEBUG]: Evaluating PUSH2 at 37
mythril.laser.ethereum.instructions [DEBUG]: Evaluating DUP1 at 24
mythril.laser.ethereum.instructions [DEBUG]: Evaluating JUMPDEST at 49
mythril.analysis.module.base [DEBUG]: Entering analysis module: TxOrigin
mythril.analysis.module.base [DEBUG]: Exiting analysis module: TxOrigin
mythril.analysis.module.base [DEBUG]: Entering analysis module: IntegerArithmetics
mythril.analysis.module.base [DEBUG]: Exiting analysis module: IntegerArithmetics
mythril.laser.ethereum.instructions [DEBUG]: Evaluating JUMPI at 38
mythril.laser.ethereum.instructions [DEBUG]: Evaluating DUP1 at 24
mythril.laser.ethereum.instructions [DEBUG]: Evaluating JUMPDEST at 49
mythril.analysis.module.base [DEBUG]: Entering analysis module: TxOrigin
mythril.analysis.module.base [DEBUG]: Exiting analysis module: TxOrigin
mythril.analysis.module.base [DEBUG]: Entering analysis module: IntegerArithmetics
mythril.analysis.module.base [DEBUG]: Exiting analysis module: IntegerArithmetics
mythril.laser.ethereum.instructions [DEBUG]: Evaluating JUMPI at 38
mythril.laser.ethereum.instructions [DEBUG]: Evaluating PUSH4 at 25
mythril.laser.ethereum.instructions [DEBUG]: Evaluating CALLVALUE at 50
mythril.laser.ethereum.instructions [DEBUG]: Evaluating PUSH1 at 39
mythril.laser.ethereum.instructions [DEBUG]: Evaluating JUMPDEST at 42
mythril.laser.ethereum.instructions [DEBUG]: Evaluating PUSH4 at 25
mythril.laser.ethereum.instructions [DEBUG]: Evaluating CALLVALUE at 50
mythril.laser.ethereum.instructions [DEBUG]: Evaluating PUSH1 at 39
mythril.laser.ethereum.instructions [DEBUG]: Evaluating JUMPDEST at 42
mythril.laser.ethereum.instructions [DEBUG]: Evaluating EQ at 26
mythril.laser.ethereum.instructions [DEBUG]: Evaluating DUP1 at 51
mythril.laser.ethereum.instructions [DEBUG]: Evaluating DUP1 at 40
mythril.laser.ethereum.instructions [DEBUG]: Evaluating POP at 43
mythril.laser.ethereum.instructions [DEBUG]: Evaluating EQ at 26
mythril.laser.ethereum.instructions [DEBUG]: Evaluating DUP1 at 51
mythril.laser.ethereum.instructions [DEBUG]: Evaluating DUP1 at 40
mythril.laser.ethereum.instructions [DEBUG]: Evaluating POP at 43
mythril.laser.ethereum.instructions [DEBUG]: Evaluating PUSH2 at 27
mythril.laser.ethereum.instructions [DEBUG]: Evaluating ISZERO at 52
mythril.laser.ethereum.instructions [DEBUG]: Evaluating REVERT at 41
mythril.laser.ethereum.svm [DEBUG]: Ending transaction MessageCallTransaction 2 from sender_2 to                                        0x0.
mythril.laser.ethereum.instructions [DEBUG]: Evaluating PUSH2 at 44
mythril.laser.ethereum.instructions [DEBUG]: Evaluating PUSH2 at 27
mythril.laser.ethereum.instructions [DEBUG]: Evaluating ISZERO at 52
mythril.laser.ethereum.instructions [DEBUG]: Evaluating REVERT at 41
mythril.laser.ethereum.svm [DEBUG]: Ending transaction MessageCallTransaction 3 from sender_3 to                                        0x0.
mythril.laser.ethereum.instructions [DEBUG]: Evaluating PUSH2 at 44
mythril.analysis.module.base [DEBUG]: Entering analysis module: TxOrigin
mythril.analysis.module.base [DEBUG]: Exiting analysis module: TxOrigin
mythril.analysis.module.base [DEBUG]: Entering analysis module: IntegerArithmetics
mythril.analysis.module.base [DEBUG]: Exiting analysis module: IntegerArithmetics
mythril.laser.ethereum.instructions [DEBUG]: Evaluating JUMPI at 28
mythril.laser.plugin.plugins.dependency_pruner [DEBUG]: Skipping state: Storage slots {keccak256_512(Concat(sender_1, 0))} not read in block at address 86, function
mythril.laser.ethereum.svm [DEBUG]: - Entering function MAIN:unknown
mythril.laser.ethereum.instructions [DEBUG]: Evaluating PUSH2 at 53
mythril.laser.ethereum.instructions [DEBUG]: Evaluating PUSH2 at 45
mythril.analysis.module.base [DEBUG]: Entering analysis module: TxOrigin
mythril.analysis.module.base [DEBUG]: Exiting analysis module: TxOrigin
mythril.analysis.module.base [DEBUG]: Entering analysis module: IntegerArithmetics
mythril.analysis.module.base [DEBUG]: Exiting analysis module: IntegerArithmetics
mythril.laser.ethereum.instructions [DEBUG]: Evaluating JUMPI at 28
mythril.laser.plugin.plugins.dependency_pruner [DEBUG]: Skipping state: Storage slots {keccak256_512(Concat(sender_1, 0))} not read in block at address 86, function
mythril.laser.ethereum.svm [DEBUG]: - Entering function MAIN:unknown
mythril.laser.ethereum.instructions [DEBUG]: Evaluating PUSH2 at 53
mythril.laser.ethereum.instructions [DEBUG]: Evaluating PUSH2 at 45
mythril.laser.ethereum.instructions [DEBUG]: Evaluating JUMPDEST at 63
mythril.analysis.module.base [DEBUG]: Entering analysis module: TxOrigin
mythril.analysis.module.base [DEBUG]: Exiting analysis module: TxOrigin
mythril.analysis.module.base [DEBUG]: Entering analysis module: IntegerArithmetics
mythril.analysis.module.base [DEBUG]: Exiting analysis module: IntegerArithmetics
mythril.laser.ethereum.instructions [DEBUG]: Evaluating JUMPI at 54
mythril.laser.ethereum.instructions [DEBUG]: Evaluating JUMP at 46
mythril.laser.ethereum.instructions [DEBUG]: Evaluating JUMPDEST at 63
mythril.analysis.module.base [DEBUG]: Entering analysis module: TxOrigin
mythril.analysis.module.base [DEBUG]: Exiting analysis module: TxOrigin
mythril.analysis.module.base [DEBUG]: Entering analysis module: IntegerArithmetics
mythril.analysis.module.base [DEBUG]: Exiting analysis module: IntegerArithmetics
mythril.laser.ethereum.instructions [DEBUG]: Evaluating JUMPI at 54
mythril.laser.ethereum.instructions [DEBUG]: Evaluating JUMP at 46
mythril.laser.ethereum.instructions [DEBUG]: Evaluating CALLVALUE at 64
mythril.laser.ethereum.instructions [DEBUG]: Evaluating PUSH1 at 55
mythril.laser.ethereum.instructions [DEBUG]: Evaluating JUMPDEST at 58
mythril.laser.ethereum.instructions [DEBUG]: Evaluating JUMPDEST at 97
mythril.laser.ethereum.instructions [DEBUG]: Evaluating CALLVALUE at 64
mythril.laser.ethereum.instructions [DEBUG]: Evaluating PUSH1 at 55
mythril.laser.ethereum.instructions [DEBUG]: Evaluating JUMPDEST at 58
mythril.laser.ethereum.instructions [DEBUG]: Evaluating JUMPDEST at 97
mythril.laser.ethereum.instructions [DEBUG]: Evaluating DUP1 at 65
mythril.laser.ethereum.instructions [DEBUG]: Evaluating DUP1 at 56
mythril.laser.ethereum.instructions [DEBUG]: Evaluating POP at 59
mythril.laser.ethereum.instructions [DEBUG]: Evaluating CALLER at 98
mythril.laser.ethereum.instructions [DEBUG]: Evaluating DUP1 at 65
mythril.laser.ethereum.instructions [DEBUG]: Evaluating DUP1 at 56
mythril.laser.ethereum.instructions [DEBUG]: Evaluating POP at 59
mythril.laser.ethereum.instructions [DEBUG]: Evaluating CALLER at 98
mythril.laser.ethereum.instructions [DEBUG]: Evaluating ISZERO at 66
mythril.laser.ethereum.instructions [DEBUG]: Evaluating REVERT at 57
mythril.laser.ethereum.svm [DEBUG]: Ending transaction MessageCallTransaction 2 from sender_2 to                                        0x0.
mythril.laser.ethereum.instructions [DEBUG]: Evaluating PUSH2 at 60
mythril.laser.ethereum.instructions [DEBUG]: Evaluating PUSH1 at 99
mythril.laser.ethereum.instructions [DEBUG]: Evaluating ISZERO at 66
mythril.laser.ethereum.instructions [DEBUG]: Evaluating REVERT at 57
mythril.laser.ethereum.svm [DEBUG]: Ending transaction MessageCallTransaction 3 from sender_3 to                                        0x0.
mythril.laser.ethereum.instructions [DEBUG]: Evaluating PUSH2 at 60
mythril.laser.ethereum.instructions [DEBUG]: Evaluating PUSH1 at 99
mythril.laser.ethereum.instructions [DEBUG]: Evaluating PUSH2 at 67
mythril.laser.ethereum.instructions [DEBUG]: Evaluating PUSH2 at 61
mythril.laser.ethereum.instructions [DEBUG]: Evaluating DUP2 at 100
mythril.laser.ethereum.instructions [DEBUG]: Evaluating PUSH2 at 67
mythril.laser.ethereum.instructions [DEBUG]: Evaluating PUSH2 at 61
mythril.laser.ethereum.instructions [DEBUG]: Evaluating DUP2 at 100
mythril.analysis.module.base [DEBUG]: Entering analysis module: TxOrigin
mythril.analysis.module.base [DEBUG]: Exiting analysis module: TxOrigin
mythril.analysis.module.base [DEBUG]: Entering analysis module: IntegerArithmetics
mythril.analysis.module.base [DEBUG]: Exiting analysis module: IntegerArithmetics
mythril.laser.ethereum.instructions [DEBUG]: Evaluating JUMPI at 68
mythril.laser.ethereum.instructions [DEBUG]: Evaluating JUMP at 62
mythril.laser.ethereum.instructions [DEBUG]: Evaluating DUP2 at 101
mythril.analysis.module.base [DEBUG]: Entering analysis module: TxOrigin
mythril.analysis.module.base [DEBUG]: Exiting analysis module: TxOrigin
mythril.analysis.module.base [DEBUG]: Entering analysis module: IntegerArithmetics
mythril.analysis.module.base [DEBUG]: Exiting analysis module: IntegerArithmetics
mythril.laser.ethereum.instructions [DEBUG]: Evaluating JUMPI at 68
mythril.laser.ethereum.instructions [DEBUG]: Evaluating JUMP at 62
mythril.laser.ethereum.instructions [DEBUG]: Evaluating DUP2 at 101
mythril.laser.ethereum.instructions [DEBUG]: Evaluating PUSH1 at 69
mythril.laser.ethereum.instructions [DEBUG]: Evaluating JUMPDEST at 72
mythril.laser.ethereum.instructions [DEBUG]: Evaluating JUMPDEST at 154
mythril.laser.ethereum.instructions [DEBUG]: Evaluating MSTORE at 102
mythril.laser.ethereum.instructions [DEBUG]: Evaluating PUSH1 at 69
mythril.laser.ethereum.instructions [DEBUG]: Evaluating JUMPDEST at 72
mythril.laser.ethereum.instructions [DEBUG]: Evaluating JUMPDEST at 154
mythril.laser.ethereum.instructions [DEBUG]: Evaluating MSTORE at 102
mythril.laser.ethereum.instructions [DEBUG]: Evaluating DUP1 at 70
mythril.laser.ethereum.instructions [DEBUG]: Evaluating POP at 73
mythril.laser.ethereum.instructions [DEBUG]: Evaluating CALLER at 155
mythril.laser.ethereum.instructions [DEBUG]: Evaluating PUSH1 at 103
mythril.laser.ethereum.instructions [DEBUG]: Evaluating DUP1 at 70
mythril.laser.ethereum.instructions [DEBUG]: Evaluating POP at 73
mythril.laser.ethereum.instructions [DEBUG]: Evaluating CALLER at 155
mythril.laser.ethereum.instructions [DEBUG]: Evaluating PUSH1 at 103
mythril.laser.ethereum.instructions [DEBUG]: Evaluating REVERT at 71
mythril.laser.ethereum.svm [DEBUG]: Ending transaction MessageCallTransaction 2 from sender_2 to                                        0x0.
mythril.laser.ethereum.instructions [DEBUG]: Evaluating PUSH2 at 74
mythril.laser.ethereum.instructions [DEBUG]: Evaluating PUSH1 at 156
mythril.laser.ethereum.instructions [DEBUG]: Evaluating DUP2 at 104
mythril.laser.ethereum.instructions [DEBUG]: Evaluating REVERT at 71
mythril.laser.ethereum.svm [DEBUG]: Ending transaction MessageCallTransaction 3 from sender_3 to                                        0x0.
mythril.laser.ethereum.instructions [DEBUG]: Evaluating PUSH2 at 74
mythril.laser.ethereum.instructions [DEBUG]: Evaluating PUSH1 at 156
mythril.laser.ethereum.instructions [DEBUG]: Evaluating DUP2 at 104
mythril.laser.ethereum.instructions [DEBUG]: Evaluating PUSH20 at 75
mythril.laser.ethereum.instructions [DEBUG]: Evaluating SWAP1 at 157
mythril.laser.ethereum.instructions [DEBUG]: Evaluating SWAP1 at 105
mythril.laser.ethereum.instructions [DEBUG]: Evaluating PUSH20 at 75
mythril.laser.ethereum.instructions [DEBUG]: Evaluating SWAP1 at 157
mythril.laser.ethereum.instructions [DEBUG]: Evaluating SWAP1 at 105
mythril.laser.ethereum.instructions [DEBUG]: Evaluating PUSH1 at 76
mythril.laser.ethereum.instructions [DEBUG]: Evaluating DUP2 at 158
mythril.laser.ethereum.instructions [DEBUG]: Evaluating MSTORE at 106
mythril.laser.ethereum.instructions [DEBUG]: Evaluating PUSH1 at 76
mythril.laser.ethereum.instructions [DEBUG]: Evaluating DUP2 at 158
mythril.laser.ethereum.instructions [DEBUG]: Evaluating MSTORE at 106
mythril.laser.ethereum.instructions [DEBUG]: Evaluating CALLDATALOAD at 77
mythril.laser.ethereum.instructions [DEBUG]: Evaluating MSTORE at 159
mythril.laser.ethereum.instructions [DEBUG]: Evaluating PUSH1 at 107
mythril.laser.ethereum.instructions [DEBUG]: Evaluating CALLDATALOAD at 77
mythril.laser.ethereum.instructions [DEBUG]: Evaluating MSTORE at 159
mythril.laser.ethereum.instructions [DEBUG]: Evaluating PUSH1 at 107
mythril.laser.ethereum.instructions [DEBUG]: Evaluating AND at 78
mythril.laser.ethereum.instructions [DEBUG]: Evaluating PUSH1 at 160
mythril.laser.ethereum.instructions [DEBUG]: Evaluating DUP1 at 108
mythril.laser.ethereum.instructions [DEBUG]: Evaluating AND at 78
mythril.laser.ethereum.instructions [DEBUG]: Evaluating PUSH1 at 160
mythril.laser.ethereum.instructions [DEBUG]: Evaluating DUP1 at 108
mythril.laser.ethereum.instructions [DEBUG]: Evaluating PUSH2 at 79
mythril.laser.ethereum.instructions [DEBUG]: Evaluating DUP2 at 161
mythril.laser.ethereum.instructions [DEBUG]: Evaluating DUP3 at 109
mythril.laser.ethereum.instructions [DEBUG]: Evaluating PUSH2 at 79
mythril.laser.ethereum.instructions [DEBUG]: Evaluating DUP2 at 161
mythril.laser.ethereum.instructions [DEBUG]: Evaluating DUP3 at 109
mythril.laser.ethereum.instructions [DEBUG]: Evaluating JUMP at 80
mythril.laser.ethereum.instructions [DEBUG]: Evaluating SWAP1 at 162
mythril.laser.ethereum.instructions [DEBUG]: Evaluating SHA3 at 110
mythril.laser.ethereum.instructions [DEBUG]: Evaluating JUMP at 80
mythril.laser.ethereum.instructions [DEBUG]: Evaluating SWAP1 at 162
mythril.laser.ethereum.instructions [DEBUG]: Evaluating SHA3 at 110
mythril.laser.ethereum.instructions [DEBUG]: Evaluating JUMPDEST at 174
mythril.laser.ethereum.instructions [DEBUG]: Evaluating MSTORE at 163
mythril.laser.ethereum.instructions [DEBUG]: Evaluating SLOAD at 111
mythril.laser.ethereum.instructions [DEBUG]: Evaluating JUMPDEST at 174
mythril.laser.ethereum.instructions [DEBUG]: Evaluating MSTORE at 163
mythril.laser.ethereum.instructions [DEBUG]: Evaluating SLOAD at 111
mythril.laser.ethereum.instructions [DEBUG]: Evaluating PUSH20 at 175
mythril.laser.ethereum.instructions [DEBUG]: Evaluating PUSH1 at 164
mythril.laser.ethereum.instructions [DEBUG]: Evaluating SWAP1 at 112
mythril.laser.ethereum.instructions [DEBUG]: Evaluating PUSH20 at 175
mythril.laser.ethereum.instructions [DEBUG]: Evaluating PUSH1 at 164
mythril.laser.ethereum.instructions [DEBUG]: Evaluating SWAP1 at 112
mythril.laser.ethereum.instructions [DEBUG]: Evaluating AND at 176
mythril.laser.ethereum.instructions [DEBUG]: Evaluating SWAP1 at 165
mythril.laser.ethereum.instructions [DEBUG]: Evaluating MLOAD at 113
mythril.laser.ethereum.instructions [DEBUG]: Evaluating AND at 176
mythril.laser.ethereum.instructions [DEBUG]: Evaluating SWAP1 at 165
mythril.laser.ethereum.instructions [DEBUG]: Evaluating MLOAD at 113
mythril.laser.ethereum.instructions [DEBUG]: Evaluating PUSH1 at 177
mythril.laser.ethereum.instructions [DEBUG]: Evaluating SHA3 at 166
mythril.laser.ethereum.instructions [DEBUG]: Evaluating SWAP1 at 114
mythril.laser.ethereum.instructions [DEBUG]: Evaluating PUSH1 at 177
mythril.laser.ethereum.instructions [DEBUG]: Evaluating SHA3 at 166
mythril.laser.ethereum.instructions [DEBUG]: Evaluating SWAP1 at 114
mythril.laser.ethereum.instructions [DEBUG]: Evaluating SWAP1 at 178
mythril.laser.ethereum.instructions [DEBUG]: Evaluating DUP1 at 167
mythril.laser.ethereum.instructions [DEBUG]: Evaluating SWAP3 at 115
mythril.laser.ethereum.instructions [DEBUG]: Evaluating SWAP1 at 178
mythril.laser.ethereum.instructions [DEBUG]: Evaluating DUP1 at 167
mythril.laser.ethereum.instructions [DEBUG]: Evaluating SWAP3 at 115
mythril.laser.ethereum.instructions [DEBUG]: Evaluating DUP2 at 179
mythril.laser.ethereum.instructions [DEBUG]: Evaluating SLOAD at 168
mythril.laser.ethereum.instructions [DEBUG]: Evaluating SWAP2 at 116
mythril.laser.ethereum.instructions [DEBUG]: Evaluating DUP2 at 179
mythril.laser.ethereum.instructions [DEBUG]: Evaluating SLOAD at 168
mythril.laser.ethereum.instructions [DEBUG]: Evaluating SWAP2 at 116
mythril.laser.ethereum.instructions [DEBUG]: Evaluating MSTORE at 180
mythril.laser.ethereum.instructions [DEBUG]: Evaluating CALLVALUE at 169
mythril.laser.ethereum.instructions [DEBUG]: Evaluating DUP4 at 117
mythril.laser.ethereum.instructions [DEBUG]: Evaluating MSTORE at 180
mythril.laser.ethereum.instructions [DEBUG]: Evaluating CALLVALUE at 169
mythril.laser.ethereum.instructions [DEBUG]: Evaluating DUP4 at 117
mythril.laser.ethereum.instructions [DEBUG]: Evaluating PUSH1 at 181
mythril.analysis.module.base [DEBUG]: Entering analysis module: IntegerArithmetics
mythril.analysis.module.base [DEBUG]: Exiting analysis module: IntegerArithmetics
mythril.laser.ethereum.instructions [DEBUG]: Evaluating ADD at 170
mythril.laser.ethereum.instructions [DEBUG]: Evaluating SWAP2 at 118
mythril.laser.ethereum.instructions [DEBUG]: Evaluating PUSH1 at 181
mythril.analysis.module.base [DEBUG]: Entering analysis module: IntegerArithmetics
mythril.analysis.module.base [DEBUG]: Exiting analysis module: IntegerArithmetics
mythril.laser.ethereum.instructions [DEBUG]: Evaluating ADD at 170
mythril.laser.ethereum.instructions [DEBUG]: Evaluating SWAP2 at 118
mythril.laser.ethereum.instructions [DEBUG]: Evaluating DUP2 at 182
mythril.laser.ethereum.instructions [DEBUG]: Evaluating SWAP1 at 171
mythril.laser.ethereum.instructions [DEBUG]: Evaluating SWAP1 at 119
mythril.laser.ethereum.instructions [DEBUG]: Evaluating DUP2 at 182
mythril.laser.ethereum.instructions [DEBUG]: Evaluating SWAP1 at 171
mythril.laser.ethereum.instructions [DEBUG]: Evaluating SWAP1 at 119
mythril.laser.ethereum.instructions [DEBUG]: Evaluating SWAP1 at 183
mythril.analysis.module.base [DEBUG]: Entering analysis module: ArbitraryStorage
mythril.analysis.module.base [DEBUG]: Exiting analysis module: ArbitraryStorage
mythril.analysis.module.base [DEBUG]: Entering analysis module: IntegerArithmetics
mythril.analysis.module.base [DEBUG]: Exiting analysis module: IntegerArithmetics
mythril.analysis.module.base [DEBUG]: Entering analysis module: StateChangeAfterCall
mythril.analysis.module.base [DEBUG]: Exiting analysis module: StateChangeAfterCall
mythril.laser.ethereum.instructions [DEBUG]: Evaluating SSTORE at 172
mythril.laser.ethereum.instructions [DEBUG]: Evaluating DUP2 at 120
mythril.laser.ethereum.instructions [DEBUG]: Evaluating SWAP1 at 183
mythril.analysis.module.base [DEBUG]: Entering analysis module: ArbitraryStorage
mythril.analysis.module.base [DEBUG]: Exiting analysis module: ArbitraryStorage
mythril.analysis.module.base [DEBUG]: Entering analysis module: IntegerArithmetics
mythril.analysis.module.base [DEBUG]: Exiting analysis module: IntegerArithmetics
mythril.analysis.module.base [DEBUG]: Entering analysis module: StateChangeAfterCall
mythril.analysis.module.base [DEBUG]: Exiting analysis module: StateChangeAfterCall
mythril.laser.ethereum.instructions [DEBUG]: Evaluating SSTORE at 172
mythril.laser.ethereum.instructions [DEBUG]: Evaluating DUP2 at 120
mythril.laser.ethereum.instructions [DEBUG]: Evaluating MSTORE at 184
mythril.laser.ethereum.instructions [DEBUG]: Evaluating JUMP at 173
mythril.laser.ethereum.instructions [DEBUG]: Evaluating DUP2 at 121
mythril.laser.ethereum.instructions [DEBUG]: Evaluating MSTORE at 184
mythril.laser.ethereum.instructions [DEBUG]: Evaluating JUMP at 173
mythril.laser.ethereum.instructions [DEBUG]: Evaluating DUP2 at 121
mythril.laser.ethereum.instructions [DEBUG]: Evaluating PUSH1 at 185
mythril.laser.ethereum.instructions [DEBUG]: Evaluating JUMPDEST at 47
mythril.laser.ethereum.instructions [DEBUG]: Evaluating DUP2 at 122
mythril.laser.ethereum.instructions [DEBUG]: Evaluating PUSH1 at 185
mythril.laser.ethereum.instructions [DEBUG]: Evaluating JUMPDEST at 47
mythril.laser.ethereum.instructions [DEBUG]: Evaluating DUP2 at 122
mythril.laser.ethereum.instructions [DEBUG]: Evaluating SWAP1 at 186
mythril.analysis.module.base [DEBUG]: Entering analysis module: IntegerArithmetics
mythril.analysis.module.base [DEBUG]: Exiting analysis module: IntegerArithmetics
mythril.analysis.module.base [DEBUG]: Entering analysis module: UncheckedRetval
mythril.analysis.module.base [DEBUG]: Exiting analysis module: UncheckedRetval
mythril.laser.ethereum.instructions [DEBUG]: Evaluating STOP at 48
mythril.laser.ethereum.svm [DEBUG]: Ending transaction MessageCallTransaction 2 from sender_2 to                                        0x0.
mythril.laser.ethereum.instructions [DEBUG]: Evaluating DUP6 at 123
mythril.laser.ethereum.instructions [DEBUG]: Evaluating SWAP1 at 186
mythril.analysis.module.base [DEBUG]: Entering analysis module: IntegerArithmetics
mythril.analysis.module.base [DEBUG]: Exiting analysis module: IntegerArithmetics
mythril.analysis.module.base [DEBUG]: Entering analysis module: UncheckedRetval
mythril.analysis.module.base [DEBUG]: Exiting analysis module: UncheckedRetval
mythril.laser.ethereum.instructions [DEBUG]: Evaluating STOP at 48
mythril.laser.ethereum.svm [DEBUG]: Ending transaction MessageCallTransaction 3 from sender_3 to                                        0x0.
mythril.laser.ethereum.instructions [DEBUG]: Evaluating DUP6 at 123
mythril.laser.ethereum.instructions [DEBUG]: Evaluating SHA3 at 187
mythril.laser.ethereum.instructions [DEBUG]: Evaluating DUP8 at 124
mythril.laser.ethereum.instructions [DEBUG]: Evaluating SHA3 at 187
mythril.laser.ethereum.instructions [DEBUG]: Evaluating DUP8 at 124
mythril.laser.ethereum.instructions [DEBUG]: Evaluating SLOAD at 188
mythril.laser.ethereum.instructions [DEBUG]: Evaluating GAS at 125
mythril.laser.ethereum.instructions [DEBUG]: Evaluating SLOAD at 188
mythril.laser.ethereum.instructions [DEBUG]: Evaluating GAS at 125
mythril.laser.ethereum.instructions [DEBUG]: Evaluating SWAP1 at 189
mythril.analysis.module.base [DEBUG]: Entering analysis module: IntegerArithmetics
mythril.analysis.module.base [DEBUG]: Exiting analysis module: IntegerArithmetics
mythril.analysis.module.base [DEBUG]: Entering analysis module: StateChangeAfterCall
mythril.analysis.module.base [DEBUG]: Exiting analysis module: StateChangeAfterCall
mythril.laser.ethereum.instructions [DEBUG]: Evaluating CALL at 126
mythril.laser.ethereum.call [DEBUG]: Symbolic call encountered
mythril.laser.ethereum.call [DEBUG]: CALL to: sender_2
mythril.laser.ethereum.instructions [DEBUG]: The call is related to ether transfer between accounts
mythril.analysis.module.base [DEBUG]: Entering analysis module: EtherThief
mythril.analysis.module.base [DEBUG]: Exiting analysis module: EtherThief
mythril.analysis.module.base [DEBUG]: Entering analysis module: UncheckedRetval
mythril.analysis.module.modules.unchecked_retval [DEBUG]: End of call, extracting retval
mythril.analysis.module.base [DEBUG]: Exiting analysis module: UncheckedRetval
mythril.laser.ethereum.instructions [DEBUG]: Evaluating SWAP1 at 189
mythril.analysis.module.base [DEBUG]: Entering analysis module: IntegerArithmetics
mythril.analysis.module.base [DEBUG]: Exiting analysis module: IntegerArithmetics
mythril.analysis.module.base [DEBUG]: Entering analysis module: StateChangeAfterCall
mythril.analysis.module.base [DEBUG]: Exiting analysis module: StateChangeAfterCall
mythril.laser.ethereum.instructions [DEBUG]: Evaluating CALL at 126
mythril.laser.ethereum.call [DEBUG]: Symbolic call encountered
mythril.laser.ethereum.call [DEBUG]: CALL to: sender_3
mythril.laser.ethereum.instructions [DEBUG]: The call is related to ether transfer between accounts
mythril.analysis.module.base [DEBUG]: Entering analysis module: EtherThief
mythril.analysis.module.base [DEBUG]: Exiting analysis module: EtherThief
mythril.analysis.module.base [DEBUG]: Entering analysis module: UncheckedRetval
mythril.analysis.module.modules.unchecked_retval [DEBUG]: End of call, extracting retval
mythril.analysis.module.base [DEBUG]: Exiting analysis module: UncheckedRetval
mythril.laser.ethereum.instructions [DEBUG]: Evaluating JUMP at 190
mythril.laser.ethereum.instructions [DEBUG]: Evaluating SWAP3 at 127
mythril.laser.ethereum.instructions [DEBUG]: Evaluating JUMP at 190
mythril.laser.ethereum.instructions [DEBUG]: Evaluating SWAP3 at 127
mythril.laser.ethereum.instructions [DEBUG]: Evaluating JUMPDEST at 81
mythril.laser.ethereum.instructions [DEBUG]: Evaluating POP at 128
mythril.laser.ethereum.instructions [DEBUG]: Evaluating JUMPDEST at 81
mythril.laser.ethereum.instructions [DEBUG]: Evaluating POP at 128
mythril.laser.ethereum.instructions [DEBUG]: Evaluating PUSH1 at 82
mythril.laser.ethereum.instructions [DEBUG]: Evaluating POP at 129
mythril.laser.ethereum.instructions [DEBUG]: Evaluating PUSH1 at 82
mythril.laser.ethereum.instructions [DEBUG]: Evaluating POP at 129
mythril.laser.ethereum.instructions [DEBUG]: Evaluating DUP1 at 83
mythril.laser.ethereum.instructions [DEBUG]: Evaluating POP at 130
mythril.laser.ethereum.instructions [DEBUG]: Evaluating DUP1 at 83
mythril.laser.ethereum.instructions [DEBUG]: Evaluating POP at 130
mythril.laser.ethereum.instructions [DEBUG]: Evaluating MLOAD at 84
mythril.laser.ethereum.instructions [DEBUG]: Evaluating ISZERO at 131
mythril.laser.ethereum.instructions [DEBUG]: Evaluating MLOAD at 84
mythril.laser.ethereum.instructions [DEBUG]: Evaluating ISZERO at 131
mythril.laser.ethereum.instructions [DEBUG]: Evaluating SWAP2 at 85
mythril.laser.ethereum.instructions [DEBUG]: Evaluating ISZERO at 132
mythril.laser.ethereum.instructions [DEBUG]: Evaluating SWAP2 at 85
mythril.laser.ethereum.instructions [DEBUG]: Evaluating ISZERO at 132
mythril.laser.ethereum.instructions [DEBUG]: Evaluating DUP3 at 86
mythril.laser.ethereum.instructions [DEBUG]: Evaluating PUSH2 at 133
mythril.laser.ethereum.instructions [DEBUG]: Evaluating DUP3 at 86
mythril.laser.ethereum.instructions [DEBUG]: Evaluating PUSH2 at 133
mythril.laser.ethereum.instructions [DEBUG]: Evaluating MSTORE at 87
mythril.analysis.module.base [DEBUG]: Entering analysis module: TxOrigin
mythril.analysis.module.base [DEBUG]: Exiting analysis module: TxOrigin
mythril.analysis.module.base [DEBUG]: Entering analysis module: IntegerArithmetics
mythril.analysis.module.base [DEBUG]: Exiting analysis module: IntegerArithmetics
mythril.laser.ethereum.instructions [DEBUG]: Evaluating JUMPI at 134
mythril.laser.ethereum.instructions [DEBUG]: Evaluating MSTORE at 87
mythril.analysis.module.base [DEBUG]: Entering analysis module: TxOrigin
mythril.analysis.module.base [DEBUG]: Exiting analysis module: TxOrigin
mythril.analysis.module.base [DEBUG]: Entering analysis module: IntegerArithmetics
mythril.analysis.module.base [DEBUG]: Exiting analysis module: IntegerArithmetics
mythril.laser.ethereum.instructions [DEBUG]: Evaluating JUMPI at 134
mythril.laser.ethereum.instructions [DEBUG]: Evaluating MLOAD at 88
mythril.laser.ethereum.instructions [DEBUG]: Evaluating PUSH1 at 135
mythril.laser.ethereum.instructions [DEBUG]: Evaluating JUMPDEST at 138
mythril.laser.ethereum.instructions [DEBUG]: Evaluating MLOAD at 88
mythril.laser.ethereum.instructions [DEBUG]: Evaluating PUSH1 at 135
mythril.laser.ethereum.instructions [DEBUG]: Evaluating JUMPDEST at 138
mythril.laser.ethereum.instructions [DEBUG]: Evaluating SWAP1 at 89
mythril.laser.ethereum.instructions [DEBUG]: Evaluating DUP1 at 136
mythril.laser.ethereum.instructions [DEBUG]: Evaluating POP at 139
mythril.laser.ethereum.instructions [DEBUG]: Evaluating SWAP1 at 89
mythril.laser.ethereum.instructions [DEBUG]: Evaluating DUP1 at 136
mythril.laser.ethereum.instructions [DEBUG]: Evaluating POP at 139
mythril.laser.ethereum.instructions [DEBUG]: Evaluating DUP2 at 90
mythril.laser.ethereum.instructions [DEBUG]: Evaluating REVERT at 137
mythril.laser.ethereum.svm [DEBUG]: Ending transaction MessageCallTransaction 2 from sender_2 to                                        0x0.
mythril.laser.ethereum.instructions [DEBUG]: Evaluating CALLER at 140
mythril.laser.ethereum.instructions [DEBUG]: Evaluating DUP2 at 90
mythril.laser.ethereum.instructions [DEBUG]: Evaluating REVERT at 137
mythril.laser.ethereum.svm [DEBUG]: Ending transaction MessageCallTransaction 3 from sender_3 to                                        0x0.
mythril.laser.ethereum.instructions [DEBUG]: Evaluating CALLER at 140
mythril.laser.ethereum.instructions [DEBUG]: Evaluating SWAP1 at 91
mythril.laser.ethereum.instructions [DEBUG]: Evaluating PUSH1 at 141
mythril.laser.ethereum.instructions [DEBUG]: Evaluating SWAP1 at 91
mythril.laser.ethereum.instructions [DEBUG]: Evaluating PUSH1 at 141
mythril.analysis.module.base [DEBUG]: Entering analysis module: IntegerArithmetics
mythril.analysis.module.base [DEBUG]: Exiting analysis module: IntegerArithmetics
mythril.laser.ethereum.instructions [DEBUG]: Evaluating SUB at 92
mythril.laser.ethereum.instructions [DEBUG]: Evaluating SWAP1 at 142
mythril.analysis.module.base [DEBUG]: Entering analysis module: IntegerArithmetics
mythril.analysis.module.base [DEBUG]: Exiting analysis module: IntegerArithmetics
mythril.laser.ethereum.instructions [DEBUG]: Evaluating SUB at 92
mythril.laser.ethereum.instructions [DEBUG]: Evaluating SWAP1 at 142
mythril.laser.ethereum.instructions [DEBUG]: Evaluating PUSH1 at 93
mythril.laser.ethereum.instructions [DEBUG]: Evaluating DUP2 at 143
mythril.laser.ethereum.instructions [DEBUG]: Evaluating PUSH1 at 93
mythril.laser.ethereum.instructions [DEBUG]: Evaluating DUP2 at 143
mythril.analysis.module.base [DEBUG]: Entering analysis module: IntegerArithmetics
mythril.analysis.module.base [DEBUG]: Exiting analysis module: IntegerArithmetics
mythril.laser.ethereum.instructions [DEBUG]: Evaluating ADD at 94
mythril.laser.ethereum.instructions [DEBUG]: Evaluating MSTORE at 144
mythril.analysis.module.base [DEBUG]: Entering analysis module: IntegerArithmetics
mythril.analysis.module.base [DEBUG]: Exiting analysis module: IntegerArithmetics
mythril.laser.ethereum.instructions [DEBUG]: Evaluating ADD at 94
mythril.laser.ethereum.instructions [DEBUG]: Evaluating MSTORE at 144
mythril.laser.ethereum.instructions [DEBUG]: Evaluating SWAP1 at 95
mythril.laser.ethereum.instructions [DEBUG]: Evaluating PUSH1 at 145
mythril.laser.ethereum.instructions [DEBUG]: Evaluating SWAP1 at 95
mythril.laser.ethereum.instructions [DEBUG]: Evaluating PUSH1 at 145
mythril.analysis.module.base [DEBUG]: Entering analysis module: IntegerArithmetics
mythril.analysis.module.base [DEBUG]: Exiting analysis module: IntegerArithmetics
mythril.analysis.module.base [DEBUG]: Entering analysis module: UncheckedRetval
mythril.analysis.module.base [DEBUG]: Exiting analysis module: UncheckedRetval
mythril.laser.ethereum.instructions [DEBUG]: Evaluating RETURN at 96
mythril.laser.ethereum.svm [DEBUG]: Ending transaction MessageCallTransaction 2 from sender_2 to                                        0x0.
mythril.laser.ethereum.instructions [DEBUG]: Evaluating DUP2 at 146
mythril.analysis.module.base [DEBUG]: Entering analysis module: IntegerArithmetics
mythril.analysis.module.base [DEBUG]: Exiting analysis module: IntegerArithmetics
mythril.analysis.module.base [DEBUG]: Entering analysis module: UncheckedRetval
mythril.analysis.module.base [DEBUG]: Exiting analysis module: UncheckedRetval
mythril.laser.ethereum.instructions [DEBUG]: Evaluating RETURN at 96
mythril.laser.ethereum.svm [DEBUG]: Ending transaction MessageCallTransaction 3 from sender_3 to                                        0x0.
mythril.laser.ethereum.instructions [DEBUG]: Evaluating DUP2 at 146
mythril.laser.ethereum.instructions [DEBUG]: Evaluating SWAP1 at 147
mythril.laser.ethereum.instructions [DEBUG]: Evaluating SWAP1 at 147
mythril.laser.ethereum.instructions [DEBUG]: Evaluating MSTORE at 148
mythril.laser.ethereum.instructions [DEBUG]: Evaluating MSTORE at 148
mythril.laser.ethereum.instructions [DEBUG]: Evaluating PUSH1 at 149
mythril.laser.ethereum.instructions [DEBUG]: Evaluating PUSH1 at 149
mythril.laser.ethereum.instructions [DEBUG]: Evaluating DUP2 at 150
mythril.laser.ethereum.instructions [DEBUG]: Evaluating DUP2 at 150
mythril.laser.ethereum.instructions [DEBUG]: Evaluating SHA3 at 151
mythril.laser.ethereum.instructions [DEBUG]: Evaluating SHA3 at 151
mythril.analysis.module.base [DEBUG]: Entering analysis module: ArbitraryStorage
mythril.analysis.module.base [DEBUG]: Exiting analysis module: ArbitraryStorage
mythril.analysis.module.base [DEBUG]: Entering analysis module: IntegerArithmetics
mythril.analysis.module.base [DEBUG]: Exiting analysis module: IntegerArithmetics
mythril.analysis.module.base [DEBUG]: Entering analysis module: StateChangeAfterCall
root [DEBUG]: [EXTERNAL_CALLS] Detected state changes at addresses: 263
mythril.analysis.module.base [DEBUG]: Exiting analysis module: StateChangeAfterCall
mythril.laser.ethereum.instructions [DEBUG]: Evaluating SSTORE at 152
mythril.analysis.module.base [DEBUG]: Entering analysis module: ArbitraryStorage
mythril.analysis.module.base [DEBUG]: Exiting analysis module: ArbitraryStorage
mythril.analysis.module.base [DEBUG]: Entering analysis module: IntegerArithmetics
mythril.analysis.module.base [DEBUG]: Exiting analysis module: IntegerArithmetics
mythril.analysis.module.base [DEBUG]: Entering analysis module: StateChangeAfterCall
root [DEBUG]: [EXTERNAL_CALLS] Detected state changes at addresses: 263
mythril.analysis.module.base [DEBUG]: Exiting analysis module: StateChangeAfterCall
mythril.laser.ethereum.instructions [DEBUG]: Evaluating SSTORE at 152
mythril.laser.ethereum.instructions [DEBUG]: Evaluating JUMP at 153
mythril.laser.ethereum.instructions [DEBUG]: Evaluating JUMP at 153
mythril.laser.ethereum.instructions [DEBUG]: Evaluating JUMPDEST at 47
mythril.laser.ethereum.instructions [DEBUG]: Evaluating JUMPDEST at 47
mythril.analysis.module.base [DEBUG]: Entering analysis module: IntegerArithmetics
mythril.analysis.module.base [DEBUG]: Exiting analysis module: IntegerArithmetics
mythril.analysis.module.base [DEBUG]: Entering analysis module: UncheckedRetval
mythril.analysis.module.base [DEBUG]: Exiting analysis module: UncheckedRetval
mythril.laser.ethereum.instructions [DEBUG]: Evaluating STOP at 48
mythril.laser.ethereum.svm [DEBUG]: Ending transaction MessageCallTransaction 2 from sender_2 to                                        0x0.
mythril.analysis.module.base [DEBUG]: Entering analysis module: IntegerArithmetics
mythril.analysis.module.base [DEBUG]: Exiting analysis module: IntegerArithmetics
mythril.analysis.module.base [DEBUG]: Entering analysis module: UncheckedRetval
mythril.analysis.module.base [DEBUG]: Exiting analysis module: UncheckedRetval
mythril.laser.ethereum.instructions [DEBUG]: Evaluating STOP at 48
mythril.laser.ethereum.svm [DEBUG]: Ending transaction MessageCallTransaction 3 from sender_3 to                                        0x0.
mythril.laser.plugin.plugins.coverage.coverage_plugin [INFO]: Number of new instructions covered in tx 1: 0
mythril.laser.ethereum.svm [INFO]: Finished symbolic execution
mythril.laser.plugin.plugins.coverage.coverage_plugin [INFO]: Achieved 99.48% coverage for code: 6080604052600436106100565763ffffffff7c01000000000000000000000000000000000000000000000000000000006000350416635fd8c710811461005b578063c0e317fb14610072578063f8b2cb4f14610087575b600080fd5b34801561006757600080fd5b506100706100c7565b005b34801561007e57600080fd5b50610070610109565b34801561009357600080fd5b506100b573ffffffffffffffffffffffffffffffffffffffff60043516610120565b60408051918252519081900360200190f35b3360008181526020819052604080822054905190929183919081818185875af19250505015156100f657600080fd5b5033600090815260208190526040812055565b336000908152602081905260409020805434019055565b73ffffffffffffffffffffffffffffffffffffffff16600090815260208190526040902054905600a165627a7a72305820f2441a85d52d9cc5faf92c92debb4c0e845cec863316047f2fe5b8ebf87be2960029
mythril.laser.plugin.plugins.instruction_profiler [INFO]: Total: 1.3423378467559814 s
[ADD         ]   0.2577 %,  nr      6,  total   0.0035 s,  avg   0.0006 s,  min   0.0005 s,  max   0.0006 s
[AND         ]   0.3660 %,  nr      9,  total   0.0049 s,  avg   0.0005 s,  min   0.0005 s,  max   0.0007 s
[CALL        ]   0.6683 %,  nr      3,  total   0.0090 s,  avg   0.0030 s,  min   0.0024 s,  max   0.0040 s
[CALLDATALOAD]   6.1545 %,  nr      6,  total   0.0826 s,  avg   0.0138 s,  min   0.0114 s,  max   0.0179 s
[CALLDATASIZE]   0.1045 %,  nr      3,  total   0.0014 s,  avg   0.0005 s,  min   0.0005 s,  max   0.0005 s
[CALLER      ]   0.3180 %,  nr      9,  total   0.0043 s,  avg   0.0005 s,  min   0.0004 s,  max   0.0005 s
[CALLVALUE   ]   0.4557 %,  nr     12,  total   0.0061 s,  avg   0.0005 s,  min   0.0005 s,  max   0.0006 s
[DIV         ]   0.1860 %,  nr      3,  total   0.0025 s,  avg   0.0008 s,  min   0.0008 s,  max   0.0009 s
[DUP1        ]   1.4850 %,  nr     40,  total   0.0199 s,  avg   0.0005 s,  min   0.0004 s,  max   0.0007 s
[DUP2        ]   1.8077 %,  nr     45,  total   0.0243 s,  avg   0.0005 s,  min   0.0004 s,  max   0.0026 s
[DUP3        ]   0.2113 %,  nr      6,  total   0.0028 s,  avg   0.0005 s,  min   0.0004 s,  max   0.0005 s
[DUP4        ]   0.1018 %,  nr      3,  total   0.0014 s,  avg   0.0005 s,  min   0.0004 s,  max   0.0005 s
[DUP6        ]   0.1160 %,  nr      3,  total   0.0016 s,  avg   0.0005 s,  min   0.0005 s,  max   0.0005 s
[DUP8        ]   0.1657 %,  nr      3,  total   0.0022 s,  avg   0.0007 s,  min   0.0007 s,  max   0.0008 s
[EQ          ]   0.5606 %,  nr      9,  total   0.0075 s,  avg   0.0008 s,  min   0.0005 s,  max   0.0031 s
[GAS         ]   0.1155 %,  nr      3,  total   0.0015 s,  avg   0.0005 s,  min   0.0005 s,  max   0.0005 s
[ISZERO      ]   0.7371 %,  nr     15,  total   0.0099 s,  avg   0.0007 s,  min   0.0006 s,  max   0.0008 s
[JUMP        ]   1.5032 %,  nr     18,  total   0.0202 s,  avg   0.0011 s,  min   0.0009 s,  max   0.0014 s
[JUMPDEST    ]   1.6417 %,  nr     43,  total   0.0220 s,  avg   0.0005 s,  min   0.0004 s,  max   0.0007 s
[JUMPI       ]   3.2720 %,  nr     24,  total   0.0439 s,  avg   0.0018 s,  min   0.0016 s,  max   0.0027 s
[LT          ]   0.1220 %,  nr      3,  total   0.0016 s,  avg   0.0005 s,  min   0.0005 s,  max   0.0006 s
[MLOAD       ]   9.6836 %,  nr      9,  total   0.1300 s,  avg   0.0144 s,  min   0.0137 s,  max   0.0157 s
[MSTORE      ]  32.8969 %,  nr     30,  total   0.4416 s,  avg   0.0147 s,  min   0.0086 s,  max   0.0223 s
[POP         ]   0.7416 %,  nr     21,  total   0.0100 s,  avg   0.0005 s,  min   0.0004 s,  max   0.0006 s
[PUSH1       ]   3.0946 %,  nr     73,  total   0.0415 s,  avg   0.0006 s,  min   0.0004 s,  max   0.0021 s
[PUSH2       ]   1.7532 %,  nr     42,  total   0.0235 s,  avg   0.0006 s,  min   0.0005 s,  max   0.0008 s
[PUSH20      ]   0.3076 %,  nr      6,  total   0.0041 s,  avg   0.0007 s,  min   0.0004 s,  max   0.0017 s
[PUSH29      ]   0.1238 %,  nr      3,  total   0.0017 s,  avg   0.0006 s,  min   0.0005 s,  max   0.0006 s
[PUSH4       ]   0.5404 %,  nr     12,  total   0.0073 s,  avg   0.0006 s,  min   0.0005 s,  max   0.0008 s
[SHA3        ]  27.2375 %,  nr     12,  total   0.3656 s,  avg   0.0305 s,  min   0.0285 s,  max   0.0325 s
[SLOAD       ]   0.4070 %,  nr      9,  total   0.0055 s,  avg   0.0006 s,  min   0.0005 s,  max   0.0007 s
[SSTORE      ]   0.3045 %,  nr      6,  total   0.0041 s,  avg   0.0007 s,  min   0.0005 s,  max   0.0009 s
[SUB         ]   0.1220 %,  nr      3,  total   0.0016 s,  avg   0.0005 s,  min   0.0005 s,  max   0.0006 s
[SWAP1       ]   1.9099 %,  nr     51,  total   0.0256 s,  avg   0.0005 s,  min   0.0004 s,  max   0.0008 s
[SWAP2       ]   0.3136 %,  nr      9,  total   0.0042 s,  avg   0.0005 s,  min   0.0004 s,  max   0.0005 s
[SWAP3       ]   0.2138 %,  nr      6,  total   0.0029 s,  avg   0.0005 s,  min   0.0004 s,  max   0.0005 s

mythril.analysis.security [INFO]: Starting analysis
mythril.analysis.security [DEBUG]: Retrieving results for Caller can write to arbitrary storage locations
mythril.analysis.security [DEBUG]: Retrieving results for Delegatecall to a user-specified address
mythril.analysis.security [DEBUG]: Retrieving results for Control flow depends on tx.origin
mythril.analysis.security [DEBUG]: Retrieving results for Any sender can withdraw ETH from the contract account
mythril.analysis.security [DEBUG]: Retrieving results for Integer overflow or underflow
mythril.analysis.security [DEBUG]: Retrieving results for State change after an external call
mythril.analysis.security [DEBUG]: Retrieving results for Contract can be accidentally killed by anyone
mythril.analysis.security [DEBUG]: Retrieving results for Return value of an external call is not checked
mythril.mythril.mythril_analyzer [INFO]: Solver statistics: 
Query count: 105 
Solver time: 5.971716403961182
{"error": null, "issues": [{"address": [231, 263], "contract": "MAIN", "description": "Write to persistent state following external call\nThe contract account state is accessed after an external call to a user defined address. To prevent reentrancy issues, consider accessing the state only before the call, especially if the callee is untrusted. Alternatively, a reentrancy lock can be used to prevent untrusted callees from re-entering the contract in an intermediate state.", "function": "fallback", "max_gas_used": 61421, "min_gas_used": 6853, "severity": "Medium", "sourceMap": [231, 263], "swc-id": "107", "title": "State access after external call", "tx_sequence": {"initialState": {"accounts": {"0x0": {"balance": "0x1001004", "code": "6080604052600436106100565763ffffffff7c01000000000000000000000000000000000000000000000000000000006000350416635fd8c710811461005b578063c0e317fb14610072578063f8b2cb4f14610087575b600080fd5b34801561006757600080fd5b506100706100c7565b005b34801561007e57600080fd5b50610070610109565b34801561009357600080fd5b506100b573ffffffffffffffffffffffffffffffffffffffff60043516610120565b60408051918252519081900360200190f35b3360008181526020819052604080822054905190929183919081818185875af19250505015156100f657600080fd5b5033600090815260208190526040812055565b336000908152602081905260409020805434019055565b73ffffffffffffffffffffffffffffffffffffffff16600090815260208190526040902054905600a165627a7a72305820f2441a85d52d9cc5faf92c92debb4c0e845cec863316047f2fe5b8ebf87be2960029", "nonce": 0, "storage": "{}"}, "0xdeadbeefdeadbeefdeadbeefdeadbeefdeadbeef": {"balance": "0x8000", "code": "", "nonce": 0, "storage": "{}"}}}, "steps": [{"address": "0x0", "calldata": "0x5fd8c710", "input": "0x5fd8c710", "name": "withdrawBalance()", "origin": "0xaaaaaaaaaaaaaaaaaaaaaaaaaaaaaaaaaaaaaaaa", "value": "0x0"}, {"address": "0x0", "calldata": "0x5fd8c710", "input": "0x5fd8c710", "name": "withdrawBalance()", "origin": "0xdeadbeefdeadbeefdeadbeefdeadbeefdeadbeef", "value": "0x0"}]}}], "success": true}
