Getting Slither report...
Switched global version to 0.4.26



'solc --version' running
'solc ../smartbugs-curated/dataset/reentrancy/0x941d225236464a25eb18076df7da6a91d0f95e9e.sol --combined-json abi,ast,bin,bin-runtime,srcmap,srcmap-runtime,userdoc,devdoc,hashes,compact-format --allow-paths .,/home/mokita/sc_study/temp/smartbugs-curated/dataset/reentrancy' running
Compilation warnings/errors on ../smartbugs-curated/dataset/reentrancy/0x941d225236464a25eb18076df7da6a91d0f95e9e.sol:
../smartbugs-curated/dataset/reentrancy/0x941d225236464a25eb18076df7da6a91d0f95e9e.sol:18:5: Warning: Defining constructors as functions with the same name as the contract is deprecated. Use "constructor(...) { ... }" instead.
    function ETH_FUND(address _log)
    ^ (Relevant source part starts here and spans across multiple lines).
../smartbugs-curated/dataset/reentrancy/0x941d225236464a25eb18076df7da6a91d0f95e9e.sol:8:1: Warning: Source file does not specify required compiler version!Consider adding "pragma solidity ^0.4.26;"
contract ETH_FUND
^ (Relevant source part starts here and spans across multiple lines).


Log (../smartbugs-curated/dataset/reentrancy/0x941d225236464a25eb18076df7da6a91d0f95e9e.sol#55-80) contract sets array length with a user-controlled value:
	- History.push(LastMsg) (../smartbugs-curated/dataset/reentrancy/0x941d225236464a25eb18076df7da6a91d0f95e9e.sol#77)
Reference: https://github.com/crytic/slither/wiki/Detector-Documentation#array-length-assignment

Reentrancy in ETH_FUND.CashOut(uint256) (../smartbugs-curated/dataset/reentrancy/0x941d225236464a25eb18076df7da6a91d0f95e9e.sol#36-49):
	External calls:
	- msg.sender.call.value(_am)() (../smartbugs-curated/dataset/reentrancy/0x941d225236464a25eb18076df7da6a91d0f95e9e.sol#43)
	State variables written after the call(s):
	- balances[msg.sender] -= _am (../smartbugs-curated/dataset/reentrancy/0x941d225236464a25eb18076df7da6a91d0f95e9e.sol#45)
	ETH_FUND.balances (../smartbugs-curated/dataset/reentrancy/0x941d225236464a25eb18076df7da6a91d0f95e9e.sol#10) can be used in cross function reentrancies:
	- ETH_FUND.CashOut(uint256) (../smartbugs-curated/dataset/reentrancy/0x941d225236464a25eb18076df7da6a91d0f95e9e.sol#36-49)
	- ETH_FUND.Deposit() (../smartbugs-curated/dataset/reentrancy/0x941d225236464a25eb18076df7da6a91d0f95e9e.sol#24-34)
	- ETH_FUND.balances (../smartbugs-curated/dataset/reentrancy/0x941d225236464a25eb18076df7da6a91d0f95e9e.sol#10)
Reference: https://github.com/crytic/slither/wiki/Detector-Documentation#reentrancy-vulnerabilities

Reentrancy in ETH_FUND.Deposit() (../smartbugs-curated/dataset/reentrancy/0x941d225236464a25eb18076df7da6a91d0f95e9e.sol#24-34):
	External calls:
	- TransferLog.AddMessage(msg.sender,msg.value,Deposit) (../smartbugs-curated/dataset/reentrancy/0x941d225236464a25eb18076df7da6a91d0f95e9e.sol#31)
	State variables written after the call(s):
	- lastBlock = block.number (../smartbugs-curated/dataset/reentrancy/0x941d225236464a25eb18076df7da6a91d0f95e9e.sol#32)
Reference: https://github.com/crytic/slither/wiki/Detector-Documentation#reentrancy-vulnerabilities-2

solc-0.4.26 is an outdated solc version. Use a more recent version (at least 0.8.0), if possible.
Reference: https://github.com/crytic/slither/wiki/Detector-Documentation#incorrect-versions-of-solidity

Low level call in ETH_FUND.CashOut(uint256) (../smartbugs-curated/dataset/reentrancy/0x941d225236464a25eb18076df7da6a91d0f95e9e.sol#36-49):
	- msg.sender.call.value(_am)() (../smartbugs-curated/dataset/reentrancy/0x941d225236464a25eb18076df7da6a91d0f95e9e.sol#43)
Reference: https://github.com/crytic/slither/wiki/Detector-Documentation#low-level-calls

Contract ETH_FUND (../smartbugs-curated/dataset/reentrancy/0x941d225236464a25eb18076df7da6a91d0f95e9e.sol#8-53) is not in CapWords
Function ETH_FUND.Deposit() (../smartbugs-curated/dataset/reentrancy/0x941d225236464a25eb18076df7da6a91d0f95e9e.sol#24-34) is not in mixedCase
Function ETH_FUND.CashOut(uint256) (../smartbugs-curated/dataset/reentrancy/0x941d225236464a25eb18076df7da6a91d0f95e9e.sol#36-49) is not in mixedCase
Parameter ETH_FUND.CashOut(uint256)._am (../smartbugs-curated/dataset/reentrancy/0x941d225236464a25eb18076df7da6a91d0f95e9e.sol#36) is not in mixedCase
Variable ETH_FUND.MinDeposit (../smartbugs-curated/dataset/reentrancy/0x941d225236464a25eb18076df7da6a91d0f95e9e.sol#12) is not in mixedCase
Variable ETH_FUND.TransferLog (../smartbugs-curated/dataset/reentrancy/0x941d225236464a25eb18076df7da6a91d0f95e9e.sol#14) is not in mixedCase
Function Log.AddMessage(address,uint256,string) (../smartbugs-curated/dataset/reentrancy/0x941d225236464a25eb18076df7da6a91d0f95e9e.sol#70-78) is not in mixedCase
Parameter Log.AddMessage(address,uint256,string)._adr (../smartbugs-curated/dataset/reentrancy/0x941d225236464a25eb18076df7da6a91d0f95e9e.sol#70) is not in mixedCase
Parameter Log.AddMessage(address,uint256,string)._val (../smartbugs-curated/dataset/reentrancy/0x941d225236464a25eb18076df7da6a91d0f95e9e.sol#70) is not in mixedCase
Parameter Log.AddMessage(address,uint256,string)._data (../smartbugs-curated/dataset/reentrancy/0x941d225236464a25eb18076df7da6a91d0f95e9e.sol#70) is not in mixedCase
Variable Log.History (../smartbugs-curated/dataset/reentrancy/0x941d225236464a25eb18076df7da6a91d0f95e9e.sol#66) is not in mixedCase
Variable Log.LastMsg (../smartbugs-curated/dataset/reentrancy/0x941d225236464a25eb18076df7da6a91d0f95e9e.sol#68) is not in mixedCase
Reference: https://github.com/crytic/slither/wiki/Detector-Documentation#conformance-to-solidity-naming-conventions

ETH_FUND.MinDeposit (../smartbugs-curated/dataset/reentrancy/0x941d225236464a25eb18076df7da6a91d0f95e9e.sol#12) should be constant 
Reference: https://github.com/crytic/slither/wiki/Detector-Documentation#state-variables-that-could-be-declared-constant

AddMessage(address,uint256,string) should be declared external:
	- Log.AddMessage(address,uint256,string) (../smartbugs-curated/dataset/reentrancy/0x941d225236464a25eb18076df7da6a91d0f95e9e.sol#70-78)
Reference: https://github.com/crytic/slither/wiki/Detector-Documentation#public-function-that-could-be-declared-external
../smartbugs-curated/dataset/reentrancy/0x941d225236464a25eb18076df7da6a91d0f95e9e.sol analyzed (2 contracts with 95 detectors), 19 result(s) found

Error running slither
0x941d225236464a25eb18076df7da6a91d0f95e9e.sol
Getting Solidity AST...
Running TIPS...
0x941d225236464a25eb18076df7da6a91d0f95e9e.sol
0.010566473007202148


