 ______     __         __  __     ______     __     __  __     __    __    
/\  ___\   /\ \       /\ \_\ \   /\  ___\   /\ \   /\ \/\ \   /\ "-./  \   
\ \  __\   \ \ \____  \ \____ \  \ \___  \  \ \ \  \ \ \_\ \  \ \ \-./\ \  
 \ \_____\  \ \_____\  \/\_____\  \/\_____\  \ \_\  \ \_____\  \ \_\ \ \_\ 
  \/_____/   \/_____/   \/_____/   \/_____/   \/_/   \/_____/   \/_/  \/_/ 
                                                                           
Compiling source code...
Retrieving bytecode for contract 'Centra4'.
Please wait. Scanning bytecode for bugs...
Running Osiris...
Finished running Osiris. Execution time 0.9760615825653076 seconds. Code coverage 99.4%.
Running Oyente...
Finished running Oyente. Execution time 1.1649765968322754 seconds. Code coverage 96.6%.
Running Mythril...
Finished running Mythril. Execution time 10.405751466751099 seconds. Code coverage 99.43%.
Detected 1 bug(s):
--> Detected 'unhandled exception' bug at program counter address 222 (0xde) using Mythril with a code coverage of 99.43%.
Exporting original control-flow graph...
Recovering control-flow graph...
Recovered 100% of the control-flow graph
Number of execution paths accessing storage: 0
Deployment bytecode size: 31 bytes (original: 31 bytes) 0.0% increase.
Runtime bytecode size: 423 bytes (original: 412 bytes) 2.6699029126213594% increase.
Metadata: 0xa165627a7a723058207d75831d9b6aae168a8a77db83fb577f735021a1b82805f626ea209556f319070029
Exporting patched control-flow graph...
