mythril.mythril.mythril_config [INFO]: Creating mythril data directory 
mythril.mythril.mythril_config [INFO]: No config file found. Creating default: /root/.mythril/config.ini 
mythril.mythril.mythril_config [INFO]: Infura key not provided, so onchain access is disabled. Use --infura-id <INFURA_ID> or set it in the environment variable INFURA_ID or in the ~/.mythril/config.ini file 
mythril.support.signatures [INFO]: Using signature database at /root/.mythril/signatures.db
mythril.laser.ethereum.svm [INFO]: LASER EVM initialized with dynamic loader: <mythril.support.loader.DynLoader object at 0x7feda003bf40>
mythril.laser.ethereum.strategy.extensions.bounded_loops [INFO]: Loaded search strategy extension: Loop bounds (limit = 3)
mythril.laser.plugin.loader [INFO]: Loading laser plugin: coverage
mythril.laser.plugin.loader [INFO]: Loading laser plugin: mutation-pruner
mythril.laser.plugin.loader [INFO]: Loading laser plugin: call-depth-limit
mythril.laser.plugin.loader [INFO]: Loading laser plugin: instruction-profiler
mythril.laser.plugin.loader [INFO]: Loading laser plugin: dependency-pruner
mythril.laser.plugin.loader [INFO]: Instrumenting symbolic vm with plugin: coverage
mythril.laser.plugin.loader [INFO]: Instrumenting symbolic vm with plugin: mutation-pruner
mythril.laser.plugin.loader [INFO]: Instrumenting symbolic vm with plugin: call-depth-limit
mythril.laser.plugin.loader [INFO]: Instrumenting symbolic vm with plugin: instruction-profiler
mythril.laser.plugin.loader [INFO]: Instrumenting symbolic vm with plugin: dependency-pruner
mythril.laser.ethereum.svm [DEBUG]: Starting LASER execution
mythril.laser.ethereum.svm [INFO]: Starting message call transaction to 0
mythril.laser.ethereum.svm [INFO]: Starting message call transaction, iteration: 0, 1 initial states
mythril.laser.ethereum.instructions [DEBUG]: Evaluating PUSH1 at 0
mythril.laser.ethereum.instructions [DEBUG]: Evaluating PUSH1 at 1
mythril.laser.ethereum.instructions [DEBUG]: Evaluating MSTORE at 2
mythril.laser.ethereum.instructions [DEBUG]: Evaluating PUSH1 at 3
mythril.laser.ethereum.instructions [DEBUG]: Evaluating CALLDATASIZE at 4
mythril.laser.ethereum.instructions [DEBUG]: Evaluating LT at 5
mythril.laser.ethereum.instructions [DEBUG]: Evaluating PUSH2 at 6
mythril.analysis.module.base [DEBUG]: Entering analysis module: TxOrigin
mythril.analysis.module.base [DEBUG]: Exiting analysis module: TxOrigin
mythril.analysis.module.base [DEBUG]: Entering analysis module: IntegerArithmetics
mythril.analysis.module.base [DEBUG]: Exiting analysis module: IntegerArithmetics
mythril.laser.ethereum.instructions [DEBUG]: Evaluating JUMPI at 7
mythril.laser.ethereum.instructions [DEBUG]: Evaluating PUSH4 at 8
mythril.laser.ethereum.instructions [DEBUG]: Evaluating JUMPDEST at 29
mythril.laser.ethereum.instructions [DEBUG]: Evaluating PUSH29 at 9
mythril.laser.ethereum.instructions [DEBUG]: Evaluating PUSH1 at 30
mythril.laser.ethereum.instructions [DEBUG]: Evaluating PUSH1 at 10
mythril.laser.ethereum.instructions [DEBUG]: Evaluating DUP1 at 31
mythril.laser.ethereum.instructions [DEBUG]: Evaluating CALLDATALOAD at 11
mythril.laser.ethereum.instructions [DEBUG]: Evaluating REVERT at 32
mythril.laser.ethereum.svm [DEBUG]: Ending transaction MessageCallTransaction 1 from sender_1 to                                        0x0.
mythril.laser.ethereum.instructions [DEBUG]: Evaluating DIV at 12
mythril.laser.ethereum.instructions [DEBUG]: Evaluating AND at 13
mythril.laser.ethereum.instructions [DEBUG]: Evaluating PUSH4 at 14
mythril.laser.ethereum.instructions [DEBUG]: Evaluating DUP2 at 15
mythril.laser.ethereum.instructions [DEBUG]: Evaluating EQ at 16
mythril.laser.ethereum.instructions [DEBUG]: Evaluating PUSH2 at 17
mythril.analysis.module.base [DEBUG]: Entering analysis module: TxOrigin
mythril.analysis.module.base [DEBUG]: Exiting analysis module: TxOrigin
mythril.analysis.module.base [DEBUG]: Entering analysis module: IntegerArithmetics
mythril.analysis.module.base [DEBUG]: Exiting analysis module: IntegerArithmetics
mythril.laser.ethereum.instructions [DEBUG]: Evaluating JUMPI at 18
mythril.laser.ethereum.instructions [DEBUG]: Evaluating DUP1 at 19
mythril.laser.ethereum.instructions [DEBUG]: Evaluating JUMPDEST at 33
mythril.laser.ethereum.instructions [DEBUG]: Evaluating PUSH4 at 20
mythril.laser.ethereum.instructions [DEBUG]: Evaluating CALLVALUE at 34
mythril.laser.ethereum.instructions [DEBUG]: Evaluating EQ at 21
mythril.laser.ethereum.instructions [DEBUG]: Evaluating DUP1 at 35
mythril.laser.ethereum.instructions [DEBUG]: Evaluating PUSH2 at 22
mythril.laser.ethereum.instructions [DEBUG]: Evaluating ISZERO at 36
mythril.analysis.module.base [DEBUG]: Entering analysis module: TxOrigin
mythril.analysis.module.base [DEBUG]: Exiting analysis module: TxOrigin
mythril.analysis.module.base [DEBUG]: Entering analysis module: IntegerArithmetics
mythril.analysis.module.base [DEBUG]: Exiting analysis module: IntegerArithmetics
mythril.laser.ethereum.instructions [DEBUG]: Evaluating JUMPI at 23
mythril.laser.ethereum.svm [DEBUG]: - Entering function MAIN:unknown
mythril.laser.ethereum.instructions [DEBUG]: Evaluating PUSH2 at 37
mythril.laser.ethereum.instructions [DEBUG]: Evaluating DUP1 at 24
mythril.laser.ethereum.instructions [DEBUG]: Evaluating JUMPDEST at 63
mythril.analysis.module.base [DEBUG]: Entering analysis module: TxOrigin
mythril.analysis.module.base [DEBUG]: Exiting analysis module: TxOrigin
mythril.analysis.module.base [DEBUG]: Entering analysis module: IntegerArithmetics
mythril.analysis.module.base [DEBUG]: Exiting analysis module: IntegerArithmetics
mythril.laser.ethereum.instructions [DEBUG]: Evaluating JUMPI at 38
mythril.laser.ethereum.instructions [DEBUG]: Evaluating PUSH4 at 25
mythril.laser.ethereum.instructions [DEBUG]: Evaluating CALLVALUE at 64
mythril.laser.ethereum.instructions [DEBUG]: Evaluating PUSH1 at 39
mythril.laser.ethereum.instructions [DEBUG]: Evaluating JUMPDEST at 42
mythril.laser.ethereum.instructions [DEBUG]: Evaluating EQ at 26
mythril.laser.ethereum.instructions [DEBUG]: Evaluating DUP1 at 65
mythril.laser.ethereum.instructions [DEBUG]: Evaluating DUP1 at 40
mythril.laser.ethereum.instructions [DEBUG]: Evaluating POP at 43
mythril.laser.ethereum.instructions [DEBUG]: Evaluating PUSH2 at 27
mythril.laser.ethereum.instructions [DEBUG]: Evaluating ISZERO at 66
mythril.laser.ethereum.instructions [DEBUG]: Evaluating REVERT at 41
mythril.laser.ethereum.svm [DEBUG]: Ending transaction MessageCallTransaction 1 from sender_1 to                                        0x0.
mythril.laser.ethereum.instructions [DEBUG]: Evaluating PUSH2 at 44
mythril.analysis.module.base [DEBUG]: Entering analysis module: TxOrigin
mythril.analysis.module.base [DEBUG]: Exiting analysis module: TxOrigin
mythril.analysis.module.base [DEBUG]: Entering analysis module: IntegerArithmetics
mythril.analysis.module.base [DEBUG]: Exiting analysis module: IntegerArithmetics
mythril.laser.ethereum.instructions [DEBUG]: Evaluating JUMPI at 28
mythril.laser.ethereum.svm [DEBUG]: - Entering function MAIN:unknown
mythril.laser.ethereum.instructions [DEBUG]: Evaluating PUSH2 at 67
mythril.laser.ethereum.instructions [DEBUG]: Evaluating PUSH2 at 45
mythril.laser.ethereum.instructions [DEBUG]: Evaluating JUMPDEST at 29
mythril.laser.ethereum.instructions [DEBUG]: Evaluating JUMPDEST at 81
mythril.analysis.module.base [DEBUG]: Entering analysis module: TxOrigin
mythril.analysis.module.base [DEBUG]: Exiting analysis module: TxOrigin
mythril.analysis.module.base [DEBUG]: Entering analysis module: IntegerArithmetics
mythril.analysis.module.base [DEBUG]: Exiting analysis module: IntegerArithmetics
mythril.laser.ethereum.instructions [DEBUG]: Evaluating JUMPI at 68
mythril.laser.ethereum.instructions [DEBUG]: Evaluating JUMP at 46
mythril.laser.ethereum.instructions [DEBUG]: Evaluating PUSH1 at 30
mythril.laser.ethereum.instructions [DEBUG]: Evaluating CALLVALUE at 82
mythril.laser.ethereum.instructions [DEBUG]: Evaluating PUSH1 at 69
mythril.laser.ethereum.instructions [DEBUG]: Evaluating JUMPDEST at 72
mythril.laser.ethereum.instructions [DEBUG]: Evaluating JUMPDEST at 119
mythril.laser.ethereum.instructions [DEBUG]: Evaluating DUP1 at 31
mythril.laser.ethereum.instructions [DEBUG]: Evaluating DUP1 at 83
mythril.laser.ethereum.instructions [DEBUG]: Evaluating DUP1 at 70
mythril.laser.ethereum.instructions [DEBUG]: Evaluating POP at 73
mythril.laser.ethereum.instructions [DEBUG]: Evaluating PUSH1 at 120
mythril.laser.ethereum.instructions [DEBUG]: Evaluating REVERT at 32
mythril.laser.ethereum.svm [DEBUG]: Ending transaction MessageCallTransaction 1 from sender_1 to                                        0x0.
mythril.laser.ethereum.instructions [DEBUG]: Evaluating ISZERO at 84
mythril.laser.ethereum.instructions [DEBUG]: Evaluating REVERT at 71
mythril.laser.ethereum.svm [DEBUG]: Ending transaction MessageCallTransaction 1 from sender_1 to                                        0x0.
mythril.laser.ethereum.instructions [DEBUG]: Evaluating PUSH2 at 74
mythril.laser.ethereum.instructions [DEBUG]: Evaluating SLOAD at 121
mythril.laser.ethereum.instructions [DEBUG]: Evaluating PUSH2 at 85
mythril.laser.ethereum.instructions [DEBUG]: Evaluating PUSH20 at 75
mythril.laser.ethereum.instructions [DEBUG]: Evaluating DUP2 at 122
mythril.analysis.module.base [DEBUG]: Entering analysis module: TxOrigin
mythril.analysis.module.base [DEBUG]: Exiting analysis module: TxOrigin
mythril.analysis.module.base [DEBUG]: Entering analysis module: IntegerArithmetics
mythril.analysis.module.base [DEBUG]: Exiting analysis module: IntegerArithmetics
mythril.laser.ethereum.instructions [DEBUG]: Evaluating JUMPI at 86
mythril.laser.ethereum.instructions [DEBUG]: Evaluating PUSH1 at 76
mythril.laser.ethereum.instructions [DEBUG]: Evaluating JUMP at 123
mythril.laser.ethereum.instructions [DEBUG]: Evaluating PUSH1 at 87
mythril.laser.ethereum.instructions [DEBUG]: Evaluating JUMPDEST at 90
mythril.laser.ethereum.instructions [DEBUG]: Evaluating CALLDATALOAD at 77
mythril.laser.ethereum.instructions [DEBUG]: Evaluating JUMPDEST at 47
mythril.laser.ethereum.instructions [DEBUG]: Evaluating DUP1 at 88
mythril.laser.ethereum.instructions [DEBUG]: Evaluating POP at 91
mythril.laser.ethereum.instructions [DEBUG]: Evaluating AND at 78
mythril.laser.ethereum.instructions [DEBUG]: Evaluating PUSH1 at 48
mythril.laser.ethereum.instructions [DEBUG]: Evaluating REVERT at 89
mythril.laser.ethereum.svm [DEBUG]: Ending transaction MessageCallTransaction 1 from sender_1 to                                        0x0.
mythril.laser.ethereum.instructions [DEBUG]: Evaluating PUSH2 at 92
mythril.laser.ethereum.instructions [DEBUG]: Evaluating PUSH2 at 79
mythril.laser.ethereum.instructions [DEBUG]: Evaluating DUP1 at 49
mythril.laser.ethereum.instructions [DEBUG]: Evaluating PUSH20 at 93
mythril.laser.ethereum.instructions [DEBUG]: Evaluating JUMP at 80
mythril.laser.ethereum.instructions [DEBUG]: Evaluating MLOAD at 50
mythril.laser.ethereum.instructions [DEBUG]: Evaluating PUSH1 at 94
mythril.laser.ethereum.instructions [DEBUG]: Evaluating JUMPDEST at 124
mythril.laser.ethereum.instructions [DEBUG]: Evaluating SWAP2 at 51
mythril.laser.ethereum.instructions [DEBUG]: Evaluating CALLDATALOAD at 95
mythril.laser.ethereum.instructions [DEBUG]: Evaluating PUSH20 at 125
mythril.laser.ethereum.instructions [DEBUG]: Evaluating DUP3 at 52
mythril.laser.ethereum.instructions [DEBUG]: Evaluating AND at 96
mythril.laser.ethereum.instructions [DEBUG]: Evaluating AND at 126
mythril.laser.ethereum.instructions [DEBUG]: Evaluating MSTORE at 53
mythril.laser.ethereum.instructions [DEBUG]: Evaluating PUSH1 at 97
mythril.laser.ethereum.instructions [DEBUG]: Evaluating PUSH1 at 127
mythril.laser.ethereum.instructions [DEBUG]: Evaluating MLOAD at 54
mythril.laser.ethereum.instructions [DEBUG]: Evaluating CALLDATALOAD at 98
mythril.laser.ethereum.instructions [DEBUG]: Evaluating SWAP1 at 128
mythril.laser.ethereum.instructions [DEBUG]: Evaluating SWAP1 at 55
mythril.laser.ethereum.instructions [DEBUG]: Evaluating PUSH2 at 99
mythril.laser.ethereum.instructions [DEBUG]: Evaluating DUP2 at 129
mythril.laser.ethereum.instructions [DEBUG]: Evaluating DUP2 at 56
mythril.laser.ethereum.instructions [DEBUG]: Evaluating JUMP at 100
mythril.laser.ethereum.instructions [DEBUG]: Evaluating MSTORE at 130
mythril.laser.ethereum.instructions [DEBUG]: Evaluating SWAP1 at 57
mythril.laser.ethereum.instructions [DEBUG]: Evaluating JUMPDEST at 141
mythril.laser.ethereum.instructions [DEBUG]: Evaluating PUSH1 at 131
mythril.analysis.module.base [DEBUG]: Entering analysis module: IntegerArithmetics
mythril.analysis.module.base [DEBUG]: Exiting analysis module: IntegerArithmetics
mythril.laser.ethereum.instructions [DEBUG]: Evaluating SUB at 58
mythril.laser.ethereum.instructions [DEBUG]: Evaluating CALLER at 142
mythril.laser.ethereum.instructions [DEBUG]: Evaluating DUP2 at 132
mythril.laser.ethereum.instructions [DEBUG]: Evaluating PUSH1 at 59
mythril.laser.ethereum.instructions [DEBUG]: Evaluating PUSH1 at 143
mythril.laser.ethereum.instructions [DEBUG]: Evaluating SWAP1 at 133
mythril.analysis.module.base [DEBUG]: Entering analysis module: IntegerArithmetics
mythril.analysis.module.base [DEBUG]: Exiting analysis module: IntegerArithmetics
mythril.laser.ethereum.instructions [DEBUG]: Evaluating ADD at 60
mythril.laser.ethereum.instructions [DEBUG]: Evaluating SWAP1 at 144
mythril.laser.ethereum.instructions [DEBUG]: Evaluating MSTORE at 134
mythril.laser.ethereum.instructions [DEBUG]: Evaluating SWAP1 at 61
mythril.laser.ethereum.instructions [DEBUG]: Evaluating DUP2 at 145
mythril.laser.ethereum.instructions [DEBUG]: Evaluating PUSH1 at 135
mythril.analysis.module.base [DEBUG]: Entering analysis module: IntegerArithmetics
mythril.analysis.module.base [DEBUG]: Exiting analysis module: IntegerArithmetics
mythril.analysis.module.base [DEBUG]: Entering analysis module: UncheckedRetval
mythril.analysis.module.base [DEBUG]: Exiting analysis module: UncheckedRetval
mythril.laser.ethereum.instructions [DEBUG]: Evaluating RETURN at 62
mythril.laser.ethereum.svm [DEBUG]: Ending transaction MessageCallTransaction 1 from sender_1 to                                        0x0.
mythril.laser.ethereum.instructions [DEBUG]: Evaluating MSTORE at 146
mythril.laser.ethereum.instructions [DEBUG]: Evaluating SWAP1 at 136
mythril.laser.ethereum.instructions [DEBUG]: Evaluating PUSH1 at 147
mythril.laser.ethereum.instructions [DEBUG]: Evaluating SHA3 at 137
mythril.laser.ethereum.instructions [DEBUG]: Evaluating DUP2 at 148
mythril.laser.ethereum.instructions [DEBUG]: Evaluating SLOAD at 138
mythril.laser.ethereum.instructions [DEBUG]: Evaluating SWAP1 at 149
mythril.laser.ethereum.instructions [DEBUG]: Evaluating SWAP1 at 139
mythril.laser.ethereum.instructions [DEBUG]: Evaluating MSTORE at 150
mythril.laser.ethereum.instructions [DEBUG]: Evaluating JUMP at 140
mythril.laser.ethereum.instructions [DEBUG]: Evaluating PUSH1 at 151
mythril.laser.ethereum.instructions [DEBUG]: Evaluating JUMPDEST at 47
mythril.laser.ethereum.instructions [DEBUG]: Evaluating DUP2 at 152
mythril.laser.ethereum.instructions [DEBUG]: Evaluating PUSH1 at 48
mythril.laser.ethereum.instructions [DEBUG]: Evaluating SHA3 at 153
mythril.laser.ethereum.instructions [DEBUG]: Evaluating DUP1 at 49
mythril.laser.ethereum.instructions [DEBUG]: Evaluating SLOAD at 154
mythril.laser.ethereum.instructions [DEBUG]: Evaluating MLOAD at 50
mythril.laser.ethereum.instructions [DEBUG]: Evaluating DUP3 at 155
mythril.laser.ethereum.instructions [DEBUG]: Evaluating SWAP2 at 51
mythril.laser.ethereum.instructions [DEBUG]: Evaluating SWAP1 at 156
mythril.laser.ethereum.instructions [DEBUG]: Evaluating DUP3 at 52
mythril.analysis.module.base [DEBUG]: Entering analysis module: IntegerArithmetics
mythril.analysis.module.base [DEBUG]: Exiting analysis module: IntegerArithmetics
mythril.laser.ethereum.instructions [DEBUG]: Evaluating SUB at 157
mythril.laser.ethereum.instructions [DEBUG]: Evaluating MSTORE at 53
mythril.laser.ethereum.instructions [DEBUG]: Evaluating DUP2 at 158
mythril.laser.ethereum.instructions [DEBUG]: Evaluating MLOAD at 54
mythril.laser.ethereum.instructions [DEBUG]: Evaluating GT at 159
mythril.laser.ethereum.instructions [DEBUG]: Evaluating SWAP1 at 55
mythril.laser.ethereum.instructions [DEBUG]: Evaluating ISZERO at 160
mythril.laser.ethereum.instructions [DEBUG]: Evaluating DUP2 at 56
mythril.laser.ethereum.instructions [DEBUG]: Evaluating PUSH2 at 161
mythril.laser.ethereum.instructions [DEBUG]: Evaluating SWAP1 at 57
mythril.analysis.module.base [DEBUG]: Entering analysis module: TxOrigin
mythril.analysis.module.base [DEBUG]: Exiting analysis module: TxOrigin
mythril.analysis.module.base [DEBUG]: Entering analysis module: IntegerArithmetics
mythril.analysis.module.base [DEBUG]: Exiting analysis module: IntegerArithmetics
mythril.laser.ethereum.instructions [DEBUG]: Evaluating JUMPI at 162
mythril.laser.ethereum.instructions [DEBUG]: Pruned unreachable states.
mythril.analysis.module.base [DEBUG]: Entering analysis module: IntegerArithmetics
mythril.analysis.module.base [DEBUG]: Exiting analysis module: IntegerArithmetics
mythril.laser.ethereum.instructions [DEBUG]: Evaluating SUB at 58
mythril.laser.ethereum.instructions [DEBUG]: Evaluating JUMPDEST at 166
mythril.laser.ethereum.instructions [DEBUG]: Evaluating PUSH1 at 59
mythril.laser.ethereum.instructions [DEBUG]: Evaluating POP at 167
mythril.analysis.module.base [DEBUG]: Entering analysis module: IntegerArithmetics
mythril.analysis.module.base [DEBUG]: Exiting analysis module: IntegerArithmetics
mythril.laser.ethereum.instructions [DEBUG]: Evaluating ADD at 60
mythril.laser.ethereum.instructions [DEBUG]: Evaluating CALLER at 168
mythril.laser.ethereum.instructions [DEBUG]: Evaluating SWAP1 at 61
mythril.laser.ethereum.instructions [DEBUG]: Evaluating PUSH1 at 169
mythril.analysis.module.base [DEBUG]: Entering analysis module: IntegerArithmetics
mythril.analysis.module.base [DEBUG]: Exiting analysis module: IntegerArithmetics
mythril.analysis.module.base [DEBUG]: Entering analysis module: UncheckedRetval
mythril.analysis.module.base [DEBUG]: Exiting analysis module: UncheckedRetval
mythril.laser.ethereum.instructions [DEBUG]: Evaluating RETURN at 62
mythril.laser.ethereum.svm [DEBUG]: Ending transaction MessageCallTransaction 1 from sender_1 to                                        0x0.
mythril.laser.ethereum.instructions [DEBUG]: Evaluating SWAP1 at 170
mythril.laser.ethereum.instructions [DEBUG]: Evaluating DUP2 at 171
mythril.laser.ethereum.instructions [DEBUG]: Evaluating MSTORE at 172
mythril.laser.ethereum.instructions [DEBUG]: Evaluating PUSH1 at 173
mythril.laser.ethereum.instructions [DEBUG]: Evaluating DUP2 at 174
mythril.laser.ethereum.instructions [DEBUG]: Evaluating SWAP1 at 175
mythril.laser.ethereum.instructions [DEBUG]: Evaluating MSTORE at 176
mythril.laser.ethereum.instructions [DEBUG]: Evaluating PUSH1 at 177
mythril.laser.ethereum.instructions [DEBUG]: Evaluating DUP1 at 178
mythril.laser.ethereum.instructions [DEBUG]: Evaluating DUP3 at 179
mythril.laser.ethereum.instructions [DEBUG]: Evaluating SHA3 at 180
mythril.laser.ethereum.instructions [DEBUG]: Evaluating DUP1 at 181
mythril.laser.ethereum.instructions [DEBUG]: Evaluating SLOAD at 182
mythril.laser.ethereum.instructions [DEBUG]: Evaluating DUP5 at 183
mythril.laser.ethereum.instructions [DEBUG]: Evaluating SWAP1 at 184
mythril.analysis.module.base [DEBUG]: Entering analysis module: IntegerArithmetics
mythril.analysis.module.base [DEBUG]: Exiting analysis module: IntegerArithmetics
mythril.laser.ethereum.instructions [DEBUG]: Evaluating SUB at 185
mythril.laser.ethereum.instructions [DEBUG]: Evaluating SWAP1 at 186
mythril.analysis.module.base [DEBUG]: Entering analysis module: ArbitraryStorage
mythril.analysis.module.base [DEBUG]: Exiting analysis module: ArbitraryStorage
mythril.analysis.module.base [DEBUG]: Entering analysis module: IntegerArithmetics
mythril.analysis.module.base [DEBUG]: Exiting analysis module: IntegerArithmetics
mythril.analysis.module.base [DEBUG]: Entering analysis module: StateChangeAfterCall
mythril.analysis.module.base [DEBUG]: Exiting analysis module: StateChangeAfterCall
mythril.laser.ethereum.instructions [DEBUG]: Evaluating SSTORE at 187
mythril.laser.ethereum.instructions [DEBUG]: Evaluating PUSH20 at 188
mythril.laser.ethereum.instructions [DEBUG]: Evaluating DUP5 at 189
mythril.laser.ethereum.instructions [DEBUG]: Evaluating AND at 190
mythril.laser.ethereum.instructions [DEBUG]: Evaluating DUP3 at 191
mythril.laser.ethereum.instructions [DEBUG]: Evaluating MSTORE at 192
mythril.laser.ethereum.instructions [DEBUG]: Evaluating SWAP1 at 193
mythril.laser.ethereum.instructions [DEBUG]: Evaluating SHA3 at 194
mythril.laser.ethereum.instructions [DEBUG]: Evaluating DUP1 at 195
mythril.laser.ethereum.instructions [DEBUG]: Evaluating SLOAD at 196
mythril.laser.ethereum.instructions [DEBUG]: Evaluating DUP3 at 197
mythril.analysis.module.base [DEBUG]: Entering analysis module: IntegerArithmetics
mythril.analysis.module.base [DEBUG]: Exiting analysis module: IntegerArithmetics
mythril.laser.ethereum.instructions [DEBUG]: Evaluating ADD at 198
mythril.laser.ethereum.instructions [DEBUG]: Evaluating SWAP1 at 199
mythril.analysis.module.base [DEBUG]: Entering analysis module: ArbitraryStorage
mythril.analysis.module.base [DEBUG]: Exiting analysis module: ArbitraryStorage
mythril.analysis.module.base [DEBUG]: Entering analysis module: IntegerArithmetics
mythril.analysis.module.base [DEBUG]: Exiting analysis module: IntegerArithmetics
mythril.analysis.module.base [DEBUG]: Entering analysis module: StateChangeAfterCall
mythril.analysis.module.base [DEBUG]: Exiting analysis module: StateChangeAfterCall
mythril.laser.ethereum.instructions [DEBUG]: Evaluating SSTORE at 200
mythril.laser.ethereum.instructions [DEBUG]: Evaluating PUSH1 at 201
mythril.laser.ethereum.instructions [DEBUG]: Evaluating SWAP3 at 202
mythril.laser.ethereum.instructions [DEBUG]: Evaluating SWAP2 at 203
mythril.laser.ethereum.instructions [DEBUG]: Evaluating POP at 204
mythril.laser.ethereum.instructions [DEBUG]: Evaluating POP at 205
mythril.laser.ethereum.instructions [DEBUG]: Evaluating JUMP at 206
mythril.laser.ethereum.instructions [DEBUG]: Evaluating JUMPDEST at 101
mythril.laser.ethereum.instructions [DEBUG]: Evaluating PUSH1 at 102
mythril.laser.ethereum.instructions [DEBUG]: Evaluating DUP1 at 103
mythril.laser.ethereum.instructions [DEBUG]: Evaluating MLOAD at 104
mythril.laser.ethereum.instructions [DEBUG]: Evaluating SWAP2 at 105
mythril.laser.ethereum.instructions [DEBUG]: Evaluating ISZERO at 106
mythril.laser.ethereum.instructions [DEBUG]: Evaluating ISZERO at 107
mythril.laser.ethereum.instructions [DEBUG]: Evaluating DUP3 at 108
mythril.laser.ethereum.instructions [DEBUG]: Evaluating MSTORE at 109
mythril.laser.ethereum.instructions [DEBUG]: Evaluating MLOAD at 110
mythril.laser.ethereum.instructions [DEBUG]: Evaluating SWAP1 at 111
mythril.laser.ethereum.instructions [DEBUG]: Evaluating DUP2 at 112
mythril.laser.ethereum.instructions [DEBUG]: Evaluating SWAP1 at 113
mythril.analysis.module.base [DEBUG]: Entering analysis module: IntegerArithmetics
mythril.analysis.module.base [DEBUG]: Exiting analysis module: IntegerArithmetics
mythril.laser.ethereum.instructions [DEBUG]: Evaluating SUB at 114
mythril.laser.ethereum.instructions [DEBUG]: Evaluating PUSH1 at 115
mythril.analysis.module.base [DEBUG]: Entering analysis module: IntegerArithmetics
mythril.analysis.module.base [DEBUG]: Exiting analysis module: IntegerArithmetics
mythril.laser.ethereum.instructions [DEBUG]: Evaluating ADD at 116
mythril.laser.ethereum.instructions [DEBUG]: Evaluating SWAP1 at 117
mythril.analysis.module.base [DEBUG]: Entering analysis module: IntegerArithmetics
mythril.analysis.module.modules.integer [DEBUG]: Checking overflow in RETURN at transaction end address 244, ostate address 377
mythril.analysis.module.modules.integer [DEBUG]: Checking overflow in RETURN at transaction end address 244, ostate address 310
mythril.analysis.module.modules.integer [DEBUG]: Checking overflow in RETURN at transaction end address 244, ostate address 344
mythril.analysis.module.base [DEBUG]: Exiting analysis module: IntegerArithmetics
mythril.analysis.module.base [DEBUG]: Entering analysis module: UncheckedRetval
mythril.analysis.module.base [DEBUG]: Exiting analysis module: UncheckedRetval
mythril.laser.ethereum.instructions [DEBUG]: Evaluating RETURN at 118
mythril.laser.ethereum.svm [DEBUG]: Ending transaction MessageCallTransaction 1 from sender_1 to                                        0x0.
mythril.laser.plugin.plugins.coverage.coverage_plugin [INFO]: Number of new instructions covered in tx 0: 204
mythril.laser.ethereum.svm [INFO]: Starting message call transaction, iteration: 1, 1 initial states
mythril.laser.ethereum.instructions [DEBUG]: Evaluating PUSH1 at 0
mythril.laser.ethereum.instructions [DEBUG]: Evaluating PUSH1 at 1
mythril.laser.ethereum.instructions [DEBUG]: Evaluating MSTORE at 2
mythril.laser.ethereum.instructions [DEBUG]: Evaluating PUSH1 at 3
mythril.laser.ethereum.instructions [DEBUG]: Evaluating CALLDATASIZE at 4
mythril.laser.ethereum.instructions [DEBUG]: Evaluating LT at 5
mythril.laser.ethereum.instructions [DEBUG]: Evaluating PUSH2 at 6
mythril.analysis.module.base [DEBUG]: Entering analysis module: TxOrigin
mythril.analysis.module.base [DEBUG]: Exiting analysis module: TxOrigin
mythril.analysis.module.base [DEBUG]: Entering analysis module: IntegerArithmetics
mythril.analysis.module.base [DEBUG]: Exiting analysis module: IntegerArithmetics
mythril.laser.ethereum.instructions [DEBUG]: Evaluating JUMPI at 7
mythril.laser.ethereum.instructions [DEBUG]: Evaluating PUSH4 at 8
mythril.laser.ethereum.instructions [DEBUG]: Evaluating JUMPDEST at 29
mythril.laser.ethereum.instructions [DEBUG]: Evaluating PUSH29 at 9
mythril.laser.ethereum.instructions [DEBUG]: Evaluating PUSH1 at 30
mythril.laser.ethereum.instructions [DEBUG]: Evaluating PUSH1 at 10
mythril.laser.ethereum.instructions [DEBUG]: Evaluating DUP1 at 31
mythril.laser.ethereum.instructions [DEBUG]: Evaluating CALLDATALOAD at 11
mythril.laser.ethereum.instructions [DEBUG]: Evaluating REVERT at 32
mythril.laser.ethereum.svm [DEBUG]: Ending transaction MessageCallTransaction 2 from sender_2 to                                        0x0.
mythril.laser.ethereum.instructions [DEBUG]: Evaluating DIV at 12
mythril.laser.ethereum.instructions [DEBUG]: Evaluating AND at 13
mythril.laser.ethereum.instructions [DEBUG]: Evaluating PUSH4 at 14
mythril.laser.ethereum.instructions [DEBUG]: Evaluating DUP2 at 15
mythril.laser.ethereum.instructions [DEBUG]: Evaluating EQ at 16
mythril.laser.ethereum.instructions [DEBUG]: Evaluating PUSH2 at 17
mythril.analysis.module.base [DEBUG]: Entering analysis module: TxOrigin
mythril.analysis.module.base [DEBUG]: Exiting analysis module: TxOrigin
mythril.analysis.module.base [DEBUG]: Entering analysis module: IntegerArithmetics
mythril.analysis.module.base [DEBUG]: Exiting analysis module: IntegerArithmetics
mythril.laser.ethereum.instructions [DEBUG]: Evaluating JUMPI at 18
mythril.laser.ethereum.instructions [DEBUG]: Evaluating DUP1 at 19
mythril.laser.ethereum.instructions [DEBUG]: Evaluating JUMPDEST at 33
mythril.laser.ethereum.instructions [DEBUG]: Evaluating PUSH4 at 20
mythril.laser.ethereum.instructions [DEBUG]: Evaluating CALLVALUE at 34
mythril.laser.ethereum.instructions [DEBUG]: Evaluating EQ at 21
mythril.laser.ethereum.instructions [DEBUG]: Evaluating DUP1 at 35
mythril.laser.ethereum.instructions [DEBUG]: Evaluating PUSH2 at 22
mythril.laser.ethereum.instructions [DEBUG]: Evaluating ISZERO at 36
mythril.analysis.module.base [DEBUG]: Entering analysis module: TxOrigin
mythril.analysis.module.base [DEBUG]: Exiting analysis module: TxOrigin
mythril.analysis.module.base [DEBUG]: Entering analysis module: IntegerArithmetics
mythril.analysis.module.base [DEBUG]: Exiting analysis module: IntegerArithmetics
mythril.laser.ethereum.instructions [DEBUG]: Evaluating JUMPI at 23
mythril.laser.ethereum.svm [DEBUG]: - Entering function MAIN:unknown
mythril.laser.ethereum.instructions [DEBUG]: Evaluating PUSH2 at 37
mythril.laser.ethereum.instructions [DEBUG]: Evaluating DUP1 at 24
mythril.laser.ethereum.instructions [DEBUG]: Evaluating JUMPDEST at 63
mythril.analysis.module.base [DEBUG]: Entering analysis module: TxOrigin
mythril.analysis.module.base [DEBUG]: Exiting analysis module: TxOrigin
mythril.analysis.module.base [DEBUG]: Entering analysis module: IntegerArithmetics
mythril.analysis.module.base [DEBUG]: Exiting analysis module: IntegerArithmetics
mythril.laser.ethereum.instructions [DEBUG]: Evaluating JUMPI at 38
mythril.laser.ethereum.instructions [DEBUG]: Evaluating PUSH4 at 25
mythril.laser.ethereum.instructions [DEBUG]: Evaluating CALLVALUE at 64
mythril.laser.ethereum.instructions [DEBUG]: Evaluating PUSH1 at 39
mythril.laser.ethereum.instructions [DEBUG]: Evaluating JUMPDEST at 42
mythril.laser.ethereum.instructions [DEBUG]: Evaluating EQ at 26
mythril.laser.ethereum.instructions [DEBUG]: Evaluating DUP1 at 65
mythril.laser.ethereum.instructions [DEBUG]: Evaluating DUP1 at 40
mythril.laser.ethereum.instructions [DEBUG]: Evaluating POP at 43
mythril.laser.ethereum.instructions [DEBUG]: Evaluating PUSH2 at 27
mythril.laser.ethereum.instructions [DEBUG]: Evaluating ISZERO at 66
mythril.laser.ethereum.instructions [DEBUG]: Evaluating REVERT at 41
mythril.laser.ethereum.svm [DEBUG]: Ending transaction MessageCallTransaction 2 from sender_2 to                                        0x0.
mythril.laser.ethereum.instructions [DEBUG]: Evaluating PUSH2 at 44
mythril.analysis.module.base [DEBUG]: Entering analysis module: TxOrigin
mythril.analysis.module.base [DEBUG]: Exiting analysis module: TxOrigin
mythril.analysis.module.base [DEBUG]: Entering analysis module: IntegerArithmetics
mythril.analysis.module.base [DEBUG]: Exiting analysis module: IntegerArithmetics
mythril.laser.ethereum.instructions [DEBUG]: Evaluating JUMPI at 28
mythril.laser.plugin.plugins.dependency_pruner [DEBUG]: Skipping state: Storage slots {keccak256_512(Concat(sender_1, 0)), keccak256_512(Concat(0,
                     If(1_calldatasize <= 16,
                        0,
                        1_calldata[16]),
                     If(1_calldatasize <= 17,
                        0,
                        1_calldata[17]),
                     If(1_calldatasize <= 18,
                        0,
                        1_calldata[18]),
                     If(1_calldatasize <= 19,
                        0,
                        1_calldata[19]),
                     If(1_calldatasize <= 20,
                        0,
                        1_calldata[20]),
                     If(1_calldatasize <= 21,
                        0,
                        1_calldata[21]),
                     If(1_calldatasize <= 22,
                        0,
                        1_calldata[22]),
                     If(1_calldatasize <= 23,
                        0,
                        1_calldata[23]),
                     If(1_calldatasize <= 24,
                        0,
                        1_calldata[24]),
                     If(1_calldatasize <= 25,
                        0,
                        1_calldata[25]),
                     If(1_calldatasize <= 26,
                        0,
                        1_calldata[26]),
                     If(1_calldatasize <= 27,
                        0,
                        1_calldata[27]),
                     If(1_calldatasize <= 28,
                        0,
                        1_calldata[28]),
                     If(1_calldatasize <= 29,
                        0,
                        1_calldata[29]),
                     If(1_calldatasize <= 30,
                        0,
                        1_calldata[30]),
                     If(1_calldatasize <= 31,
                        0,
                        1_calldata[31]),
                     If(1_calldatasize <= 32,
                        0,
                        1_calldata[32]),
                     If(1_calldatasize <= 33,
                        0,
                        1_calldata[33]),
                     If(1_calldatasize <= 34,
                        0,
                        1_calldata[34]),
                     If(1_calldatasize <= 35,
                        0,
                        1_calldata[35]),
                     0))} not read in block at address 86, function
mythril.laser.ethereum.svm [DEBUG]: - Entering function MAIN:unknown
mythril.laser.ethereum.instructions [DEBUG]: Evaluating PUSH2 at 67
mythril.laser.ethereum.instructions [DEBUG]: Evaluating PUSH2 at 45
mythril.laser.ethereum.instructions [DEBUG]: Evaluating JUMPDEST at 81
mythril.analysis.module.base [DEBUG]: Entering analysis module: TxOrigin
mythril.analysis.module.base [DEBUG]: Exiting analysis module: TxOrigin
mythril.analysis.module.base [DEBUG]: Entering analysis module: IntegerArithmetics
mythril.analysis.module.base [DEBUG]: Exiting analysis module: IntegerArithmetics
mythril.laser.ethereum.instructions [DEBUG]: Evaluating JUMPI at 68
mythril.laser.ethereum.instructions [DEBUG]: Evaluating JUMP at 46
mythril.laser.ethereum.instructions [DEBUG]: Evaluating CALLVALUE at 82
mythril.laser.ethereum.instructions [DEBUG]: Evaluating PUSH1 at 69
mythril.laser.ethereum.instructions [DEBUG]: Evaluating JUMPDEST at 72
mythril.laser.ethereum.instructions [DEBUG]: Evaluating JUMPDEST at 119
mythril.laser.ethereum.instructions [DEBUG]: Evaluating DUP1 at 83
mythril.laser.ethereum.instructions [DEBUG]: Evaluating DUP1 at 70
mythril.laser.ethereum.instructions [DEBUG]: Evaluating POP at 73
mythril.laser.ethereum.instructions [DEBUG]: Evaluating PUSH1 at 120
mythril.laser.ethereum.instructions [DEBUG]: Evaluating ISZERO at 84
mythril.laser.ethereum.instructions [DEBUG]: Evaluating REVERT at 71
mythril.laser.ethereum.svm [DEBUG]: Ending transaction MessageCallTransaction 2 from sender_2 to                                        0x0.
mythril.laser.ethereum.instructions [DEBUG]: Evaluating PUSH2 at 74
mythril.laser.ethereum.instructions [DEBUG]: Evaluating SLOAD at 121
mythril.laser.ethereum.instructions [DEBUG]: Evaluating PUSH2 at 85
mythril.laser.ethereum.instructions [DEBUG]: Evaluating PUSH20 at 75
mythril.laser.ethereum.instructions [DEBUG]: Evaluating DUP2 at 122
mythril.analysis.module.base [DEBUG]: Entering analysis module: TxOrigin
mythril.analysis.module.base [DEBUG]: Exiting analysis module: TxOrigin
mythril.analysis.module.base [DEBUG]: Entering analysis module: IntegerArithmetics
mythril.analysis.module.base [DEBUG]: Exiting analysis module: IntegerArithmetics
mythril.laser.ethereum.instructions [DEBUG]: Evaluating JUMPI at 86
mythril.laser.ethereum.instructions [DEBUG]: Evaluating PUSH1 at 76
mythril.laser.ethereum.instructions [DEBUG]: Evaluating JUMP at 123
mythril.laser.ethereum.instructions [DEBUG]: Evaluating PUSH1 at 87
mythril.laser.ethereum.instructions [DEBUG]: Evaluating JUMPDEST at 90
mythril.laser.ethereum.instructions [DEBUG]: Evaluating CALLDATALOAD at 77
mythril.laser.ethereum.instructions [DEBUG]: Evaluating JUMPDEST at 47
mythril.laser.ethereum.instructions [DEBUG]: Evaluating DUP1 at 88
mythril.laser.ethereum.instructions [DEBUG]: Evaluating POP at 91
mythril.laser.ethereum.instructions [DEBUG]: Evaluating AND at 78
mythril.laser.ethereum.instructions [DEBUG]: Evaluating PUSH1 at 48
mythril.laser.ethereum.instructions [DEBUG]: Evaluating REVERT at 89
mythril.laser.ethereum.svm [DEBUG]: Ending transaction MessageCallTransaction 2 from sender_2 to                                        0x0.
mythril.laser.ethereum.instructions [DEBUG]: Evaluating PUSH2 at 92
mythril.laser.ethereum.instructions [DEBUG]: Evaluating PUSH2 at 79
mythril.laser.ethereum.instructions [DEBUG]: Evaluating DUP1 at 49
mythril.laser.ethereum.instructions [DEBUG]: Evaluating PUSH20 at 93
mythril.laser.ethereum.instructions [DEBUG]: Evaluating JUMP at 80
mythril.laser.ethereum.instructions [DEBUG]: Evaluating MLOAD at 50
mythril.laser.ethereum.instructions [DEBUG]: Evaluating PUSH1 at 94
mythril.laser.ethereum.instructions [DEBUG]: Evaluating JUMPDEST at 124
mythril.laser.ethereum.instructions [DEBUG]: Evaluating SWAP2 at 51
mythril.laser.ethereum.instructions [DEBUG]: Evaluating CALLDATALOAD at 95
mythril.laser.ethereum.instructions [DEBUG]: Evaluating PUSH20 at 125
mythril.laser.ethereum.instructions [DEBUG]: Evaluating DUP3 at 52
mythril.laser.ethereum.instructions [DEBUG]: Evaluating AND at 96
mythril.laser.ethereum.instructions [DEBUG]: Evaluating AND at 126
mythril.laser.ethereum.instructions [DEBUG]: Evaluating MSTORE at 53
mythril.laser.ethereum.instructions [DEBUG]: Evaluating PUSH1 at 97
mythril.laser.ethereum.instructions [DEBUG]: Evaluating PUSH1 at 127
mythril.laser.ethereum.instructions [DEBUG]: Evaluating MLOAD at 54
mythril.laser.ethereum.instructions [DEBUG]: Evaluating CALLDATALOAD at 98
mythril.laser.ethereum.instructions [DEBUG]: Evaluating SWAP1 at 128
mythril.laser.ethereum.instructions [DEBUG]: Evaluating SWAP1 at 55
mythril.laser.ethereum.instructions [DEBUG]: Evaluating PUSH2 at 99
mythril.laser.ethereum.instructions [DEBUG]: Evaluating DUP2 at 129
mythril.laser.ethereum.instructions [DEBUG]: Evaluating DUP2 at 56
mythril.laser.ethereum.instructions [DEBUG]: Evaluating JUMP at 100
mythril.laser.ethereum.instructions [DEBUG]: Evaluating MSTORE at 130
mythril.laser.ethereum.instructions [DEBUG]: Evaluating SWAP1 at 57
mythril.laser.ethereum.instructions [DEBUG]: Evaluating JUMPDEST at 141
mythril.laser.ethereum.instructions [DEBUG]: Evaluating PUSH1 at 131
mythril.analysis.module.base [DEBUG]: Entering analysis module: IntegerArithmetics
mythril.analysis.module.base [DEBUG]: Exiting analysis module: IntegerArithmetics
mythril.laser.ethereum.instructions [DEBUG]: Evaluating SUB at 58
mythril.laser.ethereum.instructions [DEBUG]: Evaluating CALLER at 142
mythril.laser.ethereum.instructions [DEBUG]: Evaluating DUP2 at 132
mythril.laser.ethereum.instructions [DEBUG]: Evaluating PUSH1 at 59
mythril.laser.ethereum.instructions [DEBUG]: Evaluating PUSH1 at 143
mythril.laser.ethereum.instructions [DEBUG]: Evaluating SWAP1 at 133
mythril.analysis.module.base [DEBUG]: Entering analysis module: IntegerArithmetics
mythril.analysis.module.base [DEBUG]: Exiting analysis module: IntegerArithmetics
mythril.laser.ethereum.instructions [DEBUG]: Evaluating ADD at 60
mythril.laser.ethereum.instructions [DEBUG]: Evaluating SWAP1 at 144
mythril.laser.ethereum.instructions [DEBUG]: Evaluating MSTORE at 134
mythril.laser.ethereum.instructions [DEBUG]: Evaluating SWAP1 at 61
mythril.laser.ethereum.instructions [DEBUG]: Evaluating DUP2 at 145
mythril.laser.ethereum.instructions [DEBUG]: Evaluating PUSH1 at 135
mythril.analysis.module.base [DEBUG]: Entering analysis module: IntegerArithmetics
mythril.analysis.module.base [DEBUG]: Exiting analysis module: IntegerArithmetics
mythril.analysis.module.base [DEBUG]: Entering analysis module: UncheckedRetval
mythril.analysis.module.base [DEBUG]: Exiting analysis module: UncheckedRetval
mythril.laser.ethereum.instructions [DEBUG]: Evaluating RETURN at 62
mythril.laser.ethereum.svm [DEBUG]: Ending transaction MessageCallTransaction 2 from sender_2 to                                        0x0.
mythril.laser.ethereum.instructions [DEBUG]: Evaluating MSTORE at 146
mythril.laser.ethereum.instructions [DEBUG]: Evaluating SWAP1 at 136
mythril.laser.ethereum.instructions [DEBUG]: Evaluating PUSH1 at 147
mythril.laser.ethereum.instructions [DEBUG]: Evaluating SHA3 at 137
mythril.laser.ethereum.instructions [DEBUG]: Evaluating DUP2 at 148
mythril.laser.ethereum.instructions [DEBUG]: Evaluating SLOAD at 138
mythril.laser.ethereum.instructions [DEBUG]: Evaluating SWAP1 at 149
mythril.laser.ethereum.instructions [DEBUG]: Evaluating SWAP1 at 139
mythril.laser.ethereum.instructions [DEBUG]: Evaluating MSTORE at 150
mythril.laser.ethereum.instructions [DEBUG]: Evaluating JUMP at 140
mythril.laser.ethereum.instructions [DEBUG]: Evaluating PUSH1 at 151
mythril.laser.ethereum.instructions [DEBUG]: Evaluating JUMPDEST at 47
mythril.laser.ethereum.instructions [DEBUG]: Evaluating DUP2 at 152
mythril.laser.ethereum.instructions [DEBUG]: Evaluating PUSH1 at 48
mythril.laser.ethereum.instructions [DEBUG]: Evaluating SHA3 at 153
mythril.laser.ethereum.instructions [DEBUG]: Evaluating DUP1 at 49
mythril.laser.ethereum.instructions [DEBUG]: Evaluating SLOAD at 154
mythril.laser.ethereum.instructions [DEBUG]: Evaluating MLOAD at 50
mythril.laser.ethereum.instructions [DEBUG]: Evaluating DUP3 at 155
mythril.laser.ethereum.instructions [DEBUG]: Evaluating SWAP2 at 51
mythril.laser.ethereum.instructions [DEBUG]: Evaluating SWAP1 at 156
mythril.laser.ethereum.instructions [DEBUG]: Evaluating DUP3 at 52
mythril.analysis.module.base [DEBUG]: Entering analysis module: IntegerArithmetics
mythril.analysis.module.base [DEBUG]: Exiting analysis module: IntegerArithmetics
mythril.laser.ethereum.instructions [DEBUG]: Evaluating SUB at 157
mythril.laser.ethereum.instructions [DEBUG]: Evaluating MSTORE at 53
mythril.laser.ethereum.instructions [DEBUG]: Evaluating DUP2 at 158
mythril.laser.ethereum.instructions [DEBUG]: Evaluating MLOAD at 54
mythril.laser.ethereum.instructions [DEBUG]: Evaluating GT at 159
mythril.laser.ethereum.instructions [DEBUG]: Evaluating SWAP1 at 55
mythril.laser.ethereum.instructions [DEBUG]: Evaluating ISZERO at 160
mythril.laser.ethereum.instructions [DEBUG]: Evaluating DUP2 at 56
mythril.laser.ethereum.instructions [DEBUG]: Evaluating PUSH2 at 161
mythril.laser.ethereum.instructions [DEBUG]: Evaluating SWAP1 at 57
mythril.analysis.module.base [DEBUG]: Entering analysis module: TxOrigin
mythril.analysis.module.base [DEBUG]: Exiting analysis module: TxOrigin
mythril.analysis.module.base [DEBUG]: Entering analysis module: IntegerArithmetics
mythril.analysis.module.base [DEBUG]: Exiting analysis module: IntegerArithmetics
mythril.laser.ethereum.instructions [DEBUG]: Evaluating JUMPI at 162
mythril.laser.ethereum.instructions [DEBUG]: Pruned unreachable states.
mythril.analysis.module.base [DEBUG]: Entering analysis module: IntegerArithmetics
mythril.analysis.module.base [DEBUG]: Exiting analysis module: IntegerArithmetics
mythril.laser.ethereum.instructions [DEBUG]: Evaluating SUB at 58
mythril.laser.ethereum.instructions [DEBUG]: Evaluating JUMPDEST at 166
mythril.laser.ethereum.instructions [DEBUG]: Evaluating PUSH1 at 59
mythril.laser.ethereum.instructions [DEBUG]: Evaluating POP at 167
mythril.analysis.module.base [DEBUG]: Entering analysis module: IntegerArithmetics
mythril.analysis.module.base [DEBUG]: Exiting analysis module: IntegerArithmetics
mythril.laser.ethereum.instructions [DEBUG]: Evaluating ADD at 60
mythril.laser.ethereum.instructions [DEBUG]: Evaluating CALLER at 168
mythril.laser.ethereum.instructions [DEBUG]: Evaluating SWAP1 at 61
mythril.laser.ethereum.instructions [DEBUG]: Evaluating PUSH1 at 169
mythril.analysis.module.base [DEBUG]: Entering analysis module: IntegerArithmetics
mythril.analysis.module.base [DEBUG]: Exiting analysis module: IntegerArithmetics
mythril.analysis.module.base [DEBUG]: Entering analysis module: UncheckedRetval
mythril.analysis.module.base [DEBUG]: Exiting analysis module: UncheckedRetval
mythril.laser.ethereum.instructions [DEBUG]: Evaluating RETURN at 62
mythril.laser.ethereum.svm [DEBUG]: Ending transaction MessageCallTransaction 2 from sender_2 to                                        0x0.
mythril.laser.ethereum.instructions [DEBUG]: Evaluating SWAP1 at 170
mythril.laser.ethereum.instructions [DEBUG]: Evaluating DUP2 at 171
mythril.laser.ethereum.instructions [DEBUG]: Evaluating MSTORE at 172
mythril.laser.ethereum.instructions [DEBUG]: Evaluating PUSH1 at 173
mythril.laser.ethereum.instructions [DEBUG]: Evaluating DUP2 at 174
mythril.laser.ethereum.instructions [DEBUG]: Evaluating SWAP1 at 175
mythril.laser.ethereum.instructions [DEBUG]: Evaluating MSTORE at 176
mythril.laser.ethereum.instructions [DEBUG]: Evaluating PUSH1 at 177
mythril.laser.ethereum.instructions [DEBUG]: Evaluating DUP1 at 178
mythril.laser.ethereum.instructions [DEBUG]: Evaluating DUP3 at 179
mythril.laser.ethereum.instructions [DEBUG]: Evaluating SHA3 at 180
mythril.laser.ethereum.instructions [DEBUG]: Evaluating DUP1 at 181
mythril.laser.ethereum.instructions [DEBUG]: Evaluating SLOAD at 182
mythril.laser.ethereum.instructions [DEBUG]: Evaluating DUP5 at 183
mythril.laser.ethereum.instructions [DEBUG]: Evaluating SWAP1 at 184
mythril.analysis.module.base [DEBUG]: Entering analysis module: IntegerArithmetics
mythril.analysis.module.base [DEBUG]: Exiting analysis module: IntegerArithmetics
mythril.laser.ethereum.instructions [DEBUG]: Evaluating SUB at 185
mythril.laser.ethereum.instructions [DEBUG]: Evaluating SWAP1 at 186
mythril.analysis.module.base [DEBUG]: Entering analysis module: ArbitraryStorage
mythril.analysis.module.base [DEBUG]: Exiting analysis module: ArbitraryStorage
mythril.analysis.module.base [DEBUG]: Entering analysis module: IntegerArithmetics
mythril.analysis.module.base [DEBUG]: Exiting analysis module: IntegerArithmetics
mythril.analysis.module.base [DEBUG]: Entering analysis module: StateChangeAfterCall
mythril.analysis.module.base [DEBUG]: Exiting analysis module: StateChangeAfterCall
mythril.laser.ethereum.instructions [DEBUG]: Evaluating SSTORE at 187
mythril.laser.ethereum.instructions [DEBUG]: Evaluating PUSH20 at 188
mythril.laser.ethereum.instructions [DEBUG]: Evaluating DUP5 at 189
mythril.laser.ethereum.instructions [DEBUG]: Evaluating AND at 190
mythril.laser.ethereum.instructions [DEBUG]: Evaluating DUP3 at 191
mythril.laser.ethereum.instructions [DEBUG]: Evaluating MSTORE at 192
mythril.laser.ethereum.instructions [DEBUG]: Evaluating SWAP1 at 193
mythril.laser.ethereum.instructions [DEBUG]: Evaluating SHA3 at 194
mythril.laser.ethereum.instructions [DEBUG]: Evaluating DUP1 at 195
mythril.laser.ethereum.instructions [DEBUG]: Evaluating SLOAD at 196
mythril.laser.ethereum.instructions [DEBUG]: Evaluating DUP3 at 197
mythril.analysis.module.base [DEBUG]: Entering analysis module: IntegerArithmetics
mythril.analysis.module.base [DEBUG]: Exiting analysis module: IntegerArithmetics
mythril.laser.ethereum.instructions [DEBUG]: Evaluating ADD at 198
mythril.laser.ethereum.instructions [DEBUG]: Evaluating SWAP1 at 199
mythril.analysis.module.base [DEBUG]: Entering analysis module: ArbitraryStorage
mythril.analysis.module.base [DEBUG]: Exiting analysis module: ArbitraryStorage
mythril.analysis.module.base [DEBUG]: Entering analysis module: IntegerArithmetics
mythril.analysis.module.base [DEBUG]: Exiting analysis module: IntegerArithmetics
mythril.analysis.module.base [DEBUG]: Entering analysis module: StateChangeAfterCall
mythril.analysis.module.base [DEBUG]: Exiting analysis module: StateChangeAfterCall
mythril.laser.ethereum.instructions [DEBUG]: Evaluating SSTORE at 200
mythril.laser.ethereum.instructions [DEBUG]: Evaluating PUSH1 at 201
mythril.laser.ethereum.instructions [DEBUG]: Evaluating SWAP3 at 202
mythril.laser.ethereum.instructions [DEBUG]: Evaluating SWAP2 at 203
mythril.laser.ethereum.instructions [DEBUG]: Evaluating POP at 204
mythril.laser.ethereum.instructions [DEBUG]: Evaluating POP at 205
mythril.laser.ethereum.instructions [DEBUG]: Evaluating JUMP at 206
mythril.laser.ethereum.instructions [DEBUG]: Evaluating JUMPDEST at 101
mythril.laser.ethereum.instructions [DEBUG]: Evaluating PUSH1 at 102
mythril.laser.ethereum.instructions [DEBUG]: Evaluating DUP1 at 103
mythril.laser.ethereum.instructions [DEBUG]: Evaluating MLOAD at 104
mythril.laser.ethereum.instructions [DEBUG]: Evaluating SWAP2 at 105
mythril.laser.ethereum.instructions [DEBUG]: Evaluating ISZERO at 106
mythril.laser.ethereum.instructions [DEBUG]: Evaluating ISZERO at 107
mythril.laser.ethereum.instructions [DEBUG]: Evaluating DUP3 at 108
mythril.laser.ethereum.instructions [DEBUG]: Evaluating MSTORE at 109
mythril.laser.ethereum.instructions [DEBUG]: Evaluating MLOAD at 110
mythril.laser.ethereum.instructions [DEBUG]: Evaluating SWAP1 at 111
mythril.laser.ethereum.instructions [DEBUG]: Evaluating DUP2 at 112
mythril.laser.ethereum.instructions [DEBUG]: Evaluating SWAP1 at 113
mythril.analysis.module.base [DEBUG]: Entering analysis module: IntegerArithmetics
mythril.analysis.module.base [DEBUG]: Exiting analysis module: IntegerArithmetics
mythril.laser.ethereum.instructions [DEBUG]: Evaluating SUB at 114
mythril.laser.ethereum.instructions [DEBUG]: Evaluating PUSH1 at 115
mythril.analysis.module.base [DEBUG]: Entering analysis module: IntegerArithmetics
mythril.analysis.module.base [DEBUG]: Exiting analysis module: IntegerArithmetics
mythril.laser.ethereum.instructions [DEBUG]: Evaluating ADD at 116
mythril.laser.ethereum.instructions [DEBUG]: Evaluating SWAP1 at 117
mythril.analysis.module.base [DEBUG]: Entering analysis module: IntegerArithmetics
mythril.analysis.module.base [DEBUG]: Exiting analysis module: IntegerArithmetics
mythril.analysis.module.base [DEBUG]: Entering analysis module: UncheckedRetval
mythril.analysis.module.base [DEBUG]: Exiting analysis module: UncheckedRetval
mythril.laser.ethereum.instructions [DEBUG]: Evaluating RETURN at 118
mythril.laser.ethereum.svm [DEBUG]: Ending transaction MessageCallTransaction 2 from sender_2 to                                        0x0.
mythril.laser.plugin.plugins.coverage.coverage_plugin [INFO]: Number of new instructions covered in tx 1: 0
mythril.laser.ethereum.svm [INFO]: Finished symbolic execution
mythril.laser.plugin.plugins.coverage.coverage_plugin [INFO]: Achieved 98.08% coverage for code: 6080604052600436106100565763ffffffff7c010000000000000000000000000000000000000000000000000000000060003504166318160ddd811461005b57806370a0823114610082578063a9059cbb146100b0575b600080fd5b34801561006757600080fd5b506100706100f5565b60408051918252519081900360200190f35b34801561008e57600080fd5b5061007073ffffffffffffffffffffffffffffffffffffffff600435166100fb565b3480156100bc57600080fd5b506100e173ffffffffffffffffffffffffffffffffffffffff60043516602435610123565b604080519115158252519081900360200190f35b60015481565b73ffffffffffffffffffffffffffffffffffffffff1660009081526020819052604090205490565b3360009081526020819052604081205482900381111561014257600080fd5b50336000908152602081905260408082208054849003905573ffffffffffffffffffffffffffffffffffffffff8416825290208054820190556001929150505600a165627a7a72305820ef4bc9fe6715acf05bac8862263c17b46163d4c27e86c019e3a084af756306270029
mythril.laser.plugin.plugins.instruction_profiler [INFO]: Total: 1.0665431022644043 s
[ADD         ]   0.4639 %,  nr      8,  total   0.0049 s,  avg   0.0006 s,  min   0.0006 s,  max   0.0007 s
[AND         ]   0.4807 %,  nr     10,  total   0.0051 s,  avg   0.0005 s,  min   0.0005 s,  max   0.0005 s
[CALLDATALOAD]   9.2130 %,  nr      8,  total   0.0983 s,  avg   0.0123 s,  min   0.0119 s,  max   0.0126 s
[CALLDATASIZE]   0.0849 %,  nr      2,  total   0.0009 s,  avg   0.0005 s,  min   0.0004 s,  max   0.0005 s
[CALLER      ]   0.1811 %,  nr      4,  total   0.0019 s,  avg   0.0005 s,  min   0.0005 s,  max   0.0005 s
[CALLVALUE   ]   0.2761 %,  nr      6,  total   0.0029 s,  avg   0.0005 s,  min   0.0005 s,  max   0.0005 s
[DIV         ]   0.1493 %,  nr      2,  total   0.0016 s,  avg   0.0008 s,  min   0.0008 s,  max   0.0008 s
[DUP1        ]   1.6110 %,  nr     31,  total   0.0172 s,  avg   0.0006 s,  min   0.0005 s,  max   0.0008 s
[DUP2        ]   1.2387 %,  nr     26,  total   0.0132 s,  avg   0.0005 s,  min   0.0005 s,  max   0.0008 s
[DUP3        ]   0.6571 %,  nr     14,  total   0.0070 s,  avg   0.0005 s,  min   0.0005 s,  max   0.0006 s
[DUP5        ]   0.1806 %,  nr      4,  total   0.0019 s,  avg   0.0005 s,  min   0.0005 s,  max   0.0005 s
[EQ          ]   0.3205 %,  nr      6,  total   0.0034 s,  avg   0.0006 s,  min   0.0005 s,  max   0.0006 s
[GT          ]   0.1337 %,  nr      2,  total   0.0014 s,  avg   0.0007 s,  min   0.0007 s,  max   0.0008 s
[ISZERO      ]   0.7318 %,  nr     12,  total   0.0078 s,  avg   0.0007 s,  min   0.0006 s,  max   0.0007 s
[JUMP        ]   1.1429 %,  nr     12,  total   0.0122 s,  avg   0.0010 s,  min   0.0009 s,  max   0.0013 s
[JUMPDEST    ]   1.6434 %,  nr     29,  total   0.0175 s,  avg   0.0006 s,  min   0.0005 s,  max   0.0020 s
[JUMPI       ]   2.6071 %,  nr     16,  total   0.0278 s,  avg   0.0017 s,  min   0.0012 s,  max   0.0024 s
[LT          ]   0.1018 %,  nr      2,  total   0.0011 s,  avg   0.0005 s,  min   0.0005 s,  max   0.0005 s
[MLOAD       ]  16.2220 %,  nr     12,  total   0.1730 s,  avg   0.0144 s,  min   0.0139 s,  max   0.0151 s
[MSTORE      ]  29.9422 %,  nr     22,  total   0.3193 s,  avg   0.0145 s,  min   0.0090 s,  max   0.0200 s
[POP         ]   0.5281 %,  nr     12,  total   0.0056 s,  avg   0.0005 s,  min   0.0005 s,  max   0.0005 s
[PUSH1       ]   3.1177 %,  nr     57,  total   0.0333 s,  avg   0.0006 s,  min   0.0005 s,  max   0.0027 s
[PUSH2       ]   1.4218 %,  nr     28,  total   0.0152 s,  avg   0.0005 s,  min   0.0005 s,  max   0.0008 s
[PUSH20      ]   0.4116 %,  nr      8,  total   0.0044 s,  avg   0.0005 s,  min   0.0005 s,  max   0.0006 s
[PUSH29      ]   0.1036 %,  nr      2,  total   0.0011 s,  avg   0.0006 s,  min   0.0005 s,  max   0.0006 s
[PUSH4       ]   0.4742 %,  nr      8,  total   0.0051 s,  avg   0.0006 s,  min   0.0005 s,  max   0.0009 s
[SHA3        ]  22.4515 %,  nr      8,  total   0.2395 s,  avg   0.0299 s,  min   0.0287 s,  max   0.0312 s
[SLOAD       ]   0.6531 %,  nr     10,  total   0.0070 s,  avg   0.0007 s,  min   0.0006 s,  max   0.0008 s
[SSTORE      ]   0.2425 %,  nr      4,  total   0.0026 s,  avg   0.0006 s,  min   0.0006 s,  max   0.0007 s
[SUB         ]   0.6069 %,  nr     10,  total   0.0065 s,  avg   0.0006 s,  min   0.0005 s,  max   0.0008 s
[SWAP1       ]   2.1328 %,  nr     44,  total   0.0227 s,  avg   0.0005 s,  min   0.0005 s,  max   0.0007 s
[SWAP2       ]   0.3844 %,  nr      8,  total   0.0041 s,  avg   0.0005 s,  min   0.0005 s,  max   0.0006 s
[SWAP3       ]   0.0898 %,  nr      2,  total   0.0010 s,  avg   0.0005 s,  min   0.0005 s,  max   0.0005 s

mythril.analysis.security [INFO]: Starting analysis
mythril.analysis.security [DEBUG]: Retrieving results for Caller can write to arbitrary storage locations
mythril.analysis.security [DEBUG]: Retrieving results for Delegatecall to a user-specified address
mythril.analysis.security [DEBUG]: Retrieving results for Control flow depends on tx.origin
mythril.analysis.security [DEBUG]: Retrieving results for Any sender can withdraw ETH from the contract account
mythril.analysis.security [DEBUG]: Retrieving results for Integer overflow or underflow
mythril.analysis.security [DEBUG]: Retrieving results for State change after an external call
mythril.analysis.security [DEBUG]: Retrieving results for Contract can be accidentally killed by anyone
mythril.analysis.security [DEBUG]: Retrieving results for Return value of an external call is not checked
mythril.mythril.mythril_analyzer [INFO]: Solver statistics: 
Query count: 55 
Solver time: 3.504138469696045
{"error": null, "issues": [{"address": 377, "contract": "MAIN", "description": "The arithmetic operator can overflow.\nIt is possible to cause an integer overflow or underflow in the arithmetic operation. ", "function": "many_msg_babbage(bytes1)", "max_gas_used": 53782, "min_gas_used": 12931, "severity": "High", "sourceMap": 377, "swc-id": "101", "title": "Integer Arithmetic Bugs (addition)", "tx_sequence": {"initialState": {"accounts": {"0x0": {"balance": "0x0", "code": "6080604052600436106100565763ffffffff7c010000000000000000000000000000000000000000000000000000000060003504166318160ddd811461005b57806370a0823114610082578063a9059cbb146100b0575b600080fd5b34801561006757600080fd5b506100706100f5565b60408051918252519081900360200190f35b34801561008e57600080fd5b5061007073ffffffffffffffffffffffffffffffffffffffff600435166100fb565b3480156100bc57600080fd5b506100e173ffffffffffffffffffffffffffffffffffffffff60043516602435610123565b604080519115158252519081900360200190f35b60015481565b73ffffffffffffffffffffffffffffffffffffffff1660009081526020819052604090205490565b3360009081526020819052604081205482900381111561014257600080fd5b50336000908152602081905260408082208054849003905573ffffffffffffffffffffffffffffffffffffffff8416825290208054820190556001929150505600a165627a7a72305820ef4bc9fe6715acf05bac8862263c17b46163d4c27e86c019e3a084af756306270029", "nonce": 0, "storage": "{}"}, "0xdeadbeefdeadbeefdeadbeefdeadbeefdeadbeef": {"balance": "0x0", "code": "", "nonce": 0, "storage": "{}"}}}, "steps": [{"address": "0x0", "calldata": "0xa9059cbb000000000000000000000000aaaaaaaaaaaaaaaaaaaaaaaaaaaaaaaaaaaaaaaa80", "input": "0xa9059cbb000000000000000000000000aaaaaaaaaaaaaaaaaaaaaaaaaaaaaaaaaaaaaaaa80", "name": "many_msg_babbage(bytes1)", "origin": "0xaaaaaaaaaaaaaaaaaaaaaaaaaaaaaaaaaaaaaaaa", "value": "0x0"}]}}, {"address": 310, "contract": "MAIN", "description": "The arithmetic operator can underflow.\nIt is possible to cause an integer overflow or underflow in the arithmetic operation. ", "function": "many_msg_babbage(bytes1)", "max_gas_used": 53782, "min_gas_used": 12931, "severity": "High", "sourceMap": 310, "swc-id": "101", "title": "Integer Arithmetic Bugs (subtraction)", "tx_sequence": {"initialState": {"accounts": {"0x0": {"balance": "0x0", "code": "6080604052600436106100565763ffffffff7c010000000000000000000000000000000000000000000000000000000060003504166318160ddd811461005b57806370a0823114610082578063a9059cbb146100b0575b600080fd5b34801561006757600080fd5b506100706100f5565b60408051918252519081900360200190f35b34801561008e57600080fd5b5061007073ffffffffffffffffffffffffffffffffffffffff600435166100fb565b3480156100bc57600080fd5b506100e173ffffffffffffffffffffffffffffffffffffffff60043516602435610123565b604080519115158252519081900360200190f35b60015481565b73ffffffffffffffffffffffffffffffffffffffff1660009081526020819052604090205490565b3360009081526020819052604081205482900381111561014257600080fd5b50336000908152602081905260408082208054849003905573ffffffffffffffffffffffffffffffffffffffff8416825290208054820190556001929150505600a165627a7a72305820ef4bc9fe6715acf05bac8862263c17b46163d4c27e86c019e3a084af756306270029", "nonce": 0, "storage": "{}"}, "0xdeadbeefdeadbeefdeadbeefdeadbeefdeadbeef": {"balance": "0x0", "code": "", "nonce": 0, "storage": "{}"}}}, "steps": [{"address": "0x0", "calldata": "0xa9059cbb000000000000000000000000000000000000000000000000000000020000000001", "input": "0xa9059cbb000000000000000000000000000000000000000000000000000000020000000001", "name": "many_msg_babbage(bytes1)", "origin": "0xaffeaffeaffeaffeaffeaffeaffeaffeaffeaffe", "value": "0x0"}]}}, {"address": 344, "contract": "MAIN", "description": "The arithmetic operator can underflow.\nIt is possible to cause an integer overflow or underflow in the arithmetic operation. ", "function": "many_msg_babbage(bytes1)", "max_gas_used": 53782, "min_gas_used": 12931, "severity": "High", "sourceMap": 344, "swc-id": "101", "title": "Integer Arithmetic Bugs (subtraction)", "tx_sequence": {"initialState": {"accounts": {"0x0": {"balance": "0x0", "code": "6080604052600436106100565763ffffffff7c010000000000000000000000000000000000000000000000000000000060003504166318160ddd811461005b57806370a0823114610082578063a9059cbb146100b0575b600080fd5b34801561006757600080fd5b506100706100f5565b60408051918252519081900360200190f35b34801561008e57600080fd5b5061007073ffffffffffffffffffffffffffffffffffffffff600435166100fb565b3480156100bc57600080fd5b506100e173ffffffffffffffffffffffffffffffffffffffff60043516602435610123565b604080519115158252519081900360200190f35b60015481565b73ffffffffffffffffffffffffffffffffffffffff1660009081526020819052604090205490565b3360009081526020819052604081205482900381111561014257600080fd5b50336000908152602081905260408082208054849003905573ffffffffffffffffffffffffffffffffffffffff8416825290208054820190556001929150505600a165627a7a72305820ef4bc9fe6715acf05bac8862263c17b46163d4c27e86c019e3a084af756306270029", "nonce": 0, "storage": "{}"}, "0xdeadbeefdeadbeefdeadbeefdeadbeefdeadbeef": {"balance": "0x0", "code": "", "nonce": 0, "storage": "{}"}}}, "steps": [{"address": "0x0", "calldata": "0xa9059cbb000000000000000000000000000000000000000000000000000000020000000001", "input": "0xa9059cbb000000000000000000000000000000000000000000000000000000020000000001", "name": "many_msg_babbage(bytes1)", "origin": "0xaffeaffeaffeaffeaffeaffeaffeaffeaffeaffe", "value": "0x0"}]}}], "success": true}
