Getting Slither report...
Switched global version to 0.4.26



'solc --version' running
'solc ../smartbugs-curated/dataset/unchecked_low_level_calls/0x610495793564aed0f9c7fc48dc4c7c9151d34fd6.sol --combined-json abi,ast,bin,bin-runtime,srcmap,srcmap-runtime,userdoc,devdoc,hashes,compact-format --allow-paths .,/home/mokita/sc_study/temp/smartbugs-curated/dataset/unchecked_low_level_calls' running
Compilation warnings/errors on ../smartbugs-curated/dataset/unchecked_low_level_calls/0x610495793564aed0f9c7fc48dc4c7c9151d34fd6.sol:
../smartbugs-curated/dataset/unchecked_low_level_calls/0x610495793564aed0f9c7fc48dc4c7c9151d34fd6.sol:9:1: Warning: Source file does not specify required compiler version!Consider adding "pragma solidity ^0.4.26;"
contract SimpleWallet {
^ (Relevant source part starts here and spans across multiple lines).
../smartbugs-curated/dataset/unchecked_low_level_calls/0x610495793564aed0f9c7fc48dc4c7c9151d34fd6.sol:32:9: Warning: Return value of low-level calls not used.
        _target.call.value(_value)(_data);
        ^-------------------------------^


SimpleWallet.sendMoney(address,uint256,bytes) (../smartbugs-curated/dataset/unchecked_low_level_calls/0x610495793564aed0f9c7fc48dc4c7c9151d34fd6.sol#30-33) ignores return value by _target.call.value(_value)(_data) (../smartbugs-curated/dataset/unchecked_low_level_calls/0x610495793564aed0f9c7fc48dc4c7c9151d34fd6.sol#32)
Reference: https://github.com/crytic/slither/wiki/Detector-Documentation#unchecked-low-level-calls

SimpleWallet.sendMoney(address,uint256,bytes)._target (../smartbugs-curated/dataset/unchecked_low_level_calls/0x610495793564aed0f9c7fc48dc4c7c9151d34fd6.sol#30) lacks a zero-check on :
		- _target.call.value(_value)(_data) (../smartbugs-curated/dataset/unchecked_low_level_calls/0x610495793564aed0f9c7fc48dc4c7c9151d34fd6.sol#32)
Reference: https://github.com/crytic/slither/wiki/Detector-Documentation#missing-zero-address-validation

solc-0.4.26 is an outdated solc version. Use a more recent version (at least 0.8.0), if possible.
Reference: https://github.com/crytic/slither/wiki/Detector-Documentation#incorrect-versions-of-solidity

Low level call in SimpleWallet.sendMoney(address,uint256,bytes) (../smartbugs-curated/dataset/unchecked_low_level_calls/0x610495793564aed0f9c7fc48dc4c7c9151d34fd6.sol#30-33):
	- _target.call.value(_value)(_data) (../smartbugs-curated/dataset/unchecked_low_level_calls/0x610495793564aed0f9c7fc48dc4c7c9151d34fd6.sol#32)
Reference: https://github.com/crytic/slither/wiki/Detector-Documentation#low-level-calls

Parameter SimpleWallet.withdraw(uint256)._value (../smartbugs-curated/dataset/unchecked_low_level_calls/0x610495793564aed0f9c7fc48dc4c7c9151d34fd6.sol#26) is not in mixedCase
Parameter SimpleWallet.sendMoney(address,uint256,bytes)._target (../smartbugs-curated/dataset/unchecked_low_level_calls/0x610495793564aed0f9c7fc48dc4c7c9151d34fd6.sol#30) is not in mixedCase
Parameter SimpleWallet.sendMoney(address,uint256,bytes)._value (../smartbugs-curated/dataset/unchecked_low_level_calls/0x610495793564aed0f9c7fc48dc4c7c9151d34fd6.sol#30) is not in mixedCase
Parameter SimpleWallet.sendMoney(address,uint256,bytes)._data (../smartbugs-curated/dataset/unchecked_low_level_calls/0x610495793564aed0f9c7fc48dc4c7c9151d34fd6.sol#30) is not in mixedCase
Reference: https://github.com/crytic/slither/wiki/Detector-Documentation#conformance-to-solidity-naming-conventions

sendMoney(address,uint256,bytes) should be declared external:
	- SimpleWallet.sendMoney(address,uint256,bytes) (../smartbugs-curated/dataset/unchecked_low_level_calls/0x610495793564aed0f9c7fc48dc4c7c9151d34fd6.sol#30-33)
Reference: https://github.com/crytic/slither/wiki/Detector-Documentation#public-function-that-could-be-declared-external
../smartbugs-curated/dataset/unchecked_low_level_calls/0x610495793564aed0f9c7fc48dc4c7c9151d34fd6.sol analyzed (1 contracts with 95 detectors), 9 result(s) found

Error running slither
0x610495793564aed0f9c7fc48dc4c7c9151d34fd6.sol
Getting Solidity AST...
Running TIPS...
0x610495793564aed0f9c7fc48dc4c7c9151d34fd6.sol
0.0042684078216552734


