Compilation warnings/errors on smartbugs/dataset/reentrancy/0x627fa62ccbb1c1b04ffaecd72a53e37fc0e17839.sol:
smartbugs/dataset/reentrancy/0x627fa62ccbb1c1b04ffaecd72a53e37fc0e17839.sol:43:27: Warning: "sha3" has been deprecated in favour of "keccak256"
        token.call(bytes4(sha3("transfer(address,uint256)")),to,amount); 
                          ^-------------------------------^
smartbugs/dataset/reentrancy/0x627fa62ccbb1c1b04ffaecd72a53e37fc0e17839.sol:43:9: Warning: Return value of low-level calls not used.
        token.call(bytes4(sha3("transfer(address,uint256)")),to,amount); 
        ^-------------------------------------------------------------^
smartbugs/dataset/reentrancy/0x627fa62ccbb1c1b04ffaecd72a53e37fc0e17839.sol:60:5: Warning: No visibility specified. Defaulting to "public". 
    function()
    ^ (Relevant source part starts here and spans across multiple lines).
smartbugs/dataset/reentrancy/0x627fa62ccbb1c1b04ffaecd72a53e37fc0e17839.sol:66:5: Warning: No visibility specified. Defaulting to "public". 
    function Deposit() 
    ^ (Relevant source part starts here and spans across multiple lines).

smartbugs/dataset/reentrancy/0x627fa62ccbb1c1b04ffaecd72a53e37fc0e17839.sol analyzed (3 contracts)
/sGuardPlus/src/revert2src.js:373
			throw new Error(`${ast.type} unimpl`)
			^

Error: ElementaryTypeName unimpl
    at RevertExp.start (/sGuardPlus/src/revert2src.js:373:10)
    at FunctionCall (/sGuardPlus/src/revert2src.js:285:10)
    at RevertExp.start (/sGuardPlus/src/revert2src.js:371:4)
    at FunctionCall (/sGuardPlus/src/revert2src.js:299:12)
    at RevertExp.start (/sGuardPlus/src/revert2src.js:371:4)
    at VariableDeclarationStatement (/sGuardPlus/src/revert2src.js:518:10)
    at RevertStmt.start (/sGuardPlus/src/revert2src.js:572:4)
    at /sGuardPlus/src/revert2src.js:398:11
    at Array.forEach (<anonymous>)
    at Block (/sGuardPlus/src/revert2src.js:397:20)
