 ______     __         __  __     ______     __     __  __     __    __    
/\  ___\   /\ \       /\ \_\ \   /\  ___\   /\ \   /\ \/\ \   /\ "-./  \   
\ \  __\   \ \ \____  \ \____ \  \ \___  \  \ \ \  \ \ \_\ \  \ \ \-./\ \  
 \ \_____\  \ \_____\  \/\_____\  \/\_____\  \ \_\  \ \_____\  \ \_\ \ \_\ 
  \/_____/   \/_____/   \/_____/   \/_____/   \/_/   \/_____/   \/_/  \/_/ 
                                                                           
Compiling source code...
Retrieving bytecode for contract 'Rubixi'.
Please wait. Scanning bytecode for bugs...
Running Osiris...
Finished running Osiris. Execution time 34.54080271720886 seconds. Code coverage 73.5%.
Running Oyente...
Finished running Oyente. Execution time 2.5774617195129395 seconds. Code coverage 68.7%.
Running Mythril...
Finished running Mythril. Execution time 25.82647132873535 seconds. Code coverage 55.26%.
Detected 1 bug(s):
--> Detected 'underflow' (SUB) bug at program counter address 1631 (0x65f) using Osiris with a code coverage of 73.5%.
Exporting original control-flow graph...
Recovering control-flow graph...
Recovered 98% of the control-flow graph
Number of execution paths accessing storage: 34
Runtime bytecode size: 2714 bytes (original: 2703 bytes) 0.4069552349241583% increase.
Metadata: 0xa165627a7a72305820c5421c49aba28c4e92148e759f21895c6c7dd27db930389a419a18c5ab8821b50029
Exporting patched control-flow graph...
