mythril.mythril.mythril_config [INFO]: Creating mythril data directory 
mythril.mythril.mythril_config [INFO]: No config file found. Creating default: /root/.mythril/config.ini 
mythril.mythril.mythril_config [INFO]: Infura key not provided, so onchain access is disabled. Use --infura-id <INFURA_ID> or set it in the environment variable INFURA_ID or in the ~/.mythril/config.ini file 
mythril.support.signatures [INFO]: Using signature database at /root/.mythril/signatures.db
mythril.laser.ethereum.svm [INFO]: LASER EVM initialized with dynamic loader: <mythril.support.loader.DynLoader object at 0x7f513be38c40>
mythril.laser.ethereum.strategy.extensions.bounded_loops [INFO]: Loaded search strategy extension: Loop bounds (limit = 3)
mythril.laser.plugin.loader [INFO]: Loading laser plugin: coverage
mythril.laser.plugin.loader [INFO]: Loading laser plugin: mutation-pruner
mythril.laser.plugin.loader [INFO]: Loading laser plugin: call-depth-limit
mythril.laser.plugin.loader [INFO]: Loading laser plugin: instruction-profiler
mythril.laser.plugin.loader [INFO]: Loading laser plugin: dependency-pruner
mythril.laser.plugin.loader [INFO]: Instrumenting symbolic vm with plugin: coverage
mythril.laser.plugin.loader [INFO]: Instrumenting symbolic vm with plugin: mutation-pruner
mythril.laser.plugin.loader [INFO]: Instrumenting symbolic vm with plugin: call-depth-limit
mythril.laser.plugin.loader [INFO]: Instrumenting symbolic vm with plugin: instruction-profiler
mythril.laser.plugin.loader [INFO]: Instrumenting symbolic vm with plugin: dependency-pruner
mythril.laser.ethereum.svm [DEBUG]: Starting LASER execution
mythril.laser.ethereum.svm [INFO]: Starting message call transaction to 0
mythril.laser.ethereum.svm [INFO]: Starting message call transaction, iteration: 0, 1 initial states
mythril.laser.ethereum.instructions [DEBUG]: Evaluating PUSH1 at 0
mythril.laser.ethereum.instructions [DEBUG]: Evaluating PUSH1 at 1
mythril.laser.ethereum.instructions [DEBUG]: Evaluating MSTORE at 2
mythril.laser.ethereum.instructions [DEBUG]: Evaluating PUSH1 at 3
mythril.laser.ethereum.instructions [DEBUG]: Evaluating CALLDATASIZE at 4
mythril.laser.ethereum.instructions [DEBUG]: Evaluating LT at 5
mythril.laser.ethereum.instructions [DEBUG]: Evaluating PUSH1 at 6
mythril.analysis.module.base [DEBUG]: Entering analysis module: TxOrigin
mythril.analysis.module.base [DEBUG]: Exiting analysis module: TxOrigin
mythril.analysis.module.base [DEBUG]: Entering analysis module: IntegerArithmetics
mythril.analysis.module.base [DEBUG]: Exiting analysis module: IntegerArithmetics
mythril.laser.ethereum.instructions [DEBUG]: Evaluating JUMPI at 7
mythril.laser.ethereum.instructions [DEBUG]: Evaluating PUSH4 at 8
mythril.laser.ethereum.instructions [DEBUG]: Evaluating JUMPDEST at 19
mythril.laser.ethereum.instructions [DEBUG]: Evaluating PUSH29 at 9
mythril.laser.ethereum.instructions [DEBUG]: Evaluating PUSH1 at 20
mythril.laser.ethereum.instructions [DEBUG]: Evaluating PUSH1 at 10
mythril.laser.ethereum.instructions [DEBUG]: Evaluating DUP1 at 21
mythril.laser.ethereum.instructions [DEBUG]: Evaluating CALLDATALOAD at 11
mythril.laser.ethereum.instructions [DEBUG]: Evaluating REVERT at 22
mythril.laser.ethereum.svm [DEBUG]: Ending transaction MessageCallTransaction 1 from sender_1 to                                        0x0.
mythril.laser.ethereum.instructions [DEBUG]: Evaluating DIV at 12
mythril.laser.ethereum.instructions [DEBUG]: Evaluating AND at 13
mythril.laser.ethereum.instructions [DEBUG]: Evaluating PUSH4 at 14
mythril.laser.ethereum.instructions [DEBUG]: Evaluating DUP2 at 15
mythril.laser.ethereum.instructions [DEBUG]: Evaluating EQ at 16
mythril.laser.ethereum.instructions [DEBUG]: Evaluating PUSH1 at 17
mythril.analysis.module.base [DEBUG]: Entering analysis module: TxOrigin
mythril.analysis.module.base [DEBUG]: Exiting analysis module: TxOrigin
mythril.analysis.module.base [DEBUG]: Entering analysis module: IntegerArithmetics
mythril.analysis.module.base [DEBUG]: Exiting analysis module: IntegerArithmetics
mythril.laser.ethereum.instructions [DEBUG]: Evaluating JUMPI at 18
mythril.laser.ethereum.instructions [DEBUG]: Evaluating JUMPDEST at 19
mythril.laser.ethereum.instructions [DEBUG]: Evaluating JUMPDEST at 23
mythril.laser.ethereum.instructions [DEBUG]: Evaluating PUSH1 at 20
mythril.laser.ethereum.instructions [DEBUG]: Evaluating CALLVALUE at 24
mythril.laser.ethereum.instructions [DEBUG]: Evaluating DUP1 at 21
mythril.laser.ethereum.instructions [DEBUG]: Evaluating DUP1 at 25
mythril.laser.ethereum.instructions [DEBUG]: Evaluating REVERT at 22
mythril.laser.ethereum.svm [DEBUG]: Ending transaction MessageCallTransaction 1 from sender_1 to                                        0x0.
mythril.laser.ethereum.instructions [DEBUG]: Evaluating ISZERO at 26
mythril.laser.ethereum.instructions [DEBUG]: Evaluating PUSH1 at 27
mythril.analysis.module.base [DEBUG]: Entering analysis module: TxOrigin
mythril.analysis.module.base [DEBUG]: Exiting analysis module: TxOrigin
mythril.analysis.module.base [DEBUG]: Entering analysis module: IntegerArithmetics
mythril.analysis.module.base [DEBUG]: Exiting analysis module: IntegerArithmetics
mythril.laser.ethereum.instructions [DEBUG]: Evaluating JUMPI at 28
mythril.laser.ethereum.instructions [DEBUG]: Evaluating PUSH1 at 29
mythril.laser.ethereum.instructions [DEBUG]: Evaluating JUMPDEST at 32
mythril.laser.ethereum.instructions [DEBUG]: Evaluating DUP1 at 30
mythril.laser.ethereum.instructions [DEBUG]: Evaluating POP at 33
mythril.laser.ethereum.instructions [DEBUG]: Evaluating REVERT at 31
mythril.laser.ethereum.svm [DEBUG]: Ending transaction MessageCallTransaction 1 from sender_1 to                                        0x0.
mythril.laser.ethereum.instructions [DEBUG]: Evaluating PUSH1 at 34
mythril.laser.ethereum.instructions [DEBUG]: Evaluating PUSH20 at 35
mythril.laser.ethereum.instructions [DEBUG]: Evaluating PUSH1 at 36
mythril.laser.ethereum.instructions [DEBUG]: Evaluating CALLDATALOAD at 37
mythril.laser.ethereum.instructions [DEBUG]: Evaluating AND at 38
mythril.laser.ethereum.instructions [DEBUG]: Evaluating PUSH1 at 39
mythril.laser.ethereum.instructions [DEBUG]: Evaluating JUMP at 40
mythril.laser.ethereum.instructions [DEBUG]: Evaluating JUMPDEST at 43
mythril.laser.ethereum.instructions [DEBUG]: Evaluating PUSH1 at 44
mythril.laser.ethereum.instructions [DEBUG]: Evaluating DUP1 at 45
mythril.laser.ethereum.instructions [DEBUG]: Evaluating SLOAD at 46
mythril.laser.ethereum.instructions [DEBUG]: Evaluating PUSH20 at 47
mythril.laser.ethereum.instructions [DEBUG]: Evaluating NOT at 48
mythril.laser.ethereum.instructions [DEBUG]: Evaluating AND at 49
mythril.laser.ethereum.instructions [DEBUG]: Evaluating PUSH20 at 50
mythril.laser.ethereum.instructions [DEBUG]: Evaluating SWAP3 at 51
mythril.laser.ethereum.instructions [DEBUG]: Evaluating SWAP1 at 52
mythril.laser.ethereum.instructions [DEBUG]: Evaluating SWAP3 at 53
mythril.laser.ethereum.instructions [DEBUG]: Evaluating AND at 54
mythril.laser.ethereum.instructions [DEBUG]: Evaluating SWAP2 at 55
mythril.laser.ethereum.instructions [DEBUG]: Evaluating SWAP1 at 56
mythril.laser.ethereum.instructions [DEBUG]: Evaluating SWAP2 at 57
mythril.laser.ethereum.instructions [DEBUG]: Evaluating OR at 58
mythril.laser.ethereum.instructions [DEBUG]: Evaluating SWAP1 at 59
mythril.analysis.module.base [DEBUG]: Entering analysis module: ArbitraryStorage
mythril.analysis.module.base [DEBUG]: Exiting analysis module: ArbitraryStorage
mythril.analysis.module.base [DEBUG]: Entering analysis module: IntegerArithmetics
mythril.analysis.module.base [DEBUG]: Exiting analysis module: IntegerArithmetics
mythril.analysis.module.base [DEBUG]: Entering analysis module: StateChangeAfterCall
mythril.analysis.module.base [DEBUG]: Exiting analysis module: StateChangeAfterCall
mythril.laser.ethereum.instructions [DEBUG]: Evaluating SSTORE at 60
mythril.laser.ethereum.instructions [DEBUG]: Evaluating JUMP at 61
mythril.laser.ethereum.instructions [DEBUG]: Evaluating JUMPDEST at 41
mythril.analysis.module.base [DEBUG]: Entering analysis module: IntegerArithmetics
mythril.analysis.module.base [DEBUG]: Exiting analysis module: IntegerArithmetics
mythril.analysis.module.base [DEBUG]: Entering analysis module: UncheckedRetval
mythril.analysis.module.base [DEBUG]: Exiting analysis module: UncheckedRetval
mythril.laser.ethereum.instructions [DEBUG]: Evaluating STOP at 42
mythril.laser.ethereum.svm [DEBUG]: Ending transaction MessageCallTransaction 1 from sender_1 to                                        0x0.
mythril.laser.plugin.plugins.coverage.coverage_plugin [INFO]: Number of new instructions covered in tx 0: 62
mythril.laser.ethereum.svm [INFO]: Starting message call transaction, iteration: 1, 1 initial states
mythril.laser.ethereum.instructions [DEBUG]: Evaluating PUSH1 at 0
mythril.laser.ethereum.instructions [DEBUG]: Evaluating PUSH1 at 1
mythril.laser.ethereum.instructions [DEBUG]: Evaluating MSTORE at 2
mythril.laser.ethereum.instructions [DEBUG]: Evaluating PUSH1 at 3
mythril.laser.ethereum.instructions [DEBUG]: Evaluating CALLDATASIZE at 4
mythril.laser.ethereum.instructions [DEBUG]: Evaluating LT at 5
mythril.laser.ethereum.instructions [DEBUG]: Evaluating PUSH1 at 6
mythril.analysis.module.base [DEBUG]: Entering analysis module: TxOrigin
mythril.analysis.module.base [DEBUG]: Exiting analysis module: TxOrigin
mythril.analysis.module.base [DEBUG]: Entering analysis module: IntegerArithmetics
mythril.analysis.module.base [DEBUG]: Exiting analysis module: IntegerArithmetics
mythril.laser.ethereum.instructions [DEBUG]: Evaluating JUMPI at 7
mythril.laser.ethereum.instructions [DEBUG]: Evaluating PUSH4 at 8
mythril.laser.ethereum.instructions [DEBUG]: Evaluating JUMPDEST at 19
mythril.laser.ethereum.instructions [DEBUG]: Evaluating PUSH29 at 9
mythril.laser.ethereum.instructions [DEBUG]: Evaluating PUSH1 at 20
mythril.laser.ethereum.instructions [DEBUG]: Evaluating PUSH1 at 10
mythril.laser.ethereum.instructions [DEBUG]: Evaluating DUP1 at 21
mythril.laser.ethereum.instructions [DEBUG]: Evaluating CALLDATALOAD at 11
mythril.laser.ethereum.instructions [DEBUG]: Evaluating REVERT at 22
mythril.laser.ethereum.svm [DEBUG]: Ending transaction MessageCallTransaction 2 from sender_2 to                                        0x0.
mythril.laser.ethereum.instructions [DEBUG]: Evaluating DIV at 12
mythril.laser.ethereum.instructions [DEBUG]: Evaluating AND at 13
mythril.laser.ethereum.instructions [DEBUG]: Evaluating PUSH4 at 14
mythril.laser.ethereum.instructions [DEBUG]: Evaluating DUP2 at 15
mythril.laser.ethereum.instructions [DEBUG]: Evaluating EQ at 16
mythril.laser.ethereum.instructions [DEBUG]: Evaluating PUSH1 at 17
mythril.analysis.module.base [DEBUG]: Entering analysis module: TxOrigin
mythril.analysis.module.base [DEBUG]: Exiting analysis module: TxOrigin
mythril.analysis.module.base [DEBUG]: Entering analysis module: IntegerArithmetics
mythril.analysis.module.base [DEBUG]: Exiting analysis module: IntegerArithmetics
mythril.laser.ethereum.instructions [DEBUG]: Evaluating JUMPI at 18
mythril.laser.plugin.plugins.dependency_pruner [DEBUG]: Skipping state: Storage slots {0} not read in block at address 62, function
mythril.laser.ethereum.instructions [DEBUG]: Evaluating JUMPDEST at 23
mythril.laser.ethereum.instructions [DEBUG]: Evaluating CALLVALUE at 24
mythril.laser.ethereum.instructions [DEBUG]: Evaluating DUP1 at 25
mythril.laser.ethereum.instructions [DEBUG]: Evaluating ISZERO at 26
mythril.laser.ethereum.instructions [DEBUG]: Evaluating PUSH1 at 27
mythril.analysis.module.base [DEBUG]: Entering analysis module: TxOrigin
mythril.analysis.module.base [DEBUG]: Exiting analysis module: TxOrigin
mythril.analysis.module.base [DEBUG]: Entering analysis module: IntegerArithmetics
mythril.analysis.module.base [DEBUG]: Exiting analysis module: IntegerArithmetics
mythril.laser.ethereum.instructions [DEBUG]: Evaluating JUMPI at 28
mythril.laser.ethereum.instructions [DEBUG]: Evaluating PUSH1 at 29
mythril.laser.ethereum.instructions [DEBUG]: Evaluating JUMPDEST at 32
mythril.laser.ethereum.instructions [DEBUG]: Evaluating DUP1 at 30
mythril.laser.ethereum.instructions [DEBUG]: Evaluating POP at 33
mythril.laser.ethereum.instructions [DEBUG]: Evaluating REVERT at 31
mythril.laser.ethereum.svm [DEBUG]: Ending transaction MessageCallTransaction 2 from sender_2 to                                        0x0.
mythril.laser.ethereum.instructions [DEBUG]: Evaluating PUSH1 at 34
mythril.laser.ethereum.instructions [DEBUG]: Evaluating PUSH20 at 35
mythril.laser.ethereum.instructions [DEBUG]: Evaluating PUSH1 at 36
mythril.laser.ethereum.instructions [DEBUG]: Evaluating CALLDATALOAD at 37
mythril.laser.ethereum.instructions [DEBUG]: Evaluating AND at 38
mythril.laser.ethereum.instructions [DEBUG]: Evaluating PUSH1 at 39
mythril.laser.ethereum.instructions [DEBUG]: Evaluating JUMP at 40
mythril.laser.ethereum.instructions [DEBUG]: Evaluating JUMPDEST at 43
mythril.laser.ethereum.instructions [DEBUG]: Evaluating PUSH1 at 44
mythril.laser.ethereum.instructions [DEBUG]: Evaluating DUP1 at 45
mythril.laser.ethereum.instructions [DEBUG]: Evaluating SLOAD at 46
mythril.laser.ethereum.instructions [DEBUG]: Evaluating PUSH20 at 47
mythril.laser.ethereum.instructions [DEBUG]: Evaluating NOT at 48
mythril.laser.ethereum.instructions [DEBUG]: Evaluating AND at 49
mythril.laser.ethereum.instructions [DEBUG]: Evaluating PUSH20 at 50
mythril.laser.ethereum.instructions [DEBUG]: Evaluating SWAP3 at 51
mythril.laser.ethereum.instructions [DEBUG]: Evaluating SWAP1 at 52
mythril.laser.ethereum.instructions [DEBUG]: Evaluating SWAP3 at 53
mythril.laser.ethereum.instructions [DEBUG]: Evaluating AND at 54
mythril.laser.ethereum.instructions [DEBUG]: Evaluating SWAP2 at 55
mythril.laser.ethereum.instructions [DEBUG]: Evaluating SWAP1 at 56
mythril.laser.ethereum.instructions [DEBUG]: Evaluating SWAP2 at 57
mythril.laser.ethereum.instructions [DEBUG]: Evaluating OR at 58
mythril.laser.ethereum.instructions [DEBUG]: Evaluating SWAP1 at 59
mythril.analysis.module.base [DEBUG]: Entering analysis module: ArbitraryStorage
mythril.analysis.module.base [DEBUG]: Exiting analysis module: ArbitraryStorage
mythril.analysis.module.base [DEBUG]: Entering analysis module: IntegerArithmetics
mythril.analysis.module.base [DEBUG]: Exiting analysis module: IntegerArithmetics
mythril.analysis.module.base [DEBUG]: Entering analysis module: StateChangeAfterCall
mythril.analysis.module.base [DEBUG]: Exiting analysis module: StateChangeAfterCall
mythril.laser.ethereum.instructions [DEBUG]: Evaluating SSTORE at 60
mythril.laser.ethereum.instructions [DEBUG]: Evaluating JUMP at 61
mythril.laser.ethereum.instructions [DEBUG]: Evaluating JUMPDEST at 41
mythril.analysis.module.base [DEBUG]: Entering analysis module: IntegerArithmetics
mythril.analysis.module.base [DEBUG]: Exiting analysis module: IntegerArithmetics
mythril.analysis.module.base [DEBUG]: Entering analysis module: UncheckedRetval
mythril.analysis.module.base [DEBUG]: Exiting analysis module: UncheckedRetval
mythril.laser.ethereum.instructions [DEBUG]: Evaluating STOP at 42
mythril.laser.ethereum.svm [DEBUG]: Ending transaction MessageCallTransaction 2 from sender_2 to                                        0x0.
mythril.laser.plugin.plugins.coverage.coverage_plugin [INFO]: Number of new instructions covered in tx 1: 0
mythril.laser.ethereum.svm [INFO]: Finished symbolic execution
mythril.laser.plugin.plugins.coverage.coverage_plugin [INFO]: Achieved 98.41% coverage for code: 608060405260043610603e5763ffffffff7c0100000000000000000000000000000000000000000000000000000000600035041663a6f9dae181146043575b600080fd5b348015604e57600080fd5b50606e73ffffffffffffffffffffffffffffffffffffffff600435166070565b005b6000805473ffffffffffffffffffffffffffffffffffffffff191673ffffffffffffffffffffffffffffffffffffffff929092169190911790555600a165627a7a72305820e22a1d2faf7933aa767d40273ec1f853dbfd77d743dd1c50b9dde44b598208ef0029
mythril.laser.plugin.plugins.instruction_profiler [INFO]: Total: 0.1670992374420166 s
[AND         ]   2.8125 %,  nr      8,  total   0.0047 s,  avg   0.0006 s,  min   0.0005 s,  max   0.0007 s
[CALLDATALOAD]  32.0637 %,  nr      4,  total   0.0536 s,  avg   0.0134 s,  min   0.0129 s,  max   0.0138 s
[CALLDATASIZE]   0.6021 %,  nr      2,  total   0.0010 s,  avg   0.0005 s,  min   0.0005 s,  max   0.0005 s
[CALLVALUE   ]   0.6834 %,  nr      2,  total   0.0011 s,  avg   0.0006 s,  min   0.0005 s,  max   0.0007 s
[DIV         ]   1.1233 %,  nr      2,  total   0.0019 s,  avg   0.0009 s,  min   0.0009 s,  max   0.0010 s
[DUP1        ]   2.7604 %,  nr      9,  total   0.0046 s,  avg   0.0005 s,  min   0.0005 s,  max   0.0006 s
[DUP2        ]   0.7133 %,  nr      2,  total   0.0012 s,  avg   0.0006 s,  min   0.0005 s,  max   0.0007 s
[EQ          ]   0.6495 %,  nr      2,  total   0.0011 s,  avg   0.0005 s,  min   0.0005 s,  max   0.0005 s
[ISZERO      ]   0.7857 %,  nr      2,  total   0.0013 s,  avg   0.0007 s,  min   0.0006 s,  max   0.0007 s
[JUMP        ]   2.3572 %,  nr      4,  total   0.0039 s,  avg   0.0010 s,  min   0.0009 s,  max   0.0011 s
[JUMPDEST    ]   3.7267 %,  nr     11,  total   0.0062 s,  avg   0.0006 s,  min   0.0005 s,  max   0.0008 s
[JUMPI       ]   6.4555 %,  nr      6,  total   0.0108 s,  avg   0.0018 s,  min   0.0016 s,  max   0.0021 s
[LT          ]   0.6690 %,  nr      2,  total   0.0011 s,  avg   0.0006 s,  min   0.0005 s,  max   0.0006 s
[MSTORE      ]  22.3729 %,  nr      2,  total   0.0374 s,  avg   0.0187 s,  min   0.0186 s,  max   0.0188 s
[NOT         ]   0.7288 %,  nr      2,  total   0.0012 s,  avg   0.0006 s,  min   0.0006 s,  max   0.0006 s
[OR          ]   0.6588 %,  nr      2,  total   0.0011 s,  avg   0.0006 s,  min   0.0005 s,  max   0.0006 s
[POP         ]   0.5769 %,  nr      2,  total   0.0010 s,  avg   0.0005 s,  min   0.0005 s,  max   0.0005 s
[PUSH1       ]   9.2247 %,  nr     27,  total   0.0154 s,  avg   0.0006 s,  min   0.0005 s,  max   0.0009 s
[PUSH20      ]   1.9407 %,  nr      6,  total   0.0032 s,  avg   0.0005 s,  min   0.0005 s,  max   0.0006 s
[PUSH29      ]   0.6582 %,  nr      2,  total   0.0011 s,  avg   0.0005 s,  min   0.0005 s,  max   0.0006 s
[PUSH4       ]   1.6170 %,  nr      4,  total   0.0027 s,  avg   0.0007 s,  min   0.0006 s,  max   0.0007 s
[SLOAD       ]   0.8541 %,  nr      2,  total   0.0014 s,  avg   0.0007 s,  min   0.0006 s,  max   0.0008 s
[SSTORE      ]   0.8498 %,  nr      2,  total   0.0014 s,  avg   0.0007 s,  min   0.0006 s,  max   0.0008 s
[SWAP1       ]   1.7804 %,  nr      6,  total   0.0030 s,  avg   0.0005 s,  min   0.0005 s,  max   0.0005 s
[SWAP2       ]   2.0729 %,  nr      4,  total   0.0035 s,  avg   0.0009 s,  min   0.0005 s,  max   0.0020 s
[SWAP3       ]   1.2624 %,  nr      4,  total   0.0021 s,  avg   0.0005 s,  min   0.0005 s,  max   0.0006 s

mythril.analysis.security [INFO]: Starting analysis
mythril.analysis.security [DEBUG]: Retrieving results for Caller can write to arbitrary storage locations
mythril.analysis.security [DEBUG]: Retrieving results for Delegatecall to a user-specified address
mythril.analysis.security [DEBUG]: Retrieving results for Control flow depends on tx.origin
mythril.analysis.security [DEBUG]: Retrieving results for Any sender can withdraw ETH from the contract account
mythril.analysis.security [DEBUG]: Retrieving results for Integer overflow or underflow
mythril.analysis.security [DEBUG]: Retrieving results for State change after an external call
mythril.analysis.security [DEBUG]: Retrieving results for Contract can be accidentally killed by anyone
mythril.analysis.security [DEBUG]: Retrieving results for Return value of an external call is not checked
mythril.mythril.mythril_analyzer [INFO]: Solver statistics: 
Query count: 18 
Solver time: 0.27408742904663086
{"error": null, "issues": [], "success": true}
