mythril.mythril.mythril_config [INFO]: Creating mythril data directory 
mythril.mythril.mythril_config [INFO]: No config file found. Creating default: /root/.mythril/config.ini 
mythril.mythril.mythril_config [INFO]: Infura key not provided, so onchain access is disabled. Use --infura-id <INFURA_ID> or set it in the environment variable INFURA_ID or in the ~/.mythril/config.ini file 
mythril.support.signatures [INFO]: Using signature database at /root/.mythril/signatures.db
mythril.laser.ethereum.svm [INFO]: LASER EVM initialized with dynamic loader: <mythril.support.loader.DynLoader object at 0x74ab6caf4970>
mythril.laser.ethereum.strategy.extensions.bounded_loops [INFO]: Loaded search strategy extension: Loop bounds (limit = 3)
mythril.laser.plugin.loader [INFO]: Loading laser plugin: coverage
mythril.laser.plugin.loader [INFO]: Loading laser plugin: mutation-pruner
mythril.laser.plugin.loader [INFO]: Loading laser plugin: call-depth-limit
mythril.laser.plugin.loader [INFO]: Loading laser plugin: instruction-profiler
mythril.laser.plugin.loader [INFO]: Loading laser plugin: dependency-pruner
mythril.laser.plugin.loader [INFO]: Instrumenting symbolic vm with plugin: coverage
mythril.laser.plugin.loader [INFO]: Instrumenting symbolic vm with plugin: mutation-pruner
mythril.laser.plugin.loader [INFO]: Instrumenting symbolic vm with plugin: call-depth-limit
mythril.laser.plugin.loader [INFO]: Instrumenting symbolic vm with plugin: instruction-profiler
mythril.laser.plugin.loader [INFO]: Instrumenting symbolic vm with plugin: dependency-pruner
mythril.laser.ethereum.svm [DEBUG]: Starting LASER execution
mythril.laser.ethereum.svm [INFO]: Starting message call transaction to 0
mythril.laser.ethereum.svm [INFO]: Starting message call transaction, iteration: 0, 1 initial states
mythril.laser.ethereum.instructions [DEBUG]: Evaluating PUSH1 at 0
mythril.laser.ethereum.instructions [DEBUG]: Evaluating PUSH1 at 1
mythril.laser.ethereum.instructions [DEBUG]: Evaluating MSTORE at 2
mythril.laser.ethereum.instructions [DEBUG]: Evaluating PUSH1 at 3
mythril.laser.ethereum.instructions [DEBUG]: Evaluating CALLDATALOAD at 4
mythril.laser.ethereum.instructions [DEBUG]: Evaluating PUSH29 at 5
mythril.laser.ethereum.instructions [DEBUG]: Evaluating SWAP1 at 6
mythril.laser.ethereum.instructions [DEBUG]: Evaluating DIV at 7
mythril.laser.ethereum.instructions [DEBUG]: Evaluating PUSH4 at 8
mythril.laser.ethereum.instructions [DEBUG]: Evaluating AND at 9
mythril.laser.ethereum.instructions [DEBUG]: Evaluating DUP1 at 10
mythril.laser.ethereum.instructions [DEBUG]: Evaluating PUSH4 at 11
mythril.laser.ethereum.instructions [DEBUG]: Evaluating EQ at 12
mythril.laser.ethereum.instructions [DEBUG]: Evaluating PUSH1 at 13
mythril.analysis.module.base [DEBUG]: Entering analysis module: TxOrigin
mythril.analysis.module.base [DEBUG]: Exiting analysis module: TxOrigin
mythril.analysis.module.base [DEBUG]: Entering analysis module: IntegerArithmetics
mythril.analysis.module.base [DEBUG]: Exiting analysis module: IntegerArithmetics
mythril.laser.ethereum.instructions [DEBUG]: Evaluating JUMPI at 14
mythril.laser.ethereum.svm [DEBUG]: - Entering function MAIN:unknown
mythril.laser.ethereum.instructions [DEBUG]: Evaluating JUMPDEST at 15
mythril.laser.ethereum.instructions [DEBUG]: Evaluating JUMPDEST at 19
mythril.laser.ethereum.instructions [DEBUG]: Evaluating PUSH1 at 16
mythril.laser.ethereum.instructions [DEBUG]: Evaluating CALLVALUE at 20
mythril.laser.ethereum.instructions [DEBUG]: Evaluating DUP1 at 17
mythril.laser.ethereum.instructions [DEBUG]: Evaluating ISZERO at 21
mythril.laser.ethereum.instructions [DEBUG]: Evaluating REVERT at 18
mythril.laser.ethereum.svm [DEBUG]: Ending transaction MessageCallTransaction 1 from sender_1 to                                        0x0.
mythril.laser.ethereum.instructions [DEBUG]: Evaluating PUSH1 at 22
mythril.analysis.module.base [DEBUG]: Entering analysis module: TxOrigin
mythril.analysis.module.base [DEBUG]: Exiting analysis module: TxOrigin
mythril.analysis.module.base [DEBUG]: Entering analysis module: IntegerArithmetics
mythril.analysis.module.base [DEBUG]: Exiting analysis module: IntegerArithmetics
mythril.laser.ethereum.instructions [DEBUG]: Evaluating JUMPI at 23
mythril.laser.ethereum.instructions [DEBUG]: Evaluating PUSH1 at 24
mythril.laser.ethereum.instructions [DEBUG]: Evaluating JUMPDEST at 27
mythril.laser.ethereum.instructions [DEBUG]: Evaluating DUP1 at 25
mythril.laser.ethereum.instructions [DEBUG]: Evaluating PUSH1 at 28
mythril.laser.ethereum.instructions [DEBUG]: Evaluating REVERT at 26
mythril.laser.ethereum.svm [DEBUG]: Ending transaction MessageCallTransaction 1 from sender_1 to                                        0x0.
mythril.laser.ethereum.instructions [DEBUG]: Evaluating PUSH1 at 29
mythril.laser.ethereum.instructions [DEBUG]: Evaluating DUP1 at 30
mythril.laser.ethereum.instructions [DEBUG]: Evaluating DUP1 at 31
mythril.laser.ethereum.instructions [DEBUG]: Evaluating CALLDATALOAD at 32
mythril.laser.ethereum.instructions [DEBUG]: Evaluating PUSH20 at 33
mythril.laser.ethereum.instructions [DEBUG]: Evaluating AND at 34
mythril.laser.ethereum.instructions [DEBUG]: Evaluating SWAP1 at 35
mythril.laser.ethereum.instructions [DEBUG]: Evaluating PUSH1 at 36
mythril.analysis.module.base [DEBUG]: Entering analysis module: IntegerArithmetics
mythril.analysis.module.base [DEBUG]: Exiting analysis module: IntegerArithmetics
mythril.laser.ethereum.instructions [DEBUG]: Evaluating ADD at 37
mythril.laser.ethereum.instructions [DEBUG]: Evaluating SWAP1 at 38
mythril.laser.ethereum.instructions [DEBUG]: Evaluating SWAP2 at 39
mythril.laser.ethereum.instructions [DEBUG]: Evaluating SWAP1 at 40
mythril.laser.ethereum.instructions [DEBUG]: Evaluating POP at 41
mythril.laser.ethereum.instructions [DEBUG]: Evaluating POP at 42
mythril.laser.ethereum.instructions [DEBUG]: Evaluating PUSH1 at 43
mythril.laser.ethereum.instructions [DEBUG]: Evaluating JUMP at 44
mythril.laser.ethereum.instructions [DEBUG]: Evaluating JUMPDEST at 47
mythril.laser.ethereum.instructions [DEBUG]: Evaluating DUP1 at 48
mythril.laser.ethereum.instructions [DEBUG]: Evaluating PUSH1 at 49
mythril.laser.ethereum.instructions [DEBUG]: Evaluating DUP1 at 50
mythril.laser.ethereum.instructions [DEBUG]: Evaluating PUSH2 at 51
mythril.analysis.module.base [DEBUG]: Entering analysis module: IntegerArithmetics
mythril.analysis.module.base [DEBUG]: Exiting analysis module: IntegerArithmetics
mythril.laser.ethereum.instructions [DEBUG]: Evaluating EXP at 52
mythril.laser.ethereum.instructions [DEBUG]: Evaluating DUP2 at 53
mythril.laser.ethereum.instructions [DEBUG]: Evaluating SLOAD at 54
mythril.laser.ethereum.instructions [DEBUG]: Evaluating DUP2 at 55
mythril.laser.ethereum.instructions [DEBUG]: Evaluating PUSH20 at 56
mythril.analysis.module.base [DEBUG]: Entering analysis module: IntegerArithmetics
mythril.analysis.module.base [DEBUG]: Exiting analysis module: IntegerArithmetics
mythril.laser.ethereum.instructions [DEBUG]: Evaluating MUL at 57
mythril.laser.ethereum.instructions [DEBUG]: Evaluating NOT at 58
mythril.laser.ethereum.instructions [DEBUG]: Evaluating AND at 59
mythril.laser.ethereum.instructions [DEBUG]: Evaluating SWAP1 at 60
mythril.laser.ethereum.instructions [DEBUG]: Evaluating DUP4 at 61
mythril.laser.ethereum.instructions [DEBUG]: Evaluating PUSH20 at 62
mythril.laser.ethereum.instructions [DEBUG]: Evaluating AND at 63
mythril.analysis.module.base [DEBUG]: Entering analysis module: IntegerArithmetics
mythril.analysis.module.base [DEBUG]: Exiting analysis module: IntegerArithmetics
mythril.laser.ethereum.instructions [DEBUG]: Evaluating MUL at 64
mythril.laser.ethereum.instructions [DEBUG]: Evaluating OR at 65
mythril.laser.ethereum.instructions [DEBUG]: Evaluating SWAP1 at 66
mythril.analysis.module.base [DEBUG]: Entering analysis module: ArbitraryStorage
mythril.analysis.module.base [DEBUG]: Exiting analysis module: ArbitraryStorage
mythril.analysis.module.base [DEBUG]: Entering analysis module: IntegerArithmetics
mythril.analysis.module.base [DEBUG]: Exiting analysis module: IntegerArithmetics
mythril.analysis.module.base [DEBUG]: Entering analysis module: StateChangeAfterCall
mythril.analysis.module.base [DEBUG]: Exiting analysis module: StateChangeAfterCall
mythril.laser.ethereum.instructions [DEBUG]: Evaluating SSTORE at 67
mythril.laser.ethereum.instructions [DEBUG]: Evaluating POP at 68
mythril.laser.ethereum.instructions [DEBUG]: Evaluating JUMPDEST at 69
mythril.laser.ethereum.instructions [DEBUG]: Evaluating POP at 70
mythril.laser.ethereum.instructions [DEBUG]: Evaluating JUMP at 71
mythril.laser.ethereum.instructions [DEBUG]: Evaluating JUMPDEST at 45
mythril.analysis.module.base [DEBUG]: Entering analysis module: IntegerArithmetics
mythril.analysis.module.base [DEBUG]: Exiting analysis module: IntegerArithmetics
mythril.analysis.module.base [DEBUG]: Entering analysis module: UncheckedRetval
mythril.analysis.module.base [DEBUG]: Exiting analysis module: UncheckedRetval
mythril.laser.ethereum.instructions [DEBUG]: Evaluating STOP at 46
mythril.laser.ethereum.svm [DEBUG]: Ending transaction MessageCallTransaction 1 from sender_1 to                                        0x0.
mythril.laser.plugin.plugins.coverage.coverage_plugin [INFO]: Number of new instructions covered in tx 0: 72
mythril.laser.ethereum.svm [INFO]: Starting message call transaction, iteration: 1, 1 initial states
mythril.laser.ethereum.instructions [DEBUG]: Evaluating PUSH1 at 0
mythril.laser.ethereum.instructions [DEBUG]: Evaluating PUSH1 at 1
mythril.laser.ethereum.instructions [DEBUG]: Evaluating MSTORE at 2
mythril.laser.ethereum.instructions [DEBUG]: Evaluating PUSH1 at 3
mythril.laser.ethereum.instructions [DEBUG]: Evaluating CALLDATALOAD at 4
mythril.laser.ethereum.instructions [DEBUG]: Evaluating PUSH29 at 5
mythril.laser.ethereum.instructions [DEBUG]: Evaluating SWAP1 at 6
mythril.laser.ethereum.instructions [DEBUG]: Evaluating DIV at 7
mythril.laser.ethereum.instructions [DEBUG]: Evaluating PUSH4 at 8
mythril.laser.ethereum.instructions [DEBUG]: Evaluating AND at 9
mythril.laser.ethereum.instructions [DEBUG]: Evaluating DUP1 at 10
mythril.laser.ethereum.instructions [DEBUG]: Evaluating PUSH4 at 11
mythril.laser.ethereum.instructions [DEBUG]: Evaluating EQ at 12
mythril.laser.ethereum.instructions [DEBUG]: Evaluating PUSH1 at 13
mythril.analysis.module.base [DEBUG]: Entering analysis module: TxOrigin
mythril.analysis.module.base [DEBUG]: Exiting analysis module: TxOrigin
mythril.analysis.module.base [DEBUG]: Entering analysis module: IntegerArithmetics
mythril.analysis.module.base [DEBUG]: Exiting analysis module: IntegerArithmetics
mythril.laser.ethereum.instructions [DEBUG]: Evaluating JUMPI at 14
mythril.laser.ethereum.svm [DEBUG]: - Entering function MAIN:unknown
mythril.laser.ethereum.instructions [DEBUG]: Evaluating JUMPDEST at 15
mythril.laser.ethereum.instructions [DEBUG]: Evaluating JUMPDEST at 19
mythril.laser.ethereum.instructions [DEBUG]: Evaluating PUSH1 at 16
mythril.laser.ethereum.instructions [DEBUG]: Evaluating CALLVALUE at 20
mythril.laser.ethereum.instructions [DEBUG]: Evaluating DUP1 at 17
mythril.laser.ethereum.instructions [DEBUG]: Evaluating ISZERO at 21
mythril.laser.ethereum.instructions [DEBUG]: Evaluating REVERT at 18
mythril.laser.ethereum.svm [DEBUG]: Ending transaction MessageCallTransaction 2 from sender_2 to                                        0x0.
mythril.laser.ethereum.instructions [DEBUG]: Evaluating PUSH1 at 22
mythril.analysis.module.base [DEBUG]: Entering analysis module: TxOrigin
mythril.analysis.module.base [DEBUG]: Exiting analysis module: TxOrigin
mythril.analysis.module.base [DEBUG]: Entering analysis module: IntegerArithmetics
mythril.analysis.module.base [DEBUG]: Exiting analysis module: IntegerArithmetics
mythril.laser.ethereum.instructions [DEBUG]: Evaluating JUMPI at 23
mythril.laser.ethereum.instructions [DEBUG]: Evaluating PUSH1 at 24
mythril.laser.ethereum.instructions [DEBUG]: Evaluating JUMPDEST at 27
mythril.laser.ethereum.instructions [DEBUG]: Evaluating DUP1 at 25
mythril.laser.ethereum.instructions [DEBUG]: Evaluating PUSH1 at 28
mythril.laser.ethereum.instructions [DEBUG]: Evaluating REVERT at 26
mythril.laser.ethereum.svm [DEBUG]: Ending transaction MessageCallTransaction 2 from sender_2 to                                        0x0.
mythril.laser.ethereum.instructions [DEBUG]: Evaluating PUSH1 at 29
mythril.laser.ethereum.instructions [DEBUG]: Evaluating DUP1 at 30
mythril.laser.ethereum.instructions [DEBUG]: Evaluating DUP1 at 31
mythril.laser.ethereum.instructions [DEBUG]: Evaluating CALLDATALOAD at 32
mythril.laser.ethereum.instructions [DEBUG]: Evaluating PUSH20 at 33
mythril.laser.ethereum.instructions [DEBUG]: Evaluating AND at 34
mythril.laser.ethereum.instructions [DEBUG]: Evaluating SWAP1 at 35
mythril.laser.ethereum.instructions [DEBUG]: Evaluating PUSH1 at 36
mythril.analysis.module.base [DEBUG]: Entering analysis module: IntegerArithmetics
mythril.analysis.module.base [DEBUG]: Exiting analysis module: IntegerArithmetics
mythril.laser.ethereum.instructions [DEBUG]: Evaluating ADD at 37
mythril.laser.ethereum.instructions [DEBUG]: Evaluating SWAP1 at 38
mythril.laser.ethereum.instructions [DEBUG]: Evaluating SWAP2 at 39
mythril.laser.ethereum.instructions [DEBUG]: Evaluating SWAP1 at 40
mythril.laser.ethereum.instructions [DEBUG]: Evaluating POP at 41
mythril.laser.ethereum.instructions [DEBUG]: Evaluating POP at 42
mythril.laser.ethereum.instructions [DEBUG]: Evaluating PUSH1 at 43
mythril.laser.ethereum.instructions [DEBUG]: Evaluating JUMP at 44
mythril.laser.ethereum.instructions [DEBUG]: Evaluating JUMPDEST at 47
mythril.laser.ethereum.instructions [DEBUG]: Evaluating DUP1 at 48
mythril.laser.ethereum.instructions [DEBUG]: Evaluating PUSH1 at 49
mythril.laser.ethereum.instructions [DEBUG]: Evaluating DUP1 at 50
mythril.laser.ethereum.instructions [DEBUG]: Evaluating PUSH2 at 51
mythril.analysis.module.base [DEBUG]: Entering analysis module: IntegerArithmetics
mythril.analysis.module.base [DEBUG]: Exiting analysis module: IntegerArithmetics
mythril.laser.ethereum.instructions [DEBUG]: Evaluating EXP at 52
mythril.laser.ethereum.instructions [DEBUG]: Evaluating DUP2 at 53
mythril.laser.ethereum.instructions [DEBUG]: Evaluating SLOAD at 54
mythril.laser.ethereum.instructions [DEBUG]: Evaluating DUP2 at 55
mythril.laser.ethereum.instructions [DEBUG]: Evaluating PUSH20 at 56
mythril.analysis.module.base [DEBUG]: Entering analysis module: IntegerArithmetics
mythril.analysis.module.base [DEBUG]: Exiting analysis module: IntegerArithmetics
mythril.laser.ethereum.instructions [DEBUG]: Evaluating MUL at 57
mythril.laser.ethereum.instructions [DEBUG]: Evaluating NOT at 58
mythril.laser.ethereum.instructions [DEBUG]: Evaluating AND at 59
mythril.laser.ethereum.instructions [DEBUG]: Evaluating SWAP1 at 60
mythril.laser.ethereum.instructions [DEBUG]: Evaluating DUP4 at 61
mythril.laser.ethereum.instructions [DEBUG]: Evaluating PUSH20 at 62
mythril.laser.ethereum.instructions [DEBUG]: Evaluating AND at 63
mythril.analysis.module.base [DEBUG]: Entering analysis module: IntegerArithmetics
mythril.analysis.module.base [DEBUG]: Exiting analysis module: IntegerArithmetics
mythril.laser.ethereum.instructions [DEBUG]: Evaluating MUL at 64
mythril.laser.ethereum.instructions [DEBUG]: Evaluating OR at 65
mythril.laser.ethereum.instructions [DEBUG]: Evaluating SWAP1 at 66
mythril.analysis.module.base [DEBUG]: Entering analysis module: ArbitraryStorage
mythril.analysis.module.base [DEBUG]: Exiting analysis module: ArbitraryStorage
mythril.analysis.module.base [DEBUG]: Entering analysis module: IntegerArithmetics
mythril.analysis.module.base [DEBUG]: Exiting analysis module: IntegerArithmetics
mythril.analysis.module.base [DEBUG]: Entering analysis module: StateChangeAfterCall
mythril.analysis.module.base [DEBUG]: Exiting analysis module: StateChangeAfterCall
mythril.laser.ethereum.instructions [DEBUG]: Evaluating SSTORE at 67
mythril.laser.ethereum.instructions [DEBUG]: Evaluating POP at 68
mythril.laser.ethereum.instructions [DEBUG]: Evaluating JUMPDEST at 69
mythril.laser.ethereum.instructions [DEBUG]: Evaluating POP at 70
mythril.laser.ethereum.instructions [DEBUG]: Evaluating JUMP at 71
mythril.laser.ethereum.instructions [DEBUG]: Evaluating JUMPDEST at 45
mythril.analysis.module.base [DEBUG]: Entering analysis module: IntegerArithmetics
mythril.analysis.module.base [DEBUG]: Exiting analysis module: IntegerArithmetics
mythril.analysis.module.base [DEBUG]: Entering analysis module: UncheckedRetval
mythril.analysis.module.base [DEBUG]: Exiting analysis module: UncheckedRetval
mythril.laser.ethereum.instructions [DEBUG]: Evaluating STOP at 46
mythril.laser.ethereum.svm [DEBUG]: Ending transaction MessageCallTransaction 2 from sender_2 to                                        0x0.
mythril.laser.plugin.plugins.coverage.coverage_plugin [INFO]: Number of new instructions covered in tx 1: 0
mythril.laser.ethereum.svm [INFO]: Finished symbolic execution
mythril.laser.plugin.plugins.coverage.coverage_plugin [INFO]: Achieved 98.63% coverage for code: 60606040526000357c0100000000000000000000000000000000000000000000000000000000900463ffffffff168063a6f9dae114603d575b600080fd5b3415604757600080fd5b6071600480803573ffffffffffffffffffffffffffffffffffffffff169060200190919050506073565b005b806000806101000a81548173ffffffffffffffffffffffffffffffffffffffff021916908373ffffffffffffffffffffffffffffffffffffffff1602179055505b505600
mythril.laser.plugin.plugins.instruction_profiler [INFO]: Total: 0.1089169979095459 s
[ADD         ]   0.6884 %,  nr      2,  total   0.0007 s,  avg   0.0004 s,  min   0.0004 s,  max   0.0004 s
[AND         ]   2.4858 %,  nr      8,  total   0.0027 s,  avg   0.0003 s,  min   0.0003 s,  max   0.0004 s
[CALLDATALOAD]  30.0890 %,  nr      4,  total   0.0328 s,  avg   0.0082 s,  min   0.0078 s,  max   0.0085 s
[CALLVALUE   ]   0.5078 %,  nr      2,  total   0.0006 s,  avg   0.0003 s,  min   0.0003 s,  max   0.0003 s
[DIV         ]   0.9686 %,  nr      2,  total   0.0011 s,  avg   0.0005 s,  min   0.0005 s,  max   0.0005 s
[DUP1        ]   3.6239 %,  nr     14,  total   0.0039 s,  avg   0.0003 s,  min   0.0002 s,  max   0.0003 s
[DUP2        ]   1.1532 %,  nr      4,  total   0.0013 s,  avg   0.0003 s,  min   0.0003 s,  max   0.0004 s
[DUP4        ]   0.5096 %,  nr      2,  total   0.0006 s,  avg   0.0003 s,  min   0.0003 s,  max   0.0003 s
[EQ          ]   0.5967 %,  nr      2,  total   0.0006 s,  avg   0.0003 s,  min   0.0003 s,  max   0.0003 s
[EXP         ]   0.7254 %,  nr      2,  total   0.0008 s,  avg   0.0004 s,  min   0.0004 s,  max   0.0004 s
[ISZERO      ]   0.8134 %,  nr      2,  total   0.0009 s,  avg   0.0004 s,  min   0.0004 s,  max   0.0005 s
[JUMP        ]   2.1713 %,  nr      4,  total   0.0024 s,  avg   0.0006 s,  min   0.0006 s,  max   0.0006 s
[JUMPDEST    ]   4.0919 %,  nr     12,  total   0.0045 s,  avg   0.0004 s,  min   0.0003 s,  max   0.0007 s
[JUMPI       ]   4.8909 %,  nr      4,  total   0.0053 s,  avg   0.0013 s,  min   0.0011 s,  max   0.0015 s
[MSTORE      ]  20.6790 %,  nr      2,  total   0.0225 s,  avg   0.0113 s,  min   0.0109 s,  max   0.0116 s
[MUL         ]   1.5831 %,  nr      4,  total   0.0017 s,  avg   0.0004 s,  min   0.0003 s,  max   0.0005 s
[NOT         ]   0.6197 %,  nr      2,  total   0.0007 s,  avg   0.0003 s,  min   0.0003 s,  max   0.0003 s
[OR          ]   1.6481 %,  nr      2,  total   0.0018 s,  avg   0.0009 s,  min   0.0004 s,  max   0.0014 s
[POP         ]   2.2111 %,  nr      8,  total   0.0024 s,  avg   0.0003 s,  min   0.0003 s,  max   0.0004 s
[PUSH1       ]   9.1237 %,  nr     24,  total   0.0099 s,  avg   0.0004 s,  min   0.0003 s,  max   0.0007 s
[PUSH2       ]   0.6887 %,  nr      2,  total   0.0008 s,  avg   0.0004 s,  min   0.0003 s,  max   0.0005 s
[PUSH20      ]   2.3744 %,  nr      6,  total   0.0026 s,  avg   0.0004 s,  min   0.0003 s,  max   0.0006 s
[PUSH29      ]   1.0220 %,  nr      2,  total   0.0011 s,  avg   0.0006 s,  min   0.0005 s,  max   0.0006 s
[PUSH4       ]   1.1558 %,  nr      4,  total   0.0013 s,  avg   0.0003 s,  min   0.0003 s,  max   0.0004 s
[SLOAD       ]   0.8925 %,  nr      2,  total   0.0010 s,  avg   0.0005 s,  min   0.0004 s,  max   0.0006 s
[SSTORE      ]   0.7769 %,  nr      2,  total   0.0008 s,  avg   0.0004 s,  min   0.0004 s,  max   0.0005 s
[SWAP1       ]   3.3914 %,  nr     12,  total   0.0037 s,  avg   0.0003 s,  min   0.0003 s,  max   0.0004 s
[SWAP2       ]   0.5177 %,  nr      2,  total   0.0006 s,  avg   0.0003 s,  min   0.0003 s,  max   0.0003 s

mythril.analysis.security [INFO]: Starting analysis
mythril.analysis.security [DEBUG]: Retrieving results for Caller can write to arbitrary storage locations
mythril.analysis.security [DEBUG]: Retrieving results for Delegatecall to a user-specified address
mythril.analysis.security [DEBUG]: Retrieving results for Control flow depends on tx.origin
mythril.analysis.security [DEBUG]: Retrieving results for Any sender can withdraw ETH from the contract account
mythril.analysis.security [DEBUG]: Retrieving results for Integer overflow or underflow
mythril.analysis.security [DEBUG]: Retrieving results for State change after an external call
mythril.analysis.security [DEBUG]: Retrieving results for Contract can be accidentally killed by anyone
mythril.analysis.security [DEBUG]: Retrieving results for Return value of an external call is not checked
mythril.mythril.mythril_analyzer [INFO]: Solver statistics: 
Query count: 21 
Solver time: 0.2970926761627197
{"error": null, "issues": [], "success": true}
