smartbugs/dataset/bad_randomness/blackjack.sol:69:4: Warning: "throw" is deprecated in favour of "revert()", "require()" and "assert()".
			throw; // game doesn't exist or already finished
			^---^
smartbugs/dataset/bad_randomness/blackjack.sol:90:2: Warning: Defining constructors as functions with the same name as the contract is deprecated. Use "constructor(...) { ... }" instead.
	function BlackJack() {
 ^ (Relevant source part starts here and spans across multiple lines).
smartbugs/dataset/bad_randomness/blackjack.sol:101:4: Warning: "throw" is deprecated in favour of "revert()", "require()" and "assert()".
			throw; // game is already going on
			^---^
smartbugs/dataset/bad_randomness/blackjack.sol:105:4: Warning: "throw" is deprecated in favour of "revert()", "require()" and "assert()".
			throw; // incorrect bet
			^---^
smartbugs/dataset/bad_randomness/blackjack.sol:143:8: Warning: Use of the "var" keyword is deprecated.
		var (houseScore, houseScoreBig) = calculateScore(games[msg.sender].houseCards);
		     ^--------^
smartbugs/dataset/bad_randomness/blackjack.sol:143:20: Warning: Use of the "var" keyword is deprecated.
		var (houseScore, houseScoreBig) = calculateScore(games[msg.sender].houseCards);
		                 ^-----------^
smartbugs/dataset/bad_randomness/blackjack.sol:160:8: Warning: Use of the "var" keyword is deprecated.
		var (houseScore, houseScoreBig) = calculateScore(game.houseCards);
		     ^--------^
smartbugs/dataset/bad_randomness/blackjack.sol:160:20: Warning: Use of the "var" keyword is deprecated.
		var (houseScore, houseScoreBig) = calculateScore(game.houseCards);
		                 ^-----------^
smartbugs/dataset/bad_randomness/blackjack.sol:162:8: Warning: Use of the "var" keyword is deprecated.
		var (playerScore, playerScoreBig) = calculateScore(game.playerCards);
		     ^---------^
smartbugs/dataset/bad_randomness/blackjack.sol:162:21: Warning: Use of the "var" keyword is deprecated.
		var (playerScore, playerScoreBig) = calculateScore(game.playerCards);
		                  ^------------^
smartbugs/dataset/bad_randomness/blackjack.sol:169:37: Warning: "throw" is deprecated in favour of "revert()", "require()" and "assert()".
				if (!msg.sender.send(game.bet)) throw; // return bet to the player
				                                ^---^
smartbugs/dataset/bad_randomness/blackjack.sol:182:48: Warning: "throw" is deprecated in favour of "revert()", "require()" and "assert()".
					if (!msg.sender.send((game.bet * 5) / 2)) throw; // send prize to the player
					                                          ^---^
smartbugs/dataset/bad_randomness/blackjack.sol:185:42: Warning: "throw" is deprecated in favour of "revert()", "require()" and "assert()".
					if (!msg.sender.send(game.bet * 2)) throw; // send prize to the player
					                                    ^---^
smartbugs/dataset/bad_randomness/blackjack.sol:222:43: Warning: "throw" is deprecated in favour of "revert()", "require()" and "assert()".
						if (!msg.sender.send(game.bet * 2)) throw; // send prize to the player
						                                    ^---^
smartbugs/dataset/bad_randomness/blackjack.sol:235:38: Warning: "throw" is deprecated in favour of "revert()", "require()" and "assert()".
					if (!msg.sender.send(game.bet)) throw; // return bet to the player
					                                ^---^
smartbugs/dataset/bad_randomness/blackjack.sol:239:42: Warning: "throw" is deprecated in favour of "revert()", "require()" and "assert()".
					if (!msg.sender.send(game.bet * 2)) throw; // send prize to the player
					                                    ^---^
smartbugs/dataset/bad_randomness/blackjack.sol:267:4: Warning: "throw" is deprecated in favour of "revert()", "require()" and "assert()".
			throw;
			^---^
smartbugs/dataset/bad_randomness/blackjack.sol:274:4: Warning: "throw" is deprecated in favour of "revert()", "require()" and "assert()".
			throw;
			^---^
smartbugs/dataset/bad_randomness/blackjack.sol:289:4: Warning: "throw" is deprecated in favour of "revert()", "require()" and "assert()".
			throw; // game doesn't exist
			^---^
smartbugs/dataset/bad_randomness/blackjack.sol:9:1: Warning: Source file does not specify required compiler version!Consider adding "pragma solidity ^0.4.24;"
library Deck {
^ (Relevant source part starts here and spans across multiple lines).
smartbugs/dataset/bad_randomness/blackjack.sol:292:3: Warning: Variable is declared as a storage pointer. Use an explicit "storage" keyword to silence this warning.
		Game game = games[msg.sender];
		^-------^
smartbugs/dataset/bad_randomness/blackjack.sol:20:24: Warning: This function only accepts a single "bytes" argument. Please use "abi.encodePacked(...)" or a similar function to encode the data.
		return uint8(uint256(keccak256(block.blockhash(b), player, cardNumber, timestamp)) % 52);
		                     ^----------------------------------------------------------^
smartbugs/dataset/bad_randomness/blackjack.sol:113:3: Warning: Invoking events without "emit" prefix is deprecated.
		Deal(true, playerCards[0]);
		^------------------------^
smartbugs/dataset/bad_randomness/blackjack.sol:115:3: Warning: Invoking events without "emit" prefix is deprecated.
		Deal(false, houseCards[0]);
		^------------------------^
smartbugs/dataset/bad_randomness/blackjack.sol:117:3: Warning: Invoking events without "emit" prefix is deprecated.
		Deal(true, playerCards[1]);
		^------------------------^
smartbugs/dataset/bad_randomness/blackjack.sol:136:3: Warning: Invoking events without "emit" prefix is deprecated.
		Deal(true, games[msg.sender].playerCards[games[msg.sender].playerCards.length - 1]);
		^---------------------------------------------------------------------------------^
smartbugs/dataset/bad_randomness/blackjack.sol:151:4: Warning: Invoking events without "emit" prefix is deprecated.
			Deal(false, newCard);
			^------------------^
smartbugs/dataset/bad_randomness/blackjack.sol:164:3: Warning: Invoking events without "emit" prefix is deprecated.
		GameStatus(houseScore, houseScoreBig, playerScore, playerScoreBig);
		^----------------------------------------------------------------^
smartbugs/dataset/bad_randomness/blackjack.sol:193:6: Warning: Invoking events without "emit" prefix is deprecated.
					Log(1);
					^----^
smartbugs/dataset/bad_randomness/blackjack.sol:20:34: Warning: "block.blockhash()" has been deprecated in favor of "blockhash()"
		return uint8(uint256(keccak256(block.blockhash(b), player, cardNumber, timestamp)) % 52);
		                               ^-------------^
smartbugs/dataset/bad_randomness/blackjack.sol:90:2: Warning: No visibility specified. Defaulting to "public". 
	function BlackJack() {
 ^ (Relevant source part starts here and spans across multiple lines).
smartbugs/dataset/bad_randomness/blackjack.sol:94:2: Warning: No visibility specified. Defaulting to "public". 
	function () payable {
 ^ (Relevant source part starts here and spans across multiple lines).
smartbugs/dataset/bad_randomness/blackjack.sol:143:8: Warning: Unused local variable.
		var (houseScore, houseScoreBig) = calculateScore(games[msg.sender].houseCards);
		     ^--------^
smartbugs/dataset/bad_randomness/blackjack.sol:14:2: Warning: Function state mutability can be restricted to view
	function deal(address player, uint8 cardNumber) internal returns (uint8) {
 ^ (Relevant source part starts here and spans across multiple lines).
smartbugs/dataset/bad_randomness/blackjack.sol:23:2: Warning: Function state mutability can be restricted to pure
	function valueOf(uint8 card, bool isBigAce) internal constant returns (uint8) {
 ^ (Relevant source part starts here and spans across multiple lines).
smartbugs/dataset/bad_randomness/blackjack.sol:34:2: Warning: Function state mutability can be restricted to pure
	function isAce(uint8 card) internal constant returns (bool) {
 ^ (Relevant source part starts here and spans across multiple lines).
smartbugs/dataset/bad_randomness/blackjack.sol:38:2: Warning: Function state mutability can be restricted to pure
	function isTen(uint8 card) internal constant returns (bool) {
 ^ (Relevant source part starts here and spans across multiple lines).
FATAL ERROR: Ineffective mark-compacts near heap limit Allocation failed - JavaScript heap out of memory
 1: 0x8fb090 node::Abort() [node]
 2: 0x8fb0dc  [node]
 3: 0xb0336e v8::Utils::ReportOOMFailure(v8::internal::Isolate*, char const*, bool) [node]
 4: 0xb035a4 v8::internal::V8::FatalProcessOutOfMemory(v8::internal::Isolate*, char const*, bool) [node]
 5: 0xef7602  [node]
 6: 0xef7708 v8::internal::Heap::CheckIneffectiveMarkCompact(unsigned long, double) [node]
 7: 0xf037e2 v8::internal::Heap::PerformGarbageCollection(v8::internal::GarbageCollector, v8::GCCallbackFlags) [node]
 8: 0xf04114 v8::internal::Heap::CollectGarbage(v8::internal::AllocationSpace, v8::internal::GarbageCollectionReason, v8::GCCallbackFlags) [node]
 9: 0xf06d81 v8::internal::Heap::AllocateRawWithRetryOrFail(int, v8::internal::AllocationSpace, v8::internal::AllocationAlignment) [node]
10: 0xed0204 v8::internal::Factory::NewFillerObject(int, bool, v8::internal::AllocationSpace) [node]
11: 0x11702de v8::internal::Runtime_AllocateInNewSpace(int, v8::internal::Object**, v8::internal::Isolate*) [node]
12: 0x22d30db5bf1d 
Aborted (core dumped)
npm ERR! code ELIFECYCLE
npm ERR! errno 134
npm ERR! symEvm@1.0.0 dev: `node src/index.js "smartbugs/dataset/bad_randomness/blackjack.sol" "results/bad_randomness/blackjack" "BlackJack"`
npm ERR! Exit status 134
npm ERR! 
npm ERR! Failed at the symEvm@1.0.0 dev script.
npm ERR! This is probably not a problem with npm. There is likely additional logging output above.

npm ERR! A complete log of this run can be found in:
npm ERR!     /root/.npm/_logs/2024-05-20T12_42_34_662Z-debug.log
