 ______     __         __  __     ______     __     __  __     __    __    
/\  ___\   /\ \       /\ \_\ \   /\  ___\   /\ \   /\ \/\ \   /\ "-./  \   
\ \  __\   \ \ \____  \ \____ \  \ \___  \  \ \ \  \ \ \_\ \  \ \ \-./\ \  
 \ \_____\  \ \_____\  \/\_____\  \/\_____\  \ \_\  \ \_____\  \ \_\ \ \_\ 
  \/_____/   \/_____/   \/_____/   \/_____/   \/_/   \/_____/   \/_/  \/_/ 
                                                                           
Compiling source code...
Retrieving bytecode for contract 'DrainMe'.
Please wait. Scanning bytecode for bugs...
Running Osiris...
Finished running Osiris. Execution time 22.74541449546814 seconds. Code coverage 98.0%.
Running Oyente...
Finished running Oyente. Execution time 2.907294511795044 seconds. Code coverage 96.7%.
Running Mythril...
Finished running Mythril. Execution time 90.42967820167542 seconds. Code coverage 82.53%.
Detected 5 bug(s):
--> Detected 'unhandled exception' bug at program counter address 804 (0x324) using Mythril with a code coverage of 82.53%.
--> Detected 'unhandled exception' bug at program counter address 889 (0x379) using Mythril with a code coverage of 82.53%.
--> Detected 'overflow' (ADD) bug at program counter address 1145 (0x479) using Osiris with a code coverage of 98.0%.
--> Detected 'reentrancy' bug at program counter address 1553 (0x611) using Oyente with a code coverage of 96.7%.
--> Detected 'unhandled exception' bug at program counter address 1553 (0x611) using Mythril with a code coverage of 82.53%.
Exporting original control-flow graph...
Recovering control-flow graph...
Recovered 100% of the control-flow graph
Number of execution paths accessing storage: 30
Runtime bytecode size: 2063 bytes (original: 1954 bytes) 5.578300921187308% increase.
Metadata: 0xa165627a7a7230582070b42c2b608e59753ee528c352e598db74ea669c2a7ed719f88bbd0c10e419760029
Exporting patched control-flow graph...
