 ______     __         __  __     ______     __     __  __     __    __    
/\  ___\   /\ \       /\ \_\ \   /\  ___\   /\ \   /\ \/\ \   /\ "-./  \   
\ \  __\   \ \ \____  \ \____ \  \ \___  \  \ \ \  \ \ \_\ \  \ \ \-./\ \  
 \ \_____\  \ \_____\  \/\_____\  \/\_____\  \ \_\  \ \_____\  \ \_\ \ \_\ 
  \/_____/   \/_____/   \/_____/   \/_____/   \/_/   \/_____/   \/_/  \/_/ 
                                                                           
Compiling source code...
Retrieving bytecode for contract 'EtherBank'.
Please wait. Scanning bytecode for bugs...
Running Osiris...
Finished running Osiris. Execution time 1.1157867908477783 seconds. Code coverage 99.5%.
Running Oyente...
Finished running Oyente. Execution time 1.7032082080841064 seconds. Code coverage 97.9%.
Running Mythril...
Finished running Mythril. Execution time 9.387510061264038 seconds. Code coverage 99.48%.
Detected 1 bug(s):
--> Detected 'reentrancy' bug at program counter address 231 (0xe7) using Oyente with a code coverage of 97.9%.
Exporting original control-flow graph...
Recovering control-flow graph...
Recovered 100% of the control-flow graph
Number of execution paths accessing storage: 4
Deployment bytecode size: 32 bytes (original: 32 bytes) 0.0% increase.
Runtime bytecode size: 380 bytes (original: 329 bytes) 15.501519756838906% increase.
Metadata: 0xa165627a7a72305820af6bb664aab1d8e2c9151028242365903e448c6d348d476d9fe9235fb497f5730029
Exporting patched control-flow graph...
