 ______     __         __  __     ______     __     __  __     __    __    
/\  ___\   /\ \       /\ \_\ \   /\  ___\   /\ \   /\ \/\ \   /\ "-./  \   
\ \  __\   \ \ \____  \ \____ \  \ \___  \  \ \ \  \ \ \_\ \  \ \ \-./\ \  
 \ \_____\  \ \_____\  \/\_____\  \/\_____\  \ \_\  \ \_____\  \ \_\ \ \_\ 
  \/_____/   \/_____/   \/_____/   \/_____/   \/_/   \/_____/   \/_/  \/_/ 
                                                                           
Compiling source code...
Retrieving bytecode for contract 'WhaleGiveaway2'.
Please wait. Scanning bytecode for bugs...
Running Osiris...
Finished running Osiris. Execution time 14.673636198043823 seconds. Code coverage 99.8%.
Running Oyente...
Finished running Oyente. Execution time 0.9947335720062256 seconds. Code coverage 59.2%.
Running Mythril...
Finished running Mythril. Execution time 30.46614360809326 seconds. Code coverage 67.92%.
Detected 1 bug(s):
--> Detected 'leaking ether' bug at program counter address 741 (0x2e5) using Mythril with a code coverage of 67.92%.
Exporting original control-flow graph...
Recovering control-flow graph...
Recovered 100% of the control-flow graph
Number of execution paths accessing storage: 7
Runtime bytecode size: 802 bytes (original: 766 bytes) 4.699738903394255% increase.
Metadata: 0xa165627a7a72305820a95f4f073550d0d58c5e64860c4c3984a68d54d92b0dc03386e6d753b990f7350029
Exporting patched control-flow graph...
