mythril.mythril.mythril_config [INFO]: Creating mythril data directory 
mythril.mythril.mythril_config [INFO]: No config file found. Creating default: /root/.mythril/config.ini 
mythril.mythril.mythril_config [INFO]: Infura key not provided, so onchain access is disabled. Use --infura-id <INFURA_ID> or set it in the environment variable INFURA_ID or in the ~/.mythril/config.ini file 
mythril.support.signatures [INFO]: Using signature database at /root/.mythril/signatures.db
mythril.laser.ethereum.svm [INFO]: LASER EVM initialized with dynamic loader: <mythril.support.loader.DynLoader object at 0x7a9863192fa0>
mythril.laser.ethereum.strategy.extensions.bounded_loops [INFO]: Loaded search strategy extension: Loop bounds (limit = 3)
mythril.laser.plugin.loader [INFO]: Loading laser plugin: coverage
mythril.laser.plugin.loader [INFO]: Loading laser plugin: mutation-pruner
mythril.laser.plugin.loader [INFO]: Loading laser plugin: call-depth-limit
mythril.laser.plugin.loader [INFO]: Loading laser plugin: instruction-profiler
mythril.laser.plugin.loader [INFO]: Loading laser plugin: dependency-pruner
mythril.laser.plugin.loader [INFO]: Instrumenting symbolic vm with plugin: coverage
mythril.laser.plugin.loader [INFO]: Instrumenting symbolic vm with plugin: mutation-pruner
mythril.laser.plugin.loader [INFO]: Instrumenting symbolic vm with plugin: call-depth-limit
mythril.laser.plugin.loader [INFO]: Instrumenting symbolic vm with plugin: instruction-profiler
mythril.laser.plugin.loader [INFO]: Instrumenting symbolic vm with plugin: dependency-pruner
mythril.laser.ethereum.svm [DEBUG]: Starting LASER execution
mythril.laser.ethereum.svm [INFO]: Starting message call transaction to 0
mythril.laser.ethereum.svm [INFO]: Starting message call transaction, iteration: 0, 1 initial states
mythril.laser.ethereum.instructions [DEBUG]: Evaluating PUSH1 at 0
mythril.laser.ethereum.instructions [DEBUG]: Evaluating PUSH1 at 1
mythril.laser.ethereum.instructions [DEBUG]: Evaluating MSTORE at 2
mythril.laser.ethereum.instructions [DEBUG]: Evaluating PUSH1 at 3
mythril.laser.ethereum.instructions [DEBUG]: Evaluating CALLDATASIZE at 4
mythril.laser.ethereum.instructions [DEBUG]: Evaluating LT at 5
mythril.laser.ethereum.instructions [DEBUG]: Evaluating PUSH2 at 6
mythril.analysis.module.base [DEBUG]: Entering analysis module: TxOrigin
mythril.analysis.module.base [DEBUG]: Exiting analysis module: TxOrigin
mythril.analysis.module.base [DEBUG]: Entering analysis module: IntegerArithmetics
mythril.analysis.module.base [DEBUG]: Exiting analysis module: IntegerArithmetics
mythril.laser.ethereum.instructions [DEBUG]: Evaluating JUMPI at 7
mythril.laser.ethereum.instructions [DEBUG]: Evaluating PUSH4 at 8
mythril.laser.ethereum.instructions [DEBUG]: Evaluating JUMPDEST at 21
mythril.laser.ethereum.instructions [DEBUG]: Evaluating PUSH1 at 9
mythril.laser.ethereum.instructions [DEBUG]: Evaluating PUSH1 at 22
mythril.laser.ethereum.instructions [DEBUG]: Evaluating PUSH1 at 10
mythril.laser.ethereum.instructions [DEBUG]: Evaluating DUP1 at 23
mythril.analysis.module.base [DEBUG]: Entering analysis module: IntegerArithmetics
mythril.analysis.module.base [DEBUG]: Exiting analysis module: IntegerArithmetics
mythril.laser.ethereum.instructions [DEBUG]: Evaluating EXP at 11
mythril.laser.ethereum.instructions [DEBUG]: Evaluating REVERT at 24
mythril.laser.ethereum.svm [DEBUG]: Ending transaction MessageCallTransaction 1 from sender_1 to                                        0x0.
mythril.laser.ethereum.instructions [DEBUG]: Evaluating PUSH1 at 12
mythril.laser.ethereum.instructions [DEBUG]: Evaluating CALLDATALOAD at 13
mythril.laser.ethereum.instructions [DEBUG]: Evaluating DIV at 14
mythril.laser.ethereum.instructions [DEBUG]: Evaluating AND at 15
mythril.laser.ethereum.instructions [DEBUG]: Evaluating PUSH4 at 16
mythril.laser.ethereum.instructions [DEBUG]: Evaluating DUP2 at 17
mythril.laser.ethereum.instructions [DEBUG]: Evaluating EQ at 18
mythril.laser.ethereum.instructions [DEBUG]: Evaluating PUSH2 at 19
mythril.analysis.module.base [DEBUG]: Entering analysis module: TxOrigin
mythril.analysis.module.base [DEBUG]: Exiting analysis module: TxOrigin
mythril.analysis.module.base [DEBUG]: Entering analysis module: IntegerArithmetics
mythril.analysis.module.base [DEBUG]: Exiting analysis module: IntegerArithmetics
mythril.laser.ethereum.instructions [DEBUG]: Evaluating JUMPI at 20
mythril.laser.ethereum.instructions [DEBUG]: Evaluating JUMPDEST at 21
mythril.laser.ethereum.instructions [DEBUG]: Evaluating JUMPDEST at 25
mythril.laser.ethereum.instructions [DEBUG]: Evaluating PUSH1 at 22
mythril.laser.ethereum.instructions [DEBUG]: Evaluating CALLVALUE at 26
mythril.laser.ethereum.instructions [DEBUG]: Evaluating DUP1 at 23
mythril.laser.ethereum.instructions [DEBUG]: Evaluating DUP1 at 27
mythril.laser.ethereum.instructions [DEBUG]: Evaluating REVERT at 24
mythril.laser.ethereum.svm [DEBUG]: Ending transaction MessageCallTransaction 1 from sender_1 to                                        0x0.
mythril.laser.ethereum.instructions [DEBUG]: Evaluating ISZERO at 28
mythril.laser.ethereum.instructions [DEBUG]: Evaluating PUSH2 at 29
mythril.analysis.module.base [DEBUG]: Entering analysis module: TxOrigin
mythril.analysis.module.base [DEBUG]: Exiting analysis module: TxOrigin
mythril.analysis.module.base [DEBUG]: Entering analysis module: IntegerArithmetics
mythril.analysis.module.base [DEBUG]: Exiting analysis module: IntegerArithmetics
mythril.laser.ethereum.instructions [DEBUG]: Evaluating JUMPI at 30
mythril.laser.ethereum.instructions [DEBUG]: Evaluating PUSH1 at 31
mythril.laser.ethereum.instructions [DEBUG]: Evaluating JUMPDEST at 34
mythril.laser.ethereum.instructions [DEBUG]: Evaluating DUP1 at 32
mythril.laser.ethereum.instructions [DEBUG]: Evaluating POP at 35
mythril.laser.ethereum.instructions [DEBUG]: Evaluating REVERT at 33
mythril.laser.ethereum.svm [DEBUG]: Ending transaction MessageCallTransaction 1 from sender_1 to                                        0x0.
mythril.laser.ethereum.instructions [DEBUG]: Evaluating PUSH2 at 36
mythril.laser.ethereum.instructions [DEBUG]: Evaluating PUSH4 at 37
mythril.laser.ethereum.instructions [DEBUG]: Evaluating PUSH1 at 38
mythril.laser.ethereum.instructions [DEBUG]: Evaluating CALLDATALOAD at 39
mythril.laser.ethereum.instructions [DEBUG]: Evaluating AND at 40
mythril.laser.ethereum.instructions [DEBUG]: Evaluating PUSH2 at 41
mythril.laser.ethereum.instructions [DEBUG]: Evaluating JUMP at 42
mythril.laser.ethereum.instructions [DEBUG]: Evaluating JUMPDEST at 45
mythril.laser.ethereum.instructions [DEBUG]: Evaluating PUSH1 at 46
mythril.laser.ethereum.instructions [DEBUG]: Evaluating JUMPDEST at 47
mythril.laser.ethereum.instructions [DEBUG]: Evaluating DUP2 at 48
mythril.laser.ethereum.instructions [DEBUG]: Evaluating PUSH4 at 49
mythril.laser.ethereum.instructions [DEBUG]: Evaluating AND at 50
mythril.laser.ethereum.instructions [DEBUG]: Evaluating DUP2 at 51
mythril.laser.ethereum.instructions [DEBUG]: Evaluating PUSH4 at 52
mythril.laser.ethereum.instructions [DEBUG]: Evaluating AND at 53
mythril.laser.ethereum.instructions [DEBUG]: Evaluating LT at 54
mythril.laser.ethereum.instructions [DEBUG]: Evaluating ISZERO at 55
mythril.laser.ethereum.instructions [DEBUG]: Evaluating PUSH2 at 56
mythril.analysis.module.base [DEBUG]: Entering analysis module: TxOrigin
mythril.analysis.module.base [DEBUG]: Exiting analysis module: TxOrigin
mythril.analysis.module.base [DEBUG]: Entering analysis module: IntegerArithmetics
mythril.analysis.module.base [DEBUG]: Exiting analysis module: IntegerArithmetics
mythril.laser.ethereum.instructions [DEBUG]: Evaluating JUMPI at 57
mythril.laser.ethereum.instructions [DEBUG]: Evaluating PUSH1 at 58
mythril.laser.ethereum.instructions [DEBUG]: Evaluating JUMPDEST at 131
mythril.laser.ethereum.instructions [DEBUG]: Evaluating DUP1 at 59
mythril.laser.ethereum.instructions [DEBUG]: Evaluating POP at 132
mythril.laser.ethereum.instructions [DEBUG]: Evaluating SWAP1 at 60
mythril.laser.ethereum.instructions [DEBUG]: Evaluating POP at 133
mythril.laser.ethereum.instructions [DEBUG]: Evaluating SLOAD at 61
mythril.laser.ethereum.instructions [DEBUG]: Evaluating JUMP at 134
mythril.laser.ethereum.instructions [DEBUG]: Evaluating SWAP1 at 62
mythril.laser.ethereum.instructions [DEBUG]: Evaluating JUMPDEST at 43
mythril.laser.ethereum.instructions [DEBUG]: Evaluating PUSH2 at 63
mythril.analysis.module.base [DEBUG]: Entering analysis module: IntegerArithmetics
mythril.analysis.module.base [DEBUG]: Exiting analysis module: IntegerArithmetics
mythril.analysis.module.base [DEBUG]: Entering analysis module: UncheckedRetval
mythril.analysis.module.base [DEBUG]: Exiting analysis module: UncheckedRetval
mythril.laser.ethereum.instructions [DEBUG]: Evaluating STOP at 44
mythril.laser.ethereum.svm [DEBUG]: Ending transaction MessageCallTransaction 1 from sender_1 to                                        0x0.
mythril.analysis.module.base [DEBUG]: Entering analysis module: IntegerArithmetics
mythril.analysis.module.base [DEBUG]: Exiting analysis module: IntegerArithmetics
mythril.laser.ethereum.instructions [DEBUG]: Evaluating EXP at 64
mythril.laser.ethereum.instructions [DEBUG]: Evaluating SWAP1 at 65
mythril.laser.ethereum.instructions [DEBUG]: Evaluating DIV at 66
mythril.laser.ethereum.instructions [DEBUG]: Evaluating PUSH20 at 67
mythril.laser.ethereum.instructions [DEBUG]: Evaluating AND at 68
mythril.laser.ethereum.instructions [DEBUG]: Evaluating PUSH20 at 69
mythril.laser.ethereum.instructions [DEBUG]: Evaluating AND at 70
mythril.laser.ethereum.instructions [DEBUG]: Evaluating PUSH1 at 71
mythril.laser.ethereum.instructions [DEBUG]: Evaluating MLOAD at 72
mythril.laser.ethereum.instructions [DEBUG]: Evaluating DUP1 at 73
mythril.laser.ethereum.instructions [DEBUG]: Evaluating DUP1 at 74
mythril.laser.ethereum.instructions [DEBUG]: Evaluating PUSH32 at 75
mythril.laser.ethereum.instructions [DEBUG]: Evaluating DUP2 at 76
mythril.laser.ethereum.instructions [DEBUG]: Evaluating MSTORE at 77
mythril.laser.ethereum.instructions [DEBUG]: Evaluating POP at 78
mythril.laser.ethereum.instructions [DEBUG]: Evaluating PUSH1 at 79
mythril.analysis.module.base [DEBUG]: Entering analysis module: IntegerArithmetics
mythril.analysis.module.base [DEBUG]: Exiting analysis module: IntegerArithmetics
mythril.laser.ethereum.instructions [DEBUG]: Evaluating ADD at 80
mythril.laser.ethereum.instructions [DEBUG]: Evaluating SWAP1 at 81
mythril.laser.ethereum.instructions [DEBUG]: Evaluating POP at 82
mythril.laser.ethereum.instructions [DEBUG]: Evaluating PUSH1 at 83
mythril.laser.ethereum.instructions [DEBUG]: Evaluating MLOAD at 84
mythril.laser.ethereum.instructions [DEBUG]: Evaluating DUP1 at 85
mythril.laser.ethereum.instructions [DEBUG]: Evaluating SWAP2 at 86
mythril.analysis.module.base [DEBUG]: Entering analysis module: IntegerArithmetics
mythril.analysis.module.base [DEBUG]: Exiting analysis module: IntegerArithmetics
mythril.laser.ethereum.instructions [DEBUG]: Evaluating SUB at 87
mythril.laser.ethereum.instructions [DEBUG]: Evaluating SWAP1 at 88
mythril.laser.ethereum.instructions [DEBUG]: Evaluating SHA3 at 89
mythril.laser.ethereum.instructions [DEBUG]: Evaluating PUSH1 at 90
mythril.laser.ethereum.instructions [DEBUG]: Evaluating PUSH1 at 91
mythril.analysis.module.base [DEBUG]: Entering analysis module: IntegerArithmetics
mythril.analysis.module.base [DEBUG]: Exiting analysis module: IntegerArithmetics
mythril.laser.ethereum.instructions [DEBUG]: Evaluating EXP at 92
mythril.laser.ethereum.instructions [DEBUG]: Evaluating SWAP1 at 93
mythril.laser.ethereum.instructions [DEBUG]: Evaluating DIV at 94
mythril.laser.ethereum.instructions [DEBUG]: Evaluating PUSH1 at 95
mythril.laser.ethereum.instructions [DEBUG]: Evaluating MLOAD at 96
mythril.laser.ethereum.instructions [DEBUG]: Evaluating DUP2 at 97
mythril.laser.ethereum.instructions [DEBUG]: Evaluating PUSH4 at 98
mythril.laser.ethereum.instructions [DEBUG]: Evaluating AND at 99
mythril.laser.ethereum.instructions [DEBUG]: Evaluating PUSH1 at 100
mythril.laser.ethereum.instructions [DEBUG]: Evaluating PUSH1 at 101
mythril.analysis.module.base [DEBUG]: Entering analysis module: IntegerArithmetics
mythril.analysis.module.base [DEBUG]: Exiting analysis module: IntegerArithmetics
mythril.laser.ethereum.instructions [DEBUG]: Evaluating EXP at 102
mythril.analysis.module.base [DEBUG]: Entering analysis module: IntegerArithmetics
mythril.analysis.module.base [DEBUG]: Exiting analysis module: IntegerArithmetics
mythril.laser.ethereum.instructions [DEBUG]: Evaluating MUL at 103
mythril.laser.ethereum.instructions [DEBUG]: Evaluating DUP2 at 104
mythril.laser.ethereum.instructions [DEBUG]: Evaluating MSTORE at 105
mythril.laser.ethereum.instructions [DEBUG]: Evaluating PUSH1 at 106
mythril.analysis.module.base [DEBUG]: Entering analysis module: IntegerArithmetics
mythril.analysis.module.base [DEBUG]: Exiting analysis module: IntegerArithmetics
mythril.laser.ethereum.instructions [DEBUG]: Evaluating ADD at 107
mythril.laser.ethereum.instructions [DEBUG]: Evaluating PUSH1 at 108
mythril.laser.ethereum.instructions [DEBUG]: Evaluating PUSH1 at 109
mythril.laser.ethereum.instructions [DEBUG]: Evaluating MLOAD at 110
mythril.laser.ethereum.instructions [DEBUG]: Evaluating DUP1 at 111
mythril.laser.ethereum.instructions [DEBUG]: Evaluating DUP4 at 112
mythril.analysis.module.base [DEBUG]: Entering analysis module: IntegerArithmetics
mythril.analysis.module.base [DEBUG]: Exiting analysis module: IntegerArithmetics
mythril.laser.ethereum.instructions [DEBUG]: Evaluating SUB at 113
mythril.laser.ethereum.instructions [DEBUG]: Evaluating DUP2 at 114
mythril.laser.ethereum.instructions [DEBUG]: Evaluating PUSH1 at 115
mythril.laser.ethereum.instructions [DEBUG]: Evaluating DUP8 at 116
mythril.laser.ethereum.instructions [DEBUG]: Evaluating GAS at 117
mythril.analysis.module.base [DEBUG]: Entering analysis module: IntegerArithmetics
mythril.analysis.module.base [DEBUG]: Exiting analysis module: IntegerArithmetics
mythril.analysis.module.base [DEBUG]: Entering analysis module: StateChangeAfterCall
mythril.analysis.module.base [DEBUG]: Exiting analysis module: StateChangeAfterCall
mythril.laser.ethereum.instructions [DEBUG]: Evaluating CALL at 118
mythril.laser.ethereum.svm [DEBUG]: Starting new transaction MessageCallTransaction 2 from 0 to                                        0x0
mythril.laser.ethereum.instructions [DEBUG]: Evaluating PUSH1 at 0
mythril.laser.ethereum.instructions [DEBUG]: Evaluating PUSH1 at 1
mythril.laser.ethereum.instructions [DEBUG]: Evaluating MSTORE at 2
mythril.laser.ethereum.instructions [DEBUG]: Evaluating PUSH1 at 3
mythril.laser.ethereum.instructions [DEBUG]: Evaluating CALLDATASIZE at 4
mythril.laser.ethereum.instructions [DEBUG]: Evaluating LT at 5
mythril.laser.ethereum.instructions [DEBUG]: Evaluating PUSH2 at 6
mythril.analysis.module.base [DEBUG]: Entering analysis module: TxOrigin
mythril.analysis.module.base [DEBUG]: Exiting analysis module: TxOrigin
mythril.analysis.module.base [DEBUG]: Entering analysis module: IntegerArithmetics
mythril.analysis.module.base [DEBUG]: Exiting analysis module: IntegerArithmetics
mythril.laser.ethereum.instructions [DEBUG]: Evaluating JUMPI at 7
mythril.laser.ethereum.instructions [DEBUG]: Pruned unreachable states.
mythril.laser.ethereum.instructions [DEBUG]: Evaluating PUSH4 at 8
mythril.laser.ethereum.instructions [DEBUG]: Evaluating PUSH1 at 9
mythril.laser.ethereum.instructions [DEBUG]: Evaluating PUSH1 at 10
mythril.analysis.module.base [DEBUG]: Entering analysis module: IntegerArithmetics
mythril.analysis.module.base [DEBUG]: Exiting analysis module: IntegerArithmetics
mythril.laser.ethereum.instructions [DEBUG]: Evaluating EXP at 11
mythril.laser.ethereum.instructions [DEBUG]: Evaluating PUSH1 at 12
mythril.laser.ethereum.instructions [DEBUG]: Evaluating CALLDATALOAD at 13
mythril.laser.ethereum.instructions [DEBUG]: Evaluating DIV at 14
mythril.laser.ethereum.instructions [DEBUG]: Evaluating AND at 15
mythril.laser.ethereum.instructions [DEBUG]: Evaluating PUSH4 at 16
mythril.laser.ethereum.instructions [DEBUG]: Evaluating DUP2 at 17
mythril.laser.ethereum.instructions [DEBUG]: Evaluating EQ at 18
mythril.laser.ethereum.instructions [DEBUG]: Evaluating PUSH2 at 19
mythril.analysis.module.base [DEBUG]: Entering analysis module: TxOrigin
mythril.analysis.module.base [DEBUG]: Exiting analysis module: TxOrigin
mythril.analysis.module.base [DEBUG]: Entering analysis module: IntegerArithmetics
mythril.analysis.module.base [DEBUG]: Exiting analysis module: IntegerArithmetics
mythril.laser.ethereum.instructions [DEBUG]: Evaluating JUMPI at 20
mythril.laser.ethereum.instructions [DEBUG]: Pruned unreachable states.
mythril.laser.ethereum.instructions [DEBUG]: Evaluating JUMPDEST at 21
mythril.laser.ethereum.instructions [DEBUG]: Evaluating PUSH1 at 22
mythril.laser.ethereum.instructions [DEBUG]: Evaluating DUP1 at 23
mythril.laser.ethereum.instructions [DEBUG]: Evaluating REVERT at 24
mythril.laser.ethereum.svm [DEBUG]: Ending transaction MessageCallTransaction 2 from 0 to                                        0x0.
mythril.laser.ethereum.instructions [DEBUG]: Evaluating CALL at 118
mythril.laser.ethereum.instructions [DEBUG]: Evaluating POP at 119
mythril.laser.ethereum.instructions [DEBUG]: Evaluating POP at 120
mythril.laser.ethereum.instructions [DEBUG]: Evaluating PUSH1 at 121
mythril.laser.ethereum.instructions [DEBUG]: Evaluating SWAP1 at 122
mythril.laser.ethereum.instructions [DEBUG]: Evaluating SWAP3 at 123
mythril.analysis.module.base [DEBUG]: Entering analysis module: IntegerArithmetics
mythril.analysis.module.base [DEBUG]: Exiting analysis module: IntegerArithmetics
mythril.laser.ethereum.instructions [DEBUG]: Evaluating ADD at 124
mythril.laser.ethereum.instructions [DEBUG]: Evaluating SWAP2 at 125
mythril.laser.ethereum.instructions [DEBUG]: Evaluating POP at 126
mythril.laser.ethereum.instructions [DEBUG]: Evaluating PUSH2 at 127
mythril.laser.ethereum.instructions [DEBUG]: Evaluating SWAP1 at 128
mythril.laser.ethereum.instructions [DEBUG]: Evaluating POP at 129
mythril.laser.ethereum.instructions [DEBUG]: Evaluating JUMP at 130
mythril.laser.ethereum.instructions [DEBUG]: Evaluating JUMPDEST at 47
mythril.laser.ethereum.instructions [DEBUG]: Evaluating DUP2 at 48
mythril.laser.ethereum.instructions [DEBUG]: Evaluating PUSH4 at 49
mythril.laser.ethereum.instructions [DEBUG]: Evaluating AND at 50
mythril.laser.ethereum.instructions [DEBUG]: Evaluating DUP2 at 51
mythril.laser.ethereum.instructions [DEBUG]: Evaluating PUSH4 at 52
mythril.laser.ethereum.instructions [DEBUG]: Evaluating AND at 53
mythril.laser.ethereum.instructions [DEBUG]: Evaluating LT at 54
mythril.laser.ethereum.instructions [DEBUG]: Evaluating ISZERO at 55
mythril.laser.ethereum.instructions [DEBUG]: Evaluating PUSH2 at 56
mythril.analysis.module.base [DEBUG]: Entering analysis module: TxOrigin
mythril.analysis.module.base [DEBUG]: Exiting analysis module: TxOrigin
mythril.analysis.module.base [DEBUG]: Entering analysis module: IntegerArithmetics
mythril.analysis.module.base [DEBUG]: Exiting analysis module: IntegerArithmetics
mythril.laser.ethereum.instructions [DEBUG]: Evaluating JUMPI at 57
mythril.laser.ethereum.instructions [DEBUG]: Evaluating PUSH1 at 58
mythril.laser.ethereum.instructions [DEBUG]: Evaluating JUMPDEST at 131
mythril.laser.ethereum.instructions [DEBUG]: Evaluating DUP1 at 59
mythril.laser.ethereum.instructions [DEBUG]: Evaluating POP at 132
mythril.laser.ethereum.instructions [DEBUG]: Evaluating SWAP1 at 60
mythril.laser.ethereum.instructions [DEBUG]: Evaluating POP at 133
mythril.laser.ethereum.instructions [DEBUG]: Evaluating SLOAD at 61
mythril.laser.ethereum.instructions [DEBUG]: Evaluating JUMP at 134
mythril.laser.ethereum.instructions [DEBUG]: Evaluating SWAP1 at 62
mythril.laser.ethereum.instructions [DEBUG]: Evaluating JUMPDEST at 43
mythril.laser.ethereum.instructions [DEBUG]: Evaluating PUSH2 at 63
mythril.analysis.module.base [DEBUG]: Entering analysis module: IntegerArithmetics
mythril.analysis.module.base [DEBUG]: Exiting analysis module: IntegerArithmetics
mythril.analysis.module.base [DEBUG]: Entering analysis module: UncheckedRetval
mythril.analysis.module.base [DEBUG]: Exiting analysis module: UncheckedRetval
mythril.laser.ethereum.instructions [DEBUG]: Evaluating STOP at 44
mythril.laser.ethereum.svm [DEBUG]: Ending transaction MessageCallTransaction 1 from sender_1 to                                        0x0.
mythril.analysis.module.base [DEBUG]: Entering analysis module: IntegerArithmetics
mythril.analysis.module.base [DEBUG]: Exiting analysis module: IntegerArithmetics
mythril.laser.ethereum.instructions [DEBUG]: Evaluating EXP at 64
mythril.laser.ethereum.instructions [DEBUG]: Evaluating SWAP1 at 65
mythril.laser.ethereum.instructions [DEBUG]: Evaluating DIV at 66
mythril.laser.ethereum.instructions [DEBUG]: Evaluating PUSH20 at 67
mythril.laser.ethereum.instructions [DEBUG]: Evaluating AND at 68
mythril.laser.ethereum.instructions [DEBUG]: Evaluating PUSH20 at 69
mythril.laser.ethereum.instructions [DEBUG]: Evaluating AND at 70
mythril.laser.ethereum.instructions [DEBUG]: Evaluating PUSH1 at 71
mythril.laser.ethereum.instructions [DEBUG]: Evaluating MLOAD at 72
mythril.laser.ethereum.instructions [DEBUG]: Evaluating DUP1 at 73
mythril.laser.ethereum.instructions [DEBUG]: Evaluating DUP1 at 74
mythril.laser.ethereum.instructions [DEBUG]: Evaluating PUSH32 at 75
mythril.laser.ethereum.instructions [DEBUG]: Evaluating DUP2 at 76
mythril.laser.ethereum.instructions [DEBUG]: Evaluating MSTORE at 77
mythril.laser.ethereum.instructions [DEBUG]: Evaluating POP at 78
mythril.laser.ethereum.instructions [DEBUG]: Evaluating PUSH1 at 79
mythril.analysis.module.base [DEBUG]: Entering analysis module: IntegerArithmetics
mythril.analysis.module.base [DEBUG]: Exiting analysis module: IntegerArithmetics
mythril.laser.ethereum.instructions [DEBUG]: Evaluating ADD at 80
mythril.laser.ethereum.instructions [DEBUG]: Evaluating SWAP1 at 81
mythril.laser.ethereum.instructions [DEBUG]: Evaluating POP at 82
mythril.laser.ethereum.instructions [DEBUG]: Evaluating PUSH1 at 83
mythril.laser.ethereum.instructions [DEBUG]: Evaluating MLOAD at 84
mythril.laser.ethereum.instructions [DEBUG]: Evaluating DUP1 at 85
mythril.laser.ethereum.instructions [DEBUG]: Evaluating SWAP2 at 86
mythril.analysis.module.base [DEBUG]: Entering analysis module: IntegerArithmetics
mythril.analysis.module.base [DEBUG]: Exiting analysis module: IntegerArithmetics
mythril.laser.ethereum.instructions [DEBUG]: Evaluating SUB at 87
mythril.laser.ethereum.instructions [DEBUG]: Evaluating SWAP1 at 88
mythril.laser.ethereum.instructions [DEBUG]: Evaluating SHA3 at 89
mythril.laser.ethereum.instructions [DEBUG]: Evaluating PUSH1 at 90
mythril.laser.ethereum.instructions [DEBUG]: Evaluating PUSH1 at 91
mythril.analysis.module.base [DEBUG]: Entering analysis module: IntegerArithmetics
mythril.analysis.module.base [DEBUG]: Exiting analysis module: IntegerArithmetics
mythril.laser.ethereum.instructions [DEBUG]: Evaluating EXP at 92
mythril.laser.ethereum.instructions [DEBUG]: Evaluating SWAP1 at 93
mythril.laser.ethereum.instructions [DEBUG]: Evaluating DIV at 94
mythril.laser.ethereum.instructions [DEBUG]: Evaluating PUSH1 at 95
mythril.laser.ethereum.instructions [DEBUG]: Evaluating MLOAD at 96
mythril.laser.ethereum.instructions [DEBUG]: Evaluating DUP2 at 97
mythril.laser.ethereum.instructions [DEBUG]: Evaluating PUSH4 at 98
mythril.laser.ethereum.instructions [DEBUG]: Evaluating AND at 99
mythril.laser.ethereum.instructions [DEBUG]: Evaluating PUSH1 at 100
mythril.laser.ethereum.instructions [DEBUG]: Evaluating PUSH1 at 101
mythril.analysis.module.base [DEBUG]: Entering analysis module: IntegerArithmetics
mythril.analysis.module.base [DEBUG]: Exiting analysis module: IntegerArithmetics
mythril.laser.ethereum.instructions [DEBUG]: Evaluating EXP at 102
mythril.analysis.module.base [DEBUG]: Entering analysis module: IntegerArithmetics
mythril.analysis.module.base [DEBUG]: Exiting analysis module: IntegerArithmetics
mythril.laser.ethereum.instructions [DEBUG]: Evaluating MUL at 103
mythril.laser.ethereum.instructions [DEBUG]: Evaluating DUP2 at 104
mythril.laser.ethereum.instructions [DEBUG]: Evaluating MSTORE at 105
mythril.laser.ethereum.instructions [DEBUG]: Evaluating PUSH1 at 106
mythril.analysis.module.base [DEBUG]: Entering analysis module: IntegerArithmetics
mythril.analysis.module.base [DEBUG]: Exiting analysis module: IntegerArithmetics
mythril.laser.ethereum.instructions [DEBUG]: Evaluating ADD at 107
mythril.laser.ethereum.instructions [DEBUG]: Evaluating PUSH1 at 108
mythril.laser.ethereum.instructions [DEBUG]: Evaluating PUSH1 at 109
mythril.laser.ethereum.instructions [DEBUG]: Evaluating MLOAD at 110
mythril.laser.ethereum.instructions [DEBUG]: Evaluating DUP1 at 111
mythril.laser.ethereum.instructions [DEBUG]: Evaluating DUP4 at 112
mythril.analysis.module.base [DEBUG]: Entering analysis module: IntegerArithmetics
mythril.analysis.module.base [DEBUG]: Exiting analysis module: IntegerArithmetics
mythril.laser.ethereum.instructions [DEBUG]: Evaluating SUB at 113
mythril.laser.ethereum.instructions [DEBUG]: Evaluating DUP2 at 114
mythril.laser.ethereum.instructions [DEBUG]: Evaluating PUSH1 at 115
mythril.laser.ethereum.instructions [DEBUG]: Evaluating DUP8 at 116
mythril.laser.ethereum.instructions [DEBUG]: Evaluating GAS at 117
mythril.analysis.module.base [DEBUG]: Entering analysis module: IntegerArithmetics
mythril.analysis.module.base [DEBUG]: Exiting analysis module: IntegerArithmetics
mythril.analysis.module.base [DEBUG]: Entering analysis module: StateChangeAfterCall
mythril.analysis.module.base [DEBUG]: Exiting analysis module: StateChangeAfterCall
mythril.laser.ethereum.instructions [DEBUG]: Evaluating CALL at 118
mythril.laser.ethereum.svm [DEBUG]: Starting new transaction MessageCallTransaction 3 from 0 to                                        0x0
mythril.laser.ethereum.instructions [DEBUG]: Evaluating PUSH1 at 0
mythril.laser.ethereum.instructions [DEBUG]: Evaluating PUSH1 at 1
mythril.laser.ethereum.instructions [DEBUG]: Evaluating MSTORE at 2
mythril.laser.ethereum.instructions [DEBUG]: Evaluating PUSH1 at 3
mythril.laser.ethereum.instructions [DEBUG]: Evaluating CALLDATASIZE at 4
mythril.laser.ethereum.instructions [DEBUG]: Evaluating LT at 5
mythril.laser.ethereum.instructions [DEBUG]: Evaluating PUSH2 at 6
mythril.analysis.module.base [DEBUG]: Entering analysis module: TxOrigin
mythril.analysis.module.base [DEBUG]: Exiting analysis module: TxOrigin
mythril.analysis.module.base [DEBUG]: Entering analysis module: IntegerArithmetics
mythril.analysis.module.base [DEBUG]: Exiting analysis module: IntegerArithmetics
mythril.laser.ethereum.instructions [DEBUG]: Evaluating JUMPI at 7
mythril.laser.ethereum.instructions [DEBUG]: Pruned unreachable states.
mythril.laser.ethereum.instructions [DEBUG]: Evaluating PUSH4 at 8
mythril.laser.ethereum.instructions [DEBUG]: Evaluating PUSH1 at 9
mythril.laser.ethereum.instructions [DEBUG]: Evaluating PUSH1 at 10
mythril.analysis.module.base [DEBUG]: Entering analysis module: IntegerArithmetics
mythril.analysis.module.base [DEBUG]: Exiting analysis module: IntegerArithmetics
mythril.laser.ethereum.instructions [DEBUG]: Evaluating EXP at 11
mythril.laser.ethereum.instructions [DEBUG]: Evaluating PUSH1 at 12
mythril.laser.ethereum.instructions [DEBUG]: Evaluating CALLDATALOAD at 13
mythril.laser.ethereum.instructions [DEBUG]: Evaluating DIV at 14
mythril.laser.ethereum.instructions [DEBUG]: Evaluating AND at 15
mythril.laser.ethereum.instructions [DEBUG]: Evaluating PUSH4 at 16
mythril.laser.ethereum.instructions [DEBUG]: Evaluating DUP2 at 17
mythril.laser.ethereum.instructions [DEBUG]: Evaluating EQ at 18
mythril.laser.ethereum.instructions [DEBUG]: Evaluating PUSH2 at 19
mythril.analysis.module.base [DEBUG]: Entering analysis module: TxOrigin
mythril.analysis.module.base [DEBUG]: Exiting analysis module: TxOrigin
mythril.analysis.module.base [DEBUG]: Entering analysis module: IntegerArithmetics
mythril.analysis.module.base [DEBUG]: Exiting analysis module: IntegerArithmetics
mythril.laser.ethereum.instructions [DEBUG]: Evaluating JUMPI at 20
mythril.laser.ethereum.instructions [DEBUG]: Pruned unreachable states.
mythril.laser.ethereum.instructions [DEBUG]: Evaluating JUMPDEST at 21
mythril.laser.ethereum.instructions [DEBUG]: Evaluating PUSH1 at 22
mythril.laser.ethereum.instructions [DEBUG]: Evaluating DUP1 at 23
mythril.laser.ethereum.instructions [DEBUG]: Evaluating REVERT at 24
mythril.laser.ethereum.svm [DEBUG]: Ending transaction MessageCallTransaction 3 from 0 to                                        0x0.
mythril.laser.ethereum.instructions [DEBUG]: Evaluating CALL at 118
mythril.laser.ethereum.instructions [DEBUG]: Evaluating POP at 119
mythril.laser.ethereum.instructions [DEBUG]: Evaluating POP at 120
mythril.laser.ethereum.instructions [DEBUG]: Evaluating PUSH1 at 121
mythril.laser.ethereum.instructions [DEBUG]: Evaluating SWAP1 at 122
mythril.laser.ethereum.instructions [DEBUG]: Evaluating SWAP3 at 123
mythril.analysis.module.base [DEBUG]: Entering analysis module: IntegerArithmetics
mythril.analysis.module.base [DEBUG]: Exiting analysis module: IntegerArithmetics
mythril.laser.ethereum.instructions [DEBUG]: Evaluating ADD at 124
mythril.laser.ethereum.instructions [DEBUG]: Evaluating SWAP2 at 125
mythril.laser.ethereum.instructions [DEBUG]: Evaluating POP at 126
mythril.laser.ethereum.instructions [DEBUG]: Evaluating PUSH2 at 127
mythril.laser.ethereum.instructions [DEBUG]: Evaluating SWAP1 at 128
mythril.laser.ethereum.instructions [DEBUG]: Evaluating POP at 129
mythril.laser.ethereum.instructions [DEBUG]: Evaluating JUMP at 130
mythril.laser.ethereum.instructions [DEBUG]: Evaluating JUMPDEST at 47
mythril.laser.ethereum.instructions [DEBUG]: Evaluating DUP2 at 48
mythril.laser.ethereum.instructions [DEBUG]: Evaluating PUSH4 at 49
mythril.laser.ethereum.instructions [DEBUG]: Evaluating AND at 50
mythril.laser.ethereum.instructions [DEBUG]: Evaluating DUP2 at 51
mythril.laser.ethereum.instructions [DEBUG]: Evaluating PUSH4 at 52
mythril.laser.ethereum.instructions [DEBUG]: Evaluating AND at 53
mythril.laser.ethereum.instructions [DEBUG]: Evaluating LT at 54
mythril.laser.ethereum.instructions [DEBUG]: Evaluating ISZERO at 55
mythril.laser.ethereum.instructions [DEBUG]: Evaluating PUSH2 at 56
mythril.analysis.module.base [DEBUG]: Entering analysis module: TxOrigin
mythril.analysis.module.base [DEBUG]: Exiting analysis module: TxOrigin
mythril.analysis.module.base [DEBUG]: Entering analysis module: IntegerArithmetics
mythril.analysis.module.base [DEBUG]: Exiting analysis module: IntegerArithmetics
mythril.laser.ethereum.instructions [DEBUG]: Evaluating JUMPI at 57
mythril.laser.ethereum.instructions [DEBUG]: Evaluating PUSH1 at 58
mythril.laser.ethereum.instructions [DEBUG]: Evaluating JUMPDEST at 131
mythril.laser.ethereum.instructions [DEBUG]: Evaluating DUP1 at 59
mythril.laser.ethereum.instructions [DEBUG]: Evaluating POP at 132
mythril.laser.ethereum.instructions [DEBUG]: Evaluating SWAP1 at 60
mythril.laser.ethereum.instructions [DEBUG]: Evaluating POP at 133
mythril.laser.ethereum.instructions [DEBUG]: Evaluating SLOAD at 61
mythril.laser.ethereum.instructions [DEBUG]: Evaluating JUMP at 134
mythril.laser.ethereum.instructions [DEBUG]: Evaluating SWAP1 at 62
mythril.laser.ethereum.instructions [DEBUG]: Evaluating JUMPDEST at 43
mythril.laser.ethereum.instructions [DEBUG]: Evaluating PUSH2 at 63
mythril.analysis.module.base [DEBUG]: Entering analysis module: IntegerArithmetics
mythril.analysis.module.base [DEBUG]: Exiting analysis module: IntegerArithmetics
mythril.analysis.module.base [DEBUG]: Entering analysis module: UncheckedRetval
mythril.analysis.module.base [DEBUG]: Exiting analysis module: UncheckedRetval
mythril.laser.ethereum.instructions [DEBUG]: Evaluating STOP at 44
mythril.laser.ethereum.svm [DEBUG]: Ending transaction MessageCallTransaction 1 from sender_1 to                                        0x0.
mythril.analysis.module.base [DEBUG]: Entering analysis module: IntegerArithmetics
mythril.analysis.module.base [DEBUG]: Exiting analysis module: IntegerArithmetics
mythril.laser.ethereum.instructions [DEBUG]: Evaluating EXP at 64
mythril.laser.ethereum.instructions [DEBUG]: Evaluating SWAP1 at 65
mythril.laser.ethereum.instructions [DEBUG]: Evaluating DIV at 66
mythril.laser.ethereum.instructions [DEBUG]: Evaluating PUSH20 at 67
mythril.laser.ethereum.instructions [DEBUG]: Evaluating AND at 68
mythril.laser.ethereum.instructions [DEBUG]: Evaluating PUSH20 at 69
mythril.laser.ethereum.instructions [DEBUG]: Evaluating AND at 70
mythril.laser.ethereum.instructions [DEBUG]: Evaluating PUSH1 at 71
mythril.laser.ethereum.instructions [DEBUG]: Evaluating MLOAD at 72
mythril.laser.ethereum.instructions [DEBUG]: Evaluating DUP1 at 73
mythril.laser.ethereum.instructions [DEBUG]: Evaluating DUP1 at 74
mythril.laser.ethereum.instructions [DEBUG]: Evaluating PUSH32 at 75
mythril.laser.ethereum.instructions [DEBUG]: Evaluating DUP2 at 76
mythril.laser.ethereum.instructions [DEBUG]: Evaluating MSTORE at 77
mythril.laser.ethereum.instructions [DEBUG]: Evaluating POP at 78
mythril.laser.ethereum.instructions [DEBUG]: Evaluating PUSH1 at 79
mythril.analysis.module.base [DEBUG]: Entering analysis module: IntegerArithmetics
mythril.analysis.module.base [DEBUG]: Exiting analysis module: IntegerArithmetics
mythril.laser.ethereum.instructions [DEBUG]: Evaluating ADD at 80
mythril.laser.ethereum.instructions [DEBUG]: Evaluating SWAP1 at 81
mythril.laser.ethereum.instructions [DEBUG]: Evaluating POP at 82
mythril.laser.ethereum.instructions [DEBUG]: Evaluating PUSH1 at 83
mythril.laser.ethereum.instructions [DEBUG]: Evaluating MLOAD at 84
mythril.laser.ethereum.instructions [DEBUG]: Evaluating DUP1 at 85
mythril.laser.ethereum.instructions [DEBUG]: Evaluating SWAP2 at 86
mythril.analysis.module.base [DEBUG]: Entering analysis module: IntegerArithmetics
mythril.analysis.module.base [DEBUG]: Exiting analysis module: IntegerArithmetics
mythril.laser.ethereum.instructions [DEBUG]: Evaluating SUB at 87
mythril.laser.ethereum.instructions [DEBUG]: Evaluating SWAP1 at 88
mythril.laser.ethereum.instructions [DEBUG]: Evaluating SHA3 at 89
mythril.laser.ethereum.instructions [DEBUG]: Evaluating PUSH1 at 90
mythril.laser.ethereum.instructions [DEBUG]: Evaluating PUSH1 at 91
mythril.analysis.module.base [DEBUG]: Entering analysis module: IntegerArithmetics
mythril.analysis.module.base [DEBUG]: Exiting analysis module: IntegerArithmetics
mythril.laser.ethereum.instructions [DEBUG]: Evaluating EXP at 92
mythril.laser.ethereum.instructions [DEBUG]: Evaluating SWAP1 at 93
mythril.laser.ethereum.instructions [DEBUG]: Evaluating DIV at 94
mythril.laser.ethereum.instructions [DEBUG]: Evaluating PUSH1 at 95
mythril.laser.ethereum.instructions [DEBUG]: Evaluating MLOAD at 96
mythril.laser.ethereum.instructions [DEBUG]: Evaluating DUP2 at 97
mythril.laser.ethereum.instructions [DEBUG]: Evaluating PUSH4 at 98
mythril.laser.ethereum.instructions [DEBUG]: Evaluating AND at 99
mythril.laser.ethereum.instructions [DEBUG]: Evaluating PUSH1 at 100
mythril.laser.ethereum.instructions [DEBUG]: Evaluating PUSH1 at 101
mythril.analysis.module.base [DEBUG]: Entering analysis module: IntegerArithmetics
mythril.analysis.module.base [DEBUG]: Exiting analysis module: IntegerArithmetics
mythril.laser.ethereum.instructions [DEBUG]: Evaluating EXP at 102
mythril.analysis.module.base [DEBUG]: Entering analysis module: IntegerArithmetics
mythril.analysis.module.base [DEBUG]: Exiting analysis module: IntegerArithmetics
mythril.laser.ethereum.instructions [DEBUG]: Evaluating MUL at 103
mythril.laser.ethereum.instructions [DEBUG]: Evaluating DUP2 at 104
mythril.laser.ethereum.instructions [DEBUG]: Evaluating MSTORE at 105
mythril.laser.ethereum.instructions [DEBUG]: Evaluating PUSH1 at 106
mythril.analysis.module.base [DEBUG]: Entering analysis module: IntegerArithmetics
mythril.analysis.module.base [DEBUG]: Exiting analysis module: IntegerArithmetics
mythril.laser.ethereum.instructions [DEBUG]: Evaluating ADD at 107
mythril.laser.ethereum.instructions [DEBUG]: Evaluating PUSH1 at 108
mythril.laser.ethereum.instructions [DEBUG]: Evaluating PUSH1 at 109
mythril.laser.ethereum.instructions [DEBUG]: Evaluating MLOAD at 110
mythril.laser.ethereum.instructions [DEBUG]: Evaluating DUP1 at 111
mythril.laser.ethereum.instructions [DEBUG]: Evaluating DUP4 at 112
mythril.analysis.module.base [DEBUG]: Entering analysis module: IntegerArithmetics
mythril.analysis.module.base [DEBUG]: Exiting analysis module: IntegerArithmetics
mythril.laser.ethereum.instructions [DEBUG]: Evaluating SUB at 113
mythril.laser.ethereum.instructions [DEBUG]: Evaluating DUP2 at 114
mythril.laser.ethereum.instructions [DEBUG]: Evaluating PUSH1 at 115
mythril.laser.ethereum.instructions [DEBUG]: Evaluating DUP8 at 116
mythril.laser.ethereum.instructions [DEBUG]: Evaluating GAS at 117
mythril.analysis.module.base [DEBUG]: Entering analysis module: IntegerArithmetics
mythril.analysis.module.base [DEBUG]: Exiting analysis module: IntegerArithmetics
mythril.analysis.module.base [DEBUG]: Entering analysis module: StateChangeAfterCall
mythril.analysis.module.base [DEBUG]: Exiting analysis module: StateChangeAfterCall
mythril.laser.ethereum.instructions [DEBUG]: Evaluating CALL at 118
mythril.laser.ethereum.svm [DEBUG]: Starting new transaction MessageCallTransaction 4 from 0 to                                        0x0
mythril.laser.ethereum.instructions [DEBUG]: Evaluating PUSH1 at 0
mythril.laser.ethereum.instructions [DEBUG]: Evaluating PUSH1 at 1
mythril.laser.ethereum.instructions [DEBUG]: Evaluating MSTORE at 2
mythril.laser.ethereum.instructions [DEBUG]: Evaluating PUSH1 at 3
mythril.laser.ethereum.instructions [DEBUG]: Evaluating CALLDATASIZE at 4
mythril.laser.ethereum.instructions [DEBUG]: Evaluating LT at 5
mythril.laser.ethereum.instructions [DEBUG]: Evaluating PUSH2 at 6
mythril.analysis.module.base [DEBUG]: Entering analysis module: TxOrigin
mythril.analysis.module.base [DEBUG]: Exiting analysis module: TxOrigin
mythril.analysis.module.base [DEBUG]: Entering analysis module: IntegerArithmetics
mythril.analysis.module.base [DEBUG]: Exiting analysis module: IntegerArithmetics
mythril.laser.ethereum.instructions [DEBUG]: Evaluating JUMPI at 7
mythril.laser.ethereum.instructions [DEBUG]: Pruned unreachable states.
mythril.laser.ethereum.instructions [DEBUG]: Evaluating PUSH4 at 8
mythril.laser.ethereum.instructions [DEBUG]: Evaluating PUSH1 at 9
mythril.laser.ethereum.instructions [DEBUG]: Evaluating PUSH1 at 10
mythril.analysis.module.base [DEBUG]: Entering analysis module: IntegerArithmetics
mythril.analysis.module.base [DEBUG]: Exiting analysis module: IntegerArithmetics
mythril.laser.ethereum.instructions [DEBUG]: Evaluating EXP at 11
mythril.laser.ethereum.instructions [DEBUG]: Evaluating PUSH1 at 12
mythril.laser.ethereum.instructions [DEBUG]: Evaluating CALLDATALOAD at 13
mythril.laser.ethereum.instructions [DEBUG]: Evaluating DIV at 14
mythril.laser.ethereum.instructions [DEBUG]: Evaluating AND at 15
mythril.laser.ethereum.instructions [DEBUG]: Evaluating PUSH4 at 16
mythril.laser.ethereum.instructions [DEBUG]: Evaluating DUP2 at 17
mythril.laser.ethereum.instructions [DEBUG]: Evaluating EQ at 18
mythril.laser.ethereum.instructions [DEBUG]: Evaluating PUSH2 at 19
mythril.analysis.module.base [DEBUG]: Entering analysis module: TxOrigin
mythril.analysis.module.base [DEBUG]: Exiting analysis module: TxOrigin
mythril.analysis.module.base [DEBUG]: Entering analysis module: IntegerArithmetics
mythril.analysis.module.base [DEBUG]: Exiting analysis module: IntegerArithmetics
mythril.laser.ethereum.instructions [DEBUG]: Evaluating JUMPI at 20
mythril.laser.ethereum.instructions [DEBUG]: Pruned unreachable states.
mythril.laser.ethereum.instructions [DEBUG]: Evaluating JUMPDEST at 21
mythril.laser.ethereum.instructions [DEBUG]: Evaluating PUSH1 at 22
mythril.laser.ethereum.instructions [DEBUG]: Evaluating DUP1 at 23
mythril.laser.ethereum.instructions [DEBUG]: Evaluating REVERT at 24
mythril.laser.ethereum.svm [DEBUG]: Ending transaction MessageCallTransaction 4 from 0 to                                        0x0.
mythril.laser.ethereum.instructions [DEBUG]: Evaluating CALL at 118
mythril.laser.ethereum.instructions [DEBUG]: Evaluating POP at 119
mythril.laser.ethereum.instructions [DEBUG]: Evaluating POP at 120
mythril.laser.ethereum.instructions [DEBUG]: Evaluating PUSH1 at 121
mythril.laser.ethereum.instructions [DEBUG]: Evaluating SWAP1 at 122
mythril.laser.ethereum.instructions [DEBUG]: Evaluating SWAP3 at 123
mythril.analysis.module.base [DEBUG]: Entering analysis module: IntegerArithmetics
mythril.analysis.module.base [DEBUG]: Exiting analysis module: IntegerArithmetics
mythril.laser.ethereum.instructions [DEBUG]: Evaluating ADD at 124
mythril.laser.ethereum.instructions [DEBUG]: Evaluating SWAP2 at 125
mythril.laser.ethereum.instructions [DEBUG]: Evaluating POP at 126
mythril.laser.ethereum.instructions [DEBUG]: Evaluating PUSH2 at 127
mythril.laser.ethereum.instructions [DEBUG]: Evaluating SWAP1 at 128
mythril.laser.ethereum.instructions [DEBUG]: Evaluating POP at 129
mythril.laser.ethereum.instructions [DEBUG]: Evaluating JUMP at 130
mythril.laser.ethereum.strategy.extensions.bounded_loops [DEBUG]: Loop bound reached, skipping state
mythril.laser.plugin.plugins.coverage.coverage_plugin [INFO]: Number of new instructions covered in tx 0: 135
mythril.laser.ethereum.svm [INFO]: Starting message call transaction, iteration: 1, 2 initial states
mythril.laser.ethereum.instructions [DEBUG]: Evaluating PUSH1 at 0
mythril.laser.ethereum.instructions [DEBUG]: Evaluating PUSH1 at 0
mythril.laser.ethereum.instructions [DEBUG]: Evaluating PUSH1 at 1
mythril.laser.ethereum.instructions [DEBUG]: Evaluating PUSH1 at 1
mythril.laser.ethereum.instructions [DEBUG]: Evaluating MSTORE at 2
mythril.laser.ethereum.instructions [DEBUG]: Evaluating MSTORE at 2
mythril.laser.ethereum.instructions [DEBUG]: Evaluating PUSH1 at 3
mythril.laser.ethereum.instructions [DEBUG]: Evaluating PUSH1 at 3
mythril.laser.ethereum.instructions [DEBUG]: Evaluating CALLDATASIZE at 4
mythril.laser.ethereum.instructions [DEBUG]: Evaluating CALLDATASIZE at 4
mythril.laser.ethereum.instructions [DEBUG]: Evaluating LT at 5
mythril.laser.ethereum.instructions [DEBUG]: Evaluating LT at 5
mythril.laser.ethereum.instructions [DEBUG]: Evaluating PUSH2 at 6
mythril.laser.ethereum.instructions [DEBUG]: Evaluating PUSH2 at 6
mythril.analysis.module.base [DEBUG]: Entering analysis module: TxOrigin
mythril.analysis.module.base [DEBUG]: Exiting analysis module: TxOrigin
mythril.analysis.module.base [DEBUG]: Entering analysis module: IntegerArithmetics
mythril.analysis.module.base [DEBUG]: Exiting analysis module: IntegerArithmetics
mythril.laser.ethereum.instructions [DEBUG]: Evaluating JUMPI at 7
mythril.analysis.module.base [DEBUG]: Entering analysis module: TxOrigin
mythril.analysis.module.base [DEBUG]: Exiting analysis module: TxOrigin
mythril.analysis.module.base [DEBUG]: Entering analysis module: IntegerArithmetics
mythril.analysis.module.base [DEBUG]: Exiting analysis module: IntegerArithmetics
mythril.laser.ethereum.instructions [DEBUG]: Evaluating JUMPI at 7
mythril.laser.ethereum.instructions [DEBUG]: Evaluating PUSH4 at 8
mythril.laser.ethereum.instructions [DEBUG]: Evaluating JUMPDEST at 21
mythril.laser.ethereum.instructions [DEBUG]: Evaluating PUSH4 at 8
mythril.laser.ethereum.instructions [DEBUG]: Evaluating JUMPDEST at 21
mythril.laser.ethereum.instructions [DEBUG]: Evaluating PUSH1 at 9
mythril.laser.ethereum.instructions [DEBUG]: Evaluating PUSH1 at 22
mythril.laser.ethereum.instructions [DEBUG]: Evaluating PUSH1 at 9
mythril.laser.ethereum.instructions [DEBUG]: Evaluating PUSH1 at 22
mythril.laser.ethereum.instructions [DEBUG]: Evaluating PUSH1 at 10
mythril.laser.ethereum.instructions [DEBUG]: Evaluating DUP1 at 23
mythril.laser.ethereum.instructions [DEBUG]: Evaluating PUSH1 at 10
mythril.laser.ethereum.instructions [DEBUG]: Evaluating DUP1 at 23
mythril.analysis.module.base [DEBUG]: Entering analysis module: IntegerArithmetics
mythril.analysis.module.base [DEBUG]: Exiting analysis module: IntegerArithmetics
mythril.laser.ethereum.instructions [DEBUG]: Evaluating EXP at 11
mythril.laser.ethereum.instructions [DEBUG]: Evaluating REVERT at 24
mythril.laser.ethereum.svm [DEBUG]: Ending transaction MessageCallTransaction 5 from sender_5 to                                        0x0.
mythril.analysis.module.base [DEBUG]: Entering analysis module: IntegerArithmetics
mythril.analysis.module.base [DEBUG]: Exiting analysis module: IntegerArithmetics
mythril.laser.ethereum.instructions [DEBUG]: Evaluating EXP at 11
mythril.laser.ethereum.instructions [DEBUG]: Evaluating REVERT at 24
mythril.laser.ethereum.svm [DEBUG]: Ending transaction MessageCallTransaction 6 from sender_6 to                                        0x0.
mythril.laser.ethereum.instructions [DEBUG]: Evaluating PUSH1 at 12
mythril.laser.ethereum.instructions [DEBUG]: Evaluating PUSH1 at 12
mythril.laser.ethereum.instructions [DEBUG]: Evaluating CALLDATALOAD at 13
mythril.laser.ethereum.instructions [DEBUG]: Evaluating CALLDATALOAD at 13
mythril.laser.ethereum.instructions [DEBUG]: Evaluating DIV at 14
mythril.laser.ethereum.instructions [DEBUG]: Evaluating DIV at 14
mythril.laser.ethereum.instructions [DEBUG]: Evaluating AND at 15
mythril.laser.ethereum.instructions [DEBUG]: Evaluating AND at 15
mythril.laser.ethereum.instructions [DEBUG]: Evaluating PUSH4 at 16
mythril.laser.ethereum.instructions [DEBUG]: Evaluating PUSH4 at 16
mythril.laser.ethereum.instructions [DEBUG]: Evaluating DUP2 at 17
mythril.laser.ethereum.instructions [DEBUG]: Evaluating DUP2 at 17
mythril.laser.ethereum.instructions [DEBUG]: Evaluating EQ at 18
mythril.laser.ethereum.instructions [DEBUG]: Evaluating EQ at 18
mythril.laser.ethereum.instructions [DEBUG]: Evaluating PUSH2 at 19
mythril.laser.ethereum.instructions [DEBUG]: Evaluating PUSH2 at 19
mythril.analysis.module.base [DEBUG]: Entering analysis module: TxOrigin
mythril.analysis.module.base [DEBUG]: Exiting analysis module: TxOrigin
mythril.analysis.module.base [DEBUG]: Entering analysis module: IntegerArithmetics
mythril.analysis.module.base [DEBUG]: Exiting analysis module: IntegerArithmetics
mythril.laser.ethereum.instructions [DEBUG]: Evaluating JUMPI at 20
mythril.laser.plugin.plugins.dependency_pruner [DEBUG]: Skipping state: Storage slots set() not read in block at address 39, function
mythril.analysis.module.base [DEBUG]: Entering analysis module: TxOrigin
mythril.analysis.module.base [DEBUG]: Exiting analysis module: TxOrigin
mythril.analysis.module.base [DEBUG]: Entering analysis module: IntegerArithmetics
mythril.analysis.module.base [DEBUG]: Exiting analysis module: IntegerArithmetics
mythril.laser.ethereum.instructions [DEBUG]: Evaluating JUMPI at 20
mythril.laser.plugin.plugins.dependency_pruner [DEBUG]: Skipping state: Storage slots set() not read in block at address 39, function
mythril.laser.ethereum.instructions [DEBUG]: Evaluating JUMPDEST at 25
mythril.laser.ethereum.instructions [DEBUG]: Evaluating JUMPDEST at 25
mythril.laser.ethereum.instructions [DEBUG]: Evaluating CALLVALUE at 26
mythril.laser.ethereum.instructions [DEBUG]: Evaluating CALLVALUE at 26
mythril.laser.ethereum.instructions [DEBUG]: Evaluating DUP1 at 27
mythril.laser.ethereum.instructions [DEBUG]: Evaluating DUP1 at 27
mythril.laser.ethereum.instructions [DEBUG]: Evaluating ISZERO at 28
mythril.laser.ethereum.instructions [DEBUG]: Evaluating ISZERO at 28
mythril.laser.ethereum.instructions [DEBUG]: Evaluating PUSH2 at 29
mythril.laser.ethereum.instructions [DEBUG]: Evaluating PUSH2 at 29
mythril.analysis.module.base [DEBUG]: Entering analysis module: TxOrigin
mythril.analysis.module.base [DEBUG]: Exiting analysis module: TxOrigin
mythril.analysis.module.base [DEBUG]: Entering analysis module: IntegerArithmetics
mythril.analysis.module.base [DEBUG]: Exiting analysis module: IntegerArithmetics
mythril.laser.ethereum.instructions [DEBUG]: Evaluating JUMPI at 30
mythril.analysis.module.base [DEBUG]: Entering analysis module: TxOrigin
mythril.analysis.module.base [DEBUG]: Exiting analysis module: TxOrigin
mythril.analysis.module.base [DEBUG]: Entering analysis module: IntegerArithmetics
mythril.analysis.module.base [DEBUG]: Exiting analysis module: IntegerArithmetics
mythril.laser.ethereum.instructions [DEBUG]: Evaluating JUMPI at 30
mythril.laser.ethereum.instructions [DEBUG]: Evaluating PUSH1 at 31
mythril.laser.ethereum.instructions [DEBUG]: Evaluating JUMPDEST at 34
mythril.laser.ethereum.instructions [DEBUG]: Evaluating PUSH1 at 31
mythril.laser.ethereum.instructions [DEBUG]: Evaluating JUMPDEST at 34
mythril.laser.ethereum.instructions [DEBUG]: Evaluating DUP1 at 32
mythril.laser.ethereum.instructions [DEBUG]: Evaluating POP at 35
mythril.laser.ethereum.instructions [DEBUG]: Evaluating DUP1 at 32
mythril.laser.ethereum.instructions [DEBUG]: Evaluating POP at 35
mythril.laser.ethereum.instructions [DEBUG]: Evaluating REVERT at 33
mythril.laser.ethereum.svm [DEBUG]: Ending transaction MessageCallTransaction 5 from sender_5 to                                        0x0.
mythril.laser.ethereum.instructions [DEBUG]: Evaluating PUSH2 at 36
mythril.laser.ethereum.instructions [DEBUG]: Evaluating REVERT at 33
mythril.laser.ethereum.svm [DEBUG]: Ending transaction MessageCallTransaction 6 from sender_6 to                                        0x0.
mythril.laser.ethereum.instructions [DEBUG]: Evaluating PUSH2 at 36
mythril.laser.ethereum.instructions [DEBUG]: Evaluating PUSH4 at 37
mythril.laser.ethereum.instructions [DEBUG]: Evaluating PUSH4 at 37
mythril.laser.ethereum.instructions [DEBUG]: Evaluating PUSH1 at 38
mythril.laser.ethereum.instructions [DEBUG]: Evaluating PUSH1 at 38
mythril.laser.ethereum.instructions [DEBUG]: Evaluating CALLDATALOAD at 39
mythril.laser.ethereum.instructions [DEBUG]: Evaluating CALLDATALOAD at 39
mythril.laser.ethereum.instructions [DEBUG]: Evaluating AND at 40
mythril.laser.ethereum.instructions [DEBUG]: Evaluating AND at 40
mythril.laser.ethereum.instructions [DEBUG]: Evaluating PUSH2 at 41
mythril.laser.ethereum.instructions [DEBUG]: Evaluating PUSH2 at 41
mythril.laser.ethereum.instructions [DEBUG]: Evaluating JUMP at 42
mythril.laser.ethereum.instructions [DEBUG]: Evaluating JUMP at 42
mythril.laser.ethereum.instructions [DEBUG]: Evaluating JUMPDEST at 45
mythril.laser.ethereum.instructions [DEBUG]: Evaluating JUMPDEST at 45
mythril.laser.ethereum.instructions [DEBUG]: Evaluating PUSH1 at 46
mythril.laser.ethereum.instructions [DEBUG]: Evaluating PUSH1 at 46
mythril.laser.ethereum.instructions [DEBUG]: Evaluating JUMPDEST at 47
mythril.laser.ethereum.instructions [DEBUG]: Evaluating JUMPDEST at 47
mythril.laser.ethereum.instructions [DEBUG]: Evaluating DUP2 at 48
mythril.laser.ethereum.instructions [DEBUG]: Evaluating DUP2 at 48
mythril.laser.ethereum.instructions [DEBUG]: Evaluating PUSH4 at 49
mythril.laser.ethereum.instructions [DEBUG]: Evaluating PUSH4 at 49
mythril.laser.ethereum.instructions [DEBUG]: Evaluating AND at 50
mythril.laser.ethereum.instructions [DEBUG]: Evaluating AND at 50
mythril.laser.ethereum.instructions [DEBUG]: Evaluating DUP2 at 51
mythril.laser.ethereum.instructions [DEBUG]: Evaluating DUP2 at 51
mythril.laser.ethereum.instructions [DEBUG]: Evaluating PUSH4 at 52
mythril.laser.ethereum.instructions [DEBUG]: Evaluating PUSH4 at 52
mythril.laser.ethereum.instructions [DEBUG]: Evaluating AND at 53
mythril.laser.ethereum.instructions [DEBUG]: Evaluating AND at 53
mythril.laser.ethereum.instructions [DEBUG]: Evaluating LT at 54
mythril.laser.ethereum.instructions [DEBUG]: Evaluating LT at 54
mythril.laser.ethereum.instructions [DEBUG]: Evaluating ISZERO at 55
mythril.laser.ethereum.instructions [DEBUG]: Evaluating ISZERO at 55
mythril.laser.ethereum.instructions [DEBUG]: Evaluating PUSH2 at 56
mythril.laser.ethereum.instructions [DEBUG]: Evaluating PUSH2 at 56
mythril.analysis.module.base [DEBUG]: Entering analysis module: TxOrigin
mythril.analysis.module.base [DEBUG]: Exiting analysis module: TxOrigin
mythril.analysis.module.base [DEBUG]: Entering analysis module: IntegerArithmetics
mythril.analysis.module.base [DEBUG]: Exiting analysis module: IntegerArithmetics
mythril.laser.ethereum.instructions [DEBUG]: Evaluating JUMPI at 57
mythril.analysis.module.base [DEBUG]: Entering analysis module: TxOrigin
mythril.analysis.module.base [DEBUG]: Exiting analysis module: TxOrigin
mythril.analysis.module.base [DEBUG]: Entering analysis module: IntegerArithmetics
mythril.analysis.module.base [DEBUG]: Exiting analysis module: IntegerArithmetics
mythril.laser.ethereum.instructions [DEBUG]: Evaluating JUMPI at 57
mythril.laser.ethereum.instructions [DEBUG]: Evaluating PUSH1 at 58
mythril.laser.ethereum.instructions [DEBUG]: Evaluating JUMPDEST at 131
mythril.laser.ethereum.instructions [DEBUG]: Evaluating PUSH1 at 58
mythril.laser.ethereum.instructions [DEBUG]: Evaluating JUMPDEST at 131
mythril.laser.ethereum.instructions [DEBUG]: Evaluating DUP1 at 59
mythril.laser.ethereum.instructions [DEBUG]: Evaluating POP at 132
mythril.laser.ethereum.instructions [DEBUG]: Evaluating DUP1 at 59
mythril.laser.ethereum.instructions [DEBUG]: Evaluating POP at 132
mythril.laser.ethereum.instructions [DEBUG]: Evaluating SWAP1 at 60
mythril.laser.ethereum.instructions [DEBUG]: Evaluating POP at 133
mythril.laser.ethereum.instructions [DEBUG]: Evaluating SWAP1 at 60
mythril.laser.ethereum.instructions [DEBUG]: Evaluating POP at 133
mythril.laser.ethereum.instructions [DEBUG]: Evaluating SLOAD at 61
mythril.laser.ethereum.instructions [DEBUG]: Evaluating JUMP at 134
mythril.laser.ethereum.instructions [DEBUG]: Evaluating SLOAD at 61
mythril.laser.ethereum.instructions [DEBUG]: Evaluating JUMP at 134
mythril.laser.ethereum.instructions [DEBUG]: Evaluating SWAP1 at 62
mythril.laser.ethereum.instructions [DEBUG]: Evaluating JUMPDEST at 43
mythril.laser.ethereum.instructions [DEBUG]: Evaluating SWAP1 at 62
mythril.laser.ethereum.instructions [DEBUG]: Evaluating JUMPDEST at 43
mythril.laser.ethereum.instructions [DEBUG]: Evaluating PUSH2 at 63
mythril.analysis.module.base [DEBUG]: Entering analysis module: IntegerArithmetics
mythril.analysis.module.base [DEBUG]: Exiting analysis module: IntegerArithmetics
mythril.analysis.module.base [DEBUG]: Entering analysis module: UncheckedRetval
mythril.analysis.module.base [DEBUG]: Exiting analysis module: UncheckedRetval
mythril.laser.ethereum.instructions [DEBUG]: Evaluating STOP at 44
mythril.laser.ethereum.svm [DEBUG]: Ending transaction MessageCallTransaction 5 from sender_5 to                                        0x0.
mythril.laser.ethereum.instructions [DEBUG]: Evaluating PUSH2 at 63
mythril.analysis.module.base [DEBUG]: Entering analysis module: IntegerArithmetics
mythril.analysis.module.base [DEBUG]: Exiting analysis module: IntegerArithmetics
mythril.analysis.module.base [DEBUG]: Entering analysis module: UncheckedRetval
mythril.analysis.module.base [DEBUG]: Exiting analysis module: UncheckedRetval
mythril.laser.ethereum.instructions [DEBUG]: Evaluating STOP at 44
mythril.laser.ethereum.svm [DEBUG]: Ending transaction MessageCallTransaction 6 from sender_6 to                                        0x0.
mythril.analysis.module.base [DEBUG]: Entering analysis module: IntegerArithmetics
mythril.analysis.module.base [DEBUG]: Exiting analysis module: IntegerArithmetics
mythril.laser.ethereum.instructions [DEBUG]: Evaluating EXP at 64
mythril.analysis.module.base [DEBUG]: Entering analysis module: IntegerArithmetics
mythril.analysis.module.base [DEBUG]: Exiting analysis module: IntegerArithmetics
mythril.laser.ethereum.instructions [DEBUG]: Evaluating EXP at 64
mythril.laser.ethereum.instructions [DEBUG]: Evaluating SWAP1 at 65
mythril.laser.ethereum.instructions [DEBUG]: Evaluating SWAP1 at 65
mythril.laser.ethereum.instructions [DEBUG]: Evaluating DIV at 66
mythril.laser.ethereum.instructions [DEBUG]: Evaluating DIV at 66
mythril.laser.ethereum.instructions [DEBUG]: Evaluating PUSH20 at 67
mythril.laser.ethereum.instructions [DEBUG]: Evaluating PUSH20 at 67
mythril.laser.ethereum.instructions [DEBUG]: Evaluating AND at 68
mythril.laser.ethereum.instructions [DEBUG]: Evaluating AND at 68
mythril.laser.ethereum.instructions [DEBUG]: Evaluating PUSH20 at 69
mythril.laser.ethereum.instructions [DEBUG]: Evaluating PUSH20 at 69
mythril.laser.ethereum.instructions [DEBUG]: Evaluating AND at 70
mythril.laser.ethereum.instructions [DEBUG]: Evaluating AND at 70
mythril.laser.ethereum.instructions [DEBUG]: Evaluating PUSH1 at 71
mythril.laser.ethereum.instructions [DEBUG]: Evaluating PUSH1 at 71
mythril.laser.ethereum.instructions [DEBUG]: Evaluating MLOAD at 72
mythril.laser.ethereum.instructions [DEBUG]: Evaluating MLOAD at 72
mythril.laser.ethereum.instructions [DEBUG]: Evaluating DUP1 at 73
mythril.laser.ethereum.instructions [DEBUG]: Evaluating DUP1 at 73
mythril.laser.ethereum.instructions [DEBUG]: Evaluating DUP1 at 74
mythril.laser.ethereum.instructions [DEBUG]: Evaluating DUP1 at 74
mythril.laser.ethereum.instructions [DEBUG]: Evaluating PUSH32 at 75
mythril.laser.ethereum.instructions [DEBUG]: Evaluating PUSH32 at 75
mythril.laser.ethereum.instructions [DEBUG]: Evaluating DUP2 at 76
mythril.laser.ethereum.instructions [DEBUG]: Evaluating DUP2 at 76
mythril.laser.ethereum.instructions [DEBUG]: Evaluating MSTORE at 77
mythril.laser.ethereum.instructions [DEBUG]: Evaluating MSTORE at 77
mythril.laser.ethereum.instructions [DEBUG]: Evaluating POP at 78
mythril.laser.ethereum.instructions [DEBUG]: Evaluating POP at 78
mythril.laser.ethereum.instructions [DEBUG]: Evaluating PUSH1 at 79
mythril.laser.ethereum.instructions [DEBUG]: Evaluating PUSH1 at 79
mythril.analysis.module.base [DEBUG]: Entering analysis module: IntegerArithmetics
mythril.analysis.module.base [DEBUG]: Exiting analysis module: IntegerArithmetics
mythril.laser.ethereum.instructions [DEBUG]: Evaluating ADD at 80
mythril.analysis.module.base [DEBUG]: Entering analysis module: IntegerArithmetics
mythril.analysis.module.base [DEBUG]: Exiting analysis module: IntegerArithmetics
mythril.laser.ethereum.instructions [DEBUG]: Evaluating ADD at 80
mythril.laser.ethereum.instructions [DEBUG]: Evaluating SWAP1 at 81
mythril.laser.ethereum.instructions [DEBUG]: Evaluating SWAP1 at 81
mythril.laser.ethereum.instructions [DEBUG]: Evaluating POP at 82
mythril.laser.ethereum.instructions [DEBUG]: Evaluating POP at 82
mythril.laser.ethereum.instructions [DEBUG]: Evaluating PUSH1 at 83
mythril.laser.ethereum.instructions [DEBUG]: Evaluating PUSH1 at 83
mythril.laser.ethereum.instructions [DEBUG]: Evaluating MLOAD at 84
mythril.laser.ethereum.instructions [DEBUG]: Evaluating MLOAD at 84
mythril.laser.ethereum.instructions [DEBUG]: Evaluating DUP1 at 85
mythril.laser.ethereum.instructions [DEBUG]: Evaluating DUP1 at 85
mythril.laser.ethereum.instructions [DEBUG]: Evaluating SWAP2 at 86
mythril.laser.ethereum.instructions [DEBUG]: Evaluating SWAP2 at 86
mythril.analysis.module.base [DEBUG]: Entering analysis module: IntegerArithmetics
mythril.analysis.module.base [DEBUG]: Exiting analysis module: IntegerArithmetics
mythril.laser.ethereum.instructions [DEBUG]: Evaluating SUB at 87
mythril.analysis.module.base [DEBUG]: Entering analysis module: IntegerArithmetics
mythril.analysis.module.base [DEBUG]: Exiting analysis module: IntegerArithmetics
mythril.laser.ethereum.instructions [DEBUG]: Evaluating SUB at 87
mythril.laser.ethereum.instructions [DEBUG]: Evaluating SWAP1 at 88
mythril.laser.ethereum.instructions [DEBUG]: Evaluating SWAP1 at 88
mythril.laser.ethereum.instructions [DEBUG]: Evaluating SHA3 at 89
mythril.laser.ethereum.instructions [DEBUG]: Evaluating SHA3 at 89
mythril.laser.ethereum.instructions [DEBUG]: Evaluating PUSH1 at 90
mythril.laser.ethereum.instructions [DEBUG]: Evaluating PUSH1 at 90
mythril.laser.ethereum.instructions [DEBUG]: Evaluating PUSH1 at 91
mythril.laser.ethereum.instructions [DEBUG]: Evaluating PUSH1 at 91
mythril.analysis.module.base [DEBUG]: Entering analysis module: IntegerArithmetics
mythril.analysis.module.base [DEBUG]: Exiting analysis module: IntegerArithmetics
mythril.laser.ethereum.instructions [DEBUG]: Evaluating EXP at 92
mythril.analysis.module.base [DEBUG]: Entering analysis module: IntegerArithmetics
mythril.analysis.module.base [DEBUG]: Exiting analysis module: IntegerArithmetics
mythril.laser.ethereum.instructions [DEBUG]: Evaluating EXP at 92
mythril.laser.ethereum.instructions [DEBUG]: Evaluating SWAP1 at 93
mythril.laser.ethereum.instructions [DEBUG]: Evaluating SWAP1 at 93
mythril.laser.ethereum.instructions [DEBUG]: Evaluating DIV at 94
mythril.laser.ethereum.instructions [DEBUG]: Evaluating DIV at 94
mythril.laser.ethereum.instructions [DEBUG]: Evaluating PUSH1 at 95
mythril.laser.ethereum.instructions [DEBUG]: Evaluating PUSH1 at 95
mythril.laser.ethereum.instructions [DEBUG]: Evaluating MLOAD at 96
mythril.laser.ethereum.instructions [DEBUG]: Evaluating MLOAD at 96
mythril.laser.ethereum.instructions [DEBUG]: Evaluating DUP2 at 97
mythril.laser.ethereum.instructions [DEBUG]: Evaluating DUP2 at 97
mythril.laser.ethereum.instructions [DEBUG]: Evaluating PUSH4 at 98
mythril.laser.ethereum.instructions [DEBUG]: Evaluating PUSH4 at 98
mythril.laser.ethereum.instructions [DEBUG]: Evaluating AND at 99
mythril.laser.ethereum.instructions [DEBUG]: Evaluating AND at 99
mythril.laser.ethereum.instructions [DEBUG]: Evaluating PUSH1 at 100
mythril.laser.ethereum.instructions [DEBUG]: Evaluating PUSH1 at 100
mythril.laser.ethereum.instructions [DEBUG]: Evaluating PUSH1 at 101
mythril.laser.ethereum.instructions [DEBUG]: Evaluating PUSH1 at 101
mythril.analysis.module.base [DEBUG]: Entering analysis module: IntegerArithmetics
mythril.analysis.module.base [DEBUG]: Exiting analysis module: IntegerArithmetics
mythril.laser.ethereum.instructions [DEBUG]: Evaluating EXP at 102
mythril.analysis.module.base [DEBUG]: Entering analysis module: IntegerArithmetics
mythril.analysis.module.base [DEBUG]: Exiting analysis module: IntegerArithmetics
mythril.laser.ethereum.instructions [DEBUG]: Evaluating EXP at 102
mythril.analysis.module.base [DEBUG]: Entering analysis module: IntegerArithmetics
mythril.analysis.module.base [DEBUG]: Exiting analysis module: IntegerArithmetics
mythril.laser.ethereum.instructions [DEBUG]: Evaluating MUL at 103
mythril.analysis.module.base [DEBUG]: Entering analysis module: IntegerArithmetics
mythril.analysis.module.base [DEBUG]: Exiting analysis module: IntegerArithmetics
mythril.laser.ethereum.instructions [DEBUG]: Evaluating MUL at 103
mythril.laser.ethereum.instructions [DEBUG]: Evaluating DUP2 at 104
mythril.laser.ethereum.instructions [DEBUG]: Evaluating DUP2 at 104
mythril.laser.ethereum.instructions [DEBUG]: Evaluating MSTORE at 105
mythril.laser.ethereum.instructions [DEBUG]: Evaluating MSTORE at 105
mythril.laser.ethereum.instructions [DEBUG]: Evaluating PUSH1 at 106
mythril.laser.ethereum.instructions [DEBUG]: Evaluating PUSH1 at 106
mythril.analysis.module.base [DEBUG]: Entering analysis module: IntegerArithmetics
mythril.analysis.module.base [DEBUG]: Exiting analysis module: IntegerArithmetics
mythril.laser.ethereum.instructions [DEBUG]: Evaluating ADD at 107
mythril.analysis.module.base [DEBUG]: Entering analysis module: IntegerArithmetics
mythril.analysis.module.base [DEBUG]: Exiting analysis module: IntegerArithmetics
mythril.laser.ethereum.instructions [DEBUG]: Evaluating ADD at 107
mythril.laser.ethereum.instructions [DEBUG]: Evaluating PUSH1 at 108
mythril.laser.ethereum.instructions [DEBUG]: Evaluating PUSH1 at 108
mythril.laser.ethereum.instructions [DEBUG]: Evaluating PUSH1 at 109
mythril.laser.ethereum.instructions [DEBUG]: Evaluating PUSH1 at 109
mythril.laser.ethereum.instructions [DEBUG]: Evaluating MLOAD at 110
mythril.laser.ethereum.instructions [DEBUG]: Evaluating MLOAD at 110
mythril.laser.ethereum.instructions [DEBUG]: Evaluating DUP1 at 111
mythril.laser.ethereum.instructions [DEBUG]: Evaluating DUP1 at 111
mythril.laser.ethereum.instructions [DEBUG]: Evaluating DUP4 at 112
mythril.laser.ethereum.instructions [DEBUG]: Evaluating DUP4 at 112
mythril.analysis.module.base [DEBUG]: Entering analysis module: IntegerArithmetics
mythril.analysis.module.base [DEBUG]: Exiting analysis module: IntegerArithmetics
mythril.laser.ethereum.instructions [DEBUG]: Evaluating SUB at 113
mythril.analysis.module.base [DEBUG]: Entering analysis module: IntegerArithmetics
mythril.analysis.module.base [DEBUG]: Exiting analysis module: IntegerArithmetics
mythril.laser.ethereum.instructions [DEBUG]: Evaluating SUB at 113
mythril.laser.ethereum.instructions [DEBUG]: Evaluating DUP2 at 114
mythril.laser.ethereum.instructions [DEBUG]: Evaluating DUP2 at 114
mythril.laser.ethereum.instructions [DEBUG]: Evaluating PUSH1 at 115
mythril.laser.ethereum.instructions [DEBUG]: Evaluating PUSH1 at 115
mythril.laser.ethereum.instructions [DEBUG]: Evaluating DUP8 at 116
mythril.laser.ethereum.instructions [DEBUG]: Evaluating DUP8 at 116
mythril.laser.ethereum.instructions [DEBUG]: Evaluating GAS at 117
mythril.laser.ethereum.instructions [DEBUG]: Evaluating GAS at 117
mythril.analysis.module.base [DEBUG]: Entering analysis module: IntegerArithmetics
mythril.analysis.module.base [DEBUG]: Exiting analysis module: IntegerArithmetics
mythril.analysis.module.base [DEBUG]: Entering analysis module: StateChangeAfterCall
mythril.analysis.module.base [DEBUG]: Exiting analysis module: StateChangeAfterCall
mythril.laser.ethereum.instructions [DEBUG]: Evaluating CALL at 118
mythril.laser.ethereum.svm [DEBUG]: Starting new transaction MessageCallTransaction 7 from 0 to                                        0x0
mythril.analysis.module.base [DEBUG]: Entering analysis module: IntegerArithmetics
mythril.analysis.module.base [DEBUG]: Exiting analysis module: IntegerArithmetics
mythril.analysis.module.base [DEBUG]: Entering analysis module: StateChangeAfterCall
mythril.analysis.module.base [DEBUG]: Exiting analysis module: StateChangeAfterCall
mythril.laser.ethereum.instructions [DEBUG]: Evaluating CALL at 118
mythril.laser.ethereum.svm [DEBUG]: Starting new transaction MessageCallTransaction 8 from 0 to                                        0x0
mythril.laser.ethereum.instructions [DEBUG]: Evaluating PUSH1 at 0
mythril.laser.ethereum.instructions [DEBUG]: Evaluating PUSH1 at 0
mythril.laser.ethereum.instructions [DEBUG]: Evaluating PUSH1 at 1
mythril.laser.ethereum.instructions [DEBUG]: Evaluating PUSH1 at 1
mythril.laser.ethereum.instructions [DEBUG]: Evaluating MSTORE at 2
mythril.laser.ethereum.instructions [DEBUG]: Evaluating MSTORE at 2
mythril.laser.ethereum.instructions [DEBUG]: Evaluating PUSH1 at 3
mythril.laser.ethereum.instructions [DEBUG]: Evaluating PUSH1 at 3
mythril.laser.ethereum.instructions [DEBUG]: Evaluating CALLDATASIZE at 4
mythril.laser.ethereum.instructions [DEBUG]: Evaluating CALLDATASIZE at 4
mythril.laser.ethereum.instructions [DEBUG]: Evaluating LT at 5
mythril.laser.ethereum.instructions [DEBUG]: Evaluating LT at 5
mythril.laser.ethereum.instructions [DEBUG]: Evaluating PUSH2 at 6
mythril.laser.ethereum.instructions [DEBUG]: Evaluating PUSH2 at 6
mythril.analysis.module.base [DEBUG]: Entering analysis module: TxOrigin
mythril.analysis.module.base [DEBUG]: Exiting analysis module: TxOrigin
mythril.analysis.module.base [DEBUG]: Entering analysis module: IntegerArithmetics
mythril.analysis.module.base [DEBUG]: Exiting analysis module: IntegerArithmetics
mythril.laser.ethereum.instructions [DEBUG]: Evaluating JUMPI at 7
mythril.laser.ethereum.instructions [DEBUG]: Pruned unreachable states.
mythril.analysis.module.base [DEBUG]: Entering analysis module: TxOrigin
mythril.analysis.module.base [DEBUG]: Exiting analysis module: TxOrigin
mythril.analysis.module.base [DEBUG]: Entering analysis module: IntegerArithmetics
mythril.analysis.module.base [DEBUG]: Exiting analysis module: IntegerArithmetics
mythril.laser.ethereum.instructions [DEBUG]: Evaluating JUMPI at 7
mythril.laser.ethereum.instructions [DEBUG]: Pruned unreachable states.
mythril.laser.ethereum.instructions [DEBUG]: Evaluating PUSH4 at 8
mythril.laser.ethereum.instructions [DEBUG]: Evaluating PUSH4 at 8
mythril.laser.ethereum.instructions [DEBUG]: Evaluating PUSH1 at 9
mythril.laser.ethereum.instructions [DEBUG]: Evaluating PUSH1 at 9
mythril.laser.ethereum.instructions [DEBUG]: Evaluating PUSH1 at 10
mythril.laser.ethereum.instructions [DEBUG]: Evaluating PUSH1 at 10
mythril.analysis.module.base [DEBUG]: Entering analysis module: IntegerArithmetics
mythril.analysis.module.base [DEBUG]: Exiting analysis module: IntegerArithmetics
mythril.laser.ethereum.instructions [DEBUG]: Evaluating EXP at 11
mythril.analysis.module.base [DEBUG]: Entering analysis module: IntegerArithmetics
mythril.analysis.module.base [DEBUG]: Exiting analysis module: IntegerArithmetics
mythril.laser.ethereum.instructions [DEBUG]: Evaluating EXP at 11
mythril.laser.ethereum.instructions [DEBUG]: Evaluating PUSH1 at 12
mythril.laser.ethereum.instructions [DEBUG]: Evaluating PUSH1 at 12
mythril.laser.ethereum.instructions [DEBUG]: Evaluating CALLDATALOAD at 13
mythril.laser.ethereum.instructions [DEBUG]: Evaluating CALLDATALOAD at 13
mythril.laser.ethereum.instructions [DEBUG]: Evaluating DIV at 14
mythril.laser.ethereum.instructions [DEBUG]: Evaluating DIV at 14
mythril.laser.ethereum.instructions [DEBUG]: Evaluating AND at 15
mythril.laser.ethereum.instructions [DEBUG]: Evaluating AND at 15
mythril.laser.ethereum.instructions [DEBUG]: Evaluating PUSH4 at 16
mythril.laser.ethereum.instructions [DEBUG]: Evaluating PUSH4 at 16
mythril.laser.ethereum.instructions [DEBUG]: Evaluating DUP2 at 17
mythril.laser.ethereum.instructions [DEBUG]: Evaluating DUP2 at 17
mythril.laser.ethereum.instructions [DEBUG]: Evaluating EQ at 18
mythril.laser.ethereum.instructions [DEBUG]: Evaluating EQ at 18
mythril.laser.ethereum.instructions [DEBUG]: Evaluating PUSH2 at 19
mythril.laser.ethereum.instructions [DEBUG]: Evaluating PUSH2 at 19
mythril.analysis.module.base [DEBUG]: Entering analysis module: TxOrigin
mythril.analysis.module.base [DEBUG]: Exiting analysis module: TxOrigin
mythril.analysis.module.base [DEBUG]: Entering analysis module: IntegerArithmetics
mythril.analysis.module.base [DEBUG]: Exiting analysis module: IntegerArithmetics
mythril.laser.ethereum.instructions [DEBUG]: Evaluating JUMPI at 20
mythril.laser.ethereum.instructions [DEBUG]: Pruned unreachable states.
mythril.analysis.module.base [DEBUG]: Entering analysis module: TxOrigin
mythril.analysis.module.base [DEBUG]: Exiting analysis module: TxOrigin
mythril.analysis.module.base [DEBUG]: Entering analysis module: IntegerArithmetics
mythril.analysis.module.base [DEBUG]: Exiting analysis module: IntegerArithmetics
mythril.laser.ethereum.instructions [DEBUG]: Evaluating JUMPI at 20
mythril.laser.ethereum.instructions [DEBUG]: Pruned unreachable states.
mythril.laser.ethereum.instructions [DEBUG]: Evaluating JUMPDEST at 21
mythril.laser.ethereum.instructions [DEBUG]: Evaluating JUMPDEST at 21
mythril.laser.ethereum.instructions [DEBUG]: Evaluating PUSH1 at 22
mythril.laser.ethereum.instructions [DEBUG]: Evaluating PUSH1 at 22
mythril.laser.ethereum.instructions [DEBUG]: Evaluating DUP1 at 23
mythril.laser.ethereum.instructions [DEBUG]: Evaluating DUP1 at 23
mythril.laser.ethereum.instructions [DEBUG]: Evaluating REVERT at 24
mythril.laser.ethereum.svm [DEBUG]: Ending transaction MessageCallTransaction 7 from 0 to                                        0x0.
mythril.laser.ethereum.instructions [DEBUG]: Evaluating CALL at 118
mythril.laser.ethereum.instructions [DEBUG]: Evaluating REVERT at 24
mythril.laser.ethereum.svm [DEBUG]: Ending transaction MessageCallTransaction 8 from 0 to                                        0x0.
mythril.laser.ethereum.instructions [DEBUG]: Evaluating CALL at 118
mythril.laser.ethereum.instructions [DEBUG]: Evaluating POP at 119
mythril.laser.ethereum.instructions [DEBUG]: Evaluating POP at 119
mythril.laser.ethereum.instructions [DEBUG]: Evaluating POP at 120
mythril.laser.ethereum.instructions [DEBUG]: Evaluating POP at 120
mythril.laser.ethereum.instructions [DEBUG]: Evaluating PUSH1 at 121
mythril.laser.ethereum.instructions [DEBUG]: Evaluating PUSH1 at 121
mythril.laser.ethereum.instructions [DEBUG]: Evaluating SWAP1 at 122
mythril.laser.ethereum.instructions [DEBUG]: Evaluating SWAP1 at 122
mythril.laser.ethereum.instructions [DEBUG]: Evaluating SWAP3 at 123
mythril.laser.ethereum.instructions [DEBUG]: Evaluating SWAP3 at 123
mythril.analysis.module.base [DEBUG]: Entering analysis module: IntegerArithmetics
mythril.analysis.module.base [DEBUG]: Exiting analysis module: IntegerArithmetics
mythril.laser.ethereum.instructions [DEBUG]: Evaluating ADD at 124
mythril.analysis.module.base [DEBUG]: Entering analysis module: IntegerArithmetics
mythril.analysis.module.base [DEBUG]: Exiting analysis module: IntegerArithmetics
mythril.laser.ethereum.instructions [DEBUG]: Evaluating ADD at 124
mythril.laser.ethereum.instructions [DEBUG]: Evaluating SWAP2 at 125
mythril.laser.ethereum.instructions [DEBUG]: Evaluating SWAP2 at 125
mythril.laser.ethereum.instructions [DEBUG]: Evaluating POP at 126
mythril.laser.ethereum.instructions [DEBUG]: Evaluating POP at 126
mythril.laser.ethereum.instructions [DEBUG]: Evaluating PUSH2 at 127
mythril.laser.ethereum.instructions [DEBUG]: Evaluating PUSH2 at 127
mythril.laser.ethereum.instructions [DEBUG]: Evaluating SWAP1 at 128
mythril.laser.ethereum.instructions [DEBUG]: Evaluating SWAP1 at 128
mythril.laser.ethereum.instructions [DEBUG]: Evaluating POP at 129
mythril.laser.ethereum.instructions [DEBUG]: Evaluating POP at 129
mythril.laser.ethereum.instructions [DEBUG]: Evaluating JUMP at 130
mythril.laser.ethereum.instructions [DEBUG]: Evaluating JUMP at 130
mythril.laser.ethereum.instructions [DEBUG]: Evaluating JUMPDEST at 47
mythril.laser.ethereum.instructions [DEBUG]: Evaluating JUMPDEST at 47
mythril.laser.ethereum.instructions [DEBUG]: Evaluating DUP2 at 48
mythril.laser.ethereum.instructions [DEBUG]: Evaluating DUP2 at 48
mythril.laser.ethereum.instructions [DEBUG]: Evaluating PUSH4 at 49
mythril.laser.ethereum.instructions [DEBUG]: Evaluating PUSH4 at 49
mythril.laser.ethereum.instructions [DEBUG]: Evaluating AND at 50
mythril.laser.ethereum.instructions [DEBUG]: Evaluating AND at 50
mythril.laser.ethereum.instructions [DEBUG]: Evaluating DUP2 at 51
mythril.laser.ethereum.instructions [DEBUG]: Evaluating DUP2 at 51
mythril.laser.ethereum.instructions [DEBUG]: Evaluating PUSH4 at 52
mythril.laser.ethereum.instructions [DEBUG]: Evaluating PUSH4 at 52
mythril.laser.ethereum.instructions [DEBUG]: Evaluating AND at 53
mythril.laser.ethereum.instructions [DEBUG]: Evaluating AND at 53
mythril.laser.ethereum.instructions [DEBUG]: Evaluating LT at 54
mythril.laser.ethereum.instructions [DEBUG]: Evaluating LT at 54
mythril.laser.ethereum.instructions [DEBUG]: Evaluating ISZERO at 55
mythril.laser.ethereum.instructions [DEBUG]: Evaluating ISZERO at 55
mythril.laser.ethereum.instructions [DEBUG]: Evaluating PUSH2 at 56
mythril.laser.ethereum.instructions [DEBUG]: Evaluating PUSH2 at 56
mythril.analysis.module.base [DEBUG]: Entering analysis module: TxOrigin
mythril.analysis.module.base [DEBUG]: Exiting analysis module: TxOrigin
mythril.analysis.module.base [DEBUG]: Entering analysis module: IntegerArithmetics
mythril.analysis.module.base [DEBUG]: Exiting analysis module: IntegerArithmetics
mythril.laser.ethereum.instructions [DEBUG]: Evaluating JUMPI at 57
mythril.laser.plugin.plugins.dependency_pruner [DEBUG]: Skipping state: Storage slots set() not read in block at address 100, function
mythril.analysis.module.base [DEBUG]: Entering analysis module: TxOrigin
mythril.analysis.module.base [DEBUG]: Exiting analysis module: TxOrigin
mythril.analysis.module.base [DEBUG]: Entering analysis module: IntegerArithmetics
mythril.analysis.module.base [DEBUG]: Exiting analysis module: IntegerArithmetics
mythril.laser.ethereum.instructions [DEBUG]: Evaluating JUMPI at 57
mythril.laser.plugin.plugins.dependency_pruner [DEBUG]: Skipping state: Storage slots set() not read in block at address 100, function
mythril.laser.ethereum.instructions [DEBUG]: Evaluating JUMPDEST at 131
mythril.laser.ethereum.instructions [DEBUG]: Evaluating JUMPDEST at 131
mythril.laser.ethereum.instructions [DEBUG]: Evaluating POP at 132
mythril.laser.ethereum.instructions [DEBUG]: Evaluating POP at 132
mythril.laser.ethereum.instructions [DEBUG]: Evaluating POP at 133
mythril.laser.ethereum.instructions [DEBUG]: Evaluating POP at 133
mythril.laser.ethereum.instructions [DEBUG]: Evaluating JUMP at 134
mythril.laser.ethereum.instructions [DEBUG]: Evaluating JUMP at 134
mythril.laser.ethereum.instructions [DEBUG]: Evaluating JUMPDEST at 43
mythril.laser.ethereum.instructions [DEBUG]: Evaluating JUMPDEST at 43
mythril.analysis.module.base [DEBUG]: Entering analysis module: IntegerArithmetics
mythril.analysis.module.base [DEBUG]: Exiting analysis module: IntegerArithmetics
mythril.analysis.module.base [DEBUG]: Entering analysis module: UncheckedRetval
mythril.analysis.module.base [DEBUG]: Exiting analysis module: UncheckedRetval
mythril.laser.ethereum.instructions [DEBUG]: Evaluating STOP at 44
mythril.laser.ethereum.svm [DEBUG]: Ending transaction MessageCallTransaction 5 from sender_5 to                                        0x0.
mythril.analysis.module.base [DEBUG]: Entering analysis module: IntegerArithmetics
mythril.analysis.module.base [DEBUG]: Exiting analysis module: IntegerArithmetics
mythril.analysis.module.base [DEBUG]: Entering analysis module: UncheckedRetval
mythril.analysis.module.base [DEBUG]: Exiting analysis module: UncheckedRetval
mythril.laser.ethereum.instructions [DEBUG]: Evaluating STOP at 44
mythril.laser.ethereum.svm [DEBUG]: Ending transaction MessageCallTransaction 6 from sender_6 to                                        0x0.
mythril.laser.plugin.plugins.coverage.coverage_plugin [INFO]: Number of new instructions covered in tx 1: 0
mythril.laser.ethereum.svm [INFO]: Finished symbolic execution
mythril.laser.plugin.plugins.coverage.coverage_plugin [INFO]: Achieved 99.26% coverage for code: 6080604052600436106100275763ffffffff60e060020a600035041663b535c741811461002c575b600080fd5b34801561003857600080fd5b5061004a63ffffffff6004351661004c565b005b60005b8163ffffffff168163ffffffff16101561010b576000809054906101000a900473ffffffffffffffffffffffffffffffffffffffff1673ffffffffffffffffffffffffffffffffffffffff1660405180807f67697665426c6f636b52657761726428290000000000000000000000000000008152506011019050604051809103902060e060020a90046040518163ffffffff1660e060020a0281526004016000604051808303816000875af150506001909201915061004f9050565b50505600
mythril.laser.plugin.plugins.instruction_profiler [INFO]: Total: 0.9399499893188477 s
[ADD         ]   0.7807 %,  nr     15,  total   0.0073 s,  avg   0.0005 s,  min   0.0003 s,  max   0.0010 s
[AND         ]   1.7726 %,  nr     40,  total   0.0167 s,  avg   0.0004 s,  min   0.0003 s,  max   0.0007 s
[CALL        ]   1.4057 %,  nr      5,  total   0.0132 s,  avg   0.0026 s,  min   0.0022 s,  max   0.0039 s
[CALLDATALOAD]  10.1563 %,  nr     11,  total   0.0955 s,  avg   0.0087 s,  min   0.0050 s,  max   0.0125 s
[CALLDATASIZE]   0.3258 %,  nr      8,  total   0.0031 s,  avg   0.0004 s,  min   0.0003 s,  max   0.0005 s
[CALLVALUE   ]   0.1316 %,  nr      3,  total   0.0012 s,  avg   0.0004 s,  min   0.0003 s,  max   0.0005 s
[DIV         ]   1.2046 %,  nr     18,  total   0.0113 s,  avg   0.0006 s,  min   0.0004 s,  max   0.0011 s
[DUP1        ]   1.8802 %,  nr     40,  total   0.0177 s,  avg   0.0004 s,  min   0.0002 s,  max   0.0011 s
[DUP2        ]   1.9609 %,  nr     42,  total   0.0184 s,  avg   0.0004 s,  min   0.0003 s,  max   0.0024 s
[DUP4        ]   0.2125 %,  nr      5,  total   0.0020 s,  avg   0.0004 s,  min   0.0003 s,  max   0.0005 s
[DUP8        ]   0.1720 %,  nr      5,  total   0.0016 s,  avg   0.0003 s,  min   0.0003 s,  max   0.0005 s
[EQ          ]   0.4022 %,  nr      8,  total   0.0038 s,  avg   0.0005 s,  min   0.0003 s,  max   0.0008 s
[EXP         ]   1.0427 %,  nr     23,  total   0.0098 s,  avg   0.0004 s,  min   0.0003 s,  max   0.0007 s
[GAS         ]   0.1801 %,  nr      5,  total   0.0017 s,  avg   0.0003 s,  min   0.0003 s,  max   0.0005 s
[ISZERO      ]   0.8803 %,  nr     10,  total   0.0083 s,  avg   0.0008 s,  min   0.0004 s,  max   0.0027 s
[JUMP        ]   1.3063 %,  nr     15,  total   0.0123 s,  avg   0.0008 s,  min   0.0005 s,  max   0.0012 s
[JUMPDEST    ]   2.0366 %,  nr     39,  total   0.0191 s,  avg   0.0005 s,  min   0.0002 s,  max   0.0011 s
[JUMPI       ]   3.9210 %,  nr     26,  total   0.0369 s,  avg   0.0014 s,  min   0.0007 s,  max   0.0028 s
[LT          ]   1.0009 %,  nr     15,  total   0.0094 s,  avg   0.0006 s,  min   0.0004 s,  max   0.0018 s
[MLOAD       ]  22.4571 %,  nr     20,  total   0.2111 s,  avg   0.0106 s,  min   0.0085 s,  max   0.0157 s
[MSTORE      ]  25.7841 %,  nr     18,  total   0.2424 s,  avg   0.0135 s,  min   0.0102 s,  max   0.0172 s
[MUL         ]   0.2092 %,  nr      5,  total   0.0020 s,  avg   0.0004 s,  min   0.0004 s,  max   0.0004 s
[POP         ]   2.2702 %,  nr     47,  total   0.0213 s,  avg   0.0005 s,  min   0.0002 s,  max   0.0009 s
[PUSH1       ]   6.8358 %,  nr    136,  total   0.0643 s,  avg   0.0005 s,  min   0.0003 s,  max   0.0023 s
[PUSH2       ]   2.0306 %,  nr     42,  total   0.0191 s,  avg   0.0005 s,  min   0.0003 s,  max   0.0013 s
[PUSH20      ]   0.5668 %,  nr     10,  total   0.0053 s,  avg   0.0005 s,  min   0.0003 s,  max   0.0016 s
[PUSH32      ]   0.2233 %,  nr      5,  total   0.0021 s,  avg   0.0004 s,  min   0.0003 s,  max   0.0005 s
[PUSH4       ]   1.9733 %,  nr     38,  total   0.0185 s,  avg   0.0005 s,  min   0.0003 s,  max   0.0012 s
[SHA3        ]   3.8585 %,  nr      5,  total   0.0363 s,  avg   0.0073 s,  min   0.0058 s,  max   0.0096 s
[SLOAD       ]   0.2735 %,  nr      5,  total   0.0026 s,  avg   0.0005 s,  min   0.0004 s,  max   0.0007 s
[SUB         ]   0.5089 %,  nr     10,  total   0.0048 s,  avg   0.0005 s,  min   0.0004 s,  max   0.0007 s
[SWAP1       ]   1.5666 %,  nr     40,  total   0.0147 s,  avg   0.0004 s,  min   0.0002 s,  max   0.0006 s
[SWAP2       ]   0.4419 %,  nr     10,  total   0.0042 s,  avg   0.0004 s,  min   0.0003 s,  max   0.0005 s
[SWAP3       ]   0.2272 %,  nr      5,  total   0.0021 s,  avg   0.0004 s,  min   0.0003 s,  max   0.0006 s

mythril.analysis.security [INFO]: Starting analysis
mythril.analysis.security [DEBUG]: Retrieving results for Caller can write to arbitrary storage locations
mythril.analysis.security [DEBUG]: Retrieving results for Delegatecall to a user-specified address
mythril.analysis.security [DEBUG]: Retrieving results for Control flow depends on tx.origin
mythril.analysis.security [DEBUG]: Retrieving results for Any sender can withdraw ETH from the contract account
mythril.analysis.security [DEBUG]: Retrieving results for Integer overflow or underflow
mythril.analysis.security [DEBUG]: Retrieving results for State change after an external call
mythril.analysis.security [DEBUG]: Retrieving results for Contract can be accidentally killed by anyone
mythril.analysis.security [DEBUG]: Retrieving results for Return value of an external call is not checked
mythril.mythril.mythril_analyzer [INFO]: Solver statistics: 
Query count: 81 
Solver time: 2.270897150039673
{"error": null, "issues": [], "success": true}
