mythril.mythril.mythril_config [INFO]: Creating mythril data directory 
mythril.mythril.mythril_config [INFO]: No config file found. Creating default: /root/.mythril/config.ini 
mythril.mythril.mythril_config [INFO]: Infura key not provided, so onchain access is disabled. Use --infura-id <INFURA_ID> or set it in the environment variable INFURA_ID or in the ~/.mythril/config.ini file 
mythril.support.signatures [INFO]: Using signature database at /root/.mythril/signatures.db
mythril.laser.ethereum.svm [INFO]: LASER EVM initialized with dynamic loader: <mythril.support.loader.DynLoader object at 0x798082839a30>
mythril.laser.ethereum.strategy.extensions.bounded_loops [INFO]: Loaded search strategy extension: Loop bounds (limit = 3)
mythril.laser.plugin.loader [INFO]: Loading laser plugin: coverage
mythril.laser.plugin.loader [INFO]: Loading laser plugin: mutation-pruner
mythril.laser.plugin.loader [INFO]: Loading laser plugin: call-depth-limit
mythril.laser.plugin.loader [INFO]: Loading laser plugin: instruction-profiler
mythril.laser.plugin.loader [INFO]: Loading laser plugin: dependency-pruner
mythril.laser.plugin.loader [INFO]: Instrumenting symbolic vm with plugin: coverage
mythril.laser.plugin.loader [INFO]: Instrumenting symbolic vm with plugin: mutation-pruner
mythril.laser.plugin.loader [INFO]: Instrumenting symbolic vm with plugin: call-depth-limit
mythril.laser.plugin.loader [INFO]: Instrumenting symbolic vm with plugin: instruction-profiler
mythril.laser.plugin.loader [INFO]: Instrumenting symbolic vm with plugin: dependency-pruner
mythril.laser.ethereum.svm [DEBUG]: Starting LASER execution
mythril.laser.ethereum.svm [INFO]: Starting message call transaction to 0
mythril.laser.ethereum.svm [INFO]: Starting message call transaction, iteration: 0, 1 initial states
mythril.laser.ethereum.instructions [DEBUG]: Evaluating PUSH1 at 0
mythril.laser.ethereum.instructions [DEBUG]: Evaluating PUSH1 at 1
mythril.laser.ethereum.instructions [DEBUG]: Evaluating MSTORE at 2
mythril.laser.ethereum.instructions [DEBUG]: Evaluating PUSH1 at 3
mythril.laser.ethereum.instructions [DEBUG]: Evaluating CALLDATALOAD at 4
mythril.laser.ethereum.instructions [DEBUG]: Evaluating PUSH29 at 5
mythril.laser.ethereum.instructions [DEBUG]: Evaluating SWAP1 at 6
mythril.laser.ethereum.instructions [DEBUG]: Evaluating DIV at 7
mythril.laser.ethereum.instructions [DEBUG]: Evaluating DUP1 at 8
mythril.laser.ethereum.instructions [DEBUG]: Evaluating PUSH4 at 9
mythril.laser.ethereum.instructions [DEBUG]: Evaluating EQ at 10
mythril.laser.ethereum.instructions [DEBUG]: Evaluating PUSH1 at 11
mythril.analysis.module.base [DEBUG]: Entering analysis module: TxOrigin
mythril.analysis.module.base [DEBUG]: Exiting analysis module: TxOrigin
mythril.analysis.module.base [DEBUG]: Entering analysis module: IntegerArithmetics
mythril.analysis.module.base [DEBUG]: Exiting analysis module: IntegerArithmetics
mythril.laser.ethereum.instructions [DEBUG]: Evaluating JUMPI at 12
mythril.laser.ethereum.svm [DEBUG]: - Entering function MAIN:unknown
mythril.laser.ethereum.instructions [DEBUG]: Evaluating PUSH1 at 13
mythril.laser.ethereum.instructions [DEBUG]: Evaluating JUMPDEST at 18
mythril.laser.ethereum.instructions [DEBUG]: Evaluating JUMP at 14
mythril.laser.ethereum.instructions [DEBUG]: Evaluating CALLVALUE at 19
mythril.laser.ethereum.instructions [DEBUG]: Evaluating JUMPDEST at 15
mythril.laser.ethereum.instructions [DEBUG]: Evaluating PUSH1 at 20
mythril.laser.ethereum.instructions [DEBUG]: Evaluating PUSH1 at 16
mythril.analysis.module.base [DEBUG]: Entering analysis module: TxOrigin
mythril.analysis.module.base [DEBUG]: Exiting analysis module: TxOrigin
mythril.analysis.module.base [DEBUG]: Entering analysis module: IntegerArithmetics
mythril.analysis.module.base [DEBUG]: Exiting analysis module: IntegerArithmetics
mythril.laser.ethereum.instructions [DEBUG]: Evaluating JUMPI at 21
mythril.laser.ethereum.instructions [DEBUG]: Evaluating JUMP at 17
mythril.laser.ethereum.svm [DEBUG]: Encountered a VmException, ending path: `Skipping JUMP to invalid destination (not JUMPDEST): 2`
mythril.laser.ethereum.instructions [DEBUG]: Evaluating PUSH1 at 22
mythril.laser.ethereum.instructions [DEBUG]: Evaluating PUSH1 at 23
mythril.laser.ethereum.instructions [DEBUG]: Evaluating DUP1 at 24
mythril.laser.ethereum.instructions [DEBUG]: Evaluating POP at 25
mythril.laser.ethereum.instructions [DEBUG]: Evaluating POP at 26
mythril.laser.ethereum.instructions [DEBUG]: Evaluating PUSH1 at 27
mythril.laser.ethereum.instructions [DEBUG]: Evaluating JUMP at 28
mythril.laser.ethereum.instructions [DEBUG]: Evaluating JUMPDEST at 31
mythril.laser.ethereum.instructions [DEBUG]: Evaluating PUSH1 at 32
mythril.laser.ethereum.instructions [DEBUG]: Evaluating PUSH1 at 33
mythril.laser.ethereum.instructions [DEBUG]: Evaluating PUSH1 at 34
mythril.laser.ethereum.instructions [DEBUG]: Evaluating POP at 35
mythril.laser.ethereum.instructions [DEBUG]: Evaluating PUSH1 at 36
mythril.laser.ethereum.instructions [DEBUG]: Evaluating CALLER at 37
mythril.laser.ethereum.instructions [DEBUG]: Evaluating PUSH20 at 38
mythril.laser.ethereum.instructions [DEBUG]: Evaluating AND at 39
mythril.laser.ethereum.instructions [DEBUG]: Evaluating DUP2 at 40
mythril.laser.ethereum.instructions [DEBUG]: Evaluating MSTORE at 41
mythril.laser.ethereum.instructions [DEBUG]: Evaluating PUSH1 at 42
mythril.analysis.module.base [DEBUG]: Entering analysis module: IntegerArithmetics
mythril.analysis.module.base [DEBUG]: Exiting analysis module: IntegerArithmetics
mythril.laser.ethereum.instructions [DEBUG]: Evaluating ADD at 43
mythril.laser.ethereum.instructions [DEBUG]: Evaluating SWAP1 at 44
mythril.laser.ethereum.instructions [DEBUG]: Evaluating DUP2 at 45
mythril.laser.ethereum.instructions [DEBUG]: Evaluating MSTORE at 46
mythril.laser.ethereum.instructions [DEBUG]: Evaluating PUSH1 at 47
mythril.analysis.module.base [DEBUG]: Entering analysis module: IntegerArithmetics
mythril.analysis.module.base [DEBUG]: Exiting analysis module: IntegerArithmetics
mythril.laser.ethereum.instructions [DEBUG]: Evaluating ADD at 48
mythril.laser.ethereum.instructions [DEBUG]: Evaluating PUSH1 at 49
mythril.laser.ethereum.instructions [DEBUG]: Evaluating SHA3 at 50
mythril.laser.ethereum.instructions [DEBUG]: Evaluating PUSH1 at 51
mythril.laser.ethereum.instructions [DEBUG]: Evaluating POP at 52
mythril.laser.ethereum.instructions [DEBUG]: Evaluating SLOAD at 53
mythril.laser.ethereum.instructions [DEBUG]: Evaluating SWAP1 at 54
mythril.laser.ethereum.instructions [DEBUG]: Evaluating POP at 55
mythril.laser.ethereum.instructions [DEBUG]: Evaluating PUSH1 at 56
mythril.laser.ethereum.instructions [DEBUG]: Evaluating PUSH1 at 57
mythril.laser.ethereum.instructions [DEBUG]: Evaluating PUSH1 at 58
mythril.laser.ethereum.instructions [DEBUG]: Evaluating POP at 59
mythril.laser.ethereum.instructions [DEBUG]: Evaluating PUSH1 at 60
mythril.laser.ethereum.instructions [DEBUG]: Evaluating CALLER at 61
mythril.laser.ethereum.instructions [DEBUG]: Evaluating PUSH20 at 62
mythril.laser.ethereum.instructions [DEBUG]: Evaluating AND at 63
mythril.laser.ethereum.instructions [DEBUG]: Evaluating DUP2 at 64
mythril.laser.ethereum.instructions [DEBUG]: Evaluating MSTORE at 65
mythril.laser.ethereum.instructions [DEBUG]: Evaluating PUSH1 at 66
mythril.analysis.module.base [DEBUG]: Entering analysis module: IntegerArithmetics
mythril.analysis.module.base [DEBUG]: Exiting analysis module: IntegerArithmetics
mythril.laser.ethereum.instructions [DEBUG]: Evaluating ADD at 67
mythril.laser.ethereum.instructions [DEBUG]: Evaluating SWAP1 at 68
mythril.laser.ethereum.instructions [DEBUG]: Evaluating DUP2 at 69
mythril.laser.ethereum.instructions [DEBUG]: Evaluating MSTORE at 70
mythril.laser.ethereum.instructions [DEBUG]: Evaluating PUSH1 at 71
mythril.analysis.module.base [DEBUG]: Entering analysis module: IntegerArithmetics
mythril.analysis.module.base [DEBUG]: Exiting analysis module: IntegerArithmetics
mythril.laser.ethereum.instructions [DEBUG]: Evaluating ADD at 72
mythril.laser.ethereum.instructions [DEBUG]: Evaluating PUSH1 at 73
mythril.laser.ethereum.instructions [DEBUG]: Evaluating SHA3 at 74
mythril.laser.ethereum.instructions [DEBUG]: Evaluating PUSH1 at 75
mythril.laser.ethereum.instructions [DEBUG]: Evaluating POP at 76
mythril.laser.ethereum.instructions [DEBUG]: Evaluating DUP2 at 77
mythril.laser.ethereum.instructions [DEBUG]: Evaluating SWAP1 at 78
mythril.analysis.module.base [DEBUG]: Entering analysis module: ArbitraryStorage
mythril.analysis.module.base [DEBUG]: Exiting analysis module: ArbitraryStorage
mythril.analysis.module.base [DEBUG]: Entering analysis module: IntegerArithmetics
mythril.analysis.module.base [DEBUG]: Exiting analysis module: IntegerArithmetics
mythril.analysis.module.base [DEBUG]: Entering analysis module: StateChangeAfterCall
mythril.analysis.module.base [DEBUG]: Exiting analysis module: StateChangeAfterCall
mythril.laser.ethereum.instructions [DEBUG]: Evaluating SSTORE at 79
mythril.laser.ethereum.instructions [DEBUG]: Evaluating POP at 80
mythril.laser.ethereum.instructions [DEBUG]: Evaluating CALLER at 81
mythril.laser.ethereum.instructions [DEBUG]: Evaluating PUSH20 at 82
mythril.laser.ethereum.instructions [DEBUG]: Evaluating AND at 83
mythril.laser.ethereum.instructions [DEBUG]: Evaluating PUSH2 at 84
mythril.laser.ethereum.instructions [DEBUG]: Evaluating DUP3 at 85
mythril.laser.ethereum.instructions [DEBUG]: Evaluating SWAP1 at 86
mythril.laser.ethereum.instructions [DEBUG]: Evaluating DUP2 at 87
mythril.laser.ethereum.instructions [DEBUG]: Evaluating ISZERO at 88
mythril.analysis.module.base [DEBUG]: Entering analysis module: IntegerArithmetics
mythril.analysis.module.base [DEBUG]: Exiting analysis module: IntegerArithmetics
mythril.laser.ethereum.instructions [DEBUG]: Evaluating MUL at 89
mythril.laser.ethereum.instructions [DEBUG]: Evaluating SWAP1 at 90
mythril.laser.ethereum.instructions [DEBUG]: Evaluating PUSH1 at 91
mythril.laser.ethereum.instructions [DEBUG]: Evaluating MLOAD at 92
mythril.laser.ethereum.instructions [DEBUG]: Evaluating DUP1 at 93
mythril.laser.ethereum.instructions [DEBUG]: Evaluating SWAP1 at 94
mythril.laser.ethereum.instructions [DEBUG]: Evaluating POP at 95
mythril.laser.ethereum.instructions [DEBUG]: Evaluating PUSH1 at 96
mythril.laser.ethereum.instructions [DEBUG]: Evaluating PUSH1 at 97
mythril.laser.ethereum.instructions [DEBUG]: Evaluating MLOAD at 98
mythril.laser.ethereum.instructions [DEBUG]: Evaluating DUP1 at 99
mythril.laser.ethereum.instructions [DEBUG]: Evaluating DUP4 at 100
mythril.analysis.module.base [DEBUG]: Entering analysis module: IntegerArithmetics
mythril.analysis.module.base [DEBUG]: Exiting analysis module: IntegerArithmetics
mythril.laser.ethereum.instructions [DEBUG]: Evaluating SUB at 101
mythril.laser.ethereum.instructions [DEBUG]: Evaluating DUP2 at 102
mythril.laser.ethereum.instructions [DEBUG]: Evaluating DUP6 at 103
mythril.laser.ethereum.instructions [DEBUG]: Evaluating DUP9 at 104
mythril.laser.ethereum.instructions [DEBUG]: Evaluating DUP9 at 105
mythril.analysis.module.base [DEBUG]: Entering analysis module: IntegerArithmetics
mythril.analysis.module.base [DEBUG]: Exiting analysis module: IntegerArithmetics
mythril.analysis.module.base [DEBUG]: Entering analysis module: StateChangeAfterCall
mythril.analysis.module.base [DEBUG]: Exiting analysis module: StateChangeAfterCall
mythril.laser.ethereum.instructions [DEBUG]: Evaluating CALL at 106
mythril.laser.ethereum.call [DEBUG]: Symbolic call encountered
mythril.laser.ethereum.call [DEBUG]: CALL to: Concat(0, Extract(159, 0, sender_1))
mythril.laser.ethereum.instructions [DEBUG]: The call is related to ether transfer between accounts
mythril.analysis.module.base [DEBUG]: Entering analysis module: EtherThief
mythril.analysis.module.base [DEBUG]: Exiting analysis module: EtherThief
mythril.analysis.module.base [DEBUG]: Entering analysis module: UncheckedRetval
mythril.analysis.module.modules.unchecked_retval [DEBUG]: End of call, extracting retval
mythril.analysis.module.base [DEBUG]: Exiting analysis module: UncheckedRetval
mythril.laser.ethereum.instructions [DEBUG]: Evaluating PUSH2 at 107
mythril.laser.ethereum.instructions [DEBUG]: Evaluating PUSH2 at 108
mythril.laser.ethereum.instructions [DEBUG]: Evaluating JUMP at 109
mythril.laser.ethereum.instructions [DEBUG]: Evaluating JUMPDEST at 120
mythril.laser.ethereum.instructions [DEBUG]: Evaluating DUP2 at 121
mythril.laser.ethereum.instructions [DEBUG]: Evaluating ISZERO at 122
mythril.laser.ethereum.instructions [DEBUG]: Evaluating ISZERO at 123
mythril.laser.ethereum.instructions [DEBUG]: Evaluating SWAP1 at 124
mythril.analysis.module.base [DEBUG]: Entering analysis module: TxOrigin
mythril.analysis.module.base [DEBUG]: Exiting analysis module: TxOrigin
mythril.analysis.module.base [DEBUG]: Entering analysis module: IntegerArithmetics
mythril.analysis.module.base [DEBUG]: Exiting analysis module: IntegerArithmetics
mythril.laser.ethereum.instructions [DEBUG]: Evaluating JUMPI at 125
mythril.laser.ethereum.instructions [DEBUG]: Evaluating PUSH1 at 126
mythril.laser.ethereum.instructions [DEBUG]: Evaluating JUMPDEST at 110
mythril.laser.ethereum.instructions [DEBUG]: Evaluating DUP1 at 127
mythril.laser.ethereum.instructions [DEBUG]: Evaluating SWAP4 at 111
mythril.laser.ethereum.instructions [DEBUG]: Evaluating REVERT at 128
mythril.laser.ethereum.svm [DEBUG]: Ending transaction MessageCallTransaction 1 from sender_1 to                                        0x0.
mythril.laser.ethereum.instructions [DEBUG]: Evaluating POP at 112
mythril.laser.ethereum.instructions [DEBUG]: Evaluating POP at 113
mythril.laser.ethereum.instructions [DEBUG]: Evaluating POP at 114
mythril.laser.ethereum.instructions [DEBUG]: Evaluating POP at 115
mythril.laser.ethereum.instructions [DEBUG]: Evaluating POP at 116
mythril.laser.ethereum.instructions [DEBUG]: Evaluating JUMPDEST at 117
mythril.laser.ethereum.instructions [DEBUG]: Evaluating POP at 118
mythril.laser.ethereum.instructions [DEBUG]: Evaluating JUMP at 119
mythril.laser.ethereum.instructions [DEBUG]: Evaluating JUMPDEST at 29
mythril.analysis.module.base [DEBUG]: Entering analysis module: IntegerArithmetics
mythril.analysis.module.base [DEBUG]: Exiting analysis module: IntegerArithmetics
mythril.analysis.module.base [DEBUG]: Entering analysis module: UncheckedRetval
mythril.analysis.module.base [DEBUG]: Exiting analysis module: UncheckedRetval
mythril.laser.ethereum.instructions [DEBUG]: Evaluating STOP at 30
mythril.laser.ethereum.svm [DEBUG]: Ending transaction MessageCallTransaction 1 from sender_1 to                                        0x0.
mythril.laser.plugin.plugins.coverage.coverage_plugin [INFO]: Number of new instructions covered in tx 0: 129
mythril.laser.ethereum.svm [INFO]: Starting message call transaction, iteration: 1, 1 initial states
mythril.laser.ethereum.instructions [DEBUG]: Evaluating PUSH1 at 0
mythril.laser.ethereum.instructions [DEBUG]: Evaluating PUSH1 at 1
mythril.laser.ethereum.instructions [DEBUG]: Evaluating MSTORE at 2
mythril.laser.ethereum.instructions [DEBUG]: Evaluating PUSH1 at 3
mythril.laser.ethereum.instructions [DEBUG]: Evaluating CALLDATALOAD at 4
mythril.laser.ethereum.instructions [DEBUG]: Evaluating PUSH29 at 5
mythril.laser.ethereum.instructions [DEBUG]: Evaluating SWAP1 at 6
mythril.laser.ethereum.instructions [DEBUG]: Evaluating DIV at 7
mythril.laser.ethereum.instructions [DEBUG]: Evaluating DUP1 at 8
mythril.laser.ethereum.instructions [DEBUG]: Evaluating PUSH4 at 9
mythril.laser.ethereum.instructions [DEBUG]: Evaluating EQ at 10
mythril.laser.ethereum.instructions [DEBUG]: Evaluating PUSH1 at 11
mythril.analysis.module.base [DEBUG]: Entering analysis module: TxOrigin
mythril.analysis.module.base [DEBUG]: Exiting analysis module: TxOrigin
mythril.analysis.module.base [DEBUG]: Entering analysis module: IntegerArithmetics
mythril.analysis.module.base [DEBUG]: Exiting analysis module: IntegerArithmetics
mythril.laser.ethereum.instructions [DEBUG]: Evaluating JUMPI at 12
mythril.laser.ethereum.svm [DEBUG]: - Entering function MAIN:unknown
mythril.laser.ethereum.instructions [DEBUG]: Evaluating PUSH1 at 13
mythril.laser.ethereum.instructions [DEBUG]: Evaluating JUMPDEST at 18
mythril.laser.ethereum.instructions [DEBUG]: Evaluating JUMP at 14
mythril.laser.ethereum.instructions [DEBUG]: Evaluating CALLVALUE at 19
mythril.laser.ethereum.instructions [DEBUG]: Evaluating JUMPDEST at 15
mythril.laser.ethereum.instructions [DEBUG]: Evaluating PUSH1 at 20
mythril.laser.ethereum.instructions [DEBUG]: Evaluating PUSH1 at 16
mythril.analysis.module.base [DEBUG]: Entering analysis module: TxOrigin
mythril.analysis.module.base [DEBUG]: Exiting analysis module: TxOrigin
mythril.analysis.module.base [DEBUG]: Entering analysis module: IntegerArithmetics
mythril.analysis.module.base [DEBUG]: Exiting analysis module: IntegerArithmetics
mythril.laser.ethereum.instructions [DEBUG]: Evaluating JUMPI at 21
mythril.laser.ethereum.instructions [DEBUG]: Evaluating JUMP at 17
mythril.laser.ethereum.svm [DEBUG]: Encountered a VmException, ending path: `Skipping JUMP to invalid destination (not JUMPDEST): 2`
mythril.laser.ethereum.instructions [DEBUG]: Evaluating PUSH1 at 22
mythril.laser.ethereum.instructions [DEBUG]: Evaluating PUSH1 at 23
mythril.laser.ethereum.instructions [DEBUG]: Evaluating DUP1 at 24
mythril.laser.ethereum.instructions [DEBUG]: Evaluating POP at 25
mythril.laser.ethereum.instructions [DEBUG]: Evaluating POP at 26
mythril.laser.ethereum.instructions [DEBUG]: Evaluating PUSH1 at 27
mythril.laser.ethereum.instructions [DEBUG]: Evaluating JUMP at 28
mythril.laser.ethereum.instructions [DEBUG]: Evaluating JUMPDEST at 31
mythril.laser.ethereum.instructions [DEBUG]: Evaluating PUSH1 at 32
mythril.laser.ethereum.instructions [DEBUG]: Evaluating PUSH1 at 33
mythril.laser.ethereum.instructions [DEBUG]: Evaluating PUSH1 at 34
mythril.laser.ethereum.instructions [DEBUG]: Evaluating POP at 35
mythril.laser.ethereum.instructions [DEBUG]: Evaluating PUSH1 at 36
mythril.laser.ethereum.instructions [DEBUG]: Evaluating CALLER at 37
mythril.laser.ethereum.instructions [DEBUG]: Evaluating PUSH20 at 38
mythril.laser.ethereum.instructions [DEBUG]: Evaluating AND at 39
mythril.laser.ethereum.instructions [DEBUG]: Evaluating DUP2 at 40
mythril.laser.ethereum.instructions [DEBUG]: Evaluating MSTORE at 41
mythril.laser.ethereum.instructions [DEBUG]: Evaluating PUSH1 at 42
mythril.analysis.module.base [DEBUG]: Entering analysis module: IntegerArithmetics
mythril.analysis.module.base [DEBUG]: Exiting analysis module: IntegerArithmetics
mythril.laser.ethereum.instructions [DEBUG]: Evaluating ADD at 43
mythril.laser.ethereum.instructions [DEBUG]: Evaluating SWAP1 at 44
mythril.laser.ethereum.instructions [DEBUG]: Evaluating DUP2 at 45
mythril.laser.ethereum.instructions [DEBUG]: Evaluating MSTORE at 46
mythril.laser.ethereum.instructions [DEBUG]: Evaluating PUSH1 at 47
mythril.analysis.module.base [DEBUG]: Entering analysis module: IntegerArithmetics
mythril.analysis.module.base [DEBUG]: Exiting analysis module: IntegerArithmetics
mythril.laser.ethereum.instructions [DEBUG]: Evaluating ADD at 48
mythril.laser.ethereum.instructions [DEBUG]: Evaluating PUSH1 at 49
mythril.laser.ethereum.instructions [DEBUG]: Evaluating SHA3 at 50
mythril.laser.ethereum.instructions [DEBUG]: Evaluating PUSH1 at 51
mythril.laser.ethereum.instructions [DEBUG]: Evaluating POP at 52
mythril.laser.ethereum.instructions [DEBUG]: Evaluating SLOAD at 53
mythril.laser.ethereum.instructions [DEBUG]: Evaluating SWAP1 at 54
mythril.laser.ethereum.instructions [DEBUG]: Evaluating POP at 55
mythril.laser.ethereum.instructions [DEBUG]: Evaluating PUSH1 at 56
mythril.laser.ethereum.instructions [DEBUG]: Evaluating PUSH1 at 57
mythril.laser.ethereum.instructions [DEBUG]: Evaluating PUSH1 at 58
mythril.laser.ethereum.instructions [DEBUG]: Evaluating POP at 59
mythril.laser.ethereum.instructions [DEBUG]: Evaluating PUSH1 at 60
mythril.laser.ethereum.instructions [DEBUG]: Evaluating CALLER at 61
mythril.laser.ethereum.instructions [DEBUG]: Evaluating PUSH20 at 62
mythril.laser.ethereum.instructions [DEBUG]: Evaluating AND at 63
mythril.laser.ethereum.instructions [DEBUG]: Evaluating DUP2 at 64
mythril.laser.ethereum.instructions [DEBUG]: Evaluating MSTORE at 65
mythril.laser.ethereum.instructions [DEBUG]: Evaluating PUSH1 at 66
mythril.analysis.module.base [DEBUG]: Entering analysis module: IntegerArithmetics
mythril.analysis.module.base [DEBUG]: Exiting analysis module: IntegerArithmetics
mythril.laser.ethereum.instructions [DEBUG]: Evaluating ADD at 67
mythril.laser.ethereum.instructions [DEBUG]: Evaluating SWAP1 at 68
mythril.laser.ethereum.instructions [DEBUG]: Evaluating DUP2 at 69
mythril.laser.ethereum.instructions [DEBUG]: Evaluating MSTORE at 70
mythril.laser.ethereum.instructions [DEBUG]: Evaluating PUSH1 at 71
mythril.analysis.module.base [DEBUG]: Entering analysis module: IntegerArithmetics
mythril.analysis.module.base [DEBUG]: Exiting analysis module: IntegerArithmetics
mythril.laser.ethereum.instructions [DEBUG]: Evaluating ADD at 72
mythril.laser.ethereum.instructions [DEBUG]: Evaluating PUSH1 at 73
mythril.laser.ethereum.instructions [DEBUG]: Evaluating SHA3 at 74
mythril.laser.ethereum.instructions [DEBUG]: Evaluating PUSH1 at 75
mythril.laser.ethereum.instructions [DEBUG]: Evaluating POP at 76
mythril.laser.ethereum.instructions [DEBUG]: Evaluating DUP2 at 77
mythril.laser.ethereum.instructions [DEBUG]: Evaluating SWAP1 at 78
mythril.analysis.module.base [DEBUG]: Entering analysis module: ArbitraryStorage
mythril.analysis.module.base [DEBUG]: Exiting analysis module: ArbitraryStorage
mythril.analysis.module.base [DEBUG]: Entering analysis module: IntegerArithmetics
mythril.analysis.module.base [DEBUG]: Exiting analysis module: IntegerArithmetics
mythril.analysis.module.base [DEBUG]: Entering analysis module: StateChangeAfterCall
mythril.analysis.module.base [DEBUG]: Exiting analysis module: StateChangeAfterCall
mythril.laser.ethereum.instructions [DEBUG]: Evaluating SSTORE at 79
mythril.laser.ethereum.instructions [DEBUG]: Evaluating POP at 80
mythril.laser.ethereum.instructions [DEBUG]: Evaluating CALLER at 81
mythril.laser.ethereum.instructions [DEBUG]: Evaluating PUSH20 at 82
mythril.laser.ethereum.instructions [DEBUG]: Evaluating AND at 83
mythril.laser.ethereum.instructions [DEBUG]: Evaluating PUSH2 at 84
mythril.laser.ethereum.instructions [DEBUG]: Evaluating DUP3 at 85
mythril.laser.ethereum.instructions [DEBUG]: Evaluating SWAP1 at 86
mythril.laser.ethereum.instructions [DEBUG]: Evaluating DUP2 at 87
mythril.laser.ethereum.instructions [DEBUG]: Evaluating ISZERO at 88
mythril.analysis.module.base [DEBUG]: Entering analysis module: IntegerArithmetics
mythril.analysis.module.base [DEBUG]: Exiting analysis module: IntegerArithmetics
mythril.laser.ethereum.instructions [DEBUG]: Evaluating MUL at 89
mythril.laser.ethereum.instructions [DEBUG]: Evaluating SWAP1 at 90
mythril.laser.ethereum.instructions [DEBUG]: Evaluating PUSH1 at 91
mythril.laser.ethereum.instructions [DEBUG]: Evaluating MLOAD at 92
mythril.laser.ethereum.instructions [DEBUG]: Evaluating DUP1 at 93
mythril.laser.ethereum.instructions [DEBUG]: Evaluating SWAP1 at 94
mythril.laser.ethereum.instructions [DEBUG]: Evaluating POP at 95
mythril.laser.ethereum.instructions [DEBUG]: Evaluating PUSH1 at 96
mythril.laser.ethereum.instructions [DEBUG]: Evaluating PUSH1 at 97
mythril.laser.ethereum.instructions [DEBUG]: Evaluating MLOAD at 98
mythril.laser.ethereum.instructions [DEBUG]: Evaluating DUP1 at 99
mythril.laser.ethereum.instructions [DEBUG]: Evaluating DUP4 at 100
mythril.analysis.module.base [DEBUG]: Entering analysis module: IntegerArithmetics
mythril.analysis.module.base [DEBUG]: Exiting analysis module: IntegerArithmetics
mythril.laser.ethereum.instructions [DEBUG]: Evaluating SUB at 101
mythril.laser.ethereum.instructions [DEBUG]: Evaluating DUP2 at 102
mythril.laser.ethereum.instructions [DEBUG]: Evaluating DUP6 at 103
mythril.laser.ethereum.instructions [DEBUG]: Evaluating DUP9 at 104
mythril.laser.ethereum.instructions [DEBUG]: Evaluating DUP9 at 105
mythril.analysis.module.base [DEBUG]: Entering analysis module: IntegerArithmetics
mythril.analysis.module.base [DEBUG]: Exiting analysis module: IntegerArithmetics
mythril.analysis.module.base [DEBUG]: Entering analysis module: StateChangeAfterCall
mythril.analysis.module.base [DEBUG]: Exiting analysis module: StateChangeAfterCall
mythril.laser.ethereum.instructions [DEBUG]: Evaluating CALL at 106
mythril.laser.ethereum.call [DEBUG]: Symbolic call encountered
mythril.laser.ethereum.call [DEBUG]: CALL to: Concat(0, Extract(159, 0, sender_2))
mythril.laser.ethereum.instructions [DEBUG]: The call is related to ether transfer between accounts
mythril.analysis.module.base [DEBUG]: Entering analysis module: EtherThief
mythril.analysis.module.base [DEBUG]: Exiting analysis module: EtherThief
mythril.analysis.module.base [DEBUG]: Entering analysis module: UncheckedRetval
mythril.analysis.module.modules.unchecked_retval [DEBUG]: End of call, extracting retval
mythril.analysis.module.base [DEBUG]: Exiting analysis module: UncheckedRetval
mythril.laser.ethereum.instructions [DEBUG]: Evaluating PUSH2 at 107
mythril.laser.ethereum.instructions [DEBUG]: Evaluating PUSH2 at 108
mythril.laser.ethereum.instructions [DEBUG]: Evaluating JUMP at 109
mythril.laser.ethereum.instructions [DEBUG]: Evaluating JUMPDEST at 120
mythril.laser.ethereum.instructions [DEBUG]: Evaluating DUP2 at 121
mythril.laser.ethereum.instructions [DEBUG]: Evaluating ISZERO at 122
mythril.laser.ethereum.instructions [DEBUG]: Evaluating ISZERO at 123
mythril.laser.ethereum.instructions [DEBUG]: Evaluating SWAP1 at 124
mythril.analysis.module.base [DEBUG]: Entering analysis module: TxOrigin
mythril.analysis.module.base [DEBUG]: Exiting analysis module: TxOrigin
mythril.analysis.module.base [DEBUG]: Entering analysis module: IntegerArithmetics
mythril.analysis.module.base [DEBUG]: Exiting analysis module: IntegerArithmetics
mythril.laser.ethereum.instructions [DEBUG]: Evaluating JUMPI at 125
mythril.laser.ethereum.instructions [DEBUG]: Evaluating PUSH1 at 126
mythril.laser.ethereum.instructions [DEBUG]: Evaluating JUMPDEST at 110
mythril.laser.ethereum.instructions [DEBUG]: Evaluating DUP1 at 127
mythril.laser.ethereum.instructions [DEBUG]: Evaluating SWAP4 at 111
mythril.laser.ethereum.instructions [DEBUG]: Evaluating REVERT at 128
mythril.laser.ethereum.svm [DEBUG]: Ending transaction MessageCallTransaction 2 from sender_2 to                                        0x0.
mythril.laser.ethereum.instructions [DEBUG]: Evaluating POP at 112
mythril.laser.ethereum.instructions [DEBUG]: Evaluating POP at 113
mythril.laser.ethereum.instructions [DEBUG]: Evaluating POP at 114
mythril.laser.ethereum.instructions [DEBUG]: Evaluating POP at 115
mythril.laser.ethereum.instructions [DEBUG]: Evaluating POP at 116
mythril.laser.ethereum.instructions [DEBUG]: Evaluating JUMPDEST at 117
mythril.laser.ethereum.instructions [DEBUG]: Evaluating POP at 118
mythril.laser.ethereum.instructions [DEBUG]: Evaluating JUMP at 119
mythril.laser.ethereum.instructions [DEBUG]: Evaluating JUMPDEST at 29
mythril.analysis.module.base [DEBUG]: Entering analysis module: IntegerArithmetics
mythril.analysis.module.base [DEBUG]: Exiting analysis module: IntegerArithmetics
mythril.analysis.module.base [DEBUG]: Entering analysis module: UncheckedRetval
mythril.analysis.module.base [DEBUG]: Exiting analysis module: UncheckedRetval
mythril.laser.ethereum.instructions [DEBUG]: Evaluating STOP at 30
mythril.laser.ethereum.svm [DEBUG]: Ending transaction MessageCallTransaction 2 from sender_2 to                                        0x0.
mythril.laser.plugin.plugins.coverage.coverage_plugin [INFO]: Number of new instructions covered in tx 1: 0
mythril.laser.ethereum.svm [INFO]: Finished symbolic execution
mythril.laser.plugin.plugins.coverage.coverage_plugin [INFO]: Achieved 100.00% coverage for code: 60606040526000357c0100000000000000000000000000000000000000000000000000000000900480635fd8c710146039576035565b6002565b3460025760486004805050604a565b005b6000600060005060003373ffffffffffffffffffffffffffffffffffffffff1681526020019081526020016000206000505490506000600060005060003373ffffffffffffffffffffffffffffffffffffffff168152602001908152602001600020600050819055503373ffffffffffffffffffffffffffffffffffffffff166108fc829081150290604051809050600060405180830381858888f16100ee6100f8565b9350505050505b50565b8115159057600080fd
mythril.laser.plugin.plugins.instruction_profiler [INFO]: Total: 0.730135440826416 s
[ADD         ]   0.9287 %,  nr      8,  total   0.0068 s,  avg   0.0008 s,  min   0.0008 s,  max   0.0011 s
[AND         ]   0.6047 %,  nr      6,  total   0.0044 s,  avg   0.0007 s,  min   0.0007 s,  max   0.0008 s
[CALL        ]   1.3948 %,  nr      2,  total   0.0102 s,  avg   0.0051 s,  min   0.0051 s,  max   0.0051 s
[CALLDATALOAD]   4.9550 %,  nr      2,  total   0.0362 s,  avg   0.0181 s,  min   0.0176 s,  max   0.0186 s
[CALLER      ]   0.5504 %,  nr      6,  total   0.0040 s,  avg   0.0007 s,  min   0.0006 s,  max   0.0008 s
[CALLVALUE   ]   0.1745 %,  nr      2,  total   0.0013 s,  avg   0.0006 s,  min   0.0006 s,  max   0.0006 s
[DIV         ]   0.2905 %,  nr      2,  total   0.0021 s,  avg   0.0011 s,  min   0.0010 s,  max   0.0011 s
[DUP1        ]   1.1434 %,  nr     10,  total   0.0083 s,  avg   0.0008 s,  min   0.0006 s,  max   0.0012 s
[DUP2        ]   1.4971 %,  nr     16,  total   0.0109 s,  avg   0.0007 s,  min   0.0006 s,  max   0.0008 s
[DUP3        ]   0.1890 %,  nr      2,  total   0.0014 s,  avg   0.0007 s,  min   0.0007 s,  max   0.0007 s
[DUP4        ]   0.1949 %,  nr      2,  total   0.0014 s,  avg   0.0007 s,  min   0.0007 s,  max   0.0007 s
[DUP6        ]   0.1887 %,  nr      2,  total   0.0014 s,  avg   0.0007 s,  min   0.0007 s,  max   0.0007 s
[DUP9        ]   0.3752 %,  nr      4,  total   0.0027 s,  avg   0.0007 s,  min   0.0007 s,  max   0.0007 s
[EQ          ]   0.2206 %,  nr      2,  total   0.0016 s,  avg   0.0008 s,  min   0.0008 s,  max   0.0009 s
[ISZERO      ]   0.8058 %,  nr      6,  total   0.0059 s,  avg   0.0010 s,  min   0.0009 s,  max   0.0011 s
[JUMP        ]   1.9554 %,  nr      8,  total   0.0143 s,  avg   0.0018 s,  min   0.0013 s,  max   0.0044 s
[JUMPDEST    ]   1.2984 %,  nr     14,  total   0.0095 s,  avg   0.0007 s,  min   0.0006 s,  max   0.0008 s
[JUMPI       ]   1.8340 %,  nr      6,  total   0.0134 s,  avg   0.0022 s,  min   0.0016 s,  max   0.0027 s
[MLOAD       ]  11.5903 %,  nr      4,  total   0.0846 s,  avg   0.0212 s,  min   0.0204 s,  max   0.0220 s
[MSTORE      ]  30.8862 %,  nr     10,  total   0.2255 s,  avg   0.0226 s,  min   0.0129 s,  max   0.0306 s
[MUL         ]   0.2324 %,  nr      2,  total   0.0017 s,  avg   0.0008 s,  min   0.0008 s,  max   0.0009 s
[POP         ]   2.8462 %,  nr     30,  total   0.0208 s,  avg   0.0007 s,  min   0.0006 s,  max   0.0009 s
[PUSH1       ]   7.0846 %,  nr     60,  total   0.0517 s,  avg   0.0009 s,  min   0.0006 s,  max   0.0013 s
[PUSH2       ]   0.7481 %,  nr      6,  total   0.0055 s,  avg   0.0009 s,  min   0.0007 s,  max   0.0013 s
[PUSH20      ]   0.6424 %,  nr      6,  total   0.0047 s,  avg   0.0008 s,  min   0.0007 s,  max   0.0010 s
[PUSH29      ]   0.2562 %,  nr      2,  total   0.0019 s,  avg   0.0009 s,  min   0.0009 s,  max   0.0009 s
[PUSH4       ]   0.1851 %,  nr      2,  total   0.0014 s,  avg   0.0007 s,  min   0.0006 s,  max   0.0007 s
[SHA3        ]  24.1984 %,  nr      4,  total   0.1767 s,  avg   0.0442 s,  min   0.0431 s,  max   0.0462 s
[SLOAD       ]   0.2412 %,  nr      2,  total   0.0018 s,  avg   0.0009 s,  min   0.0008 s,  max   0.0009 s
[SSTORE      ]   0.2831 %,  nr      2,  total   0.0021 s,  avg   0.0010 s,  min   0.0009 s,  max   0.0012 s
[SUB         ]   0.2227 %,  nr      2,  total   0.0016 s,  avg   0.0008 s,  min   0.0008 s,  max   0.0008 s
[SWAP1       ]   1.7838 %,  nr     18,  total   0.0130 s,  avg   0.0007 s,  min   0.0006 s,  max   0.0010 s
[SWAP4       ]   0.1983 %,  nr      2,  total   0.0014 s,  avg   0.0007 s,  min   0.0007 s,  max   0.0007 s

mythril.analysis.security [INFO]: Starting analysis
mythril.analysis.security [DEBUG]: Retrieving results for Caller can write to arbitrary storage locations
mythril.analysis.security [DEBUG]: Retrieving results for Delegatecall to a user-specified address
mythril.analysis.security [DEBUG]: Retrieving results for Control flow depends on tx.origin
mythril.analysis.security [DEBUG]: Retrieving results for Any sender can withdraw ETH from the contract account
mythril.analysis.security [DEBUG]: Retrieving results for Integer overflow or underflow
mythril.analysis.security [DEBUG]: Retrieving results for State change after an external call
mythril.analysis.security [DEBUG]: Retrieving results for Contract can be accidentally killed by anyone
mythril.analysis.security [DEBUG]: Retrieving results for Return value of an external call is not checked
mythril.mythril.mythril_analyzer [INFO]: Solver statistics: 
Query count: 31 
Solver time: 0.4358072280883789
{"error": null, "issues": [], "success": true}
