 ______     __         __  __     ______     __     __  __     __    __    
/\  ___\   /\ \       /\ \_\ \   /\  ___\   /\ \   /\ \/\ \   /\ "-./  \   
\ \  __\   \ \ \____  \ \____ \  \ \___  \  \ \ \  \ \ \_\ \  \ \ \-./\ \  
 \ \_____\  \ \_____\  \/\_____\  \/\_____\  \ \_\  \ \_____\  \ \_\ \ \_\ 
  \/_____/   \/_____/   \/_____/   \/_____/   \/_/   \/_____/   \/_/  \/_/ 
                                                                           
Compiling source code...
Retrieving bytecode for contract 'PausableToken'.
Please wait. Scanning bytecode for bugs...
Running Osiris...
Finished running Osiris. Execution time 12.15967082977295 seconds. Code coverage 81.7%.
Running Oyente...
Finished running Oyente. Execution time 5.311488389968872 seconds. Code coverage 74.0%.
Running Mythril...
Finished running Mythril. Execution time 122.4950909614563 seconds. Code coverage 64.16%.
Detected 1 bug(s):
--> Detected 'overflow' (MUL) bug at program counter address 1075 (0x433) using Osiris with a code coverage of 81.7%.
Exporting original control-flow graph...
Recovering control-flow graph...
Recovered 93% of the control-flow graph
Number of execution paths accessing storage: 29
Deployment bytecode size: 65 bytes (original: 65 bytes) 0.0% increase.
Runtime bytecode size: 2728 bytes (original: 2699 bytes) 1.0744720266765468% increase.
Metadata: 0xa165627a7a723058205dcc1d2d1384338a6ef6990089ffae104efe7cc2da6abcb458ab4690f229d5470029
Exporting patched control-flow graph...
