 ______     __         __  __     ______     __     __  __     __    __    
/\  ___\   /\ \       /\ \_\ \   /\  ___\   /\ \   /\ \/\ \   /\ "-./  \   
\ \  __\   \ \ \____  \ \____ \  \ \___  \  \ \ \  \ \ \_\ \  \ \ \-./\ \  
 \ \_____\  \ \_____\  \/\_____\  \/\_____\  \ \_\  \ \_____\  \ \_\ \ \_\ 
  \/_____/   \/_____/   \/_____/   \/_____/   \/_/   \/_____/   \/_/  \/_/ 
                                                                           
Compiling source code...
Retrieving bytecode for contract 'Reentrance'.
Please wait. Scanning bytecode for bugs...
Running Osiris...
Finished running Osiris. Execution time 0.855309009552002 seconds. Code coverage 99.6%.
Running Oyente...
Finished running Oyente. Execution time 1.1235072612762451 seconds. Code coverage 99.6%.
Running Mythril...
Finished running Mythril. Execution time 37.22073173522949 seconds. Code coverage 99.55%.
Detected 5 bug(s):
--> Detected 'overflow' (ADD) bug at program counter address 305 (0x131) using Osiris with a code coverage of 99.6%.
--> Detected 'reentrancy' bug at program counter address 365 (0x16d) using Oyente with a code coverage of 99.6%.
--> Detected 'leaking ether' bug at program counter address 365 (0x16d) using Mythril with a code coverage of 99.55%.
--> Detected 'unhandled exception' bug at program counter address 365 (0x16d) using Mythril with a code coverage of 99.55%.
--> Detected 'underflow' (SUB) bug at program counter address 389 (0x185) using Osiris with a code coverage of 99.6%.
Exporting original control-flow graph...
Recovering control-flow graph...
Recovered 100% of the control-flow graph
Number of execution paths accessing storage: 5
Runtime bytecode size: 596 bytes (original: 436 bytes) 36.69724770642202% increase.
Metadata: 0xa165627a7a723058209db44732dc11df2aff2b0788a455e7edf0afa17e39d8ca852947fbea1c2a69250029
Exporting patched control-flow graph...
