 ______     __         __  __     ______     __     __  __     __    __    
/\  ___\   /\ \       /\ \_\ \   /\  ___\   /\ \   /\ \/\ \   /\ "-./  \   
\ \  __\   \ \ \____  \ \____ \  \ \___  \  \ \ \  \ \ \_\ \  \ \ \-./\ \  
 \ \_____\  \ \_____\  \/\_____\  \/\_____\  \ \_\  \ \_____\  \ \_\ \ \_\ 
  \/_____/   \/_____/   \/_____/   \/_____/   \/_/   \/_____/   \/_/  \/_/ 
                                                                           
Compiling source code...
Retrieving bytecode for contract 'Delta'.
Please wait. Scanning bytecode for bugs...
Running Osiris...
Finished running Osiris. Execution time 8.858540296554565 seconds. Code coverage 75.2%.
Running Oyente...
Finished running Oyente. Execution time 2.3313968181610107 seconds. Code coverage 75.2%.
Running Mythril...
Finished running Mythril. Execution time 4.07853102684021 seconds. Code coverage 55.64%.
Detected 1 bug(s):
--> Detected 'overflow' (MUL) bug at program counter address 464 (0x1d0) using Osiris with a code coverage of 75.2%.
Exporting original control-flow graph...
Recovering control-flow graph...
Recovered 100% of the control-flow graph
Number of execution paths accessing storage: 15
Deployment bytecode size: 149 bytes (original: 149 bytes) 0.0% increase.
Runtime bytecode size: 1034 bytes (original: 1005 bytes) 2.8855721393034823% increase.
Metadata: 0xa165627a7a72305820ff660531d874a0484d4855b9b79c51404d5ee74f066149d6d61d6dc78b1231ec0029
Exporting patched control-flow graph...
