Getting Slither report...
Switched global version to 0.4.26



'solc --version' running
'solc ../smartbugs-curated/dataset/time_manipulation/lottopollo.sol --combined-json abi,ast,bin,bin-runtime,srcmap,srcmap-runtime,userdoc,devdoc,hashes,compact-format --allow-paths .,/home/mokita/sc_study/temp/smartbugs-curated/dataset/time_manipulation' running
Compilation warnings/errors on ../smartbugs-curated/dataset/time_manipulation/lottopollo.sol:
../smartbugs-curated/dataset/time_manipulation/lottopollo.sol:7:1: Warning: Source file does not specify required compiler version!Consider adding "pragma solidity ^0.4.26;"
contract lottopollo {
^ (Relevant source part starts here and spans across multiple lines).
../smartbugs-curated/dataset/time_manipulation/lottopollo.sol:13:7: Warning: Failure condition of 'send' ignored. Consider using 'transfer' instead.
      msg.sender.send( msg.value );
      ^--------------------------^
../smartbugs-curated/dataset/time_manipulation/lottopollo.sol:15:12: Warning: Using contract member "balance" inherited from the address type is deprecated. Convert the contract to "address" type to access the member, for example use "address(contract).balance" instead.
      if ( this.balance > 0 ) {
           ^----------^
../smartbugs-curated/dataset/time_manipulation/lottopollo.sol:16:22: Warning: Using contract member "balance" inherited from the address type is deprecated. Convert the contract to "address" type to access the member, for example use "address(contract).balance" instead.
        leader.send( this.balance );
                     ^----------^
../smartbugs-curated/dataset/time_manipulation/lottopollo.sol:16:9: Warning: Failure condition of 'send' ignored. Consider using 'transfer' instead.
        leader.send( this.balance );
        ^-------------------------^
../smartbugs-curated/dataset/time_manipulation/lottopollo.sol:24:3: Warning: No visibility specified. Defaulting to "public". 
  function randomGen() constant returns (uint randomNumber) {
  ^ (Relevant source part starts here and spans across multiple lines).
../smartbugs-curated/dataset/time_manipulation/lottopollo.sol:28:3: Warning: No visibility specified. Defaulting to "public". 
  function draw(uint seed){
  ^ (Relevant source part starts here and spans across multiple lines).
../smartbugs-curated/dataset/time_manipulation/lottopollo.sol:28:17: Warning: Unused function parameter. Remove or comment out the variable name to silence this warning.
  function draw(uint seed){
                ^-------^


lottopollo.payOut(uint256) (../smartbugs-curated/dataset/time_manipulation/lottopollo.sol#10-23) sends eth to arbitrary user
	Dangerous calls:
	- leader.send(this.balance) (../smartbugs-curated/dataset/time_manipulation/lottopollo.sol#16)
Reference: https://github.com/crytic/slither/wiki/Detector-Documentation#functions-that-send-ether-to-arbitrary-destinations

lottopollo.payOut(uint256) (../smartbugs-curated/dataset/time_manipulation/lottopollo.sol#10-23) ignores return value by msg.sender.send(msg.value) (../smartbugs-curated/dataset/time_manipulation/lottopollo.sol#13)
lottopollo.payOut(uint256) (../smartbugs-curated/dataset/time_manipulation/lottopollo.sol#10-23) ignores return value by leader.send(this.balance) (../smartbugs-curated/dataset/time_manipulation/lottopollo.sol#16)
Reference: https://github.com/crytic/slither/wiki/Detector-Documentation#unchecked-send

lottopollo.payOut(uint256) (../smartbugs-curated/dataset/time_manipulation/lottopollo.sol#10-23) uses timestamp for comparisons
	Dangerous comparisons:
	- rand > 0 && now - rand > 86400 (../smartbugs-curated/dataset/time_manipulation/lottopollo.sol#12)
Reference: https://github.com/crytic/slither/wiki/Detector-Documentation#block-timestamp

solc-0.4.26 is an outdated solc version. Use a more recent version (at least 0.8.0), if possible.
Reference: https://github.com/crytic/slither/wiki/Detector-Documentation#incorrect-versions-of-solidity

Contract lottopollo (../smartbugs-curated/dataset/time_manipulation/lottopollo.sol#7-33) is not in CapWords
Reference: https://github.com/crytic/slither/wiki/Detector-Documentation#conformance-to-solidity-naming-conventions
../smartbugs-curated/dataset/time_manipulation/lottopollo.sol analyzed (1 contracts with 95 detectors), 6 result(s) found

Error running slither
lottopollo.sol
Getting Solidity AST...
Running TIPS...
lottopollo.sol
0.004979610443115234


