Getting Slither report...
Switched global version to 0.4.26



'solc --version' running
'solc ../smartbugs-curated/dataset/unchecked_low_level_calls/unchecked_return_value.sol --combined-json abi,ast,bin,bin-runtime,srcmap,srcmap-runtime,userdoc,devdoc,hashes,compact-format --allow-paths .,/home/mokita/sc_study/temp/smartbugs-curated/dataset/unchecked_low_level_calls' running
Compilation warnings/errors on ../smartbugs-curated/dataset/unchecked_low_level_calls/unchecked_return_value.sol:
../smartbugs-curated/dataset/unchecked_low_level_calls/unchecked_return_value.sol:8:1: Warning: Source file does not specify required compiler version!Consider adding "pragma solidity ^0.4.26;"
contract ReturnValue {
^ (Relevant source part starts here and spans across multiple lines).
../smartbugs-curated/dataset/unchecked_low_level_calls/unchecked_return_value.sol:16:5: Warning: Return value of low-level calls not used.
    callee.call();
    ^-----------^


ReturnValue.callnotchecked(address) (../smartbugs-curated/dataset/unchecked_low_level_calls/unchecked_return_value.sol#14-17) ignores return value by callee.call() (../smartbugs-curated/dataset/unchecked_low_level_calls/unchecked_return_value.sol#16)
Reference: https://github.com/crytic/slither/wiki/Detector-Documentation#unchecked-low-level-calls

ReturnValue.callnotchecked(address).callee (../smartbugs-curated/dataset/unchecked_low_level_calls/unchecked_return_value.sol#14) lacks a zero-check on :
		- callee.call() (../smartbugs-curated/dataset/unchecked_low_level_calls/unchecked_return_value.sol#16)
Reference: https://github.com/crytic/slither/wiki/Detector-Documentation#missing-zero-address-validation

solc-0.4.26 is an outdated solc version. Use a more recent version (at least 0.8.0), if possible.
Reference: https://github.com/crytic/slither/wiki/Detector-Documentation#incorrect-versions-of-solidity

Low level call in ReturnValue.callchecked(address) (../smartbugs-curated/dataset/unchecked_low_level_calls/unchecked_return_value.sol#10-12):
	- require(bool)(callee.call()) (../smartbugs-curated/dataset/unchecked_low_level_calls/unchecked_return_value.sol#11)
Low level call in ReturnValue.callnotchecked(address) (../smartbugs-curated/dataset/unchecked_low_level_calls/unchecked_return_value.sol#14-17):
	- callee.call() (../smartbugs-curated/dataset/unchecked_low_level_calls/unchecked_return_value.sol#16)
Reference: https://github.com/crytic/slither/wiki/Detector-Documentation#low-level-calls
../smartbugs-curated/dataset/unchecked_low_level_calls/unchecked_return_value.sol analyzed (1 contracts with 95 detectors), 5 result(s) found

Error running slither
unchecked_return_value.sol
Getting Solidity AST...
Running TIPS...
unchecked_return_value.sol
failing to repair the unchecked call defect in charnum:357 in type2
0.0022394657135009766


