 ______     __         __  __     ______     __     __  __     __    __    
/\  ___\   /\ \       /\ \_\ \   /\  ___\   /\ \   /\ \/\ \   /\ "-./  \   
\ \  __\   \ \ \____  \ \____ \  \ \___  \  \ \ \  \ \ \_\ \  \ \ \-./\ \  
 \ \_____\  \ \_____\  \/\_____\  \/\_____\  \ \_\  \ \_____\  \ \_\ \ \_\ 
  \/_____/   \/_____/   \/_____/   \/_____/   \/_/   \/_____/   \/_/  \/_/ 
                                                                           
Compiling source code...
Retrieving bytecode for contract 'SendBack'.
Please wait. Scanning bytecode for bugs...
Running Osiris...
Finished running Osiris. Execution time 0.9196977615356445 seconds. Code coverage 98.8%.
Running Oyente...
Finished running Oyente. Execution time 1.30330491065979 seconds. Code coverage 98.8%.
Running Mythril...
Finished running Mythril. Execution time 5.395211219787598 seconds. Code coverage 98.81%.
Detected 1 bug(s):
--> Detected 'unhandled exception' bug at program counter address 147 (0x93) using Mythril with a code coverage of 98.81%.
Exporting original control-flow graph...
Recovering control-flow graph...
Recovered 100% of the control-flow graph
Number of execution paths accessing storage: 1
Deployment bytecode size: 30 bytes (original: 30 bytes) 0.0% increase.
Runtime bytecode size: 168 bytes (original: 157 bytes) 7.006369426751592% increase.
Metadata: 0xa165627a7a72305820b47bd88ccd5ae8ea6a2fda4d33f8224a043ab40964833a47a6a246c4bc50b6820029
Exporting patched control-flow graph...
