 ______     __         __  __     ______     __     __  __     __    __    
/\  ___\   /\ \       /\ \_\ \   /\  ___\   /\ \   /\ \/\ \   /\ "-./  \   
\ \  __\   \ \ \____  \ \____ \  \ \___  \  \ \ \  \ \ \_\ \  \ \ \-./\ \  
 \ \_____\  \ \_____\  \/\_____\  \/\_____\  \ \_\  \ \_____\  \ \_\ \ \_\ 
  \/_____/   \/_____/   \/_____/   \/_____/   \/_/   \/_____/   \/_/  \/_/ 
                                                                           
Compiling source code...
Retrieving bytecode for contract 'TokenBank'.
Please wait. Scanning bytecode for bugs...
Running Osiris...
Finished running Osiris. Execution time 2.9664456844329834 seconds. Code coverage 99.8%.
Running Oyente...
Finished running Oyente. Execution time 2.6353206634521484 seconds. Code coverage 99.8%.
Running Mythril...
Finished running Mythril. Execution time 31.111887454986572 seconds. Code coverage 62.62%.
Detected 3 bug(s):
--> Detected 'overflow' (ADD) bug at program counter address 416 (0x1a0) using Osiris with a code coverage of 99.8%.
--> Detected 'reentrancy' bug at program counter address 978 (0x3d2) using Oyente with a code coverage of 99.8%.
--> Detected 'underflow' (SUB) bug at program counter address 1016 (0x3f8) using Osiris with a code coverage of 99.8%.
Exporting original control-flow graph...
Recovering control-flow graph...
Recovered 100% of the control-flow graph
Number of execution paths accessing storage: 12
Deployment bytecode size: 73 bytes (original: 73 bytes) 0.0% increase.
Runtime bytecode size: 1110 bytes (original: 1024 bytes) 8.3984375% increase.
Metadata: 0xa165627a7a72305820f6d12e17119ba7bcc985f76b3660609f6c4502c11a84067b8f6ec0d52cf84efd0029
Exporting patched control-flow graph...
