 ______     __         __  __     ______     __     __  __     __    __    
/\  ___\   /\ \       /\ \_\ \   /\  ___\   /\ \   /\ \/\ \   /\ "-./  \   
\ \  __\   \ \ \____  \ \____ \  \ \___  \  \ \ \  \ \ \_\ \  \ \ \-./\ \  
 \ \_____\  \ \_____\  \/\_____\  \/\_____\  \ \_\  \ \_____\  \ \_\ \ \_\ 
  \/_____/   \/_____/   \/_____/   \/_____/   \/_/   \/_____/   \/_/  \/_/ 
                                                                           
Compiling source code...
Retrieving bytecode for contract 'FiftyFlip'.
Please wait. Scanning bytecode for bugs...
Running Osiris...
Finished running Osiris. Execution time 180.71047639846802 seconds. Code coverage 87.5%.
Running Oyente...
Finished running Oyente. Execution time 6.872787237167358 seconds. Code coverage 75.0%.
Running Mythril...
Finished running Mythril. Execution time 122.35579991340637 seconds. Code coverage 59.48%.
Detected 19 bug(s):
--> Detected 'overflow' (ADD) bug at program counter address 948 (0x3b4) using Osiris with a code coverage of 87.5%.
--> Detected 'overflow' (ADD) bug at program counter address 949 (0x3b5) using Osiris with a code coverage of 87.5%.
--> Detected 'overflow' (ADD) bug at program counter address 2156 (0x86c) using Osiris with a code coverage of 87.5%.
--> Detected 'overflow' (ADD) bug at program counter address 2172 (0x87c) using Osiris with a code coverage of 87.5%.
--> Detected 'overflow' (ADD) bug at program counter address 2191 (0x88f) using Osiris with a code coverage of 87.5%.
--> Detected 'overflow' (ADD) bug at program counter address 2597 (0xa25) using Osiris with a code coverage of 87.5%.
--> Detected 'overflow' (ADD) bug at program counter address 2598 (0xa26) using Osiris with a code coverage of 87.5%.
--> Detected 'underflow' (SUB) bug at program counter address 2628 (0xa44) using Osiris with a code coverage of 87.5%.
--> Detected 'underflow' (SUB) bug at program counter address 2629 (0xa45) using Osiris with a code coverage of 87.5%.
--> Detected 'underflow' (SUB) bug at program counter address 2630 (0xa46) using Osiris with a code coverage of 87.5%.
--> Detected 'overflow' (ADD) bug at program counter address 2662 (0xa66) using Osiris with a code coverage of 87.5%.
--> Detected 'overflow' (ADD) bug at program counter address 2663 (0xa67) using Osiris with a code coverage of 87.5%.
--> Detected 'overflow' (ADD) bug at program counter address 3453 (0xd7d) using Osiris with a code coverage of 87.5%.
--> Detected 'overflow' (ADD) bug at program counter address 3454 (0xd7e) using Osiris with a code coverage of 87.5%.
--> Detected 'overflow' (ADD) bug at program counter address 4404 (0x1134) using Osiris with a code coverage of 87.5%.
--> Detected 'overflow' (ADD) bug at program counter address 4631 (0x1217) using Osiris with a code coverage of 87.5%.
--> Detected 'overflow' (ADD) bug at program counter address 4632 (0x1218) using Osiris with a code coverage of 87.5%.
--> Detected 'overflow' (ADD) bug at program counter address 5474 (0x1562) using Osiris with a code coverage of 87.5%.
--> Detected 'overflow' (MUL) bug at program counter address 6529 (0x1981) using Osiris with a code coverage of 87.5%.
Exporting original control-flow graph...
Recovering control-flow graph...
Recovered 99% of the control-flow graph
Number of execution paths accessing storage: 43
Runtime bytecode size: 8076 bytes (original: 7315 bytes) 10.403280929596718% increase.
Metadata: 0xa165627a7a72305820bc43dc5fbb21ac19179f9dae0600d5fee63b960667a6ebc49377e8ee400cc8890029
Exporting patched control-flow graph...
