 ______     __         __  __     ______     __     __  __     __    __    
/\  ___\   /\ \       /\ \_\ \   /\  ___\   /\ \   /\ \/\ \   /\ "-./  \   
\ \  __\   \ \ \____  \ \____ \  \ \___  \  \ \ \  \ \ \_\ \  \ \ \-./\ \  
 \ \_____\  \ \_____\  \/\_____\  \/\_____\  \ \_\  \ \_____\  \ \_\ \ \_\ 
  \/_____/   \/_____/   \/_____/   \/_____/   \/_/   \/_____/   \/_/  \/_/ 
                                                                           
Compiling source code...
Retrieving bytecode for contract 'airPort'.
Please wait. Scanning bytecode for bugs...
Running Osiris...
Finished running Osiris. Execution time 32.16596055030823 seconds. Code coverage 99.7%.
Running Oyente...
Finished running Oyente. Execution time 1.2832536697387695 seconds. Code coverage 15.9%.
Running Mythril...
Finished running Mythril. Execution time 31.69918918609619 seconds. Code coverage 99.31%.
Detected 1 bug(s):
--> Detected 'unhandled exception' bug at program counter address 512 (0x200) using Mythril with a code coverage of 99.31%.
Exporting original control-flow graph...
Recovering control-flow graph...
Recovered 100% of the control-flow graph
Number of execution paths accessing storage: 0
Deployment bytecode size: 32 bytes (original: 32 bytes) 0.0% increase.
Runtime bytecode size: 554 bytes (original: 542 bytes) 2.2140221402214024% increase.
Metadata: 0xa165627a7a72305820aa0656c02db7f1bd16770e20449c1658d6db53782eb8cc96cde09802535df96d0029
Exporting patched control-flow graph...
