Getting Slither report...
Switched global version to 0.4.26



'solc --version' running
'solc ../smartbugs-curated/dataset/access_control/multiowned_vulnerable.sol --combined-json abi,ast,bin,bin-runtime,srcmap,srcmap-runtime,userdoc,devdoc,hashes,compact-format --allow-paths .,/home/mokita/sc_study/temp/smartbugs-curated/dataset/access_control' running
Compilation warnings/errors on ../smartbugs-curated/dataset/access_control/multiowned_vulnerable.sol:
../smartbugs-curated/dataset/access_control/multiowned_vulnerable.sol:11:1: Warning: Source file does not specify required compiler version!Consider adding "pragma solidity ^0.4.26;"
contract MultiOwnable {
^ (Relevant source part starts here and spans across multiple lines).
../smartbugs-curated/dataset/access_control/multiowned_vulnerable.sol:56:25: Warning: Using contract member "balance" inherited from the address type is deprecated. Convert the contract to "address" type to access the member, for example use "address(contract).balance" instead.
    msg.sender.transfer(this.balance);
                        ^----------^
../smartbugs-curated/dataset/access_control/multiowned_vulnerable.sol:55:3: Warning: No visibility specified. Defaulting to "public". 
  function withdrawAll() onlyOwner {
  ^ (Relevant source part starts here and spans across multiple lines).
../smartbugs-curated/dataset/access_control/multiowned_vulnerable.sol:59:3: Warning: No visibility specified. Defaulting to "public". 
  function() payable {
  ^ (Relevant source part starts here and spans across multiple lines).


solc-0.4.26 is an outdated solc version. Use a more recent version (at least 0.8.0), if possible.
Reference: https://github.com/crytic/slither/wiki/Detector-Documentation#incorrect-versions-of-solidity

Parameter MultiOwnable.newOwner(address)._owner (../smartbugs-curated/dataset/access_control/multiowned_vulnerable.sol#37) is not in mixedCase
Parameter MultiOwnable.deleteOwner(address)._owner (../smartbugs-curated/dataset/access_control/multiowned_vulnerable.sol#46) is not in mixedCase
Reference: https://github.com/crytic/slither/wiki/Detector-Documentation#conformance-to-solidity-naming-conventions
../smartbugs-curated/dataset/access_control/multiowned_vulnerable.sol analyzed (2 contracts with 95 detectors), 3 result(s) found

Error running slither
multiowned_vulnerable.sol
Getting Solidity AST...
Running TIPS...
multiowned_vulnerable.sol
0.0013895034790039062


