Getting Slither report...
Switched global version to 0.4.26



'solc --version' running
'solc ../smartbugs-curated/dataset/reentrancy/reentrancy_dao.sol --combined-json abi,ast,bin,bin-runtime,srcmap,srcmap-runtime,userdoc,devdoc,hashes,compact-format --allow-paths .,/home/mokita/sc_study/temp/smartbugs-curated/dataset/reentrancy' running
Compilation warnings/errors on ../smartbugs-curated/dataset/reentrancy/reentrancy_dao.sol:
../smartbugs-curated/dataset/reentrancy/reentrancy_dao.sol:8:1: Warning: Source file does not specify required compiler version!Consider adding "pragma solidity ^0.4.26;"
contract ReentrancyDAO {
^ (Relevant source part starts here and spans across multiple lines).


Reentrancy in ReentrancyDAO.withdrawAll() (../smartbugs-curated/dataset/reentrancy/reentrancy_dao.sol#12-21):
	External calls:
	- callResult = msg.sender.call.value(oCredit)() (../smartbugs-curated/dataset/reentrancy/reentrancy_dao.sol#17)
	State variables written after the call(s):
	- credit[msg.sender] = 0 (../smartbugs-curated/dataset/reentrancy/reentrancy_dao.sol#19)
	ReentrancyDAO.credit (../smartbugs-curated/dataset/reentrancy/reentrancy_dao.sol#9) can be used in cross function reentrancies:
	- ReentrancyDAO.deposit() (../smartbugs-curated/dataset/reentrancy/reentrancy_dao.sol#23-26)
	- ReentrancyDAO.withdrawAll() (../smartbugs-curated/dataset/reentrancy/reentrancy_dao.sol#12-21)
Reference: https://github.com/crytic/slither/wiki/Detector-Documentation#reentrancy-vulnerabilities

solc-0.4.26 is an outdated solc version. Use a more recent version (at least 0.8.0), if possible.
Reference: https://github.com/crytic/slither/wiki/Detector-Documentation#incorrect-versions-of-solidity

Low level call in ReentrancyDAO.withdrawAll() (../smartbugs-curated/dataset/reentrancy/reentrancy_dao.sol#12-21):
	- callResult = msg.sender.call.value(oCredit)() (../smartbugs-curated/dataset/reentrancy/reentrancy_dao.sol#17)
Reference: https://github.com/crytic/slither/wiki/Detector-Documentation#low-level-calls
../smartbugs-curated/dataset/reentrancy/reentrancy_dao.sol analyzed (1 contracts with 95 detectors), 3 result(s) found

Error running slither
reentrancy_dao.sol
Getting Solidity AST...
Running TIPS...
reentrancy_dao.sol
0.004426240921020508


