smartbugs/dataset/time_manipulation/ether_lotto.sol:26:5: Warning: Defining constructors as functions with the same name as the contract is deprecated. Use "constructor(...) { ... }" instead.
    function EtherLotto() {
    ^ (Relevant source part starts here and spans across multiple lines).
smartbugs/dataset/time_manipulation/ether_lotto.sol:42:9: Warning: Use of the "var" keyword is deprecated.
        var random = uint(sha3(block.timestamp)) % 2;
        ^--------^
smartbugs/dataset/time_manipulation/ether_lotto.sol:11:1: Warning: Source file does not specify required compiler version!Consider adding "pragma solidity ^0.4.24;"
contract EtherLotto {
^ (Relevant source part starts here and spans across multiple lines).
smartbugs/dataset/time_manipulation/ether_lotto.sol:42:27: Warning: "sha3" has been deprecated in favour of "keccak256"
        var random = uint(sha3(block.timestamp)) % 2;
                          ^-------------------^
smartbugs/dataset/time_manipulation/ether_lotto.sol:42:27: Warning: This function only accepts a single "bytes" argument. Please use "abi.encodePacked(...)" or a similar function to encode the data.
        var random = uint(sha3(block.timestamp)) % 2;
                          ^-------------------^
smartbugs/dataset/time_manipulation/ether_lotto.sol:42:27: Warning: The provided argument of type uint256 is not implicitly convertible to expected type bytes memory.
        var random = uint(sha3(block.timestamp)) % 2;
                          ^-------------------^
smartbugs/dataset/time_manipulation/ether_lotto.sol:26:5: Warning: No visibility specified. Defaulting to "public". 
    function EtherLotto() {
    ^ (Relevant source part starts here and spans across multiple lines).
smartbugs/dataset/time_manipulation/ether_lotto.sol:32:5: Warning: No visibility specified. Defaulting to "public". 
    function play() payable {
    ^ (Relevant source part starts here and spans across multiple lines).
