 ______     __         __  __     ______     __     __  __     __    __    
/\  ___\   /\ \       /\ \_\ \   /\  ___\   /\ \   /\ \/\ \   /\ "-./  \   
\ \  __\   \ \ \____  \ \____ \  \ \___  \  \ \ \  \ \ \_\ \  \ \ \-./\ \  
 \ \_____\  \ \_____\  \/\_____\  \/\_____\  \ \_\  \ \_____\  \ \_\ \ \_\ 
  \/_____/   \/_____/   \/_____/   \/_____/   \/_/   \/_____/   \/_/  \/_/ 
                                                                           
Compiling source code...
Retrieving bytecode for contract 'AirDropContract'.
Please wait. Scanning bytecode for bugs...
Running Osiris...
Finished running Osiris. Execution time 40.3715717792511 seconds. Code coverage 99.8%.
Running Oyente...
Finished running Oyente. Execution time 1.1875784397125244 seconds. Code coverage 12.8%.
Running Mythril...
Finished running Mythril. Execution time 86.82343792915344 seconds. Code coverage 98.53%.
Detected 1 bug(s):
--> Detected 'unhandled exception' bug at program counter address 559 (0x22f) using Mythril with a code coverage of 98.53%.
Exporting original control-flow graph...
Recovering control-flow graph...
Recovered 100% of the control-flow graph
Number of execution paths accessing storage: 0
Deployment bytecode size: 30 bytes (original: 30 bytes) 0.0% increase.
Runtime bytecode size: 601 bytes (original: 589 bytes) 2.037351443123939% increase.
Metadata: 0xa165627a7a723058204353292fd4bc155b2b992eccceed2f7ab059d6dac2f23b63a9f2e824703adea70029
Exporting patched control-flow graph...
