mythril.mythril.mythril_config [INFO]: Creating mythril data directory 
mythril.mythril.mythril_config [INFO]: No config file found. Creating default: /root/.mythril/config.ini 
mythril.mythril.mythril_config [INFO]: Infura key not provided, so onchain access is disabled. Use --infura-id <INFURA_ID> or set it in the environment variable INFURA_ID or in the ~/.mythril/config.ini file 
mythril.support.signatures [INFO]: Using signature database at /root/.mythril/signatures.db
mythril.laser.ethereum.svm [INFO]: LASER EVM initialized with dynamic loader: <mythril.support.loader.DynLoader object at 0x70a297568eb0>
mythril.laser.ethereum.strategy.extensions.bounded_loops [INFO]: Loaded search strategy extension: Loop bounds (limit = 3)
mythril.laser.plugin.loader [INFO]: Loading laser plugin: coverage
mythril.laser.plugin.loader [INFO]: Loading laser plugin: mutation-pruner
mythril.laser.plugin.loader [INFO]: Loading laser plugin: call-depth-limit
mythril.laser.plugin.loader [INFO]: Loading laser plugin: instruction-profiler
mythril.laser.plugin.loader [INFO]: Loading laser plugin: dependency-pruner
mythril.laser.plugin.loader [INFO]: Instrumenting symbolic vm with plugin: coverage
mythril.laser.plugin.loader [INFO]: Instrumenting symbolic vm with plugin: mutation-pruner
mythril.laser.plugin.loader [INFO]: Instrumenting symbolic vm with plugin: call-depth-limit
mythril.laser.plugin.loader [INFO]: Instrumenting symbolic vm with plugin: instruction-profiler
mythril.laser.plugin.loader [INFO]: Instrumenting symbolic vm with plugin: dependency-pruner
mythril.laser.ethereum.svm [DEBUG]: Starting LASER execution
mythril.laser.ethereum.svm [INFO]: Starting message call transaction to 0
mythril.laser.ethereum.svm [INFO]: Starting message call transaction, iteration: 0, 1 initial states
mythril.laser.ethereum.instructions [DEBUG]: Evaluating PUSH1 at 0
mythril.laser.ethereum.instructions [DEBUG]: Evaluating PUSH1 at 1
mythril.laser.ethereum.instructions [DEBUG]: Evaluating MSTORE at 2
mythril.laser.ethereum.instructions [DEBUG]: Evaluating PUSH1 at 3
mythril.laser.ethereum.instructions [DEBUG]: Evaluating CALLDATASIZE at 4
mythril.laser.ethereum.instructions [DEBUG]: Evaluating LT at 5
mythril.laser.ethereum.instructions [DEBUG]: Evaluating PUSH1 at 6
mythril.analysis.module.base [DEBUG]: Entering analysis module: TxOrigin
mythril.analysis.module.base [DEBUG]: Exiting analysis module: TxOrigin
mythril.analysis.module.base [DEBUG]: Entering analysis module: IntegerArithmetics
mythril.analysis.module.base [DEBUG]: Exiting analysis module: IntegerArithmetics
mythril.laser.ethereum.instructions [DEBUG]: Evaluating JUMPI at 7
mythril.laser.ethereum.instructions [DEBUG]: Evaluating PUSH4 at 8
mythril.laser.ethereum.instructions [DEBUG]: Evaluating JUMPDEST at 24
mythril.laser.ethereum.instructions [DEBUG]: Evaluating PUSH29 at 9
mythril.laser.ethereum.instructions [DEBUG]: Evaluating PUSH1 at 25
mythril.laser.ethereum.instructions [DEBUG]: Evaluating PUSH1 at 10
mythril.laser.ethereum.instructions [DEBUG]: Evaluating DUP1 at 26
mythril.laser.ethereum.instructions [DEBUG]: Evaluating CALLDATALOAD at 11
mythril.laser.ethereum.instructions [DEBUG]: Evaluating REVERT at 27
mythril.laser.ethereum.svm [DEBUG]: Ending transaction MessageCallTransaction 1 from sender_1 to                                        0x0.
mythril.laser.ethereum.instructions [DEBUG]: Evaluating DIV at 12
mythril.laser.ethereum.instructions [DEBUG]: Evaluating AND at 13
mythril.laser.ethereum.instructions [DEBUG]: Evaluating PUSH4 at 14
mythril.laser.ethereum.instructions [DEBUG]: Evaluating DUP2 at 15
mythril.laser.ethereum.instructions [DEBUG]: Evaluating EQ at 16
mythril.laser.ethereum.instructions [DEBUG]: Evaluating PUSH1 at 17
mythril.analysis.module.base [DEBUG]: Entering analysis module: TxOrigin
mythril.analysis.module.base [DEBUG]: Exiting analysis module: TxOrigin
mythril.analysis.module.base [DEBUG]: Entering analysis module: IntegerArithmetics
mythril.analysis.module.base [DEBUG]: Exiting analysis module: IntegerArithmetics
mythril.laser.ethereum.instructions [DEBUG]: Evaluating JUMPI at 18
mythril.laser.ethereum.instructions [DEBUG]: Evaluating DUP1 at 19
mythril.laser.ethereum.instructions [DEBUG]: Evaluating JUMPDEST at 28
mythril.laser.ethereum.instructions [DEBUG]: Evaluating PUSH4 at 20
mythril.laser.ethereum.instructions [DEBUG]: Evaluating PUSH1 at 29
mythril.laser.ethereum.instructions [DEBUG]: Evaluating EQ at 21
mythril.laser.ethereum.instructions [DEBUG]: Evaluating PUSH1 at 30
mythril.laser.ethereum.instructions [DEBUG]: Evaluating PUSH1 at 22
mythril.laser.ethereum.instructions [DEBUG]: Evaluating PUSH1 at 31
mythril.analysis.module.base [DEBUG]: Entering analysis module: TxOrigin
mythril.analysis.module.base [DEBUG]: Exiting analysis module: TxOrigin
mythril.analysis.module.base [DEBUG]: Entering analysis module: IntegerArithmetics
mythril.analysis.module.base [DEBUG]: Exiting analysis module: IntegerArithmetics
mythril.laser.ethereum.instructions [DEBUG]: Evaluating JUMPI at 23
mythril.laser.ethereum.svm [DEBUG]: - Entering function MAIN:unknown
mythril.laser.ethereum.instructions [DEBUG]: Evaluating CALLDATALOAD at 32
mythril.laser.ethereum.instructions [DEBUG]: Evaluating JUMPDEST at 24
mythril.laser.ethereum.instructions [DEBUG]: Evaluating JUMPDEST at 38
mythril.laser.ethereum.instructions [DEBUG]: Evaluating AND at 33
mythril.laser.ethereum.instructions [DEBUG]: Evaluating PUSH1 at 25
mythril.laser.ethereum.instructions [DEBUG]: Evaluating CALLVALUE at 39
mythril.laser.ethereum.instructions [DEBUG]: Evaluating PUSH1 at 34
mythril.laser.ethereum.instructions [DEBUG]: Evaluating DUP1 at 26
mythril.laser.ethereum.instructions [DEBUG]: Evaluating DUP1 at 40
mythril.laser.ethereum.instructions [DEBUG]: Evaluating JUMP at 35
mythril.laser.ethereum.instructions [DEBUG]: Evaluating REVERT at 27
mythril.laser.ethereum.svm [DEBUG]: Ending transaction MessageCallTransaction 1 from sender_1 to                                        0x0.
mythril.laser.ethereum.instructions [DEBUG]: Evaluating ISZERO at 41
mythril.laser.ethereum.instructions [DEBUG]: Evaluating JUMPDEST at 70
mythril.laser.ethereum.instructions [DEBUG]: Evaluating PUSH1 at 42
mythril.laser.ethereum.instructions [DEBUG]: Evaluating PUSH8 at 71
mythril.analysis.module.base [DEBUG]: Entering analysis module: TxOrigin
mythril.analysis.module.base [DEBUG]: Exiting analysis module: TxOrigin
mythril.analysis.module.base [DEBUG]: Entering analysis module: IntegerArithmetics
mythril.analysis.module.base [DEBUG]: Exiting analysis module: IntegerArithmetics
mythril.laser.ethereum.instructions [DEBUG]: Evaluating JUMPI at 43
mythril.laser.ethereum.instructions [DEBUG]: Evaluating CALLVALUE at 72
mythril.laser.ethereum.instructions [DEBUG]: Evaluating PUSH1 at 44
mythril.laser.ethereum.instructions [DEBUG]: Evaluating JUMPDEST at 47
mythril.laser.ethereum.instructions [DEBUG]: Evaluating EQ at 73
mythril.laser.ethereum.instructions [DEBUG]: Evaluating DUP1 at 45
mythril.laser.ethereum.instructions [DEBUG]: Evaluating POP at 48
mythril.laser.ethereum.instructions [DEBUG]: Evaluating PUSH1 at 74
mythril.laser.ethereum.instructions [DEBUG]: Evaluating REVERT at 46
mythril.laser.ethereum.svm [DEBUG]: Ending transaction MessageCallTransaction 1 from sender_1 to                                        0x0.
mythril.laser.ethereum.instructions [DEBUG]: Evaluating PUSH1 at 49
mythril.analysis.module.base [DEBUG]: Entering analysis module: TxOrigin
mythril.analysis.module.base [DEBUG]: Exiting analysis module: TxOrigin
mythril.analysis.module.base [DEBUG]: Entering analysis module: IntegerArithmetics
mythril.analysis.module.base [DEBUG]: Exiting analysis module: IntegerArithmetics
mythril.laser.ethereum.instructions [DEBUG]: Evaluating JUMPI at 75
mythril.laser.ethereum.instructions [DEBUG]: Evaluating PUSH1 at 50
mythril.laser.ethereum.instructions [DEBUG]: Evaluating PUSH1 at 76
mythril.laser.ethereum.instructions [DEBUG]: Evaluating JUMPDEST at 79
mythril.laser.ethereum.instructions [DEBUG]: Evaluating JUMP at 51
mythril.laser.ethereum.instructions [DEBUG]: Evaluating DUP1 at 77
mythril.laser.ethereum.instructions [DEBUG]: Evaluating PUSH1 at 80
mythril.laser.ethereum.instructions [DEBUG]: Evaluating JUMPDEST at 130
mythril.laser.ethereum.instructions [DEBUG]: Evaluating REVERT at 78
mythril.laser.ethereum.svm [DEBUG]: Ending transaction MessageCallTransaction 1 from sender_1 to                                        0x0.
mythril.laser.ethereum.instructions [DEBUG]: Evaluating SLOAD at 81
mythril.laser.ethereum.instructions [DEBUG]: Evaluating ADDRESS at 131
mythril.laser.ethereum.instructions [DEBUG]: Evaluating PUSH1 at 82
mythril.laser.ethereum.instructions [DEBUG]: Evaluating BALANCE at 132
mythril.laser.ethereum.instructions [DEBUG]: Evaluating DUP3 at 83
mythril.laser.ethereum.instructions [DEBUG]: Evaluating ISZERO at 133
mythril.laser.ethereum.instructions [DEBUG]: Evaluating DUP2 at 84
mythril.laser.ethereum.instructions [DEBUG]: Evaluating SWAP1 at 134
mythril.laser.ethereum.instructions [DEBUG]: Evaluating AND at 85
mythril.laser.ethereum.instructions [DEBUG]: Evaluating JUMP at 135
mythril.laser.ethereum.instructions [DEBUG]: Evaluating SWAP2 at 86
mythril.laser.ethereum.instructions [DEBUG]: Evaluating JUMPDEST at 52
mythril.laser.ethereum.instructions [DEBUG]: Evaluating AND at 87
mythril.laser.ethereum.instructions [DEBUG]: Evaluating PUSH1 at 53
mythril.laser.ethereum.instructions [DEBUG]: Evaluating EQ at 88
mythril.laser.ethereum.instructions [DEBUG]: Evaluating DUP1 at 54
mythril.laser.ethereum.instructions [DEBUG]: Evaluating ISZERO at 89
mythril.laser.ethereum.instructions [DEBUG]: Evaluating MLOAD at 55
mythril.laser.ethereum.instructions [DEBUG]: Evaluating PUSH1 at 90
mythril.laser.ethereum.instructions [DEBUG]: Evaluating SWAP2 at 56
mythril.analysis.module.base [DEBUG]: Entering analysis module: TxOrigin
mythril.analysis.module.base [DEBUG]: Exiting analysis module: TxOrigin
mythril.analysis.module.base [DEBUG]: Entering analysis module: IntegerArithmetics
mythril.analysis.module.base [DEBUG]: Exiting analysis module: IntegerArithmetics
mythril.laser.ethereum.instructions [DEBUG]: Evaluating JUMPI at 91
mythril.laser.ethereum.instructions [DEBUG]: Evaluating ISZERO at 57
mythril.laser.ethereum.instructions [DEBUG]: Evaluating PUSH1 at 92
mythril.laser.ethereum.instructions [DEBUG]: Evaluating JUMPDEST at 127
mythril.laser.ethereum.instructions [DEBUG]: Evaluating ISZERO at 58
mythril.laser.ethereum.instructions [DEBUG]: Evaluating MLOAD at 93
mythril.laser.ethereum.instructions [DEBUG]: Evaluating POP at 128
mythril.laser.ethereum.instructions [DEBUG]: Evaluating DUP3 at 59
mythril.laser.ethereum.instructions [DEBUG]: Evaluating CALLER at 94
mythril.laser.ethereum.instructions [DEBUG]: Evaluating JUMP at 129
mythril.laser.ethereum.instructions [DEBUG]: Evaluating MSTORE at 60
mythril.laser.ethereum.instructions [DEBUG]: Evaluating SWAP1 at 95
mythril.laser.ethereum.instructions [DEBUG]: Evaluating JUMPDEST at 36
mythril.laser.ethereum.instructions [DEBUG]: Evaluating MLOAD at 61
mythril.laser.ethereum.instructions [DEBUG]: Evaluating PUSH1 at 96
mythril.analysis.module.base [DEBUG]: Entering analysis module: IntegerArithmetics
mythril.analysis.module.base [DEBUG]: Exiting analysis module: IntegerArithmetics
mythril.analysis.module.base [DEBUG]: Entering analysis module: UncheckedRetval
mythril.analysis.module.base [DEBUG]: Exiting analysis module: UncheckedRetval
mythril.laser.ethereum.instructions [DEBUG]: Evaluating STOP at 37
mythril.laser.ethereum.svm [DEBUG]: Ending transaction MessageCallTransaction 1 from sender_1 to                                        0x0.
mythril.laser.ethereum.instructions [DEBUG]: Evaluating SWAP1 at 62
mythril.laser.ethereum.instructions [DEBUG]: Evaluating SWAP1 at 97
mythril.laser.ethereum.instructions [DEBUG]: Evaluating DUP2 at 63
mythril.laser.ethereum.instructions [DEBUG]: Evaluating PUSH8 at 98
mythril.laser.ethereum.instructions [DEBUG]: Evaluating SWAP1 at 64
mythril.laser.ethereum.instructions [DEBUG]: Evaluating SWAP1 at 99
mythril.analysis.module.base [DEBUG]: Entering analysis module: IntegerArithmetics
mythril.analysis.module.base [DEBUG]: Exiting analysis module: IntegerArithmetics
mythril.laser.ethereum.instructions [DEBUG]: Evaluating SUB at 65
mythril.laser.ethereum.instructions [DEBUG]: Evaluating DUP3 at 100
mythril.laser.ethereum.instructions [DEBUG]: Evaluating PUSH1 at 66
mythril.laser.ethereum.instructions [DEBUG]: Evaluating DUP2 at 101
mythril.analysis.module.base [DEBUG]: Entering analysis module: IntegerArithmetics
mythril.analysis.module.base [DEBUG]: Exiting analysis module: IntegerArithmetics
mythril.laser.ethereum.instructions [DEBUG]: Evaluating ADD at 67
mythril.laser.ethereum.instructions [DEBUG]: Evaluating DUP2 at 102
mythril.laser.ethereum.instructions [DEBUG]: Evaluating SWAP1 at 68
mythril.laser.ethereum.instructions [DEBUG]: Evaluating DUP2 at 103
mythril.analysis.module.base [DEBUG]: Entering analysis module: IntegerArithmetics
mythril.analysis.module.base [DEBUG]: Exiting analysis module: IntegerArithmetics
mythril.analysis.module.base [DEBUG]: Entering analysis module: UncheckedRetval
mythril.analysis.module.base [DEBUG]: Exiting analysis module: UncheckedRetval
mythril.laser.ethereum.instructions [DEBUG]: Evaluating RETURN at 69
mythril.laser.ethereum.svm [DEBUG]: Ending transaction MessageCallTransaction 1 from sender_1 to                                        0x0.
mythril.laser.ethereum.instructions [DEBUG]: Evaluating DUP6 at 104
mythril.laser.ethereum.instructions [DEBUG]: Evaluating DUP9 at 105
mythril.laser.ethereum.instructions [DEBUG]: Evaluating DUP4 at 106
mythril.analysis.module.base [DEBUG]: Entering analysis module: IntegerArithmetics
mythril.analysis.module.base [DEBUG]: Exiting analysis module: IntegerArithmetics
mythril.analysis.module.base [DEBUG]: Entering analysis module: StateChangeAfterCall
mythril.analysis.module.base [DEBUG]: Exiting analysis module: StateChangeAfterCall
mythril.laser.ethereum.instructions [DEBUG]: Evaluating CALL at 107
mythril.laser.ethereum.call [DEBUG]: Symbolic call encountered
mythril.laser.ethereum.call [DEBUG]: CALL to: sender_1
mythril.laser.ethereum.instructions [DEBUG]: The call is related to ether transfer between accounts
mythril.analysis.module.base [DEBUG]: Entering analysis module: EtherThief
mythril.analysis.module.base [DEBUG]: Exiting analysis module: EtherThief
mythril.analysis.module.base [DEBUG]: Entering analysis module: UncheckedRetval
mythril.analysis.module.modules.unchecked_retval [DEBUG]: End of call, extracting retval
mythril.analysis.module.base [DEBUG]: Exiting analysis module: UncheckedRetval
mythril.laser.ethereum.instructions [DEBUG]: Evaluating SWAP4 at 108
mythril.laser.ethereum.instructions [DEBUG]: Evaluating POP at 109
mythril.laser.ethereum.instructions [DEBUG]: Evaluating POP at 110
mythril.laser.ethereum.instructions [DEBUG]: Evaluating POP at 111
mythril.laser.ethereum.instructions [DEBUG]: Evaluating POP at 112
mythril.laser.ethereum.instructions [DEBUG]: Evaluating ISZERO at 113
mythril.laser.ethereum.instructions [DEBUG]: Evaluating DUP1 at 114
mythril.laser.ethereum.instructions [DEBUG]: Evaluating ISZERO at 115
mythril.laser.ethereum.instructions [DEBUG]: Evaluating PUSH1 at 116
mythril.analysis.module.base [DEBUG]: Entering analysis module: TxOrigin
mythril.analysis.module.base [DEBUG]: Exiting analysis module: TxOrigin
mythril.analysis.module.base [DEBUG]: Entering analysis module: IntegerArithmetics
mythril.analysis.module.base [DEBUG]: Exiting analysis module: IntegerArithmetics
mythril.laser.ethereum.instructions [DEBUG]: Evaluating JUMPI at 117
mythril.laser.ethereum.instructions [DEBUG]: Evaluating RETURNDATASIZE at 118
mythril.laser.ethereum.instructions [DEBUG]: No last_return_data found, adding an unconstrained bitvec to the stack
mythril.laser.ethereum.instructions [DEBUG]: Evaluating JUMPDEST at 125
mythril.laser.ethereum.instructions [DEBUG]: Evaluating PUSH1 at 119
mythril.laser.ethereum.instructions [DEBUG]: Evaluating POP at 126
mythril.laser.ethereum.instructions [DEBUG]: Evaluating DUP1 at 120
mythril.laser.ethereum.instructions [DEBUG]: Evaluating JUMPDEST at 127
mythril.laser.ethereum.instructions [DEBUG]: Evaluating RETURNDATACOPY at 121
mythril.laser.ethereum.instructions [DEBUG]: Unsupported symbolic max_length offset in RETURNDATACOPY
mythril.laser.ethereum.instructions [DEBUG]: Evaluating POP at 128
mythril.laser.ethereum.instructions [DEBUG]: Evaluating RETURNDATASIZE at 122
mythril.laser.ethereum.instructions [DEBUG]: No last_return_data found, adding an unconstrained bitvec to the stack
mythril.laser.ethereum.instructions [DEBUG]: Evaluating JUMP at 129
mythril.laser.ethereum.instructions [DEBUG]: Evaluating PUSH1 at 123
mythril.laser.ethereum.instructions [DEBUG]: Evaluating JUMPDEST at 36
mythril.laser.ethereum.instructions [DEBUG]: Evaluating REVERT at 124
mythril.laser.ethereum.instructions [DEBUG]: Return with symbolic length or offset. Not supported
mythril.laser.ethereum.svm [DEBUG]: Ending transaction MessageCallTransaction 1 from sender_1 to                                        0x0.
mythril.analysis.module.base [DEBUG]: Entering analysis module: IntegerArithmetics
mythril.analysis.module.base [DEBUG]: Exiting analysis module: IntegerArithmetics
mythril.analysis.module.base [DEBUG]: Entering analysis module: UncheckedRetval
mythril.analysis.module.base [DEBUG]: Exiting analysis module: UncheckedRetval
mythril.laser.ethereum.instructions [DEBUG]: Evaluating STOP at 37
mythril.laser.ethereum.svm [DEBUG]: Ending transaction MessageCallTransaction 1 from sender_1 to                                        0x0.
mythril.laser.plugin.plugins.coverage.coverage_plugin [INFO]: Number of new instructions covered in tx 0: 136
mythril.laser.ethereum.svm [INFO]: Starting message call transaction, iteration: 1, 2 initial states
mythril.laser.ethereum.instructions [DEBUG]: Evaluating PUSH1 at 0
mythril.laser.ethereum.instructions [DEBUG]: Evaluating PUSH1 at 0
mythril.laser.ethereum.instructions [DEBUG]: Evaluating PUSH1 at 1
mythril.laser.ethereum.instructions [DEBUG]: Evaluating PUSH1 at 1
mythril.laser.ethereum.instructions [DEBUG]: Evaluating MSTORE at 2
mythril.laser.ethereum.instructions [DEBUG]: Evaluating MSTORE at 2
mythril.laser.ethereum.instructions [DEBUG]: Evaluating PUSH1 at 3
mythril.laser.ethereum.instructions [DEBUG]: Evaluating PUSH1 at 3
mythril.laser.ethereum.instructions [DEBUG]: Evaluating CALLDATASIZE at 4
mythril.laser.ethereum.instructions [DEBUG]: Evaluating CALLDATASIZE at 4
mythril.laser.ethereum.instructions [DEBUG]: Evaluating LT at 5
mythril.laser.ethereum.instructions [DEBUG]: Evaluating LT at 5
mythril.laser.ethereum.instructions [DEBUG]: Evaluating PUSH1 at 6
mythril.laser.ethereum.instructions [DEBUG]: Evaluating PUSH1 at 6
mythril.analysis.module.base [DEBUG]: Entering analysis module: TxOrigin
mythril.analysis.module.base [DEBUG]: Exiting analysis module: TxOrigin
mythril.analysis.module.base [DEBUG]: Entering analysis module: IntegerArithmetics
mythril.analysis.module.base [DEBUG]: Exiting analysis module: IntegerArithmetics
mythril.laser.ethereum.instructions [DEBUG]: Evaluating JUMPI at 7
mythril.analysis.module.base [DEBUG]: Entering analysis module: TxOrigin
mythril.analysis.module.base [DEBUG]: Exiting analysis module: TxOrigin
mythril.analysis.module.base [DEBUG]: Entering analysis module: IntegerArithmetics
mythril.analysis.module.base [DEBUG]: Exiting analysis module: IntegerArithmetics
mythril.laser.ethereum.instructions [DEBUG]: Evaluating JUMPI at 7
mythril.laser.ethereum.instructions [DEBUG]: Evaluating PUSH4 at 8
mythril.laser.ethereum.instructions [DEBUG]: Evaluating JUMPDEST at 24
mythril.laser.ethereum.instructions [DEBUG]: Evaluating PUSH4 at 8
mythril.laser.ethereum.instructions [DEBUG]: Evaluating JUMPDEST at 24
mythril.laser.ethereum.instructions [DEBUG]: Evaluating PUSH29 at 9
mythril.laser.ethereum.instructions [DEBUG]: Evaluating PUSH1 at 25
mythril.laser.ethereum.instructions [DEBUG]: Evaluating PUSH29 at 9
mythril.laser.ethereum.instructions [DEBUG]: Evaluating PUSH1 at 25
mythril.laser.ethereum.instructions [DEBUG]: Evaluating PUSH1 at 10
mythril.laser.ethereum.instructions [DEBUG]: Evaluating DUP1 at 26
mythril.laser.ethereum.instructions [DEBUG]: Evaluating PUSH1 at 10
mythril.laser.ethereum.instructions [DEBUG]: Evaluating DUP1 at 26
mythril.laser.ethereum.instructions [DEBUG]: Evaluating CALLDATALOAD at 11
mythril.laser.ethereum.instructions [DEBUG]: Evaluating REVERT at 27
mythril.laser.ethereum.svm [DEBUG]: Ending transaction MessageCallTransaction 2 from sender_2 to                                        0x0.
mythril.laser.ethereum.instructions [DEBUG]: Evaluating CALLDATALOAD at 11
mythril.laser.ethereum.instructions [DEBUG]: Evaluating REVERT at 27
mythril.laser.ethereum.svm [DEBUG]: Ending transaction MessageCallTransaction 3 from sender_3 to                                        0x0.
mythril.laser.ethereum.instructions [DEBUG]: Evaluating DIV at 12
mythril.laser.ethereum.instructions [DEBUG]: Evaluating DIV at 12
mythril.laser.ethereum.instructions [DEBUG]: Evaluating AND at 13
mythril.laser.ethereum.instructions [DEBUG]: Evaluating AND at 13
mythril.laser.ethereum.instructions [DEBUG]: Evaluating PUSH4 at 14
mythril.laser.ethereum.instructions [DEBUG]: Evaluating PUSH4 at 14
mythril.laser.ethereum.instructions [DEBUG]: Evaluating DUP2 at 15
mythril.laser.ethereum.instructions [DEBUG]: Evaluating DUP2 at 15
mythril.laser.ethereum.instructions [DEBUG]: Evaluating EQ at 16
mythril.laser.ethereum.instructions [DEBUG]: Evaluating EQ at 16
mythril.laser.ethereum.instructions [DEBUG]: Evaluating PUSH1 at 17
mythril.laser.ethereum.instructions [DEBUG]: Evaluating PUSH1 at 17
mythril.analysis.module.base [DEBUG]: Entering analysis module: TxOrigin
mythril.analysis.module.base [DEBUG]: Exiting analysis module: TxOrigin
mythril.analysis.module.base [DEBUG]: Entering analysis module: IntegerArithmetics
mythril.analysis.module.base [DEBUG]: Exiting analysis module: IntegerArithmetics
mythril.laser.ethereum.instructions [DEBUG]: Evaluating JUMPI at 18
mythril.analysis.module.base [DEBUG]: Entering analysis module: TxOrigin
mythril.analysis.module.base [DEBUG]: Exiting analysis module: TxOrigin
mythril.analysis.module.base [DEBUG]: Entering analysis module: IntegerArithmetics
mythril.analysis.module.base [DEBUG]: Exiting analysis module: IntegerArithmetics
mythril.laser.ethereum.instructions [DEBUG]: Evaluating JUMPI at 18
mythril.laser.ethereum.instructions [DEBUG]: Evaluating DUP1 at 19
mythril.laser.ethereum.instructions [DEBUG]: Evaluating JUMPDEST at 28
mythril.laser.ethereum.instructions [DEBUG]: Evaluating DUP1 at 19
mythril.laser.ethereum.instructions [DEBUG]: Evaluating JUMPDEST at 28
mythril.laser.ethereum.instructions [DEBUG]: Evaluating PUSH4 at 20
mythril.laser.ethereum.instructions [DEBUG]: Evaluating PUSH1 at 29
mythril.laser.ethereum.instructions [DEBUG]: Evaluating PUSH4 at 20
mythril.laser.ethereum.instructions [DEBUG]: Evaluating PUSH1 at 29
mythril.laser.ethereum.instructions [DEBUG]: Evaluating EQ at 21
mythril.laser.ethereum.instructions [DEBUG]: Evaluating PUSH1 at 30
mythril.laser.ethereum.instructions [DEBUG]: Evaluating EQ at 21
mythril.laser.ethereum.instructions [DEBUG]: Evaluating PUSH1 at 30
mythril.laser.ethereum.instructions [DEBUG]: Evaluating PUSH1 at 22
mythril.laser.ethereum.instructions [DEBUG]: Evaluating PUSH1 at 31
mythril.laser.ethereum.instructions [DEBUG]: Evaluating PUSH1 at 22
mythril.laser.ethereum.instructions [DEBUG]: Evaluating PUSH1 at 31
mythril.analysis.module.base [DEBUG]: Entering analysis module: TxOrigin
mythril.analysis.module.base [DEBUG]: Exiting analysis module: TxOrigin
mythril.analysis.module.base [DEBUG]: Entering analysis module: IntegerArithmetics
mythril.analysis.module.base [DEBUG]: Exiting analysis module: IntegerArithmetics
mythril.laser.ethereum.instructions [DEBUG]: Evaluating JUMPI at 23
mythril.laser.plugin.plugins.dependency_pruner [DEBUG]: Skipping state: Storage slots set() not read in block at address 72, function
mythril.laser.ethereum.svm [DEBUG]: - Entering function MAIN:unknown
mythril.laser.ethereum.instructions [DEBUG]: Evaluating CALLDATALOAD at 32
mythril.analysis.module.base [DEBUG]: Entering analysis module: TxOrigin
mythril.analysis.module.base [DEBUG]: Exiting analysis module: TxOrigin
mythril.analysis.module.base [DEBUG]: Entering analysis module: IntegerArithmetics
mythril.analysis.module.base [DEBUG]: Exiting analysis module: IntegerArithmetics
mythril.laser.ethereum.instructions [DEBUG]: Evaluating JUMPI at 23
mythril.laser.plugin.plugins.dependency_pruner [DEBUG]: Skipping state: Storage slots set() not read in block at address 72, function
mythril.laser.ethereum.svm [DEBUG]: - Entering function MAIN:unknown
mythril.laser.ethereum.instructions [DEBUG]: Evaluating CALLDATALOAD at 32
mythril.laser.ethereum.instructions [DEBUG]: Evaluating JUMPDEST at 38
mythril.laser.ethereum.instructions [DEBUG]: Evaluating AND at 33
mythril.laser.ethereum.instructions [DEBUG]: Evaluating JUMPDEST at 38
mythril.laser.ethereum.instructions [DEBUG]: Evaluating AND at 33
mythril.laser.ethereum.instructions [DEBUG]: Evaluating CALLVALUE at 39
mythril.laser.ethereum.instructions [DEBUG]: Evaluating PUSH1 at 34
mythril.laser.ethereum.instructions [DEBUG]: Evaluating CALLVALUE at 39
mythril.laser.ethereum.instructions [DEBUG]: Evaluating PUSH1 at 34
mythril.laser.ethereum.instructions [DEBUG]: Evaluating DUP1 at 40
mythril.laser.ethereum.instructions [DEBUG]: Evaluating JUMP at 35
mythril.laser.ethereum.instructions [DEBUG]: Evaluating DUP1 at 40
mythril.laser.ethereum.instructions [DEBUG]: Evaluating JUMP at 35
mythril.laser.ethereum.instructions [DEBUG]: Evaluating ISZERO at 41
mythril.laser.ethereum.instructions [DEBUG]: Evaluating JUMPDEST at 70
mythril.laser.ethereum.instructions [DEBUG]: Evaluating ISZERO at 41
mythril.laser.ethereum.instructions [DEBUG]: Evaluating JUMPDEST at 70
mythril.laser.ethereum.instructions [DEBUG]: Evaluating PUSH1 at 42
mythril.laser.ethereum.instructions [DEBUG]: Evaluating PUSH8 at 71
mythril.laser.ethereum.instructions [DEBUG]: Evaluating PUSH1 at 42
mythril.laser.ethereum.instructions [DEBUG]: Evaluating PUSH8 at 71
mythril.analysis.module.base [DEBUG]: Entering analysis module: TxOrigin
mythril.analysis.module.base [DEBUG]: Exiting analysis module: TxOrigin
mythril.analysis.module.base [DEBUG]: Entering analysis module: IntegerArithmetics
mythril.analysis.module.base [DEBUG]: Exiting analysis module: IntegerArithmetics
mythril.laser.ethereum.instructions [DEBUG]: Evaluating JUMPI at 43
mythril.laser.ethereum.instructions [DEBUG]: Evaluating CALLVALUE at 72
mythril.analysis.module.base [DEBUG]: Entering analysis module: TxOrigin
mythril.analysis.module.base [DEBUG]: Exiting analysis module: TxOrigin
mythril.analysis.module.base [DEBUG]: Entering analysis module: IntegerArithmetics
mythril.analysis.module.base [DEBUG]: Exiting analysis module: IntegerArithmetics
mythril.laser.ethereum.instructions [DEBUG]: Evaluating JUMPI at 43
mythril.laser.ethereum.instructions [DEBUG]: Evaluating CALLVALUE at 72
mythril.laser.ethereum.instructions [DEBUG]: Evaluating PUSH1 at 44
mythril.laser.ethereum.instructions [DEBUG]: Evaluating JUMPDEST at 47
mythril.laser.ethereum.instructions [DEBUG]: Evaluating EQ at 73
mythril.laser.ethereum.instructions [DEBUG]: Evaluating PUSH1 at 44
mythril.laser.ethereum.instructions [DEBUG]: Evaluating JUMPDEST at 47
mythril.laser.ethereum.instructions [DEBUG]: Evaluating EQ at 73
mythril.laser.ethereum.instructions [DEBUG]: Evaluating DUP1 at 45
mythril.laser.ethereum.instructions [DEBUG]: Evaluating POP at 48
mythril.laser.ethereum.instructions [DEBUG]: Evaluating PUSH1 at 74
mythril.laser.ethereum.instructions [DEBUG]: Evaluating DUP1 at 45
mythril.laser.ethereum.instructions [DEBUG]: Evaluating POP at 48
mythril.laser.ethereum.instructions [DEBUG]: Evaluating PUSH1 at 74
mythril.laser.ethereum.instructions [DEBUG]: Evaluating REVERT at 46
mythril.laser.ethereum.svm [DEBUG]: Ending transaction MessageCallTransaction 2 from sender_2 to                                        0x0.
mythril.laser.ethereum.instructions [DEBUG]: Evaluating PUSH1 at 49
mythril.analysis.module.base [DEBUG]: Entering analysis module: TxOrigin
mythril.analysis.module.base [DEBUG]: Exiting analysis module: TxOrigin
mythril.analysis.module.base [DEBUG]: Entering analysis module: IntegerArithmetics
mythril.analysis.module.base [DEBUG]: Exiting analysis module: IntegerArithmetics
mythril.laser.ethereum.instructions [DEBUG]: Evaluating JUMPI at 75
mythril.laser.ethereum.instructions [DEBUG]: Evaluating REVERT at 46
mythril.laser.ethereum.svm [DEBUG]: Ending transaction MessageCallTransaction 3 from sender_3 to                                        0x0.
mythril.laser.ethereum.instructions [DEBUG]: Evaluating PUSH1 at 49
mythril.analysis.module.base [DEBUG]: Entering analysis module: TxOrigin
mythril.analysis.module.base [DEBUG]: Exiting analysis module: TxOrigin
mythril.analysis.module.base [DEBUG]: Entering analysis module: IntegerArithmetics
mythril.analysis.module.base [DEBUG]: Exiting analysis module: IntegerArithmetics
mythril.laser.ethereum.instructions [DEBUG]: Evaluating JUMPI at 75
mythril.laser.ethereum.instructions [DEBUG]: Evaluating PUSH1 at 50
mythril.laser.ethereum.instructions [DEBUG]: Evaluating PUSH1 at 76
mythril.laser.ethereum.instructions [DEBUG]: Evaluating JUMPDEST at 79
mythril.laser.ethereum.instructions [DEBUG]: Evaluating PUSH1 at 50
mythril.laser.ethereum.instructions [DEBUG]: Evaluating PUSH1 at 76
mythril.laser.ethereum.instructions [DEBUG]: Evaluating JUMPDEST at 79
mythril.laser.ethereum.instructions [DEBUG]: Evaluating JUMP at 51
mythril.laser.ethereum.instructions [DEBUG]: Evaluating DUP1 at 77
mythril.laser.ethereum.instructions [DEBUG]: Evaluating PUSH1 at 80
mythril.laser.ethereum.instructions [DEBUG]: Evaluating JUMP at 51
mythril.laser.ethereum.instructions [DEBUG]: Evaluating DUP1 at 77
mythril.laser.ethereum.instructions [DEBUG]: Evaluating PUSH1 at 80
mythril.laser.ethereum.instructions [DEBUG]: Evaluating JUMPDEST at 130
mythril.laser.ethereum.instructions [DEBUG]: Evaluating REVERT at 78
mythril.laser.ethereum.svm [DEBUG]: Ending transaction MessageCallTransaction 2 from sender_2 to                                        0x0.
mythril.laser.ethereum.instructions [DEBUG]: Evaluating SLOAD at 81
mythril.laser.ethereum.instructions [DEBUG]: Evaluating JUMPDEST at 130
mythril.laser.ethereum.instructions [DEBUG]: Evaluating REVERT at 78
mythril.laser.ethereum.svm [DEBUG]: Ending transaction MessageCallTransaction 3 from sender_3 to                                        0x0.
mythril.laser.ethereum.instructions [DEBUG]: Evaluating SLOAD at 81
mythril.laser.ethereum.instructions [DEBUG]: Evaluating ADDRESS at 131
mythril.laser.ethereum.instructions [DEBUG]: Evaluating PUSH1 at 82
mythril.laser.ethereum.instructions [DEBUG]: Evaluating ADDRESS at 131
mythril.laser.ethereum.instructions [DEBUG]: Evaluating PUSH1 at 82
mythril.laser.ethereum.instructions [DEBUG]: Evaluating BALANCE at 132
mythril.laser.ethereum.instructions [DEBUG]: Evaluating DUP3 at 83
mythril.laser.ethereum.instructions [DEBUG]: Evaluating BALANCE at 132
mythril.laser.ethereum.instructions [DEBUG]: Evaluating DUP3 at 83
mythril.laser.ethereum.instructions [DEBUG]: Evaluating ISZERO at 133
mythril.laser.ethereum.instructions [DEBUG]: Evaluating DUP2 at 84
mythril.laser.ethereum.instructions [DEBUG]: Evaluating ISZERO at 133
mythril.laser.ethereum.instructions [DEBUG]: Evaluating DUP2 at 84
mythril.laser.ethereum.instructions [DEBUG]: Evaluating SWAP1 at 134
mythril.laser.ethereum.instructions [DEBUG]: Evaluating AND at 85
mythril.laser.ethereum.instructions [DEBUG]: Evaluating SWAP1 at 134
mythril.laser.ethereum.instructions [DEBUG]: Evaluating AND at 85
mythril.laser.ethereum.instructions [DEBUG]: Evaluating JUMP at 135
mythril.laser.ethereum.instructions [DEBUG]: Evaluating SWAP2 at 86
mythril.laser.ethereum.instructions [DEBUG]: Evaluating JUMP at 135
mythril.laser.ethereum.instructions [DEBUG]: Evaluating SWAP2 at 86
mythril.laser.ethereum.instructions [DEBUG]: Evaluating JUMPDEST at 52
mythril.laser.ethereum.instructions [DEBUG]: Evaluating AND at 87
mythril.laser.ethereum.instructions [DEBUG]: Evaluating JUMPDEST at 52
mythril.laser.ethereum.instructions [DEBUG]: Evaluating AND at 87
mythril.laser.ethereum.instructions [DEBUG]: Evaluating PUSH1 at 53
mythril.laser.ethereum.instructions [DEBUG]: Evaluating EQ at 88
mythril.laser.ethereum.instructions [DEBUG]: Evaluating PUSH1 at 53
mythril.laser.ethereum.instructions [DEBUG]: Evaluating EQ at 88
mythril.laser.ethereum.instructions [DEBUG]: Evaluating DUP1 at 54
mythril.laser.ethereum.instructions [DEBUG]: Evaluating ISZERO at 89
mythril.laser.ethereum.instructions [DEBUG]: Evaluating DUP1 at 54
mythril.laser.ethereum.instructions [DEBUG]: Evaluating ISZERO at 89
mythril.laser.ethereum.instructions [DEBUG]: Evaluating MLOAD at 55
mythril.laser.ethereum.instructions [DEBUG]: Evaluating PUSH1 at 90
mythril.laser.ethereum.instructions [DEBUG]: Evaluating MLOAD at 55
mythril.laser.ethereum.instructions [DEBUG]: Evaluating PUSH1 at 90
mythril.laser.ethereum.instructions [DEBUG]: Evaluating SWAP2 at 56
mythril.analysis.module.base [DEBUG]: Entering analysis module: TxOrigin
mythril.analysis.module.base [DEBUG]: Exiting analysis module: TxOrigin
mythril.analysis.module.base [DEBUG]: Entering analysis module: IntegerArithmetics
mythril.analysis.module.base [DEBUG]: Exiting analysis module: IntegerArithmetics
mythril.laser.ethereum.instructions [DEBUG]: Evaluating JUMPI at 91
mythril.laser.ethereum.instructions [DEBUG]: Evaluating SWAP2 at 56
mythril.analysis.module.base [DEBUG]: Entering analysis module: TxOrigin
mythril.analysis.module.base [DEBUG]: Exiting analysis module: TxOrigin
mythril.analysis.module.base [DEBUG]: Entering analysis module: IntegerArithmetics
mythril.analysis.module.base [DEBUG]: Exiting analysis module: IntegerArithmetics
mythril.laser.ethereum.instructions [DEBUG]: Evaluating JUMPI at 91
mythril.laser.ethereum.instructions [DEBUG]: Evaluating ISZERO at 57
mythril.laser.ethereum.instructions [DEBUG]: Evaluating PUSH1 at 92
mythril.laser.ethereum.instructions [DEBUG]: Evaluating JUMPDEST at 127
mythril.laser.ethereum.instructions [DEBUG]: Evaluating ISZERO at 57
mythril.laser.ethereum.instructions [DEBUG]: Evaluating PUSH1 at 92
mythril.laser.ethereum.instructions [DEBUG]: Evaluating JUMPDEST at 127
mythril.laser.ethereum.instructions [DEBUG]: Evaluating ISZERO at 58
mythril.laser.ethereum.instructions [DEBUG]: Evaluating MLOAD at 93
mythril.laser.ethereum.instructions [DEBUG]: Evaluating POP at 128
mythril.laser.ethereum.instructions [DEBUG]: Evaluating ISZERO at 58
mythril.laser.ethereum.instructions [DEBUG]: Evaluating MLOAD at 93
mythril.laser.ethereum.instructions [DEBUG]: Evaluating POP at 128
mythril.laser.ethereum.instructions [DEBUG]: Evaluating DUP3 at 59
mythril.laser.ethereum.instructions [DEBUG]: Evaluating CALLER at 94
mythril.laser.ethereum.instructions [DEBUG]: Evaluating JUMP at 129
mythril.laser.ethereum.instructions [DEBUG]: Evaluating DUP3 at 59
mythril.laser.ethereum.instructions [DEBUG]: Evaluating CALLER at 94
mythril.laser.ethereum.instructions [DEBUG]: Evaluating JUMP at 129
mythril.laser.ethereum.instructions [DEBUG]: Evaluating MSTORE at 60
mythril.laser.ethereum.instructions [DEBUG]: Evaluating SWAP1 at 95
mythril.laser.ethereum.instructions [DEBUG]: Evaluating JUMPDEST at 36
mythril.laser.ethereum.instructions [DEBUG]: Evaluating MSTORE at 60
mythril.laser.ethereum.instructions [DEBUG]: Evaluating SWAP1 at 95
mythril.laser.ethereum.instructions [DEBUG]: Evaluating JUMPDEST at 36
mythril.laser.ethereum.instructions [DEBUG]: Evaluating MLOAD at 61
mythril.laser.ethereum.instructions [DEBUG]: Evaluating PUSH1 at 96
mythril.analysis.module.base [DEBUG]: Entering analysis module: IntegerArithmetics
mythril.analysis.module.base [DEBUG]: Exiting analysis module: IntegerArithmetics
mythril.analysis.module.base [DEBUG]: Entering analysis module: UncheckedRetval
mythril.analysis.module.base [DEBUG]: Exiting analysis module: UncheckedRetval
mythril.laser.ethereum.instructions [DEBUG]: Evaluating STOP at 37
mythril.laser.ethereum.svm [DEBUG]: Ending transaction MessageCallTransaction 2 from sender_2 to                                        0x0.
mythril.laser.ethereum.instructions [DEBUG]: Evaluating MLOAD at 61
mythril.laser.ethereum.instructions [DEBUG]: Evaluating PUSH1 at 96
mythril.analysis.module.base [DEBUG]: Entering analysis module: IntegerArithmetics
mythril.analysis.module.base [DEBUG]: Exiting analysis module: IntegerArithmetics
mythril.analysis.module.base [DEBUG]: Entering analysis module: UncheckedRetval
mythril.analysis.module.base [DEBUG]: Exiting analysis module: UncheckedRetval
mythril.laser.ethereum.instructions [DEBUG]: Evaluating STOP at 37
mythril.laser.ethereum.svm [DEBUG]: Ending transaction MessageCallTransaction 3 from sender_3 to                                        0x0.
mythril.laser.ethereum.instructions [DEBUG]: Evaluating SWAP1 at 62
mythril.laser.ethereum.instructions [DEBUG]: Evaluating SWAP1 at 97
mythril.laser.ethereum.instructions [DEBUG]: Evaluating SWAP1 at 62
mythril.laser.ethereum.instructions [DEBUG]: Evaluating SWAP1 at 97
mythril.laser.ethereum.instructions [DEBUG]: Evaluating DUP2 at 63
mythril.laser.ethereum.instructions [DEBUG]: Evaluating PUSH8 at 98
mythril.laser.ethereum.instructions [DEBUG]: Evaluating DUP2 at 63
mythril.laser.ethereum.instructions [DEBUG]: Evaluating PUSH8 at 98
mythril.laser.ethereum.instructions [DEBUG]: Evaluating SWAP1 at 64
mythril.laser.ethereum.instructions [DEBUG]: Evaluating SWAP1 at 99
mythril.laser.ethereum.instructions [DEBUG]: Evaluating SWAP1 at 64
mythril.laser.ethereum.instructions [DEBUG]: Evaluating SWAP1 at 99
mythril.analysis.module.base [DEBUG]: Entering analysis module: IntegerArithmetics
mythril.analysis.module.base [DEBUG]: Exiting analysis module: IntegerArithmetics
mythril.laser.ethereum.instructions [DEBUG]: Evaluating SUB at 65
mythril.laser.ethereum.instructions [DEBUG]: Evaluating DUP3 at 100
mythril.analysis.module.base [DEBUG]: Entering analysis module: IntegerArithmetics
mythril.analysis.module.base [DEBUG]: Exiting analysis module: IntegerArithmetics
mythril.laser.ethereum.instructions [DEBUG]: Evaluating SUB at 65
mythril.laser.ethereum.instructions [DEBUG]: Evaluating DUP3 at 100
mythril.laser.ethereum.instructions [DEBUG]: Evaluating PUSH1 at 66
mythril.laser.ethereum.instructions [DEBUG]: Evaluating DUP2 at 101
mythril.laser.ethereum.instructions [DEBUG]: Evaluating PUSH1 at 66
mythril.laser.ethereum.instructions [DEBUG]: Evaluating DUP2 at 101
mythril.analysis.module.base [DEBUG]: Entering analysis module: IntegerArithmetics
mythril.analysis.module.base [DEBUG]: Exiting analysis module: IntegerArithmetics
mythril.laser.ethereum.instructions [DEBUG]: Evaluating ADD at 67
mythril.laser.ethereum.instructions [DEBUG]: Evaluating DUP2 at 102
mythril.analysis.module.base [DEBUG]: Entering analysis module: IntegerArithmetics
mythril.analysis.module.base [DEBUG]: Exiting analysis module: IntegerArithmetics
mythril.laser.ethereum.instructions [DEBUG]: Evaluating ADD at 67
mythril.laser.ethereum.instructions [DEBUG]: Evaluating DUP2 at 102
mythril.laser.ethereum.instructions [DEBUG]: Evaluating SWAP1 at 68
mythril.laser.ethereum.instructions [DEBUG]: Evaluating DUP2 at 103
mythril.laser.ethereum.instructions [DEBUG]: Evaluating SWAP1 at 68
mythril.laser.ethereum.instructions [DEBUG]: Evaluating DUP2 at 103
mythril.analysis.module.base [DEBUG]: Entering analysis module: IntegerArithmetics
mythril.analysis.module.base [DEBUG]: Exiting analysis module: IntegerArithmetics
mythril.analysis.module.base [DEBUG]: Entering analysis module: UncheckedRetval
mythril.analysis.module.base [DEBUG]: Exiting analysis module: UncheckedRetval
mythril.laser.ethereum.instructions [DEBUG]: Evaluating RETURN at 69
mythril.laser.ethereum.svm [DEBUG]: Ending transaction MessageCallTransaction 2 from sender_2 to                                        0x0.
mythril.laser.ethereum.instructions [DEBUG]: Evaluating DUP6 at 104
mythril.analysis.module.base [DEBUG]: Entering analysis module: IntegerArithmetics
mythril.analysis.module.base [DEBUG]: Exiting analysis module: IntegerArithmetics
mythril.analysis.module.base [DEBUG]: Entering analysis module: UncheckedRetval
mythril.analysis.module.base [DEBUG]: Exiting analysis module: UncheckedRetval
mythril.laser.ethereum.instructions [DEBUG]: Evaluating RETURN at 69
mythril.laser.ethereum.svm [DEBUG]: Ending transaction MessageCallTransaction 3 from sender_3 to                                        0x0.
mythril.laser.ethereum.instructions [DEBUG]: Evaluating DUP6 at 104
mythril.laser.ethereum.instructions [DEBUG]: Evaluating DUP9 at 105
mythril.laser.ethereum.instructions [DEBUG]: Evaluating DUP9 at 105
mythril.laser.ethereum.instructions [DEBUG]: Evaluating DUP4 at 106
mythril.laser.ethereum.instructions [DEBUG]: Evaluating DUP4 at 106
mythril.analysis.module.base [DEBUG]: Entering analysis module: IntegerArithmetics
mythril.analysis.module.base [DEBUG]: Exiting analysis module: IntegerArithmetics
mythril.analysis.module.base [DEBUG]: Entering analysis module: StateChangeAfterCall
mythril.analysis.module.base [DEBUG]: Exiting analysis module: StateChangeAfterCall
mythril.laser.ethereum.instructions [DEBUG]: Evaluating CALL at 107
mythril.laser.ethereum.call [DEBUG]: Symbolic call encountered
mythril.laser.ethereum.call [DEBUG]: CALL to: sender_2
mythril.laser.ethereum.instructions [DEBUG]: The call is related to ether transfer between accounts
mythril.analysis.module.base [DEBUG]: Entering analysis module: EtherThief
mythril.analysis.module.base [DEBUG]: Exiting analysis module: EtherThief
mythril.analysis.module.base [DEBUG]: Entering analysis module: UncheckedRetval
mythril.analysis.module.modules.unchecked_retval [DEBUG]: End of call, extracting retval
mythril.analysis.module.base [DEBUG]: Exiting analysis module: UncheckedRetval
mythril.analysis.module.base [DEBUG]: Entering analysis module: IntegerArithmetics
mythril.analysis.module.base [DEBUG]: Exiting analysis module: IntegerArithmetics
mythril.analysis.module.base [DEBUG]: Entering analysis module: StateChangeAfterCall
mythril.analysis.module.base [DEBUG]: Exiting analysis module: StateChangeAfterCall
mythril.laser.ethereum.instructions [DEBUG]: Evaluating CALL at 107
mythril.laser.ethereum.call [DEBUG]: Symbolic call encountered
mythril.laser.ethereum.call [DEBUG]: CALL to: sender_3
mythril.laser.ethereum.instructions [DEBUG]: The call is related to ether transfer between accounts
mythril.analysis.module.base [DEBUG]: Entering analysis module: EtherThief
mythril.analysis.module.base [DEBUG]: Exiting analysis module: EtherThief
mythril.analysis.module.base [DEBUG]: Entering analysis module: UncheckedRetval
mythril.analysis.module.modules.unchecked_retval [DEBUG]: End of call, extracting retval
mythril.analysis.module.base [DEBUG]: Exiting analysis module: UncheckedRetval
mythril.laser.ethereum.instructions [DEBUG]: Evaluating SWAP4 at 108
mythril.laser.ethereum.instructions [DEBUG]: Evaluating SWAP4 at 108
mythril.laser.ethereum.instructions [DEBUG]: Evaluating POP at 109
mythril.laser.ethereum.instructions [DEBUG]: Evaluating POP at 109
mythril.laser.ethereum.instructions [DEBUG]: Evaluating POP at 110
mythril.laser.ethereum.instructions [DEBUG]: Evaluating POP at 110
mythril.laser.ethereum.instructions [DEBUG]: Evaluating POP at 111
mythril.laser.ethereum.instructions [DEBUG]: Evaluating POP at 111
mythril.laser.ethereum.instructions [DEBUG]: Evaluating POP at 112
mythril.laser.ethereum.instructions [DEBUG]: Evaluating POP at 112
mythril.laser.ethereum.instructions [DEBUG]: Evaluating ISZERO at 113
mythril.laser.ethereum.instructions [DEBUG]: Evaluating ISZERO at 113
mythril.laser.ethereum.instructions [DEBUG]: Evaluating DUP1 at 114
mythril.laser.ethereum.instructions [DEBUG]: Evaluating DUP1 at 114
mythril.laser.ethereum.instructions [DEBUG]: Evaluating ISZERO at 115
mythril.laser.ethereum.instructions [DEBUG]: Evaluating ISZERO at 115
mythril.laser.ethereum.instructions [DEBUG]: Evaluating PUSH1 at 116
mythril.laser.ethereum.instructions [DEBUG]: Evaluating PUSH1 at 116
mythril.analysis.module.base [DEBUG]: Entering analysis module: TxOrigin
mythril.analysis.module.base [DEBUG]: Exiting analysis module: TxOrigin
mythril.analysis.module.base [DEBUG]: Entering analysis module: IntegerArithmetics
mythril.analysis.module.base [DEBUG]: Exiting analysis module: IntegerArithmetics
mythril.laser.ethereum.instructions [DEBUG]: Evaluating JUMPI at 117
mythril.analysis.module.base [DEBUG]: Entering analysis module: TxOrigin
mythril.analysis.module.base [DEBUG]: Exiting analysis module: TxOrigin
mythril.analysis.module.base [DEBUG]: Entering analysis module: IntegerArithmetics
mythril.analysis.module.base [DEBUG]: Exiting analysis module: IntegerArithmetics
mythril.laser.ethereum.instructions [DEBUG]: Evaluating JUMPI at 117
mythril.laser.ethereum.instructions [DEBUG]: Evaluating RETURNDATASIZE at 118
mythril.laser.ethereum.instructions [DEBUG]: No last_return_data found, adding an unconstrained bitvec to the stack
mythril.laser.ethereum.instructions [DEBUG]: Evaluating JUMPDEST at 125
mythril.laser.ethereum.instructions [DEBUG]: Evaluating RETURNDATASIZE at 118
mythril.laser.ethereum.instructions [DEBUG]: No last_return_data found, adding an unconstrained bitvec to the stack
mythril.laser.ethereum.instructions [DEBUG]: Evaluating JUMPDEST at 125
mythril.laser.ethereum.instructions [DEBUG]: Evaluating PUSH1 at 119
mythril.laser.ethereum.instructions [DEBUG]: Evaluating POP at 126
mythril.laser.ethereum.instructions [DEBUG]: Evaluating PUSH1 at 119
mythril.laser.ethereum.instructions [DEBUG]: Evaluating POP at 126
mythril.laser.ethereum.instructions [DEBUG]: Evaluating DUP1 at 120
mythril.laser.ethereum.instructions [DEBUG]: Evaluating JUMPDEST at 127
mythril.laser.ethereum.instructions [DEBUG]: Evaluating DUP1 at 120
mythril.laser.ethereum.instructions [DEBUG]: Evaluating JUMPDEST at 127
mythril.laser.ethereum.instructions [DEBUG]: Evaluating RETURNDATACOPY at 121
mythril.laser.ethereum.instructions [DEBUG]: Unsupported symbolic max_length offset in RETURNDATACOPY
mythril.laser.ethereum.instructions [DEBUG]: Evaluating POP at 128
mythril.laser.ethereum.instructions [DEBUG]: Evaluating RETURNDATACOPY at 121
mythril.laser.ethereum.instructions [DEBUG]: Unsupported symbolic max_length offset in RETURNDATACOPY
mythril.laser.ethereum.instructions [DEBUG]: Evaluating POP at 128
mythril.laser.ethereum.instructions [DEBUG]: Evaluating RETURNDATASIZE at 122
mythril.laser.ethereum.instructions [DEBUG]: No last_return_data found, adding an unconstrained bitvec to the stack
mythril.laser.ethereum.instructions [DEBUG]: Evaluating JUMP at 129
mythril.laser.ethereum.instructions [DEBUG]: Evaluating RETURNDATASIZE at 122
mythril.laser.ethereum.instructions [DEBUG]: No last_return_data found, adding an unconstrained bitvec to the stack
mythril.laser.ethereum.instructions [DEBUG]: Evaluating JUMP at 129
mythril.laser.ethereum.instructions [DEBUG]: Evaluating PUSH1 at 123
mythril.laser.ethereum.instructions [DEBUG]: Evaluating JUMPDEST at 36
mythril.laser.ethereum.instructions [DEBUG]: Evaluating PUSH1 at 123
mythril.laser.ethereum.instructions [DEBUG]: Evaluating JUMPDEST at 36
mythril.laser.ethereum.instructions [DEBUG]: Evaluating REVERT at 124
mythril.laser.ethereum.instructions [DEBUG]: Return with symbolic length or offset. Not supported
mythril.laser.ethereum.svm [DEBUG]: Ending transaction MessageCallTransaction 2 from sender_2 to                                        0x0.
mythril.analysis.module.base [DEBUG]: Entering analysis module: IntegerArithmetics
mythril.analysis.module.base [DEBUG]: Exiting analysis module: IntegerArithmetics
mythril.analysis.module.base [DEBUG]: Entering analysis module: UncheckedRetval
mythril.analysis.module.base [DEBUG]: Exiting analysis module: UncheckedRetval
mythril.laser.ethereum.instructions [DEBUG]: Evaluating STOP at 37
mythril.laser.ethereum.svm [DEBUG]: Ending transaction MessageCallTransaction 2 from sender_2 to                                        0x0.
mythril.laser.ethereum.instructions [DEBUG]: Evaluating REVERT at 124
mythril.laser.ethereum.instructions [DEBUG]: Return with symbolic length or offset. Not supported
mythril.laser.ethereum.svm [DEBUG]: Ending transaction MessageCallTransaction 3 from sender_3 to                                        0x0.
mythril.analysis.module.base [DEBUG]: Entering analysis module: IntegerArithmetics
mythril.analysis.module.base [DEBUG]: Exiting analysis module: IntegerArithmetics
mythril.analysis.module.base [DEBUG]: Entering analysis module: UncheckedRetval
mythril.analysis.module.base [DEBUG]: Exiting analysis module: UncheckedRetval
mythril.laser.ethereum.instructions [DEBUG]: Evaluating STOP at 37
mythril.laser.ethereum.svm [DEBUG]: Ending transaction MessageCallTransaction 3 from sender_3 to                                        0x0.
mythril.laser.plugin.plugins.coverage.coverage_plugin [INFO]: Number of new instructions covered in tx 1: 0
mythril.laser.ethereum.svm [INFO]: Finished symbolic execution
mythril.laser.plugin.plugins.coverage.coverage_plugin [INFO]: Achieved 99.27% coverage for code: 60806040526004361060485763ffffffff7c01000000000000000000000000000000000000000000000000000000006000350416634ba4c16b8114604d578063b2fa1c9e14605b575b600080fd5b605960ff600435166081565b005b348015606657600080fd5b50606d60d7565b604080519115158252519081900360200190f35b670de0b6b3a76400003414609457600080fd5b60005460ff8281169116141560d4576040513390600090671bc16d674ec800009082818181858883f1935050505015801560d2573d6000803e3d6000fd5b505b50565b303115905600
mythril.laser.plugin.plugins.instruction_profiler [INFO]: Total: 0.5646336078643799 s
[ADD         ]   0.3318 %,  nr      3,  total   0.0019 s,  avg   0.0006 s,  min   0.0004 s,  max   0.0008 s
[ADDRESS     ]   0.2772 %,  nr      3,  total   0.0016 s,  avg   0.0005 s,  min   0.0005 s,  max   0.0005 s
[AND         ]   1.1757 %,  nr     12,  total   0.0066 s,  avg   0.0006 s,  min   0.0004 s,  max   0.0007 s
[BALANCE     ]   0.3877 %,  nr      3,  total   0.0022 s,  avg   0.0007 s,  min   0.0007 s,  max   0.0008 s
[CALL        ]   1.6940 %,  nr      3,  total   0.0096 s,  avg   0.0032 s,  min   0.0028 s,  max   0.0035 s
[CALLDATALOAD]  14.5336 %,  nr      6,  total   0.0821 s,  avg   0.0137 s,  min   0.0123 s,  max   0.0148 s
[CALLDATASIZE]   0.3083 %,  nr      3,  total   0.0017 s,  avg   0.0006 s,  min   0.0005 s,  max   0.0006 s
[CALLER      ]   0.2077 %,  nr      3,  total   0.0012 s,  avg   0.0004 s,  min   0.0003 s,  max   0.0005 s
[CALLVALUE   ]   0.8915 %,  nr      6,  total   0.0050 s,  avg   0.0008 s,  min   0.0005 s,  max   0.0013 s
[DIV         ]   0.4686 %,  nr      3,  total   0.0026 s,  avg   0.0009 s,  min   0.0008 s,  max   0.0010 s
[DUP1        ]   2.3926 %,  nr     25,  total   0.0135 s,  avg   0.0005 s,  min   0.0004 s,  max   0.0011 s
[DUP2        ]   1.4651 %,  nr     18,  total   0.0083 s,  avg   0.0005 s,  min   0.0003 s,  max   0.0006 s
[DUP3        ]   0.7784 %,  nr      9,  total   0.0044 s,  avg   0.0005 s,  min   0.0003 s,  max   0.0007 s
[DUP4        ]   0.2744 %,  nr      3,  total   0.0015 s,  avg   0.0005 s,  min   0.0005 s,  max   0.0005 s
[DUP6        ]   0.4492 %,  nr      3,  total   0.0025 s,  avg   0.0008 s,  min   0.0008 s,  max   0.0009 s
[DUP9        ]   0.2974 %,  nr      3,  total   0.0017 s,  avg   0.0006 s,  min   0.0005 s,  max   0.0006 s
[EQ          ]   1.2346 %,  nr     12,  total   0.0070 s,  avg   0.0006 s,  min   0.0004 s,  max   0.0007 s
[ISZERO      ]   3.0079 %,  nr     21,  total   0.0170 s,  avg   0.0008 s,  min   0.0004 s,  max   0.0014 s
[JUMP        ]   2.5341 %,  nr     15,  total   0.0143 s,  avg   0.0010 s,  min   0.0006 s,  max   0.0012 s
[JUMPDEST    ]   4.1696 %,  nr     40,  total   0.0235 s,  avg   0.0006 s,  min   0.0003 s,  max   0.0024 s
[JUMPI       ]   7.3828 %,  nr     21,  total   0.0417 s,  avg   0.0020 s,  min   0.0011 s,  max   0.0029 s
[LT          ]   0.3388 %,  nr      3,  total   0.0019 s,  avg   0.0006 s,  min   0.0006 s,  max   0.0006 s
[MLOAD       ]  21.6755 %,  nr      9,  total   0.1224 s,  avg   0.0136 s,  min   0.0098 s,  max   0.0173 s
[MSTORE      ]  15.4982 %,  nr      6,  total   0.0875 s,  avg   0.0146 s,  min   0.0063 s,  max   0.0223 s
[POP         ]   2.3530 %,  nr     24,  total   0.0133 s,  avg   0.0006 s,  min   0.0003 s,  max   0.0008 s
[PUSH1       ]   9.1540 %,  nr     85,  total   0.0517 s,  avg   0.0006 s,  min   0.0003 s,  max   0.0013 s
[PUSH29      ]   0.2602 %,  nr      3,  total   0.0015 s,  avg   0.0005 s,  min   0.0005 s,  max   0.0005 s
[PUSH4       ]   0.9980 %,  nr      9,  total   0.0056 s,  avg   0.0006 s,  min   0.0005 s,  max   0.0010 s
[PUSH8       ]   0.4715 %,  nr      6,  total   0.0027 s,  avg   0.0004 s,  min   0.0003 s,  max   0.0006 s
[RETURNDATACOPY]   0.3338 %,  nr      3,  total   0.0019 s,  avg   0.0006 s,  min   0.0006 s,  max   0.0006 s
[RETURNDATASIZE]   0.9719 %,  nr      6,  total   0.0055 s,  avg   0.0009 s,  min   0.0005 s,  max   0.0018 s
[SLOAD       ]   0.4111 %,  nr      3,  total   0.0023 s,  avg   0.0008 s,  min   0.0007 s,  max   0.0008 s
[SUB         ]   0.2913 %,  nr      3,  total   0.0016 s,  avg   0.0005 s,  min   0.0003 s,  max   0.0007 s
[SWAP1       ]   1.8340 %,  nr     21,  total   0.0104 s,  avg   0.0005 s,  min   0.0003 s,  max   0.0010 s
[SWAP2       ]   0.5919 %,  nr      6,  total   0.0033 s,  avg   0.0006 s,  min   0.0004 s,  max   0.0010 s
[SWAP4       ]   0.5549 %,  nr      3,  total   0.0031 s,  avg   0.0010 s,  min   0.0006 s,  max   0.0013 s

mythril.analysis.security [INFO]: Starting analysis
mythril.analysis.security [DEBUG]: Retrieving results for Caller can write to arbitrary storage locations
mythril.analysis.security [DEBUG]: Retrieving results for Delegatecall to a user-specified address
mythril.analysis.security [DEBUG]: Retrieving results for Control flow depends on tx.origin
mythril.analysis.security [DEBUG]: Retrieving results for Any sender can withdraw ETH from the contract account
mythril.analysis.security [DEBUG]: Retrieving results for Integer overflow or underflow
mythril.analysis.security [DEBUG]: Retrieving results for State change after an external call
mythril.analysis.security [DEBUG]: Retrieving results for Contract can be accidentally killed by anyone
mythril.analysis.security [DEBUG]: Retrieving results for Return value of an external call is not checked
mythril.mythril.mythril_analyzer [INFO]: Solver statistics: 
Query count: 71 
Solver time: 3.629715919494629
{"error": null, "issues": [{"address": 189, "contract": "MAIN", "description": "Any sender can withdraw Ether from the contract account.\nArbitrary senders other than the contract creator can profitably extract Ether from the contract account. Verify the business logic carefully and make sure that appropriate security controls are in place to prevent unexpected loss of funds.", "function": "fallback", "max_gas_used": 35951, "min_gas_used": 1763, "severity": "High", "sourceMap": 189, "swc-id": "105", "title": "Unprotected Ether Withdrawal", "tx_sequence": {"initialState": {"accounts": {"0x0": {"balance": "0x411e5204a6e00800", "code": "60806040526004361060485763ffffffff7c01000000000000000000000000000000000000000000000000000000006000350416634ba4c16b8114604d578063b2fa1c9e14605b575b600080fd5b605960ff600435166081565b005b348015606657600080fd5b50606d60d7565b604080519115158252519081900360200190f35b670de0b6b3a76400003414609457600080fd5b60005460ff8281169116141560d4576040513390600090671bc16d674ec800009082818181858883f1935050505015801560d2573d6000803e3d6000fd5b505b50565b303115905600", "nonce": 0, "storage": "{}"}, "0xdeadbeefdeadbeefdeadbeefdeadbeefdeadbeef": {"balance": "0x40000b80000020391", "code": "", "nonce": 0, "storage": "{}"}}}, "steps": [{"address": "0x0", "calldata": "0x4ba4c16b", "input": "0x4ba4c16b", "name": "guess(uint8)", "origin": "0xaaaaaaaaaaaaaaaaaaaaaaaaaaaaaaaaaaaaaaaa", "value": "0xde0b6b3a7640000"}, {"address": "0x0", "calldata": "0x4ba4c16b", "input": "0x4ba4c16b", "name": "guess(uint8)", "origin": "0xdeadbeefdeadbeefdeadbeefdeadbeefdeadbeef", "value": "0xde0b6b3a7640000"}]}}], "success": true}
