smartbugs/dataset/bad_randomness/lottery.sol:23:6: Warning: Defining constructors as functions with the same name as the contract is deprecated. Use "constructor(...) { ... }" instead.
     function Lottery() {
     ^ (Relevant source part starts here and spans across multiple lines).
smartbugs/dataset/bad_randomness/lottery.sol:29:10: Warning: "throw" is deprecated in favour of "revert()", "require()" and "assert()".
         throw;
         ^---^
smartbugs/dataset/bad_randomness/lottery.sol:47:18: Warning: "throw" is deprecated in favour of "revert()", "require()" and "assert()".
                 throw;
                 ^---^
smartbugs/dataset/bad_randomness/lottery.sol:54:40: Warning: "throw" is deprecated in favour of "revert()", "require()" and "assert()".
         if(msg.sender != organizer) { throw; }
                                       ^---^
smartbugs/dataset/bad_randomness/lottery.sol:63:40: Warning: "throw" is deprecated in favour of "revert()", "require()" and "assert()".
         if(msg.sender != organizer) { throw; }
                                       ^---^
smartbugs/dataset/bad_randomness/lottery.sol:10:2: Warning: Source file does not specify required compiler version!Consider adding "pragma solidity ^0.4.24;"
 contract Lottery {
 ^ (Relevant source part starts here and spans across multiple lines).
smartbugs/dataset/bad_randomness/lottery.sol:57:14: Warning: Invoking events without "emit" prefix is deprecated.
             GetBet(bets[i].betAmount, bets[i].blockNumber, bets[i].won);
             ^---------------------------------------------------------^
smartbugs/dataset/bad_randomness/lottery.sol:65:10: Warning: "suicide" has been deprecated in favour of "selfdestruct"
         suicide(organizer);
         ^----------------^
smartbugs/dataset/bad_randomness/lottery.sol:23:6: Warning: No visibility specified. Defaulting to "public". 
     function Lottery() {
     ^ (Relevant source part starts here and spans across multiple lines).
smartbugs/dataset/bad_randomness/lottery.sol:28:6: Warning: No visibility specified. Defaulting to "public". 
     function() {
     ^ (Relevant source part starts here and spans across multiple lines).
smartbugs/dataset/bad_randomness/lottery.sol:33:6: Warning: No visibility specified. Defaulting to "public". 
     function makeBet() {
     ^ (Relevant source part starts here and spans across multiple lines).
smartbugs/dataset/bad_randomness/lottery.sol:41:24: Warning: "msg.value" used in non-payable function. Do you want to add the "payable" modifier to this function?
         bets.push(Bet(msg.value, block.number, won));
                       ^-------^
smartbugs/dataset/bad_randomness/lottery.sol:45:34: Warning: "msg.value" used in non-payable function. Do you want to add the "payable" modifier to this function?
             if(!msg.sender.send(msg.value)) {
                                 ^-------^
smartbugs/dataset/bad_randomness/lottery.sol:53:6: Warning: No visibility specified. Defaulting to "public". 
     function getBets() {
     ^ (Relevant source part starts here and spans across multiple lines).
smartbugs/dataset/bad_randomness/lottery.sol:62:6: Warning: No visibility specified. Defaulting to "public". 
     function destroy() {
     ^ (Relevant source part starts here and spans across multiple lines).
