 ______     __         __  __     ______     __     __  __     __    __    
/\  ___\   /\ \       /\ \_\ \   /\  ___\   /\ \   /\ \/\ \   /\ "-./  \   
\ \  __\   \ \ \____  \ \____ \  \ \___  \  \ \ \  \ \ \_\ \  \ \ \-./\ \  
 \ \_____\  \ \_____\  \/\_____\  \/\_____\  \ \_\  \ \_____\  \ \_\ \ \_\ 
  \/_____/   \/_____/   \/_____/   \/_____/   \/_/   \/_____/   \/_/  \/_/ 
                                                                           
Compiling source code...
Retrieving bytecode for contract 'IntegerOverflowSingleTransaction'.
Please wait. Scanning bytecode for bugs...
Running Osiris...
Finished running Osiris. Execution time 4.149754762649536 seconds. Code coverage 99.5%.
Running Oyente...
Finished running Oyente. Execution time 0.7986445426940918 seconds. Code coverage 99.5%.
Running Mythril...
Finished running Mythril. Execution time 5.412780284881592 seconds. Code coverage 99.47%.
Detected 3 bug(s):
--> Detected 'underflow' (SUB) bug at program counter address 289 (0x121) using Osiris with a code coverage of 99.5%.
--> Detected 'overflow' (MUL) bug at program counter address 300 (0x12c) using Osiris with a code coverage of 99.5%.
--> Detected 'overflow' (ADD) bug at program counter address 311 (0x137) using Osiris with a code coverage of 99.5%.
Exporting original control-flow graph...
Recovering control-flow graph...
Recovered 100% of the control-flow graph
Number of execution paths accessing storage: 4
Runtime bytecode size: 405 bytes (original: 316 bytes) 28.164556962025316% increase.
Metadata: 0xa165627a7a72305820d466c3a995415be3dc6596880682425044bb1b40fa1f3a81c398b57658fbabf30029
Exporting patched control-flow graph...
