mythril.mythril.mythril_config [INFO]: Creating mythril data directory 
mythril.mythril.mythril_config [INFO]: No config file found. Creating default: /root/.mythril/config.ini 
mythril.mythril.mythril_config [INFO]: Infura key not provided, so onchain access is disabled. Use --infura-id <INFURA_ID> or set it in the environment variable INFURA_ID or in the ~/.mythril/config.ini file 
mythril.support.signatures [INFO]: Using signature database at /root/.mythril/signatures.db
mythril.laser.ethereum.svm [INFO]: LASER EVM initialized with dynamic loader: <mythril.support.loader.DynLoader object at 0x7278c1c8a100>
mythril.laser.ethereum.strategy.extensions.bounded_loops [INFO]: Loaded search strategy extension: Loop bounds (limit = 3)
mythril.laser.plugin.loader [INFO]: Loading laser plugin: coverage
mythril.laser.plugin.loader [INFO]: Loading laser plugin: mutation-pruner
mythril.laser.plugin.loader [INFO]: Loading laser plugin: call-depth-limit
mythril.laser.plugin.loader [INFO]: Loading laser plugin: instruction-profiler
mythril.laser.plugin.loader [INFO]: Loading laser plugin: dependency-pruner
mythril.laser.plugin.loader [INFO]: Instrumenting symbolic vm with plugin: coverage
mythril.laser.plugin.loader [INFO]: Instrumenting symbolic vm with plugin: mutation-pruner
mythril.laser.plugin.loader [INFO]: Instrumenting symbolic vm with plugin: call-depth-limit
mythril.laser.plugin.loader [INFO]: Instrumenting symbolic vm with plugin: instruction-profiler
mythril.laser.plugin.loader [INFO]: Instrumenting symbolic vm with plugin: dependency-pruner
mythril.laser.ethereum.svm [DEBUG]: Starting LASER execution
mythril.laser.ethereum.svm [INFO]: Starting message call transaction to 0
mythril.laser.ethereum.svm [INFO]: Starting message call transaction, iteration: 0, 1 initial states
mythril.laser.ethereum.instructions [DEBUG]: Evaluating PUSH1 at 0
mythril.laser.ethereum.instructions [DEBUG]: Evaluating PUSH1 at 1
mythril.laser.ethereum.instructions [DEBUG]: Evaluating MSTORE at 2
mythril.laser.ethereum.instructions [DEBUG]: Evaluating PUSH1 at 3
mythril.laser.ethereum.instructions [DEBUG]: Evaluating CALLDATASIZE at 4
mythril.laser.ethereum.instructions [DEBUG]: Evaluating LT at 5
mythril.laser.ethereum.instructions [DEBUG]: Evaluating PUSH2 at 6
mythril.analysis.module.base [DEBUG]: Entering analysis module: TxOrigin
mythril.analysis.module.base [DEBUG]: Exiting analysis module: TxOrigin
mythril.analysis.module.base [DEBUG]: Entering analysis module: IntegerArithmetics
mythril.analysis.module.base [DEBUG]: Exiting analysis module: IntegerArithmetics
mythril.laser.ethereum.instructions [DEBUG]: Evaluating JUMPI at 7
mythril.laser.ethereum.instructions [DEBUG]: Evaluating PUSH1 at 8
mythril.laser.ethereum.instructions [DEBUG]: Evaluating JUMPDEST at 20
mythril.laser.ethereum.instructions [DEBUG]: Evaluating CALLDATALOAD at 9
mythril.laser.ethereum.instructions [DEBUG]: Evaluating PUSH1 at 21
mythril.laser.ethereum.instructions [DEBUG]: Evaluating PUSH29 at 10
mythril.laser.ethereum.instructions [DEBUG]: Evaluating DUP1 at 22
mythril.laser.ethereum.instructions [DEBUG]: Evaluating SWAP1 at 11
mythril.laser.ethereum.instructions [DEBUG]: Evaluating REVERT at 23
mythril.laser.ethereum.svm [DEBUG]: Ending transaction MessageCallTransaction 1 from sender_1 to                                        0x0.
mythril.laser.ethereum.instructions [DEBUG]: Evaluating DIV at 12
mythril.laser.ethereum.instructions [DEBUG]: Evaluating PUSH4 at 13
mythril.laser.ethereum.instructions [DEBUG]: Evaluating AND at 14
mythril.laser.ethereum.instructions [DEBUG]: Evaluating DUP1 at 15
mythril.laser.ethereum.instructions [DEBUG]: Evaluating PUSH4 at 16
mythril.laser.ethereum.instructions [DEBUG]: Evaluating EQ at 17
mythril.laser.ethereum.instructions [DEBUG]: Evaluating PUSH2 at 18
mythril.analysis.module.base [DEBUG]: Entering analysis module: TxOrigin
mythril.analysis.module.base [DEBUG]: Exiting analysis module: TxOrigin
mythril.analysis.module.base [DEBUG]: Entering analysis module: IntegerArithmetics
mythril.analysis.module.base [DEBUG]: Exiting analysis module: IntegerArithmetics
mythril.laser.ethereum.instructions [DEBUG]: Evaluating JUMPI at 19
mythril.laser.ethereum.svm [DEBUG]: - Entering function MAIN:unknown
mythril.laser.ethereum.instructions [DEBUG]: Evaluating JUMPDEST at 20
mythril.laser.ethereum.instructions [DEBUG]: Evaluating JUMPDEST at 24
mythril.laser.ethereum.instructions [DEBUG]: Evaluating PUSH1 at 21
mythril.laser.ethereum.instructions [DEBUG]: Evaluating CALLVALUE at 25
mythril.laser.ethereum.instructions [DEBUG]: Evaluating DUP1 at 22
mythril.laser.ethereum.instructions [DEBUG]: Evaluating DUP1 at 26
mythril.laser.ethereum.instructions [DEBUG]: Evaluating REVERT at 23
mythril.laser.ethereum.svm [DEBUG]: Ending transaction MessageCallTransaction 1 from sender_1 to                                        0x0.
mythril.laser.ethereum.instructions [DEBUG]: Evaluating ISZERO at 27
mythril.laser.ethereum.instructions [DEBUG]: Evaluating PUSH2 at 28
mythril.analysis.module.base [DEBUG]: Entering analysis module: TxOrigin
mythril.analysis.module.base [DEBUG]: Exiting analysis module: TxOrigin
mythril.analysis.module.base [DEBUG]: Entering analysis module: IntegerArithmetics
mythril.analysis.module.base [DEBUG]: Exiting analysis module: IntegerArithmetics
mythril.laser.ethereum.instructions [DEBUG]: Evaluating JUMPI at 29
mythril.laser.ethereum.instructions [DEBUG]: Evaluating PUSH1 at 30
mythril.laser.ethereum.instructions [DEBUG]: Evaluating JUMPDEST at 33
mythril.laser.ethereum.instructions [DEBUG]: Evaluating DUP1 at 31
mythril.laser.ethereum.instructions [DEBUG]: Evaluating POP at 34
mythril.laser.ethereum.instructions [DEBUG]: Evaluating REVERT at 32
mythril.laser.ethereum.svm [DEBUG]: Ending transaction MessageCallTransaction 1 from sender_1 to                                        0x0.
mythril.laser.ethereum.instructions [DEBUG]: Evaluating PUSH2 at 35
mythril.laser.ethereum.instructions [DEBUG]: Evaluating PUSH2 at 36
mythril.laser.ethereum.instructions [DEBUG]: Evaluating JUMP at 37
mythril.laser.ethereum.instructions [DEBUG]: Evaluating JUMPDEST at 40
mythril.laser.ethereum.instructions [DEBUG]: Evaluating PUSH1 at 41
mythril.laser.ethereum.instructions [DEBUG]: Evaluating DUP1 at 42
mythril.laser.ethereum.instructions [DEBUG]: Evaluating PUSH1 at 43
mythril.laser.ethereum.instructions [DEBUG]: Evaluating CALLER at 44
mythril.laser.ethereum.instructions [DEBUG]: Evaluating PUSH20 at 45
mythril.laser.ethereum.instructions [DEBUG]: Evaluating AND at 46
mythril.laser.ethereum.instructions [DEBUG]: Evaluating PUSH20 at 47
mythril.laser.ethereum.instructions [DEBUG]: Evaluating AND at 48
mythril.laser.ethereum.instructions [DEBUG]: Evaluating DUP2 at 49
mythril.laser.ethereum.instructions [DEBUG]: Evaluating MSTORE at 50
mythril.laser.ethereum.instructions [DEBUG]: Evaluating PUSH1 at 51
mythril.analysis.module.base [DEBUG]: Entering analysis module: IntegerArithmetics
mythril.analysis.module.base [DEBUG]: Exiting analysis module: IntegerArithmetics
mythril.laser.ethereum.instructions [DEBUG]: Evaluating ADD at 52
mythril.laser.ethereum.instructions [DEBUG]: Evaluating SWAP1 at 53
mythril.laser.ethereum.instructions [DEBUG]: Evaluating DUP2 at 54
mythril.laser.ethereum.instructions [DEBUG]: Evaluating MSTORE at 55
mythril.laser.ethereum.instructions [DEBUG]: Evaluating PUSH1 at 56
mythril.analysis.module.base [DEBUG]: Entering analysis module: IntegerArithmetics
mythril.analysis.module.base [DEBUG]: Exiting analysis module: IntegerArithmetics
mythril.laser.ethereum.instructions [DEBUG]: Evaluating ADD at 57
mythril.laser.ethereum.instructions [DEBUG]: Evaluating PUSH1 at 58
mythril.laser.ethereum.instructions [DEBUG]: Evaluating SHA3 at 59
mythril.laser.ethereum.instructions [DEBUG]: Evaluating SLOAD at 60
mythril.laser.ethereum.instructions [DEBUG]: Evaluating SWAP1 at 61
mythril.laser.ethereum.instructions [DEBUG]: Evaluating POP at 62
mythril.laser.ethereum.instructions [DEBUG]: Evaluating PUSH1 at 63
mythril.laser.ethereum.instructions [DEBUG]: Evaluating CALLER at 64
mythril.laser.ethereum.instructions [DEBUG]: Evaluating PUSH20 at 65
mythril.laser.ethereum.instructions [DEBUG]: Evaluating AND at 66
mythril.laser.ethereum.instructions [DEBUG]: Evaluating DUP3 at 67
mythril.laser.ethereum.instructions [DEBUG]: Evaluating PUSH1 at 68
mythril.laser.ethereum.instructions [DEBUG]: Evaluating MLOAD at 69
mythril.laser.ethereum.instructions [DEBUG]: Evaluating DUP1 at 70
mythril.laser.ethereum.instructions [DEBUG]: Evaluating PUSH1 at 71
mythril.analysis.module.base [DEBUG]: Entering analysis module: IntegerArithmetics
mythril.analysis.module.base [DEBUG]: Exiting analysis module: IntegerArithmetics
mythril.laser.ethereum.instructions [DEBUG]: Evaluating ADD at 72
mythril.laser.ethereum.instructions [DEBUG]: Evaluating SWAP1 at 73
mythril.laser.ethereum.instructions [DEBUG]: Evaluating POP at 74
mythril.laser.ethereum.instructions [DEBUG]: Evaluating PUSH1 at 75
mythril.laser.ethereum.instructions [DEBUG]: Evaluating PUSH1 at 76
mythril.laser.ethereum.instructions [DEBUG]: Evaluating MLOAD at 77
mythril.laser.ethereum.instructions [DEBUG]: Evaluating DUP1 at 78
mythril.laser.ethereum.instructions [DEBUG]: Evaluating DUP4 at 79
mythril.analysis.module.base [DEBUG]: Entering analysis module: IntegerArithmetics
mythril.analysis.module.base [DEBUG]: Exiting analysis module: IntegerArithmetics
mythril.laser.ethereum.instructions [DEBUG]: Evaluating SUB at 80
mythril.laser.ethereum.instructions [DEBUG]: Evaluating DUP2 at 81
mythril.laser.ethereum.instructions [DEBUG]: Evaluating DUP6 at 82
mythril.laser.ethereum.instructions [DEBUG]: Evaluating DUP8 at 83
mythril.laser.ethereum.instructions [DEBUG]: Evaluating GAS at 84
mythril.analysis.module.base [DEBUG]: Entering analysis module: IntegerArithmetics
mythril.analysis.module.base [DEBUG]: Exiting analysis module: IntegerArithmetics
mythril.analysis.module.base [DEBUG]: Entering analysis module: StateChangeAfterCall
mythril.analysis.module.base [DEBUG]: Exiting analysis module: StateChangeAfterCall
mythril.laser.ethereum.instructions [DEBUG]: Evaluating CALL at 85
mythril.laser.ethereum.call [DEBUG]: Symbolic call encountered
mythril.laser.ethereum.call [DEBUG]: CALL to: Concat(0, Extract(159, 0, sender_1))
mythril.laser.ethereum.instructions [DEBUG]: The call is related to ether transfer between accounts
mythril.analysis.module.base [DEBUG]: Entering analysis module: EtherThief
mythril.analysis.module.base [DEBUG]: Exiting analysis module: EtherThief
mythril.analysis.module.base [DEBUG]: Entering analysis module: UncheckedRetval
mythril.analysis.module.modules.unchecked_retval [DEBUG]: End of call, extracting retval
mythril.analysis.module.base [DEBUG]: Exiting analysis module: UncheckedRetval
mythril.laser.ethereum.instructions [DEBUG]: Evaluating SWAP3 at 86
mythril.laser.ethereum.instructions [DEBUG]: Evaluating POP at 87
mythril.laser.ethereum.instructions [DEBUG]: Evaluating POP at 88
mythril.laser.ethereum.instructions [DEBUG]: Evaluating POP at 89
mythril.laser.ethereum.instructions [DEBUG]: Evaluating RETURNDATASIZE at 90
mythril.laser.ethereum.instructions [DEBUG]: No last_return_data found, adding an unconstrained bitvec to the stack
mythril.laser.ethereum.instructions [DEBUG]: Evaluating DUP1 at 91
mythril.laser.ethereum.instructions [DEBUG]: Evaluating PUSH1 at 92
mythril.laser.ethereum.instructions [DEBUG]: Evaluating DUP2 at 93
mythril.laser.ethereum.instructions [DEBUG]: Evaluating EQ at 94
mythril.laser.ethereum.instructions [DEBUG]: Evaluating PUSH2 at 95
mythril.analysis.module.base [DEBUG]: Entering analysis module: TxOrigin
mythril.analysis.module.base [DEBUG]: Exiting analysis module: TxOrigin
mythril.analysis.module.base [DEBUG]: Entering analysis module: IntegerArithmetics
mythril.analysis.module.base [DEBUG]: Exiting analysis module: IntegerArithmetics
mythril.laser.ethereum.instructions [DEBUG]: Evaluating JUMPI at 96
mythril.laser.ethereum.instructions [DEBUG]: Evaluating PUSH1 at 97
mythril.laser.ethereum.instructions [DEBUG]: Evaluating JUMPDEST at 122
mythril.laser.ethereum.instructions [DEBUG]: Evaluating MLOAD at 98
mythril.laser.ethereum.instructions [DEBUG]: Evaluating PUSH1 at 123
mythril.laser.ethereum.instructions [DEBUG]: Evaluating SWAP2 at 99
mythril.laser.ethereum.instructions [DEBUG]: Evaluating SWAP2 at 124
mythril.laser.ethereum.instructions [DEBUG]: Evaluating POP at 100
mythril.laser.ethereum.instructions [DEBUG]: Evaluating POP at 125
mythril.laser.ethereum.instructions [DEBUG]: Evaluating PUSH1 at 101
mythril.laser.ethereum.instructions [DEBUG]: Evaluating JUMPDEST at 126
mythril.laser.ethereum.instructions [DEBUG]: Evaluating NOT at 102
mythril.laser.ethereum.instructions [DEBUG]: Evaluating POP at 127
mythril.laser.ethereum.instructions [DEBUG]: Evaluating PUSH1 at 103
mythril.laser.ethereum.instructions [DEBUG]: Evaluating POP at 128
mythril.laser.ethereum.instructions [DEBUG]: Evaluating RETURNDATASIZE at 104
mythril.laser.ethereum.instructions [DEBUG]: No last_return_data found, adding an unconstrained bitvec to the stack
mythril.laser.ethereum.instructions [DEBUG]: Evaluating SWAP1 at 129
mythril.analysis.module.base [DEBUG]: Entering analysis module: IntegerArithmetics
mythril.analysis.module.base [DEBUG]: Exiting analysis module: IntegerArithmetics
mythril.laser.ethereum.instructions [DEBUG]: Evaluating ADD at 105
mythril.laser.ethereum.instructions [DEBUG]: Evaluating POP at 130
mythril.laser.ethereum.instructions [DEBUG]: Evaluating AND at 106
mythril.laser.ethereum.instructions [DEBUG]: Evaluating DUP1 at 131
mythril.laser.ethereum.instructions [DEBUG]: Evaluating DUP3 at 107
mythril.laser.ethereum.instructions [DEBUG]: Evaluating ISZERO at 132
mythril.analysis.module.base [DEBUG]: Entering analysis module: IntegerArithmetics
mythril.analysis.module.base [DEBUG]: Exiting analysis module: IntegerArithmetics
mythril.laser.ethereum.instructions [DEBUG]: Evaluating ADD at 108
mythril.laser.ethereum.instructions [DEBUG]: Evaluating ISZERO at 133
mythril.laser.ethereum.instructions [DEBUG]: Evaluating PUSH1 at 109
mythril.laser.ethereum.instructions [DEBUG]: Evaluating PUSH2 at 134
mythril.laser.ethereum.instructions [DEBUG]: Evaluating MSTORE at 110
mythril.analysis.module.base [DEBUG]: Entering analysis module: TxOrigin
mythril.analysis.module.base [DEBUG]: Exiting analysis module: TxOrigin
mythril.analysis.module.base [DEBUG]: Entering analysis module: IntegerArithmetics
mythril.analysis.module.base [DEBUG]: Exiting analysis module: IntegerArithmetics
mythril.laser.ethereum.instructions [DEBUG]: Evaluating JUMPI at 135
mythril.laser.ethereum.instructions [DEBUG]: Evaluating RETURNDATASIZE at 111
mythril.laser.ethereum.instructions [DEBUG]: No last_return_data found, adding an unconstrained bitvec to the stack
mythril.laser.ethereum.instructions [DEBUG]: Evaluating PUSH1 at 136
mythril.laser.ethereum.instructions [DEBUG]: Evaluating JUMPDEST at 139
mythril.laser.ethereum.instructions [DEBUG]: Evaluating DUP3 at 112
mythril.laser.ethereum.instructions [DEBUG]: Evaluating DUP1 at 137
mythril.laser.ethereum.instructions [DEBUG]: Evaluating PUSH1 at 140
mythril.laser.ethereum.instructions [DEBUG]: Evaluating MSTORE at 113
mythril.laser.ethereum.instructions [DEBUG]: Evaluating REVERT at 138
mythril.laser.ethereum.svm [DEBUG]: Ending transaction MessageCallTransaction 1 from sender_1 to                                        0x0.
mythril.laser.ethereum.instructions [DEBUG]: Evaluating DUP1 at 141
mythril.laser.ethereum.instructions [DEBUG]: Evaluating RETURNDATASIZE at 114
mythril.laser.ethereum.instructions [DEBUG]: No last_return_data found, adding an unconstrained bitvec to the stack
mythril.laser.ethereum.instructions [DEBUG]: Evaluating PUSH1 at 142
mythril.laser.ethereum.instructions [DEBUG]: Evaluating PUSH1 at 115
mythril.laser.ethereum.instructions [DEBUG]: Evaluating CALLER at 143
mythril.laser.ethereum.instructions [DEBUG]: Evaluating PUSH1 at 116
mythril.laser.ethereum.instructions [DEBUG]: Evaluating PUSH20 at 144
mythril.laser.ethereum.instructions [DEBUG]: Evaluating DUP5 at 117
mythril.laser.ethereum.instructions [DEBUG]: Evaluating AND at 145
mythril.analysis.module.base [DEBUG]: Entering analysis module: IntegerArithmetics
mythril.analysis.module.base [DEBUG]: Exiting analysis module: IntegerArithmetics
mythril.laser.ethereum.instructions [DEBUG]: Evaluating ADD at 118
mythril.laser.ethereum.instructions [DEBUG]: Evaluating PUSH20 at 146
mythril.laser.ethereum.instructions [DEBUG]: Evaluating RETURNDATACOPY at 119
mythril.laser.ethereum.instructions [DEBUG]: Unsupported symbolic max_length offset in RETURNDATACOPY
mythril.laser.ethereum.instructions [DEBUG]: Evaluating AND at 147
mythril.laser.ethereum.instructions [DEBUG]: Evaluating PUSH2 at 120
mythril.laser.ethereum.instructions [DEBUG]: Evaluating DUP2 at 148
mythril.laser.ethereum.instructions [DEBUG]: Evaluating JUMP at 121
mythril.laser.ethereum.instructions [DEBUG]: Evaluating MSTORE at 149
mythril.laser.ethereum.instructions [DEBUG]: Evaluating JUMPDEST at 126
mythril.laser.ethereum.instructions [DEBUG]: Evaluating PUSH1 at 150
mythril.laser.ethereum.instructions [DEBUG]: Evaluating POP at 127
mythril.analysis.module.base [DEBUG]: Entering analysis module: IntegerArithmetics
mythril.analysis.module.base [DEBUG]: Exiting analysis module: IntegerArithmetics
mythril.laser.ethereum.instructions [DEBUG]: Evaluating ADD at 151
mythril.laser.ethereum.instructions [DEBUG]: Evaluating POP at 128
mythril.laser.ethereum.instructions [DEBUG]: Evaluating SWAP1 at 152
mythril.laser.ethereum.instructions [DEBUG]: Evaluating SWAP1 at 129
mythril.laser.ethereum.instructions [DEBUG]: Evaluating DUP2 at 153
mythril.laser.ethereum.instructions [DEBUG]: Evaluating POP at 130
mythril.laser.ethereum.instructions [DEBUG]: Evaluating MSTORE at 154
mythril.laser.ethereum.instructions [DEBUG]: Evaluating DUP1 at 131
mythril.laser.ethereum.instructions [DEBUG]: Evaluating PUSH1 at 155
mythril.laser.ethereum.instructions [DEBUG]: Evaluating ISZERO at 132
mythril.analysis.module.base [DEBUG]: Entering analysis module: IntegerArithmetics
mythril.analysis.module.base [DEBUG]: Exiting analysis module: IntegerArithmetics
mythril.laser.ethereum.instructions [DEBUG]: Evaluating ADD at 156
mythril.laser.ethereum.instructions [DEBUG]: Evaluating ISZERO at 133
mythril.laser.ethereum.instructions [DEBUG]: Evaluating PUSH1 at 157
mythril.laser.ethereum.instructions [DEBUG]: Evaluating PUSH2 at 134
mythril.laser.ethereum.instructions [DEBUG]: Evaluating SHA3 at 158
mythril.analysis.module.base [DEBUG]: Entering analysis module: TxOrigin
mythril.analysis.module.base [DEBUG]: Exiting analysis module: TxOrigin
mythril.analysis.module.base [DEBUG]: Entering analysis module: IntegerArithmetics
mythril.analysis.module.base [DEBUG]: Exiting analysis module: IntegerArithmetics
mythril.laser.ethereum.instructions [DEBUG]: Evaluating JUMPI at 135
mythril.laser.ethereum.instructions [DEBUG]: Evaluating DUP2 at 159
mythril.laser.ethereum.instructions [DEBUG]: Evaluating PUSH1 at 136
mythril.laser.ethereum.instructions [DEBUG]: Evaluating JUMPDEST at 139
mythril.laser.ethereum.instructions [DEBUG]: Evaluating SWAP1 at 160
mythril.laser.ethereum.instructions [DEBUG]: Evaluating DUP1 at 137
mythril.laser.ethereum.instructions [DEBUG]: Evaluating PUSH1 at 140
mythril.analysis.module.base [DEBUG]: Entering analysis module: ArbitraryStorage
mythril.analysis.module.base [DEBUG]: Exiting analysis module: ArbitraryStorage
mythril.analysis.module.base [DEBUG]: Entering analysis module: IntegerArithmetics
mythril.analysis.module.base [DEBUG]: Exiting analysis module: IntegerArithmetics
mythril.analysis.module.base [DEBUG]: Entering analysis module: StateChangeAfterCall
root [DEBUG]: [EXTERNAL_CALLS] Detected state changes at addresses: 344
mythril.analysis.module.base [DEBUG]: Exiting analysis module: StateChangeAfterCall
mythril.laser.ethereum.instructions [DEBUG]: Evaluating SSTORE at 161
mythril.laser.ethereum.instructions [DEBUG]: Evaluating REVERT at 138
mythril.laser.ethereum.svm [DEBUG]: Ending transaction MessageCallTransaction 1 from sender_1 to                                        0x0.
mythril.laser.ethereum.instructions [DEBUG]: Evaluating DUP1 at 141
mythril.laser.ethereum.instructions [DEBUG]: Evaluating POP at 162
mythril.laser.ethereum.instructions [DEBUG]: Evaluating PUSH1 at 142
mythril.laser.ethereum.instructions [DEBUG]: Evaluating POP at 163
mythril.laser.ethereum.instructions [DEBUG]: Evaluating CALLER at 143
mythril.laser.ethereum.instructions [DEBUG]: Evaluating POP at 164
mythril.laser.ethereum.instructions [DEBUG]: Evaluating PUSH20 at 144
mythril.laser.ethereum.instructions [DEBUG]: Evaluating JUMP at 165
mythril.laser.ethereum.instructions [DEBUG]: Evaluating AND at 145
mythril.laser.ethereum.instructions [DEBUG]: Evaluating JUMPDEST at 38
mythril.laser.ethereum.instructions [DEBUG]: Evaluating PUSH20 at 146
mythril.analysis.module.base [DEBUG]: Entering analysis module: IntegerArithmetics
mythril.analysis.module.base [DEBUG]: Exiting analysis module: IntegerArithmetics
mythril.analysis.module.base [DEBUG]: Entering analysis module: UncheckedRetval
mythril.analysis.module.base [DEBUG]: Exiting analysis module: UncheckedRetval
mythril.laser.ethereum.instructions [DEBUG]: Evaluating STOP at 39
mythril.laser.ethereum.svm [DEBUG]: Ending transaction MessageCallTransaction 1 from sender_1 to                                        0x0.
mythril.laser.ethereum.instructions [DEBUG]: Evaluating AND at 147
mythril.laser.ethereum.instructions [DEBUG]: Evaluating DUP2 at 148
mythril.laser.ethereum.instructions [DEBUG]: Evaluating MSTORE at 149
mythril.laser.ethereum.instructions [DEBUG]: Evaluating PUSH1 at 150
mythril.analysis.module.base [DEBUG]: Entering analysis module: IntegerArithmetics
mythril.analysis.module.base [DEBUG]: Exiting analysis module: IntegerArithmetics
mythril.laser.ethereum.instructions [DEBUG]: Evaluating ADD at 151
mythril.laser.ethereum.instructions [DEBUG]: Evaluating SWAP1 at 152
mythril.laser.ethereum.instructions [DEBUG]: Evaluating DUP2 at 153
mythril.laser.ethereum.instructions [DEBUG]: Evaluating MSTORE at 154
mythril.laser.ethereum.instructions [DEBUG]: Evaluating PUSH1 at 155
mythril.analysis.module.base [DEBUG]: Entering analysis module: IntegerArithmetics
mythril.analysis.module.base [DEBUG]: Exiting analysis module: IntegerArithmetics
mythril.laser.ethereum.instructions [DEBUG]: Evaluating ADD at 156
mythril.laser.ethereum.instructions [DEBUG]: Evaluating PUSH1 at 157
mythril.laser.ethereum.instructions [DEBUG]: Evaluating SHA3 at 158
mythril.laser.ethereum.instructions [DEBUG]: Evaluating DUP2 at 159
mythril.laser.ethereum.instructions [DEBUG]: Evaluating SWAP1 at 160
mythril.analysis.module.base [DEBUG]: Entering analysis module: ArbitraryStorage
mythril.analysis.module.base [DEBUG]: Exiting analysis module: ArbitraryStorage
mythril.analysis.module.base [DEBUG]: Entering analysis module: IntegerArithmetics
mythril.analysis.module.base [DEBUG]: Exiting analysis module: IntegerArithmetics
mythril.analysis.module.base [DEBUG]: Entering analysis module: StateChangeAfterCall
root [DEBUG]: [EXTERNAL_CALLS] Detected state changes at addresses: 344
mythril.analysis.module.base [DEBUG]: Exiting analysis module: StateChangeAfterCall
mythril.laser.ethereum.instructions [DEBUG]: Evaluating SSTORE at 161
mythril.laser.ethereum.instructions [DEBUG]: Evaluating POP at 162
mythril.laser.ethereum.instructions [DEBUG]: Evaluating POP at 163
mythril.laser.ethereum.instructions [DEBUG]: Evaluating POP at 164
mythril.laser.ethereum.instructions [DEBUG]: Evaluating JUMP at 165
mythril.laser.ethereum.instructions [DEBUG]: Evaluating JUMPDEST at 38
mythril.analysis.module.base [DEBUG]: Entering analysis module: IntegerArithmetics
mythril.analysis.module.base [DEBUG]: Exiting analysis module: IntegerArithmetics
mythril.analysis.module.base [DEBUG]: Entering analysis module: UncheckedRetval
mythril.analysis.module.base [DEBUG]: Exiting analysis module: UncheckedRetval
mythril.laser.ethereum.instructions [DEBUG]: Evaluating STOP at 39
mythril.laser.ethereum.svm [DEBUG]: Ending transaction MessageCallTransaction 1 from sender_1 to                                        0x0.
mythril.laser.plugin.plugins.coverage.coverage_plugin [INFO]: Number of new instructions covered in tx 0: 166
mythril.laser.ethereum.svm [INFO]: Starting message call transaction, iteration: 1, 2 initial states
mythril.laser.ethereum.instructions [DEBUG]: Evaluating PUSH1 at 0
mythril.laser.ethereum.instructions [DEBUG]: Evaluating PUSH1 at 0
mythril.laser.ethereum.instructions [DEBUG]: Evaluating PUSH1 at 1
mythril.laser.ethereum.instructions [DEBUG]: Evaluating PUSH1 at 1
mythril.laser.ethereum.instructions [DEBUG]: Evaluating MSTORE at 2
mythril.laser.ethereum.instructions [DEBUG]: Evaluating MSTORE at 2
mythril.laser.ethereum.instructions [DEBUG]: Evaluating PUSH1 at 3
mythril.laser.ethereum.instructions [DEBUG]: Evaluating PUSH1 at 3
mythril.laser.ethereum.instructions [DEBUG]: Evaluating CALLDATASIZE at 4
mythril.laser.ethereum.instructions [DEBUG]: Evaluating CALLDATASIZE at 4
mythril.laser.ethereum.instructions [DEBUG]: Evaluating LT at 5
mythril.laser.ethereum.instructions [DEBUG]: Evaluating LT at 5
mythril.laser.ethereum.instructions [DEBUG]: Evaluating PUSH2 at 6
mythril.laser.ethereum.instructions [DEBUG]: Evaluating PUSH2 at 6
mythril.analysis.module.base [DEBUG]: Entering analysis module: TxOrigin
mythril.analysis.module.base [DEBUG]: Exiting analysis module: TxOrigin
mythril.analysis.module.base [DEBUG]: Entering analysis module: IntegerArithmetics
mythril.analysis.module.base [DEBUG]: Exiting analysis module: IntegerArithmetics
mythril.laser.ethereum.instructions [DEBUG]: Evaluating JUMPI at 7
mythril.analysis.module.base [DEBUG]: Entering analysis module: TxOrigin
mythril.analysis.module.base [DEBUG]: Exiting analysis module: TxOrigin
mythril.analysis.module.base [DEBUG]: Entering analysis module: IntegerArithmetics
mythril.analysis.module.base [DEBUG]: Exiting analysis module: IntegerArithmetics
mythril.laser.ethereum.instructions [DEBUG]: Evaluating JUMPI at 7
mythril.laser.ethereum.instructions [DEBUG]: Evaluating PUSH1 at 8
mythril.laser.ethereum.instructions [DEBUG]: Evaluating JUMPDEST at 20
mythril.laser.ethereum.instructions [DEBUG]: Evaluating PUSH1 at 8
mythril.laser.ethereum.instructions [DEBUG]: Evaluating JUMPDEST at 20
mythril.laser.ethereum.instructions [DEBUG]: Evaluating CALLDATALOAD at 9
mythril.laser.ethereum.instructions [DEBUG]: Evaluating PUSH1 at 21
mythril.laser.ethereum.instructions [DEBUG]: Evaluating CALLDATALOAD at 9
mythril.laser.ethereum.instructions [DEBUG]: Evaluating PUSH1 at 21
mythril.laser.ethereum.instructions [DEBUG]: Evaluating PUSH29 at 10
mythril.laser.ethereum.instructions [DEBUG]: Evaluating DUP1 at 22
mythril.laser.ethereum.instructions [DEBUG]: Evaluating PUSH29 at 10
mythril.laser.ethereum.instructions [DEBUG]: Evaluating DUP1 at 22
mythril.laser.ethereum.instructions [DEBUG]: Evaluating SWAP1 at 11
mythril.laser.ethereum.instructions [DEBUG]: Evaluating REVERT at 23
mythril.laser.ethereum.svm [DEBUG]: Ending transaction MessageCallTransaction 2 from sender_2 to                                        0x0.
mythril.laser.ethereum.instructions [DEBUG]: Evaluating SWAP1 at 11
mythril.laser.ethereum.instructions [DEBUG]: Evaluating REVERT at 23
mythril.laser.ethereum.svm [DEBUG]: Ending transaction MessageCallTransaction 3 from sender_3 to                                        0x0.
mythril.laser.ethereum.instructions [DEBUG]: Evaluating DIV at 12
mythril.laser.ethereum.instructions [DEBUG]: Evaluating DIV at 12
mythril.laser.ethereum.instructions [DEBUG]: Evaluating PUSH4 at 13
mythril.laser.ethereum.instructions [DEBUG]: Evaluating PUSH4 at 13
mythril.laser.ethereum.instructions [DEBUG]: Evaluating AND at 14
mythril.laser.ethereum.instructions [DEBUG]: Evaluating AND at 14
mythril.laser.ethereum.instructions [DEBUG]: Evaluating DUP1 at 15
mythril.laser.ethereum.instructions [DEBUG]: Evaluating DUP1 at 15
mythril.laser.ethereum.instructions [DEBUG]: Evaluating PUSH4 at 16
mythril.laser.ethereum.instructions [DEBUG]: Evaluating PUSH4 at 16
mythril.laser.ethereum.instructions [DEBUG]: Evaluating EQ at 17
mythril.laser.ethereum.instructions [DEBUG]: Evaluating EQ at 17
mythril.laser.ethereum.instructions [DEBUG]: Evaluating PUSH2 at 18
mythril.laser.ethereum.instructions [DEBUG]: Evaluating PUSH2 at 18
mythril.analysis.module.base [DEBUG]: Entering analysis module: TxOrigin
mythril.analysis.module.base [DEBUG]: Exiting analysis module: TxOrigin
mythril.analysis.module.base [DEBUG]: Entering analysis module: IntegerArithmetics
mythril.analysis.module.base [DEBUG]: Exiting analysis module: IntegerArithmetics
mythril.laser.ethereum.instructions [DEBUG]: Evaluating JUMPI at 19
mythril.laser.plugin.plugins.dependency_pruner [DEBUG]: Skipping state: Storage slots {keccak256_512(Concat(0, Extract(159, 0, sender_1), 0))} not read in block at address 65, function
mythril.laser.ethereum.svm [DEBUG]: - Entering function MAIN:unknown
mythril.analysis.module.base [DEBUG]: Entering analysis module: TxOrigin
mythril.analysis.module.base [DEBUG]: Exiting analysis module: TxOrigin
mythril.analysis.module.base [DEBUG]: Entering analysis module: IntegerArithmetics
mythril.analysis.module.base [DEBUG]: Exiting analysis module: IntegerArithmetics
mythril.laser.ethereum.instructions [DEBUG]: Evaluating JUMPI at 19
mythril.laser.plugin.plugins.dependency_pruner [DEBUG]: Skipping state: Storage slots {keccak256_512(Concat(0, Extract(159, 0, sender_1), 0))} not read in block at address 65, function
mythril.laser.ethereum.svm [DEBUG]: - Entering function MAIN:unknown
mythril.laser.ethereum.instructions [DEBUG]: Evaluating JUMPDEST at 24
mythril.laser.ethereum.instructions [DEBUG]: Evaluating JUMPDEST at 24
mythril.laser.ethereum.instructions [DEBUG]: Evaluating CALLVALUE at 25
mythril.laser.ethereum.instructions [DEBUG]: Evaluating CALLVALUE at 25
mythril.laser.ethereum.instructions [DEBUG]: Evaluating DUP1 at 26
mythril.laser.ethereum.instructions [DEBUG]: Evaluating DUP1 at 26
mythril.laser.ethereum.instructions [DEBUG]: Evaluating ISZERO at 27
mythril.laser.ethereum.instructions [DEBUG]: Evaluating ISZERO at 27
mythril.laser.ethereum.instructions [DEBUG]: Evaluating PUSH2 at 28
mythril.laser.ethereum.instructions [DEBUG]: Evaluating PUSH2 at 28
mythril.analysis.module.base [DEBUG]: Entering analysis module: TxOrigin
mythril.analysis.module.base [DEBUG]: Exiting analysis module: TxOrigin
mythril.analysis.module.base [DEBUG]: Entering analysis module: IntegerArithmetics
mythril.analysis.module.base [DEBUG]: Exiting analysis module: IntegerArithmetics
mythril.laser.ethereum.instructions [DEBUG]: Evaluating JUMPI at 29
mythril.analysis.module.base [DEBUG]: Entering analysis module: TxOrigin
mythril.analysis.module.base [DEBUG]: Exiting analysis module: TxOrigin
mythril.analysis.module.base [DEBUG]: Entering analysis module: IntegerArithmetics
mythril.analysis.module.base [DEBUG]: Exiting analysis module: IntegerArithmetics
mythril.laser.ethereum.instructions [DEBUG]: Evaluating JUMPI at 29
mythril.laser.ethereum.instructions [DEBUG]: Evaluating PUSH1 at 30
mythril.laser.ethereum.instructions [DEBUG]: Evaluating JUMPDEST at 33
mythril.laser.ethereum.instructions [DEBUG]: Evaluating PUSH1 at 30
mythril.laser.ethereum.instructions [DEBUG]: Evaluating JUMPDEST at 33
mythril.laser.ethereum.instructions [DEBUG]: Evaluating DUP1 at 31
mythril.laser.ethereum.instructions [DEBUG]: Evaluating POP at 34
mythril.laser.ethereum.instructions [DEBUG]: Evaluating DUP1 at 31
mythril.laser.ethereum.instructions [DEBUG]: Evaluating POP at 34
mythril.laser.ethereum.instructions [DEBUG]: Evaluating REVERT at 32
mythril.laser.ethereum.svm [DEBUG]: Ending transaction MessageCallTransaction 2 from sender_2 to                                        0x0.
mythril.laser.ethereum.instructions [DEBUG]: Evaluating PUSH2 at 35
mythril.laser.ethereum.instructions [DEBUG]: Evaluating REVERT at 32
mythril.laser.ethereum.svm [DEBUG]: Ending transaction MessageCallTransaction 3 from sender_3 to                                        0x0.
mythril.laser.ethereum.instructions [DEBUG]: Evaluating PUSH2 at 35
mythril.laser.ethereum.instructions [DEBUG]: Evaluating PUSH2 at 36
mythril.laser.ethereum.instructions [DEBUG]: Evaluating PUSH2 at 36
mythril.laser.ethereum.instructions [DEBUG]: Evaluating JUMP at 37
mythril.laser.ethereum.instructions [DEBUG]: Evaluating JUMP at 37
mythril.laser.ethereum.instructions [DEBUG]: Evaluating JUMPDEST at 40
mythril.laser.ethereum.instructions [DEBUG]: Evaluating JUMPDEST at 40
mythril.laser.ethereum.instructions [DEBUG]: Evaluating PUSH1 at 41
mythril.laser.ethereum.instructions [DEBUG]: Evaluating PUSH1 at 41
mythril.laser.ethereum.instructions [DEBUG]: Evaluating DUP1 at 42
mythril.laser.ethereum.instructions [DEBUG]: Evaluating DUP1 at 42
mythril.laser.ethereum.instructions [DEBUG]: Evaluating PUSH1 at 43
mythril.laser.ethereum.instructions [DEBUG]: Evaluating PUSH1 at 43
mythril.laser.ethereum.instructions [DEBUG]: Evaluating CALLER at 44
mythril.laser.ethereum.instructions [DEBUG]: Evaluating CALLER at 44
mythril.laser.ethereum.instructions [DEBUG]: Evaluating PUSH20 at 45
mythril.laser.ethereum.instructions [DEBUG]: Evaluating PUSH20 at 45
mythril.laser.ethereum.instructions [DEBUG]: Evaluating AND at 46
mythril.laser.ethereum.instructions [DEBUG]: Evaluating AND at 46
mythril.laser.ethereum.instructions [DEBUG]: Evaluating PUSH20 at 47
mythril.laser.ethereum.instructions [DEBUG]: Evaluating PUSH20 at 47
mythril.laser.ethereum.instructions [DEBUG]: Evaluating AND at 48
mythril.laser.ethereum.instructions [DEBUG]: Evaluating AND at 48
mythril.laser.ethereum.instructions [DEBUG]: Evaluating DUP2 at 49
mythril.laser.ethereum.instructions [DEBUG]: Evaluating DUP2 at 49
mythril.laser.ethereum.instructions [DEBUG]: Evaluating MSTORE at 50
mythril.laser.ethereum.instructions [DEBUG]: Evaluating MSTORE at 50
mythril.laser.ethereum.instructions [DEBUG]: Evaluating PUSH1 at 51
mythril.laser.ethereum.instructions [DEBUG]: Evaluating PUSH1 at 51
mythril.analysis.module.base [DEBUG]: Entering analysis module: IntegerArithmetics
mythril.analysis.module.base [DEBUG]: Exiting analysis module: IntegerArithmetics
mythril.laser.ethereum.instructions [DEBUG]: Evaluating ADD at 52
mythril.analysis.module.base [DEBUG]: Entering analysis module: IntegerArithmetics
mythril.analysis.module.base [DEBUG]: Exiting analysis module: IntegerArithmetics
mythril.laser.ethereum.instructions [DEBUG]: Evaluating ADD at 52
mythril.laser.ethereum.instructions [DEBUG]: Evaluating SWAP1 at 53
mythril.laser.ethereum.instructions [DEBUG]: Evaluating SWAP1 at 53
mythril.laser.ethereum.instructions [DEBUG]: Evaluating DUP2 at 54
mythril.laser.ethereum.instructions [DEBUG]: Evaluating DUP2 at 54
mythril.laser.ethereum.instructions [DEBUG]: Evaluating MSTORE at 55
mythril.laser.ethereum.instructions [DEBUG]: Evaluating MSTORE at 55
mythril.laser.ethereum.instructions [DEBUG]: Evaluating PUSH1 at 56
mythril.laser.ethereum.instructions [DEBUG]: Evaluating PUSH1 at 56
mythril.analysis.module.base [DEBUG]: Entering analysis module: IntegerArithmetics
mythril.analysis.module.base [DEBUG]: Exiting analysis module: IntegerArithmetics
mythril.laser.ethereum.instructions [DEBUG]: Evaluating ADD at 57
mythril.analysis.module.base [DEBUG]: Entering analysis module: IntegerArithmetics
mythril.analysis.module.base [DEBUG]: Exiting analysis module: IntegerArithmetics
mythril.laser.ethereum.instructions [DEBUG]: Evaluating ADD at 57
mythril.laser.ethereum.instructions [DEBUG]: Evaluating PUSH1 at 58
mythril.laser.ethereum.instructions [DEBUG]: Evaluating PUSH1 at 58
mythril.laser.ethereum.instructions [DEBUG]: Evaluating SHA3 at 59
mythril.laser.ethereum.instructions [DEBUG]: Evaluating SHA3 at 59
mythril.laser.ethereum.instructions [DEBUG]: Evaluating SLOAD at 60
mythril.laser.ethereum.instructions [DEBUG]: Evaluating SLOAD at 60
mythril.laser.ethereum.instructions [DEBUG]: Evaluating SWAP1 at 61
mythril.laser.ethereum.instructions [DEBUG]: Evaluating SWAP1 at 61
mythril.laser.ethereum.instructions [DEBUG]: Evaluating POP at 62
mythril.laser.ethereum.instructions [DEBUG]: Evaluating POP at 62
mythril.laser.ethereum.instructions [DEBUG]: Evaluating PUSH1 at 63
mythril.laser.ethereum.instructions [DEBUG]: Evaluating PUSH1 at 63
mythril.laser.ethereum.instructions [DEBUG]: Evaluating CALLER at 64
mythril.laser.ethereum.instructions [DEBUG]: Evaluating CALLER at 64
mythril.laser.ethereum.instructions [DEBUG]: Evaluating PUSH20 at 65
mythril.laser.ethereum.instructions [DEBUG]: Evaluating PUSH20 at 65
mythril.laser.ethereum.instructions [DEBUG]: Evaluating AND at 66
mythril.laser.ethereum.instructions [DEBUG]: Evaluating AND at 66
mythril.laser.ethereum.instructions [DEBUG]: Evaluating DUP3 at 67
mythril.laser.ethereum.instructions [DEBUG]: Evaluating DUP3 at 67
mythril.laser.ethereum.instructions [DEBUG]: Evaluating PUSH1 at 68
mythril.laser.ethereum.instructions [DEBUG]: Evaluating PUSH1 at 68
mythril.laser.ethereum.instructions [DEBUG]: Evaluating MLOAD at 69
mythril.laser.ethereum.instructions [DEBUG]: Evaluating MLOAD at 69
mythril.laser.ethereum.instructions [DEBUG]: Evaluating DUP1 at 70
mythril.laser.ethereum.instructions [DEBUG]: Evaluating DUP1 at 70
mythril.laser.ethereum.instructions [DEBUG]: Evaluating PUSH1 at 71
mythril.laser.ethereum.instructions [DEBUG]: Evaluating PUSH1 at 71
mythril.analysis.module.base [DEBUG]: Entering analysis module: IntegerArithmetics
mythril.analysis.module.base [DEBUG]: Exiting analysis module: IntegerArithmetics
mythril.laser.ethereum.instructions [DEBUG]: Evaluating ADD at 72
mythril.analysis.module.base [DEBUG]: Entering analysis module: IntegerArithmetics
mythril.analysis.module.base [DEBUG]: Exiting analysis module: IntegerArithmetics
mythril.laser.ethereum.instructions [DEBUG]: Evaluating ADD at 72
mythril.laser.ethereum.instructions [DEBUG]: Evaluating SWAP1 at 73
mythril.laser.ethereum.instructions [DEBUG]: Evaluating SWAP1 at 73
mythril.laser.ethereum.instructions [DEBUG]: Evaluating POP at 74
mythril.laser.ethereum.instructions [DEBUG]: Evaluating POP at 74
mythril.laser.ethereum.instructions [DEBUG]: Evaluating PUSH1 at 75
mythril.laser.ethereum.instructions [DEBUG]: Evaluating PUSH1 at 75
mythril.laser.ethereum.instructions [DEBUG]: Evaluating PUSH1 at 76
mythril.laser.ethereum.instructions [DEBUG]: Evaluating PUSH1 at 76
mythril.laser.ethereum.instructions [DEBUG]: Evaluating MLOAD at 77
mythril.laser.ethereum.instructions [DEBUG]: Evaluating MLOAD at 77
mythril.laser.ethereum.instructions [DEBUG]: Evaluating DUP1 at 78
mythril.laser.ethereum.instructions [DEBUG]: Evaluating DUP1 at 78
mythril.laser.ethereum.instructions [DEBUG]: Evaluating DUP4 at 79
mythril.laser.ethereum.instructions [DEBUG]: Evaluating DUP4 at 79
mythril.analysis.module.base [DEBUG]: Entering analysis module: IntegerArithmetics
mythril.analysis.module.base [DEBUG]: Exiting analysis module: IntegerArithmetics
mythril.laser.ethereum.instructions [DEBUG]: Evaluating SUB at 80
mythril.analysis.module.base [DEBUG]: Entering analysis module: IntegerArithmetics
mythril.analysis.module.base [DEBUG]: Exiting analysis module: IntegerArithmetics
mythril.laser.ethereum.instructions [DEBUG]: Evaluating SUB at 80
mythril.laser.ethereum.instructions [DEBUG]: Evaluating DUP2 at 81
mythril.laser.ethereum.instructions [DEBUG]: Evaluating DUP2 at 81
mythril.laser.ethereum.instructions [DEBUG]: Evaluating DUP6 at 82
mythril.laser.ethereum.instructions [DEBUG]: Evaluating DUP6 at 82
mythril.laser.ethereum.instructions [DEBUG]: Evaluating DUP8 at 83
mythril.laser.ethereum.instructions [DEBUG]: Evaluating DUP8 at 83
mythril.laser.ethereum.instructions [DEBUG]: Evaluating GAS at 84
mythril.laser.ethereum.instructions [DEBUG]: Evaluating GAS at 84
mythril.analysis.module.base [DEBUG]: Entering analysis module: IntegerArithmetics
mythril.analysis.module.base [DEBUG]: Exiting analysis module: IntegerArithmetics
mythril.analysis.module.base [DEBUG]: Entering analysis module: StateChangeAfterCall
mythril.analysis.module.base [DEBUG]: Exiting analysis module: StateChangeAfterCall
mythril.laser.ethereum.instructions [DEBUG]: Evaluating CALL at 85
mythril.laser.ethereum.call [DEBUG]: Symbolic call encountered
mythril.laser.ethereum.call [DEBUG]: CALL to: Concat(0, Extract(159, 0, sender_2))
mythril.laser.ethereum.instructions [DEBUG]: The call is related to ether transfer between accounts
mythril.analysis.module.base [DEBUG]: Entering analysis module: EtherThief
mythril.analysis.module.base [DEBUG]: Exiting analysis module: EtherThief
mythril.analysis.module.base [DEBUG]: Entering analysis module: UncheckedRetval
mythril.analysis.module.modules.unchecked_retval [DEBUG]: End of call, extracting retval
mythril.analysis.module.base [DEBUG]: Exiting analysis module: UncheckedRetval
mythril.analysis.module.base [DEBUG]: Entering analysis module: IntegerArithmetics
mythril.analysis.module.base [DEBUG]: Exiting analysis module: IntegerArithmetics
mythril.analysis.module.base [DEBUG]: Entering analysis module: StateChangeAfterCall
mythril.analysis.module.base [DEBUG]: Exiting analysis module: StateChangeAfterCall
mythril.laser.ethereum.instructions [DEBUG]: Evaluating CALL at 85
mythril.laser.ethereum.call [DEBUG]: Symbolic call encountered
mythril.laser.ethereum.call [DEBUG]: CALL to: Concat(0, Extract(159, 0, sender_3))
mythril.laser.ethereum.instructions [DEBUG]: The call is related to ether transfer between accounts
mythril.analysis.module.base [DEBUG]: Entering analysis module: EtherThief
mythril.analysis.module.base [DEBUG]: Exiting analysis module: EtherThief
mythril.analysis.module.base [DEBUG]: Entering analysis module: UncheckedRetval
mythril.analysis.module.modules.unchecked_retval [DEBUG]: End of call, extracting retval
mythril.analysis.module.base [DEBUG]: Exiting analysis module: UncheckedRetval
mythril.laser.ethereum.instructions [DEBUG]: Evaluating SWAP3 at 86
mythril.laser.ethereum.instructions [DEBUG]: Evaluating SWAP3 at 86
mythril.laser.ethereum.instructions [DEBUG]: Evaluating POP at 87
mythril.laser.ethereum.instructions [DEBUG]: Evaluating POP at 87
mythril.laser.ethereum.instructions [DEBUG]: Evaluating POP at 88
mythril.laser.ethereum.instructions [DEBUG]: Evaluating POP at 88
mythril.laser.ethereum.instructions [DEBUG]: Evaluating POP at 89
mythril.laser.ethereum.instructions [DEBUG]: Evaluating POP at 89
mythril.laser.ethereum.instructions [DEBUG]: Evaluating RETURNDATASIZE at 90
mythril.laser.ethereum.instructions [DEBUG]: No last_return_data found, adding an unconstrained bitvec to the stack
mythril.laser.ethereum.instructions [DEBUG]: Evaluating RETURNDATASIZE at 90
mythril.laser.ethereum.instructions [DEBUG]: No last_return_data found, adding an unconstrained bitvec to the stack
mythril.laser.ethereum.instructions [DEBUG]: Evaluating DUP1 at 91
mythril.laser.ethereum.instructions [DEBUG]: Evaluating DUP1 at 91
mythril.laser.ethereum.instructions [DEBUG]: Evaluating PUSH1 at 92
mythril.laser.ethereum.instructions [DEBUG]: Evaluating PUSH1 at 92
mythril.laser.ethereum.instructions [DEBUG]: Evaluating DUP2 at 93
mythril.laser.ethereum.instructions [DEBUG]: Evaluating DUP2 at 93
mythril.laser.ethereum.instructions [DEBUG]: Evaluating EQ at 94
mythril.laser.ethereum.instructions [DEBUG]: Evaluating EQ at 94
mythril.laser.ethereum.instructions [DEBUG]: Evaluating PUSH2 at 95
mythril.laser.ethereum.instructions [DEBUG]: Evaluating PUSH2 at 95
mythril.analysis.module.base [DEBUG]: Entering analysis module: TxOrigin
mythril.analysis.module.base [DEBUG]: Exiting analysis module: TxOrigin
mythril.analysis.module.base [DEBUG]: Entering analysis module: IntegerArithmetics
mythril.analysis.module.base [DEBUG]: Exiting analysis module: IntegerArithmetics
mythril.laser.ethereum.instructions [DEBUG]: Evaluating JUMPI at 96
mythril.analysis.module.base [DEBUG]: Entering analysis module: TxOrigin
mythril.analysis.module.base [DEBUG]: Exiting analysis module: TxOrigin
mythril.analysis.module.base [DEBUG]: Entering analysis module: IntegerArithmetics
mythril.analysis.module.base [DEBUG]: Exiting analysis module: IntegerArithmetics
mythril.laser.ethereum.instructions [DEBUG]: Evaluating JUMPI at 96
mythril.laser.ethereum.instructions [DEBUG]: Evaluating PUSH1 at 97
mythril.laser.ethereum.instructions [DEBUG]: Evaluating JUMPDEST at 122
mythril.laser.ethereum.instructions [DEBUG]: Evaluating PUSH1 at 97
mythril.laser.ethereum.instructions [DEBUG]: Evaluating JUMPDEST at 122
mythril.laser.ethereum.instructions [DEBUG]: Evaluating MLOAD at 98
mythril.laser.ethereum.instructions [DEBUG]: Evaluating PUSH1 at 123
mythril.laser.ethereum.instructions [DEBUG]: Evaluating MLOAD at 98
mythril.laser.ethereum.instructions [DEBUG]: Evaluating PUSH1 at 123
mythril.laser.ethereum.instructions [DEBUG]: Evaluating SWAP2 at 99
mythril.laser.ethereum.instructions [DEBUG]: Evaluating SWAP2 at 124
mythril.laser.ethereum.instructions [DEBUG]: Evaluating SWAP2 at 99
mythril.laser.ethereum.instructions [DEBUG]: Evaluating SWAP2 at 124
mythril.laser.ethereum.instructions [DEBUG]: Evaluating POP at 100
mythril.laser.ethereum.instructions [DEBUG]: Evaluating POP at 125
mythril.laser.ethereum.instructions [DEBUG]: Evaluating POP at 100
mythril.laser.ethereum.instructions [DEBUG]: Evaluating POP at 125
mythril.laser.ethereum.instructions [DEBUG]: Evaluating PUSH1 at 101
mythril.laser.ethereum.instructions [DEBUG]: Evaluating JUMPDEST at 126
mythril.laser.ethereum.instructions [DEBUG]: Evaluating PUSH1 at 101
mythril.laser.ethereum.instructions [DEBUG]: Evaluating JUMPDEST at 126
mythril.laser.ethereum.instructions [DEBUG]: Evaluating NOT at 102
mythril.laser.ethereum.instructions [DEBUG]: Evaluating POP at 127
mythril.laser.ethereum.instructions [DEBUG]: Evaluating NOT at 102
mythril.laser.ethereum.instructions [DEBUG]: Evaluating POP at 127
mythril.laser.ethereum.instructions [DEBUG]: Evaluating PUSH1 at 103
mythril.laser.ethereum.instructions [DEBUG]: Evaluating POP at 128
mythril.laser.ethereum.instructions [DEBUG]: Evaluating PUSH1 at 103
mythril.laser.ethereum.instructions [DEBUG]: Evaluating POP at 128
mythril.laser.ethereum.instructions [DEBUG]: Evaluating RETURNDATASIZE at 104
mythril.laser.ethereum.instructions [DEBUG]: No last_return_data found, adding an unconstrained bitvec to the stack
mythril.laser.ethereum.instructions [DEBUG]: Evaluating SWAP1 at 129
mythril.laser.ethereum.instructions [DEBUG]: Evaluating RETURNDATASIZE at 104
mythril.laser.ethereum.instructions [DEBUG]: No last_return_data found, adding an unconstrained bitvec to the stack
mythril.laser.ethereum.instructions [DEBUG]: Evaluating SWAP1 at 129
mythril.analysis.module.base [DEBUG]: Entering analysis module: IntegerArithmetics
mythril.analysis.module.base [DEBUG]: Exiting analysis module: IntegerArithmetics
mythril.laser.ethereum.instructions [DEBUG]: Evaluating ADD at 105
mythril.laser.ethereum.instructions [DEBUG]: Evaluating POP at 130
mythril.analysis.module.base [DEBUG]: Entering analysis module: IntegerArithmetics
mythril.analysis.module.base [DEBUG]: Exiting analysis module: IntegerArithmetics
mythril.laser.ethereum.instructions [DEBUG]: Evaluating ADD at 105
mythril.laser.ethereum.instructions [DEBUG]: Evaluating POP at 130
mythril.laser.ethereum.instructions [DEBUG]: Evaluating AND at 106
mythril.laser.ethereum.instructions [DEBUG]: Evaluating DUP1 at 131
mythril.laser.ethereum.instructions [DEBUG]: Evaluating AND at 106
mythril.laser.ethereum.instructions [DEBUG]: Evaluating DUP1 at 131
mythril.laser.ethereum.instructions [DEBUG]: Evaluating DUP3 at 107
mythril.laser.ethereum.instructions [DEBUG]: Evaluating ISZERO at 132
mythril.laser.ethereum.instructions [DEBUG]: Evaluating DUP3 at 107
mythril.laser.ethereum.instructions [DEBUG]: Evaluating ISZERO at 132
mythril.analysis.module.base [DEBUG]: Entering analysis module: IntegerArithmetics
mythril.analysis.module.base [DEBUG]: Exiting analysis module: IntegerArithmetics
mythril.laser.ethereum.instructions [DEBUG]: Evaluating ADD at 108
mythril.laser.ethereum.instructions [DEBUG]: Evaluating ISZERO at 133
mythril.analysis.module.base [DEBUG]: Entering analysis module: IntegerArithmetics
mythril.analysis.module.base [DEBUG]: Exiting analysis module: IntegerArithmetics
mythril.laser.ethereum.instructions [DEBUG]: Evaluating ADD at 108
mythril.laser.ethereum.instructions [DEBUG]: Evaluating ISZERO at 133
mythril.laser.ethereum.instructions [DEBUG]: Evaluating PUSH1 at 109
mythril.laser.ethereum.instructions [DEBUG]: Evaluating PUSH2 at 134
mythril.laser.ethereum.instructions [DEBUG]: Evaluating PUSH1 at 109
mythril.laser.ethereum.instructions [DEBUG]: Evaluating PUSH2 at 134
mythril.laser.ethereum.instructions [DEBUG]: Evaluating MSTORE at 110
mythril.analysis.module.base [DEBUG]: Entering analysis module: TxOrigin
mythril.analysis.module.base [DEBUG]: Exiting analysis module: TxOrigin
mythril.analysis.module.base [DEBUG]: Entering analysis module: IntegerArithmetics
mythril.analysis.module.base [DEBUG]: Exiting analysis module: IntegerArithmetics
mythril.laser.ethereum.instructions [DEBUG]: Evaluating JUMPI at 135
mythril.laser.ethereum.instructions [DEBUG]: Evaluating MSTORE at 110
mythril.analysis.module.base [DEBUG]: Entering analysis module: TxOrigin
mythril.analysis.module.base [DEBUG]: Exiting analysis module: TxOrigin
mythril.analysis.module.base [DEBUG]: Entering analysis module: IntegerArithmetics
mythril.analysis.module.base [DEBUG]: Exiting analysis module: IntegerArithmetics
mythril.laser.ethereum.instructions [DEBUG]: Evaluating JUMPI at 135
mythril.laser.ethereum.instructions [DEBUG]: Evaluating RETURNDATASIZE at 111
mythril.laser.ethereum.instructions [DEBUG]: No last_return_data found, adding an unconstrained bitvec to the stack
mythril.laser.ethereum.instructions [DEBUG]: Evaluating PUSH1 at 136
mythril.laser.ethereum.instructions [DEBUG]: Evaluating JUMPDEST at 139
mythril.laser.ethereum.instructions [DEBUG]: Evaluating RETURNDATASIZE at 111
mythril.laser.ethereum.instructions [DEBUG]: No last_return_data found, adding an unconstrained bitvec to the stack
mythril.laser.ethereum.instructions [DEBUG]: Evaluating PUSH1 at 136
mythril.laser.ethereum.instructions [DEBUG]: Evaluating JUMPDEST at 139
mythril.laser.ethereum.instructions [DEBUG]: Evaluating DUP3 at 112
mythril.laser.ethereum.instructions [DEBUG]: Evaluating DUP1 at 137
mythril.laser.ethereum.instructions [DEBUG]: Evaluating PUSH1 at 140
mythril.laser.ethereum.instructions [DEBUG]: Evaluating DUP3 at 112
mythril.laser.ethereum.instructions [DEBUG]: Evaluating DUP1 at 137
mythril.laser.ethereum.instructions [DEBUG]: Evaluating PUSH1 at 140
mythril.laser.ethereum.instructions [DEBUG]: Evaluating MSTORE at 113
mythril.laser.ethereum.instructions [DEBUG]: Evaluating REVERT at 138
mythril.laser.ethereum.svm [DEBUG]: Ending transaction MessageCallTransaction 2 from sender_2 to                                        0x0.
mythril.laser.ethereum.instructions [DEBUG]: Evaluating DUP1 at 141
mythril.laser.ethereum.instructions [DEBUG]: Evaluating MSTORE at 113
mythril.laser.ethereum.instructions [DEBUG]: Evaluating REVERT at 138
mythril.laser.ethereum.svm [DEBUG]: Ending transaction MessageCallTransaction 3 from sender_3 to                                        0x0.
mythril.laser.ethereum.instructions [DEBUG]: Evaluating DUP1 at 141
mythril.laser.ethereum.instructions [DEBUG]: Evaluating RETURNDATASIZE at 114
mythril.laser.ethereum.instructions [DEBUG]: No last_return_data found, adding an unconstrained bitvec to the stack
mythril.laser.ethereum.instructions [DEBUG]: Evaluating PUSH1 at 142
mythril.laser.ethereum.instructions [DEBUG]: Evaluating RETURNDATASIZE at 114
mythril.laser.ethereum.instructions [DEBUG]: No last_return_data found, adding an unconstrained bitvec to the stack
mythril.laser.ethereum.instructions [DEBUG]: Evaluating PUSH1 at 142
mythril.laser.ethereum.instructions [DEBUG]: Evaluating PUSH1 at 115
mythril.laser.ethereum.instructions [DEBUG]: Evaluating CALLER at 143
mythril.laser.ethereum.instructions [DEBUG]: Evaluating PUSH1 at 115
mythril.laser.ethereum.instructions [DEBUG]: Evaluating CALLER at 143
mythril.laser.ethereum.instructions [DEBUG]: Evaluating PUSH1 at 116
mythril.laser.ethereum.instructions [DEBUG]: Evaluating PUSH20 at 144
mythril.laser.ethereum.instructions [DEBUG]: Evaluating PUSH1 at 116
mythril.laser.ethereum.instructions [DEBUG]: Evaluating PUSH20 at 144
mythril.laser.ethereum.instructions [DEBUG]: Evaluating DUP5 at 117
mythril.laser.ethereum.instructions [DEBUG]: Evaluating AND at 145
mythril.laser.ethereum.instructions [DEBUG]: Evaluating DUP5 at 117
mythril.laser.ethereum.instructions [DEBUG]: Evaluating AND at 145
mythril.analysis.module.base [DEBUG]: Entering analysis module: IntegerArithmetics
mythril.analysis.module.base [DEBUG]: Exiting analysis module: IntegerArithmetics
mythril.laser.ethereum.instructions [DEBUG]: Evaluating ADD at 118
mythril.laser.ethereum.instructions [DEBUG]: Evaluating PUSH20 at 146
mythril.analysis.module.base [DEBUG]: Entering analysis module: IntegerArithmetics
mythril.analysis.module.base [DEBUG]: Exiting analysis module: IntegerArithmetics
mythril.laser.ethereum.instructions [DEBUG]: Evaluating ADD at 118
mythril.laser.ethereum.instructions [DEBUG]: Evaluating PUSH20 at 146
mythril.laser.ethereum.instructions [DEBUG]: Evaluating RETURNDATACOPY at 119
mythril.laser.ethereum.instructions [DEBUG]: Unsupported symbolic max_length offset in RETURNDATACOPY
mythril.laser.ethereum.instructions [DEBUG]: Evaluating AND at 147
mythril.laser.ethereum.instructions [DEBUG]: Evaluating RETURNDATACOPY at 119
mythril.laser.ethereum.instructions [DEBUG]: Unsupported symbolic max_length offset in RETURNDATACOPY
mythril.laser.ethereum.instructions [DEBUG]: Evaluating AND at 147
mythril.laser.ethereum.instructions [DEBUG]: Evaluating PUSH2 at 120
mythril.laser.ethereum.instructions [DEBUG]: Evaluating DUP2 at 148
mythril.laser.ethereum.instructions [DEBUG]: Evaluating PUSH2 at 120
mythril.laser.ethereum.instructions [DEBUG]: Evaluating DUP2 at 148
mythril.laser.ethereum.instructions [DEBUG]: Evaluating JUMP at 121
mythril.laser.ethereum.instructions [DEBUG]: Evaluating MSTORE at 149
mythril.laser.ethereum.instructions [DEBUG]: Evaluating JUMP at 121
mythril.laser.ethereum.instructions [DEBUG]: Evaluating MSTORE at 149
mythril.laser.ethereum.instructions [DEBUG]: Evaluating JUMPDEST at 126
mythril.laser.ethereum.instructions [DEBUG]: Evaluating PUSH1 at 150
mythril.laser.ethereum.instructions [DEBUG]: Evaluating JUMPDEST at 126
mythril.laser.ethereum.instructions [DEBUG]: Evaluating PUSH1 at 150
mythril.laser.ethereum.instructions [DEBUG]: Evaluating POP at 127
mythril.analysis.module.base [DEBUG]: Entering analysis module: IntegerArithmetics
mythril.analysis.module.base [DEBUG]: Exiting analysis module: IntegerArithmetics
mythril.laser.ethereum.instructions [DEBUG]: Evaluating ADD at 151
mythril.laser.ethereum.instructions [DEBUG]: Evaluating POP at 127
mythril.analysis.module.base [DEBUG]: Entering analysis module: IntegerArithmetics
mythril.analysis.module.base [DEBUG]: Exiting analysis module: IntegerArithmetics
mythril.laser.ethereum.instructions [DEBUG]: Evaluating ADD at 151
mythril.laser.ethereum.instructions [DEBUG]: Evaluating POP at 128
mythril.laser.ethereum.instructions [DEBUG]: Evaluating SWAP1 at 152
mythril.laser.ethereum.instructions [DEBUG]: Evaluating POP at 128
mythril.laser.ethereum.instructions [DEBUG]: Evaluating SWAP1 at 152
mythril.laser.ethereum.instructions [DEBUG]: Evaluating SWAP1 at 129
mythril.laser.ethereum.instructions [DEBUG]: Evaluating DUP2 at 153
mythril.laser.ethereum.instructions [DEBUG]: Evaluating SWAP1 at 129
mythril.laser.ethereum.instructions [DEBUG]: Evaluating DUP2 at 153
mythril.laser.ethereum.instructions [DEBUG]: Evaluating POP at 130
mythril.laser.ethereum.instructions [DEBUG]: Evaluating MSTORE at 154
mythril.laser.ethereum.instructions [DEBUG]: Evaluating POP at 130
mythril.laser.ethereum.instructions [DEBUG]: Evaluating MSTORE at 154
mythril.laser.ethereum.instructions [DEBUG]: Evaluating DUP1 at 131
mythril.laser.ethereum.instructions [DEBUG]: Evaluating PUSH1 at 155
mythril.laser.ethereum.instructions [DEBUG]: Evaluating DUP1 at 131
mythril.laser.ethereum.instructions [DEBUG]: Evaluating PUSH1 at 155
mythril.laser.ethereum.instructions [DEBUG]: Evaluating ISZERO at 132
mythril.analysis.module.base [DEBUG]: Entering analysis module: IntegerArithmetics
mythril.analysis.module.base [DEBUG]: Exiting analysis module: IntegerArithmetics
mythril.laser.ethereum.instructions [DEBUG]: Evaluating ADD at 156
mythril.laser.ethereum.instructions [DEBUG]: Evaluating ISZERO at 132
mythril.analysis.module.base [DEBUG]: Entering analysis module: IntegerArithmetics
mythril.analysis.module.base [DEBUG]: Exiting analysis module: IntegerArithmetics
mythril.laser.ethereum.instructions [DEBUG]: Evaluating ADD at 156
mythril.laser.ethereum.instructions [DEBUG]: Evaluating ISZERO at 133
mythril.laser.ethereum.instructions [DEBUG]: Evaluating PUSH1 at 157
mythril.laser.ethereum.instructions [DEBUG]: Evaluating ISZERO at 133
mythril.laser.ethereum.instructions [DEBUG]: Evaluating PUSH1 at 157
mythril.laser.ethereum.instructions [DEBUG]: Evaluating PUSH2 at 134
mythril.laser.ethereum.instructions [DEBUG]: Evaluating SHA3 at 158
mythril.laser.ethereum.instructions [DEBUG]: Evaluating PUSH2 at 134
mythril.laser.ethereum.instructions [DEBUG]: Evaluating SHA3 at 158
mythril.analysis.module.base [DEBUG]: Entering analysis module: TxOrigin
mythril.analysis.module.base [DEBUG]: Exiting analysis module: TxOrigin
mythril.analysis.module.base [DEBUG]: Entering analysis module: IntegerArithmetics
mythril.analysis.module.base [DEBUG]: Exiting analysis module: IntegerArithmetics
mythril.laser.ethereum.instructions [DEBUG]: Evaluating JUMPI at 135
mythril.laser.ethereum.instructions [DEBUG]: Evaluating DUP2 at 159
mythril.analysis.module.base [DEBUG]: Entering analysis module: TxOrigin
mythril.analysis.module.base [DEBUG]: Exiting analysis module: TxOrigin
mythril.analysis.module.base [DEBUG]: Entering analysis module: IntegerArithmetics
mythril.analysis.module.base [DEBUG]: Exiting analysis module: IntegerArithmetics
mythril.laser.ethereum.instructions [DEBUG]: Evaluating JUMPI at 135
mythril.laser.ethereum.instructions [DEBUG]: Evaluating DUP2 at 159
mythril.laser.ethereum.instructions [DEBUG]: Evaluating PUSH1 at 136
mythril.laser.ethereum.instructions [DEBUG]: Evaluating JUMPDEST at 139
mythril.laser.ethereum.instructions [DEBUG]: Evaluating SWAP1 at 160
mythril.laser.ethereum.instructions [DEBUG]: Evaluating PUSH1 at 136
mythril.laser.ethereum.instructions [DEBUG]: Evaluating JUMPDEST at 139
mythril.laser.ethereum.instructions [DEBUG]: Evaluating SWAP1 at 160
mythril.laser.ethereum.instructions [DEBUG]: Evaluating DUP1 at 137
mythril.laser.ethereum.instructions [DEBUG]: Evaluating PUSH1 at 140
mythril.analysis.module.base [DEBUG]: Entering analysis module: ArbitraryStorage
mythril.analysis.module.base [DEBUG]: Exiting analysis module: ArbitraryStorage
mythril.analysis.module.base [DEBUG]: Entering analysis module: IntegerArithmetics
mythril.analysis.module.base [DEBUG]: Exiting analysis module: IntegerArithmetics
mythril.analysis.module.base [DEBUG]: Entering analysis module: StateChangeAfterCall
root [DEBUG]: [EXTERNAL_CALLS] Detected state changes at addresses: 344
mythril.analysis.module.base [DEBUG]: Exiting analysis module: StateChangeAfterCall
mythril.laser.ethereum.instructions [DEBUG]: Evaluating SSTORE at 161
mythril.laser.ethereum.instructions [DEBUG]: Evaluating DUP1 at 137
mythril.laser.ethereum.instructions [DEBUG]: Evaluating PUSH1 at 140
mythril.analysis.module.base [DEBUG]: Entering analysis module: ArbitraryStorage
mythril.analysis.module.base [DEBUG]: Exiting analysis module: ArbitraryStorage
mythril.analysis.module.base [DEBUG]: Entering analysis module: IntegerArithmetics
mythril.analysis.module.base [DEBUG]: Exiting analysis module: IntegerArithmetics
mythril.analysis.module.base [DEBUG]: Entering analysis module: StateChangeAfterCall
root [DEBUG]: [EXTERNAL_CALLS] Detected state changes at addresses: 344
mythril.analysis.module.base [DEBUG]: Exiting analysis module: StateChangeAfterCall
mythril.laser.ethereum.instructions [DEBUG]: Evaluating SSTORE at 161
mythril.laser.ethereum.instructions [DEBUG]: Evaluating REVERT at 138
mythril.laser.ethereum.svm [DEBUG]: Ending transaction MessageCallTransaction 2 from sender_2 to                                        0x0.
mythril.laser.ethereum.instructions [DEBUG]: Evaluating DUP1 at 141
mythril.laser.ethereum.instructions [DEBUG]: Evaluating POP at 162
mythril.laser.ethereum.instructions [DEBUG]: Evaluating REVERT at 138
mythril.laser.ethereum.svm [DEBUG]: Ending transaction MessageCallTransaction 3 from sender_3 to                                        0x0.
mythril.laser.ethereum.instructions [DEBUG]: Evaluating DUP1 at 141
mythril.laser.ethereum.instructions [DEBUG]: Evaluating POP at 162
mythril.laser.ethereum.instructions [DEBUG]: Evaluating PUSH1 at 142
mythril.laser.ethereum.instructions [DEBUG]: Evaluating POP at 163
mythril.laser.ethereum.instructions [DEBUG]: Evaluating PUSH1 at 142
mythril.laser.ethereum.instructions [DEBUG]: Evaluating POP at 163
mythril.laser.ethereum.instructions [DEBUG]: Evaluating CALLER at 143
mythril.laser.ethereum.instructions [DEBUG]: Evaluating POP at 164
mythril.laser.ethereum.instructions [DEBUG]: Evaluating CALLER at 143
mythril.laser.ethereum.instructions [DEBUG]: Evaluating POP at 164
mythril.laser.ethereum.instructions [DEBUG]: Evaluating PUSH20 at 144
mythril.laser.ethereum.instructions [DEBUG]: Evaluating JUMP at 165
mythril.laser.ethereum.instructions [DEBUG]: Evaluating PUSH20 at 144
mythril.laser.ethereum.instructions [DEBUG]: Evaluating JUMP at 165
mythril.laser.ethereum.instructions [DEBUG]: Evaluating AND at 145
mythril.laser.ethereum.instructions [DEBUG]: Evaluating JUMPDEST at 38
mythril.laser.ethereum.instructions [DEBUG]: Evaluating AND at 145
mythril.laser.ethereum.instructions [DEBUG]: Evaluating JUMPDEST at 38
mythril.laser.ethereum.instructions [DEBUG]: Evaluating PUSH20 at 146
mythril.analysis.module.base [DEBUG]: Entering analysis module: IntegerArithmetics
mythril.analysis.module.base [DEBUG]: Exiting analysis module: IntegerArithmetics
mythril.analysis.module.base [DEBUG]: Entering analysis module: UncheckedRetval
mythril.analysis.module.base [DEBUG]: Exiting analysis module: UncheckedRetval
mythril.laser.ethereum.instructions [DEBUG]: Evaluating STOP at 39
mythril.laser.ethereum.svm [DEBUG]: Ending transaction MessageCallTransaction 2 from sender_2 to                                        0x0.
mythril.laser.ethereum.instructions [DEBUG]: Evaluating PUSH20 at 146
mythril.analysis.module.base [DEBUG]: Entering analysis module: IntegerArithmetics
mythril.analysis.module.base [DEBUG]: Exiting analysis module: IntegerArithmetics
mythril.analysis.module.base [DEBUG]: Entering analysis module: UncheckedRetval
mythril.analysis.module.base [DEBUG]: Exiting analysis module: UncheckedRetval
mythril.laser.ethereum.instructions [DEBUG]: Evaluating STOP at 39
mythril.laser.ethereum.svm [DEBUG]: Ending transaction MessageCallTransaction 3 from sender_3 to                                        0x0.
mythril.laser.ethereum.instructions [DEBUG]: Evaluating AND at 147
mythril.laser.ethereum.instructions [DEBUG]: Evaluating AND at 147
mythril.laser.ethereum.instructions [DEBUG]: Evaluating DUP2 at 148
mythril.laser.ethereum.instructions [DEBUG]: Evaluating DUP2 at 148
mythril.laser.ethereum.instructions [DEBUG]: Evaluating MSTORE at 149
mythril.laser.ethereum.instructions [DEBUG]: Evaluating MSTORE at 149
mythril.laser.ethereum.instructions [DEBUG]: Evaluating PUSH1 at 150
mythril.laser.ethereum.instructions [DEBUG]: Evaluating PUSH1 at 150
mythril.analysis.module.base [DEBUG]: Entering analysis module: IntegerArithmetics
mythril.analysis.module.base [DEBUG]: Exiting analysis module: IntegerArithmetics
mythril.laser.ethereum.instructions [DEBUG]: Evaluating ADD at 151
mythril.analysis.module.base [DEBUG]: Entering analysis module: IntegerArithmetics
mythril.analysis.module.base [DEBUG]: Exiting analysis module: IntegerArithmetics
mythril.laser.ethereum.instructions [DEBUG]: Evaluating ADD at 151
mythril.laser.ethereum.instructions [DEBUG]: Evaluating SWAP1 at 152
mythril.laser.ethereum.instructions [DEBUG]: Evaluating SWAP1 at 152
mythril.laser.ethereum.instructions [DEBUG]: Evaluating DUP2 at 153
mythril.laser.ethereum.instructions [DEBUG]: Evaluating DUP2 at 153
mythril.laser.ethereum.instructions [DEBUG]: Evaluating MSTORE at 154
mythril.laser.ethereum.instructions [DEBUG]: Evaluating MSTORE at 154
mythril.laser.ethereum.instructions [DEBUG]: Evaluating PUSH1 at 155
mythril.laser.ethereum.instructions [DEBUG]: Evaluating PUSH1 at 155
mythril.analysis.module.base [DEBUG]: Entering analysis module: IntegerArithmetics
mythril.analysis.module.base [DEBUG]: Exiting analysis module: IntegerArithmetics
mythril.laser.ethereum.instructions [DEBUG]: Evaluating ADD at 156
mythril.analysis.module.base [DEBUG]: Entering analysis module: IntegerArithmetics
mythril.analysis.module.base [DEBUG]: Exiting analysis module: IntegerArithmetics
mythril.laser.ethereum.instructions [DEBUG]: Evaluating ADD at 156
mythril.laser.ethereum.instructions [DEBUG]: Evaluating PUSH1 at 157
mythril.laser.ethereum.instructions [DEBUG]: Evaluating PUSH1 at 157
mythril.laser.ethereum.instructions [DEBUG]: Evaluating SHA3 at 158
mythril.laser.ethereum.instructions [DEBUG]: Evaluating SHA3 at 158
mythril.laser.ethereum.instructions [DEBUG]: Evaluating DUP2 at 159
mythril.laser.ethereum.instructions [DEBUG]: Evaluating DUP2 at 159
mythril.laser.ethereum.instructions [DEBUG]: Evaluating SWAP1 at 160
mythril.laser.ethereum.instructions [DEBUG]: Evaluating SWAP1 at 160
mythril.analysis.module.base [DEBUG]: Entering analysis module: ArbitraryStorage
mythril.analysis.module.base [DEBUG]: Exiting analysis module: ArbitraryStorage
mythril.analysis.module.base [DEBUG]: Entering analysis module: IntegerArithmetics
mythril.analysis.module.base [DEBUG]: Exiting analysis module: IntegerArithmetics
mythril.analysis.module.base [DEBUG]: Entering analysis module: StateChangeAfterCall
root [DEBUG]: [EXTERNAL_CALLS] Detected state changes at addresses: 344
mythril.analysis.module.base [DEBUG]: Exiting analysis module: StateChangeAfterCall
mythril.laser.ethereum.instructions [DEBUG]: Evaluating SSTORE at 161
mythril.analysis.module.base [DEBUG]: Entering analysis module: ArbitraryStorage
mythril.analysis.module.base [DEBUG]: Exiting analysis module: ArbitraryStorage
mythril.analysis.module.base [DEBUG]: Entering analysis module: IntegerArithmetics
mythril.analysis.module.base [DEBUG]: Exiting analysis module: IntegerArithmetics
mythril.analysis.module.base [DEBUG]: Entering analysis module: StateChangeAfterCall
root [DEBUG]: [EXTERNAL_CALLS] Detected state changes at addresses: 344
mythril.analysis.module.base [DEBUG]: Exiting analysis module: StateChangeAfterCall
mythril.laser.ethereum.instructions [DEBUG]: Evaluating SSTORE at 161
mythril.laser.ethereum.instructions [DEBUG]: Evaluating POP at 162
mythril.laser.ethereum.instructions [DEBUG]: Evaluating POP at 162
mythril.laser.ethereum.instructions [DEBUG]: Evaluating POP at 163
mythril.laser.ethereum.instructions [DEBUG]: Evaluating POP at 163
mythril.laser.ethereum.instructions [DEBUG]: Evaluating POP at 164
mythril.laser.ethereum.instructions [DEBUG]: Evaluating POP at 164
mythril.laser.ethereum.instructions [DEBUG]: Evaluating JUMP at 165
mythril.laser.ethereum.instructions [DEBUG]: Evaluating JUMP at 165
mythril.laser.ethereum.instructions [DEBUG]: Evaluating JUMPDEST at 38
mythril.laser.ethereum.instructions [DEBUG]: Evaluating JUMPDEST at 38
mythril.analysis.module.base [DEBUG]: Entering analysis module: IntegerArithmetics
mythril.analysis.module.base [DEBUG]: Exiting analysis module: IntegerArithmetics
mythril.analysis.module.base [DEBUG]: Entering analysis module: UncheckedRetval
mythril.analysis.module.base [DEBUG]: Exiting analysis module: UncheckedRetval
mythril.laser.ethereum.instructions [DEBUG]: Evaluating STOP at 39
mythril.laser.ethereum.svm [DEBUG]: Ending transaction MessageCallTransaction 2 from sender_2 to                                        0x0.
mythril.analysis.module.base [DEBUG]: Entering analysis module: IntegerArithmetics
mythril.analysis.module.base [DEBUG]: Exiting analysis module: IntegerArithmetics
mythril.analysis.module.base [DEBUG]: Entering analysis module: UncheckedRetval
mythril.analysis.module.base [DEBUG]: Exiting analysis module: UncheckedRetval
mythril.laser.ethereum.instructions [DEBUG]: Evaluating STOP at 39
mythril.laser.ethereum.svm [DEBUG]: Ending transaction MessageCallTransaction 3 from sender_3 to                                        0x0.
mythril.laser.plugin.plugins.coverage.coverage_plugin [INFO]: Number of new instructions covered in tx 1: 0
mythril.laser.ethereum.svm [INFO]: Finished symbolic execution
mythril.laser.plugin.plugins.coverage.coverage_plugin [INFO]: Achieved 99.40% coverage for code: 608060405260043610610041576000357c0100000000000000000000000000000000000000000000000000000000900463ffffffff1680635fd8c71014610046575b600080fd5b34801561005257600080fd5b5061005b61005d565b005b60008060003373ffffffffffffffffffffffffffffffffffffffff1673ffffffffffffffffffffffffffffffffffffffff16815260200190815260200160002054905060003373ffffffffffffffffffffffffffffffffffffffff168260405180600001905060006040518083038185875af1925050503d8060008114610100576040519150601f19603f3d011682016040523d82523d6000602084013e610105565b606091505b5050905080151561011557600080fd5b60008060003373ffffffffffffffffffffffffffffffffffffffff1673ffffffffffffffffffffffffffffffffffffffff16815260200190815260200160002081905550505056fe
mythril.laser.plugin.plugins.instruction_profiler [INFO]: Total: 1.389859914779663 s
[ADD         ]   1.3844 %,  nr     30,  total   0.0192 s,  avg   0.0006 s,  min   0.0006 s,  max   0.0008 s
[AND         ]   1.1927 %,  nr     27,  total   0.0166 s,  avg   0.0006 s,  min   0.0005 s,  max   0.0010 s
[CALL        ]   0.9949 %,  nr      3,  total   0.0138 s,  avg   0.0046 s,  min   0.0042 s,  max   0.0049 s
[CALLDATALOAD]   3.3171 %,  nr      3,  total   0.0461 s,  avg   0.0154 s,  min   0.0146 s,  max   0.0165 s
[CALLDATASIZE]   0.1143 %,  nr      3,  total   0.0016 s,  avg   0.0005 s,  min   0.0005 s,  max   0.0005 s
[CALLER      ]   0.4890 %,  nr     12,  total   0.0068 s,  avg   0.0006 s,  min   0.0005 s,  max   0.0007 s
[CALLVALUE   ]   0.1210 %,  nr      3,  total   0.0017 s,  avg   0.0006 s,  min   0.0005 s,  max   0.0006 s
[DIV         ]   0.1980 %,  nr      3,  total   0.0028 s,  avg   0.0009 s,  min   0.0009 s,  max   0.0009 s
[DUP1        ]   1.7947 %,  nr     43,  total   0.0249 s,  avg   0.0006 s,  min   0.0005 s,  max   0.0008 s
[DUP2        ]   1.4078 %,  nr     30,  total   0.0196 s,  avg   0.0007 s,  min   0.0005 s,  max   0.0012 s
[DUP3        ]   0.3395 %,  nr      9,  total   0.0047 s,  avg   0.0005 s,  min   0.0005 s,  max   0.0006 s
[DUP4        ]   0.1211 %,  nr      3,  total   0.0017 s,  avg   0.0006 s,  min   0.0005 s,  max   0.0006 s
[DUP5        ]   0.1163 %,  nr      3,  total   0.0016 s,  avg   0.0005 s,  min   0.0005 s,  max   0.0006 s
[DUP6        ]   0.1190 %,  nr      3,  total   0.0017 s,  avg   0.0006 s,  min   0.0005 s,  max   0.0006 s
[DUP8        ]   0.1182 %,  nr      3,  total   0.0016 s,  avg   0.0005 s,  min   0.0005 s,  max   0.0006 s
[EQ          ]   0.2734 %,  nr      6,  total   0.0038 s,  avg   0.0006 s,  min   0.0006 s,  max   0.0009 s
[GAS         ]   0.1442 %,  nr      3,  total   0.0020 s,  avg   0.0007 s,  min   0.0005 s,  max   0.0007 s
[ISZERO      ]   0.7731 %,  nr     15,  total   0.0107 s,  avg   0.0007 s,  min   0.0007 s,  max   0.0008 s
[JUMP        ]   0.9913 %,  nr     12,  total   0.0138 s,  avg   0.0011 s,  min   0.0010 s,  max   0.0013 s
[JUMPDEST    ]   1.4933 %,  nr     34,  total   0.0208 s,  avg   0.0006 s,  min   0.0005 s,  max   0.0011 s
[JUMPI       ]   3.0321 %,  nr     18,  total   0.0421 s,  avg   0.0023 s,  min   0.0018 s,  max   0.0045 s
[LT          ]   0.1314 %,  nr      3,  total   0.0018 s,  avg   0.0006 s,  min   0.0006 s,  max   0.0006 s
[MLOAD       ]  10.8685 %,  nr      9,  total   0.1511 s,  avg   0.0168 s,  min   0.0158 s,  max   0.0175 s
[MSTORE      ]  33.7694 %,  nr     27,  total   0.4693 s,  avg   0.0174 s,  min   0.0103 s,  max   0.0247 s
[NOT         ]   0.1451 %,  nr      3,  total   0.0020 s,  avg   0.0007 s,  min   0.0006 s,  max   0.0008 s
[POP         ]   2.6116 %,  nr     60,  total   0.0363 s,  avg   0.0006 s,  min   0.0005 s,  max   0.0027 s
[PUSH1       ]   5.3364 %,  nr    109,  total   0.0742 s,  avg   0.0007 s,  min   0.0005 s,  max   0.0016 s
[PUSH2       ]   1.1803 %,  nr     27,  total   0.0164 s,  avg   0.0006 s,  min   0.0005 s,  max   0.0012 s
[PUSH20      ]   1.0576 %,  nr     21,  total   0.0147 s,  avg   0.0007 s,  min   0.0005 s,  max   0.0026 s
[PUSH29      ]   0.1402 %,  nr      3,  total   0.0019 s,  avg   0.0006 s,  min   0.0006 s,  max   0.0007 s
[PUSH4       ]   0.2541 %,  nr      6,  total   0.0035 s,  avg   0.0006 s,  min   0.0005 s,  max   0.0008 s
[RETURNDATACOPY]   0.3171 %,  nr      3,  total   0.0044 s,  avg   0.0015 s,  min   0.0007 s,  max   0.0030 s
[RETURNDATASIZE]   0.6024 %,  nr     12,  total   0.0084 s,  avg   0.0007 s,  min   0.0005 s,  max   0.0012 s
[SHA3        ]  22.6120 %,  nr      9,  total   0.3143 s,  avg   0.0349 s,  min   0.0343 s,  max   0.0354 s
[SLOAD       ]   0.2116 %,  nr      3,  total   0.0029 s,  avg   0.0010 s,  min   0.0008 s,  max   0.0012 s
[SSTORE      ]   0.4144 %,  nr      6,  total   0.0058 s,  avg   0.0010 s,  min   0.0009 s,  max   0.0010 s
[SUB         ]   0.1440 %,  nr      3,  total   0.0020 s,  avg   0.0007 s,  min   0.0006 s,  max   0.0007 s
[SWAP1       ]   1.2266 %,  nr     30,  total   0.0170 s,  avg   0.0006 s,  min   0.0005 s,  max   0.0007 s
[SWAP2       ]   0.2389 %,  nr      6,  total   0.0033 s,  avg   0.0006 s,  min   0.0005 s,  max   0.0007 s
[SWAP3       ]   0.2029 %,  nr      3,  total   0.0028 s,  avg   0.0009 s,  min   0.0006 s,  max   0.0012 s

mythril.analysis.security [INFO]: Starting analysis
mythril.analysis.security [DEBUG]: Retrieving results for Caller can write to arbitrary storage locations
mythril.analysis.security [DEBUG]: Retrieving results for Delegatecall to a user-specified address
mythril.analysis.security [DEBUG]: Retrieving results for Control flow depends on tx.origin
mythril.analysis.security [DEBUG]: Retrieving results for Any sender can withdraw ETH from the contract account
mythril.analysis.security [DEBUG]: Retrieving results for Integer overflow or underflow
mythril.analysis.security [DEBUG]: Retrieving results for State change after an external call
mythril.analysis.security [DEBUG]: Retrieving results for Contract can be accidentally killed by anyone
mythril.analysis.security [DEBUG]: Retrieving results for Return value of an external call is not checked
mythril.mythril.mythril_analyzer [INFO]: Solver statistics: 
Query count: 98 
Solver time: 5.951858758926392
{"error": null, "issues": [{"address": [208, 344], "contract": "MAIN", "description": "Write to persistent state following external call\nThe contract account state is accessed after an external call to a user defined address. To prevent reentrancy issues, consider accessing the state only before the call, especially if the callee is untrusted. Alternatively, a reentrancy lock can be used to prevent untrusted callees from re-entering the contract in an intermediate state.", "function": "withdrawBalance()", "max_gas_used": 61998, "min_gas_used": 7054, "severity": "Medium", "sourceMap": [208, 344], "swc-id": "107", "title": "State access after external call", "tx_sequence": {"initialState": {"accounts": {"0x0": {"balance": "0x6b01002800000000", "code": "608060405260043610610041576000357c0100000000000000000000000000000000000000000000000000000000900463ffffffff1680635fd8c71014610046575b600080fd5b34801561005257600080fd5b5061005b61005d565b005b60008060003373ffffffffffffffffffffffffffffffffffffffff1673ffffffffffffffffffffffffffffffffffffffff16815260200190815260200160002054905060003373ffffffffffffffffffffffffffffffffffffffff168260405180600001905060006040518083038185875af1925050503d8060008114610100576040519150601f19603f3d011682016040523d82523d6000602084013e610105565b606091505b5050905080151561011557600080fd5b60008060003373ffffffffffffffffffffffffffffffffffffffff1673ffffffffffffffffffffffffffffffffffffffff16815260200190815260200160002081905550505056fe", "nonce": 0, "storage": "{}"}, "0xdeadbeefdeadbeefdeadbeefdeadbeefdeadbeef": {"balance": "0x1", "code": "", "nonce": 0, "storage": "{}"}}}, "steps": [{"address": "0x0", "calldata": "0x5fd8c710", "input": "0x5fd8c710", "name": "withdrawBalance()", "origin": "0xaaaaaaaaaaaaaaaaaaaaaaaaaaaaaaaaaaaaaaaa", "value": "0x0"}, {"address": "0x0", "calldata": "0x5fd8c710", "input": "0x5fd8c710", "name": "withdrawBalance()", "origin": "0xdeadbeefdeadbeefdeadbeefdeadbeefdeadbeef", "value": "0x0"}]}}], "success": true}
