mythril.mythril.mythril_config [INFO]: Creating mythril data directory 
mythril.mythril.mythril_config [INFO]: No config file found. Creating default: /root/.mythril/config.ini 
mythril.mythril.mythril_config [INFO]: Infura key not provided, so onchain access is disabled. Use --infura-id <INFURA_ID> or set it in the environment variable INFURA_ID or in the ~/.mythril/config.ini file 
mythril.support.signatures [INFO]: Using signature database at /root/.mythril/signatures.db
mythril.laser.ethereum.svm [INFO]: LASER EVM initialized with dynamic loader: <mythril.support.loader.DynLoader object at 0x7fbe73c52ac0>
mythril.laser.ethereum.strategy.extensions.bounded_loops [INFO]: Loaded search strategy extension: Loop bounds (limit = 3)
mythril.laser.plugin.loader [INFO]: Loading laser plugin: coverage
mythril.laser.plugin.loader [INFO]: Loading laser plugin: mutation-pruner
mythril.laser.plugin.loader [INFO]: Loading laser plugin: call-depth-limit
mythril.laser.plugin.loader [INFO]: Loading laser plugin: instruction-profiler
mythril.laser.plugin.loader [INFO]: Loading laser plugin: dependency-pruner
mythril.laser.plugin.loader [INFO]: Instrumenting symbolic vm with plugin: coverage
mythril.laser.plugin.loader [INFO]: Instrumenting symbolic vm with plugin: mutation-pruner
mythril.laser.plugin.loader [INFO]: Instrumenting symbolic vm with plugin: call-depth-limit
mythril.laser.plugin.loader [INFO]: Instrumenting symbolic vm with plugin: instruction-profiler
mythril.laser.plugin.loader [INFO]: Instrumenting symbolic vm with plugin: dependency-pruner
mythril.laser.ethereum.svm [DEBUG]: Starting LASER execution
mythril.laser.ethereum.svm [INFO]: Starting message call transaction to 0
mythril.laser.ethereum.svm [INFO]: Starting message call transaction, iteration: 0, 1 initial states
mythril.laser.ethereum.instructions [DEBUG]: Evaluating PUSH1 at 0
mythril.laser.ethereum.instructions [DEBUG]: Evaluating PUSH1 at 1
mythril.laser.ethereum.instructions [DEBUG]: Evaluating MSTORE at 2
mythril.laser.ethereum.instructions [DEBUG]: Evaluating PUSH1 at 3
mythril.laser.ethereum.instructions [DEBUG]: Evaluating CALLDATASIZE at 4
mythril.laser.ethereum.instructions [DEBUG]: Evaluating LT at 5
mythril.laser.ethereum.instructions [DEBUG]: Evaluating PUSH1 at 6
mythril.analysis.module.base [DEBUG]: Entering analysis module: TxOrigin
mythril.analysis.module.base [DEBUG]: Exiting analysis module: TxOrigin
mythril.analysis.module.base [DEBUG]: Entering analysis module: IntegerArithmetics
mythril.analysis.module.base [DEBUG]: Exiting analysis module: IntegerArithmetics
mythril.laser.ethereum.instructions [DEBUG]: Evaluating JUMPI at 7
mythril.laser.ethereum.instructions [DEBUG]: Evaluating PUSH4 at 8
mythril.laser.ethereum.instructions [DEBUG]: Evaluating JUMPDEST at 19
mythril.laser.ethereum.instructions [DEBUG]: Evaluating PUSH29 at 9
mythril.laser.ethereum.instructions [DEBUG]: Evaluating PUSH1 at 20
mythril.laser.ethereum.instructions [DEBUG]: Evaluating PUSH1 at 10
mythril.laser.ethereum.instructions [DEBUG]: Evaluating DUP1 at 21
mythril.laser.ethereum.instructions [DEBUG]: Evaluating CALLDATALOAD at 11
mythril.laser.ethereum.instructions [DEBUG]: Evaluating REVERT at 22
mythril.laser.ethereum.svm [DEBUG]: Ending transaction MessageCallTransaction 1 from sender_1 to                                        0x0.
mythril.laser.ethereum.instructions [DEBUG]: Evaluating DIV at 12
mythril.laser.ethereum.instructions [DEBUG]: Evaluating AND at 13
mythril.laser.ethereum.instructions [DEBUG]: Evaluating PUSH4 at 14
mythril.laser.ethereum.instructions [DEBUG]: Evaluating DUP2 at 15
mythril.laser.ethereum.instructions [DEBUG]: Evaluating EQ at 16
mythril.laser.ethereum.instructions [DEBUG]: Evaluating PUSH1 at 17
mythril.analysis.module.base [DEBUG]: Entering analysis module: TxOrigin
mythril.analysis.module.base [DEBUG]: Exiting analysis module: TxOrigin
mythril.analysis.module.base [DEBUG]: Entering analysis module: IntegerArithmetics
mythril.analysis.module.base [DEBUG]: Exiting analysis module: IntegerArithmetics
mythril.laser.ethereum.instructions [DEBUG]: Evaluating JUMPI at 18
mythril.laser.ethereum.instructions [DEBUG]: Evaluating JUMPDEST at 19
mythril.laser.ethereum.instructions [DEBUG]: Evaluating JUMPDEST at 23
mythril.laser.ethereum.instructions [DEBUG]: Evaluating PUSH1 at 20
mythril.laser.ethereum.instructions [DEBUG]: Evaluating CALLVALUE at 24
mythril.laser.ethereum.instructions [DEBUG]: Evaluating DUP1 at 21
mythril.laser.ethereum.instructions [DEBUG]: Evaluating DUP1 at 25
mythril.laser.ethereum.instructions [DEBUG]: Evaluating REVERT at 22
mythril.laser.ethereum.svm [DEBUG]: Ending transaction MessageCallTransaction 1 from sender_1 to                                        0x0.
mythril.laser.ethereum.instructions [DEBUG]: Evaluating ISZERO at 26
mythril.laser.ethereum.instructions [DEBUG]: Evaluating PUSH1 at 27
mythril.analysis.module.base [DEBUG]: Entering analysis module: TxOrigin
mythril.analysis.module.base [DEBUG]: Exiting analysis module: TxOrigin
mythril.analysis.module.base [DEBUG]: Entering analysis module: IntegerArithmetics
mythril.analysis.module.base [DEBUG]: Exiting analysis module: IntegerArithmetics
mythril.laser.ethereum.instructions [DEBUG]: Evaluating JUMPI at 28
mythril.laser.ethereum.instructions [DEBUG]: Evaluating PUSH1 at 29
mythril.laser.ethereum.instructions [DEBUG]: Evaluating JUMPDEST at 32
mythril.laser.ethereum.instructions [DEBUG]: Evaluating DUP1 at 30
mythril.laser.ethereum.instructions [DEBUG]: Evaluating POP at 33
mythril.laser.ethereum.instructions [DEBUG]: Evaluating REVERT at 31
mythril.laser.ethereum.svm [DEBUG]: Ending transaction MessageCallTransaction 1 from sender_1 to                                        0x0.
mythril.laser.ethereum.instructions [DEBUG]: Evaluating PUSH1 at 34
mythril.laser.ethereum.instructions [DEBUG]: Evaluating PUSH1 at 35
mythril.laser.ethereum.instructions [DEBUG]: Evaluating JUMP at 36
mythril.laser.ethereum.instructions [DEBUG]: Evaluating JUMPDEST at 39
mythril.laser.ethereum.instructions [DEBUG]: Evaluating CALLER at 40
mythril.laser.ethereum.instructions [DEBUG]: Evaluating PUSH1 at 41
mythril.laser.ethereum.instructions [DEBUG]: Evaluating DUP2 at 42
mythril.laser.ethereum.instructions [DEBUG]: Evaluating DUP2 at 43
mythril.laser.ethereum.instructions [DEBUG]: Evaluating MSTORE at 44
mythril.laser.ethereum.instructions [DEBUG]: Evaluating PUSH1 at 45
mythril.laser.ethereum.instructions [DEBUG]: Evaluating DUP2 at 46
mythril.laser.ethereum.instructions [DEBUG]: Evaluating DUP2 at 47
mythril.laser.ethereum.instructions [DEBUG]: Evaluating MSTORE at 48
mythril.laser.ethereum.instructions [DEBUG]: Evaluating PUSH1 at 49
mythril.laser.ethereum.instructions [DEBUG]: Evaluating DUP1 at 50
mythril.laser.ethereum.instructions [DEBUG]: Evaluating DUP4 at 51
mythril.laser.ethereum.instructions [DEBUG]: Evaluating SHA3 at 52
mythril.laser.ethereum.instructions [DEBUG]: Evaluating SLOAD at 53
mythril.laser.ethereum.instructions [DEBUG]: Evaluating SWAP1 at 54
mythril.laser.ethereum.instructions [DEBUG]: Evaluating MLOAD at 55
mythril.laser.ethereum.instructions [DEBUG]: Evaluating SWAP1 at 56
mythril.laser.ethereum.instructions [DEBUG]: Evaluating SWAP4 at 57
mythril.laser.ethereum.instructions [DEBUG]: Evaluating SWAP2 at 58
mythril.laser.ethereum.instructions [DEBUG]: Evaluating DUP5 at 59
mythril.laser.ethereum.instructions [DEBUG]: Evaluating SWAP2 at 60
mythril.laser.ethereum.instructions [DEBUG]: Evaluating DUP1 at 61
mythril.laser.ethereum.instructions [DEBUG]: Evaluating DUP3 at 62
mythril.analysis.module.base [DEBUG]: Entering analysis module: IntegerArithmetics
mythril.analysis.module.base [DEBUG]: Exiting analysis module: IntegerArithmetics
mythril.laser.ethereum.instructions [DEBUG]: Evaluating ADD at 63
mythril.laser.ethereum.instructions [DEBUG]: Evaluating SWAP2 at 64
mythril.laser.ethereum.instructions [DEBUG]: Evaluating DUP6 at 65
mythril.laser.ethereum.instructions [DEBUG]: Evaluating SWAP2 at 66
mythril.laser.ethereum.instructions [DEBUG]: Evaluating SWAP1 at 67
mythril.laser.ethereum.instructions [DEBUG]: Evaluating DUP2 at 68
mythril.laser.ethereum.instructions [DEBUG]: Evaluating DUP6 at 69
mythril.laser.ethereum.instructions [DEBUG]: Evaluating DUP8 at 70
mythril.laser.ethereum.instructions [DEBUG]: Evaluating GAS at 71
mythril.analysis.module.base [DEBUG]: Entering analysis module: IntegerArithmetics
mythril.analysis.module.base [DEBUG]: Exiting analysis module: IntegerArithmetics
mythril.analysis.module.base [DEBUG]: Entering analysis module: StateChangeAfterCall
mythril.analysis.module.base [DEBUG]: Exiting analysis module: StateChangeAfterCall
mythril.laser.ethereum.instructions [DEBUG]: Evaluating CALL at 72
mythril.laser.ethereum.call [DEBUG]: Symbolic call encountered
mythril.laser.ethereum.call [DEBUG]: CALL to: sender_1
mythril.laser.ethereum.instructions [DEBUG]: The call is related to ether transfer between accounts
mythril.analysis.module.base [DEBUG]: Entering analysis module: EtherThief
mythril.analysis.module.base [DEBUG]: Exiting analysis module: EtherThief
mythril.analysis.module.base [DEBUG]: Entering analysis module: UncheckedRetval
mythril.analysis.module.modules.unchecked_retval [DEBUG]: End of call, extracting retval
mythril.analysis.module.base [DEBUG]: Exiting analysis module: UncheckedRetval
mythril.laser.ethereum.instructions [DEBUG]: Evaluating SWAP3 at 73
mythril.laser.ethereum.instructions [DEBUG]: Evaluating POP at 74
mythril.laser.ethereum.instructions [DEBUG]: Evaluating POP at 75
mythril.laser.ethereum.instructions [DEBUG]: Evaluating POP at 76
mythril.laser.ethereum.instructions [DEBUG]: Evaluating SWAP1 at 77
mythril.laser.ethereum.instructions [DEBUG]: Evaluating POP at 78
mythril.laser.ethereum.instructions [DEBUG]: Evaluating DUP1 at 79
mythril.laser.ethereum.instructions [DEBUG]: Evaluating ISZERO at 80
mythril.laser.ethereum.instructions [DEBUG]: Evaluating ISZERO at 81
mythril.laser.ethereum.instructions [DEBUG]: Evaluating PUSH1 at 82
mythril.analysis.module.base [DEBUG]: Entering analysis module: TxOrigin
mythril.analysis.module.base [DEBUG]: Exiting analysis module: TxOrigin
mythril.analysis.module.base [DEBUG]: Entering analysis module: IntegerArithmetics
mythril.analysis.module.base [DEBUG]: Exiting analysis module: IntegerArithmetics
mythril.laser.ethereum.instructions [DEBUG]: Evaluating JUMPI at 83
mythril.laser.ethereum.instructions [DEBUG]: Evaluating PUSH1 at 84
mythril.laser.ethereum.instructions [DEBUG]: Evaluating JUMPDEST at 87
mythril.laser.ethereum.instructions [DEBUG]: Evaluating DUP1 at 85
mythril.laser.ethereum.instructions [DEBUG]: Evaluating POP at 88
mythril.laser.ethereum.instructions [DEBUG]: Evaluating REVERT at 86
mythril.laser.ethereum.svm [DEBUG]: Ending transaction MessageCallTransaction 1 from sender_1 to                                        0x0.
mythril.laser.ethereum.instructions [DEBUG]: Evaluating POP at 89
mythril.laser.ethereum.instructions [DEBUG]: Evaluating CALLER at 90
mythril.laser.ethereum.instructions [DEBUG]: Evaluating PUSH1 at 91
mythril.laser.ethereum.instructions [DEBUG]: Evaluating SWAP1 at 92
mythril.laser.ethereum.instructions [DEBUG]: Evaluating DUP2 at 93
mythril.laser.ethereum.instructions [DEBUG]: Evaluating MSTORE at 94
mythril.laser.ethereum.instructions [DEBUG]: Evaluating PUSH1 at 95
mythril.laser.ethereum.instructions [DEBUG]: Evaluating DUP2 at 96
mythril.laser.ethereum.instructions [DEBUG]: Evaluating SWAP1 at 97
mythril.laser.ethereum.instructions [DEBUG]: Evaluating MSTORE at 98
mythril.laser.ethereum.instructions [DEBUG]: Evaluating PUSH1 at 99
mythril.laser.ethereum.instructions [DEBUG]: Evaluating DUP2 at 100
mythril.laser.ethereum.instructions [DEBUG]: Evaluating SHA3 at 101
mythril.analysis.module.base [DEBUG]: Entering analysis module: ArbitraryStorage
mythril.analysis.module.base [DEBUG]: Exiting analysis module: ArbitraryStorage
mythril.analysis.module.base [DEBUG]: Entering analysis module: IntegerArithmetics
mythril.analysis.module.base [DEBUG]: Exiting analysis module: IntegerArithmetics
mythril.analysis.module.base [DEBUG]: Entering analysis module: StateChangeAfterCall
root [DEBUG]: [EXTERNAL_CALLS] Detected state changes at addresses: 158
mythril.analysis.module.base [DEBUG]: Exiting analysis module: StateChangeAfterCall
mythril.laser.ethereum.instructions [DEBUG]: Evaluating SSTORE at 102
mythril.laser.ethereum.instructions [DEBUG]: Evaluating JUMP at 103
mythril.laser.ethereum.instructions [DEBUG]: Evaluating JUMPDEST at 37
mythril.analysis.module.base [DEBUG]: Entering analysis module: IntegerArithmetics
mythril.analysis.module.base [DEBUG]: Exiting analysis module: IntegerArithmetics
mythril.analysis.module.base [DEBUG]: Entering analysis module: UncheckedRetval
mythril.analysis.module.base [DEBUG]: Exiting analysis module: UncheckedRetval
mythril.laser.ethereum.instructions [DEBUG]: Evaluating STOP at 38
mythril.laser.ethereum.svm [DEBUG]: Ending transaction MessageCallTransaction 1 from sender_1 to                                        0x0.
mythril.laser.plugin.plugins.coverage.coverage_plugin [INFO]: Number of new instructions covered in tx 0: 104
mythril.laser.ethereum.svm [INFO]: Starting message call transaction, iteration: 1, 1 initial states
mythril.laser.ethereum.instructions [DEBUG]: Evaluating PUSH1 at 0
mythril.laser.ethereum.instructions [DEBUG]: Evaluating PUSH1 at 1
mythril.laser.ethereum.instructions [DEBUG]: Evaluating MSTORE at 2
mythril.laser.ethereum.instructions [DEBUG]: Evaluating PUSH1 at 3
mythril.laser.ethereum.instructions [DEBUG]: Evaluating CALLDATASIZE at 4
mythril.laser.ethereum.instructions [DEBUG]: Evaluating LT at 5
mythril.laser.ethereum.instructions [DEBUG]: Evaluating PUSH1 at 6
mythril.analysis.module.base [DEBUG]: Entering analysis module: TxOrigin
mythril.analysis.module.base [DEBUG]: Exiting analysis module: TxOrigin
mythril.analysis.module.base [DEBUG]: Entering analysis module: IntegerArithmetics
mythril.analysis.module.base [DEBUG]: Exiting analysis module: IntegerArithmetics
mythril.laser.ethereum.instructions [DEBUG]: Evaluating JUMPI at 7
mythril.laser.ethereum.instructions [DEBUG]: Evaluating PUSH4 at 8
mythril.laser.ethereum.instructions [DEBUG]: Evaluating JUMPDEST at 19
mythril.laser.ethereum.instructions [DEBUG]: Evaluating PUSH29 at 9
mythril.laser.ethereum.instructions [DEBUG]: Evaluating PUSH1 at 20
mythril.laser.ethereum.instructions [DEBUG]: Evaluating PUSH1 at 10
mythril.laser.ethereum.instructions [DEBUG]: Evaluating DUP1 at 21
mythril.laser.ethereum.instructions [DEBUG]: Evaluating CALLDATALOAD at 11
mythril.laser.ethereum.instructions [DEBUG]: Evaluating REVERT at 22
mythril.laser.ethereum.svm [DEBUG]: Ending transaction MessageCallTransaction 2 from sender_2 to                                        0x0.
mythril.laser.ethereum.instructions [DEBUG]: Evaluating DIV at 12
mythril.laser.ethereum.instructions [DEBUG]: Evaluating AND at 13
mythril.laser.ethereum.instructions [DEBUG]: Evaluating PUSH4 at 14
mythril.laser.ethereum.instructions [DEBUG]: Evaluating DUP2 at 15
mythril.laser.ethereum.instructions [DEBUG]: Evaluating EQ at 16
mythril.laser.ethereum.instructions [DEBUG]: Evaluating PUSH1 at 17
mythril.analysis.module.base [DEBUG]: Entering analysis module: TxOrigin
mythril.analysis.module.base [DEBUG]: Exiting analysis module: TxOrigin
mythril.analysis.module.base [DEBUG]: Entering analysis module: IntegerArithmetics
mythril.analysis.module.base [DEBUG]: Exiting analysis module: IntegerArithmetics
mythril.laser.ethereum.instructions [DEBUG]: Evaluating JUMPI at 18
mythril.laser.plugin.plugins.dependency_pruner [DEBUG]: Skipping state: Storage slots {keccak256_512(Concat(sender_1, 0))} not read in block at address 62, function
mythril.laser.ethereum.instructions [DEBUG]: Evaluating JUMPDEST at 23
mythril.laser.ethereum.instructions [DEBUG]: Evaluating CALLVALUE at 24
mythril.laser.ethereum.instructions [DEBUG]: Evaluating DUP1 at 25
mythril.laser.ethereum.instructions [DEBUG]: Evaluating ISZERO at 26
mythril.laser.ethereum.instructions [DEBUG]: Evaluating PUSH1 at 27
mythril.analysis.module.base [DEBUG]: Entering analysis module: TxOrigin
mythril.analysis.module.base [DEBUG]: Exiting analysis module: TxOrigin
mythril.analysis.module.base [DEBUG]: Entering analysis module: IntegerArithmetics
mythril.analysis.module.base [DEBUG]: Exiting analysis module: IntegerArithmetics
mythril.laser.ethereum.instructions [DEBUG]: Evaluating JUMPI at 28
mythril.laser.ethereum.instructions [DEBUG]: Evaluating PUSH1 at 29
mythril.laser.ethereum.instructions [DEBUG]: Evaluating JUMPDEST at 32
mythril.laser.ethereum.instructions [DEBUG]: Evaluating DUP1 at 30
mythril.laser.ethereum.instructions [DEBUG]: Evaluating POP at 33
mythril.laser.ethereum.instructions [DEBUG]: Evaluating REVERT at 31
mythril.laser.ethereum.svm [DEBUG]: Ending transaction MessageCallTransaction 2 from sender_2 to                                        0x0.
mythril.laser.ethereum.instructions [DEBUG]: Evaluating PUSH1 at 34
mythril.laser.ethereum.instructions [DEBUG]: Evaluating PUSH1 at 35
mythril.laser.ethereum.instructions [DEBUG]: Evaluating JUMP at 36
mythril.laser.ethereum.instructions [DEBUG]: Evaluating JUMPDEST at 39
mythril.laser.ethereum.instructions [DEBUG]: Evaluating CALLER at 40
mythril.laser.ethereum.instructions [DEBUG]: Evaluating PUSH1 at 41
mythril.laser.ethereum.instructions [DEBUG]: Evaluating DUP2 at 42
mythril.laser.ethereum.instructions [DEBUG]: Evaluating DUP2 at 43
mythril.laser.ethereum.instructions [DEBUG]: Evaluating MSTORE at 44
mythril.laser.ethereum.instructions [DEBUG]: Evaluating PUSH1 at 45
mythril.laser.ethereum.instructions [DEBUG]: Evaluating DUP2 at 46
mythril.laser.ethereum.instructions [DEBUG]: Evaluating DUP2 at 47
mythril.laser.ethereum.instructions [DEBUG]: Evaluating MSTORE at 48
mythril.laser.ethereum.instructions [DEBUG]: Evaluating PUSH1 at 49
mythril.laser.ethereum.instructions [DEBUG]: Evaluating DUP1 at 50
mythril.laser.ethereum.instructions [DEBUG]: Evaluating DUP4 at 51
mythril.laser.ethereum.instructions [DEBUG]: Evaluating SHA3 at 52
mythril.laser.ethereum.instructions [DEBUG]: Evaluating SLOAD at 53
mythril.laser.ethereum.instructions [DEBUG]: Evaluating SWAP1 at 54
mythril.laser.ethereum.instructions [DEBUG]: Evaluating MLOAD at 55
mythril.laser.ethereum.instructions [DEBUG]: Evaluating SWAP1 at 56
mythril.laser.ethereum.instructions [DEBUG]: Evaluating SWAP4 at 57
mythril.laser.ethereum.instructions [DEBUG]: Evaluating SWAP2 at 58
mythril.laser.ethereum.instructions [DEBUG]: Evaluating DUP5 at 59
mythril.laser.ethereum.instructions [DEBUG]: Evaluating SWAP2 at 60
mythril.laser.ethereum.instructions [DEBUG]: Evaluating DUP1 at 61
mythril.laser.ethereum.instructions [DEBUG]: Evaluating DUP3 at 62
mythril.analysis.module.base [DEBUG]: Entering analysis module: IntegerArithmetics
mythril.analysis.module.base [DEBUG]: Exiting analysis module: IntegerArithmetics
mythril.laser.ethereum.instructions [DEBUG]: Evaluating ADD at 63
mythril.laser.ethereum.instructions [DEBUG]: Evaluating SWAP2 at 64
mythril.laser.ethereum.instructions [DEBUG]: Evaluating DUP6 at 65
mythril.laser.ethereum.instructions [DEBUG]: Evaluating SWAP2 at 66
mythril.laser.ethereum.instructions [DEBUG]: Evaluating SWAP1 at 67
mythril.laser.ethereum.instructions [DEBUG]: Evaluating DUP2 at 68
mythril.laser.ethereum.instructions [DEBUG]: Evaluating DUP6 at 69
mythril.laser.ethereum.instructions [DEBUG]: Evaluating DUP8 at 70
mythril.laser.ethereum.instructions [DEBUG]: Evaluating GAS at 71
mythril.analysis.module.base [DEBUG]: Entering analysis module: IntegerArithmetics
mythril.analysis.module.base [DEBUG]: Exiting analysis module: IntegerArithmetics
mythril.analysis.module.base [DEBUG]: Entering analysis module: StateChangeAfterCall
mythril.analysis.module.base [DEBUG]: Exiting analysis module: StateChangeAfterCall
mythril.laser.ethereum.instructions [DEBUG]: Evaluating CALL at 72
mythril.laser.ethereum.call [DEBUG]: Symbolic call encountered
mythril.laser.ethereum.call [DEBUG]: CALL to: sender_2
mythril.laser.ethereum.instructions [DEBUG]: The call is related to ether transfer between accounts
mythril.analysis.module.base [DEBUG]: Entering analysis module: EtherThief
mythril.analysis.module.base [DEBUG]: Exiting analysis module: EtherThief
mythril.analysis.module.base [DEBUG]: Entering analysis module: UncheckedRetval
mythril.analysis.module.modules.unchecked_retval [DEBUG]: End of call, extracting retval
mythril.analysis.module.base [DEBUG]: Exiting analysis module: UncheckedRetval
mythril.laser.ethereum.instructions [DEBUG]: Evaluating SWAP3 at 73
mythril.laser.ethereum.instructions [DEBUG]: Evaluating POP at 74
mythril.laser.ethereum.instructions [DEBUG]: Evaluating POP at 75
mythril.laser.ethereum.instructions [DEBUG]: Evaluating POP at 76
mythril.laser.ethereum.instructions [DEBUG]: Evaluating SWAP1 at 77
mythril.laser.ethereum.instructions [DEBUG]: Evaluating POP at 78
mythril.laser.ethereum.instructions [DEBUG]: Evaluating DUP1 at 79
mythril.laser.ethereum.instructions [DEBUG]: Evaluating ISZERO at 80
mythril.laser.ethereum.instructions [DEBUG]: Evaluating ISZERO at 81
mythril.laser.ethereum.instructions [DEBUG]: Evaluating PUSH1 at 82
mythril.analysis.module.base [DEBUG]: Entering analysis module: TxOrigin
mythril.analysis.module.base [DEBUG]: Exiting analysis module: TxOrigin
mythril.analysis.module.base [DEBUG]: Entering analysis module: IntegerArithmetics
mythril.analysis.module.base [DEBUG]: Exiting analysis module: IntegerArithmetics
mythril.laser.ethereum.instructions [DEBUG]: Evaluating JUMPI at 83
mythril.laser.ethereum.instructions [DEBUG]: Evaluating PUSH1 at 84
mythril.laser.ethereum.instructions [DEBUG]: Evaluating JUMPDEST at 87
mythril.laser.ethereum.instructions [DEBUG]: Evaluating DUP1 at 85
mythril.laser.ethereum.instructions [DEBUG]: Evaluating POP at 88
mythril.laser.ethereum.instructions [DEBUG]: Evaluating REVERT at 86
mythril.laser.ethereum.svm [DEBUG]: Ending transaction MessageCallTransaction 2 from sender_2 to                                        0x0.
mythril.laser.ethereum.instructions [DEBUG]: Evaluating POP at 89
mythril.laser.ethereum.instructions [DEBUG]: Evaluating CALLER at 90
mythril.laser.ethereum.instructions [DEBUG]: Evaluating PUSH1 at 91
mythril.laser.ethereum.instructions [DEBUG]: Evaluating SWAP1 at 92
mythril.laser.ethereum.instructions [DEBUG]: Evaluating DUP2 at 93
mythril.laser.ethereum.instructions [DEBUG]: Evaluating MSTORE at 94
mythril.laser.ethereum.instructions [DEBUG]: Evaluating PUSH1 at 95
mythril.laser.ethereum.instructions [DEBUG]: Evaluating DUP2 at 96
mythril.laser.ethereum.instructions [DEBUG]: Evaluating SWAP1 at 97
mythril.laser.ethereum.instructions [DEBUG]: Evaluating MSTORE at 98
mythril.laser.ethereum.instructions [DEBUG]: Evaluating PUSH1 at 99
mythril.laser.ethereum.instructions [DEBUG]: Evaluating DUP2 at 100
mythril.laser.ethereum.instructions [DEBUG]: Evaluating SHA3 at 101
mythril.analysis.module.base [DEBUG]: Entering analysis module: ArbitraryStorage
mythril.analysis.module.base [DEBUG]: Exiting analysis module: ArbitraryStorage
mythril.analysis.module.base [DEBUG]: Entering analysis module: IntegerArithmetics
mythril.analysis.module.base [DEBUG]: Exiting analysis module: IntegerArithmetics
mythril.analysis.module.base [DEBUG]: Entering analysis module: StateChangeAfterCall
root [DEBUG]: [EXTERNAL_CALLS] Detected state changes at addresses: 158
mythril.analysis.module.base [DEBUG]: Exiting analysis module: StateChangeAfterCall
mythril.laser.ethereum.instructions [DEBUG]: Evaluating SSTORE at 102
mythril.laser.ethereum.instructions [DEBUG]: Evaluating JUMP at 103
mythril.laser.ethereum.instructions [DEBUG]: Evaluating JUMPDEST at 37
mythril.analysis.module.base [DEBUG]: Entering analysis module: IntegerArithmetics
mythril.analysis.module.base [DEBUG]: Exiting analysis module: IntegerArithmetics
mythril.analysis.module.base [DEBUG]: Entering analysis module: UncheckedRetval
mythril.analysis.module.base [DEBUG]: Exiting analysis module: UncheckedRetval
mythril.laser.ethereum.instructions [DEBUG]: Evaluating STOP at 38
mythril.laser.ethereum.svm [DEBUG]: Ending transaction MessageCallTransaction 2 from sender_2 to                                        0x0.
mythril.laser.plugin.plugins.coverage.coverage_plugin [INFO]: Number of new instructions covered in tx 1: 0
mythril.laser.ethereum.svm [INFO]: Finished symbolic execution
mythril.laser.plugin.plugins.coverage.coverage_plugin [INFO]: Achieved 99.05% coverage for code: 608060405260043610603e5763ffffffff7c01000000000000000000000000000000000000000000000000000000006000350416635fd8c71081146043575b600080fd5b348015604e57600080fd5b5060556057565b005b336000818152602081815260408083205490519093918491808201918591908185875af1925050509050801515608c57600080fd5b5050336000908152602081905260408120555600a165627a7a72305820de55dbca24a1a0e2a7870e7d6ea91d0e6f47f8b69cb9a4b6c363b77b1642c2ac0029
mythril.laser.plugin.plugins.instruction_profiler [INFO]: Total: 0.47566890716552734 s
[ADD         ]   0.2485 %,  nr      2,  total   0.0012 s,  avg   0.0006 s,  min   0.0006 s,  max   0.0006 s
[AND         ]   0.2190 %,  nr      2,  total   0.0010 s,  avg   0.0005 s,  min   0.0005 s,  max   0.0005 s
[CALL        ]   6.1236 %,  nr      2,  total   0.0291 s,  avg   0.0146 s,  min   0.0143 s,  max   0.0148 s
[CALLDATALOAD]   5.2747 %,  nr      2,  total   0.0251 s,  avg   0.0125 s,  min   0.0122 s,  max   0.0129 s
[CALLDATASIZE]   0.1997 %,  nr      2,  total   0.0010 s,  avg   0.0005 s,  min   0.0005 s,  max   0.0005 s
[CALLER      ]   0.4062 %,  nr      4,  total   0.0019 s,  avg   0.0005 s,  min   0.0004 s,  max   0.0006 s
[CALLVALUE   ]   0.2008 %,  nr      2,  total   0.0010 s,  avg   0.0005 s,  min   0.0005 s,  max   0.0005 s
[DIV         ]   0.3406 %,  nr      2,  total   0.0016 s,  avg   0.0008 s,  min   0.0008 s,  max   0.0009 s
[DUP1        ]   1.4923 %,  nr     15,  total   0.0071 s,  avg   0.0005 s,  min   0.0004 s,  max   0.0005 s
[DUP2        ]   1.8299 %,  nr     18,  total   0.0087 s,  avg   0.0005 s,  min   0.0004 s,  max   0.0005 s
[DUP3        ]   0.2096 %,  nr      2,  total   0.0010 s,  avg   0.0005 s,  min   0.0005 s,  max   0.0005 s
[DUP4        ]   0.4642 %,  nr      2,  total   0.0022 s,  avg   0.0011 s,  min   0.0005 s,  max   0.0017 s
[DUP5        ]   0.1995 %,  nr      2,  total   0.0009 s,  avg   0.0005 s,  min   0.0005 s,  max   0.0005 s
[DUP6        ]   0.4465 %,  nr      4,  total   0.0021 s,  avg   0.0005 s,  min   0.0005 s,  max   0.0006 s
[DUP8        ]   0.2056 %,  nr      2,  total   0.0010 s,  avg   0.0005 s,  min   0.0005 s,  max   0.0005 s
[EQ          ]   0.2252 %,  nr      2,  total   0.0011 s,  avg   0.0005 s,  min   0.0005 s,  max   0.0005 s
[GAS         ]   0.2122 %,  nr      2,  total   0.0010 s,  avg   0.0005 s,  min   0.0005 s,  max   0.0005 s
[ISZERO      ]   0.8201 %,  nr      6,  total   0.0039 s,  avg   0.0007 s,  min   0.0006 s,  max   0.0007 s
[JUMP        ]   0.8535 %,  nr      4,  total   0.0041 s,  avg   0.0010 s,  min   0.0010 s,  max   0.0011 s
[JUMPDEST    ]   1.4219 %,  nr     13,  total   0.0068 s,  avg   0.0005 s,  min   0.0005 s,  max   0.0006 s
[JUMPI       ]   2.8459 %,  nr      8,  total   0.0135 s,  avg   0.0017 s,  min   0.0015 s,  max   0.0019 s
[LT          ]   0.2256 %,  nr      2,  total   0.0011 s,  avg   0.0005 s,  min   0.0005 s,  max   0.0005 s
[MLOAD       ]   6.3142 %,  nr      2,  total   0.0300 s,  avg   0.0150 s,  min   0.0149 s,  max   0.0152 s
[MSTORE      ]  33.2703 %,  nr     10,  total   0.1583 s,  avg   0.0158 s,  min   0.0096 s,  max   0.0214 s
[POP         ]   1.5067 %,  nr     14,  total   0.0072 s,  avg   0.0005 s,  min   0.0005 s,  max   0.0006 s
[PUSH1       ]   4.8435 %,  nr     39,  total   0.0230 s,  avg   0.0006 s,  min   0.0005 s,  max   0.0019 s
[PUSH29      ]   0.2541 %,  nr      2,  total   0.0012 s,  avg   0.0006 s,  min   0.0006 s,  max   0.0006 s
[PUSH4       ]   0.5069 %,  nr      4,  total   0.0024 s,  avg   0.0006 s,  min   0.0005 s,  max   0.0007 s
[SHA3        ]  25.6733 %,  nr      4,  total   0.1221 s,  avg   0.0305 s,  min   0.0295 s,  max   0.0314 s
[SLOAD       ]   0.2991 %,  nr      2,  total   0.0014 s,  avg   0.0007 s,  min   0.0007 s,  max   0.0007 s
[SSTORE      ]   0.2813 %,  nr      2,  total   0.0013 s,  avg   0.0007 s,  min   0.0006 s,  max   0.0007 s
[SWAP1       ]   1.2677 %,  nr     12,  total   0.0060 s,  avg   0.0005 s,  min   0.0005 s,  max   0.0006 s
[SWAP2       ]   0.8424 %,  nr      8,  total   0.0040 s,  avg   0.0005 s,  min   0.0005 s,  max   0.0006 s
[SWAP3       ]   0.2723 %,  nr      2,  total   0.0013 s,  avg   0.0006 s,  min   0.0006 s,  max   0.0007 s
[SWAP4       ]   0.2033 %,  nr      2,  total   0.0010 s,  avg   0.0005 s,  min   0.0005 s,  max   0.0005 s

mythril.analysis.security [INFO]: Starting analysis
mythril.analysis.security [DEBUG]: Retrieving results for Caller can write to arbitrary storage locations
mythril.analysis.security [DEBUG]: Retrieving results for Delegatecall to a user-specified address
mythril.analysis.security [DEBUG]: Retrieving results for Control flow depends on tx.origin
mythril.analysis.security [DEBUG]: Retrieving results for Any sender can withdraw ETH from the contract account
mythril.analysis.security [DEBUG]: Retrieving results for Integer overflow or underflow
mythril.analysis.security [DEBUG]: Retrieving results for State change after an external call
mythril.analysis.security [DEBUG]: Retrieving results for Contract can be accidentally killed by anyone
mythril.analysis.security [DEBUG]: Retrieving results for Return value of an external call is not checked
mythril.mythril.mythril_analyzer [INFO]: Solver statistics: 
Query count: 42 
Solver time: 1.870098352432251
{"error": null, "issues": [{"address": [123, 158], "contract": "MAIN", "description": "Write to persistent state following external call\nThe contract account state is accessed after an external call to a user defined address. To prevent reentrancy issues, consider accessing the state only before the call, especially if the callee is untrusted. Alternatively, a reentrancy lock can be used to prevent untrusted callees from re-entering the contract in an intermediate state.", "function": "fallback", "max_gas_used": 61443, "min_gas_used": 6875, "severity": "Medium", "sourceMap": [123, 158], "swc-id": "107", "title": "State access after external call", "tx_sequence": {"initialState": {"accounts": {"0x0": {"balance": "0x0", "code": "608060405260043610603e5763ffffffff7c01000000000000000000000000000000000000000000000000000000006000350416635fd8c71081146043575b600080fd5b348015604e57600080fd5b5060556057565b005b336000818152602081815260408083205490519093918491808201918591908185875af1925050509050801515608c57600080fd5b5050336000908152602081905260408120555600a165627a7a72305820de55dbca24a1a0e2a7870e7d6ea91d0e6f47f8b69cb9a4b6c363b77b1642c2ac0029", "nonce": 0, "storage": "{}"}, "0xdeadbeefdeadbeefdeadbeefdeadbeefdeadbeef": {"balance": "0x100", "code": "", "nonce": 0, "storage": "{}"}}}, "steps": [{"address": "0x0", "calldata": "0x5fd8c710", "input": "0x5fd8c710", "name": "withdrawBalance()", "origin": "0xaaaaaaaaaaaaaaaaaaaaaaaaaaaaaaaaaaaaaaaa", "value": "0x0"}, {"address": "0x0", "calldata": "0x5fd8c710", "input": "0x5fd8c710", "name": "withdrawBalance()", "origin": "0xdeadbeefdeadbeefdeadbeefdeadbeefdeadbeef", "value": "0x0"}]}}], "success": true}
