smartbugs/dataset/time_manipulation/lottopollo.sol:7:1: Warning: Source file does not specify required compiler version!Consider adding "pragma solidity ^0.4.24;"
contract lottopollo {
^ (Relevant source part starts here and spans across multiple lines).
smartbugs/dataset/time_manipulation/lottopollo.sol:13:7: Warning: Failure condition of 'send' ignored. Consider using 'transfer' instead.
      msg.sender.send( msg.value );
      ^--------------------------^
smartbugs/dataset/time_manipulation/lottopollo.sol:15:12: Warning: Using contract member "balance" inherited from the address type is deprecated. Convert the contract to "address" type to access the member, for example use "address(contract).balance" instead.
      if ( this.balance > 0 ) {
           ^----------^
smartbugs/dataset/time_manipulation/lottopollo.sol:16:22: Warning: Using contract member "balance" inherited from the address type is deprecated. Convert the contract to "address" type to access the member, for example use "address(contract).balance" instead.
        leader.send( this.balance );
                     ^----------^
smartbugs/dataset/time_manipulation/lottopollo.sol:16:9: Warning: Failure condition of 'send' ignored. Consider using 'transfer' instead.
        leader.send( this.balance );
        ^-------------------------^
smartbugs/dataset/time_manipulation/lottopollo.sol:24:3: Warning: No visibility specified. Defaulting to "public". 
  function randomGen() constant returns (uint randomNumber) {
  ^ (Relevant source part starts here and spans across multiple lines).
smartbugs/dataset/time_manipulation/lottopollo.sol:28:3: Warning: No visibility specified. Defaulting to "public". 
  function draw(uint seed){
  ^ (Relevant source part starts here and spans across multiple lines).
smartbugs/dataset/time_manipulation/lottopollo.sol:28:17: Warning: Unused function parameter. Remove or comment out the variable name to silence this warning.
  function draw(uint seed){
                ^-------^
