mythril.mythril.mythril_config [INFO]: Creating mythril data directory 
mythril.mythril.mythril_config [INFO]: No config file found. Creating default: /root/.mythril/config.ini 
mythril.mythril.mythril_config [INFO]: Infura key not provided, so onchain access is disabled. Use --infura-id <INFURA_ID> or set it in the environment variable INFURA_ID or in the ~/.mythril/config.ini file 
mythril.support.signatures [INFO]: Using signature database at /root/.mythril/signatures.db
mythril.laser.ethereum.svm [INFO]: LASER EVM initialized with dynamic loader: <mythril.support.loader.DynLoader object at 0x7e62ea37df70>
mythril.laser.ethereum.strategy.extensions.bounded_loops [INFO]: Loaded search strategy extension: Loop bounds (limit = 3)
mythril.laser.plugin.loader [INFO]: Loading laser plugin: coverage
mythril.laser.plugin.loader [INFO]: Loading laser plugin: mutation-pruner
mythril.laser.plugin.loader [INFO]: Loading laser plugin: call-depth-limit
mythril.laser.plugin.loader [INFO]: Loading laser plugin: instruction-profiler
mythril.laser.plugin.loader [INFO]: Loading laser plugin: dependency-pruner
mythril.laser.plugin.loader [INFO]: Instrumenting symbolic vm with plugin: coverage
mythril.laser.plugin.loader [INFO]: Instrumenting symbolic vm with plugin: mutation-pruner
mythril.laser.plugin.loader [INFO]: Instrumenting symbolic vm with plugin: call-depth-limit
mythril.laser.plugin.loader [INFO]: Instrumenting symbolic vm with plugin: instruction-profiler
mythril.laser.plugin.loader [INFO]: Instrumenting symbolic vm with plugin: dependency-pruner
mythril.laser.ethereum.svm [DEBUG]: Starting LASER execution
mythril.laser.ethereum.svm [INFO]: Starting message call transaction to 0
mythril.laser.ethereum.svm [INFO]: Starting message call transaction, iteration: 0, 1 initial states
mythril.laser.ethereum.instructions [DEBUG]: Evaluating PUSH1 at 0
mythril.laser.ethereum.instructions [DEBUG]: Evaluating PUSH1 at 1
mythril.laser.ethereum.instructions [DEBUG]: Evaluating MSTORE at 2
mythril.laser.ethereum.instructions [DEBUG]: Evaluating PUSH1 at 3
mythril.laser.ethereum.instructions [DEBUG]: Evaluating CALLDATASIZE at 4
mythril.laser.ethereum.instructions [DEBUG]: Evaluating LT at 5
mythril.laser.ethereum.instructions [DEBUG]: Evaluating PUSH2 at 6
mythril.analysis.module.base [DEBUG]: Entering analysis module: TxOrigin
mythril.analysis.module.base [DEBUG]: Exiting analysis module: TxOrigin
mythril.analysis.module.base [DEBUG]: Entering analysis module: IntegerArithmetics
mythril.analysis.module.base [DEBUG]: Exiting analysis module: IntegerArithmetics
mythril.laser.ethereum.instructions [DEBUG]: Evaluating JUMPI at 7
mythril.laser.ethereum.instructions [DEBUG]: Evaluating PUSH4 at 8
mythril.laser.ethereum.instructions [DEBUG]: Evaluating JUMPDEST at 29
mythril.laser.ethereum.instructions [DEBUG]: Evaluating PUSH29 at 9
mythril.laser.ethereum.instructions [DEBUG]: Evaluating PUSH1 at 30
mythril.laser.ethereum.instructions [DEBUG]: Evaluating PUSH1 at 10
mythril.laser.ethereum.instructions [DEBUG]: Evaluating DUP1 at 31
mythril.laser.ethereum.instructions [DEBUG]: Evaluating CALLDATALOAD at 11
mythril.laser.ethereum.instructions [DEBUG]: Evaluating REVERT at 32
mythril.laser.ethereum.svm [DEBUG]: Ending transaction MessageCallTransaction 1 from sender_1 to                                        0x0.
mythril.laser.ethereum.instructions [DEBUG]: Evaluating DIV at 12
mythril.laser.ethereum.instructions [DEBUG]: Evaluating AND at 13
mythril.laser.ethereum.instructions [DEBUG]: Evaluating PUSH4 at 14
mythril.laser.ethereum.instructions [DEBUG]: Evaluating DUP2 at 15
mythril.laser.ethereum.instructions [DEBUG]: Evaluating EQ at 16
mythril.laser.ethereum.instructions [DEBUG]: Evaluating PUSH2 at 17
mythril.analysis.module.base [DEBUG]: Entering analysis module: TxOrigin
mythril.analysis.module.base [DEBUG]: Exiting analysis module: TxOrigin
mythril.analysis.module.base [DEBUG]: Entering analysis module: IntegerArithmetics
mythril.analysis.module.base [DEBUG]: Exiting analysis module: IntegerArithmetics
mythril.laser.ethereum.instructions [DEBUG]: Evaluating JUMPI at 18
mythril.laser.ethereum.instructions [DEBUG]: Evaluating DUP1 at 19
mythril.laser.ethereum.instructions [DEBUG]: Evaluating JUMPDEST at 33
mythril.laser.ethereum.instructions [DEBUG]: Evaluating PUSH4 at 20
mythril.laser.ethereum.instructions [DEBUG]: Evaluating CALLVALUE at 34
mythril.laser.ethereum.instructions [DEBUG]: Evaluating EQ at 21
mythril.laser.ethereum.instructions [DEBUG]: Evaluating DUP1 at 35
mythril.laser.ethereum.instructions [DEBUG]: Evaluating PUSH2 at 22
mythril.laser.ethereum.instructions [DEBUG]: Evaluating ISZERO at 36
mythril.analysis.module.base [DEBUG]: Entering analysis module: TxOrigin
mythril.analysis.module.base [DEBUG]: Exiting analysis module: TxOrigin
mythril.analysis.module.base [DEBUG]: Entering analysis module: IntegerArithmetics
mythril.analysis.module.base [DEBUG]: Exiting analysis module: IntegerArithmetics
mythril.laser.ethereum.instructions [DEBUG]: Evaluating JUMPI at 23
mythril.laser.ethereum.svm [DEBUG]: - Entering function MAIN:unknown
mythril.laser.ethereum.instructions [DEBUG]: Evaluating PUSH2 at 37
mythril.laser.ethereum.instructions [DEBUG]: Evaluating DUP1 at 24
mythril.laser.ethereum.instructions [DEBUG]: Evaluating JUMPDEST at 63
mythril.analysis.module.base [DEBUG]: Entering analysis module: TxOrigin
mythril.analysis.module.base [DEBUG]: Exiting analysis module: TxOrigin
mythril.analysis.module.base [DEBUG]: Entering analysis module: IntegerArithmetics
mythril.analysis.module.base [DEBUG]: Exiting analysis module: IntegerArithmetics
mythril.laser.ethereum.instructions [DEBUG]: Evaluating JUMPI at 38
mythril.laser.ethereum.instructions [DEBUG]: Evaluating PUSH4 at 25
mythril.laser.ethereum.instructions [DEBUG]: Evaluating CALLVALUE at 64
mythril.laser.ethereum.instructions [DEBUG]: Evaluating PUSH1 at 39
mythril.laser.ethereum.instructions [DEBUG]: Evaluating JUMPDEST at 42
mythril.laser.ethereum.instructions [DEBUG]: Evaluating EQ at 26
mythril.laser.ethereum.instructions [DEBUG]: Evaluating DUP1 at 65
mythril.laser.ethereum.instructions [DEBUG]: Evaluating DUP1 at 40
mythril.laser.ethereum.instructions [DEBUG]: Evaluating POP at 43
mythril.laser.ethereum.instructions [DEBUG]: Evaluating PUSH2 at 27
mythril.laser.ethereum.instructions [DEBUG]: Evaluating ISZERO at 66
mythril.laser.ethereum.instructions [DEBUG]: Evaluating REVERT at 41
mythril.laser.ethereum.svm [DEBUG]: Ending transaction MessageCallTransaction 1 from sender_1 to                                        0x0.
mythril.laser.ethereum.instructions [DEBUG]: Evaluating PUSH2 at 44
mythril.analysis.module.base [DEBUG]: Entering analysis module: TxOrigin
mythril.analysis.module.base [DEBUG]: Exiting analysis module: TxOrigin
mythril.analysis.module.base [DEBUG]: Entering analysis module: IntegerArithmetics
mythril.analysis.module.base [DEBUG]: Exiting analysis module: IntegerArithmetics
mythril.laser.ethereum.instructions [DEBUG]: Evaluating JUMPI at 28
mythril.laser.ethereum.svm [DEBUG]: - Entering function MAIN:unknown
mythril.laser.ethereum.instructions [DEBUG]: Evaluating PUSH2 at 67
mythril.laser.ethereum.instructions [DEBUG]: Evaluating PUSH2 at 45
mythril.laser.ethereum.instructions [DEBUG]: Evaluating JUMPDEST at 29
mythril.laser.ethereum.instructions [DEBUG]: Evaluating JUMPDEST at 96
mythril.analysis.module.base [DEBUG]: Entering analysis module: TxOrigin
mythril.analysis.module.base [DEBUG]: Exiting analysis module: TxOrigin
mythril.analysis.module.base [DEBUG]: Entering analysis module: IntegerArithmetics
mythril.analysis.module.base [DEBUG]: Exiting analysis module: IntegerArithmetics
mythril.laser.ethereum.instructions [DEBUG]: Evaluating JUMPI at 68
mythril.laser.ethereum.instructions [DEBUG]: Evaluating JUMP at 46
mythril.laser.ethereum.instructions [DEBUG]: Evaluating PUSH1 at 30
mythril.laser.ethereum.instructions [DEBUG]: Evaluating PUSH2 at 97
mythril.laser.ethereum.instructions [DEBUG]: Evaluating PUSH1 at 69
mythril.laser.ethereum.instructions [DEBUG]: Evaluating JUMPDEST at 72
mythril.laser.ethereum.instructions [DEBUG]: Evaluating JUMPDEST at 102
mythril.laser.ethereum.instructions [DEBUG]: Evaluating DUP1 at 31
mythril.laser.ethereum.instructions [DEBUG]: Evaluating PUSH2 at 98
mythril.laser.ethereum.instructions [DEBUG]: Evaluating DUP1 at 70
mythril.laser.ethereum.instructions [DEBUG]: Evaluating POP at 73
mythril.laser.ethereum.instructions [DEBUG]: Evaluating PUSH1 at 103
mythril.laser.ethereum.instructions [DEBUG]: Evaluating REVERT at 32
mythril.laser.ethereum.svm [DEBUG]: Ending transaction MessageCallTransaction 1 from sender_1 to                                        0x0.
mythril.laser.ethereum.instructions [DEBUG]: Evaluating JUMP at 99
mythril.laser.ethereum.instructions [DEBUG]: Evaluating REVERT at 71
mythril.laser.ethereum.svm [DEBUG]: Ending transaction MessageCallTransaction 1 from sender_1 to                                        0x0.
mythril.laser.ethereum.instructions [DEBUG]: Evaluating PUSH2 at 74
mythril.laser.ethereum.instructions [DEBUG]: Evaluating SLOAD at 104
mythril.laser.ethereum.instructions [DEBUG]: Evaluating JUMPDEST at 114
mythril.laser.ethereum.instructions [DEBUG]: Evaluating PUSH2 at 75
mythril.laser.ethereum.instructions [DEBUG]: Evaluating DUP2 at 105
mythril.laser.ethereum.instructions [DEBUG]: Evaluating PUSH1 at 115
mythril.laser.ethereum.instructions [DEBUG]: Evaluating JUMP at 76
mythril.laser.ethereum.instructions [DEBUG]: Evaluating JUMP at 106
mythril.laser.ethereum.instructions [DEBUG]: Evaluating CALLVALUE at 116
mythril.laser.ethereum.instructions [DEBUG]: Evaluating JUMPDEST at 107
mythril.laser.ethereum.instructions [DEBUG]: Evaluating JUMPDEST at 47
mythril.laser.ethereum.instructions [DEBUG]: Evaluating PUSH1 at 117
mythril.laser.ethereum.instructions [DEBUG]: Evaluating PUSH1 at 108
mythril.laser.ethereum.instructions [DEBUG]: Evaluating PUSH1 at 48
mythril.laser.ethereum.instructions [DEBUG]: Evaluating EQ at 118
mythril.laser.ethereum.instructions [DEBUG]: Evaluating SLOAD at 109
mythril.laser.ethereum.instructions [DEBUG]: Evaluating DUP1 at 49
mythril.laser.ethereum.instructions [DEBUG]: Evaluating PUSH2 at 119
mythril.laser.ethereum.instructions [DEBUG]: Evaluating PUSH20 at 110
mythril.laser.ethereum.instructions [DEBUG]: Evaluating MLOAD at 50
mythril.analysis.module.base [DEBUG]: Entering analysis module: TxOrigin
mythril.analysis.module.base [DEBUG]: Exiting analysis module: TxOrigin
mythril.analysis.module.base [DEBUG]: Entering analysis module: IntegerArithmetics
mythril.analysis.module.base [DEBUG]: Exiting analysis module: IntegerArithmetics
mythril.laser.ethereum.instructions [DEBUG]: Evaluating JUMPI at 120
mythril.laser.ethereum.svm [DEBUG]: - Entering function MAIN:unknown
mythril.laser.ethereum.instructions [DEBUG]: Evaluating AND at 111
mythril.laser.ethereum.instructions [DEBUG]: Evaluating SWAP2 at 51
mythril.laser.ethereum.instructions [DEBUG]: Evaluating ASSERT_FAIL at 121
mythril.laser.ethereum.svm [DEBUG]: Encountered a VmException, ending path: ``
mythril.laser.ethereum.instructions [DEBUG]: Evaluating JUMPDEST at 122
mythril.laser.ethereum.instructions [DEBUG]: Evaluating DUP2 at 112
mythril.laser.ethereum.instructions [DEBUG]: Evaluating DUP3 at 52
mythril.laser.ethereum.instructions [DEBUG]: Evaluating PUSH1 at 123
mythril.laser.ethereum.instructions [DEBUG]: Evaluating JUMP at 113
mythril.laser.ethereum.instructions [DEBUG]: Evaluating MSTORE at 53
mythril.laser.ethereum.instructions [DEBUG]: Evaluating DUP1 at 124
mythril.laser.ethereum.instructions [DEBUG]: Evaluating JUMPDEST at 77
mythril.laser.ethereum.instructions [DEBUG]: Evaluating MLOAD at 54
mythril.laser.ethereum.instructions [DEBUG]: Evaluating SLOAD at 125
mythril.laser.ethereum.instructions [DEBUG]: Evaluating PUSH1 at 78
mythril.laser.ethereum.instructions [DEBUG]: Evaluating SWAP1 at 55
mythril.laser.ethereum.instructions [DEBUG]: Evaluating CALLVALUE at 126
mythril.laser.ethereum.instructions [DEBUG]: Evaluating DUP1 at 79
mythril.laser.ethereum.instructions [DEBUG]: Evaluating DUP2 at 56
mythril.analysis.module.base [DEBUG]: Entering analysis module: IntegerArithmetics
mythril.analysis.module.base [DEBUG]: Exiting analysis module: IntegerArithmetics
mythril.laser.ethereum.instructions [DEBUG]: Evaluating ADD at 127
mythril.laser.ethereum.instructions [DEBUG]: Evaluating MLOAD at 80
mythril.laser.ethereum.instructions [DEBUG]: Evaluating SWAP1 at 57
mythril.laser.ethereum.instructions [DEBUG]: Evaluating SWAP1 at 128
mythril.laser.ethereum.instructions [DEBUG]: Evaluating PUSH20 at 81
mythril.analysis.module.base [DEBUG]: Entering analysis module: IntegerArithmetics
mythril.analysis.module.base [DEBUG]: Exiting analysis module: IntegerArithmetics
mythril.laser.ethereum.instructions [DEBUG]: Evaluating SUB at 58
mythril.analysis.module.base [DEBUG]: Entering analysis module: ArbitraryStorage
mythril.analysis.module.base [DEBUG]: Exiting analysis module: ArbitraryStorage
mythril.analysis.module.base [DEBUG]: Entering analysis module: IntegerArithmetics
mythril.analysis.module.base [DEBUG]: Exiting analysis module: IntegerArithmetics
mythril.analysis.module.base [DEBUG]: Entering analysis module: StateChangeAfterCall
mythril.analysis.module.base [DEBUG]: Exiting analysis module: StateChangeAfterCall
mythril.laser.ethereum.instructions [DEBUG]: Evaluating SSTORE at 129
mythril.laser.ethereum.instructions [DEBUG]: Evaluating SWAP1 at 82
mythril.laser.ethereum.instructions [DEBUG]: Evaluating PUSH1 at 59
mythril.laser.ethereum.instructions [DEBUG]: Evaluating PUSH1 at 130
mythril.laser.ethereum.instructions [DEBUG]: Evaluating SWAP3 at 83
mythril.analysis.module.base [DEBUG]: Entering analysis module: IntegerArithmetics
mythril.analysis.module.base [DEBUG]: Exiting analysis module: IntegerArithmetics
mythril.laser.ethereum.instructions [DEBUG]: Evaluating ADD at 60
mythril.laser.ethereum.instructions [DEBUG]: Evaluating DUP1 at 131
mythril.laser.ethereum.instructions [DEBUG]: Evaluating AND at 84
mythril.laser.ethereum.instructions [DEBUG]: Evaluating SWAP1 at 61
mythril.laser.ethereum.instructions [DEBUG]: Evaluating MLOAD at 132
mythril.laser.ethereum.instructions [DEBUG]: Evaluating DUP3 at 85
mythril.analysis.module.base [DEBUG]: Entering analysis module: IntegerArithmetics
mythril.analysis.module.base [DEBUG]: Exiting analysis module: IntegerArithmetics
mythril.analysis.module.base [DEBUG]: Entering analysis module: UncheckedRetval
mythril.analysis.module.base [DEBUG]: Exiting analysis module: UncheckedRetval
mythril.laser.ethereum.instructions [DEBUG]: Evaluating RETURN at 62
mythril.laser.ethereum.svm [DEBUG]: Ending transaction MessageCallTransaction 1 from sender_1 to                                        0x0.
mythril.laser.ethereum.instructions [DEBUG]: Evaluating TIMESTAMP at 133
mythril.laser.ethereum.instructions [DEBUG]: Evaluating MSTORE at 86
mythril.laser.ethereum.instructions [DEBUG]: Evaluating DUP2 at 134
mythril.laser.ethereum.instructions [DEBUG]: Evaluating MLOAD at 87
mythril.laser.ethereum.instructions [DEBUG]: Evaluating MSTORE at 135
mythril.laser.ethereum.instructions [DEBUG]: Evaluating SWAP1 at 88
mythril.laser.ethereum.instructions [DEBUG]: Evaluating SWAP1 at 136
mythril.laser.ethereum.instructions [DEBUG]: Evaluating DUP2 at 89
mythril.laser.ethereum.instructions [DEBUG]: Evaluating MLOAD at 137
mythril.laser.ethereum.instructions [DEBUG]: Evaluating SWAP1 at 90
mythril.laser.ethereum.instructions [DEBUG]: Evaluating SWAP1 at 138
mythril.analysis.module.base [DEBUG]: Entering analysis module: IntegerArithmetics
mythril.analysis.module.base [DEBUG]: Exiting analysis module: IntegerArithmetics
mythril.laser.ethereum.instructions [DEBUG]: Evaluating SUB at 91
mythril.laser.ethereum.instructions [DEBUG]: Evaluating DUP2 at 139
mythril.laser.ethereum.instructions [DEBUG]: Evaluating PUSH1 at 92
mythril.laser.ethereum.instructions [DEBUG]: Evaluating SWAP1 at 140
mythril.analysis.module.base [DEBUG]: Entering analysis module: IntegerArithmetics
mythril.analysis.module.base [DEBUG]: Exiting analysis module: IntegerArithmetics
mythril.laser.ethereum.instructions [DEBUG]: Evaluating ADD at 93
mythril.analysis.module.base [DEBUG]: Entering analysis module: IntegerArithmetics
mythril.analysis.module.base [DEBUG]: Exiting analysis module: IntegerArithmetics
mythril.laser.ethereum.instructions [DEBUG]: Evaluating SUB at 141
mythril.laser.ethereum.instructions [DEBUG]: Evaluating SWAP1 at 94
mythril.laser.ethereum.instructions [DEBUG]: Evaluating PUSH1 at 142
mythril.analysis.module.base [DEBUG]: Entering analysis module: IntegerArithmetics
mythril.analysis.module.base [DEBUG]: Exiting analysis module: IntegerArithmetics
mythril.analysis.module.base [DEBUG]: Entering analysis module: UncheckedRetval
mythril.analysis.module.base [DEBUG]: Exiting analysis module: UncheckedRetval
mythril.laser.ethereum.instructions [DEBUG]: Evaluating RETURN at 95
mythril.laser.ethereum.svm [DEBUG]: Ending transaction MessageCallTransaction 1 from sender_1 to                                        0x0.
mythril.analysis.module.base [DEBUG]: Entering analysis module: IntegerArithmetics
mythril.analysis.module.base [DEBUG]: Exiting analysis module: IntegerArithmetics
mythril.laser.ethereum.instructions [DEBUG]: Evaluating ADD at 143
mythril.laser.ethereum.instructions [DEBUG]: Evaluating SWAP1 at 144
mythril.laser.ethereum.instructions [DEBUG]: Evaluating SHA3 at 145
mythril.laser.ethereum.instructions [DEBUG]: Evaluating PUSH1 at 146
mythril.laser.ethereum.instructions [DEBUG]: Evaluating SWAP1 at 147
mythril.laser.ethereum.instructions [DEBUG]: Evaluating MOD at 148
mythril.laser.ethereum.instructions [DEBUG]: Evaluating SWAP1 at 149
mythril.laser.ethereum.instructions [DEBUG]: Evaluating POP at 150
mythril.laser.ethereum.instructions [DEBUG]: Evaluating DUP1 at 151
mythril.laser.ethereum.instructions [DEBUG]: Evaluating ISZERO at 152
mythril.laser.ethereum.instructions [DEBUG]: Evaluating ISZERO at 153
mythril.laser.ethereum.instructions [DEBUG]: Evaluating PUSH2 at 154
mythril.analysis.module.base [DEBUG]: Entering analysis module: TxOrigin
mythril.analysis.module.base [DEBUG]: Exiting analysis module: TxOrigin
mythril.analysis.module.base [DEBUG]: Entering analysis module: IntegerArithmetics
mythril.analysis.module.base [DEBUG]: Exiting analysis module: IntegerArithmetics
mythril.laser.ethereum.instructions [DEBUG]: Evaluating JUMPI at 155
mythril.laser.ethereum.instructions [DEBUG]: Evaluating PUSH1 at 156
mythril.laser.ethereum.instructions [DEBUG]: Evaluating DUP1 at 157
mythril.laser.ethereum.instructions [DEBUG]: Evaluating SLOAD at 158
mythril.laser.ethereum.instructions [DEBUG]: Evaluating PUSH1 at 159
mythril.laser.ethereum.instructions [DEBUG]: Evaluating MLOAD at 160
mythril.laser.ethereum.instructions [DEBUG]: Evaluating PUSH20 at 161
mythril.laser.ethereum.instructions [DEBUG]: Evaluating SWAP1 at 162
mythril.laser.ethereum.instructions [DEBUG]: Evaluating SWAP2 at 163
mythril.laser.ethereum.instructions [DEBUG]: Evaluating AND at 164
mythril.laser.ethereum.instructions [DEBUG]: Evaluating SWAP2 at 165
mythril.laser.ethereum.instructions [DEBUG]: Evaluating SWAP1 at 166
mythril.laser.ethereum.instructions [DEBUG]: Evaluating PUSH1 at 167
mythril.laser.ethereum.instructions [DEBUG]: Evaluating SWAP1 at 168
mythril.laser.ethereum.instructions [DEBUG]: Evaluating DUP3 at 169
mythril.laser.ethereum.instructions [DEBUG]: Evaluating DUP2 at 170
mythril.laser.ethereum.instructions [DEBUG]: Evaluating DUP2 at 171
mythril.laser.ethereum.instructions [DEBUG]: Evaluating DUP2 at 172
mythril.laser.ethereum.instructions [DEBUG]: Evaluating DUP6 at 173
mythril.laser.ethereum.instructions [DEBUG]: Evaluating DUP9 at 174
mythril.laser.ethereum.instructions [DEBUG]: Evaluating DUP4 at 175
mythril.analysis.module.base [DEBUG]: Entering analysis module: IntegerArithmetics
mythril.analysis.module.base [DEBUG]: Exiting analysis module: IntegerArithmetics
mythril.analysis.module.base [DEBUG]: Entering analysis module: StateChangeAfterCall
mythril.analysis.module.base [DEBUG]: Exiting analysis module: StateChangeAfterCall
mythril.laser.ethereum.instructions [DEBUG]: Evaluating CALL at 176
mythril.laser.ethereum.svm [DEBUG]: Starting new transaction MessageCallTransaction 2 from 0 to                                        0x0
mythril.laser.ethereum.instructions [DEBUG]: Evaluating PUSH1 at 0
mythril.laser.ethereum.instructions [DEBUG]: Evaluating PUSH1 at 1
mythril.laser.ethereum.instructions [DEBUG]: Evaluating MSTORE at 2
mythril.laser.ethereum.instructions [DEBUG]: Evaluating PUSH1 at 3
mythril.laser.ethereum.instructions [DEBUG]: Evaluating CALLDATASIZE at 4
mythril.laser.ethereum.instructions [DEBUG]: Evaluating LT at 5
mythril.laser.ethereum.instructions [DEBUG]: Evaluating PUSH2 at 6
mythril.analysis.module.base [DEBUG]: Entering analysis module: TxOrigin
mythril.analysis.module.base [DEBUG]: Exiting analysis module: TxOrigin
mythril.analysis.module.base [DEBUG]: Entering analysis module: IntegerArithmetics
mythril.analysis.module.base [DEBUG]: Exiting analysis module: IntegerArithmetics
mythril.laser.ethereum.instructions [DEBUG]: Evaluating JUMPI at 7
mythril.laser.ethereum.instructions [DEBUG]: Pruned unreachable states.
mythril.laser.ethereum.instructions [DEBUG]: Evaluating JUMPDEST at 29
mythril.laser.ethereum.instructions [DEBUG]: Evaluating PUSH1 at 30
mythril.laser.ethereum.instructions [DEBUG]: Evaluating DUP1 at 31
mythril.laser.ethereum.instructions [DEBUG]: Evaluating REVERT at 32
mythril.laser.ethereum.svm [DEBUG]: Ending transaction MessageCallTransaction 2 from 0 to                                        0x0.
mythril.laser.ethereum.instructions [DEBUG]: Evaluating CALL at 176
mythril.laser.ethereum.instructions [DEBUG]: Evaluating SWAP4 at 177
mythril.laser.ethereum.instructions [DEBUG]: Evaluating POP at 178
mythril.laser.ethereum.instructions [DEBUG]: Evaluating POP at 179
mythril.laser.ethereum.instructions [DEBUG]: Evaluating POP at 180
mythril.laser.ethereum.instructions [DEBUG]: Evaluating POP at 181
mythril.laser.ethereum.instructions [DEBUG]: Evaluating ISZERO at 182
mythril.laser.ethereum.instructions [DEBUG]: Evaluating DUP1 at 183
mythril.laser.ethereum.instructions [DEBUG]: Evaluating ISZERO at 184
mythril.laser.ethereum.instructions [DEBUG]: Evaluating PUSH2 at 185
mythril.analysis.module.base [DEBUG]: Entering analysis module: TxOrigin
mythril.analysis.module.base [DEBUG]: Exiting analysis module: TxOrigin
mythril.analysis.module.base [DEBUG]: Entering analysis module: IntegerArithmetics
mythril.analysis.module.base [DEBUG]: Exiting analysis module: IntegerArithmetics
mythril.laser.ethereum.instructions [DEBUG]: Evaluating JUMPI at 186
mythril.laser.ethereum.instructions [DEBUG]: Evaluating JUMPDEST at 194
mythril.laser.ethereum.instructions [DEBUG]: Evaluating POP at 195
mythril.laser.ethereum.instructions [DEBUG]: Evaluating PUSH1 at 196
mythril.laser.ethereum.instructions [DEBUG]: Evaluating SLOAD at 197
mythril.laser.ethereum.instructions [DEBUG]: Evaluating PUSH1 at 198
mythril.laser.ethereum.instructions [DEBUG]: Evaluating MLOAD at 199
mythril.laser.ethereum.instructions [DEBUG]: Evaluating CALLER at 200
mythril.laser.ethereum.instructions [DEBUG]: Evaluating SWAP2 at 201
mythril.laser.ethereum.instructions [DEBUG]: Evaluating PUSH1 at 202
mythril.laser.ethereum.instructions [DEBUG]: Evaluating NOT at 203
mythril.laser.ethereum.instructions [DEBUG]: Evaluating PUSH2 at 204
mythril.laser.ethereum.instructions [DEBUG]: Evaluating PUSH2 at 205
mythril.laser.ethereum.instructions [DEBUG]: Evaluating JUMP at 206
mythril.laser.ethereum.instructions [DEBUG]: Evaluating JUMPDEST at 250
mythril.laser.ethereum.instructions [DEBUG]: Evaluating DUP3 at 251
mythril.laser.ethereum.instructions [DEBUG]: Evaluating DUP3 at 252
mythril.laser.ethereum.instructions [DEBUG]: Evaluating DUP2 at 253
mythril.analysis.module.base [DEBUG]: Entering analysis module: IntegerArithmetics
mythril.analysis.module.base [DEBUG]: Exiting analysis module: IntegerArithmetics
mythril.laser.ethereum.instructions [DEBUG]: Evaluating ADD at 254
mythril.laser.ethereum.instructions [DEBUG]: Evaluating DUP1 at 255
mythril.laser.ethereum.instructions [DEBUG]: Evaluating SWAP2 at 256
mythril.laser.ethereum.instructions [DEBUG]: Evaluating GT at 257
mythril.laser.ethereum.instructions [DEBUG]: Evaluating ISZERO at 258
mythril.laser.ethereum.instructions [DEBUG]: Evaluating SWAP1 at 259
mythril.laser.ethereum.instructions [DEBUG]: Evaluating SWAP2 at 260
mythril.analysis.module.base [DEBUG]: Entering analysis module: TxOrigin
mythril.analysis.module.base [DEBUG]: Exiting analysis module: TxOrigin
mythril.analysis.module.base [DEBUG]: Entering analysis module: IntegerArithmetics
mythril.analysis.module.base [DEBUG]: Exiting analysis module: IntegerArithmetics
mythril.laser.ethereum.instructions [DEBUG]: Evaluating JUMPI at 261
mythril.laser.ethereum.instructions [DEBUG]: Evaluating PUSH1 at 262
mythril.laser.ethereum.instructions [DEBUG]: Evaluating DUP1 at 263
mythril.laser.ethereum.instructions [DEBUG]: Evaluating REVERT at 264
mythril.laser.ethereum.svm [DEBUG]: Ending transaction MessageCallTransaction 1 from sender_1 to                                        0x0.
mythril.laser.plugin.plugins.coverage.coverage_plugin [INFO]: Number of new instructions covered in tx 0: 213
mythril.laser.ethereum.svm [INFO]: Finished symbolic execution
mythril.laser.plugin.plugins.coverage.coverage_plugin [INFO]: Achieved 80.38% coverage for code: 6080604052600436106100565763ffffffff7c01000000000000000000000000000000000000000000000000000000006000350416634ba2363a811461005b57806376cdb03b1461008257806393e84cd9146100c0575b600080fd5b34801561006757600080fd5b506100706100ca565b60408051918252519081900360200190f35b34801561008e57600080fd5b506100976100d0565b6040805173ffffffffffffffffffffffffffffffffffffffff9092168252519081900360200190f35b6100c86100ec565b005b60015481565b60005473ffffffffffffffffffffffffffffffffffffffff1681565b600034600a146100f857fe5b60018054340190556040805142815290519081900360200190206002900690508015156101a5576000805460405173ffffffffffffffffffffffffffffffffffffffff909116919060019082818181858883f19350505050158015610161573d6000803e3d6000fd5b5060015460405133916000196101756101a9565b91505080156108fc02916000818181858888f1935050505015801561019e573d6000803e3d6000fd5b5060006001555b5056005b8282810180911115909157600080fd
mythril.laser.plugin.plugins.instruction_profiler [INFO]: Total: 0.24468255043029785 s
[ADD         ]   0.8130 %,  nr      5,  total   0.0020 s,  avg   0.0004 s,  min   0.0003 s,  max   0.0006 s
[AND         ]   0.6998 %,  nr      4,  total   0.0017 s,  avg   0.0004 s,  min   0.0003 s,  max   0.0008 s
[CALL        ]   0.3841 %,  nr      1,  total   0.0009 s,  avg   0.0009 s,  min   0.0009 s,  max   0.0009 s
[CALLDATALOAD]   4.3264 %,  nr      1,  total   0.0106 s,  avg   0.0106 s,  min   0.0106 s,  max   0.0106 s
[CALLDATASIZE]   0.4250 %,  nr      2,  total   0.0010 s,  avg   0.0005 s,  min   0.0005 s,  max   0.0005 s
[CALLER      ]   0.2211 %,  nr      1,  total   0.0005 s,  avg   0.0005 s,  min   0.0005 s,  max   0.0005 s
[CALLVALUE   ]   0.4766 %,  nr      4,  total   0.0012 s,  avg   0.0003 s,  min   0.0003 s,  max   0.0004 s
[DIV         ]   0.2416 %,  nr      1,  total   0.0006 s,  avg   0.0006 s,  min   0.0006 s,  max   0.0006 s
[DUP1        ]   2.7445 %,  nr     18,  total   0.0067 s,  avg   0.0004 s,  min   0.0002 s,  max   0.0008 s
[DUP2        ]   1.4133 %,  nr     11,  total   0.0035 s,  avg   0.0003 s,  min   0.0002 s,  max   0.0005 s
[DUP3        ]   0.7847 %,  nr      5,  total   0.0019 s,  avg   0.0004 s,  min   0.0003 s,  max   0.0006 s
[DUP4        ]   0.0989 %,  nr      1,  total   0.0002 s,  avg   0.0002 s,  min   0.0002 s,  max   0.0002 s
[DUP6        ]   0.1054 %,  nr      1,  total   0.0003 s,  avg   0.0003 s,  min   0.0003 s,  max   0.0003 s
[DUP9        ]   0.0985 %,  nr      1,  total   0.0002 s,  avg   0.0002 s,  min   0.0002 s,  max   0.0002 s
[EQ          ]   0.5031 %,  nr      4,  total   0.0012 s,  avg   0.0003 s,  min   0.0003 s,  max   0.0003 s
[GT          ]   0.1308 %,  nr      1,  total   0.0003 s,  avg   0.0003 s,  min   0.0003 s,  max   0.0003 s
[ISZERO      ]   1.1525 %,  nr      7,  total   0.0028 s,  avg   0.0004 s,  min   0.0004 s,  max   0.0005 s
[JUMP        ]   1.5638 %,  nr      6,  total   0.0038 s,  avg   0.0006 s,  min   0.0005 s,  max   0.0010 s
[JUMPDEST    ]   3.0906 %,  nr     16,  total   0.0076 s,  avg   0.0005 s,  min   0.0002 s,  max   0.0013 s
[JUMPI       ]   5.5248 %,  nr     11,  total   0.0135 s,  avg   0.0012 s,  min   0.0009 s,  max   0.0019 s
[LT          ]   0.4757 %,  nr      2,  total   0.0012 s,  avg   0.0006 s,  min   0.0005 s,  max   0.0006 s
[MLOAD       ]  28.2369 %,  nr      8,  total   0.0691 s,  avg   0.0086 s,  min   0.0082 s,  max   0.0092 s
[MOD         ]   0.1762 %,  nr      1,  total   0.0004 s,  avg   0.0004 s,  min   0.0004 s,  max   0.0004 s
[MSTORE      ]  24.6134 %,  nr      5,  total   0.0602 s,  avg   0.0120 s,  min   0.0058 s,  max   0.0176 s
[NOT         ]   0.1851 %,  nr      1,  total   0.0005 s,  avg   0.0005 s,  min   0.0005 s,  max   0.0005 s
[POP         ]   1.0270 %,  nr      8,  total   0.0025 s,  avg   0.0003 s,  min   0.0003 s,  max   0.0005 s
[PUSH1       ]   5.9303 %,  nr     31,  total   0.0145 s,  avg   0.0005 s,  min   0.0003 s,  max   0.0011 s
[PUSH2       ]   2.7955 %,  nr     18,  total   0.0068 s,  avg   0.0004 s,  min   0.0003 s,  max   0.0008 s
[PUSH20      ]   0.6062 %,  nr      3,  total   0.0015 s,  avg   0.0005 s,  min   0.0003 s,  max   0.0007 s
[PUSH29      ]   0.2080 %,  nr      1,  total   0.0005 s,  avg   0.0005 s,  min   0.0005 s,  max   0.0005 s
[PUSH4       ]   0.9621 %,  nr      4,  total   0.0024 s,  avg   0.0006 s,  min   0.0003 s,  max   0.0010 s
[SHA3        ]   4.4633 %,  nr      1,  total   0.0109 s,  avg   0.0109 s,  min   0.0109 s,  max   0.0109 s
[SLOAD       ]   0.9707 %,  nr      5,  total   0.0024 s,  avg   0.0005 s,  min   0.0004 s,  max   0.0007 s
[SSTORE      ]   0.1615 %,  nr      1,  total   0.0004 s,  avg   0.0004 s,  min   0.0004 s,  max   0.0004 s
[SUB         ]   0.4231 %,  nr      3,  total   0.0010 s,  avg   0.0003 s,  min   0.0003 s,  max   0.0004 s
[SWAP1       ]   2.5516 %,  nr     18,  total   0.0062 s,  avg   0.0003 s,  min   0.0003 s,  max   0.0006 s
[SWAP2       ]   0.7242 %,  nr      6,  total   0.0018 s,  avg   0.0003 s,  min   0.0003 s,  max   0.0004 s
[SWAP3       ]   0.1157 %,  nr      1,  total   0.0003 s,  avg   0.0003 s,  min   0.0003 s,  max   0.0003 s
[SWAP4       ]   0.3069 %,  nr      1,  total   0.0008 s,  avg   0.0008 s,  min   0.0008 s,  max   0.0008 s
[TIMESTAMP   ]   0.2681 %,  nr      1,  total   0.0007 s,  avg   0.0007 s,  min   0.0007 s,  max   0.0007 s

mythril.analysis.security [INFO]: Starting analysis
mythril.analysis.security [DEBUG]: Retrieving results for Caller can write to arbitrary storage locations
mythril.analysis.security [DEBUG]: Retrieving results for Delegatecall to a user-specified address
mythril.analysis.security [DEBUG]: Retrieving results for Control flow depends on tx.origin
mythril.analysis.security [DEBUG]: Retrieving results for Any sender can withdraw ETH from the contract account
mythril.analysis.security [DEBUG]: Retrieving results for Integer overflow or underflow
mythril.analysis.security [DEBUG]: Retrieving results for State change after an external call
mythril.analysis.security [DEBUG]: Retrieving results for Contract can be accidentally killed by anyone
mythril.analysis.security [DEBUG]: Retrieving results for Return value of an external call is not checked
mythril.mythril.mythril_analyzer [INFO]: Solver statistics: 
Query count: 29 
Solver time: 0.2578752040863037
{"error": null, "issues": [], "success": true}
