mythril.mythril.mythril_config [INFO]: Creating mythril data directory 
mythril.mythril.mythril_config [INFO]: No config file found. Creating default: /root/.mythril/config.ini 
mythril.mythril.mythril_config [INFO]: Infura key not provided, so onchain access is disabled. Use --infura-id <INFURA_ID> or set it in the environment variable INFURA_ID or in the ~/.mythril/config.ini file 
mythril.support.signatures [INFO]: Using signature database at /root/.mythril/signatures.db
mythril.laser.ethereum.svm [INFO]: LASER EVM initialized with dynamic loader: <mythril.support.loader.DynLoader object at 0x7ff3fc083eb0>
mythril.laser.ethereum.strategy.extensions.bounded_loops [INFO]: Loaded search strategy extension: Loop bounds (limit = 3)
mythril.laser.plugin.loader [INFO]: Loading laser plugin: coverage
mythril.laser.plugin.loader [INFO]: Loading laser plugin: mutation-pruner
mythril.laser.plugin.loader [INFO]: Loading laser plugin: call-depth-limit
mythril.laser.plugin.loader [INFO]: Loading laser plugin: instruction-profiler
mythril.laser.plugin.loader [INFO]: Loading laser plugin: dependency-pruner
mythril.laser.plugin.loader [INFO]: Instrumenting symbolic vm with plugin: coverage
mythril.laser.plugin.loader [INFO]: Instrumenting symbolic vm with plugin: mutation-pruner
mythril.laser.plugin.loader [INFO]: Instrumenting symbolic vm with plugin: call-depth-limit
mythril.laser.plugin.loader [INFO]: Instrumenting symbolic vm with plugin: instruction-profiler
mythril.laser.plugin.loader [INFO]: Instrumenting symbolic vm with plugin: dependency-pruner
mythril.laser.ethereum.svm [DEBUG]: Starting LASER execution
mythril.laser.ethereum.svm [INFO]: Starting message call transaction to 0
mythril.laser.ethereum.svm [INFO]: Starting message call transaction, iteration: 0, 1 initial states
mythril.laser.ethereum.instructions [DEBUG]: Evaluating PUSH1 at 0
mythril.laser.ethereum.instructions [DEBUG]: Evaluating PUSH1 at 1
mythril.laser.ethereum.instructions [DEBUG]: Evaluating MSTORE at 2
mythril.laser.ethereum.instructions [DEBUG]: Evaluating PUSH1 at 3
mythril.laser.ethereum.instructions [DEBUG]: Evaluating CALLDATASIZE at 4
mythril.laser.ethereum.instructions [DEBUG]: Evaluating LT at 5
mythril.laser.ethereum.instructions [DEBUG]: Evaluating PUSH2 at 6
mythril.analysis.module.base [DEBUG]: Entering analysis module: TxOrigin
mythril.analysis.module.base [DEBUG]: Exiting analysis module: TxOrigin
mythril.analysis.module.base [DEBUG]: Entering analysis module: IntegerArithmetics
mythril.analysis.module.base [DEBUG]: Exiting analysis module: IntegerArithmetics
mythril.laser.ethereum.instructions [DEBUG]: Evaluating JUMPI at 7
mythril.laser.ethereum.instructions [DEBUG]: Evaluating PUSH4 at 8
mythril.laser.ethereum.instructions [DEBUG]: Evaluating JUMPDEST at 29
mythril.laser.ethereum.instructions [DEBUG]: Evaluating PUSH29 at 9
mythril.laser.ethereum.instructions [DEBUG]: Evaluating PUSH1 at 30
mythril.laser.ethereum.instructions [DEBUG]: Evaluating PUSH1 at 10
mythril.laser.ethereum.instructions [DEBUG]: Evaluating DUP1 at 31
mythril.laser.ethereum.instructions [DEBUG]: Evaluating CALLDATALOAD at 11
mythril.laser.ethereum.instructions [DEBUG]: Evaluating REVERT at 32
mythril.laser.ethereum.svm [DEBUG]: Ending transaction MessageCallTransaction 1 from sender_1 to                                        0x0.
mythril.laser.ethereum.instructions [DEBUG]: Evaluating DIV at 12
mythril.laser.ethereum.instructions [DEBUG]: Evaluating AND at 13
mythril.laser.ethereum.instructions [DEBUG]: Evaluating PUSH4 at 14
mythril.laser.ethereum.instructions [DEBUG]: Evaluating DUP2 at 15
mythril.laser.ethereum.instructions [DEBUG]: Evaluating EQ at 16
mythril.laser.ethereum.instructions [DEBUG]: Evaluating PUSH2 at 17
mythril.analysis.module.base [DEBUG]: Entering analysis module: TxOrigin
mythril.analysis.module.base [DEBUG]: Exiting analysis module: TxOrigin
mythril.analysis.module.base [DEBUG]: Entering analysis module: IntegerArithmetics
mythril.analysis.module.base [DEBUG]: Exiting analysis module: IntegerArithmetics
mythril.laser.ethereum.instructions [DEBUG]: Evaluating JUMPI at 18
mythril.laser.ethereum.instructions [DEBUG]: Evaluating DUP1 at 19
mythril.laser.ethereum.instructions [DEBUG]: Evaluating JUMPDEST at 33
mythril.laser.ethereum.instructions [DEBUG]: Evaluating PUSH4 at 20
mythril.laser.ethereum.instructions [DEBUG]: Evaluating CALLVALUE at 34
mythril.laser.ethereum.instructions [DEBUG]: Evaluating EQ at 21
mythril.laser.ethereum.instructions [DEBUG]: Evaluating DUP1 at 35
mythril.laser.ethereum.instructions [DEBUG]: Evaluating PUSH2 at 22
mythril.laser.ethereum.instructions [DEBUG]: Evaluating ISZERO at 36
mythril.analysis.module.base [DEBUG]: Entering analysis module: TxOrigin
mythril.analysis.module.base [DEBUG]: Exiting analysis module: TxOrigin
mythril.analysis.module.base [DEBUG]: Entering analysis module: IntegerArithmetics
mythril.analysis.module.base [DEBUG]: Exiting analysis module: IntegerArithmetics
mythril.laser.ethereum.instructions [DEBUG]: Evaluating JUMPI at 23
mythril.laser.ethereum.svm [DEBUG]: - Entering function MAIN:unknown
mythril.laser.ethereum.instructions [DEBUG]: Evaluating PUSH2 at 37
mythril.laser.ethereum.instructions [DEBUG]: Evaluating DUP1 at 24
mythril.laser.ethereum.instructions [DEBUG]: Evaluating JUMPDEST at 63
mythril.analysis.module.base [DEBUG]: Entering analysis module: TxOrigin
mythril.analysis.module.base [DEBUG]: Exiting analysis module: TxOrigin
mythril.analysis.module.base [DEBUG]: Entering analysis module: IntegerArithmetics
mythril.analysis.module.base [DEBUG]: Exiting analysis module: IntegerArithmetics
mythril.laser.ethereum.instructions [DEBUG]: Evaluating JUMPI at 38
mythril.laser.ethereum.instructions [DEBUG]: Evaluating PUSH4 at 25
mythril.laser.ethereum.instructions [DEBUG]: Evaluating CALLVALUE at 64
mythril.laser.ethereum.instructions [DEBUG]: Evaluating PUSH1 at 39
mythril.laser.ethereum.instructions [DEBUG]: Evaluating JUMPDEST at 42
mythril.laser.ethereum.instructions [DEBUG]: Evaluating EQ at 26
mythril.laser.ethereum.instructions [DEBUG]: Evaluating DUP1 at 65
mythril.laser.ethereum.instructions [DEBUG]: Evaluating DUP1 at 40
mythril.laser.ethereum.instructions [DEBUG]: Evaluating POP at 43
mythril.laser.ethereum.instructions [DEBUG]: Evaluating PUSH2 at 27
mythril.laser.ethereum.instructions [DEBUG]: Evaluating ISZERO at 66
mythril.laser.ethereum.instructions [DEBUG]: Evaluating REVERT at 41
mythril.laser.ethereum.svm [DEBUG]: Ending transaction MessageCallTransaction 1 from sender_1 to                                        0x0.
mythril.laser.ethereum.instructions [DEBUG]: Evaluating PUSH2 at 44
mythril.analysis.module.base [DEBUG]: Entering analysis module: TxOrigin
mythril.analysis.module.base [DEBUG]: Exiting analysis module: TxOrigin
mythril.analysis.module.base [DEBUG]: Entering analysis module: IntegerArithmetics
mythril.analysis.module.base [DEBUG]: Exiting analysis module: IntegerArithmetics
mythril.laser.ethereum.instructions [DEBUG]: Evaluating JUMPI at 28
mythril.laser.ethereum.svm [DEBUG]: - Entering function MAIN:unknown
mythril.laser.ethereum.instructions [DEBUG]: Evaluating PUSH2 at 67
mythril.laser.ethereum.instructions [DEBUG]: Evaluating PUSH2 at 45
mythril.laser.ethereum.instructions [DEBUG]: Evaluating JUMPDEST at 29
mythril.laser.ethereum.instructions [DEBUG]: Evaluating JUMPDEST at 96
mythril.analysis.module.base [DEBUG]: Entering analysis module: TxOrigin
mythril.analysis.module.base [DEBUG]: Exiting analysis module: TxOrigin
mythril.analysis.module.base [DEBUG]: Entering analysis module: IntegerArithmetics
mythril.analysis.module.base [DEBUG]: Exiting analysis module: IntegerArithmetics
mythril.laser.ethereum.instructions [DEBUG]: Evaluating JUMPI at 68
mythril.laser.ethereum.instructions [DEBUG]: Evaluating JUMP at 46
mythril.laser.ethereum.instructions [DEBUG]: Evaluating PUSH1 at 30
mythril.laser.ethereum.instructions [DEBUG]: Evaluating PUSH2 at 97
mythril.laser.ethereum.instructions [DEBUG]: Evaluating PUSH1 at 69
mythril.laser.ethereum.instructions [DEBUG]: Evaluating JUMPDEST at 72
mythril.laser.ethereum.instructions [DEBUG]: Evaluating JUMPDEST at 102
mythril.laser.ethereum.instructions [DEBUG]: Evaluating DUP1 at 31
mythril.laser.ethereum.instructions [DEBUG]: Evaluating PUSH2 at 98
mythril.laser.ethereum.instructions [DEBUG]: Evaluating DUP1 at 70
mythril.laser.ethereum.instructions [DEBUG]: Evaluating POP at 73
mythril.laser.ethereum.instructions [DEBUG]: Evaluating PUSH1 at 103
mythril.laser.ethereum.instructions [DEBUG]: Evaluating REVERT at 32
mythril.laser.ethereum.svm [DEBUG]: Ending transaction MessageCallTransaction 1 from sender_1 to                                        0x0.
mythril.laser.ethereum.instructions [DEBUG]: Evaluating JUMP at 99
mythril.laser.ethereum.instructions [DEBUG]: Evaluating REVERT at 71
mythril.laser.ethereum.svm [DEBUG]: Ending transaction MessageCallTransaction 1 from sender_1 to                                        0x0.
mythril.laser.ethereum.instructions [DEBUG]: Evaluating PUSH2 at 74
mythril.laser.ethereum.instructions [DEBUG]: Evaluating SLOAD at 104
mythril.laser.ethereum.instructions [DEBUG]: Evaluating JUMPDEST at 114
mythril.laser.ethereum.instructions [DEBUG]: Evaluating PUSH2 at 75
mythril.laser.ethereum.instructions [DEBUG]: Evaluating DUP2 at 105
mythril.laser.ethereum.instructions [DEBUG]: Evaluating PUSH1 at 115
mythril.laser.ethereum.instructions [DEBUG]: Evaluating JUMP at 76
mythril.laser.ethereum.instructions [DEBUG]: Evaluating JUMP at 106
mythril.laser.ethereum.instructions [DEBUG]: Evaluating CALLVALUE at 116
mythril.laser.ethereum.instructions [DEBUG]: Evaluating JUMPDEST at 107
mythril.laser.ethereum.instructions [DEBUG]: Evaluating JUMPDEST at 47
mythril.laser.ethereum.instructions [DEBUG]: Evaluating PUSH1 at 117
mythril.laser.ethereum.instructions [DEBUG]: Evaluating PUSH1 at 108
mythril.laser.ethereum.instructions [DEBUG]: Evaluating PUSH1 at 48
mythril.laser.ethereum.instructions [DEBUG]: Evaluating EQ at 118
mythril.laser.ethereum.instructions [DEBUG]: Evaluating SLOAD at 109
mythril.laser.ethereum.instructions [DEBUG]: Evaluating DUP1 at 49
mythril.laser.ethereum.instructions [DEBUG]: Evaluating PUSH2 at 119
mythril.laser.ethereum.instructions [DEBUG]: Evaluating PUSH20 at 110
mythril.laser.ethereum.instructions [DEBUG]: Evaluating MLOAD at 50
mythril.analysis.module.base [DEBUG]: Entering analysis module: TxOrigin
mythril.analysis.module.base [DEBUG]: Exiting analysis module: TxOrigin
mythril.analysis.module.base [DEBUG]: Entering analysis module: IntegerArithmetics
mythril.analysis.module.base [DEBUG]: Exiting analysis module: IntegerArithmetics
mythril.laser.ethereum.instructions [DEBUG]: Evaluating JUMPI at 120
mythril.laser.ethereum.svm [DEBUG]: - Entering function MAIN:unknown
mythril.laser.ethereum.instructions [DEBUG]: Evaluating AND at 111
mythril.laser.ethereum.instructions [DEBUG]: Evaluating SWAP2 at 51
mythril.laser.ethereum.instructions [DEBUG]: Evaluating ASSERT_FAIL at 121
mythril.laser.ethereum.svm [DEBUG]: Encountered a VmException, ending path: ``
mythril.laser.ethereum.instructions [DEBUG]: Evaluating JUMPDEST at 122
mythril.laser.ethereum.instructions [DEBUG]: Evaluating DUP2 at 112
mythril.laser.ethereum.instructions [DEBUG]: Evaluating DUP3 at 52
mythril.laser.ethereum.instructions [DEBUG]: Evaluating PUSH1 at 123
mythril.laser.ethereum.instructions [DEBUG]: Evaluating JUMP at 113
mythril.laser.ethereum.instructions [DEBUG]: Evaluating MSTORE at 53
mythril.laser.ethereum.instructions [DEBUG]: Evaluating DUP1 at 124
mythril.laser.ethereum.instructions [DEBUG]: Evaluating JUMPDEST at 77
mythril.laser.ethereum.instructions [DEBUG]: Evaluating MLOAD at 54
mythril.laser.ethereum.instructions [DEBUG]: Evaluating SLOAD at 125
mythril.laser.ethereum.instructions [DEBUG]: Evaluating PUSH1 at 78
mythril.laser.ethereum.instructions [DEBUG]: Evaluating SWAP1 at 55
mythril.laser.ethereum.instructions [DEBUG]: Evaluating CALLVALUE at 126
mythril.laser.ethereum.instructions [DEBUG]: Evaluating DUP1 at 79
mythril.laser.ethereum.instructions [DEBUG]: Evaluating DUP2 at 56
mythril.analysis.module.base [DEBUG]: Entering analysis module: IntegerArithmetics
mythril.analysis.module.base [DEBUG]: Exiting analysis module: IntegerArithmetics
mythril.laser.ethereum.instructions [DEBUG]: Evaluating ADD at 127
mythril.laser.ethereum.instructions [DEBUG]: Evaluating MLOAD at 80
mythril.laser.ethereum.instructions [DEBUG]: Evaluating SWAP1 at 57
mythril.laser.ethereum.instructions [DEBUG]: Evaluating SWAP1 at 128
mythril.laser.ethereum.instructions [DEBUG]: Evaluating PUSH20 at 81
mythril.analysis.module.base [DEBUG]: Entering analysis module: IntegerArithmetics
mythril.analysis.module.base [DEBUG]: Exiting analysis module: IntegerArithmetics
mythril.laser.ethereum.instructions [DEBUG]: Evaluating SUB at 58
mythril.analysis.module.base [DEBUG]: Entering analysis module: ArbitraryStorage
mythril.analysis.module.base [DEBUG]: Exiting analysis module: ArbitraryStorage
mythril.analysis.module.base [DEBUG]: Entering analysis module: IntegerArithmetics
mythril.analysis.module.base [DEBUG]: Exiting analysis module: IntegerArithmetics
mythril.analysis.module.base [DEBUG]: Entering analysis module: StateChangeAfterCall
mythril.analysis.module.base [DEBUG]: Exiting analysis module: StateChangeAfterCall
mythril.laser.ethereum.instructions [DEBUG]: Evaluating SSTORE at 129
mythril.laser.ethereum.instructions [DEBUG]: Evaluating SWAP1 at 82
mythril.laser.ethereum.instructions [DEBUG]: Evaluating PUSH1 at 59
mythril.laser.ethereum.instructions [DEBUG]: Evaluating PUSH1 at 130
mythril.laser.ethereum.instructions [DEBUG]: Evaluating SWAP3 at 83
mythril.analysis.module.base [DEBUG]: Entering analysis module: IntegerArithmetics
mythril.analysis.module.base [DEBUG]: Exiting analysis module: IntegerArithmetics
mythril.laser.ethereum.instructions [DEBUG]: Evaluating ADD at 60
mythril.laser.ethereum.instructions [DEBUG]: Evaluating DUP1 at 131
mythril.laser.ethereum.instructions [DEBUG]: Evaluating AND at 84
mythril.laser.ethereum.instructions [DEBUG]: Evaluating SWAP1 at 61
mythril.laser.ethereum.instructions [DEBUG]: Evaluating MLOAD at 132
mythril.laser.ethereum.instructions [DEBUG]: Evaluating DUP3 at 85
mythril.analysis.module.base [DEBUG]: Entering analysis module: IntegerArithmetics
mythril.analysis.module.base [DEBUG]: Exiting analysis module: IntegerArithmetics
mythril.analysis.module.base [DEBUG]: Entering analysis module: UncheckedRetval
mythril.analysis.module.base [DEBUG]: Exiting analysis module: UncheckedRetval
mythril.laser.ethereum.instructions [DEBUG]: Evaluating RETURN at 62
mythril.laser.ethereum.svm [DEBUG]: Ending transaction MessageCallTransaction 1 from sender_1 to                                        0x0.
mythril.laser.ethereum.instructions [DEBUG]: Evaluating TIMESTAMP at 133
mythril.laser.ethereum.instructions [DEBUG]: Evaluating MSTORE at 86
mythril.laser.ethereum.instructions [DEBUG]: Evaluating DUP2 at 134
mythril.laser.ethereum.instructions [DEBUG]: Evaluating MLOAD at 87
mythril.laser.ethereum.instructions [DEBUG]: Evaluating MSTORE at 135
mythril.laser.ethereum.instructions [DEBUG]: Evaluating SWAP1 at 88
mythril.laser.ethereum.instructions [DEBUG]: Evaluating SWAP1 at 136
mythril.laser.ethereum.instructions [DEBUG]: Evaluating DUP2 at 89
mythril.laser.ethereum.instructions [DEBUG]: Evaluating MLOAD at 137
mythril.laser.ethereum.instructions [DEBUG]: Evaluating SWAP1 at 90
mythril.laser.ethereum.instructions [DEBUG]: Evaluating SWAP1 at 138
mythril.analysis.module.base [DEBUG]: Entering analysis module: IntegerArithmetics
mythril.analysis.module.base [DEBUG]: Exiting analysis module: IntegerArithmetics
mythril.laser.ethereum.instructions [DEBUG]: Evaluating SUB at 91
mythril.laser.ethereum.instructions [DEBUG]: Evaluating DUP2 at 139
mythril.laser.ethereum.instructions [DEBUG]: Evaluating PUSH1 at 92
mythril.laser.ethereum.instructions [DEBUG]: Evaluating SWAP1 at 140
mythril.analysis.module.base [DEBUG]: Entering analysis module: IntegerArithmetics
mythril.analysis.module.base [DEBUG]: Exiting analysis module: IntegerArithmetics
mythril.laser.ethereum.instructions [DEBUG]: Evaluating ADD at 93
mythril.analysis.module.base [DEBUG]: Entering analysis module: IntegerArithmetics
mythril.analysis.module.base [DEBUG]: Exiting analysis module: IntegerArithmetics
mythril.laser.ethereum.instructions [DEBUG]: Evaluating SUB at 141
mythril.laser.ethereum.instructions [DEBUG]: Evaluating SWAP1 at 94
mythril.laser.ethereum.instructions [DEBUG]: Evaluating PUSH1 at 142
mythril.analysis.module.base [DEBUG]: Entering analysis module: IntegerArithmetics
mythril.analysis.module.base [DEBUG]: Exiting analysis module: IntegerArithmetics
mythril.analysis.module.base [DEBUG]: Entering analysis module: UncheckedRetval
mythril.analysis.module.base [DEBUG]: Exiting analysis module: UncheckedRetval
mythril.laser.ethereum.instructions [DEBUG]: Evaluating RETURN at 95
mythril.laser.ethereum.svm [DEBUG]: Ending transaction MessageCallTransaction 1 from sender_1 to                                        0x0.
mythril.analysis.module.base [DEBUG]: Entering analysis module: IntegerArithmetics
mythril.analysis.module.base [DEBUG]: Exiting analysis module: IntegerArithmetics
mythril.laser.ethereum.instructions [DEBUG]: Evaluating ADD at 143
mythril.laser.ethereum.instructions [DEBUG]: Evaluating SWAP1 at 144
mythril.laser.ethereum.instructions [DEBUG]: Evaluating SHA3 at 145
mythril.laser.ethereum.instructions [DEBUG]: Evaluating PUSH1 at 146
mythril.laser.ethereum.instructions [DEBUG]: Evaluating SWAP1 at 147
mythril.laser.ethereum.instructions [DEBUG]: Evaluating MOD at 148
mythril.laser.ethereum.instructions [DEBUG]: Evaluating SWAP1 at 149
mythril.laser.ethereum.instructions [DEBUG]: Evaluating POP at 150
mythril.laser.ethereum.instructions [DEBUG]: Evaluating DUP1 at 151
mythril.laser.ethereum.instructions [DEBUG]: Evaluating ISZERO at 152
mythril.laser.ethereum.instructions [DEBUG]: Evaluating ISZERO at 153
mythril.laser.ethereum.instructions [DEBUG]: Evaluating PUSH2 at 154
mythril.analysis.module.base [DEBUG]: Entering analysis module: TxOrigin
mythril.analysis.module.base [DEBUG]: Exiting analysis module: TxOrigin
mythril.analysis.module.base [DEBUG]: Entering analysis module: IntegerArithmetics
mythril.analysis.module.base [DEBUG]: Exiting analysis module: IntegerArithmetics
mythril.laser.ethereum.instructions [DEBUG]: Evaluating JUMPI at 155
mythril.laser.ethereum.instructions [DEBUG]: Evaluating PUSH1 at 156
mythril.laser.ethereum.instructions [DEBUG]: Evaluating DUP1 at 157
mythril.laser.ethereum.instructions [DEBUG]: Evaluating SLOAD at 158
mythril.laser.ethereum.instructions [DEBUG]: Evaluating PUSH1 at 159
mythril.laser.ethereum.instructions [DEBUG]: Evaluating MLOAD at 160
mythril.laser.ethereum.instructions [DEBUG]: Evaluating PUSH20 at 161
mythril.laser.ethereum.instructions [DEBUG]: Evaluating SWAP1 at 162
mythril.laser.ethereum.instructions [DEBUG]: Evaluating SWAP2 at 163
mythril.laser.ethereum.instructions [DEBUG]: Evaluating AND at 164
mythril.laser.ethereum.instructions [DEBUG]: Evaluating SWAP2 at 165
mythril.laser.ethereum.instructions [DEBUG]: Evaluating SWAP1 at 166
mythril.laser.ethereum.instructions [DEBUG]: Evaluating PUSH1 at 167
mythril.laser.ethereum.instructions [DEBUG]: Evaluating SWAP1 at 168
mythril.laser.ethereum.instructions [DEBUG]: Evaluating DUP3 at 169
mythril.laser.ethereum.instructions [DEBUG]: Evaluating DUP2 at 170
mythril.laser.ethereum.instructions [DEBUG]: Evaluating DUP2 at 171
mythril.laser.ethereum.instructions [DEBUG]: Evaluating DUP2 at 172
mythril.laser.ethereum.instructions [DEBUG]: Evaluating DUP6 at 173
mythril.laser.ethereum.instructions [DEBUG]: Evaluating DUP9 at 174
mythril.laser.ethereum.instructions [DEBUG]: Evaluating DUP4 at 175
mythril.analysis.module.base [DEBUG]: Entering analysis module: IntegerArithmetics
mythril.analysis.module.base [DEBUG]: Exiting analysis module: IntegerArithmetics
mythril.analysis.module.base [DEBUG]: Entering analysis module: StateChangeAfterCall
mythril.analysis.module.base [DEBUG]: Exiting analysis module: StateChangeAfterCall
mythril.laser.ethereum.instructions [DEBUG]: Evaluating CALL at 176
mythril.laser.ethereum.svm [DEBUG]: Starting new transaction MessageCallTransaction 2 from 0 to                                        0x0
mythril.laser.ethereum.instructions [DEBUG]: Evaluating PUSH1 at 0
mythril.laser.ethereum.instructions [DEBUG]: Evaluating PUSH1 at 1
mythril.laser.ethereum.instructions [DEBUG]: Evaluating MSTORE at 2
mythril.laser.ethereum.instructions [DEBUG]: Evaluating PUSH1 at 3
mythril.laser.ethereum.instructions [DEBUG]: Evaluating CALLDATASIZE at 4
mythril.laser.ethereum.instructions [DEBUG]: Evaluating LT at 5
mythril.laser.ethereum.instructions [DEBUG]: Evaluating PUSH2 at 6
mythril.analysis.module.base [DEBUG]: Entering analysis module: TxOrigin
mythril.analysis.module.base [DEBUG]: Exiting analysis module: TxOrigin
mythril.analysis.module.base [DEBUG]: Entering analysis module: IntegerArithmetics
mythril.analysis.module.base [DEBUG]: Exiting analysis module: IntegerArithmetics
mythril.laser.ethereum.instructions [DEBUG]: Evaluating JUMPI at 7
mythril.laser.ethereum.instructions [DEBUG]: Pruned unreachable states.
mythril.laser.ethereum.instructions [DEBUG]: Evaluating JUMPDEST at 29
mythril.laser.ethereum.instructions [DEBUG]: Evaluating PUSH1 at 30
mythril.laser.ethereum.instructions [DEBUG]: Evaluating DUP1 at 31
mythril.laser.ethereum.instructions [DEBUG]: Evaluating REVERT at 32
mythril.laser.ethereum.svm [DEBUG]: Ending transaction MessageCallTransaction 2 from 0 to                                        0x0.
mythril.laser.ethereum.instructions [DEBUG]: Evaluating CALL at 176
mythril.laser.ethereum.instructions [DEBUG]: Evaluating SWAP4 at 177
mythril.laser.ethereum.instructions [DEBUG]: Evaluating POP at 178
mythril.laser.ethereum.instructions [DEBUG]: Evaluating POP at 179
mythril.laser.ethereum.instructions [DEBUG]: Evaluating POP at 180
mythril.laser.ethereum.instructions [DEBUG]: Evaluating POP at 181
mythril.laser.ethereum.instructions [DEBUG]: Evaluating ISZERO at 182
mythril.laser.ethereum.instructions [DEBUG]: Evaluating DUP1 at 183
mythril.laser.ethereum.instructions [DEBUG]: Evaluating ISZERO at 184
mythril.laser.ethereum.instructions [DEBUG]: Evaluating PUSH2 at 185
mythril.analysis.module.base [DEBUG]: Entering analysis module: TxOrigin
mythril.analysis.module.base [DEBUG]: Exiting analysis module: TxOrigin
mythril.analysis.module.base [DEBUG]: Entering analysis module: IntegerArithmetics
mythril.analysis.module.base [DEBUG]: Exiting analysis module: IntegerArithmetics
mythril.laser.ethereum.instructions [DEBUG]: Evaluating JUMPI at 186
mythril.laser.ethereum.instructions [DEBUG]: Evaluating JUMPDEST at 194
mythril.laser.ethereum.instructions [DEBUG]: Evaluating POP at 195
mythril.laser.ethereum.instructions [DEBUG]: Evaluating PUSH1 at 196
mythril.laser.ethereum.instructions [DEBUG]: Evaluating SLOAD at 197
mythril.laser.ethereum.instructions [DEBUG]: Evaluating PUSH1 at 198
mythril.laser.ethereum.instructions [DEBUG]: Evaluating MLOAD at 199
mythril.laser.ethereum.instructions [DEBUG]: Evaluating CALLER at 200
mythril.laser.ethereum.instructions [DEBUG]: Evaluating SWAP2 at 201
mythril.laser.ethereum.instructions [DEBUG]: Evaluating PUSH1 at 202
mythril.laser.ethereum.instructions [DEBUG]: Evaluating NOT at 203
mythril.analysis.module.base [DEBUG]: Entering analysis module: IntegerArithmetics
mythril.analysis.module.base [DEBUG]: Exiting analysis module: IntegerArithmetics
mythril.laser.ethereum.instructions [DEBUG]: Evaluating ADD at 204
mythril.laser.ethereum.instructions [DEBUG]: Evaluating DUP1 at 205
mythril.laser.ethereum.instructions [DEBUG]: Evaluating ISZERO at 206
mythril.laser.ethereum.instructions [DEBUG]: Evaluating PUSH2 at 207
mythril.analysis.module.base [DEBUG]: Entering analysis module: IntegerArithmetics
mythril.analysis.module.base [DEBUG]: Exiting analysis module: IntegerArithmetics
mythril.laser.ethereum.instructions [DEBUG]: Evaluating MUL at 208
mythril.laser.ethereum.instructions [DEBUG]: Evaluating SWAP2 at 209
mythril.laser.ethereum.instructions [DEBUG]: Evaluating PUSH1 at 210
mythril.laser.ethereum.instructions [DEBUG]: Evaluating DUP2 at 211
mythril.laser.ethereum.instructions [DEBUG]: Evaluating DUP2 at 212
mythril.laser.ethereum.instructions [DEBUG]: Evaluating DUP2 at 213
mythril.laser.ethereum.instructions [DEBUG]: Evaluating DUP6 at 214
mythril.laser.ethereum.instructions [DEBUG]: Evaluating DUP9 at 215
mythril.laser.ethereum.instructions [DEBUG]: Evaluating DUP9 at 216
mythril.analysis.module.base [DEBUG]: Entering analysis module: IntegerArithmetics
mythril.analysis.module.base [DEBUG]: Exiting analysis module: IntegerArithmetics
mythril.analysis.module.base [DEBUG]: Entering analysis module: StateChangeAfterCall
mythril.analysis.module.base [DEBUG]: Exiting analysis module: StateChangeAfterCall
mythril.laser.ethereum.instructions [DEBUG]: Evaluating CALL at 217
mythril.laser.ethereum.call [DEBUG]: Symbolic call encountered
mythril.laser.ethereum.call [DEBUG]: CALL to: sender_1
mythril.laser.ethereum.instructions [DEBUG]: The call is related to ether transfer between accounts
mythril.analysis.module.base [DEBUG]: Entering analysis module: EtherThief
mythril.analysis.module.base [DEBUG]: Exiting analysis module: EtherThief
mythril.analysis.module.base [DEBUG]: Entering analysis module: UncheckedRetval
mythril.analysis.module.modules.unchecked_retval [DEBUG]: End of call, extracting retval
mythril.analysis.module.base [DEBUG]: Exiting analysis module: UncheckedRetval
mythril.laser.ethereum.instructions [DEBUG]: Evaluating SWAP4 at 218
mythril.laser.ethereum.instructions [DEBUG]: Evaluating POP at 219
mythril.laser.ethereum.instructions [DEBUG]: Evaluating POP at 220
mythril.laser.ethereum.instructions [DEBUG]: Evaluating POP at 221
mythril.laser.ethereum.instructions [DEBUG]: Evaluating POP at 222
mythril.laser.ethereum.instructions [DEBUG]: Evaluating ISZERO at 223
mythril.laser.ethereum.instructions [DEBUG]: Evaluating DUP1 at 224
mythril.laser.ethereum.instructions [DEBUG]: Evaluating ISZERO at 225
mythril.laser.ethereum.instructions [DEBUG]: Evaluating PUSH2 at 226
mythril.analysis.module.base [DEBUG]: Entering analysis module: TxOrigin
mythril.analysis.module.base [DEBUG]: Exiting analysis module: TxOrigin
mythril.analysis.module.base [DEBUG]: Entering analysis module: IntegerArithmetics
mythril.analysis.module.base [DEBUG]: Exiting analysis module: IntegerArithmetics
mythril.laser.ethereum.instructions [DEBUG]: Evaluating JUMPI at 227
mythril.laser.ethereum.instructions [DEBUG]: Evaluating RETURNDATASIZE at 228
mythril.laser.ethereum.instructions [DEBUG]: Evaluating JUMPDEST at 235
mythril.laser.ethereum.instructions [DEBUG]: Evaluating PUSH1 at 229
mythril.laser.ethereum.instructions [DEBUG]: Evaluating POP at 236
mythril.laser.ethereum.instructions [DEBUG]: Evaluating DUP1 at 230
mythril.laser.ethereum.instructions [DEBUG]: Evaluating PUSH1 at 237
mythril.laser.ethereum.instructions [DEBUG]: Evaluating RETURNDATACOPY at 231
mythril.laser.ethereum.instructions [DEBUG]: Evaluating PUSH1 at 238
mythril.laser.ethereum.instructions [DEBUG]: Evaluating RETURNDATASIZE at 232
mythril.analysis.module.base [DEBUG]: Entering analysis module: ArbitraryStorage
mythril.analysis.module.base [DEBUG]: Exiting analysis module: ArbitraryStorage
mythril.analysis.module.base [DEBUG]: Entering analysis module: IntegerArithmetics
mythril.analysis.module.base [DEBUG]: Exiting analysis module: IntegerArithmetics
mythril.analysis.module.base [DEBUG]: Entering analysis module: StateChangeAfterCall
mythril.analysis.module.base [DEBUG]: Exiting analysis module: StateChangeAfterCall
mythril.laser.ethereum.instructions [DEBUG]: Evaluating SSTORE at 239
mythril.laser.ethereum.instructions [DEBUG]: Evaluating PUSH1 at 233
mythril.laser.ethereum.instructions [DEBUG]: Evaluating JUMPDEST at 240
mythril.laser.ethereum.instructions [DEBUG]: Evaluating REVERT at 234
mythril.laser.ethereum.svm [DEBUG]: Ending transaction MessageCallTransaction 1 from sender_1 to                                        0x0.
mythril.laser.ethereum.instructions [DEBUG]: Evaluating POP at 241
mythril.laser.ethereum.instructions [DEBUG]: Evaluating JUMP at 242
mythril.laser.ethereum.instructions [DEBUG]: Evaluating JUMPDEST at 100
mythril.analysis.module.base [DEBUG]: Entering analysis module: IntegerArithmetics
mythril.analysis.module.modules.integer [DEBUG]: Checking overflow in STOP at transaction end address 201, ostate address 366
mythril.analysis.module.base [DEBUG]: Exiting analysis module: IntegerArithmetics
mythril.analysis.module.base [DEBUG]: Entering analysis module: UncheckedRetval
mythril.analysis.module.base [DEBUG]: Exiting analysis module: UncheckedRetval
mythril.laser.ethereum.instructions [DEBUG]: Evaluating STOP at 101
mythril.laser.ethereum.svm [DEBUG]: Ending transaction MessageCallTransaction 1 from sender_1 to                                        0x0.
mythril.laser.plugin.plugins.coverage.coverage_plugin [INFO]: Number of new instructions covered in tx 0: 236
mythril.laser.ethereum.svm [INFO]: Starting message call transaction, iteration: 1, 1 initial states
mythril.laser.ethereum.instructions [DEBUG]: Evaluating PUSH1 at 0
mythril.laser.ethereum.instructions [DEBUG]: Evaluating PUSH1 at 1
mythril.laser.ethereum.instructions [DEBUG]: Evaluating MSTORE at 2
mythril.laser.ethereum.instructions [DEBUG]: Evaluating PUSH1 at 3
mythril.laser.ethereum.instructions [DEBUG]: Evaluating CALLDATASIZE at 4
mythril.laser.ethereum.instructions [DEBUG]: Evaluating LT at 5
mythril.laser.ethereum.instructions [DEBUG]: Evaluating PUSH2 at 6
mythril.analysis.module.base [DEBUG]: Entering analysis module: TxOrigin
mythril.analysis.module.base [DEBUG]: Exiting analysis module: TxOrigin
mythril.analysis.module.base [DEBUG]: Entering analysis module: IntegerArithmetics
mythril.analysis.module.base [DEBUG]: Exiting analysis module: IntegerArithmetics
mythril.laser.ethereum.instructions [DEBUG]: Evaluating JUMPI at 7
mythril.laser.ethereum.instructions [DEBUG]: Evaluating PUSH4 at 8
mythril.laser.ethereum.instructions [DEBUG]: Evaluating JUMPDEST at 29
mythril.laser.ethereum.instructions [DEBUG]: Evaluating PUSH29 at 9
mythril.laser.ethereum.instructions [DEBUG]: Evaluating PUSH1 at 30
mythril.laser.ethereum.instructions [DEBUG]: Evaluating PUSH1 at 10
mythril.laser.ethereum.instructions [DEBUG]: Evaluating DUP1 at 31
mythril.laser.ethereum.instructions [DEBUG]: Evaluating CALLDATALOAD at 11
mythril.laser.ethereum.instructions [DEBUG]: Evaluating REVERT at 32
mythril.laser.ethereum.svm [DEBUG]: Ending transaction MessageCallTransaction 3 from sender_3 to                                        0x0.
mythril.laser.ethereum.instructions [DEBUG]: Evaluating DIV at 12
mythril.laser.ethereum.instructions [DEBUG]: Evaluating AND at 13
mythril.laser.ethereum.instructions [DEBUG]: Evaluating PUSH4 at 14
mythril.laser.ethereum.instructions [DEBUG]: Evaluating DUP2 at 15
mythril.laser.ethereum.instructions [DEBUG]: Evaluating EQ at 16
mythril.laser.ethereum.instructions [DEBUG]: Evaluating PUSH2 at 17
mythril.analysis.module.base [DEBUG]: Entering analysis module: TxOrigin
mythril.analysis.module.base [DEBUG]: Exiting analysis module: TxOrigin
mythril.analysis.module.base [DEBUG]: Entering analysis module: IntegerArithmetics
mythril.analysis.module.base [DEBUG]: Exiting analysis module: IntegerArithmetics
mythril.laser.ethereum.instructions [DEBUG]: Evaluating JUMPI at 18
mythril.laser.ethereum.instructions [DEBUG]: Evaluating DUP1 at 19
mythril.laser.ethereum.instructions [DEBUG]: Evaluating JUMPDEST at 33
mythril.laser.ethereum.instructions [DEBUG]: Evaluating PUSH4 at 20
mythril.laser.ethereum.instructions [DEBUG]: Evaluating CALLVALUE at 34
mythril.laser.ethereum.instructions [DEBUG]: Evaluating EQ at 21
mythril.laser.ethereum.instructions [DEBUG]: Evaluating DUP1 at 35
mythril.laser.ethereum.instructions [DEBUG]: Evaluating PUSH2 at 22
mythril.laser.ethereum.instructions [DEBUG]: Evaluating ISZERO at 36
mythril.analysis.module.base [DEBUG]: Entering analysis module: TxOrigin
mythril.analysis.module.base [DEBUG]: Exiting analysis module: TxOrigin
mythril.analysis.module.base [DEBUG]: Entering analysis module: IntegerArithmetics
mythril.analysis.module.base [DEBUG]: Exiting analysis module: IntegerArithmetics
mythril.laser.ethereum.instructions [DEBUG]: Evaluating JUMPI at 23
mythril.laser.ethereum.svm [DEBUG]: - Entering function MAIN:unknown
mythril.laser.ethereum.instructions [DEBUG]: Evaluating PUSH2 at 37
mythril.laser.ethereum.instructions [DEBUG]: Evaluating DUP1 at 24
mythril.laser.ethereum.instructions [DEBUG]: Evaluating JUMPDEST at 63
mythril.analysis.module.base [DEBUG]: Entering analysis module: TxOrigin
mythril.analysis.module.base [DEBUG]: Exiting analysis module: TxOrigin
mythril.analysis.module.base [DEBUG]: Entering analysis module: IntegerArithmetics
mythril.analysis.module.base [DEBUG]: Exiting analysis module: IntegerArithmetics
mythril.laser.ethereum.instructions [DEBUG]: Evaluating JUMPI at 38
mythril.laser.ethereum.instructions [DEBUG]: Evaluating PUSH4 at 25
mythril.laser.ethereum.instructions [DEBUG]: Evaluating CALLVALUE at 64
mythril.laser.ethereum.instructions [DEBUG]: Evaluating PUSH1 at 39
mythril.laser.ethereum.instructions [DEBUG]: Evaluating JUMPDEST at 42
mythril.laser.ethereum.instructions [DEBUG]: Evaluating EQ at 26
mythril.laser.ethereum.instructions [DEBUG]: Evaluating DUP1 at 65
mythril.laser.ethereum.instructions [DEBUG]: Evaluating DUP1 at 40
mythril.laser.ethereum.instructions [DEBUG]: Evaluating POP at 43
mythril.laser.ethereum.instructions [DEBUG]: Evaluating PUSH2 at 27
mythril.laser.ethereum.instructions [DEBUG]: Evaluating ISZERO at 66
mythril.laser.ethereum.instructions [DEBUG]: Evaluating REVERT at 41
mythril.laser.ethereum.svm [DEBUG]: Ending transaction MessageCallTransaction 3 from sender_3 to                                        0x0.
mythril.laser.ethereum.instructions [DEBUG]: Evaluating PUSH2 at 44
mythril.analysis.module.base [DEBUG]: Entering analysis module: TxOrigin
mythril.analysis.module.base [DEBUG]: Exiting analysis module: TxOrigin
mythril.analysis.module.base [DEBUG]: Entering analysis module: IntegerArithmetics
mythril.analysis.module.base [DEBUG]: Exiting analysis module: IntegerArithmetics
mythril.laser.ethereum.instructions [DEBUG]: Evaluating JUMPI at 28
mythril.laser.plugin.plugins.dependency_pruner [DEBUG]: Skipping state: Storage slots {1} not read in block at address 86, function
mythril.laser.ethereum.svm [DEBUG]: - Entering function MAIN:unknown
mythril.laser.ethereum.instructions [DEBUG]: Evaluating PUSH2 at 67
mythril.laser.ethereum.instructions [DEBUG]: Evaluating PUSH2 at 45
mythril.laser.ethereum.instructions [DEBUG]: Evaluating JUMPDEST at 96
mythril.analysis.module.base [DEBUG]: Entering analysis module: TxOrigin
mythril.analysis.module.base [DEBUG]: Exiting analysis module: TxOrigin
mythril.analysis.module.base [DEBUG]: Entering analysis module: IntegerArithmetics
mythril.analysis.module.base [DEBUG]: Exiting analysis module: IntegerArithmetics
mythril.laser.ethereum.instructions [DEBUG]: Evaluating JUMPI at 68
mythril.laser.ethereum.instructions [DEBUG]: Evaluating JUMP at 46
mythril.laser.ethereum.instructions [DEBUG]: Evaluating PUSH2 at 97
mythril.laser.ethereum.instructions [DEBUG]: Evaluating PUSH1 at 69
mythril.laser.ethereum.instructions [DEBUG]: Evaluating JUMPDEST at 72
mythril.laser.ethereum.instructions [DEBUG]: Evaluating JUMPDEST at 102
mythril.laser.ethereum.instructions [DEBUG]: Evaluating PUSH2 at 98
mythril.laser.ethereum.instructions [DEBUG]: Evaluating DUP1 at 70
mythril.laser.ethereum.instructions [DEBUG]: Evaluating POP at 73
mythril.laser.ethereum.instructions [DEBUG]: Evaluating PUSH1 at 103
mythril.laser.ethereum.instructions [DEBUG]: Evaluating JUMP at 99
mythril.laser.ethereum.instructions [DEBUG]: Evaluating REVERT at 71
mythril.laser.ethereum.svm [DEBUG]: Ending transaction MessageCallTransaction 3 from sender_3 to                                        0x0.
mythril.laser.ethereum.instructions [DEBUG]: Evaluating PUSH2 at 74
mythril.laser.ethereum.instructions [DEBUG]: Evaluating SLOAD at 104
mythril.laser.ethereum.instructions [DEBUG]: Evaluating JUMPDEST at 114
mythril.laser.ethereum.instructions [DEBUG]: Evaluating PUSH2 at 75
mythril.laser.ethereum.instructions [DEBUG]: Evaluating DUP2 at 105
mythril.laser.ethereum.instructions [DEBUG]: Evaluating PUSH1 at 115
mythril.laser.ethereum.instructions [DEBUG]: Evaluating JUMP at 76
mythril.laser.ethereum.instructions [DEBUG]: Evaluating JUMP at 106
mythril.laser.ethereum.instructions [DEBUG]: Evaluating CALLVALUE at 116
mythril.laser.ethereum.instructions [DEBUG]: Evaluating JUMPDEST at 107
mythril.laser.ethereum.instructions [DEBUG]: Evaluating JUMPDEST at 47
mythril.laser.ethereum.instructions [DEBUG]: Evaluating PUSH1 at 117
mythril.laser.ethereum.instructions [DEBUG]: Evaluating PUSH1 at 108
mythril.laser.ethereum.instructions [DEBUG]: Evaluating PUSH1 at 48
mythril.laser.ethereum.instructions [DEBUG]: Evaluating EQ at 118
mythril.laser.ethereum.instructions [DEBUG]: Evaluating SLOAD at 109
mythril.laser.ethereum.instructions [DEBUG]: Evaluating DUP1 at 49
mythril.laser.ethereum.instructions [DEBUG]: Evaluating PUSH2 at 119
mythril.laser.ethereum.instructions [DEBUG]: Evaluating PUSH20 at 110
mythril.laser.ethereum.instructions [DEBUG]: Evaluating MLOAD at 50
mythril.analysis.module.base [DEBUG]: Entering analysis module: TxOrigin
mythril.analysis.module.base [DEBUG]: Exiting analysis module: TxOrigin
mythril.analysis.module.base [DEBUG]: Entering analysis module: IntegerArithmetics
mythril.analysis.module.base [DEBUG]: Exiting analysis module: IntegerArithmetics
mythril.laser.ethereum.instructions [DEBUG]: Evaluating JUMPI at 120
mythril.laser.ethereum.svm [DEBUG]: - Entering function MAIN:unknown
mythril.laser.ethereum.instructions [DEBUG]: Evaluating AND at 111
mythril.laser.ethereum.instructions [DEBUG]: Evaluating SWAP2 at 51
mythril.laser.ethereum.instructions [DEBUG]: Evaluating ASSERT_FAIL at 121
mythril.laser.ethereum.svm [DEBUG]: Encountered a VmException, ending path: ``
mythril.laser.ethereum.instructions [DEBUG]: Evaluating JUMPDEST at 122
mythril.laser.ethereum.instructions [DEBUG]: Evaluating DUP2 at 112
mythril.laser.ethereum.instructions [DEBUG]: Evaluating DUP3 at 52
mythril.laser.ethereum.instructions [DEBUG]: Evaluating PUSH1 at 123
mythril.laser.ethereum.instructions [DEBUG]: Evaluating JUMP at 113
mythril.laser.ethereum.instructions [DEBUG]: Evaluating MSTORE at 53
mythril.laser.ethereum.instructions [DEBUG]: Evaluating DUP1 at 124
mythril.laser.ethereum.instructions [DEBUG]: Evaluating JUMPDEST at 77
mythril.laser.ethereum.instructions [DEBUG]: Evaluating MLOAD at 54
mythril.laser.ethereum.instructions [DEBUG]: Evaluating SLOAD at 125
mythril.laser.ethereum.instructions [DEBUG]: Evaluating PUSH1 at 78
mythril.laser.ethereum.instructions [DEBUG]: Evaluating SWAP1 at 55
mythril.laser.ethereum.instructions [DEBUG]: Evaluating CALLVALUE at 126
mythril.laser.ethereum.instructions [DEBUG]: Evaluating DUP1 at 79
mythril.laser.ethereum.instructions [DEBUG]: Evaluating DUP2 at 56
mythril.analysis.module.base [DEBUG]: Entering analysis module: IntegerArithmetics
mythril.analysis.module.base [DEBUG]: Exiting analysis module: IntegerArithmetics
mythril.laser.ethereum.instructions [DEBUG]: Evaluating ADD at 127
mythril.laser.ethereum.instructions [DEBUG]: Evaluating MLOAD at 80
mythril.laser.ethereum.instructions [DEBUG]: Evaluating SWAP1 at 57
mythril.laser.ethereum.instructions [DEBUG]: Evaluating SWAP1 at 128
mythril.laser.ethereum.instructions [DEBUG]: Evaluating PUSH20 at 81
mythril.analysis.module.base [DEBUG]: Entering analysis module: IntegerArithmetics
mythril.analysis.module.base [DEBUG]: Exiting analysis module: IntegerArithmetics
mythril.laser.ethereum.instructions [DEBUG]: Evaluating SUB at 58
mythril.analysis.module.base [DEBUG]: Entering analysis module: ArbitraryStorage
mythril.analysis.module.base [DEBUG]: Exiting analysis module: ArbitraryStorage
mythril.analysis.module.base [DEBUG]: Entering analysis module: IntegerArithmetics
mythril.analysis.module.base [DEBUG]: Exiting analysis module: IntegerArithmetics
mythril.analysis.module.base [DEBUG]: Entering analysis module: StateChangeAfterCall
mythril.analysis.module.base [DEBUG]: Exiting analysis module: StateChangeAfterCall
mythril.laser.ethereum.instructions [DEBUG]: Evaluating SSTORE at 129
mythril.laser.ethereum.instructions [DEBUG]: Evaluating SWAP1 at 82
mythril.laser.ethereum.instructions [DEBUG]: Evaluating PUSH1 at 59
mythril.laser.ethereum.instructions [DEBUG]: Evaluating PUSH1 at 130
mythril.laser.ethereum.instructions [DEBUG]: Evaluating SWAP3 at 83
mythril.analysis.module.base [DEBUG]: Entering analysis module: IntegerArithmetics
mythril.analysis.module.base [DEBUG]: Exiting analysis module: IntegerArithmetics
mythril.laser.ethereum.instructions [DEBUG]: Evaluating ADD at 60
mythril.laser.ethereum.instructions [DEBUG]: Evaluating DUP1 at 131
mythril.laser.ethereum.instructions [DEBUG]: Evaluating AND at 84
mythril.laser.ethereum.instructions [DEBUG]: Evaluating SWAP1 at 61
mythril.laser.ethereum.instructions [DEBUG]: Evaluating MLOAD at 132
mythril.laser.ethereum.instructions [DEBUG]: Evaluating DUP3 at 85
mythril.analysis.module.base [DEBUG]: Entering analysis module: IntegerArithmetics
mythril.analysis.module.base [DEBUG]: Exiting analysis module: IntegerArithmetics
mythril.analysis.module.base [DEBUG]: Entering analysis module: UncheckedRetval
mythril.analysis.module.base [DEBUG]: Exiting analysis module: UncheckedRetval
mythril.laser.ethereum.instructions [DEBUG]: Evaluating RETURN at 62
mythril.laser.ethereum.svm [DEBUG]: Ending transaction MessageCallTransaction 3 from sender_3 to                                        0x0.
mythril.laser.ethereum.instructions [DEBUG]: Evaluating TIMESTAMP at 133
mythril.laser.ethereum.instructions [DEBUG]: Evaluating MSTORE at 86
mythril.laser.ethereum.instructions [DEBUG]: Evaluating DUP2 at 134
mythril.laser.ethereum.instructions [DEBUG]: Evaluating MLOAD at 87
mythril.laser.ethereum.instructions [DEBUG]: Evaluating MSTORE at 135
mythril.laser.ethereum.instructions [DEBUG]: Evaluating SWAP1 at 88
mythril.laser.ethereum.instructions [DEBUG]: Evaluating SWAP1 at 136
mythril.laser.ethereum.instructions [DEBUG]: Evaluating DUP2 at 89
mythril.laser.ethereum.instructions [DEBUG]: Evaluating MLOAD at 137
mythril.laser.ethereum.instructions [DEBUG]: Evaluating SWAP1 at 90
mythril.laser.ethereum.instructions [DEBUG]: Evaluating SWAP1 at 138
mythril.analysis.module.base [DEBUG]: Entering analysis module: IntegerArithmetics
mythril.analysis.module.base [DEBUG]: Exiting analysis module: IntegerArithmetics
mythril.laser.ethereum.instructions [DEBUG]: Evaluating SUB at 91
mythril.laser.ethereum.instructions [DEBUG]: Evaluating DUP2 at 139
mythril.laser.ethereum.instructions [DEBUG]: Evaluating PUSH1 at 92
mythril.laser.ethereum.instructions [DEBUG]: Evaluating SWAP1 at 140
mythril.analysis.module.base [DEBUG]: Entering analysis module: IntegerArithmetics
mythril.analysis.module.base [DEBUG]: Exiting analysis module: IntegerArithmetics
mythril.laser.ethereum.instructions [DEBUG]: Evaluating ADD at 93
mythril.analysis.module.base [DEBUG]: Entering analysis module: IntegerArithmetics
mythril.analysis.module.base [DEBUG]: Exiting analysis module: IntegerArithmetics
mythril.laser.ethereum.instructions [DEBUG]: Evaluating SUB at 141
mythril.laser.ethereum.instructions [DEBUG]: Evaluating SWAP1 at 94
mythril.laser.ethereum.instructions [DEBUG]: Evaluating PUSH1 at 142
mythril.analysis.module.base [DEBUG]: Entering analysis module: IntegerArithmetics
mythril.analysis.module.base [DEBUG]: Exiting analysis module: IntegerArithmetics
mythril.analysis.module.base [DEBUG]: Entering analysis module: UncheckedRetval
mythril.analysis.module.base [DEBUG]: Exiting analysis module: UncheckedRetval
mythril.laser.ethereum.instructions [DEBUG]: Evaluating RETURN at 95
mythril.laser.ethereum.svm [DEBUG]: Ending transaction MessageCallTransaction 3 from sender_3 to                                        0x0.
mythril.analysis.module.base [DEBUG]: Entering analysis module: IntegerArithmetics
mythril.analysis.module.base [DEBUG]: Exiting analysis module: IntegerArithmetics
mythril.laser.ethereum.instructions [DEBUG]: Evaluating ADD at 143
mythril.laser.ethereum.instructions [DEBUG]: Evaluating SWAP1 at 144
mythril.laser.ethereum.instructions [DEBUG]: Evaluating SHA3 at 145
mythril.laser.ethereum.instructions [DEBUG]: Evaluating PUSH1 at 146
mythril.laser.ethereum.instructions [DEBUG]: Evaluating SWAP1 at 147
mythril.laser.ethereum.instructions [DEBUG]: Evaluating MOD at 148
mythril.laser.ethereum.instructions [DEBUG]: Evaluating SWAP1 at 149
mythril.laser.ethereum.instructions [DEBUG]: Evaluating POP at 150
mythril.laser.ethereum.instructions [DEBUG]: Evaluating DUP1 at 151
mythril.laser.ethereum.instructions [DEBUG]: Evaluating ISZERO at 152
mythril.laser.ethereum.instructions [DEBUG]: Evaluating ISZERO at 153
mythril.laser.ethereum.instructions [DEBUG]: Evaluating PUSH2 at 154
mythril.analysis.module.base [DEBUG]: Entering analysis module: TxOrigin
mythril.analysis.module.base [DEBUG]: Exiting analysis module: TxOrigin
mythril.analysis.module.base [DEBUG]: Entering analysis module: IntegerArithmetics
mythril.analysis.module.base [DEBUG]: Exiting analysis module: IntegerArithmetics
mythril.laser.ethereum.instructions [DEBUG]: Evaluating JUMPI at 155
mythril.laser.ethereum.instructions [DEBUG]: Evaluating PUSH1 at 156
mythril.laser.ethereum.instructions [DEBUG]: Evaluating DUP1 at 157
mythril.laser.ethereum.instructions [DEBUG]: Evaluating SLOAD at 158
mythril.laser.ethereum.instructions [DEBUG]: Evaluating PUSH1 at 159
mythril.laser.ethereum.instructions [DEBUG]: Evaluating MLOAD at 160
mythril.laser.ethereum.instructions [DEBUG]: Evaluating PUSH20 at 161
mythril.laser.ethereum.instructions [DEBUG]: Evaluating SWAP1 at 162
mythril.laser.ethereum.instructions [DEBUG]: Evaluating SWAP2 at 163
mythril.laser.ethereum.instructions [DEBUG]: Evaluating AND at 164
mythril.laser.ethereum.instructions [DEBUG]: Evaluating SWAP2 at 165
mythril.laser.ethereum.instructions [DEBUG]: Evaluating SWAP1 at 166
mythril.laser.ethereum.instructions [DEBUG]: Evaluating PUSH1 at 167
mythril.laser.ethereum.instructions [DEBUG]: Evaluating SWAP1 at 168
mythril.laser.ethereum.instructions [DEBUG]: Evaluating DUP3 at 169
mythril.laser.ethereum.instructions [DEBUG]: Evaluating DUP2 at 170
mythril.laser.ethereum.instructions [DEBUG]: Evaluating DUP2 at 171
mythril.laser.ethereum.instructions [DEBUG]: Evaluating DUP2 at 172
mythril.laser.ethereum.instructions [DEBUG]: Evaluating DUP6 at 173
mythril.laser.ethereum.instructions [DEBUG]: Evaluating DUP9 at 174
mythril.laser.ethereum.instructions [DEBUG]: Evaluating DUP4 at 175
mythril.analysis.module.base [DEBUG]: Entering analysis module: IntegerArithmetics
mythril.analysis.module.base [DEBUG]: Exiting analysis module: IntegerArithmetics
mythril.analysis.module.base [DEBUG]: Entering analysis module: StateChangeAfterCall
mythril.analysis.module.base [DEBUG]: Exiting analysis module: StateChangeAfterCall
mythril.laser.ethereum.instructions [DEBUG]: Evaluating CALL at 176
mythril.laser.ethereum.svm [DEBUG]: Starting new transaction MessageCallTransaction 4 from 0 to                                        0x0
mythril.laser.ethereum.instructions [DEBUG]: Evaluating PUSH1 at 0
mythril.laser.ethereum.instructions [DEBUG]: Evaluating PUSH1 at 1
mythril.laser.ethereum.instructions [DEBUG]: Evaluating MSTORE at 2
mythril.laser.ethereum.instructions [DEBUG]: Evaluating PUSH1 at 3
mythril.laser.ethereum.instructions [DEBUG]: Evaluating CALLDATASIZE at 4
mythril.laser.ethereum.instructions [DEBUG]: Evaluating LT at 5
mythril.laser.ethereum.instructions [DEBUG]: Evaluating PUSH2 at 6
mythril.analysis.module.base [DEBUG]: Entering analysis module: TxOrigin
mythril.analysis.module.base [DEBUG]: Exiting analysis module: TxOrigin
mythril.analysis.module.base [DEBUG]: Entering analysis module: IntegerArithmetics
mythril.analysis.module.base [DEBUG]: Exiting analysis module: IntegerArithmetics
mythril.laser.ethereum.instructions [DEBUG]: Evaluating JUMPI at 7
mythril.laser.ethereum.instructions [DEBUG]: Pruned unreachable states.
mythril.laser.ethereum.instructions [DEBUG]: Evaluating JUMPDEST at 29
mythril.laser.ethereum.instructions [DEBUG]: Evaluating PUSH1 at 30
mythril.laser.ethereum.instructions [DEBUG]: Evaluating DUP1 at 31
mythril.laser.ethereum.instructions [DEBUG]: Evaluating REVERT at 32
mythril.laser.ethereum.svm [DEBUG]: Ending transaction MessageCallTransaction 4 from 0 to                                        0x0.
mythril.laser.ethereum.instructions [DEBUG]: Evaluating CALL at 176
mythril.laser.ethereum.instructions [DEBUG]: Evaluating SWAP4 at 177
mythril.laser.ethereum.instructions [DEBUG]: Evaluating POP at 178
mythril.laser.ethereum.instructions [DEBUG]: Evaluating POP at 179
mythril.laser.ethereum.instructions [DEBUG]: Evaluating POP at 180
mythril.laser.ethereum.instructions [DEBUG]: Evaluating POP at 181
mythril.laser.ethereum.instructions [DEBUG]: Evaluating ISZERO at 182
mythril.laser.ethereum.instructions [DEBUG]: Evaluating DUP1 at 183
mythril.laser.ethereum.instructions [DEBUG]: Evaluating ISZERO at 184
mythril.laser.ethereum.instructions [DEBUG]: Evaluating PUSH2 at 185
mythril.analysis.module.base [DEBUG]: Entering analysis module: TxOrigin
mythril.analysis.module.base [DEBUG]: Exiting analysis module: TxOrigin
mythril.analysis.module.base [DEBUG]: Entering analysis module: IntegerArithmetics
mythril.analysis.module.base [DEBUG]: Exiting analysis module: IntegerArithmetics
mythril.laser.ethereum.instructions [DEBUG]: Evaluating JUMPI at 186
mythril.laser.ethereum.instructions [DEBUG]: Evaluating JUMPDEST at 194
mythril.laser.ethereum.instructions [DEBUG]: Evaluating POP at 195
mythril.laser.ethereum.instructions [DEBUG]: Evaluating PUSH1 at 196
mythril.laser.ethereum.instructions [DEBUG]: Evaluating SLOAD at 197
mythril.laser.ethereum.instructions [DEBUG]: Evaluating PUSH1 at 198
mythril.laser.ethereum.instructions [DEBUG]: Evaluating MLOAD at 199
mythril.laser.ethereum.instructions [DEBUG]: Evaluating CALLER at 200
mythril.laser.ethereum.instructions [DEBUG]: Evaluating SWAP2 at 201
mythril.laser.ethereum.instructions [DEBUG]: Evaluating PUSH1 at 202
mythril.laser.ethereum.instructions [DEBUG]: Evaluating NOT at 203
mythril.analysis.module.base [DEBUG]: Entering analysis module: IntegerArithmetics
mythril.analysis.module.base [DEBUG]: Exiting analysis module: IntegerArithmetics
mythril.laser.ethereum.instructions [DEBUG]: Evaluating ADD at 204
mythril.laser.ethereum.instructions [DEBUG]: Evaluating DUP1 at 205
mythril.laser.ethereum.instructions [DEBUG]: Evaluating ISZERO at 206
mythril.laser.ethereum.instructions [DEBUG]: Evaluating PUSH2 at 207
mythril.analysis.module.base [DEBUG]: Entering analysis module: IntegerArithmetics
mythril.analysis.module.base [DEBUG]: Exiting analysis module: IntegerArithmetics
mythril.laser.ethereum.instructions [DEBUG]: Evaluating MUL at 208
mythril.laser.ethereum.instructions [DEBUG]: Evaluating SWAP2 at 209
mythril.laser.ethereum.instructions [DEBUG]: Evaluating PUSH1 at 210
mythril.laser.ethereum.instructions [DEBUG]: Evaluating DUP2 at 211
mythril.laser.ethereum.instructions [DEBUG]: Evaluating DUP2 at 212
mythril.laser.ethereum.instructions [DEBUG]: Evaluating DUP2 at 213
mythril.laser.ethereum.instructions [DEBUG]: Evaluating DUP6 at 214
mythril.laser.ethereum.instructions [DEBUG]: Evaluating DUP9 at 215
mythril.laser.ethereum.instructions [DEBUG]: Evaluating DUP9 at 216
mythril.analysis.module.base [DEBUG]: Entering analysis module: IntegerArithmetics
mythril.analysis.module.base [DEBUG]: Exiting analysis module: IntegerArithmetics
mythril.analysis.module.base [DEBUG]: Entering analysis module: StateChangeAfterCall
mythril.analysis.module.base [DEBUG]: Exiting analysis module: StateChangeAfterCall
mythril.laser.ethereum.instructions [DEBUG]: Evaluating CALL at 217
mythril.laser.ethereum.call [DEBUG]: Symbolic call encountered
mythril.laser.ethereum.call [DEBUG]: CALL to: sender_3
mythril.laser.ethereum.instructions [DEBUG]: The call is related to ether transfer between accounts
mythril.analysis.module.base [DEBUG]: Entering analysis module: EtherThief
mythril.analysis.module.base [DEBUG]: Exiting analysis module: EtherThief
mythril.analysis.module.base [DEBUG]: Entering analysis module: UncheckedRetval
mythril.analysis.module.modules.unchecked_retval [DEBUG]: End of call, extracting retval
mythril.analysis.module.base [DEBUG]: Exiting analysis module: UncheckedRetval
mythril.laser.ethereum.instructions [DEBUG]: Evaluating SWAP4 at 218
mythril.laser.ethereum.instructions [DEBUG]: Evaluating POP at 219
mythril.laser.ethereum.instructions [DEBUG]: Evaluating POP at 220
mythril.laser.ethereum.instructions [DEBUG]: Evaluating POP at 221
mythril.laser.ethereum.instructions [DEBUG]: Evaluating POP at 222
mythril.laser.ethereum.instructions [DEBUG]: Evaluating ISZERO at 223
mythril.laser.ethereum.instructions [DEBUG]: Evaluating DUP1 at 224
mythril.laser.ethereum.instructions [DEBUG]: Evaluating ISZERO at 225
mythril.laser.ethereum.instructions [DEBUG]: Evaluating PUSH2 at 226
mythril.analysis.module.base [DEBUG]: Entering analysis module: TxOrigin
mythril.analysis.module.base [DEBUG]: Exiting analysis module: TxOrigin
mythril.analysis.module.base [DEBUG]: Entering analysis module: IntegerArithmetics
mythril.analysis.module.base [DEBUG]: Exiting analysis module: IntegerArithmetics
mythril.laser.ethereum.instructions [DEBUG]: Evaluating JUMPI at 227
mythril.laser.ethereum.instructions [DEBUG]: Evaluating RETURNDATASIZE at 228
mythril.laser.ethereum.instructions [DEBUG]: Evaluating JUMPDEST at 235
mythril.laser.ethereum.instructions [DEBUG]: Evaluating PUSH1 at 229
mythril.laser.ethereum.instructions [DEBUG]: Evaluating POP at 236
mythril.laser.ethereum.instructions [DEBUG]: Evaluating DUP1 at 230
mythril.laser.ethereum.instructions [DEBUG]: Evaluating PUSH1 at 237
mythril.laser.ethereum.instructions [DEBUG]: Evaluating RETURNDATACOPY at 231
mythril.laser.ethereum.instructions [DEBUG]: Evaluating PUSH1 at 238
mythril.laser.ethereum.instructions [DEBUG]: Evaluating RETURNDATASIZE at 232
mythril.analysis.module.base [DEBUG]: Entering analysis module: ArbitraryStorage
mythril.analysis.module.base [DEBUG]: Exiting analysis module: ArbitraryStorage
mythril.analysis.module.base [DEBUG]: Entering analysis module: IntegerArithmetics
mythril.analysis.module.base [DEBUG]: Exiting analysis module: IntegerArithmetics
mythril.analysis.module.base [DEBUG]: Entering analysis module: StateChangeAfterCall
mythril.analysis.module.base [DEBUG]: Exiting analysis module: StateChangeAfterCall
mythril.laser.ethereum.instructions [DEBUG]: Evaluating SSTORE at 239
mythril.laser.ethereum.instructions [DEBUG]: Evaluating PUSH1 at 233
mythril.laser.ethereum.instructions [DEBUG]: Evaluating JUMPDEST at 240
mythril.laser.ethereum.instructions [DEBUG]: Evaluating REVERT at 234
mythril.laser.ethereum.svm [DEBUG]: Ending transaction MessageCallTransaction 3 from sender_3 to                                        0x0.
mythril.laser.ethereum.instructions [DEBUG]: Evaluating POP at 241
mythril.laser.ethereum.instructions [DEBUG]: Evaluating JUMP at 242
mythril.laser.ethereum.instructions [DEBUG]: Evaluating JUMPDEST at 100
mythril.analysis.module.base [DEBUG]: Entering analysis module: IntegerArithmetics
mythril.analysis.module.base [DEBUG]: Exiting analysis module: IntegerArithmetics
mythril.analysis.module.base [DEBUG]: Entering analysis module: UncheckedRetval
mythril.analysis.module.base [DEBUG]: Exiting analysis module: UncheckedRetval
mythril.laser.ethereum.instructions [DEBUG]: Evaluating STOP at 101
mythril.laser.ethereum.svm [DEBUG]: Ending transaction MessageCallTransaction 3 from sender_3 to                                        0x0.
mythril.laser.plugin.plugins.coverage.coverage_plugin [INFO]: Number of new instructions covered in tx 1: 0
mythril.laser.ethereum.svm [INFO]: Finished symbolic execution
mythril.laser.plugin.plugins.coverage.coverage_plugin [INFO]: Achieved 96.72% coverage for code: 6080604052600436106100565763ffffffff7c01000000000000000000000000000000000000000000000000000000006000350416634ba2363a811461005b57806376cdb03b1461008257806393e84cd9146100c0575b600080fd5b34801561006757600080fd5b506100706100ca565b60408051918252519081900360200190f35b34801561008e57600080fd5b506100976100d0565b6040805173ffffffffffffffffffffffffffffffffffffffff9092168252519081900360200190f35b6100c86100ec565b005b60015481565b60005473ffffffffffffffffffffffffffffffffffffffff1681565b600034600a146100f857fe5b600180543401905560408051428152905190819003602001902060029006905080151561019b576000805460405173ffffffffffffffffffffffffffffffffffffffff909116919060019082818181858883f19350505050158015610161573d6000803e3d6000fd5b5060015460405133916000190180156108fc02916000818181858888f19350505050158015610194573d6000803e3d6000fd5b5060006001555b505600a165627a7a72305820d707cf4cd86d0aeae6a56a23397115ff8fe88bc2e8c7edbf355c11c6b0ecb76f0029
mythril.laser.plugin.plugins.instruction_profiler [INFO]: Total: 0.7120082378387451 s
[ADD         ]   0.8190 %,  nr     10,  total   0.0058 s,  avg   0.0006 s,  min   0.0005 s,  max   0.0007 s
[AND         ]   0.6332 %,  nr      8,  total   0.0045 s,  avg   0.0006 s,  min   0.0005 s,  max   0.0008 s
[CALL        ]   1.1284 %,  nr      4,  total   0.0080 s,  avg   0.0020 s,  min   0.0014 s,  max   0.0026 s
[CALLDATALOAD]   3.3835 %,  nr      2,  total   0.0241 s,  avg   0.0120 s,  min   0.0120 s,  max   0.0121 s
[CALLDATASIZE]   0.2586 %,  nr      4,  total   0.0018 s,  avg   0.0005 s,  min   0.0004 s,  max   0.0005 s
[CALLER      ]   0.1344 %,  nr      2,  total   0.0010 s,  avg   0.0005 s,  min   0.0005 s,  max   0.0005 s
[CALLVALUE   ]   0.5139 %,  nr      8,  total   0.0037 s,  avg   0.0005 s,  min   0.0004 s,  max   0.0005 s
[DIV         ]   0.2094 %,  nr      2,  total   0.0015 s,  avg   0.0007 s,  min   0.0007 s,  max   0.0007 s
[DUP1        ]   2.7408 %,  nr     37,  total   0.0195 s,  avg   0.0005 s,  min   0.0004 s,  max   0.0020 s
[DUP2        ]   1.7465 %,  nr     26,  total   0.0124 s,  avg   0.0005 s,  min   0.0004 s,  max   0.0006 s
[DUP3        ]   0.3926 %,  nr      6,  total   0.0028 s,  avg   0.0005 s,  min   0.0004 s,  max   0.0005 s
[DUP4        ]   0.1334 %,  nr      2,  total   0.0009 s,  avg   0.0005 s,  min   0.0005 s,  max   0.0005 s
[DUP6        ]   0.2586 %,  nr      4,  total   0.0018 s,  avg   0.0005 s,  min   0.0004 s,  max   0.0005 s
[DUP9        ]   0.4156 %,  nr      6,  total   0.0030 s,  avg   0.0005 s,  min   0.0005 s,  max   0.0006 s
[EQ          ]   0.6175 %,  nr      8,  total   0.0044 s,  avg   0.0005 s,  min   0.0005 s,  max   0.0006 s
[ISZERO      ]   1.8802 %,  nr     18,  total   0.0134 s,  avg   0.0007 s,  min   0.0006 s,  max   0.0024 s
[JUMP        ]   2.2120 %,  nr     12,  total   0.0157 s,  avg   0.0013 s,  min   0.0008 s,  max   0.0031 s
[JUMPDEST    ]   2.7104 %,  nr     35,  total   0.0193 s,  avg   0.0006 s,  min   0.0004 s,  max   0.0019 s
[JUMPI       ]   5.0791 %,  nr     22,  total   0.0362 s,  avg   0.0016 s,  min   0.0011 s,  max   0.0019 s
[LT          ]   0.2902 %,  nr      4,  total   0.0021 s,  avg   0.0005 s,  min   0.0005 s,  max   0.0005 s
[MLOAD       ]  31.4947 %,  nr     16,  total   0.2242 s,  avg   0.0140 s,  min   0.0137 s,  max   0.0144 s
[MOD         ]   0.1931 %,  nr      2,  total   0.0014 s,  avg   0.0007 s,  min   0.0007 s,  max   0.0007 s
[MSTORE      ]  21.1993 %,  nr     10,  total   0.1509 s,  avg   0.0151 s,  min   0.0089 s,  max   0.0172 s
[MUL         ]   0.1584 %,  nr      2,  total   0.0011 s,  avg   0.0006 s,  min   0.0005 s,  max   0.0006 s
[NOT         ]   0.1499 %,  nr      2,  total   0.0011 s,  avg   0.0005 s,  min   0.0005 s,  max   0.0006 s
[POP         ]   1.9256 %,  nr     28,  total   0.0137 s,  avg   0.0005 s,  min   0.0004 s,  max   0.0006 s
[PUSH1       ]   5.1532 %,  nr     69,  total   0.0367 s,  avg   0.0005 s,  min   0.0004 s,  max   0.0009 s
[PUSH2       ]   2.6419 %,  nr     36,  total   0.0188 s,  avg   0.0005 s,  min   0.0004 s,  max   0.0008 s
[PUSH20      ]   0.4449 %,  nr      6,  total   0.0032 s,  avg   0.0005 s,  min   0.0005 s,  max   0.0007 s
[PUSH29      ]   0.1407 %,  nr      2,  total   0.0010 s,  avg   0.0005 s,  min   0.0005 s,  max   0.0005 s
[PUSH4       ]   0.6643 %,  nr      8,  total   0.0047 s,  avg   0.0006 s,  min   0.0005 s,  max   0.0008 s
[RETURNDATACOPY]   0.1840 %,  nr      2,  total   0.0013 s,  avg   0.0007 s,  min   0.0006 s,  max   0.0007 s
[RETURNDATASIZE]   0.3550 %,  nr      4,  total   0.0025 s,  avg   0.0006 s,  min   0.0005 s,  max   0.0008 s
[SHA3        ]   4.3533 %,  nr      2,  total   0.0310 s,  avg   0.0155 s,  min   0.0154 s,  max   0.0156 s
[SLOAD       ]   0.8394 %,  nr     10,  total   0.0060 s,  avg   0.0006 s,  min   0.0005 s,  max   0.0006 s
[SSTORE      ]   0.3985 %,  nr      4,  total   0.0028 s,  avg   0.0007 s,  min   0.0006 s,  max   0.0008 s
[SUB         ]   0.4559 %,  nr      6,  total   0.0032 s,  avg   0.0005 s,  min   0.0005 s,  max   0.0006 s
[SWAP1       ]   2.2954 %,  nr     34,  total   0.0163 s,  avg   0.0005 s,  min   0.0004 s,  max   0.0006 s
[SWAP2       ]   0.6745 %,  nr     10,  total   0.0048 s,  avg   0.0005 s,  min   0.0004 s,  max   0.0006 s
[SWAP3       ]   0.1278 %,  nr      2,  total   0.0009 s,  avg   0.0005 s,  min   0.0004 s,  max   0.0005 s
[SWAP4       ]   0.4290 %,  nr      4,  total   0.0031 s,  avg   0.0008 s,  min   0.0007 s,  max   0.0009 s
[TIMESTAMP   ]   0.1637 %,  nr      2,  total   0.0012 s,  avg   0.0006 s,  min   0.0006 s,  max   0.0006 s

mythril.analysis.security [INFO]: Starting analysis
mythril.analysis.security [DEBUG]: Retrieving results for Caller can write to arbitrary storage locations
mythril.analysis.security [DEBUG]: Retrieving results for Delegatecall to a user-specified address
mythril.analysis.security [DEBUG]: Retrieving results for Control flow depends on tx.origin
mythril.analysis.security [DEBUG]: Retrieving results for Any sender can withdraw ETH from the contract account
mythril.analysis.security [DEBUG]: Retrieving results for Integer overflow or underflow
mythril.analysis.security [DEBUG]: Retrieving results for State change after an external call
mythril.analysis.security [DEBUG]: Retrieving results for Contract can be accidentally killed by anyone
mythril.analysis.security [DEBUG]: Retrieving results for Return value of an external call is not checked
mythril.mythril.mythril_analyzer [INFO]: Solver statistics: 
Query count: 78 
Solver time: 6.107996702194214
{"error": null, "issues": [{"address": 366, "contract": "MAIN", "description": "The arithmetic operator can overflow.\nIt is possible to cause an integer overflow or underflow in the arithmetic operation. ", "function": "_function_0x0000000a", "max_gas_used": 122874, "min_gas_used": 14312, "severity": "High", "sourceMap": 366, "swc-id": "101", "title": "Integer Arithmetic Bugs (addition)", "tx_sequence": {"initialState": {"accounts": {"0x0": {"balance": "0x4a14152e597582890", "code": "6080604052600436106100565763ffffffff7c01000000000000000000000000000000000000000000000000000000006000350416634ba2363a811461005b57806376cdb03b1461008257806393e84cd9146100c0575b600080fd5b34801561006757600080fd5b506100706100ca565b60408051918252519081900360200190f35b34801561008e57600080fd5b506100976100d0565b6040805173ffffffffffffffffffffffffffffffffffffffff9092168252519081900360200190f35b6100c86100ec565b005b60015481565b60005473ffffffffffffffffffffffffffffffffffffffff1681565b600034600a146100f857fe5b600180543401905560408051428152905190819003602001902060029006905080151561019b576000805460405173ffffffffffffffffffffffffffffffffffffffff909116919060019082818181858883f19350505050158015610161573d6000803e3d6000fd5b5060015460405133916000190180156108fc02916000818181858888f19350505050158015610194573d6000803e3d6000fd5b5060006001555b505600a165627a7a72305820d707cf4cd86d0aeae6a56a23397115ff8fe88bc2e8c7edbf355c11c6b0ecb76f0029", "nonce": 0, "storage": "{}"}, "0xdeadbeefdeadbeefdeadbeefdeadbeefdeadbeef": {"balance": "0x0", "code": "", "nonce": 0, "storage": "{}"}}}, "steps": [{"address": "0x0", "calldata": "0x93e84cd9", "input": "0x93e84cd9", "name": "play()", "origin": "0xaaaaaaaaaaaaaaaaaaaaaaaaaaaaaaaaaaaaaaaa", "value": "0xa"}]}}], "success": true}
