 ______     __         __  __     ______     __     __  __     __    __    
/\  ___\   /\ \       /\ \_\ \   /\  ___\   /\ \   /\ \/\ \   /\ "-./  \   
\ \  __\   \ \ \____  \ \____ \  \ \___  \  \ \ \  \ \ \_\ \  \ \ \-./\ \  
 \ \_____\  \ \_____\  \/\_____\  \/\_____\  \ \_\  \ \_____\  \ \_\ \ \_\ 
  \/_____/   \/_____/   \/_____/   \/_____/   \/_/   \/_____/   \/_/  \/_/ 
                                                                           
Compiling source code...
Retrieving bytecode for contract 'PENNY_BY_PENNY'.
Please wait. Scanning bytecode for bugs...
Running Osiris...
Finished running Osiris. Execution time 3.3280842304229736 seconds. Code coverage 99.8%.
Running Oyente...
Finished running Oyente. Execution time 2.591179370880127 seconds. Code coverage 70.2%.
Running Mythril...
Finished running Mythril. Execution time 122.85142850875854 seconds. Code coverage 98.8%.
Detected 3 bug(s):
--> Detected 'overflow' (ADD) bug at program counter address 342 (0x156) using Osiris with a code coverage of 99.8%.
--> Detected 'overflow' (ADD) bug at program counter address 351 (0x15f) using Osiris with a code coverage of 99.8%.
--> Detected 'underflow' (SUB) bug at program counter address 719 (0x2cf) using Osiris with a code coverage of 99.8%.
Exporting original control-flow graph...
Recovering control-flow graph...
Recovered 100% of the control-flow graph
Number of execution paths accessing storage: 16
Deployment bytecode size: 30 bytes (original: 30 bytes) 0.0% increase.
Runtime bytecode size: 1102 bytes (original: 995 bytes) 10.753768844221106% increase.
Metadata: 0xa165627a7a72305820843f4597a12c86d76735c7ab866d944bd77e58d7450dc58eb06cfdae4e1a160c0029
Exporting patched control-flow graph...
