 ______     __         __  __     ______     __     __  __     __    __    
/\  ___\   /\ \       /\ \_\ \   /\  ___\   /\ \   /\ \/\ \   /\ "-./  \   
\ \  __\   \ \ \____  \ \____ \  \ \___  \  \ \ \  \ \ \_\ \  \ \ \-./\ \  
 \ \_____\  \ \_____\  \/\_____\  \/\_____\  \ \_\  \ \_____\  \ \_\ \ \_\ 
  \/_____/   \/_____/   \/_____/   \/_____/   \/_/   \/_____/   \/_/  \/_/ 
                                                                           
Compiling source code...
Retrieving bytecode for contract 'TimeLock'.
Please wait. Scanning bytecode for bugs...
Running Osiris...
Finished running Osiris. Execution time 1.434309720993042 seconds. Code coverage 99.7%.
Running Oyente...
Finished running Oyente. Execution time 2.2672646045684814 seconds. Code coverage 97.5%.
Running Mythril...
Finished running Mythril. Execution time 21.871452808380127 seconds. Code coverage 99.68%.
Detected 2 bug(s):
--> Detected 'overflow' (ADD) bug at program counter address 440 (0x1b8) using Osiris with a code coverage of 99.7%.
--> Detected 'overflow' (ADD) bug at program counter address 482 (0x1e2) using Osiris with a code coverage of 99.7%.
Exporting original control-flow graph...
Recovering control-flow graph...
Recovered 100% of the control-flow graph
Number of execution paths accessing storage: 7
Deployment bytecode size: 32 bytes (original: 32 bytes) 0.0% increase.
Runtime bytecode size: 596 bytes (original: 502 bytes) 18.725099601593627% increase.
Metadata: 0xa165627a7a72305820b6fa1e583580ada8d00a46d54d42866ddcce7fb3e35aa26a1389a9e57fa241e20029
Exporting patched control-flow graph...
