 ______     __         __  __     ______     __     __  __     __    __    
/\  ___\   /\ \       /\ \_\ \   /\  ___\   /\ \   /\ \/\ \   /\ "-./  \   
\ \  __\   \ \ \____  \ \____ \  \ \___  \  \ \ \  \ \ \_\ \  \ \ \-./\ \  
 \ \_____\  \ \_____\  \/\_____\  \/\_____\  \ \_\  \ \_____\  \ \_\ \ \_\ 
  \/_____/   \/_____/   \/_____/   \/_____/   \/_/   \/_____/   \/_/  \/_/ 
                                                                           
Compiling source code...
Retrieving bytecode for contract 'Roulette'.
Please wait. Scanning bytecode for bugs...
Running Osiris...
Finished running Osiris. Execution time 1.5196921825408936 seconds. Code coverage 68.0%.
Running Oyente...
Finished running Oyente. Execution time 1.723290205001831 seconds. Code coverage 68.0%.
Running Mythril...
Finished running Mythril. Execution time 122.51521587371826 seconds. Code coverage 99.22%.
Detected 1 bug(s):
--> Detected 'leaking ether' bug at program counter address 133 (0x85) using Mythril with a code coverage of 99.22%.
Exporting original control-flow graph...
Recovering control-flow graph...
Recovered 100% of the control-flow graph
Number of execution paths accessing storage: 3
Deployment bytecode size: 22 bytes (original: 18 bytes) 22.22222222222222% increase.
Runtime bytecode size: 236 bytes (original: 201 bytes) 17.412935323383085% increase.
Metadata: 0xa165627a7a72305820a08eb5b5cc65b6d1c7e97b9a633e3e8d15051de413019f08230e98decfb495ec0029
Exporting patched control-flow graph...
