Getting Slither report...
Switched global version to 0.4.26



'solc --version' running
'solc ../smartbugs-curated/dataset/unchecked_low_level_calls/0x4a66ad0bca2d700f11e1f2fc2c106f7d3264504c.sol --combined-json abi,ast,bin,bin-runtime,srcmap,srcmap-runtime,userdoc,devdoc,hashes,compact-format --allow-paths .,/home/mokita/sc_study/temp/smartbugs-curated/dataset/unchecked_low_level_calls' running
Compilation warnings/errors on ../smartbugs-curated/dataset/unchecked_low_level_calls/0x4a66ad0bca2d700f11e1f2fc2c106f7d3264504c.sol:
../smartbugs-curated/dataset/unchecked_low_level_calls/0x4a66ad0bca2d700f11e1f2fc2c106f7d3264504c.sol:8:1: Warning: Source file does not specify required compiler version!Consider adding "pragma solidity ^0.4.26;"
contract EBU{
^ (Relevant source part starts here and spans across multiple lines).
../smartbugs-curated/dataset/unchecked_low_level_calls/0x4a66ad0bca2d700f11e1f2fc2c106f7d3264504c.sol:18:13: Warning: Return value of low-level calls not used.
            caddress.call(id,from,_tos[i],v[i]*1000000000000000000);
            ^-----------------------------------------------------^


EBU.transfer(address[],uint256[]) (../smartbugs-curated/dataset/unchecked_low_level_calls/0x4a66ad0bca2d700f11e1f2fc2c106f7d3264504c.sol#12-21) ignores return value by caddress.call(id,from,_tos[i],v[i] * 1000000000000000000) (../smartbugs-curated/dataset/unchecked_low_level_calls/0x4a66ad0bca2d700f11e1f2fc2c106f7d3264504c.sol#18)
Reference: https://github.com/crytic/slither/wiki/Detector-Documentation#unchecked-low-level-calls

EBU.transfer(address[],uint256[]) (../smartbugs-curated/dataset/unchecked_low_level_calls/0x4a66ad0bca2d700f11e1f2fc2c106f7d3264504c.sol#12-21) has external calls inside a loop: caddress.call(id,from,_tos[i],v[i] * 1000000000000000000) (../smartbugs-curated/dataset/unchecked_low_level_calls/0x4a66ad0bca2d700f11e1f2fc2c106f7d3264504c.sol#18)
Reference: https://github.com/crytic/slither/wiki/Detector-Documentation/#calls-inside-a-loop

solc-0.4.26 is an outdated solc version. Use a more recent version (at least 0.8.0), if possible.
Reference: https://github.com/crytic/slither/wiki/Detector-Documentation#incorrect-versions-of-solidity

Low level call in EBU.transfer(address[],uint256[]) (../smartbugs-curated/dataset/unchecked_low_level_calls/0x4a66ad0bca2d700f11e1f2fc2c106f7d3264504c.sol#12-21):
	- caddress.call(id,from,_tos[i],v[i] * 1000000000000000000) (../smartbugs-curated/dataset/unchecked_low_level_calls/0x4a66ad0bca2d700f11e1f2fc2c106f7d3264504c.sol#18)
Reference: https://github.com/crytic/slither/wiki/Detector-Documentation#low-level-calls

Parameter EBU.transfer(address[],uint256[])._tos (../smartbugs-curated/dataset/unchecked_low_level_calls/0x4a66ad0bca2d700f11e1f2fc2c106f7d3264504c.sol#12) is not in mixedCase
Reference: https://github.com/crytic/slither/wiki/Detector-Documentation#conformance-to-solidity-naming-conventions

EBU.transfer(address[],uint256[]) (../smartbugs-curated/dataset/unchecked_low_level_calls/0x4a66ad0bca2d700f11e1f2fc2c106f7d3264504c.sol#12-21) uses literals with too many digits:
	- caddress.call(id,from,_tos[i],v[i] * 1000000000000000000) (../smartbugs-curated/dataset/unchecked_low_level_calls/0x4a66ad0bca2d700f11e1f2fc2c106f7d3264504c.sol#18)
Reference: https://github.com/crytic/slither/wiki/Detector-Documentation#too-many-digits

EBU.caddress (../smartbugs-curated/dataset/unchecked_low_level_calls/0x4a66ad0bca2d700f11e1f2fc2c106f7d3264504c.sol#10) should be constant 
EBU.from (../smartbugs-curated/dataset/unchecked_low_level_calls/0x4a66ad0bca2d700f11e1f2fc2c106f7d3264504c.sol#9) should be constant 
Reference: https://github.com/crytic/slither/wiki/Detector-Documentation#state-variables-that-could-be-declared-constant

transfer(address[],uint256[]) should be declared external:
	- EBU.transfer(address[],uint256[]) (../smartbugs-curated/dataset/unchecked_low_level_calls/0x4a66ad0bca2d700f11e1f2fc2c106f7d3264504c.sol#12-21)
Reference: https://github.com/crytic/slither/wiki/Detector-Documentation#public-function-that-could-be-declared-external
../smartbugs-curated/dataset/unchecked_low_level_calls/0x4a66ad0bca2d700f11e1f2fc2c106f7d3264504c.sol analyzed (1 contracts with 95 detectors), 9 result(s) found

Error running slither
0x4a66ad0bca2d700f11e1f2fc2c106f7d3264504c.sol
Getting Solidity AST...
Running TIPS...
0x4a66ad0bca2d700f11e1f2fc2c106f7d3264504c.sol
failing to repair the unchecked call defect in charnum:599 in type2
0.004737138748168945


