 ______     __         __  __     ______     __     __  __     __    __    
/\  ___\   /\ \       /\ \_\ \   /\  ___\   /\ \   /\ \/\ \   /\ "-./  \   
\ \  __\   \ \ \____  \ \____ \  \ \___  \  \ \ \  \ \ \_\ \  \ \ \-./\ \  
 \ \_____\  \ \_____\  \/\_____\  \/\_____\  \ \_\  \ \_____\  \ \_\ \ \_\ 
  \/_____/   \/_____/   \/_____/   \/_____/   \/_/   \/_____/   \/_/  \/_/ 
                                                                           
Compiling source code...
Retrieving bytecode for contract 'Caller'.
Please wait. Scanning bytecode for bugs...
Running Osiris...
Finished running Osiris. Execution time 0.9478485584259033 seconds. Code coverage 98.4%.
Running Oyente...
Finished running Oyente. Execution time 1.1824676990509033 seconds. Code coverage 98.4%.
Running Mythril...
Finished running Mythril. Execution time 3.904446601867676 seconds. Code coverage 98.44%.
Detected 1 bug(s):
--> Detected 'unhandled exception' bug at program counter address 148 (0x94) using Mythril with a code coverage of 98.44%.
Exporting original control-flow graph...
Recovering control-flow graph...
Recovered 100% of the control-flow graph
Number of execution paths accessing storage: 0
Deployment bytecode size: 30 bytes (original: 30 bytes) 0.0% increase.
Runtime bytecode size: 166 bytes (original: 155 bytes) 7.096774193548387% increase.
Metadata: 0xa165627a7a7230582019b5781e5f154bbc53d1d98f90b4ba95ae849f65ab6d68d07d5224d50ce7790d0029
Exporting patched control-flow graph...
