 ______     __         __  __     ______     __     __  __     __    __    
/\  ___\   /\ \       /\ \_\ \   /\  ___\   /\ \   /\ \/\ \   /\ "-./  \   
\ \  __\   \ \ \____  \ \____ \  \ \___  \  \ \ \  \ \ \_\ \  \ \ \-./\ \  
 \ \_____\  \ \_____\  \/\_____\  \/\_____\  \ \_\  \ \_____\  \ \_\ \ \_\ 
  \/_____/   \/_____/   \/_____/   \/_____/   \/_/   \/_____/   \/_/  \/_/ 
                                                                           
Compiling source code...
Retrieving bytecode for contract 'Caller'.
Please wait. Scanning bytecode for bugs...
Running Osiris...
Finished running Osiris. Execution time 0.9367580413818359 seconds. Code coverage 98.4%.
Running Oyente...
Finished running Oyente. Execution time 1.1956381797790527 seconds. Code coverage 98.4%.
Running Mythril...
Finished running Mythril. Execution time 4.4033825397491455 seconds. Code coverage 98.39%.
Detected 1 bug(s):
--> Detected 'unhandled exception' bug at program counter address 147 (0x93) using Mythril with a code coverage of 98.39%.
Exporting original control-flow graph...
Recovering control-flow graph...
Recovered 100% of the control-flow graph
Number of execution paths accessing storage: 0
Deployment bytecode size: 30 bytes (original: 30 bytes) 0.0% increase.
Runtime bytecode size: 166 bytes (original: 155 bytes) 7.096774193548387% increase.
Metadata: 0xa165627a7a723058201499314cefc0c3872b5dee70ce5fa41a203810a37875a62fdbac429658ef838c0029
Exporting patched control-flow graph...
