Getting Slither report...
Switched global version to 0.4.26



'solc --version' running
'solc ../smartbugs-curated/dataset/bad_randomness/guess_the_random_number.sol --combined-json abi,ast,bin,bin-runtime,srcmap,srcmap-runtime,userdoc,devdoc,hashes,compact-format --allow-paths .,/home/mokita/sc_study/temp/smartbugs-curated/dataset/bad_randomness' running
Compilation warnings/errors on ../smartbugs-curated/dataset/bad_randomness/guess_the_random_number.sol:
../smartbugs-curated/dataset/bad_randomness/guess_the_random_number.sol:11:5: Warning: Defining constructors as functions with the same name as the contract is deprecated. Use "constructor(...) { ... }" instead.
    function GuessTheRandomNumberChallenge() public payable {
    ^ (Relevant source part starts here and spans across multiple lines).
../smartbugs-curated/dataset/bad_randomness/guess_the_random_number.sol:8:1: Warning: Source file does not specify required compiler version!Consider adding "pragma solidity ^0.4.26;"
contract GuessTheRandomNumberChallenge {
^ (Relevant source part starts here and spans across multiple lines).
../smartbugs-curated/dataset/bad_randomness/guess_the_random_number.sol:14:24: Warning: This function only accepts a single "bytes" argument. Please use "abi.encodePacked(...)" or a similar function to encode the data.
        answer = uint8(keccak256(block.blockhash(block.number - 1), now));
                       ^-----------------------------------------------^
../smartbugs-curated/dataset/bad_randomness/guess_the_random_number.sol:14:34: Warning: "block.blockhash()" has been deprecated in favor of "blockhash()"
        answer = uint8(keccak256(block.blockhash(block.number - 1), now));
                                 ^-------------^


GuessTheRandomNumberChallenge.guess(uint8) (../smartbugs-curated/dataset/bad_randomness/guess_the_random_number.sol#21-27) sends eth to arbitrary user
	Dangerous calls:
	- msg.sender.transfer(2000000000000000000) (../smartbugs-curated/dataset/bad_randomness/guess_the_random_number.sol#25)
Reference: https://github.com/crytic/slither/wiki/Detector-Documentation#functions-that-send-ether-to-arbitrary-destinations

GuessTheRandomNumberChallenge.guess(uint8) (../smartbugs-curated/dataset/bad_randomness/guess_the_random_number.sol#21-27) uses a dangerous strict equality:
	- n == answer (../smartbugs-curated/dataset/bad_randomness/guess_the_random_number.sol#24)
GuessTheRandomNumberChallenge.isComplete() (../smartbugs-curated/dataset/bad_randomness/guess_the_random_number.sol#17-19) uses a dangerous strict equality:
	- address(this).balance == 0 (../smartbugs-curated/dataset/bad_randomness/guess_the_random_number.sol#18)
Reference: https://github.com/crytic/slither/wiki/Detector-Documentation#dangerous-strict-equalities

GuessTheRandomNumberChallenge.guess(uint8) (../smartbugs-curated/dataset/bad_randomness/guess_the_random_number.sol#21-27) uses timestamp for comparisons
	Dangerous comparisons:
	- n == answer (../smartbugs-curated/dataset/bad_randomness/guess_the_random_number.sol#24)
Reference: https://github.com/crytic/slither/wiki/Detector-Documentation#block-timestamp

Deprecated standard detected answer = uint8(keccak256()(block.blockhash(block.number - 1),now)) (../smartbugs-curated/dataset/bad_randomness/guess_the_random_number.sol#14):
	- Usage of "block.blockhash()" should be replaced with "blockhash()"
Reference: https://github.com/crytic/slither/wiki/Detector-Documentation#deprecated-standards

solc-0.4.26 is an outdated solc version. Use a more recent version (at least 0.8.0), if possible.
Reference: https://github.com/crytic/slither/wiki/Detector-Documentation#incorrect-versions-of-solidity
../smartbugs-curated/dataset/bad_randomness/guess_the_random_number.sol analyzed (1 contracts with 95 detectors), 6 result(s) found

Error running slither
guess_the_random_number.sol
Getting Solidity AST...
Running TIPS...
guess_the_random_number.sol
0.0012688636779785156


