Getting Slither report...
Switched global version to 0.4.26



'solc --version' running
'solc ../smartbugs-curated/dataset/arithmetic/overflow_single_tx.sol --combined-json abi,ast,bin,bin-runtime,srcmap,srcmap-runtime,userdoc,devdoc,hashes,compact-format --allow-paths .,/home/mokita/sc_study/temp/smartbugs-curated/dataset/arithmetic' running
Compilation warnings/errors on ../smartbugs-curated/dataset/arithmetic/overflow_single_tx.sol:
../smartbugs-curated/dataset/arithmetic/overflow_single_tx.sol:11:1: Warning: Source file does not specify required compiler version!Consider adding "pragma solidity ^0.4.26;"
contract IntegerOverflowSingleTransaction {
^ (Relevant source part starts here and spans across multiple lines).
../smartbugs-curated/dataset/arithmetic/overflow_single_tx.sol:35:9: Warning: Unused local variable.
        uint res = count + input;
        ^------^
../smartbugs-curated/dataset/arithmetic/overflow_single_tx.sol:41:9: Warning: Unused local variable.
        uint res = count * input;
        ^------^
../smartbugs-curated/dataset/arithmetic/overflow_single_tx.sol:47:9: Warning: Unused local variable.
       	uint res = count - input;
       	^------^
../smartbugs-curated/dataset/arithmetic/overflow_single_tx.sol:33:5: Warning: Function state mutability can be restricted to view
    function overflowlocalonly(uint256 input) public {
    ^ (Relevant source part starts here and spans across multiple lines).
../smartbugs-curated/dataset/arithmetic/overflow_single_tx.sol:39:5: Warning: Function state mutability can be restricted to view
    function overflowmulocalonly(uint256 input) public {
    ^ (Relevant source part starts here and spans across multiple lines).
../smartbugs-curated/dataset/arithmetic/overflow_single_tx.sol:45:5: Warning: Function state mutability can be restricted to view
    function underflowlocalonly(uint256 input) public {
    ^ (Relevant source part starts here and spans across multiple lines).


solc-0.4.26 is an outdated solc version. Use a more recent version (at least 0.8.0), if possible.
Reference: https://github.com/crytic/slither/wiki/Detector-Documentation#incorrect-versions-of-solidity
../smartbugs-curated/dataset/arithmetic/overflow_single_tx.sol analyzed (1 contracts with 95 detectors), 1 result(s) found

Error running slither
overflow_single_tx.sol
Getting Solidity AST...
Running TIPS...
overflow_single_tx.sol
0.0008172988891601562


