mythril.mythril.mythril_config [INFO]: Creating mythril data directory 
mythril.mythril.mythril_config [INFO]: No config file found. Creating default: /root/.mythril/config.ini 
mythril.mythril.mythril_config [INFO]: Infura key not provided, so onchain access is disabled. Use --infura-id <INFURA_ID> or set it in the environment variable INFURA_ID or in the ~/.mythril/config.ini file 
mythril.support.signatures [INFO]: Using signature database at /root/.mythril/signatures.db
mythril.laser.ethereum.svm [INFO]: LASER EVM initialized with dynamic loader: <mythril.support.loader.DynLoader object at 0x7fa0437775b0>
mythril.laser.ethereum.strategy.extensions.bounded_loops [INFO]: Loaded search strategy extension: Loop bounds (limit = 3)
mythril.laser.plugin.loader [INFO]: Loading laser plugin: coverage
mythril.laser.plugin.loader [INFO]: Loading laser plugin: mutation-pruner
mythril.laser.plugin.loader [INFO]: Loading laser plugin: call-depth-limit
mythril.laser.plugin.loader [INFO]: Loading laser plugin: instruction-profiler
mythril.laser.plugin.loader [INFO]: Loading laser plugin: dependency-pruner
mythril.laser.plugin.loader [INFO]: Instrumenting symbolic vm with plugin: coverage
mythril.laser.plugin.loader [INFO]: Instrumenting symbolic vm with plugin: mutation-pruner
mythril.laser.plugin.loader [INFO]: Instrumenting symbolic vm with plugin: call-depth-limit
mythril.laser.plugin.loader [INFO]: Instrumenting symbolic vm with plugin: instruction-profiler
mythril.laser.plugin.loader [INFO]: Instrumenting symbolic vm with plugin: dependency-pruner
mythril.laser.ethereum.svm [DEBUG]: Starting LASER execution
mythril.laser.ethereum.svm [INFO]: Starting message call transaction to 0
mythril.laser.ethereum.svm [INFO]: Starting message call transaction, iteration: 0, 1 initial states
mythril.laser.ethereum.instructions [DEBUG]: Evaluating PUSH1 at 0
mythril.laser.ethereum.instructions [DEBUG]: Evaluating PUSH1 at 1
mythril.laser.ethereum.instructions [DEBUG]: Evaluating MSTORE at 2
mythril.laser.ethereum.instructions [DEBUG]: Evaluating PUSH1 at 3
mythril.laser.ethereum.instructions [DEBUG]: Evaluating CALLDATASIZE at 4
mythril.laser.ethereum.instructions [DEBUG]: Evaluating LT at 5
mythril.laser.ethereum.instructions [DEBUG]: Evaluating PUSH1 at 6
mythril.analysis.module.base [DEBUG]: Entering analysis module: TxOrigin
mythril.analysis.module.base [DEBUG]: Exiting analysis module: TxOrigin
mythril.analysis.module.base [DEBUG]: Entering analysis module: IntegerArithmetics
mythril.analysis.module.base [DEBUG]: Exiting analysis module: IntegerArithmetics
mythril.laser.ethereum.instructions [DEBUG]: Evaluating JUMPI at 7
mythril.laser.ethereum.instructions [DEBUG]: Evaluating PUSH4 at 8
mythril.laser.ethereum.instructions [DEBUG]: Evaluating JUMPDEST at 19
mythril.laser.ethereum.instructions [DEBUG]: Evaluating PUSH29 at 9
mythril.laser.ethereum.instructions [DEBUG]: Evaluating PUSH8 at 20
mythril.laser.ethereum.instructions [DEBUG]: Evaluating PUSH1 at 10
mythril.laser.ethereum.instructions [DEBUG]: Evaluating CALLVALUE at 21
mythril.laser.ethereum.instructions [DEBUG]: Evaluating CALLDATALOAD at 11
mythril.laser.ethereum.instructions [DEBUG]: Evaluating EQ at 22
mythril.laser.ethereum.instructions [DEBUG]: Evaluating DIV at 12
mythril.laser.ethereum.instructions [DEBUG]: Evaluating PUSH1 at 23
mythril.laser.ethereum.instructions [DEBUG]: Evaluating AND at 13
mythril.analysis.module.base [DEBUG]: Entering analysis module: TxOrigin
mythril.analysis.module.base [DEBUG]: Exiting analysis module: TxOrigin
mythril.analysis.module.base [DEBUG]: Entering analysis module: IntegerArithmetics
mythril.analysis.module.base [DEBUG]: Exiting analysis module: IntegerArithmetics
mythril.laser.ethereum.instructions [DEBUG]: Evaluating JUMPI at 24
mythril.laser.ethereum.instructions [DEBUG]: Evaluating PUSH4 at 14
mythril.laser.ethereum.instructions [DEBUG]: Evaluating PUSH1 at 25
mythril.laser.ethereum.instructions [DEBUG]: Evaluating JUMPDEST at 28
mythril.laser.ethereum.instructions [DEBUG]: Evaluating DUP2 at 15
mythril.laser.ethereum.instructions [DEBUG]: Evaluating DUP1 at 26
mythril.laser.ethereum.instructions [DEBUG]: Evaluating PUSH1 at 29
mythril.laser.ethereum.instructions [DEBUG]: Evaluating EQ at 16
mythril.laser.ethereum.instructions [DEBUG]: Evaluating REVERT at 27
mythril.laser.ethereum.svm [DEBUG]: Ending transaction MessageCallTransaction 1 from sender_1 to                                        0x0.
mythril.laser.ethereum.instructions [DEBUG]: Evaluating SLOAD at 30
mythril.laser.ethereum.instructions [DEBUG]: Evaluating PUSH1 at 17
mythril.laser.ethereum.instructions [DEBUG]: Evaluating TIMESTAMP at 31
mythril.analysis.module.base [DEBUG]: Entering analysis module: TxOrigin
mythril.analysis.module.base [DEBUG]: Exiting analysis module: TxOrigin
mythril.analysis.module.base [DEBUG]: Entering analysis module: IntegerArithmetics
mythril.analysis.module.base [DEBUG]: Exiting analysis module: IntegerArithmetics
mythril.laser.ethereum.instructions [DEBUG]: Evaluating JUMPI at 18
mythril.laser.ethereum.instructions [DEBUG]: Evaluating EQ at 32
mythril.laser.ethereum.instructions [DEBUG]: Evaluating JUMPDEST at 19
mythril.laser.ethereum.instructions [DEBUG]: Evaluating JUMPDEST at 92
mythril.laser.ethereum.instructions [DEBUG]: Evaluating ISZERO at 33
mythril.laser.ethereum.instructions [DEBUG]: Evaluating PUSH8 at 20
mythril.laser.ethereum.instructions [DEBUG]: Evaluating CALLVALUE at 93
mythril.laser.ethereum.instructions [DEBUG]: Evaluating PUSH1 at 34
mythril.laser.ethereum.instructions [DEBUG]: Evaluating CALLVALUE at 21
mythril.laser.ethereum.instructions [DEBUG]: Evaluating DUP1 at 94
mythril.analysis.module.base [DEBUG]: Entering analysis module: TxOrigin
mythril.analysis.module.base [DEBUG]: Exiting analysis module: TxOrigin
mythril.analysis.module.base [DEBUG]: Entering analysis module: IntegerArithmetics
mythril.analysis.module.base [DEBUG]: Exiting analysis module: IntegerArithmetics
mythril.laser.ethereum.instructions [DEBUG]: Evaluating JUMPI at 35
mythril.laser.ethereum.instructions [DEBUG]: Evaluating EQ at 22
mythril.laser.ethereum.instructions [DEBUG]: Evaluating ISZERO at 95
mythril.laser.ethereum.instructions [DEBUG]: Evaluating PUSH1 at 36
mythril.laser.ethereum.instructions [DEBUG]: Evaluating JUMPDEST at 39
mythril.laser.ethereum.instructions [DEBUG]: Evaluating PUSH1 at 23
mythril.laser.ethereum.instructions [DEBUG]: Evaluating PUSH1 at 96
mythril.laser.ethereum.instructions [DEBUG]: Evaluating DUP1 at 37
mythril.laser.ethereum.instructions [DEBUG]: Evaluating TIMESTAMP at 40
mythril.analysis.module.base [DEBUG]: Entering analysis module: TxOrigin
mythril.analysis.module.base [DEBUG]: Exiting analysis module: TxOrigin
mythril.analysis.module.base [DEBUG]: Entering analysis module: IntegerArithmetics
mythril.analysis.module.base [DEBUG]: Exiting analysis module: IntegerArithmetics
mythril.laser.ethereum.instructions [DEBUG]: Evaluating JUMPI at 24
mythril.analysis.module.base [DEBUG]: Entering analysis module: TxOrigin
mythril.analysis.module.base [DEBUG]: Exiting analysis module: TxOrigin
mythril.analysis.module.base [DEBUG]: Entering analysis module: IntegerArithmetics
mythril.analysis.module.base [DEBUG]: Exiting analysis module: IntegerArithmetics
mythril.laser.ethereum.instructions [DEBUG]: Evaluating JUMPI at 97
mythril.laser.ethereum.instructions [DEBUG]: Evaluating REVERT at 38
mythril.laser.ethereum.svm [DEBUG]: Ending transaction MessageCallTransaction 1 from sender_1 to                                        0x0.
mythril.laser.ethereum.instructions [DEBUG]: Evaluating PUSH1 at 41
mythril.laser.ethereum.instructions [DEBUG]: Evaluating PUSH1 at 25
mythril.laser.ethereum.instructions [DEBUG]: Evaluating JUMPDEST at 28
mythril.laser.ethereum.instructions [DEBUG]: Evaluating PUSH1 at 98
mythril.laser.ethereum.instructions [DEBUG]: Evaluating JUMPDEST at 101
mythril.laser.ethereum.instructions [DEBUG]: Evaluating DUP2 at 42
mythril.laser.ethereum.instructions [DEBUG]: Evaluating DUP1 at 26
mythril.laser.ethereum.instructions [DEBUG]: Evaluating PUSH1 at 29
mythril.laser.ethereum.instructions [DEBUG]: Evaluating DUP1 at 99
mythril.laser.ethereum.instructions [DEBUG]: Evaluating POP at 102
mythril.laser.ethereum.instructions [DEBUG]: Evaluating SWAP1 at 43
mythril.laser.ethereum.instructions [DEBUG]: Evaluating REVERT at 27
mythril.laser.ethereum.svm [DEBUG]: Ending transaction MessageCallTransaction 1 from sender_1 to                                        0x0.
mythril.laser.ethereum.instructions [DEBUG]: Evaluating SLOAD at 30
mythril.laser.ethereum.instructions [DEBUG]: Evaluating REVERT at 100
mythril.laser.ethereum.svm [DEBUG]: Ending transaction MessageCallTransaction 1 from sender_1 to                                        0x0.
mythril.laser.ethereum.instructions [DEBUG]: Evaluating PUSH1 at 103
mythril.analysis.module.base [DEBUG]: Entering analysis module: ArbitraryStorage
mythril.analysis.module.base [DEBUG]: Exiting analysis module: ArbitraryStorage
mythril.analysis.module.base [DEBUG]: Entering analysis module: IntegerArithmetics
mythril.analysis.module.base [DEBUG]: Exiting analysis module: IntegerArithmetics
mythril.analysis.module.base [DEBUG]: Entering analysis module: StateChangeAfterCall
mythril.analysis.module.base [DEBUG]: Exiting analysis module: StateChangeAfterCall
mythril.laser.ethereum.instructions [DEBUG]: Evaluating SSTORE at 44
mythril.laser.ethereum.instructions [DEBUG]: Evaluating TIMESTAMP at 31
mythril.laser.ethereum.instructions [DEBUG]: Evaluating PUSH1 at 104
mythril.laser.ethereum.instructions [DEBUG]: Evaluating PUSH1 at 45
mythril.laser.ethereum.instructions [DEBUG]: Evaluating EQ at 32
mythril.laser.ethereum.instructions [DEBUG]: Evaluating JUMP at 105
mythril.laser.ethereum.instructions [DEBUG]: Evaluating SWAP1 at 46
mythril.laser.ethereum.instructions [DEBUG]: Evaluating ISZERO at 33
mythril.laser.ethereum.instructions [DEBUG]: Evaluating JUMPDEST at 122
mythril.laser.ethereum.instructions [DEBUG]: Evaluating MOD at 47
mythril.laser.ethereum.instructions [DEBUG]: Evaluating PUSH1 at 34
mythril.laser.ethereum.instructions [DEBUG]: Evaluating PUSH1 at 123
mythril.laser.ethereum.instructions [DEBUG]: Evaluating ISZERO at 48
mythril.analysis.module.base [DEBUG]: Entering analysis module: TxOrigin
mythril.analysis.module.base [DEBUG]: Exiting analysis module: TxOrigin
mythril.analysis.module.base [DEBUG]: Entering analysis module: IntegerArithmetics
mythril.analysis.module.base [DEBUG]: Exiting analysis module: IntegerArithmetics
mythril.laser.ethereum.instructions [DEBUG]: Evaluating JUMPI at 35
mythril.laser.ethereum.instructions [DEBUG]: Evaluating SLOAD at 124
mythril.laser.ethereum.instructions [DEBUG]: Evaluating ISZERO at 49
mythril.laser.ethereum.instructions [DEBUG]: Evaluating PUSH1 at 36
mythril.laser.ethereum.instructions [DEBUG]: Evaluating JUMPDEST at 39
mythril.laser.ethereum.instructions [DEBUG]: Evaluating DUP2 at 125
mythril.laser.ethereum.instructions [DEBUG]: Evaluating PUSH1 at 50
mythril.laser.ethereum.instructions [DEBUG]: Evaluating DUP1 at 37
mythril.laser.ethereum.instructions [DEBUG]: Evaluating TIMESTAMP at 40
mythril.laser.ethereum.instructions [DEBUG]: Evaluating JUMP at 126
mythril.analysis.module.base [DEBUG]: Entering analysis module: TxOrigin
mythril.analysis.module.base [DEBUG]: Exiting analysis module: TxOrigin
mythril.analysis.module.base [DEBUG]: Entering analysis module: IntegerArithmetics
mythril.analysis.module.base [DEBUG]: Exiting analysis module: IntegerArithmetics
mythril.laser.ethereum.instructions [DEBUG]: Evaluating JUMPI at 51
mythril.support.model [DEBUG]: Timeout/Error encountered while solving expression using z3
mythril.laser.ethereum.instructions [DEBUG]: Evaluating REVERT at 38
mythril.laser.ethereum.svm [DEBUG]: Ending transaction MessageCallTransaction 1 from sender_1 to                                        0x0.
mythril.laser.ethereum.instructions [DEBUG]: Evaluating PUSH1 at 41
mythril.laser.ethereum.instructions [DEBUG]: Evaluating JUMPDEST at 106
mythril.laser.ethereum.instructions [DEBUG]: Evaluating PUSH1 at 52
mythril.laser.ethereum.instructions [DEBUG]: Evaluating DUP2 at 42
mythril.laser.ethereum.instructions [DEBUG]: Evaluating PUSH1 at 107
mythril.laser.ethereum.instructions [DEBUG]: Evaluating MLOAD at 53
mythril.laser.ethereum.instructions [DEBUG]: Evaluating SWAP1 at 43
mythril.laser.ethereum.instructions [DEBUG]: Evaluating DUP1 at 108
mythril.laser.ethereum.instructions [DEBUG]: Evaluating CALLER at 54
mythril.analysis.module.base [DEBUG]: Entering analysis module: ArbitraryStorage
mythril.analysis.module.base [DEBUG]: Exiting analysis module: ArbitraryStorage
mythril.analysis.module.base [DEBUG]: Entering analysis module: IntegerArithmetics
mythril.analysis.module.base [DEBUG]: Exiting analysis module: IntegerArithmetics
mythril.analysis.module.base [DEBUG]: Entering analysis module: StateChangeAfterCall
mythril.analysis.module.base [DEBUG]: Exiting analysis module: StateChangeAfterCall
mythril.laser.ethereum.instructions [DEBUG]: Evaluating SSTORE at 44
mythril.laser.ethereum.instructions [DEBUG]: Evaluating MLOAD at 109
mythril.laser.ethereum.instructions [DEBUG]: Evaluating SWAP1 at 55
mythril.laser.ethereum.instructions [DEBUG]: Evaluating PUSH1 at 45
mythril.laser.ethereum.instructions [DEBUG]: Evaluating SWAP2 at 110
mythril.laser.ethereum.instructions [DEBUG]: Evaluating ADDRESS at 56
mythril.laser.ethereum.instructions [DEBUG]: Evaluating SWAP1 at 46
mythril.laser.ethereum.instructions [DEBUG]: Evaluating DUP3 at 111
mythril.laser.ethereum.instructions [DEBUG]: Evaluating BALANCE at 57
mythril.laser.ethereum.instructions [DEBUG]: Evaluating MOD at 47
mythril.laser.ethereum.instructions [DEBUG]: Evaluating MSTORE at 112
mythril.laser.ethereum.instructions [DEBUG]: Evaluating DUP1 at 58
mythril.laser.ethereum.instructions [DEBUG]: Evaluating ISZERO at 48
mythril.laser.ethereum.instructions [DEBUG]: Evaluating MLOAD at 113
mythril.laser.ethereum.instructions [DEBUG]: Evaluating ISZERO at 59
mythril.laser.ethereum.instructions [DEBUG]: Evaluating ISZERO at 49
mythril.laser.ethereum.instructions [DEBUG]: Evaluating SWAP1 at 114
mythril.laser.ethereum.instructions [DEBUG]: Evaluating PUSH2 at 60
mythril.laser.ethereum.instructions [DEBUG]: Evaluating PUSH1 at 50
mythril.laser.ethereum.instructions [DEBUG]: Evaluating DUP2 at 115
mythril.analysis.module.base [DEBUG]: Entering analysis module: IntegerArithmetics
mythril.analysis.module.base [DEBUG]: Exiting analysis module: IntegerArithmetics
mythril.laser.ethereum.instructions [DEBUG]: Evaluating MUL at 61
mythril.analysis.module.base [DEBUG]: Entering analysis module: TxOrigin
mythril.analysis.module.base [DEBUG]: Exiting analysis module: TxOrigin
mythril.analysis.module.base [DEBUG]: Entering analysis module: IntegerArithmetics
mythril.analysis.module.base [DEBUG]: Exiting analysis module: IntegerArithmetics
mythril.laser.ethereum.instructions [DEBUG]: Evaluating JUMPI at 51
mythril.laser.ethereum.instructions [DEBUG]: Evaluating SWAP1 at 116
mythril.laser.ethereum.instructions [DEBUG]: Evaluating SWAP2 at 62
mythril.laser.ethereum.instructions [DEBUG]: Evaluating PUSH1 at 52
mythril.laser.ethereum.instructions [DEBUG]: Evaluating JUMPDEST at 90
mythril.analysis.module.base [DEBUG]: Entering analysis module: IntegerArithmetics
mythril.analysis.module.base [DEBUG]: Exiting analysis module: IntegerArithmetics
mythril.laser.ethereum.instructions [DEBUG]: Evaluating SUB at 117
mythril.laser.ethereum.instructions [DEBUG]: Evaluating PUSH1 at 63
mythril.laser.ethereum.instructions [DEBUG]: Evaluating MLOAD at 53
mythril.analysis.module.base [DEBUG]: Entering analysis module: IntegerArithmetics
mythril.analysis.module.base [DEBUG]: Exiting analysis module: IntegerArithmetics
mythril.analysis.module.base [DEBUG]: Entering analysis module: UncheckedRetval
mythril.analysis.module.base [DEBUG]: Exiting analysis module: UncheckedRetval
mythril.laser.ethereum.instructions [DEBUG]: Evaluating STOP at 91
mythril.laser.ethereum.svm [DEBUG]: Ending transaction MessageCallTransaction 1 from sender_1 to                                        0x0.
mythril.laser.ethereum.instructions [DEBUG]: Evaluating PUSH1 at 118
mythril.laser.ethereum.instructions [DEBUG]: Evaluating DUP2 at 64
mythril.laser.ethereum.instructions [DEBUG]: Evaluating CALLER at 54
mythril.analysis.module.base [DEBUG]: Entering analysis module: IntegerArithmetics
mythril.analysis.module.base [DEBUG]: Exiting analysis module: IntegerArithmetics
mythril.laser.ethereum.instructions [DEBUG]: Evaluating ADD at 119
mythril.laser.ethereum.instructions [DEBUG]: Evaluating DUP2 at 65
mythril.laser.ethereum.instructions [DEBUG]: Evaluating SWAP1 at 55
mythril.laser.ethereum.instructions [DEBUG]: Evaluating SWAP1 at 120
mythril.laser.ethereum.instructions [DEBUG]: Evaluating DUP2 at 66
mythril.laser.ethereum.instructions [DEBUG]: Evaluating ADDRESS at 56
mythril.analysis.module.base [DEBUG]: Entering analysis module: IntegerArithmetics
mythril.analysis.module.base [DEBUG]: Exiting analysis module: IntegerArithmetics
mythril.analysis.module.base [DEBUG]: Entering analysis module: UncheckedRetval
mythril.analysis.module.base [DEBUG]: Exiting analysis module: UncheckedRetval
mythril.laser.ethereum.instructions [DEBUG]: Evaluating RETURN at 121
mythril.laser.ethereum.svm [DEBUG]: Ending transaction MessageCallTransaction 1 from sender_1 to                                        0x0.
mythril.laser.ethereum.instructions [DEBUG]: Evaluating DUP6 at 67
mythril.laser.ethereum.instructions [DEBUG]: Evaluating BALANCE at 57
mythril.laser.ethereum.instructions [DEBUG]: Evaluating DUP9 at 68
mythril.laser.ethereum.instructions [DEBUG]: Evaluating DUP1 at 58
mythril.laser.ethereum.instructions [DEBUG]: Evaluating DUP9 at 69
mythril.laser.ethereum.instructions [DEBUG]: Evaluating ISZERO at 59
mythril.analysis.module.base [DEBUG]: Entering analysis module: IntegerArithmetics
mythril.analysis.module.base [DEBUG]: Exiting analysis module: IntegerArithmetics
mythril.analysis.module.base [DEBUG]: Entering analysis module: StateChangeAfterCall
mythril.analysis.module.base [DEBUG]: Exiting analysis module: StateChangeAfterCall
mythril.laser.ethereum.instructions [DEBUG]: Evaluating CALL at 70
mythril.laser.ethereum.call [DEBUG]: Symbolic call encountered
mythril.laser.ethereum.call [DEBUG]: CALL to: sender_1
mythril.laser.ethereum.instructions [DEBUG]: The call is related to ether transfer between accounts
mythril.analysis.module.base [DEBUG]: Entering analysis module: EtherThief
mythril.analysis.module.base [DEBUG]: Exiting analysis module: EtherThief
mythril.analysis.module.base [DEBUG]: Entering analysis module: UncheckedRetval
mythril.analysis.module.modules.unchecked_retval [DEBUG]: End of call, extracting retval
mythril.analysis.module.base [DEBUG]: Exiting analysis module: UncheckedRetval
mythril.laser.ethereum.instructions [DEBUG]: Evaluating PUSH2 at 60
mythril.laser.ethereum.instructions [DEBUG]: Evaluating SWAP4 at 71
mythril.analysis.module.base [DEBUG]: Entering analysis module: IntegerArithmetics
mythril.analysis.module.base [DEBUG]: Exiting analysis module: IntegerArithmetics
mythril.laser.ethereum.instructions [DEBUG]: Evaluating MUL at 61
mythril.laser.ethereum.instructions [DEBUG]: Evaluating POP at 72
mythril.laser.ethereum.instructions [DEBUG]: Evaluating SWAP2 at 62
mythril.laser.ethereum.instructions [DEBUG]: Evaluating POP at 73
mythril.laser.ethereum.instructions [DEBUG]: Evaluating PUSH1 at 63
mythril.laser.ethereum.instructions [DEBUG]: Evaluating POP at 74
mythril.laser.ethereum.instructions [DEBUG]: Evaluating DUP2 at 64
mythril.laser.ethereum.instructions [DEBUG]: Evaluating POP at 75
mythril.laser.ethereum.instructions [DEBUG]: Evaluating DUP2 at 65
mythril.laser.ethereum.instructions [DEBUG]: Evaluating ISZERO at 76
mythril.laser.ethereum.instructions [DEBUG]: Evaluating DUP2 at 66
mythril.laser.ethereum.instructions [DEBUG]: Evaluating DUP1 at 77
mythril.laser.ethereum.instructions [DEBUG]: Evaluating DUP6 at 67
mythril.laser.ethereum.instructions [DEBUG]: Evaluating ISZERO at 78
mythril.laser.ethereum.instructions [DEBUG]: Evaluating DUP9 at 68
mythril.laser.ethereum.instructions [DEBUG]: Evaluating PUSH1 at 79
mythril.laser.ethereum.instructions [DEBUG]: Evaluating DUP9 at 69
mythril.analysis.module.base [DEBUG]: Entering analysis module: TxOrigin
mythril.analysis.module.base [DEBUG]: Exiting analysis module: TxOrigin
mythril.analysis.module.base [DEBUG]: Entering analysis module: IntegerArithmetics
mythril.analysis.module.base [DEBUG]: Exiting analysis module: IntegerArithmetics
mythril.laser.ethereum.instructions [DEBUG]: Evaluating JUMPI at 80
mythril.analysis.module.base [DEBUG]: Entering analysis module: IntegerArithmetics
mythril.analysis.module.base [DEBUG]: Exiting analysis module: IntegerArithmetics
mythril.analysis.module.base [DEBUG]: Entering analysis module: StateChangeAfterCall
mythril.analysis.module.base [DEBUG]: Exiting analysis module: StateChangeAfterCall
mythril.laser.ethereum.instructions [DEBUG]: Evaluating CALL at 70
mythril.laser.ethereum.call [DEBUG]: Symbolic call encountered
mythril.laser.ethereum.call [DEBUG]: CALL to: sender_1
mythril.laser.ethereum.instructions [DEBUG]: The call is related to ether transfer between accounts
mythril.analysis.module.base [DEBUG]: Entering analysis module: EtherThief
mythril.analysis.module.base [DEBUG]: Exiting analysis module: EtherThief
mythril.analysis.module.base [DEBUG]: Entering analysis module: UncheckedRetval
mythril.analysis.module.modules.unchecked_retval [DEBUG]: End of call, extracting retval
mythril.analysis.module.base [DEBUG]: Exiting analysis module: UncheckedRetval
mythril.laser.ethereum.instructions [DEBUG]: Evaluating RETURNDATASIZE at 81
mythril.laser.ethereum.instructions [DEBUG]: No last_return_data found, adding an unconstrained bitvec to the stack
mythril.laser.ethereum.instructions [DEBUG]: Evaluating JUMPDEST at 88
mythril.laser.ethereum.instructions [DEBUG]: Evaluating SWAP4 at 71
mythril.laser.ethereum.instructions [DEBUG]: Evaluating PUSH1 at 82
mythril.laser.ethereum.instructions [DEBUG]: Evaluating POP at 89
mythril.laser.ethereum.instructions [DEBUG]: Evaluating POP at 72
mythril.laser.ethereum.instructions [DEBUG]: Evaluating DUP1 at 83
mythril.laser.ethereum.instructions [DEBUG]: Evaluating JUMPDEST at 90
mythril.laser.ethereum.instructions [DEBUG]: Evaluating POP at 73
mythril.laser.ethereum.instructions [DEBUG]: Evaluating RETURNDATACOPY at 84
mythril.laser.ethereum.instructions [DEBUG]: Unsupported symbolic max_length offset in RETURNDATACOPY
mythril.analysis.module.base [DEBUG]: Entering analysis module: IntegerArithmetics
mythril.analysis.module.base [DEBUG]: Exiting analysis module: IntegerArithmetics
mythril.analysis.module.base [DEBUG]: Entering analysis module: UncheckedRetval
mythril.analysis.module.base [DEBUG]: Exiting analysis module: UncheckedRetval
mythril.laser.ethereum.instructions [DEBUG]: Evaluating STOP at 91
mythril.laser.ethereum.svm [DEBUG]: Ending transaction MessageCallTransaction 1 from sender_1 to                                        0x0.
mythril.laser.ethereum.instructions [DEBUG]: Evaluating POP at 74
mythril.laser.ethereum.instructions [DEBUG]: Evaluating RETURNDATASIZE at 85
mythril.laser.ethereum.instructions [DEBUG]: No last_return_data found, adding an unconstrained bitvec to the stack
mythril.laser.ethereum.instructions [DEBUG]: Evaluating POP at 75
mythril.laser.ethereum.instructions [DEBUG]: Evaluating PUSH1 at 86
mythril.laser.ethereum.instructions [DEBUG]: Evaluating ISZERO at 76
mythril.laser.ethereum.instructions [DEBUG]: Evaluating REVERT at 87
mythril.laser.ethereum.instructions [DEBUG]: Return with symbolic length or offset. Not supported
mythril.laser.ethereum.svm [DEBUG]: Ending transaction MessageCallTransaction 1 from sender_1 to                                        0x0.
mythril.laser.ethereum.instructions [DEBUG]: Evaluating DUP1 at 77
mythril.laser.ethereum.instructions [DEBUG]: Evaluating ISZERO at 78
mythril.laser.ethereum.instructions [DEBUG]: Evaluating PUSH1 at 79
mythril.analysis.module.base [DEBUG]: Entering analysis module: TxOrigin
mythril.analysis.module.base [DEBUG]: Exiting analysis module: TxOrigin
mythril.analysis.module.base [DEBUG]: Entering analysis module: IntegerArithmetics
mythril.analysis.module.base [DEBUG]: Exiting analysis module: IntegerArithmetics
mythril.laser.ethereum.instructions [DEBUG]: Evaluating JUMPI at 80
mythril.laser.ethereum.instructions [DEBUG]: Evaluating RETURNDATASIZE at 81
mythril.laser.ethereum.instructions [DEBUG]: No last_return_data found, adding an unconstrained bitvec to the stack
mythril.laser.ethereum.instructions [DEBUG]: Evaluating JUMPDEST at 88
mythril.laser.ethereum.instructions [DEBUG]: Evaluating PUSH1 at 82
mythril.laser.ethereum.instructions [DEBUG]: Evaluating POP at 89
mythril.laser.ethereum.instructions [DEBUG]: Evaluating DUP1 at 83
mythril.laser.ethereum.instructions [DEBUG]: Evaluating JUMPDEST at 90
mythril.laser.ethereum.instructions [DEBUG]: Evaluating RETURNDATACOPY at 84
mythril.laser.ethereum.instructions [DEBUG]: Unsupported symbolic max_length offset in RETURNDATACOPY
mythril.analysis.module.base [DEBUG]: Entering analysis module: IntegerArithmetics
mythril.analysis.module.base [DEBUG]: Exiting analysis module: IntegerArithmetics
mythril.analysis.module.base [DEBUG]: Entering analysis module: UncheckedRetval
mythril.analysis.module.base [DEBUG]: Exiting analysis module: UncheckedRetval
mythril.laser.ethereum.instructions [DEBUG]: Evaluating STOP at 91
mythril.laser.ethereum.svm [DEBUG]: Ending transaction MessageCallTransaction 1 from sender_1 to                                        0x0.
mythril.laser.ethereum.instructions [DEBUG]: Evaluating RETURNDATASIZE at 85
mythril.laser.ethereum.instructions [DEBUG]: No last_return_data found, adding an unconstrained bitvec to the stack
mythril.laser.ethereum.instructions [DEBUG]: Evaluating PUSH1 at 86
mythril.laser.ethereum.instructions [DEBUG]: Evaluating REVERT at 87
mythril.laser.ethereum.instructions [DEBUG]: Return with symbolic length or offset. Not supported
mythril.laser.ethereum.svm [DEBUG]: Ending transaction MessageCallTransaction 1 from sender_1 to                                        0x0.
mythril.laser.plugin.plugins.coverage.coverage_plugin [INFO]: Number of new instructions covered in tx 0: 127
mythril.laser.ethereum.svm [INFO]: Starting message call transaction, iteration: 1, 3 initial states
mythril.laser.ethereum.instructions [DEBUG]: Evaluating PUSH1 at 0
mythril.laser.ethereum.instructions [DEBUG]: Evaluating PUSH1 at 0
mythril.laser.ethereum.instructions [DEBUG]: Evaluating PUSH1 at 0
mythril.laser.ethereum.instructions [DEBUG]: Evaluating PUSH1 at 1
mythril.laser.ethereum.instructions [DEBUG]: Evaluating PUSH1 at 1
mythril.laser.ethereum.instructions [DEBUG]: Evaluating PUSH1 at 1
mythril.laser.ethereum.instructions [DEBUG]: Evaluating MSTORE at 2
mythril.laser.ethereum.instructions [DEBUG]: Evaluating MSTORE at 2
mythril.laser.ethereum.instructions [DEBUG]: Evaluating MSTORE at 2
mythril.laser.ethereum.instructions [DEBUG]: Evaluating PUSH1 at 3
mythril.laser.ethereum.instructions [DEBUG]: Evaluating PUSH1 at 3
mythril.laser.ethereum.instructions [DEBUG]: Evaluating PUSH1 at 3
mythril.laser.ethereum.instructions [DEBUG]: Evaluating CALLDATASIZE at 4
mythril.laser.ethereum.instructions [DEBUG]: Evaluating CALLDATASIZE at 4
mythril.laser.ethereum.instructions [DEBUG]: Evaluating CALLDATASIZE at 4
mythril.laser.ethereum.instructions [DEBUG]: Evaluating LT at 5
mythril.laser.ethereum.instructions [DEBUG]: Evaluating LT at 5
mythril.laser.ethereum.instructions [DEBUG]: Evaluating LT at 5
mythril.laser.ethereum.instructions [DEBUG]: Evaluating PUSH1 at 6
mythril.laser.ethereum.instructions [DEBUG]: Evaluating PUSH1 at 6
mythril.laser.ethereum.instructions [DEBUG]: Evaluating PUSH1 at 6
mythril.analysis.module.base [DEBUG]: Entering analysis module: TxOrigin
mythril.analysis.module.base [DEBUG]: Exiting analysis module: TxOrigin
mythril.analysis.module.base [DEBUG]: Entering analysis module: IntegerArithmetics
mythril.analysis.module.base [DEBUG]: Exiting analysis module: IntegerArithmetics
mythril.laser.ethereum.instructions [DEBUG]: Evaluating JUMPI at 7
mythril.analysis.module.base [DEBUG]: Entering analysis module: TxOrigin
mythril.analysis.module.base [DEBUG]: Exiting analysis module: TxOrigin
mythril.analysis.module.base [DEBUG]: Entering analysis module: IntegerArithmetics
mythril.analysis.module.base [DEBUG]: Exiting analysis module: IntegerArithmetics
mythril.laser.ethereum.instructions [DEBUG]: Evaluating JUMPI at 7
mythril.analysis.module.base [DEBUG]: Entering analysis module: TxOrigin
mythril.analysis.module.base [DEBUG]: Exiting analysis module: TxOrigin
mythril.analysis.module.base [DEBUG]: Entering analysis module: IntegerArithmetics
mythril.analysis.module.base [DEBUG]: Exiting analysis module: IntegerArithmetics
mythril.laser.ethereum.instructions [DEBUG]: Evaluating JUMPI at 7
mythril.laser.ethereum.instructions [DEBUG]: Evaluating PUSH4 at 8
mythril.laser.ethereum.instructions [DEBUG]: Evaluating JUMPDEST at 19
mythril.laser.ethereum.instructions [DEBUG]: Evaluating PUSH4 at 8
mythril.laser.ethereum.instructions [DEBUG]: Evaluating JUMPDEST at 19
mythril.laser.ethereum.instructions [DEBUG]: Evaluating PUSH4 at 8
mythril.laser.ethereum.instructions [DEBUG]: Evaluating JUMPDEST at 19
mythril.laser.ethereum.instructions [DEBUG]: Evaluating PUSH29 at 9
mythril.laser.ethereum.instructions [DEBUG]: Evaluating PUSH8 at 20
mythril.laser.ethereum.instructions [DEBUG]: Evaluating PUSH29 at 9
mythril.laser.ethereum.instructions [DEBUG]: Evaluating PUSH8 at 20
mythril.laser.ethereum.instructions [DEBUG]: Evaluating PUSH29 at 9
mythril.laser.ethereum.instructions [DEBUG]: Evaluating PUSH8 at 20
mythril.laser.ethereum.instructions [DEBUG]: Evaluating PUSH1 at 10
mythril.laser.ethereum.instructions [DEBUG]: Evaluating CALLVALUE at 21
mythril.laser.ethereum.instructions [DEBUG]: Evaluating PUSH1 at 10
mythril.laser.ethereum.instructions [DEBUG]: Evaluating CALLVALUE at 21
mythril.laser.ethereum.instructions [DEBUG]: Evaluating PUSH1 at 10
mythril.laser.ethereum.instructions [DEBUG]: Evaluating CALLVALUE at 21
mythril.laser.ethereum.instructions [DEBUG]: Evaluating CALLDATALOAD at 11
mythril.laser.ethereum.instructions [DEBUG]: Evaluating EQ at 22
mythril.laser.ethereum.instructions [DEBUG]: Evaluating CALLDATALOAD at 11
mythril.laser.ethereum.instructions [DEBUG]: Evaluating EQ at 22
mythril.laser.ethereum.instructions [DEBUG]: Evaluating CALLDATALOAD at 11
mythril.laser.ethereum.instructions [DEBUG]: Evaluating EQ at 22
mythril.laser.ethereum.instructions [DEBUG]: Evaluating DIV at 12
mythril.laser.ethereum.instructions [DEBUG]: Evaluating PUSH1 at 23
mythril.laser.ethereum.instructions [DEBUG]: Evaluating DIV at 12
mythril.laser.ethereum.instructions [DEBUG]: Evaluating PUSH1 at 23
mythril.laser.ethereum.instructions [DEBUG]: Evaluating DIV at 12
mythril.laser.ethereum.instructions [DEBUG]: Evaluating PUSH1 at 23
mythril.laser.ethereum.instructions [DEBUG]: Evaluating AND at 13
mythril.analysis.module.base [DEBUG]: Entering analysis module: TxOrigin
mythril.analysis.module.base [DEBUG]: Exiting analysis module: TxOrigin
mythril.analysis.module.base [DEBUG]: Entering analysis module: IntegerArithmetics
mythril.analysis.module.base [DEBUG]: Exiting analysis module: IntegerArithmetics
mythril.laser.ethereum.instructions [DEBUG]: Evaluating JUMPI at 24
mythril.laser.ethereum.instructions [DEBUG]: Evaluating AND at 13
mythril.analysis.module.base [DEBUG]: Entering analysis module: TxOrigin
mythril.analysis.module.base [DEBUG]: Exiting analysis module: TxOrigin
mythril.analysis.module.base [DEBUG]: Entering analysis module: IntegerArithmetics
mythril.analysis.module.base [DEBUG]: Exiting analysis module: IntegerArithmetics
mythril.laser.ethereum.instructions [DEBUG]: Evaluating JUMPI at 24
mythril.laser.ethereum.instructions [DEBUG]: Evaluating AND at 13
mythril.analysis.module.base [DEBUG]: Entering analysis module: TxOrigin
mythril.analysis.module.base [DEBUG]: Exiting analysis module: TxOrigin
mythril.analysis.module.base [DEBUG]: Entering analysis module: IntegerArithmetics
mythril.analysis.module.base [DEBUG]: Exiting analysis module: IntegerArithmetics
mythril.laser.ethereum.instructions [DEBUG]: Evaluating JUMPI at 24
mythril.laser.ethereum.instructions [DEBUG]: Evaluating PUSH4 at 14
mythril.laser.ethereum.instructions [DEBUG]: Evaluating PUSH1 at 25
mythril.laser.ethereum.instructions [DEBUG]: Evaluating JUMPDEST at 28
mythril.laser.ethereum.instructions [DEBUG]: Evaluating PUSH4 at 14
mythril.laser.ethereum.instructions [DEBUG]: Evaluating PUSH1 at 25
mythril.laser.ethereum.instructions [DEBUG]: Evaluating JUMPDEST at 28
mythril.laser.ethereum.instructions [DEBUG]: Evaluating PUSH4 at 14
mythril.laser.ethereum.instructions [DEBUG]: Evaluating PUSH1 at 25
mythril.laser.ethereum.instructions [DEBUG]: Evaluating JUMPDEST at 28
mythril.laser.ethereum.instructions [DEBUG]: Evaluating DUP2 at 15
mythril.laser.ethereum.instructions [DEBUG]: Evaluating DUP1 at 26
mythril.laser.ethereum.instructions [DEBUG]: Evaluating PUSH1 at 29
mythril.laser.ethereum.instructions [DEBUG]: Evaluating DUP2 at 15
mythril.laser.ethereum.instructions [DEBUG]: Evaluating DUP1 at 26
mythril.laser.ethereum.instructions [DEBUG]: Evaluating PUSH1 at 29
mythril.laser.ethereum.instructions [DEBUG]: Evaluating DUP2 at 15
mythril.laser.ethereum.instructions [DEBUG]: Evaluating DUP1 at 26
mythril.laser.ethereum.instructions [DEBUG]: Evaluating PUSH1 at 29
mythril.laser.ethereum.instructions [DEBUG]: Evaluating EQ at 16
mythril.laser.ethereum.instructions [DEBUG]: Evaluating REVERT at 27
mythril.laser.ethereum.svm [DEBUG]: Ending transaction MessageCallTransaction 2 from sender_2 to                                        0x0.
mythril.laser.ethereum.instructions [DEBUG]: Evaluating SLOAD at 30
mythril.laser.ethereum.instructions [DEBUG]: Evaluating EQ at 16
mythril.laser.ethereum.instructions [DEBUG]: Evaluating REVERT at 27
mythril.laser.ethereum.svm [DEBUG]: Ending transaction MessageCallTransaction 3 from sender_3 to                                        0x0.
mythril.laser.ethereum.instructions [DEBUG]: Evaluating SLOAD at 30
mythril.laser.ethereum.instructions [DEBUG]: Evaluating EQ at 16
mythril.laser.ethereum.instructions [DEBUG]: Evaluating REVERT at 27
mythril.laser.ethereum.svm [DEBUG]: Ending transaction MessageCallTransaction 4 from sender_4 to                                        0x0.
mythril.laser.ethereum.instructions [DEBUG]: Evaluating SLOAD at 30
mythril.laser.ethereum.instructions [DEBUG]: Evaluating PUSH1 at 17
mythril.laser.ethereum.instructions [DEBUG]: Evaluating TIMESTAMP at 31
mythril.laser.ethereum.instructions [DEBUG]: Evaluating PUSH1 at 17
mythril.laser.ethereum.instructions [DEBUG]: Evaluating TIMESTAMP at 31
mythril.laser.ethereum.instructions [DEBUG]: Evaluating PUSH1 at 17
mythril.laser.ethereum.instructions [DEBUG]: Evaluating TIMESTAMP at 31
mythril.analysis.module.base [DEBUG]: Entering analysis module: TxOrigin
mythril.analysis.module.base [DEBUG]: Exiting analysis module: TxOrigin
mythril.analysis.module.base [DEBUG]: Entering analysis module: IntegerArithmetics
mythril.analysis.module.base [DEBUG]: Exiting analysis module: IntegerArithmetics
mythril.laser.ethereum.instructions [DEBUG]: Evaluating JUMPI at 18
mythril.laser.ethereum.instructions [DEBUG]: Evaluating EQ at 32
mythril.analysis.module.base [DEBUG]: Entering analysis module: TxOrigin
mythril.analysis.module.base [DEBUG]: Exiting analysis module: TxOrigin
mythril.analysis.module.base [DEBUG]: Entering analysis module: IntegerArithmetics
mythril.analysis.module.base [DEBUG]: Exiting analysis module: IntegerArithmetics
mythril.laser.ethereum.instructions [DEBUG]: Evaluating JUMPI at 18
mythril.laser.ethereum.instructions [DEBUG]: Evaluating EQ at 32
mythril.analysis.module.base [DEBUG]: Entering analysis module: TxOrigin
mythril.analysis.module.base [DEBUG]: Exiting analysis module: TxOrigin
mythril.analysis.module.base [DEBUG]: Entering analysis module: IntegerArithmetics
mythril.analysis.module.base [DEBUG]: Exiting analysis module: IntegerArithmetics
mythril.laser.ethereum.instructions [DEBUG]: Evaluating JUMPI at 18
mythril.laser.ethereum.instructions [DEBUG]: Evaluating EQ at 32
mythril.laser.ethereum.instructions [DEBUG]: Evaluating JUMPDEST at 19
mythril.laser.ethereum.instructions [DEBUG]: Evaluating JUMPDEST at 92
mythril.laser.ethereum.instructions [DEBUG]: Evaluating ISZERO at 33
mythril.laser.ethereum.instructions [DEBUG]: Evaluating JUMPDEST at 19
mythril.laser.ethereum.instructions [DEBUG]: Evaluating JUMPDEST at 92
mythril.laser.ethereum.instructions [DEBUG]: Evaluating ISZERO at 33
mythril.laser.ethereum.instructions [DEBUG]: Evaluating JUMPDEST at 19
mythril.laser.ethereum.instructions [DEBUG]: Evaluating JUMPDEST at 92
mythril.laser.ethereum.instructions [DEBUG]: Evaluating ISZERO at 33
mythril.laser.ethereum.instructions [DEBUG]: Evaluating PUSH8 at 20
mythril.laser.ethereum.instructions [DEBUG]: Evaluating CALLVALUE at 93
mythril.laser.ethereum.instructions [DEBUG]: Evaluating PUSH1 at 34
mythril.laser.ethereum.instructions [DEBUG]: Evaluating PUSH8 at 20
mythril.laser.ethereum.instructions [DEBUG]: Evaluating CALLVALUE at 93
mythril.laser.ethereum.instructions [DEBUG]: Evaluating PUSH1 at 34
mythril.laser.ethereum.instructions [DEBUG]: Evaluating PUSH8 at 20
mythril.laser.ethereum.instructions [DEBUG]: Evaluating CALLVALUE at 93
mythril.laser.ethereum.instructions [DEBUG]: Evaluating PUSH1 at 34
mythril.laser.ethereum.instructions [DEBUG]: Evaluating CALLVALUE at 21
mythril.laser.ethereum.instructions [DEBUG]: Evaluating DUP1 at 94
mythril.analysis.module.base [DEBUG]: Entering analysis module: TxOrigin
mythril.analysis.module.base [DEBUG]: Exiting analysis module: TxOrigin
mythril.analysis.module.base [DEBUG]: Entering analysis module: IntegerArithmetics
mythril.analysis.module.base [DEBUG]: Exiting analysis module: IntegerArithmetics
mythril.laser.ethereum.instructions [DEBUG]: Evaluating JUMPI at 35
mythril.laser.ethereum.instructions [DEBUG]: Evaluating CALLVALUE at 21
mythril.laser.ethereum.instructions [DEBUG]: Evaluating DUP1 at 94
mythril.analysis.module.base [DEBUG]: Entering analysis module: TxOrigin
mythril.analysis.module.base [DEBUG]: Exiting analysis module: TxOrigin
mythril.analysis.module.base [DEBUG]: Entering analysis module: IntegerArithmetics
mythril.analysis.module.base [DEBUG]: Exiting analysis module: IntegerArithmetics
mythril.laser.ethereum.instructions [DEBUG]: Evaluating JUMPI at 35
mythril.laser.ethereum.instructions [DEBUG]: Evaluating CALLVALUE at 21
mythril.laser.ethereum.instructions [DEBUG]: Evaluating DUP1 at 94
mythril.analysis.module.base [DEBUG]: Entering analysis module: TxOrigin
mythril.analysis.module.base [DEBUG]: Exiting analysis module: TxOrigin
mythril.analysis.module.base [DEBUG]: Entering analysis module: IntegerArithmetics
mythril.analysis.module.base [DEBUG]: Exiting analysis module: IntegerArithmetics
mythril.laser.ethereum.instructions [DEBUG]: Evaluating JUMPI at 35
mythril.laser.ethereum.instructions [DEBUG]: Evaluating EQ at 22
mythril.laser.ethereum.instructions [DEBUG]: Evaluating ISZERO at 95
mythril.laser.ethereum.instructions [DEBUG]: Evaluating PUSH1 at 36
mythril.laser.ethereum.instructions [DEBUG]: Evaluating JUMPDEST at 39
mythril.laser.ethereum.instructions [DEBUG]: Evaluating EQ at 22
mythril.laser.ethereum.instructions [DEBUG]: Evaluating ISZERO at 95
mythril.laser.ethereum.instructions [DEBUG]: Evaluating PUSH1 at 36
mythril.laser.ethereum.instructions [DEBUG]: Evaluating JUMPDEST at 39
mythril.laser.ethereum.instructions [DEBUG]: Evaluating EQ at 22
mythril.laser.ethereum.instructions [DEBUG]: Evaluating ISZERO at 95
mythril.laser.ethereum.instructions [DEBUG]: Evaluating PUSH1 at 36
mythril.laser.ethereum.instructions [DEBUG]: Evaluating JUMPDEST at 39
mythril.laser.ethereum.instructions [DEBUG]: Evaluating PUSH1 at 23
mythril.laser.ethereum.instructions [DEBUG]: Evaluating PUSH1 at 96
mythril.laser.ethereum.instructions [DEBUG]: Evaluating DUP1 at 37
mythril.laser.ethereum.instructions [DEBUG]: Evaluating TIMESTAMP at 40
mythril.laser.ethereum.instructions [DEBUG]: Evaluating PUSH1 at 23
mythril.laser.ethereum.instructions [DEBUG]: Evaluating PUSH1 at 96
mythril.laser.ethereum.instructions [DEBUG]: Evaluating DUP1 at 37
mythril.laser.ethereum.instructions [DEBUG]: Evaluating TIMESTAMP at 40
mythril.laser.ethereum.instructions [DEBUG]: Evaluating PUSH1 at 23
mythril.laser.ethereum.instructions [DEBUG]: Evaluating PUSH1 at 96
mythril.laser.ethereum.instructions [DEBUG]: Evaluating DUP1 at 37
mythril.laser.ethereum.instructions [DEBUG]: Evaluating TIMESTAMP at 40
mythril.analysis.module.base [DEBUG]: Entering analysis module: TxOrigin
mythril.analysis.module.base [DEBUG]: Exiting analysis module: TxOrigin
mythril.analysis.module.base [DEBUG]: Entering analysis module: IntegerArithmetics
mythril.analysis.module.base [DEBUG]: Exiting analysis module: IntegerArithmetics
mythril.laser.ethereum.instructions [DEBUG]: Evaluating JUMPI at 24
mythril.analysis.module.base [DEBUG]: Entering analysis module: TxOrigin
mythril.analysis.module.base [DEBUG]: Exiting analysis module: TxOrigin
mythril.analysis.module.base [DEBUG]: Entering analysis module: IntegerArithmetics
mythril.analysis.module.base [DEBUG]: Exiting analysis module: IntegerArithmetics
mythril.laser.ethereum.instructions [DEBUG]: Evaluating JUMPI at 97
mythril.laser.ethereum.instructions [DEBUG]: Evaluating REVERT at 38
mythril.laser.ethereum.svm [DEBUG]: Ending transaction MessageCallTransaction 2 from sender_2 to                                        0x0.
mythril.laser.ethereum.instructions [DEBUG]: Evaluating PUSH1 at 41
mythril.analysis.module.base [DEBUG]: Entering analysis module: TxOrigin
mythril.analysis.module.base [DEBUG]: Exiting analysis module: TxOrigin
mythril.analysis.module.base [DEBUG]: Entering analysis module: IntegerArithmetics
mythril.analysis.module.base [DEBUG]: Exiting analysis module: IntegerArithmetics
mythril.laser.ethereum.instructions [DEBUG]: Evaluating JUMPI at 24
mythril.analysis.module.base [DEBUG]: Entering analysis module: TxOrigin
mythril.analysis.module.base [DEBUG]: Exiting analysis module: TxOrigin
mythril.analysis.module.base [DEBUG]: Entering analysis module: IntegerArithmetics
mythril.analysis.module.base [DEBUG]: Exiting analysis module: IntegerArithmetics
mythril.laser.ethereum.instructions [DEBUG]: Evaluating JUMPI at 97
mythril.laser.ethereum.instructions [DEBUG]: Evaluating REVERT at 38
mythril.laser.ethereum.svm [DEBUG]: Ending transaction MessageCallTransaction 3 from sender_3 to                                        0x0.
mythril.laser.ethereum.instructions [DEBUG]: Evaluating PUSH1 at 41
mythril.analysis.module.base [DEBUG]: Entering analysis module: TxOrigin
mythril.analysis.module.base [DEBUG]: Exiting analysis module: TxOrigin
mythril.analysis.module.base [DEBUG]: Entering analysis module: IntegerArithmetics
mythril.analysis.module.base [DEBUG]: Exiting analysis module: IntegerArithmetics
mythril.laser.ethereum.instructions [DEBUG]: Evaluating JUMPI at 24
mythril.analysis.module.base [DEBUG]: Entering analysis module: TxOrigin
mythril.analysis.module.base [DEBUG]: Exiting analysis module: TxOrigin
mythril.analysis.module.base [DEBUG]: Entering analysis module: IntegerArithmetics
mythril.analysis.module.base [DEBUG]: Exiting analysis module: IntegerArithmetics
mythril.laser.ethereum.instructions [DEBUG]: Evaluating JUMPI at 97
mythril.laser.ethereum.instructions [DEBUG]: Evaluating REVERT at 38
mythril.laser.ethereum.svm [DEBUG]: Ending transaction MessageCallTransaction 4 from sender_4 to                                        0x0.
mythril.laser.ethereum.instructions [DEBUG]: Evaluating PUSH1 at 41
mythril.laser.ethereum.instructions [DEBUG]: Evaluating PUSH1 at 25
mythril.laser.ethereum.instructions [DEBUG]: Evaluating JUMPDEST at 28
mythril.laser.ethereum.instructions [DEBUG]: Evaluating PUSH1 at 98
mythril.laser.ethereum.instructions [DEBUG]: Evaluating JUMPDEST at 101
mythril.laser.ethereum.instructions [DEBUG]: Evaluating DUP2 at 42
mythril.laser.ethereum.instructions [DEBUG]: Evaluating PUSH1 at 25
mythril.laser.ethereum.instructions [DEBUG]: Evaluating JUMPDEST at 28
mythril.laser.ethereum.instructions [DEBUG]: Evaluating PUSH1 at 98
mythril.laser.ethereum.instructions [DEBUG]: Evaluating JUMPDEST at 101
mythril.laser.ethereum.instructions [DEBUG]: Evaluating DUP2 at 42
mythril.laser.ethereum.instructions [DEBUG]: Evaluating PUSH1 at 25
mythril.laser.ethereum.instructions [DEBUG]: Evaluating JUMPDEST at 28
mythril.laser.ethereum.instructions [DEBUG]: Evaluating PUSH1 at 98
mythril.laser.ethereum.instructions [DEBUG]: Evaluating JUMPDEST at 101
mythril.laser.ethereum.instructions [DEBUG]: Evaluating DUP2 at 42
mythril.laser.ethereum.instructions [DEBUG]: Evaluating DUP1 at 26
mythril.laser.ethereum.instructions [DEBUG]: Evaluating PUSH1 at 29
mythril.laser.ethereum.instructions [DEBUG]: Evaluating DUP1 at 99
mythril.laser.ethereum.instructions [DEBUG]: Evaluating POP at 102
mythril.laser.ethereum.instructions [DEBUG]: Evaluating SWAP1 at 43
mythril.laser.ethereum.instructions [DEBUG]: Evaluating DUP1 at 26
mythril.laser.ethereum.instructions [DEBUG]: Evaluating PUSH1 at 29
mythril.laser.ethereum.instructions [DEBUG]: Evaluating DUP1 at 99
mythril.laser.ethereum.instructions [DEBUG]: Evaluating POP at 102
mythril.laser.ethereum.instructions [DEBUG]: Evaluating SWAP1 at 43
mythril.laser.ethereum.instructions [DEBUG]: Evaluating DUP1 at 26
mythril.laser.ethereum.instructions [DEBUG]: Evaluating PUSH1 at 29
mythril.laser.ethereum.instructions [DEBUG]: Evaluating DUP1 at 99
mythril.laser.ethereum.instructions [DEBUG]: Evaluating POP at 102
mythril.laser.ethereum.instructions [DEBUG]: Evaluating SWAP1 at 43
mythril.laser.ethereum.instructions [DEBUG]: Evaluating REVERT at 27
mythril.laser.ethereum.svm [DEBUG]: Ending transaction MessageCallTransaction 2 from sender_2 to                                        0x0.
mythril.laser.ethereum.instructions [DEBUG]: Evaluating SLOAD at 30
mythril.laser.ethereum.instructions [DEBUG]: Evaluating REVERT at 100
mythril.laser.ethereum.svm [DEBUG]: Ending transaction MessageCallTransaction 2 from sender_2 to                                        0x0.
mythril.laser.ethereum.instructions [DEBUG]: Evaluating PUSH1 at 103
mythril.analysis.module.base [DEBUG]: Entering analysis module: ArbitraryStorage
mythril.analysis.module.base [DEBUG]: Exiting analysis module: ArbitraryStorage
mythril.analysis.module.base [DEBUG]: Entering analysis module: IntegerArithmetics
mythril.analysis.module.base [DEBUG]: Exiting analysis module: IntegerArithmetics
mythril.analysis.module.base [DEBUG]: Entering analysis module: StateChangeAfterCall
mythril.analysis.module.base [DEBUG]: Exiting analysis module: StateChangeAfterCall
mythril.laser.ethereum.instructions [DEBUG]: Evaluating SSTORE at 44
mythril.laser.ethereum.instructions [DEBUG]: Evaluating REVERT at 27
mythril.laser.ethereum.svm [DEBUG]: Ending transaction MessageCallTransaction 3 from sender_3 to                                        0x0.
mythril.laser.ethereum.instructions [DEBUG]: Evaluating SLOAD at 30
mythril.laser.ethereum.instructions [DEBUG]: Evaluating REVERT at 100
mythril.laser.ethereum.svm [DEBUG]: Ending transaction MessageCallTransaction 3 from sender_3 to                                        0x0.
mythril.laser.ethereum.instructions [DEBUG]: Evaluating PUSH1 at 103
mythril.analysis.module.base [DEBUG]: Entering analysis module: ArbitraryStorage
mythril.analysis.module.base [DEBUG]: Exiting analysis module: ArbitraryStorage
mythril.analysis.module.base [DEBUG]: Entering analysis module: IntegerArithmetics
mythril.analysis.module.base [DEBUG]: Exiting analysis module: IntegerArithmetics
mythril.analysis.module.base [DEBUG]: Entering analysis module: StateChangeAfterCall
mythril.analysis.module.base [DEBUG]: Exiting analysis module: StateChangeAfterCall
mythril.laser.ethereum.instructions [DEBUG]: Evaluating SSTORE at 44
mythril.laser.ethereum.instructions [DEBUG]: Evaluating REVERT at 27
mythril.laser.ethereum.svm [DEBUG]: Ending transaction MessageCallTransaction 4 from sender_4 to                                        0x0.
mythril.laser.ethereum.instructions [DEBUG]: Evaluating SLOAD at 30
mythril.laser.ethereum.instructions [DEBUG]: Evaluating REVERT at 100
mythril.laser.ethereum.svm [DEBUG]: Ending transaction MessageCallTransaction 4 from sender_4 to                                        0x0.
mythril.laser.ethereum.instructions [DEBUG]: Evaluating PUSH1 at 103
mythril.analysis.module.base [DEBUG]: Entering analysis module: ArbitraryStorage
mythril.analysis.module.base [DEBUG]: Exiting analysis module: ArbitraryStorage
mythril.analysis.module.base [DEBUG]: Entering analysis module: IntegerArithmetics
mythril.analysis.module.base [DEBUG]: Exiting analysis module: IntegerArithmetics
mythril.analysis.module.base [DEBUG]: Entering analysis module: StateChangeAfterCall
mythril.analysis.module.base [DEBUG]: Exiting analysis module: StateChangeAfterCall
mythril.laser.ethereum.instructions [DEBUG]: Evaluating SSTORE at 44
mythril.laser.ethereum.instructions [DEBUG]: Evaluating TIMESTAMP at 31
mythril.laser.ethereum.instructions [DEBUG]: Evaluating PUSH1 at 104
mythril.laser.ethereum.instructions [DEBUG]: Evaluating PUSH1 at 45
mythril.laser.ethereum.instructions [DEBUG]: Evaluating TIMESTAMP at 31
mythril.laser.ethereum.instructions [DEBUG]: Evaluating PUSH1 at 104
mythril.laser.ethereum.instructions [DEBUG]: Evaluating PUSH1 at 45
mythril.laser.ethereum.instructions [DEBUG]: Evaluating TIMESTAMP at 31
mythril.laser.ethereum.instructions [DEBUG]: Evaluating PUSH1 at 104
mythril.laser.ethereum.instructions [DEBUG]: Evaluating PUSH1 at 45
mythril.laser.ethereum.instructions [DEBUG]: Evaluating EQ at 32
mythril.laser.ethereum.instructions [DEBUG]: Evaluating JUMP at 105
mythril.laser.ethereum.instructions [DEBUG]: Evaluating SWAP1 at 46
mythril.laser.ethereum.instructions [DEBUG]: Evaluating EQ at 32
mythril.laser.ethereum.instructions [DEBUG]: Evaluating JUMP at 105
mythril.laser.ethereum.instructions [DEBUG]: Evaluating SWAP1 at 46
mythril.laser.ethereum.instructions [DEBUG]: Evaluating EQ at 32
mythril.laser.ethereum.instructions [DEBUG]: Evaluating JUMP at 105
mythril.laser.ethereum.instructions [DEBUG]: Evaluating SWAP1 at 46
mythril.laser.ethereum.instructions [DEBUG]: Evaluating ISZERO at 33
mythril.laser.ethereum.instructions [DEBUG]: Evaluating JUMPDEST at 122
mythril.laser.ethereum.instructions [DEBUG]: Evaluating MOD at 47
mythril.laser.ethereum.instructions [DEBUG]: Evaluating ISZERO at 33
mythril.laser.ethereum.instructions [DEBUG]: Evaluating JUMPDEST at 122
mythril.laser.ethereum.instructions [DEBUG]: Evaluating MOD at 47
mythril.laser.ethereum.instructions [DEBUG]: Evaluating ISZERO at 33
mythril.laser.ethereum.instructions [DEBUG]: Evaluating JUMPDEST at 122
mythril.laser.ethereum.instructions [DEBUG]: Evaluating MOD at 47
mythril.laser.ethereum.instructions [DEBUG]: Evaluating PUSH1 at 34
mythril.laser.ethereum.instructions [DEBUG]: Evaluating PUSH1 at 123
mythril.laser.ethereum.instructions [DEBUG]: Evaluating ISZERO at 48
mythril.laser.ethereum.instructions [DEBUG]: Evaluating PUSH1 at 34
mythril.laser.ethereum.instructions [DEBUG]: Evaluating PUSH1 at 123
mythril.laser.ethereum.instructions [DEBUG]: Evaluating ISZERO at 48
mythril.laser.ethereum.instructions [DEBUG]: Evaluating PUSH1 at 34
mythril.laser.ethereum.instructions [DEBUG]: Evaluating PUSH1 at 123
mythril.laser.ethereum.instructions [DEBUG]: Evaluating ISZERO at 48
mythril.analysis.module.base [DEBUG]: Entering analysis module: TxOrigin
mythril.analysis.module.base [DEBUG]: Exiting analysis module: TxOrigin
mythril.analysis.module.base [DEBUG]: Entering analysis module: IntegerArithmetics
mythril.analysis.module.base [DEBUG]: Exiting analysis module: IntegerArithmetics
mythril.laser.ethereum.instructions [DEBUG]: Evaluating JUMPI at 35
mythril.laser.ethereum.instructions [DEBUG]: Evaluating SLOAD at 124
mythril.laser.ethereum.instructions [DEBUG]: Evaluating ISZERO at 49
mythril.analysis.module.base [DEBUG]: Entering analysis module: TxOrigin
mythril.analysis.module.base [DEBUG]: Exiting analysis module: TxOrigin
mythril.analysis.module.base [DEBUG]: Entering analysis module: IntegerArithmetics
mythril.analysis.module.base [DEBUG]: Exiting analysis module: IntegerArithmetics
mythril.laser.ethereum.instructions [DEBUG]: Evaluating JUMPI at 35
mythril.laser.ethereum.instructions [DEBUG]: Evaluating SLOAD at 124
mythril.laser.ethereum.instructions [DEBUG]: Evaluating ISZERO at 49
mythril.analysis.module.base [DEBUG]: Entering analysis module: TxOrigin
mythril.analysis.module.base [DEBUG]: Exiting analysis module: TxOrigin
mythril.analysis.module.base [DEBUG]: Entering analysis module: IntegerArithmetics
mythril.analysis.module.base [DEBUG]: Exiting analysis module: IntegerArithmetics
mythril.laser.ethereum.instructions [DEBUG]: Evaluating JUMPI at 35
mythril.laser.ethereum.instructions [DEBUG]: Evaluating SLOAD at 124
mythril.laser.ethereum.instructions [DEBUG]: Evaluating ISZERO at 49
mythril.laser.ethereum.instructions [DEBUG]: Evaluating PUSH1 at 36
mythril.laser.ethereum.instructions [DEBUG]: Evaluating JUMPDEST at 39
mythril.laser.ethereum.instructions [DEBUG]: Evaluating DUP2 at 125
mythril.laser.ethereum.instructions [DEBUG]: Evaluating PUSH1 at 50
mythril.laser.ethereum.instructions [DEBUG]: Evaluating PUSH1 at 36
mythril.laser.ethereum.instructions [DEBUG]: Evaluating JUMPDEST at 39
mythril.laser.ethereum.instructions [DEBUG]: Evaluating DUP2 at 125
mythril.laser.ethereum.instructions [DEBUG]: Evaluating PUSH1 at 50
mythril.laser.ethereum.instructions [DEBUG]: Evaluating PUSH1 at 36
mythril.laser.ethereum.instructions [DEBUG]: Evaluating JUMPDEST at 39
mythril.laser.ethereum.instructions [DEBUG]: Evaluating DUP2 at 125
mythril.laser.ethereum.instructions [DEBUG]: Evaluating PUSH1 at 50
mythril.laser.ethereum.instructions [DEBUG]: Evaluating DUP1 at 37
mythril.laser.ethereum.instructions [DEBUG]: Evaluating TIMESTAMP at 40
mythril.laser.ethereum.instructions [DEBUG]: Evaluating JUMP at 126
mythril.analysis.module.base [DEBUG]: Entering analysis module: TxOrigin
mythril.analysis.module.base [DEBUG]: Exiting analysis module: TxOrigin
mythril.analysis.module.base [DEBUG]: Entering analysis module: IntegerArithmetics
mythril.analysis.module.base [DEBUG]: Exiting analysis module: IntegerArithmetics
mythril.laser.ethereum.instructions [DEBUG]: Evaluating JUMPI at 51
mythril.support.model [DEBUG]: Timeout/Error encountered while solving expression using z3
mythril.support.model [DEBUG]: Timeout/Error encountered while solving expression using z3
mythril.laser.ethereum.instructions [DEBUG]: Evaluating DUP1 at 37
mythril.laser.ethereum.instructions [DEBUG]: Evaluating TIMESTAMP at 40
mythril.laser.ethereum.instructions [DEBUG]: Evaluating JUMP at 126
mythril.analysis.module.base [DEBUG]: Entering analysis module: TxOrigin
mythril.analysis.module.base [DEBUG]: Exiting analysis module: TxOrigin
mythril.analysis.module.base [DEBUG]: Entering analysis module: IntegerArithmetics
mythril.analysis.module.base [DEBUG]: Exiting analysis module: IntegerArithmetics
mythril.laser.ethereum.instructions [DEBUG]: Evaluating JUMPI at 51
mythril.support.model [DEBUG]: Timeout/Error encountered while solving expression using z3
mythril.support.model [DEBUG]: Timeout/Error encountered while solving expression using z3
mythril.laser.ethereum.instructions [DEBUG]: Evaluating DUP1 at 37
mythril.laser.ethereum.instructions [DEBUG]: Evaluating TIMESTAMP at 40
mythril.laser.ethereum.instructions [DEBUG]: Evaluating JUMP at 126
mythril.analysis.module.base [DEBUG]: Entering analysis module: TxOrigin
mythril.analysis.module.base [DEBUG]: Exiting analysis module: TxOrigin
mythril.analysis.module.base [DEBUG]: Entering analysis module: IntegerArithmetics
mythril.analysis.module.base [DEBUG]: Exiting analysis module: IntegerArithmetics
mythril.laser.ethereum.instructions [DEBUG]: Evaluating JUMPI at 51
mythril.support.model [DEBUG]: Timeout/Error encountered while solving expression using z3
mythril.support.model [DEBUG]: Timeout/Error encountered while solving expression using z3
mythril.laser.ethereum.instructions [DEBUG]: Evaluating REVERT at 38
mythril.laser.ethereum.svm [DEBUG]: Ending transaction MessageCallTransaction 2 from sender_2 to                                        0x0.
mythril.laser.ethereum.instructions [DEBUG]: Evaluating PUSH1 at 41
mythril.laser.ethereum.instructions [DEBUG]: Evaluating JUMPDEST at 106
mythril.laser.ethereum.instructions [DEBUG]: Evaluating REVERT at 38
mythril.laser.ethereum.svm [DEBUG]: Ending transaction MessageCallTransaction 3 from sender_3 to                                        0x0.
mythril.laser.ethereum.instructions [DEBUG]: Evaluating PUSH1 at 41
mythril.laser.ethereum.instructions [DEBUG]: Evaluating JUMPDEST at 106
mythril.laser.ethereum.instructions [DEBUG]: Evaluating REVERT at 38
mythril.laser.ethereum.svm [DEBUG]: Ending transaction MessageCallTransaction 4 from sender_4 to                                        0x0.
mythril.laser.ethereum.instructions [DEBUG]: Evaluating PUSH1 at 41
mythril.laser.ethereum.instructions [DEBUG]: Evaluating JUMPDEST at 106
mythril.laser.ethereum.instructions [DEBUG]: Evaluating DUP2 at 42
mythril.laser.ethereum.instructions [DEBUG]: Evaluating PUSH1 at 107
mythril.laser.ethereum.instructions [DEBUG]: Evaluating DUP2 at 42
mythril.laser.ethereum.instructions [DEBUG]: Evaluating PUSH1 at 107
mythril.laser.ethereum.instructions [DEBUG]: Evaluating DUP2 at 42
mythril.laser.ethereum.instructions [DEBUG]: Evaluating PUSH1 at 107
mythril.laser.ethereum.instructions [DEBUG]: Evaluating SWAP1 at 43
mythril.laser.ethereum.instructions [DEBUG]: Evaluating DUP1 at 108
mythril.laser.ethereum.instructions [DEBUG]: Evaluating SWAP1 at 43
mythril.laser.ethereum.instructions [DEBUG]: Evaluating DUP1 at 108
mythril.laser.ethereum.instructions [DEBUG]: Evaluating SWAP1 at 43
mythril.laser.ethereum.instructions [DEBUG]: Evaluating DUP1 at 108
mythril.analysis.module.base [DEBUG]: Entering analysis module: ArbitraryStorage
mythril.analysis.module.base [DEBUG]: Exiting analysis module: ArbitraryStorage
mythril.analysis.module.base [DEBUG]: Entering analysis module: IntegerArithmetics
mythril.analysis.module.base [DEBUG]: Exiting analysis module: IntegerArithmetics
mythril.analysis.module.base [DEBUG]: Entering analysis module: StateChangeAfterCall
mythril.analysis.module.base [DEBUG]: Exiting analysis module: StateChangeAfterCall
mythril.laser.ethereum.instructions [DEBUG]: Evaluating SSTORE at 44
mythril.laser.ethereum.instructions [DEBUG]: Evaluating MLOAD at 109
mythril.analysis.module.base [DEBUG]: Entering analysis module: ArbitraryStorage
mythril.analysis.module.base [DEBUG]: Exiting analysis module: ArbitraryStorage
mythril.analysis.module.base [DEBUG]: Entering analysis module: IntegerArithmetics
mythril.analysis.module.base [DEBUG]: Exiting analysis module: IntegerArithmetics
mythril.analysis.module.base [DEBUG]: Entering analysis module: StateChangeAfterCall
mythril.analysis.module.base [DEBUG]: Exiting analysis module: StateChangeAfterCall
mythril.laser.ethereum.instructions [DEBUG]: Evaluating SSTORE at 44
mythril.laser.ethereum.instructions [DEBUG]: Evaluating MLOAD at 109
mythril.analysis.module.base [DEBUG]: Entering analysis module: ArbitraryStorage
mythril.analysis.module.base [DEBUG]: Exiting analysis module: ArbitraryStorage
mythril.analysis.module.base [DEBUG]: Entering analysis module: IntegerArithmetics
mythril.analysis.module.base [DEBUG]: Exiting analysis module: IntegerArithmetics
mythril.analysis.module.base [DEBUG]: Entering analysis module: StateChangeAfterCall
mythril.analysis.module.base [DEBUG]: Exiting analysis module: StateChangeAfterCall
mythril.laser.ethereum.instructions [DEBUG]: Evaluating SSTORE at 44
mythril.laser.ethereum.instructions [DEBUG]: Evaluating MLOAD at 109
mythril.laser.ethereum.instructions [DEBUG]: Evaluating PUSH1 at 45
mythril.laser.ethereum.instructions [DEBUG]: Evaluating SWAP2 at 110
mythril.laser.ethereum.instructions [DEBUG]: Evaluating PUSH1 at 45
mythril.laser.ethereum.instructions [DEBUG]: Evaluating SWAP2 at 110
mythril.laser.ethereum.instructions [DEBUG]: Evaluating PUSH1 at 45
mythril.laser.ethereum.instructions [DEBUG]: Evaluating SWAP2 at 110
mythril.laser.ethereum.instructions [DEBUG]: Evaluating SWAP1 at 46
mythril.laser.ethereum.instructions [DEBUG]: Evaluating DUP3 at 111
mythril.laser.ethereum.instructions [DEBUG]: Evaluating SWAP1 at 46
mythril.laser.ethereum.instructions [DEBUG]: Evaluating DUP3 at 111
mythril.laser.ethereum.instructions [DEBUG]: Evaluating SWAP1 at 46
mythril.laser.ethereum.instructions [DEBUG]: Evaluating DUP3 at 111
mythril.laser.ethereum.instructions [DEBUG]: Evaluating MOD at 47
mythril.laser.ethereum.instructions [DEBUG]: Evaluating MSTORE at 112
mythril.laser.ethereum.instructions [DEBUG]: Evaluating MOD at 47
mythril.laser.ethereum.instructions [DEBUG]: Evaluating MSTORE at 112
mythril.laser.ethereum.instructions [DEBUG]: Evaluating MOD at 47
mythril.laser.ethereum.instructions [DEBUG]: Evaluating MSTORE at 112
mythril.laser.ethereum.instructions [DEBUG]: Evaluating ISZERO at 48
mythril.laser.ethereum.instructions [DEBUG]: Evaluating MLOAD at 113
mythril.laser.ethereum.instructions [DEBUG]: Evaluating ISZERO at 48
mythril.laser.ethereum.instructions [DEBUG]: Evaluating MLOAD at 113
mythril.laser.ethereum.instructions [DEBUG]: Evaluating ISZERO at 48
mythril.laser.ethereum.instructions [DEBUG]: Evaluating MLOAD at 113
mythril.laser.ethereum.instructions [DEBUG]: Evaluating ISZERO at 49
mythril.laser.ethereum.instructions [DEBUG]: Evaluating SWAP1 at 114
mythril.laser.ethereum.instructions [DEBUG]: Evaluating ISZERO at 49
mythril.laser.ethereum.instructions [DEBUG]: Evaluating SWAP1 at 114
mythril.laser.ethereum.instructions [DEBUG]: Evaluating ISZERO at 49
mythril.laser.ethereum.instructions [DEBUG]: Evaluating SWAP1 at 114
mythril.laser.ethereum.instructions [DEBUG]: Evaluating PUSH1 at 50
mythril.laser.ethereum.instructions [DEBUG]: Evaluating DUP2 at 115
mythril.laser.ethereum.instructions [DEBUG]: Evaluating PUSH1 at 50
mythril.laser.ethereum.instructions [DEBUG]: Evaluating DUP2 at 115
mythril.laser.ethereum.instructions [DEBUG]: Evaluating PUSH1 at 50
mythril.laser.ethereum.instructions [DEBUG]: Evaluating DUP2 at 115
mythril.analysis.module.base [DEBUG]: Entering analysis module: TxOrigin
mythril.analysis.module.base [DEBUG]: Exiting analysis module: TxOrigin
mythril.analysis.module.base [DEBUG]: Entering analysis module: IntegerArithmetics
mythril.analysis.module.base [DEBUG]: Exiting analysis module: IntegerArithmetics
mythril.laser.ethereum.instructions [DEBUG]: Evaluating JUMPI at 51
mythril.support.model [DEBUG]: Timeout/Error encountered while solving expression using z3
mythril.laser.ethereum.instructions [DEBUG]: Evaluating SWAP1 at 116
mythril.analysis.module.base [DEBUG]: Entering analysis module: TxOrigin
mythril.analysis.module.base [DEBUG]: Exiting analysis module: TxOrigin
mythril.analysis.module.base [DEBUG]: Entering analysis module: IntegerArithmetics
mythril.analysis.module.base [DEBUG]: Exiting analysis module: IntegerArithmetics
mythril.laser.ethereum.instructions [DEBUG]: Evaluating JUMPI at 51
mythril.support.model [DEBUG]: Timeout/Error encountered while solving expression using z3
mythril.support.model [DEBUG]: Timeout/Error encountered while solving expression using z3
mythril.laser.ethereum.instructions [DEBUG]: Evaluating SWAP1 at 116
mythril.analysis.module.base [DEBUG]: Entering analysis module: TxOrigin
mythril.analysis.module.base [DEBUG]: Exiting analysis module: TxOrigin
mythril.analysis.module.base [DEBUG]: Entering analysis module: IntegerArithmetics
mythril.analysis.module.base [DEBUG]: Exiting analysis module: IntegerArithmetics
mythril.laser.ethereum.instructions [DEBUG]: Evaluating JUMPI at 51
mythril.support.model [DEBUG]: Timeout/Error encountered while solving expression using z3
mythril.support.model [DEBUG]: Timeout/Error encountered while solving expression using z3
mythril.laser.ethereum.instructions [DEBUG]: Evaluating SWAP1 at 116
mythril.laser.ethereum.instructions [DEBUG]: Evaluating PUSH1 at 52
mythril.analysis.module.base [DEBUG]: Entering analysis module: IntegerArithmetics
mythril.analysis.module.base [DEBUG]: Exiting analysis module: IntegerArithmetics
mythril.laser.ethereum.instructions [DEBUG]: Evaluating SUB at 117
mythril.analysis.module.base [DEBUG]: Entering analysis module: IntegerArithmetics
mythril.analysis.module.base [DEBUG]: Exiting analysis module: IntegerArithmetics
mythril.laser.ethereum.instructions [DEBUG]: Evaluating SUB at 117
mythril.analysis.module.base [DEBUG]: Entering analysis module: IntegerArithmetics
mythril.analysis.module.base [DEBUG]: Exiting analysis module: IntegerArithmetics
mythril.laser.ethereum.instructions [DEBUG]: Evaluating SUB at 117
mythril.laser.ethereum.instructions [DEBUG]: Evaluating MLOAD at 53
mythril.laser.ethereum.instructions [DEBUG]: Evaluating PUSH1 at 118
mythril.laser.ethereum.instructions [DEBUG]: Evaluating PUSH1 at 118
mythril.laser.ethereum.instructions [DEBUG]: Evaluating PUSH1 at 118
mythril.laser.ethereum.instructions [DEBUG]: Evaluating CALLER at 54
mythril.analysis.module.base [DEBUG]: Entering analysis module: IntegerArithmetics
mythril.analysis.module.base [DEBUG]: Exiting analysis module: IntegerArithmetics
mythril.laser.ethereum.instructions [DEBUG]: Evaluating ADD at 119
mythril.analysis.module.base [DEBUG]: Entering analysis module: IntegerArithmetics
mythril.analysis.module.base [DEBUG]: Exiting analysis module: IntegerArithmetics
mythril.laser.ethereum.instructions [DEBUG]: Evaluating ADD at 119
mythril.analysis.module.base [DEBUG]: Entering analysis module: IntegerArithmetics
mythril.analysis.module.base [DEBUG]: Exiting analysis module: IntegerArithmetics
mythril.laser.ethereum.instructions [DEBUG]: Evaluating ADD at 119
mythril.laser.ethereum.instructions [DEBUG]: Evaluating SWAP1 at 55
mythril.laser.ethereum.instructions [DEBUG]: Evaluating SWAP1 at 120
mythril.laser.ethereum.instructions [DEBUG]: Evaluating SWAP1 at 120
mythril.laser.ethereum.instructions [DEBUG]: Evaluating SWAP1 at 120
mythril.laser.ethereum.instructions [DEBUG]: Evaluating ADDRESS at 56
mythril.analysis.module.base [DEBUG]: Entering analysis module: IntegerArithmetics
mythril.analysis.module.base [DEBUG]: Exiting analysis module: IntegerArithmetics
mythril.analysis.module.base [DEBUG]: Entering analysis module: UncheckedRetval
mythril.analysis.module.base [DEBUG]: Exiting analysis module: UncheckedRetval
mythril.laser.ethereum.instructions [DEBUG]: Evaluating RETURN at 121
mythril.laser.ethereum.svm [DEBUG]: Ending transaction MessageCallTransaction 2 from sender_2 to                                        0x0.
mythril.analysis.module.base [DEBUG]: Entering analysis module: IntegerArithmetics
mythril.analysis.module.base [DEBUG]: Exiting analysis module: IntegerArithmetics
mythril.analysis.module.base [DEBUG]: Entering analysis module: UncheckedRetval
mythril.analysis.module.base [DEBUG]: Exiting analysis module: UncheckedRetval
mythril.laser.ethereum.instructions [DEBUG]: Evaluating RETURN at 121
mythril.laser.ethereum.svm [DEBUG]: Ending transaction MessageCallTransaction 3 from sender_3 to                                        0x0.
mythril.analysis.module.base [DEBUG]: Entering analysis module: IntegerArithmetics
mythril.analysis.module.base [DEBUG]: Exiting analysis module: IntegerArithmetics
mythril.analysis.module.base [DEBUG]: Entering analysis module: UncheckedRetval
mythril.analysis.module.base [DEBUG]: Exiting analysis module: UncheckedRetval
mythril.laser.ethereum.instructions [DEBUG]: Evaluating RETURN at 121
mythril.laser.ethereum.svm [DEBUG]: Ending transaction MessageCallTransaction 4 from sender_4 to                                        0x0.
mythril.laser.ethereum.instructions [DEBUG]: Evaluating BALANCE at 57
mythril.laser.ethereum.instructions [DEBUG]: Evaluating DUP1 at 58
mythril.laser.ethereum.instructions [DEBUG]: Evaluating ISZERO at 59
mythril.laser.ethereum.instructions [DEBUG]: Evaluating PUSH2 at 60
mythril.analysis.module.base [DEBUG]: Entering analysis module: IntegerArithmetics
mythril.analysis.module.base [DEBUG]: Exiting analysis module: IntegerArithmetics
mythril.laser.ethereum.instructions [DEBUG]: Evaluating MUL at 61
mythril.laser.ethereum.instructions [DEBUG]: Evaluating SWAP2 at 62
mythril.laser.ethereum.instructions [DEBUG]: Evaluating PUSH1 at 63
mythril.laser.ethereum.instructions [DEBUG]: Evaluating DUP2 at 64
mythril.laser.ethereum.instructions [DEBUG]: Evaluating DUP2 at 65
mythril.laser.ethereum.instructions [DEBUG]: Evaluating DUP2 at 66
mythril.laser.ethereum.instructions [DEBUG]: Evaluating DUP6 at 67
mythril.laser.ethereum.instructions [DEBUG]: Evaluating DUP9 at 68
mythril.laser.ethereum.instructions [DEBUG]: Evaluating DUP9 at 69
mythril.analysis.module.base [DEBUG]: Entering analysis module: IntegerArithmetics
mythril.analysis.module.base [DEBUG]: Exiting analysis module: IntegerArithmetics
mythril.analysis.module.base [DEBUG]: Entering analysis module: StateChangeAfterCall
mythril.analysis.module.base [DEBUG]: Exiting analysis module: StateChangeAfterCall
mythril.laser.ethereum.instructions [DEBUG]: Evaluating CALL at 70
mythril.laser.ethereum.call [DEBUG]: Symbolic call encountered
mythril.laser.ethereum.call [DEBUG]: CALL to: sender_2
mythril.laser.ethereum.instructions [DEBUG]: The call is related to ether transfer between accounts
mythril.analysis.module.base [DEBUG]: Entering analysis module: EtherThief
mythril.analysis.module.base [DEBUG]: Exiting analysis module: EtherThief
mythril.analysis.module.base [DEBUG]: Entering analysis module: UncheckedRetval
mythril.analysis.module.modules.unchecked_retval [DEBUG]: End of call, extracting retval
mythril.analysis.module.base [DEBUG]: Exiting analysis module: UncheckedRetval
mythril.laser.ethereum.instructions [DEBUG]: Evaluating SWAP4 at 71
mythril.laser.ethereum.instructions [DEBUG]: Evaluating POP at 72
mythril.laser.ethereum.instructions [DEBUG]: Evaluating POP at 73
mythril.laser.ethereum.instructions [DEBUG]: Evaluating POP at 74
mythril.laser.ethereum.instructions [DEBUG]: Evaluating POP at 75
mythril.laser.ethereum.instructions [DEBUG]: Evaluating ISZERO at 76
mythril.laser.ethereum.instructions [DEBUG]: Evaluating DUP1 at 77
mythril.laser.ethereum.instructions [DEBUG]: Evaluating ISZERO at 78
mythril.laser.ethereum.instructions [DEBUG]: Evaluating PUSH1 at 79
mythril.analysis.module.base [DEBUG]: Entering analysis module: TxOrigin
mythril.analysis.module.base [DEBUG]: Exiting analysis module: TxOrigin
mythril.analysis.module.base [DEBUG]: Entering analysis module: IntegerArithmetics
mythril.analysis.module.base [DEBUG]: Exiting analysis module: IntegerArithmetics
mythril.laser.ethereum.instructions [DEBUG]: Evaluating JUMPI at 80
mythril.support.model [DEBUG]: Timeout/Error encountered while solving expression using z3
mythril.laser.ethereum.instructions [DEBUG]: Evaluating RETURNDATASIZE at 81
mythril.laser.ethereum.instructions [DEBUG]: No last_return_data found, adding an unconstrained bitvec to the stack
mythril.laser.ethereum.instructions [DEBUG]: Evaluating PUSH1 at 82
mythril.laser.ethereum.instructions [DEBUG]: Evaluating DUP1 at 83
mythril.laser.ethereum.instructions [DEBUG]: Evaluating RETURNDATACOPY at 84
mythril.laser.ethereum.instructions [DEBUG]: Unsupported symbolic max_length offset in RETURNDATACOPY
mythril.laser.ethereum.instructions [DEBUG]: Evaluating RETURNDATASIZE at 85
mythril.laser.ethereum.instructions [DEBUG]: No last_return_data found, adding an unconstrained bitvec to the stack
mythril.laser.ethereum.instructions [DEBUG]: Evaluating PUSH1 at 86
mythril.laser.ethereum.instructions [DEBUG]: Evaluating REVERT at 87
mythril.laser.ethereum.instructions [DEBUG]: Return with symbolic length or offset. Not supported
mythril.laser.ethereum.svm [DEBUG]: Ending transaction MessageCallTransaction 2 from sender_2 to                                        0x0.
mythril.laser.plugin.plugins.coverage.coverage_plugin [INFO]: Number of new instructions covered in tx 1: 0
mythril.laser.ethereum.svm [INFO]: Finished symbolic execution
mythril.laser.plugin.plugins.coverage.coverage_plugin [INFO]: Achieved 99.22% coverage for code: 608060405260043610603e5763ffffffff7c010000000000000000000000000000000000000000000000000000000060003504166358d02b098114609e575b678ac7230489e800003414605157600080fd5b600054421415605f57600080fd5b426000819055600f90061515609c576040513390303180156108fc02916000818181858888f19350505050158015609a573d6000803e3d6000fd5b505b005b34801560a957600080fd5b5060b060c2565b60408051918252519081900360200190f35b600054815600a165627a7a723058204d52e7c0365caf404336baf2a74c71de6f98beebaf0e480da540b53ed69a9d670029
mythril.laser.plugin.plugins.instruction_profiler [INFO]: Total: 0.7571289539337158 s
[ADD         ]   0.3077 %,  nr      4,  total   0.0023 s,  avg   0.0006 s,  min   0.0006 s,  max   0.0006 s
[ADDRESS     ]   0.2083 %,  nr      3,  total   0.0016 s,  avg   0.0005 s,  min   0.0005 s,  max   0.0006 s
[AND         ]   0.6543 %,  nr      4,  total   0.0050 s,  avg   0.0012 s,  min   0.0005 s,  max   0.0020 s
[BALANCE     ]   0.3171 %,  nr      3,  total   0.0024 s,  avg   0.0008 s,  min   0.0007 s,  max   0.0009 s
[CALL        ]   1.7947 %,  nr      3,  total   0.0136 s,  avg   0.0045 s,  min   0.0036 s,  max   0.0063 s
[CALLDATALOAD]   6.7469 %,  nr      4,  total   0.0511 s,  avg   0.0128 s,  min   0.0120 s,  max   0.0138 s
[CALLDATASIZE]   0.2529 %,  nr      4,  total   0.0019 s,  avg   0.0005 s,  min   0.0004 s,  max   0.0006 s
[CALLER      ]   0.1913 %,  nr      3,  total   0.0014 s,  avg   0.0005 s,  min   0.0005 s,  max   0.0005 s
[CALLVALUE   ]   1.1993 %,  nr     12,  total   0.0091 s,  avg   0.0008 s,  min   0.0005 s,  max   0.0022 s
[DIV         ]   0.4045 %,  nr      4,  total   0.0031 s,  avg   0.0008 s,  min   0.0007 s,  max   0.0008 s
[DUP1        ]   3.3106 %,  nr     37,  total   0.0251 s,  avg   0.0007 s,  min   0.0004 s,  max   0.0030 s
[DUP2        ]   1.9551 %,  nr     29,  total   0.0148 s,  avg   0.0005 s,  min   0.0004 s,  max   0.0007 s
[DUP3        ]   0.2623 %,  nr      4,  total   0.0020 s,  avg   0.0005 s,  min   0.0005 s,  max   0.0006 s
[DUP6        ]   0.2276 %,  nr      3,  total   0.0017 s,  avg   0.0006 s,  min   0.0005 s,  max   0.0006 s
[DUP9        ]   0.4565 %,  nr      6,  total   0.0035 s,  avg   0.0006 s,  min   0.0005 s,  max   0.0007 s
[EQ          ]   2.3814 %,  nr     20,  total   0.0180 s,  avg   0.0009 s,  min   0.0005 s,  max   0.0024 s
[ISZERO      ]   3.3667 %,  nr     37,  total   0.0255 s,  avg   0.0007 s,  min   0.0006 s,  max   0.0009 s
[JUMP        ]   1.0741 %,  nr      8,  total   0.0081 s,  avg   0.0010 s,  min   0.0009 s,  max   0.0011 s
[JUMPDEST    ]   3.0179 %,  nr     45,  total   0.0228 s,  avg   0.0005 s,  min   0.0004 s,  max   0.0007 s
[JUMPI       ]  10.3175 %,  nr     39,  total   0.0781 s,  avg   0.0020 s,  min   0.0014 s,  max   0.0042 s
[LT          ]   0.3044 %,  nr      4,  total   0.0023 s,  avg   0.0006 s,  min   0.0005 s,  max   0.0006 s
[MLOAD       ]  22.0428 %,  nr     11,  total   0.1669 s,  avg   0.0152 s,  min   0.0141 s,  max   0.0162 s
[MOD         ]   0.7999 %,  nr      8,  total   0.0061 s,  avg   0.0008 s,  min   0.0007 s,  max   0.0009 s
[MSTORE      ]  14.9048 %,  nr      8,  total   0.1128 s,  avg   0.0141 s,  min   0.0095 s,  max   0.0182 s
[MUL         ]   0.3044 %,  nr      3,  total   0.0023 s,  avg   0.0008 s,  min   0.0007 s,  max   0.0008 s
[POP         ]   1.3677 %,  nr     18,  total   0.0104 s,  avg   0.0006 s,  min   0.0005 s,  max   0.0017 s
[PUSH1       ]   9.8416 %,  nr    131,  total   0.0745 s,  avg   0.0006 s,  min   0.0004 s,  max   0.0020 s
[PUSH2       ]   0.4274 %,  nr      3,  total   0.0032 s,  avg   0.0011 s,  min   0.0005 s,  max   0.0020 s
[PUSH29      ]   0.2850 %,  nr      4,  total   0.0022 s,  avg   0.0005 s,  min   0.0005 s,  max   0.0006 s
[PUSH4       ]   0.9533 %,  nr      8,  total   0.0072 s,  avg   0.0009 s,  min   0.0005 s,  max   0.0021 s
[PUSH8       ]   0.5446 %,  nr      8,  total   0.0041 s,  avg   0.0005 s,  min   0.0005 s,  max   0.0005 s
[RETURNDATACOPY]   0.2707 %,  nr      3,  total   0.0020 s,  avg   0.0007 s,  min   0.0006 s,  max   0.0008 s
[RETURNDATASIZE]   1.4707 %,  nr      6,  total   0.0111 s,  avg   0.0019 s,  min   0.0006 s,  max   0.0042 s
[SLOAD       ]   1.0284 %,  nr     12,  total   0.0078 s,  avg   0.0006 s,  min   0.0006 s,  max   0.0009 s
[SSTORE      ]   0.7691 %,  nr      8,  total   0.0058 s,  avg   0.0007 s,  min   0.0006 s,  max   0.0008 s
[SUB         ]   0.2997 %,  nr      4,  total   0.0023 s,  avg   0.0006 s,  min   0.0005 s,  max   0.0006 s
[SWAP1       ]   3.6635 %,  nr     31,  total   0.0277 s,  avg   0.0009 s,  min   0.0005 s,  max   0.0043 s
[SWAP2       ]   0.5002 %,  nr      7,  total   0.0038 s,  avg   0.0005 s,  min   0.0005 s,  max   0.0006 s
[SWAP4       ]   0.6906 %,  nr      3,  total   0.0052 s,  avg   0.0017 s,  min   0.0005 s,  max   0.0040 s
[TIMESTAMP   ]   1.0840 %,  nr     16,  total   0.0082 s,  avg   0.0005 s,  min   0.0004 s,  max   0.0007 s

mythril.analysis.security [INFO]: Starting analysis
mythril.analysis.security [DEBUG]: Retrieving results for Caller can write to arbitrary storage locations
mythril.analysis.security [DEBUG]: Retrieving results for Delegatecall to a user-specified address
mythril.analysis.security [DEBUG]: Retrieving results for Control flow depends on tx.origin
mythril.analysis.security [DEBUG]: Retrieving results for Any sender can withdraw ETH from the contract account
mythril.analysis.security [DEBUG]: Retrieving results for Integer overflow or underflow
mythril.analysis.security [DEBUG]: Retrieving results for State change after an external call
mythril.analysis.security [DEBUG]: Retrieving results for Contract can be accidentally killed by anyone
mythril.analysis.security [DEBUG]: Retrieving results for Return value of an external call is not checked
mythril.mythril.mythril_analyzer [INFO]: Solver statistics: 
Query count: 111 
Solver time: 518.1595275402069
{"error": null, "issues": [{"address": 133, "contract": "MAIN", "description": "Any sender can withdraw Ether from the contract account.\nArbitrary senders other than the contract creator can profitably extract Ether from the contract account. Verify the business logic carefully and make sure that appropriate security controls are in place to prevent unexpected loss of funds.", "function": "fallback", "max_gas_used": 61646, "min_gas_used": 7458, "severity": "High", "sourceMap": 133, "swc-id": "105", "title": "Unprotected Ether Withdrawal", "tx_sequence": {"initialState": {"accounts": {"0x0": {"balance": "0x1", "code": "608060405260043610603e5763ffffffff7c010000000000000000000000000000000000000000000000000000000060003504166358d02b098114609e575b678ac7230489e800003414605157600080fd5b600054421415605f57600080fd5b426000819055600f90061515609c576040513390303180156108fc02916000818181858888f19350505050158015609a573d6000803e3d6000fd5b505b005b34801560a957600080fd5b5060b060c2565b60408051918252519081900360200190f35b600054815600a165627a7a723058204d52e7c0365caf404336baf2a74c71de6f98beebaf0e480da540b53ed69a9d670029", "nonce": 0, "storage": "{}"}, "0xdeadbeefdeadbeefdeadbeefdeadbeefdeadbeef": {"balance": "0x9000000000000000", "code": "", "nonce": 0, "storage": "{}"}}}, "steps": [{"address": "0x0", "calldata": "0x40028001", "input": "0x40028001", "name": "unknown", "origin": "0xdeadbeefdeadbeefdeadbeefdeadbeefdeadbeef", "value": "0x8ac7230489e80000"}]}}], "success": true}
