mythril.mythril.mythril_config [INFO]: Creating mythril data directory 
mythril.mythril.mythril_config [INFO]: No config file found. Creating default: /root/.mythril/config.ini 
mythril.mythril.mythril_config [INFO]: Infura key not provided, so onchain access is disabled. Use --infura-id <INFURA_ID> or set it in the environment variable INFURA_ID or in the ~/.mythril/config.ini file 
mythril.support.signatures [INFO]: Using signature database at /root/.mythril/signatures.db
mythril.laser.ethereum.svm [INFO]: LASER EVM initialized with dynamic loader: <mythril.support.loader.DynLoader object at 0x76b176b6e6a0>
mythril.laser.ethereum.strategy.extensions.bounded_loops [INFO]: Loaded search strategy extension: Loop bounds (limit = 3)
mythril.laser.plugin.loader [INFO]: Loading laser plugin: coverage
mythril.laser.plugin.loader [INFO]: Loading laser plugin: mutation-pruner
mythril.laser.plugin.loader [INFO]: Loading laser plugin: call-depth-limit
mythril.laser.plugin.loader [INFO]: Loading laser plugin: instruction-profiler
mythril.laser.plugin.loader [INFO]: Loading laser plugin: dependency-pruner
mythril.laser.plugin.loader [INFO]: Instrumenting symbolic vm with plugin: coverage
mythril.laser.plugin.loader [INFO]: Instrumenting symbolic vm with plugin: mutation-pruner
mythril.laser.plugin.loader [INFO]: Instrumenting symbolic vm with plugin: call-depth-limit
mythril.laser.plugin.loader [INFO]: Instrumenting symbolic vm with plugin: instruction-profiler
mythril.laser.plugin.loader [INFO]: Instrumenting symbolic vm with plugin: dependency-pruner
mythril.laser.ethereum.svm [DEBUG]: Starting LASER execution
mythril.laser.ethereum.svm [INFO]: Starting message call transaction to 0
mythril.laser.ethereum.svm [INFO]: Starting message call transaction, iteration: 0, 1 initial states
mythril.laser.ethereum.instructions [DEBUG]: Evaluating PUSH1 at 0
mythril.laser.ethereum.instructions [DEBUG]: Evaluating PUSH1 at 1
mythril.laser.ethereum.instructions [DEBUG]: Evaluating MSTORE at 2
mythril.laser.ethereum.instructions [DEBUG]: Evaluating PUSH1 at 3
mythril.laser.ethereum.instructions [DEBUG]: Evaluating CALLDATASIZE at 4
mythril.laser.ethereum.instructions [DEBUG]: Evaluating LT at 5
mythril.laser.ethereum.instructions [DEBUG]: Evaluating PUSH1 at 6
mythril.analysis.module.base [DEBUG]: Entering analysis module: TxOrigin
mythril.analysis.module.base [DEBUG]: Exiting analysis module: TxOrigin
mythril.analysis.module.base [DEBUG]: Entering analysis module: IntegerArithmetics
mythril.analysis.module.base [DEBUG]: Exiting analysis module: IntegerArithmetics
mythril.laser.ethereum.instructions [DEBUG]: Evaluating JUMPI at 7
mythril.laser.ethereum.instructions [DEBUG]: Evaluating PUSH4 at 8
mythril.laser.ethereum.instructions [DEBUG]: Evaluating JUMPDEST at 19
mythril.laser.ethereum.instructions [DEBUG]: Evaluating PUSH29 at 9
mythril.laser.ethereum.instructions [DEBUG]: Evaluating PUSH8 at 20
mythril.laser.ethereum.instructions [DEBUG]: Evaluating PUSH1 at 10
mythril.laser.ethereum.instructions [DEBUG]: Evaluating CALLVALUE at 21
mythril.laser.ethereum.instructions [DEBUG]: Evaluating CALLDATALOAD at 11
mythril.laser.ethereum.instructions [DEBUG]: Evaluating EQ at 22
mythril.laser.ethereum.instructions [DEBUG]: Evaluating DIV at 12
mythril.laser.ethereum.instructions [DEBUG]: Evaluating PUSH1 at 23
mythril.laser.ethereum.instructions [DEBUG]: Evaluating AND at 13
mythril.analysis.module.base [DEBUG]: Entering analysis module: TxOrigin
mythril.analysis.module.base [DEBUG]: Exiting analysis module: TxOrigin
mythril.analysis.module.base [DEBUG]: Entering analysis module: IntegerArithmetics
mythril.analysis.module.base [DEBUG]: Exiting analysis module: IntegerArithmetics
mythril.laser.ethereum.instructions [DEBUG]: Evaluating JUMPI at 24
mythril.laser.ethereum.instructions [DEBUG]: Evaluating PUSH4 at 14
mythril.laser.ethereum.instructions [DEBUG]: Evaluating PUSH1 at 25
mythril.laser.ethereum.instructions [DEBUG]: Evaluating JUMPDEST at 28
mythril.laser.ethereum.instructions [DEBUG]: Evaluating DUP2 at 15
mythril.laser.ethereum.instructions [DEBUG]: Evaluating DUP1 at 26
mythril.laser.ethereum.instructions [DEBUG]: Evaluating PUSH1 at 29
mythril.laser.ethereum.instructions [DEBUG]: Evaluating EQ at 16
mythril.laser.ethereum.instructions [DEBUG]: Evaluating REVERT at 27
mythril.laser.ethereum.svm [DEBUG]: Ending transaction MessageCallTransaction 1 from sender_1 to                                        0x0.
mythril.laser.ethereum.instructions [DEBUG]: Evaluating SLOAD at 30
mythril.laser.ethereum.instructions [DEBUG]: Evaluating PUSH1 at 17
mythril.laser.ethereum.instructions [DEBUG]: Evaluating TIMESTAMP at 31
mythril.analysis.module.base [DEBUG]: Entering analysis module: TxOrigin
mythril.analysis.module.base [DEBUG]: Exiting analysis module: TxOrigin
mythril.analysis.module.base [DEBUG]: Entering analysis module: IntegerArithmetics
mythril.analysis.module.base [DEBUG]: Exiting analysis module: IntegerArithmetics
mythril.laser.ethereum.instructions [DEBUG]: Evaluating JUMPI at 18
mythril.laser.ethereum.instructions [DEBUG]: Evaluating EQ at 32
mythril.laser.ethereum.instructions [DEBUG]: Evaluating JUMPDEST at 19
mythril.laser.ethereum.instructions [DEBUG]: Evaluating JUMPDEST at 92
mythril.laser.ethereum.instructions [DEBUG]: Evaluating ISZERO at 33
mythril.laser.ethereum.instructions [DEBUG]: Evaluating PUSH8 at 20
mythril.laser.ethereum.instructions [DEBUG]: Evaluating CALLVALUE at 93
mythril.laser.ethereum.instructions [DEBUG]: Evaluating PUSH1 at 34
mythril.laser.ethereum.instructions [DEBUG]: Evaluating CALLVALUE at 21
mythril.laser.ethereum.instructions [DEBUG]: Evaluating DUP1 at 94
mythril.analysis.module.base [DEBUG]: Entering analysis module: TxOrigin
mythril.analysis.module.base [DEBUG]: Exiting analysis module: TxOrigin
mythril.analysis.module.base [DEBUG]: Entering analysis module: IntegerArithmetics
mythril.analysis.module.base [DEBUG]: Exiting analysis module: IntegerArithmetics
mythril.laser.ethereum.instructions [DEBUG]: Evaluating JUMPI at 35
mythril.laser.ethereum.instructions [DEBUG]: Evaluating EQ at 22
mythril.laser.ethereum.instructions [DEBUG]: Evaluating ISZERO at 95
mythril.laser.ethereum.instructions [DEBUG]: Evaluating PUSH1 at 36
mythril.laser.ethereum.instructions [DEBUG]: Evaluating JUMPDEST at 39
mythril.laser.ethereum.instructions [DEBUG]: Evaluating PUSH1 at 23
mythril.laser.ethereum.instructions [DEBUG]: Evaluating PUSH1 at 96
mythril.laser.ethereum.instructions [DEBUG]: Evaluating DUP1 at 37
mythril.laser.ethereum.instructions [DEBUG]: Evaluating TIMESTAMP at 40
mythril.analysis.module.base [DEBUG]: Entering analysis module: TxOrigin
mythril.analysis.module.base [DEBUG]: Exiting analysis module: TxOrigin
mythril.analysis.module.base [DEBUG]: Entering analysis module: IntegerArithmetics
mythril.analysis.module.base [DEBUG]: Exiting analysis module: IntegerArithmetics
mythril.laser.ethereum.instructions [DEBUG]: Evaluating JUMPI at 24
mythril.analysis.module.base [DEBUG]: Entering analysis module: TxOrigin
mythril.analysis.module.base [DEBUG]: Exiting analysis module: TxOrigin
mythril.analysis.module.base [DEBUG]: Entering analysis module: IntegerArithmetics
mythril.analysis.module.base [DEBUG]: Exiting analysis module: IntegerArithmetics
mythril.laser.ethereum.instructions [DEBUG]: Evaluating JUMPI at 97
mythril.laser.ethereum.instructions [DEBUG]: Evaluating REVERT at 38
mythril.laser.ethereum.svm [DEBUG]: Ending transaction MessageCallTransaction 1 from sender_1 to                                        0x0.
mythril.laser.ethereum.instructions [DEBUG]: Evaluating PUSH1 at 41
mythril.laser.ethereum.instructions [DEBUG]: Evaluating PUSH1 at 25
mythril.laser.ethereum.instructions [DEBUG]: Evaluating JUMPDEST at 28
mythril.laser.ethereum.instructions [DEBUG]: Evaluating PUSH1 at 98
mythril.laser.ethereum.instructions [DEBUG]: Evaluating JUMPDEST at 101
mythril.laser.ethereum.instructions [DEBUG]: Evaluating DUP2 at 42
mythril.laser.ethereum.instructions [DEBUG]: Evaluating DUP1 at 26
mythril.laser.ethereum.instructions [DEBUG]: Evaluating PUSH1 at 29
mythril.laser.ethereum.instructions [DEBUG]: Evaluating DUP1 at 99
mythril.laser.ethereum.instructions [DEBUG]: Evaluating POP at 102
mythril.laser.ethereum.instructions [DEBUG]: Evaluating SWAP1 at 43
mythril.laser.ethereum.instructions [DEBUG]: Evaluating REVERT at 27
mythril.laser.ethereum.svm [DEBUG]: Ending transaction MessageCallTransaction 1 from sender_1 to                                        0x0.
mythril.laser.ethereum.instructions [DEBUG]: Evaluating SLOAD at 30
mythril.laser.ethereum.instructions [DEBUG]: Evaluating REVERT at 100
mythril.laser.ethereum.svm [DEBUG]: Ending transaction MessageCallTransaction 1 from sender_1 to                                        0x0.
mythril.laser.ethereum.instructions [DEBUG]: Evaluating PUSH1 at 103
mythril.analysis.module.base [DEBUG]: Entering analysis module: ArbitraryStorage
mythril.analysis.module.base [DEBUG]: Exiting analysis module: ArbitraryStorage
mythril.analysis.module.base [DEBUG]: Entering analysis module: IntegerArithmetics
mythril.analysis.module.base [DEBUG]: Exiting analysis module: IntegerArithmetics
mythril.analysis.module.base [DEBUG]: Entering analysis module: StateChangeAfterCall
mythril.analysis.module.base [DEBUG]: Exiting analysis module: StateChangeAfterCall
mythril.laser.ethereum.instructions [DEBUG]: Evaluating SSTORE at 44
mythril.laser.ethereum.instructions [DEBUG]: Evaluating TIMESTAMP at 31
mythril.laser.ethereum.instructions [DEBUG]: Evaluating PUSH1 at 104
mythril.laser.ethereum.instructions [DEBUG]: Evaluating PUSH1 at 45
mythril.laser.ethereum.instructions [DEBUG]: Evaluating EQ at 32
mythril.laser.ethereum.instructions [DEBUG]: Evaluating JUMP at 105
mythril.laser.ethereum.instructions [DEBUG]: Evaluating SWAP1 at 46
mythril.laser.ethereum.instructions [DEBUG]: Evaluating ISZERO at 33
mythril.laser.ethereum.instructions [DEBUG]: Evaluating JUMPDEST at 122
mythril.laser.ethereum.instructions [DEBUG]: Evaluating MOD at 47
mythril.laser.ethereum.instructions [DEBUG]: Evaluating PUSH1 at 34
mythril.laser.ethereum.instructions [DEBUG]: Evaluating PUSH1 at 123
mythril.laser.ethereum.instructions [DEBUG]: Evaluating ISZERO at 48
mythril.analysis.module.base [DEBUG]: Entering analysis module: TxOrigin
mythril.analysis.module.base [DEBUG]: Exiting analysis module: TxOrigin
mythril.analysis.module.base [DEBUG]: Entering analysis module: IntegerArithmetics
mythril.analysis.module.base [DEBUG]: Exiting analysis module: IntegerArithmetics
mythril.laser.ethereum.instructions [DEBUG]: Evaluating JUMPI at 35
mythril.laser.ethereum.instructions [DEBUG]: Evaluating SLOAD at 124
mythril.laser.ethereum.instructions [DEBUG]: Evaluating ISZERO at 49
mythril.laser.ethereum.instructions [DEBUG]: Evaluating PUSH1 at 36
mythril.laser.ethereum.instructions [DEBUG]: Evaluating JUMPDEST at 39
mythril.laser.ethereum.instructions [DEBUG]: Evaluating DUP2 at 125
mythril.laser.ethereum.instructions [DEBUG]: Evaluating PUSH1 at 50
mythril.laser.ethereum.instructions [DEBUG]: Evaluating DUP1 at 37
mythril.laser.ethereum.instructions [DEBUG]: Evaluating TIMESTAMP at 40
mythril.laser.ethereum.instructions [DEBUG]: Evaluating JUMP at 126
mythril.analysis.module.base [DEBUG]: Entering analysis module: TxOrigin
mythril.analysis.module.base [DEBUG]: Exiting analysis module: TxOrigin
mythril.analysis.module.base [DEBUG]: Entering analysis module: IntegerArithmetics
mythril.analysis.module.base [DEBUG]: Exiting analysis module: IntegerArithmetics
mythril.laser.ethereum.instructions [DEBUG]: Evaluating JUMPI at 51
mythril.support.model [DEBUG]: Timeout/Error encountered while solving expression using z3
mythril.support.model [DEBUG]: Timeout/Error encountered while solving expression using z3
mythril.laser.ethereum.instructions [DEBUG]: Evaluating REVERT at 38
mythril.laser.ethereum.svm [DEBUG]: Ending transaction MessageCallTransaction 1 from sender_1 to                                        0x0.
mythril.laser.ethereum.instructions [DEBUG]: Evaluating PUSH1 at 41
mythril.laser.ethereum.instructions [DEBUG]: Evaluating JUMPDEST at 106
mythril.laser.ethereum.instructions [DEBUG]: Evaluating DUP2 at 42
mythril.laser.ethereum.instructions [DEBUG]: Evaluating PUSH1 at 107
mythril.laser.ethereum.instructions [DEBUG]: Evaluating SWAP1 at 43
mythril.laser.ethereum.instructions [DEBUG]: Evaluating DUP1 at 108
mythril.analysis.module.base [DEBUG]: Entering analysis module: ArbitraryStorage
mythril.analysis.module.base [DEBUG]: Exiting analysis module: ArbitraryStorage
mythril.analysis.module.base [DEBUG]: Entering analysis module: IntegerArithmetics
mythril.analysis.module.base [DEBUG]: Exiting analysis module: IntegerArithmetics
mythril.analysis.module.base [DEBUG]: Entering analysis module: StateChangeAfterCall
mythril.analysis.module.base [DEBUG]: Exiting analysis module: StateChangeAfterCall
mythril.laser.ethereum.instructions [DEBUG]: Evaluating SSTORE at 44
mythril.laser.ethereum.instructions [DEBUG]: Evaluating MLOAD at 109
mythril.laser.ethereum.instructions [DEBUG]: Evaluating PUSH1 at 45
mythril.laser.ethereum.instructions [DEBUG]: Evaluating SWAP2 at 110
mythril.laser.ethereum.instructions [DEBUG]: Evaluating SWAP1 at 46
mythril.laser.ethereum.instructions [DEBUG]: Evaluating DUP3 at 111
mythril.laser.ethereum.instructions [DEBUG]: Evaluating MOD at 47
mythril.laser.ethereum.instructions [DEBUG]: Evaluating MSTORE at 112
mythril.laser.ethereum.instructions [DEBUG]: Evaluating ISZERO at 48
mythril.laser.ethereum.instructions [DEBUG]: Evaluating MLOAD at 113
mythril.laser.ethereum.instructions [DEBUG]: Evaluating ISZERO at 49
mythril.laser.ethereum.instructions [DEBUG]: Evaluating SWAP1 at 114
mythril.laser.ethereum.instructions [DEBUG]: Evaluating PUSH1 at 50
mythril.laser.ethereum.instructions [DEBUG]: Evaluating DUP2 at 115
mythril.analysis.module.base [DEBUG]: Entering analysis module: TxOrigin
mythril.analysis.module.base [DEBUG]: Exiting analysis module: TxOrigin
mythril.analysis.module.base [DEBUG]: Entering analysis module: IntegerArithmetics
mythril.analysis.module.base [DEBUG]: Exiting analysis module: IntegerArithmetics
mythril.laser.ethereum.instructions [DEBUG]: Evaluating JUMPI at 51
mythril.support.model [DEBUG]: Timeout/Error encountered while solving expression using z3
mythril.laser.ethereum.instructions [DEBUG]: Evaluating SWAP1 at 116
mythril.laser.ethereum.instructions [DEBUG]: Evaluating JUMPDEST at 90
mythril.analysis.module.base [DEBUG]: Entering analysis module: IntegerArithmetics
mythril.analysis.module.base [DEBUG]: Exiting analysis module: IntegerArithmetics
mythril.laser.ethereum.instructions [DEBUG]: Evaluating SUB at 117
mythril.analysis.module.base [DEBUG]: Entering analysis module: IntegerArithmetics
mythril.analysis.module.base [DEBUG]: Exiting analysis module: IntegerArithmetics
mythril.analysis.module.base [DEBUG]: Entering analysis module: UncheckedRetval
mythril.analysis.module.base [DEBUG]: Exiting analysis module: UncheckedRetval
mythril.laser.ethereum.instructions [DEBUG]: Evaluating STOP at 91
mythril.laser.ethereum.svm [DEBUG]: Ending transaction MessageCallTransaction 1 from sender_1 to                                        0x0.
mythril.laser.ethereum.instructions [DEBUG]: Evaluating PUSH1 at 118
mythril.analysis.module.base [DEBUG]: Entering analysis module: IntegerArithmetics
mythril.analysis.module.base [DEBUG]: Exiting analysis module: IntegerArithmetics
mythril.laser.ethereum.instructions [DEBUG]: Evaluating ADD at 119
mythril.laser.ethereum.instructions [DEBUG]: Evaluating SWAP1 at 120
mythril.analysis.module.base [DEBUG]: Entering analysis module: IntegerArithmetics
mythril.analysis.module.base [DEBUG]: Exiting analysis module: IntegerArithmetics
mythril.analysis.module.base [DEBUG]: Entering analysis module: UncheckedRetval
mythril.analysis.module.base [DEBUG]: Exiting analysis module: UncheckedRetval
mythril.laser.ethereum.instructions [DEBUG]: Evaluating RETURN at 121
mythril.laser.ethereum.svm [DEBUG]: Ending transaction MessageCallTransaction 1 from sender_1 to                                        0x0.
mythril.laser.plugin.plugins.coverage.coverage_plugin [INFO]: Number of new instructions covered in tx 0: 89
mythril.laser.ethereum.svm [INFO]: Starting message call transaction, iteration: 1, 1 initial states
mythril.laser.ethereum.instructions [DEBUG]: Evaluating PUSH1 at 0
mythril.laser.ethereum.instructions [DEBUG]: Evaluating PUSH1 at 1
mythril.laser.ethereum.instructions [DEBUG]: Evaluating MSTORE at 2
mythril.laser.ethereum.instructions [DEBUG]: Evaluating PUSH1 at 3
mythril.laser.ethereum.instructions [DEBUG]: Evaluating CALLDATASIZE at 4
mythril.laser.ethereum.instructions [DEBUG]: Evaluating LT at 5
mythril.laser.ethereum.instructions [DEBUG]: Evaluating PUSH1 at 6
mythril.analysis.module.base [DEBUG]: Entering analysis module: TxOrigin
mythril.analysis.module.base [DEBUG]: Exiting analysis module: TxOrigin
mythril.analysis.module.base [DEBUG]: Entering analysis module: IntegerArithmetics
mythril.analysis.module.base [DEBUG]: Exiting analysis module: IntegerArithmetics
mythril.laser.ethereum.instructions [DEBUG]: Evaluating JUMPI at 7
mythril.laser.ethereum.instructions [DEBUG]: Evaluating PUSH4 at 8
mythril.laser.ethereum.instructions [DEBUG]: Evaluating JUMPDEST at 19
mythril.laser.ethereum.instructions [DEBUG]: Evaluating PUSH29 at 9
mythril.laser.ethereum.instructions [DEBUG]: Evaluating PUSH8 at 20
mythril.laser.ethereum.instructions [DEBUG]: Evaluating PUSH1 at 10
mythril.laser.ethereum.instructions [DEBUG]: Evaluating CALLVALUE at 21
mythril.laser.ethereum.instructions [DEBUG]: Evaluating CALLDATALOAD at 11
mythril.laser.ethereum.instructions [DEBUG]: Evaluating EQ at 22
mythril.laser.ethereum.instructions [DEBUG]: Evaluating DIV at 12
mythril.laser.ethereum.instructions [DEBUG]: Evaluating PUSH1 at 23
mythril.laser.ethereum.instructions [DEBUG]: Evaluating AND at 13
mythril.analysis.module.base [DEBUG]: Entering analysis module: TxOrigin
mythril.analysis.module.base [DEBUG]: Exiting analysis module: TxOrigin
mythril.analysis.module.base [DEBUG]: Entering analysis module: IntegerArithmetics
mythril.analysis.module.base [DEBUG]: Exiting analysis module: IntegerArithmetics
mythril.laser.ethereum.instructions [DEBUG]: Evaluating JUMPI at 24
mythril.support.model [DEBUG]: Timeout/Error encountered while solving expression using z3
mythril.laser.ethereum.instructions [DEBUG]: Evaluating PUSH4 at 14
mythril.laser.ethereum.instructions [DEBUG]: Evaluating PUSH1 at 25
mythril.laser.ethereum.instructions [DEBUG]: Evaluating DUP2 at 15
mythril.laser.ethereum.instructions [DEBUG]: Evaluating DUP1 at 26
mythril.laser.ethereum.instructions [DEBUG]: Evaluating EQ at 16
mythril.laser.ethereum.instructions [DEBUG]: Evaluating REVERT at 27
mythril.laser.ethereum.svm [DEBUG]: Ending transaction MessageCallTransaction 2 from sender_2 to                                        0x0.
mythril.laser.ethereum.instructions [DEBUG]: Evaluating PUSH1 at 17
mythril.analysis.module.base [DEBUG]: Entering analysis module: TxOrigin
mythril.analysis.module.base [DEBUG]: Exiting analysis module: TxOrigin
mythril.analysis.module.base [DEBUG]: Entering analysis module: IntegerArithmetics
mythril.analysis.module.base [DEBUG]: Exiting analysis module: IntegerArithmetics
mythril.laser.ethereum.instructions [DEBUG]: Evaluating JUMPI at 18
mythril.laser.ethereum.instructions [DEBUG]: Evaluating JUMPDEST at 19
mythril.laser.ethereum.instructions [DEBUG]: Evaluating JUMPDEST at 92
mythril.laser.ethereum.instructions [DEBUG]: Evaluating PUSH8 at 20
mythril.laser.ethereum.instructions [DEBUG]: Evaluating CALLVALUE at 93
mythril.laser.ethereum.instructions [DEBUG]: Evaluating CALLVALUE at 21
mythril.laser.ethereum.instructions [DEBUG]: Evaluating DUP1 at 94
mythril.laser.ethereum.instructions [DEBUG]: Evaluating EQ at 22
mythril.laser.ethereum.instructions [DEBUG]: Evaluating ISZERO at 95
mythril.laser.ethereum.instructions [DEBUG]: Evaluating PUSH1 at 23
mythril.laser.ethereum.instructions [DEBUG]: Evaluating PUSH1 at 96
mythril.analysis.module.base [DEBUG]: Entering analysis module: TxOrigin
mythril.analysis.module.base [DEBUG]: Exiting analysis module: TxOrigin
mythril.analysis.module.base [DEBUG]: Entering analysis module: IntegerArithmetics
mythril.analysis.module.base [DEBUG]: Exiting analysis module: IntegerArithmetics
mythril.laser.ethereum.instructions [DEBUG]: Evaluating JUMPI at 24
mythril.analysis.module.base [DEBUG]: Entering analysis module: TxOrigin
mythril.analysis.module.base [DEBUG]: Exiting analysis module: TxOrigin
mythril.analysis.module.base [DEBUG]: Entering analysis module: IntegerArithmetics
mythril.analysis.module.base [DEBUG]: Exiting analysis module: IntegerArithmetics
mythril.laser.ethereum.instructions [DEBUG]: Evaluating JUMPI at 97
mythril.laser.ethereum.instructions [DEBUG]: Evaluating PUSH1 at 25
mythril.laser.ethereum.instructions [DEBUG]: Evaluating JUMPDEST at 28
mythril.laser.ethereum.instructions [DEBUG]: Evaluating PUSH1 at 98
mythril.laser.ethereum.instructions [DEBUG]: Evaluating JUMPDEST at 101
mythril.laser.ethereum.instructions [DEBUG]: Evaluating DUP1 at 26
mythril.laser.ethereum.instructions [DEBUG]: Evaluating PUSH1 at 29
mythril.laser.ethereum.instructions [DEBUG]: Evaluating DUP1 at 99
mythril.laser.ethereum.instructions [DEBUG]: Evaluating POP at 102
mythril.laser.ethereum.instructions [DEBUG]: Evaluating REVERT at 27
mythril.laser.ethereum.svm [DEBUG]: Ending transaction MessageCallTransaction 2 from sender_2 to                                        0x0.
mythril.laser.ethereum.instructions [DEBUG]: Evaluating SLOAD at 30
mythril.laser.ethereum.instructions [DEBUG]: Evaluating REVERT at 100
mythril.laser.ethereum.svm [DEBUG]: Ending transaction MessageCallTransaction 2 from sender_2 to                                        0x0.
mythril.laser.ethereum.instructions [DEBUG]: Evaluating PUSH1 at 103
mythril.laser.ethereum.instructions [DEBUG]: Evaluating TIMESTAMP at 31
mythril.laser.ethereum.instructions [DEBUG]: Evaluating PUSH1 at 104
mythril.laser.ethereum.instructions [DEBUG]: Evaluating EQ at 32
mythril.laser.ethereum.instructions [DEBUG]: Evaluating JUMP at 105
mythril.laser.ethereum.instructions [DEBUG]: Evaluating ISZERO at 33
mythril.laser.ethereum.instructions [DEBUG]: Evaluating JUMPDEST at 122
mythril.laser.ethereum.instructions [DEBUG]: Evaluating PUSH1 at 34
mythril.laser.ethereum.instructions [DEBUG]: Evaluating PUSH1 at 123
mythril.analysis.module.base [DEBUG]: Entering analysis module: TxOrigin
mythril.analysis.module.base [DEBUG]: Exiting analysis module: TxOrigin
mythril.analysis.module.base [DEBUG]: Entering analysis module: IntegerArithmetics
mythril.analysis.module.base [DEBUG]: Exiting analysis module: IntegerArithmetics
mythril.laser.ethereum.instructions [DEBUG]: Evaluating JUMPI at 35
mythril.support.model [DEBUG]: Timeout/Error encountered while solving expression using z3
mythril.laser.ethereum.instructions [DEBUG]: Evaluating SLOAD at 124
mythril.laser.ethereum.instructions [DEBUG]: Evaluating PUSH1 at 36
mythril.laser.ethereum.instructions [DEBUG]: Evaluating DUP2 at 125
mythril.laser.ethereum.instructions [DEBUG]: Evaluating DUP1 at 37
mythril.laser.ethereum.instructions [DEBUG]: Evaluating JUMP at 126
mythril.laser.ethereum.instructions [DEBUG]: Evaluating REVERT at 38
mythril.laser.ethereum.svm [DEBUG]: Ending transaction MessageCallTransaction 2 from sender_2 to                                        0x0.
mythril.laser.ethereum.instructions [DEBUG]: Evaluating JUMPDEST at 106
mythril.laser.ethereum.instructions [DEBUG]: Evaluating PUSH1 at 107
mythril.laser.ethereum.instructions [DEBUG]: Evaluating DUP1 at 108
mythril.laser.ethereum.instructions [DEBUG]: Evaluating MLOAD at 109
mythril.laser.ethereum.instructions [DEBUG]: Evaluating SWAP2 at 110
mythril.laser.ethereum.instructions [DEBUG]: Evaluating DUP3 at 111
mythril.laser.ethereum.instructions [DEBUG]: Evaluating MSTORE at 112
mythril.laser.ethereum.instructions [DEBUG]: Evaluating MLOAD at 113
mythril.laser.ethereum.instructions [DEBUG]: Evaluating SWAP1 at 114
mythril.laser.ethereum.instructions [DEBUG]: Evaluating DUP2 at 115
mythril.laser.ethereum.instructions [DEBUG]: Evaluating SWAP1 at 116
mythril.analysis.module.base [DEBUG]: Entering analysis module: IntegerArithmetics
mythril.analysis.module.base [DEBUG]: Exiting analysis module: IntegerArithmetics
mythril.laser.ethereum.instructions [DEBUG]: Evaluating SUB at 117
mythril.laser.ethereum.instructions [DEBUG]: Evaluating PUSH1 at 118
mythril.analysis.module.base [DEBUG]: Entering analysis module: IntegerArithmetics
mythril.analysis.module.base [DEBUG]: Exiting analysis module: IntegerArithmetics
mythril.laser.ethereum.instructions [DEBUG]: Evaluating ADD at 119
mythril.laser.ethereum.instructions [DEBUG]: Evaluating SWAP1 at 120
mythril.analysis.module.base [DEBUG]: Entering analysis module: IntegerArithmetics
mythril.analysis.module.base [DEBUG]: Exiting analysis module: IntegerArithmetics
mythril.analysis.module.base [DEBUG]: Entering analysis module: UncheckedRetval
mythril.analysis.module.base [DEBUG]: Exiting analysis module: UncheckedRetval
mythril.laser.ethereum.instructions [DEBUG]: Evaluating RETURN at 121
mythril.laser.ethereum.svm [DEBUG]: Ending transaction MessageCallTransaction 2 from sender_2 to                                        0x0.
mythril.laser.plugin.plugins.coverage.coverage_plugin [INFO]: Number of new instructions covered in tx 1: 0
mythril.laser.ethereum.svm [INFO]: Finished symbolic execution
mythril.laser.plugin.plugins.coverage.coverage_plugin [INFO]: Achieved 69.53% coverage for code: 608060405260043610603e5763ffffffff7c010000000000000000000000000000000000000000000000000000000060003504166358d02b098114609e575b678ac7230489e800003414605157600080fd5b600054421415605f57600080fd5b426000819055600f90061515609c576040513390303180156108fc02916000818181858888f19350505050158015609a573d6000803e3d6000fd5b505b005b34801560a957600080fd5b5060b060c2565b60408051918252519081900360200190f35b600054815600
mythril.laser.plugin.plugins.instruction_profiler [INFO]: Total: 0.8503303527832031 s
[ADD         ]   0.1595 %,  nr      2,  total   0.0014 s,  avg   0.0007 s,  min   0.0005 s,  max   0.0008 s
[AND         ]   0.1775 %,  nr      2,  total   0.0015 s,  avg   0.0008 s,  min   0.0004 s,  max   0.0011 s
[CALLDATALOAD]   4.0015 %,  nr      2,  total   0.0340 s,  avg   0.0170 s,  min   0.0085 s,  max   0.0255 s
[CALLDATASIZE]   0.0983 %,  nr      2,  total   0.0008 s,  avg   0.0004 s,  min   0.0004 s,  max   0.0005 s
[CALLVALUE   ]   0.3858 %,  nr      6,  total   0.0033 s,  avg   0.0005 s,  min   0.0003 s,  max   0.0011 s
[DIV         ]   0.2703 %,  nr      2,  total   0.0023 s,  avg   0.0011 s,  min   0.0006 s,  max   0.0017 s
[DUP1        ]   1.7502 %,  nr     13,  total   0.0149 s,  avg   0.0011 s,  min   0.0003 s,  max   0.0076 s
[DUP2        ]   1.8340 %,  nr      8,  total   0.0156 s,  avg   0.0019 s,  min   0.0003 s,  max   0.0077 s
[DUP3        ]   0.6320 %,  nr      2,  total   0.0054 s,  avg   0.0027 s,  min   0.0005 s,  max   0.0049 s
[EQ          ]   0.8940 %,  nr      9,  total   0.0076 s,  avg   0.0008 s,  min   0.0004 s,  max   0.0015 s
[ISZERO      ]   2.4008 %,  nr      9,  total   0.0204 s,  avg   0.0023 s,  min   0.0006 s,  max   0.0072 s
[JUMP        ]   0.5835 %,  nr      4,  total   0.0050 s,  avg   0.0012 s,  min   0.0009 s,  max   0.0020 s
[JUMPDEST    ]   2.4186 %,  nr     18,  total   0.0206 s,  avg   0.0011 s,  min   0.0003 s,  max   0.0078 s
[JUMPI       ]   5.4924 %,  nr     15,  total   0.0467 s,  avg   0.0031 s,  min   0.0010 s,  max   0.0176 s
[LT          ]   0.1190 %,  nr      2,  total   0.0010 s,  avg   0.0005 s,  min   0.0004 s,  max   0.0006 s
[MLOAD       ]  38.5722 %,  nr      4,  total   0.3280 s,  avg   0.0820 s,  min   0.0144 s,  max   0.1516 s
[MOD         ]   0.9207 %,  nr      2,  total   0.0078 s,  avg   0.0039 s,  min   0.0008 s,  max   0.0071 s
[MSTORE      ]  24.5851 %,  nr      4,  total   0.2091 s,  avg   0.0523 s,  min   0.0095 s,  max   0.1748 s
[POP         ]   0.1785 %,  nr      2,  total   0.0015 s,  avg   0.0008 s,  min   0.0005 s,  max   0.0010 s
[PUSH1       ]   7.6040 %,  nr     49,  total   0.0647 s,  avg   0.0013 s,  min   0.0003 s,  max   0.0081 s
[PUSH29      ]   0.1742 %,  nr      2,  total   0.0015 s,  avg   0.0007 s,  min   0.0004 s,  max   0.0011 s
[PUSH4       ]   0.8685 %,  nr      4,  total   0.0074 s,  avg   0.0018 s,  min   0.0007 s,  max   0.0037 s
[PUSH8       ]   0.2980 %,  nr      4,  total   0.0025 s,  avg   0.0006 s,  min   0.0003 s,  max   0.0012 s
[SLOAD       ]   0.5753 %,  nr      5,  total   0.0049 s,  avg   0.0010 s,  min   0.0007 s,  max   0.0016 s
[SSTORE      ]   0.9596 %,  nr      2,  total   0.0082 s,  avg   0.0041 s,  min   0.0006 s,  max   0.0075 s
[SUB         ]   0.1399 %,  nr      2,  total   0.0012 s,  avg   0.0006 s,  min   0.0005 s,  max   0.0007 s
[SWAP1       ]   2.7908 %,  nr     10,  total   0.0237 s,  avg   0.0024 s,  min   0.0004 s,  max   0.0081 s
[SWAP2       ]   0.7324 %,  nr      2,  total   0.0062 s,  avg   0.0031 s,  min   0.0009 s,  max   0.0053 s
[TIMESTAMP   ]   0.3834 %,  nr      5,  total   0.0033 s,  avg   0.0007 s,  min   0.0005 s,  max   0.0011 s

mythril.analysis.security [INFO]: Starting analysis
mythril.analysis.security [DEBUG]: Retrieving results for Caller can write to arbitrary storage locations
mythril.analysis.security [DEBUG]: Retrieving results for Delegatecall to a user-specified address
mythril.analysis.security [DEBUG]: Retrieving results for Control flow depends on tx.origin
mythril.analysis.security [DEBUG]: Retrieving results for Any sender can withdraw ETH from the contract account
mythril.analysis.security [DEBUG]: Retrieving results for Integer overflow or underflow
mythril.analysis.security [DEBUG]: Retrieving results for State change after an external call
mythril.analysis.security [DEBUG]: Retrieving results for Contract can be accidentally killed by anyone
mythril.analysis.security [DEBUG]: Retrieving results for Return value of an external call is not checked
mythril.mythril.mythril_analyzer [INFO]: Solver statistics: 
Query count: 38 
Solver time: 156.39395952224731
{"error": null, "issues": [], "success": true}
