 ______     __         __  __     ______     __     __  __     __    __    
/\  ___\   /\ \       /\ \_\ \   /\  ___\   /\ \   /\ \/\ \   /\ "-./  \   
\ \  __\   \ \ \____  \ \____ \  \ \___  \  \ \ \  \ \ \_\ \  \ \ \-./\ \  
 \ \_____\  \ \_____\  \/\_____\  \/\_____\  \ \_\  \ \_____\  \ \_\ \ \_\ 
  \/_____/   \/_____/   \/_____/   \/_____/   \/_/   \/_____/   \/_/  \/_/ 
                                                                           
Compiling source code...
Retrieving bytecode for contract 'X_WALLET'.
Please wait. Scanning bytecode for bugs...
Running Osiris...
Finished running Osiris. Execution time 1.6382122039794922 seconds. Code coverage 99.8%.
Running Oyente...
Finished running Oyente. Execution time 2.359469413757324 seconds. Code coverage 60.6%.
Running Mythril...
Finished running Mythril. Execution time 122.87915205955505 seconds. Code coverage 99.77%.
Detected 1 bug(s):
--> Detected 'underflow' (SUB) bug at program counter address 576 (0x240) using Osiris with a code coverage of 99.8%.
Exporting original control-flow graph...
Recovering control-flow graph...
Recovered 100% of the control-flow graph
Number of execution paths accessing storage: 11
Deployment bytecode size: 92 bytes (original: 92 bytes) 0.0% increase.
Runtime bytecode size: 798 bytes (original: 785 bytes) 1.6560509554140128% increase.
Metadata: 0xa165627a7a7230582020dc0489fcd6f90e4695350b3a258d735a635baea74e7d18d75d65a8016f61d20029
Exporting patched control-flow graph...
