 ______     __         __  __     ______     __     __  __     __    __    
/\  ___\   /\ \       /\ \_\ \   /\  ___\   /\ \   /\ \/\ \   /\ "-./  \   
\ \  __\   \ \ \____  \ \____ \  \ \___  \  \ \ \  \ \ \_\ \  \ \ \-./\ \  
 \ \_____\  \ \_____\  \/\_____\  \/\_____\  \ \_\  \ \_____\  \ \_\ \ \_\ 
  \/_____/   \/_____/   \/_____/   \/_____/   \/_/   \/_____/   \/_/  \/_/ 
                                                                           
Compiling source code...
Retrieving bytecode for contract 'Reentrancy_cross_function'.
Please wait. Scanning bytecode for bugs...
Running Osiris...
Finished running Osiris. Execution time 0.5426516532897949 seconds. Code coverage 99.5%.
Running Oyente...
Finished running Oyente. Execution time 0.839454174041748 seconds. Code coverage 97.8%.
Running Mythril...
Finished running Mythril. Execution time 5.443640947341919 seconds. Code coverage 99.46%.
Detected 2 bug(s):
--> Detected 'reentrancy' bug at program counter address 188 (0xbc) using Oyente with a code coverage of 97.8%.
--> Detected 'overflow' (ADD) bug at program counter address 290 (0x122) using Osiris with a code coverage of 99.5%.
Exporting original control-flow graph...
Recovering control-flow graph...
Recovered 100% of the control-flow graph
Number of execution paths accessing storage: 4
Runtime bytecode size: 408 bytes (original: 310 bytes) 31.612903225806452% increase.
Metadata: 0xa165627a7a723058201ad6c24f804842db48f745ec24c77748c2d0188287194984941ea33a1ff321680029
Exporting patched control-flow graph...
