 ______     __         __  __     ______     __     __  __     __    __    
/\  ___\   /\ \       /\ \_\ \   /\  ___\   /\ \   /\ \/\ \   /\ "-./  \   
\ \  __\   \ \ \____  \ \____ \  \ \___  \  \ \ \  \ \ \_\ \  \ \ \-./\ \  
 \ \_____\  \ \_____\  \/\_____\  \/\_____\  \ \_\  \ \_____\  \ \_\ \ \_\ 
  \/_____/   \/_____/   \/_____/   \/_____/   \/_/   \/_____/   \/_/  \/_/ 
                                                                           
Compiling source code...
Retrieving bytecode for contract 'Proxy'.
Please wait. Scanning bytecode for bugs...
Running Osiris...
Finished running Osiris. Execution time 18.9663143157959 seconds. Code coverage 99.6%.
Running Oyente...
Finished running Oyente. Execution time 0.6537747383117676 seconds. Code coverage 34.6%.
Running Mythril...
Finished running Mythril. Execution time 122.03260326385498 seconds. Code coverage 94.72%.
Detected 1 bug(s):
--> Detected 'unhandled exception' bug at program counter address 449 (0x1c1) using Mythril with a code coverage of 94.72%.
Exporting original control-flow graph...
Recovering control-flow graph...
Recovered 100% of the control-flow graph
Number of execution paths accessing storage: 2
Runtime bytecode size: 470 bytes (original: 458 bytes) 2.6200873362445414% increase.
Metadata: 0xa165627a7a723058200a134d1d14eda53342ad60f95d4ca32268cb19319e2e10bbd535fb6ef5cd4c040029
Exporting patched control-flow graph...
