[INFO] compiled with solc ver. 0.4.25
[INFO] all funcs : 10
[INFO] reachable : 9

[INFO] Violate CEI: true
[INFO] msg.sender = this possible: false
[STEP] Run analyzer
[STEP] Collect fix targets
    (IO, (PERSONAL_BANK/Collect/[uint256]), 56, (balances[msg.sender] - _am)),
    (IO, (PERSONAL_BANK/Deposit/[]), 43, (balances[msg.sender] + msg.value)),
    (ETH_LEAK, (PERSONAL_BANK/Collect/[uint256]), 54, msg.sender.call.value(_am)()),
    (RE_EL, (PERSONAL_BANK/Collect/[uint256]), 54, msg.sender.call.value(_am)())

[INFO] # of basic patch components : 6
[INFO] extracted components
[
InsertLine (43, assume(((balances[msg.sender] + msg.value) >= balances[msg.sender]));),
InsertLine (56, assume((balances[msg.sender] >= _am));),
Replace (51, (balances[msg.sender] >= _am), (balances[msg.sender] < _am)),
AtomLst [
Move ([56] -> 54)
ElseRevert (line 58)
],
AtomLst [
Add @nonReentrant to (PERSONAL_BANK, SetMinSum, [uint256]) (line 19)
Add @nonReentrant to (PERSONAL_BANK, SetLogFile, [address]) (line 26)
Add @nonReentrant to (PERSONAL_BANK, Initialized, []) (line 33)
Add @nonReentrant to (PERSONAL_BANK, Deposit, []) (line 39)
Add @nonReentrant to (PERSONAL_BANK, Collect, [uint256]) (line 47)
],
AtomLst [
Add @nonReentrant to (PERSONAL_BANK, SetMinSum, [uint256]) (line 19)
Add @nonReentrant to (PERSONAL_BANK, SetLogFile, [address]) (line 26)
Add @nonReentrant to (PERSONAL_BANK, Initialized, []) (line 33)
Add @nonReentrant to (PERSONAL_BANK, Deposit, []) (line 39)
Add @nonReentrant to (PERSONAL_BANK, Collect, [uint256]) (line 47)
Add @nonReentrant to (PERSONAL_BANK, @fallback, []) (line 62)
]
]
- New best candidate, iter 1, 304.23210597s : results/reentrancy/0x01f8c4e3fa3edeb29e514cba738d87ce8c091d3f/candidates/cand_4/patch.sol
