 ______     __         __  __     ______     __     __  __     __    __    
/\  ___\   /\ \       /\ \_\ \   /\  ___\   /\ \   /\ \/\ \   /\ "-./  \   
\ \  __\   \ \ \____  \ \____ \  \ \___  \  \ \ \  \ \ \_\ \  \ \ \-./\ \  
 \ \_____\  \ \_____\  \/\_____\  \/\_____\  \ \_\  \ \_____\  \ \_\ \ \_\ 
  \/_____/   \/_____/   \/_____/   \/_____/   \/_/   \/_____/   \/_/  \/_/ 
                                                                           
Compiling source code...
Retrieving bytecode for contract 'B'.
Please wait. Scanning bytecode for bugs...
Running Osiris...
Finished running Osiris. Execution time 1.049830675125122 seconds. Code coverage 99.3%.
Running Oyente...
Finished running Oyente. Execution time 1.2586379051208496 seconds. Code coverage 94.2%.
Running Mythril...
Finished running Mythril. Execution time 46.41513013839722 seconds. Code coverage 99.28%.
Detected 1 bug(s):
--> Detected 'unhandled exception' bug at program counter address 185 (0xb9) using Mythril with a code coverage of 99.28%.
Exporting original control-flow graph...
Recovering control-flow graph...
Recovered 100% of the control-flow graph
Number of execution paths accessing storage: 2
Deployment bytecode size: 50 bytes (original: 50 bytes) 0.0% increase.
Runtime bytecode size: 304 bytes (original: 293 bytes) 3.7542662116040955% increase.
Metadata: 0xa165627a7a72305820befa2d98240acd13e236eb6eb60fb3b2eaf0d49b27ba1a5534e675520d07df1a0029
Exporting patched control-flow graph...
