Compilation warnings/errors on smartbugs/dataset/bad_randomness/etheraffle.sol:
smartbugs/dataset/bad_randomness/etheraffle.sol:55:5: Warning: Defining constructors as functions with the same name as the contract is deprecated. Use "constructor(...) { ... }" instead.
    function Ethraffle_v4b() public {
    ^ (Relevant source part starts here and spans across multiple lines).
smartbugs/dataset/bad_randomness/etheraffle.sol:82:13: Warning: Invoking events without "emit" prefix is deprecated.
            TicketPurchase(raffleId, msg.sender, currTicket);
            ^----------------------------------------------^
smartbugs/dataset/bad_randomness/etheraffle.sol:104:28: Warning: This function only accepts a single "bytes" argument. Please use "abi.encodePacked(...)" or a similar function to encode the data.
        bytes32 randHash = keccak256(seed1, seed2, seed3);
                           ^----------------------------^
smartbugs/dataset/bad_randomness/etheraffle.sol:108:9: Warning: Invoking events without "emit" prefix is deprecated.
        RaffleResult(raffleId, winningNumber, winningAddress, seed1, seed2, seed3, randHash);
        ^----------------------------------------------------------------------------------^
smartbugs/dataset/bad_randomness/etheraffle.sol:133:17: Warning: Invoking events without "emit" prefix is deprecated.
                TicketRefund(raffleId, msg.sender, i);
                ^-----------------------------------^
smartbugs/dataset/bad_randomness/etheraffle.sol:149:21: Warning: Invoking events without "emit" prefix is deprecated.
                    TicketRefund(raffleId, contestants[i].addr, i);
                    ^--------------------------------------------^
smartbugs/dataset/bad_randomness/etheraffle.sol:154:13: Warning: Invoking events without "emit" prefix is deprecated.
            RaffleResult(raffleId, totalTickets, address(0), address(0), address(0), 0, 0);
            ^----------------------------------------------------------------------------^

smartbugs/dataset/bad_randomness/etheraffle.sol analyzed (1 contracts)
