mythril.mythril.mythril_config [INFO]: Creating mythril data directory 
mythril.mythril.mythril_config [INFO]: No config file found. Creating default: /root/.mythril/config.ini 
mythril.mythril.mythril_config [INFO]: Infura key not provided, so onchain access is disabled. Use --infura-id <INFURA_ID> or set it in the environment variable INFURA_ID or in the ~/.mythril/config.ini file 
mythril.support.signatures [INFO]: Using signature database at /root/.mythril/signatures.db
mythril.laser.ethereum.svm [INFO]: LASER EVM initialized with dynamic loader: <mythril.support.loader.DynLoader object at 0x7fd908fcbfd0>
mythril.laser.ethereum.strategy.extensions.bounded_loops [INFO]: Loaded search strategy extension: Loop bounds (limit = 3)
mythril.laser.plugin.loader [INFO]: Loading laser plugin: coverage
mythril.laser.plugin.loader [INFO]: Loading laser plugin: mutation-pruner
mythril.laser.plugin.loader [INFO]: Loading laser plugin: call-depth-limit
mythril.laser.plugin.loader [INFO]: Loading laser plugin: instruction-profiler
mythril.laser.plugin.loader [INFO]: Loading laser plugin: dependency-pruner
mythril.laser.plugin.loader [INFO]: Instrumenting symbolic vm with plugin: coverage
mythril.laser.plugin.loader [INFO]: Instrumenting symbolic vm with plugin: mutation-pruner
mythril.laser.plugin.loader [INFO]: Instrumenting symbolic vm with plugin: call-depth-limit
mythril.laser.plugin.loader [INFO]: Instrumenting symbolic vm with plugin: instruction-profiler
mythril.laser.plugin.loader [INFO]: Instrumenting symbolic vm with plugin: dependency-pruner
mythril.laser.ethereum.svm [DEBUG]: Starting LASER execution
mythril.laser.ethereum.svm [INFO]: Starting message call transaction to 0
mythril.laser.ethereum.svm [INFO]: Starting message call transaction, iteration: 0, 1 initial states
mythril.laser.ethereum.instructions [DEBUG]: Evaluating PUSH1 at 0
mythril.laser.ethereum.instructions [DEBUG]: Evaluating PUSH1 at 1
mythril.laser.ethereum.instructions [DEBUG]: Evaluating MSTORE at 2
mythril.laser.ethereum.instructions [DEBUG]: Evaluating PUSH1 at 3
mythril.laser.ethereum.instructions [DEBUG]: Evaluating CALLDATASIZE at 4
mythril.laser.ethereum.instructions [DEBUG]: Evaluating LT at 5
mythril.laser.ethereum.instructions [DEBUG]: Evaluating PUSH1 at 6
mythril.analysis.module.base [DEBUG]: Entering analysis module: TxOrigin
mythril.analysis.module.base [DEBUG]: Exiting analysis module: TxOrigin
mythril.analysis.module.base [DEBUG]: Entering analysis module: IntegerArithmetics
mythril.analysis.module.base [DEBUG]: Exiting analysis module: IntegerArithmetics
mythril.laser.ethereum.instructions [DEBUG]: Evaluating JUMPI at 7
mythril.laser.ethereum.instructions [DEBUG]: Evaluating PUSH4 at 8
mythril.laser.ethereum.instructions [DEBUG]: Evaluating JUMPDEST at 19
mythril.laser.ethereum.instructions [DEBUG]: Evaluating PUSH29 at 9
mythril.laser.ethereum.instructions [DEBUG]: Evaluating PUSH1 at 20
mythril.laser.ethereum.instructions [DEBUG]: Evaluating PUSH1 at 10
mythril.laser.ethereum.instructions [DEBUG]: Evaluating DUP1 at 21
mythril.laser.ethereum.instructions [DEBUG]: Evaluating CALLDATALOAD at 11
mythril.laser.ethereum.instructions [DEBUG]: Evaluating REVERT at 22
mythril.laser.ethereum.svm [DEBUG]: Ending transaction MessageCallTransaction 1 from sender_1 to                                        0x0.
mythril.laser.ethereum.instructions [DEBUG]: Evaluating DIV at 12
mythril.laser.ethereum.instructions [DEBUG]: Evaluating AND at 13
mythril.laser.ethereum.instructions [DEBUG]: Evaluating PUSH4 at 14
mythril.laser.ethereum.instructions [DEBUG]: Evaluating DUP2 at 15
mythril.laser.ethereum.instructions [DEBUG]: Evaluating EQ at 16
mythril.laser.ethereum.instructions [DEBUG]: Evaluating PUSH1 at 17
mythril.analysis.module.base [DEBUG]: Entering analysis module: TxOrigin
mythril.analysis.module.base [DEBUG]: Exiting analysis module: TxOrigin
mythril.analysis.module.base [DEBUG]: Entering analysis module: IntegerArithmetics
mythril.analysis.module.base [DEBUG]: Exiting analysis module: IntegerArithmetics
mythril.laser.ethereum.instructions [DEBUG]: Evaluating JUMPI at 18
mythril.laser.ethereum.instructions [DEBUG]: Evaluating JUMPDEST at 19
mythril.laser.ethereum.instructions [DEBUG]: Evaluating JUMPDEST at 23
mythril.laser.ethereum.instructions [DEBUG]: Evaluating PUSH1 at 20
mythril.laser.ethereum.instructions [DEBUG]: Evaluating CALLVALUE at 24
mythril.laser.ethereum.instructions [DEBUG]: Evaluating DUP1 at 21
mythril.laser.ethereum.instructions [DEBUG]: Evaluating DUP1 at 25
mythril.laser.ethereum.instructions [DEBUG]: Evaluating REVERT at 22
mythril.laser.ethereum.svm [DEBUG]: Ending transaction MessageCallTransaction 1 from sender_1 to                                        0x0.
mythril.laser.ethereum.instructions [DEBUG]: Evaluating ISZERO at 26
mythril.laser.ethereum.instructions [DEBUG]: Evaluating PUSH1 at 27
mythril.analysis.module.base [DEBUG]: Entering analysis module: TxOrigin
mythril.analysis.module.base [DEBUG]: Exiting analysis module: TxOrigin
mythril.analysis.module.base [DEBUG]: Entering analysis module: IntegerArithmetics
mythril.analysis.module.base [DEBUG]: Exiting analysis module: IntegerArithmetics
mythril.laser.ethereum.instructions [DEBUG]: Evaluating JUMPI at 28
mythril.laser.ethereum.instructions [DEBUG]: Evaluating PUSH1 at 29
mythril.laser.ethereum.instructions [DEBUG]: Evaluating JUMPDEST at 32
mythril.laser.ethereum.instructions [DEBUG]: Evaluating DUP1 at 30
mythril.laser.ethereum.instructions [DEBUG]: Evaluating POP at 33
mythril.laser.ethereum.instructions [DEBUG]: Evaluating REVERT at 31
mythril.laser.ethereum.svm [DEBUG]: Ending transaction MessageCallTransaction 1 from sender_1 to                                        0x0.
mythril.laser.ethereum.instructions [DEBUG]: Evaluating PUSH1 at 34
mythril.laser.ethereum.instructions [DEBUG]: Evaluating PUSH1 at 35
mythril.laser.ethereum.instructions [DEBUG]: Evaluating CALLDATALOAD at 36
mythril.laser.ethereum.instructions [DEBUG]: Evaluating PUSH1 at 37
mythril.laser.ethereum.instructions [DEBUG]: Evaluating CALLDATALOAD at 38
mythril.laser.ethereum.instructions [DEBUG]: Evaluating PUSH1 at 39
mythril.laser.ethereum.instructions [DEBUG]: Evaluating JUMP at 40
mythril.laser.ethereum.instructions [DEBUG]: Evaluating JUMPDEST at 43
mythril.laser.ethereum.instructions [DEBUG]: Evaluating PUSH1 at 44
mythril.laser.ethereum.instructions [DEBUG]: Evaluating SWAP2 at 45
mythril.laser.ethereum.instructions [DEBUG]: Evaluating DUP3 at 46
mythril.laser.ethereum.instructions [DEBUG]: Evaluating MSTORE at 47
mythril.laser.ethereum.instructions [DEBUG]: Evaluating PUSH1 at 48
mythril.laser.ethereum.instructions [DEBUG]: Evaluating DUP3 at 49
mythril.laser.ethereum.instructions [DEBUG]: Evaluating SWAP1 at 50
mythril.laser.ethereum.instructions [DEBUG]: Evaluating MSTORE at 51
mythril.laser.ethereum.instructions [DEBUG]: Evaluating PUSH1 at 52
mythril.laser.ethereum.instructions [DEBUG]: Evaluating SWAP1 at 53
mythril.laser.ethereum.instructions [DEBUG]: Evaluating SWAP2 at 54
mythril.laser.ethereum.instructions [DEBUG]: Evaluating SHA3 at 55
mythril.laser.ethereum.instructions [DEBUG]: Evaluating DUP1 at 56
mythril.laser.ethereum.instructions [DEBUG]: Evaluating SLOAD at 57
mythril.laser.ethereum.instructions [DEBUG]: Evaluating SWAP2 at 58
mythril.laser.ethereum.instructions [DEBUG]: Evaluating SWAP1 at 59
mythril.laser.ethereum.instructions [DEBUG]: Evaluating SWAP2 at 60
mythril.analysis.module.base [DEBUG]: Entering analysis module: IntegerArithmetics
mythril.analysis.module.base [DEBUG]: Exiting analysis module: IntegerArithmetics
mythril.laser.ethereum.instructions [DEBUG]: Evaluating SUB at 61
mythril.laser.ethereum.instructions [DEBUG]: Evaluating SWAP1 at 62
mythril.analysis.module.base [DEBUG]: Entering analysis module: ArbitraryStorage
mythril.analysis.module.base [DEBUG]: Exiting analysis module: ArbitraryStorage
mythril.analysis.module.base [DEBUG]: Entering analysis module: IntegerArithmetics
mythril.analysis.module.base [DEBUG]: Exiting analysis module: IntegerArithmetics
mythril.analysis.module.base [DEBUG]: Entering analysis module: StateChangeAfterCall
mythril.analysis.module.base [DEBUG]: Exiting analysis module: StateChangeAfterCall
mythril.laser.ethereum.instructions [DEBUG]: Evaluating SSTORE at 63
mythril.laser.ethereum.instructions [DEBUG]: Evaluating JUMP at 64
mythril.laser.ethereum.instructions [DEBUG]: Evaluating JUMPDEST at 41
mythril.analysis.module.base [DEBUG]: Entering analysis module: IntegerArithmetics
mythril.analysis.module.modules.integer [DEBUG]: Checking overflow in STOP at transaction end address 92, ostate address 114
mythril.analysis.module.base [DEBUG]: Exiting analysis module: IntegerArithmetics
mythril.analysis.module.base [DEBUG]: Entering analysis module: UncheckedRetval
mythril.analysis.module.base [DEBUG]: Exiting analysis module: UncheckedRetval
mythril.laser.ethereum.instructions [DEBUG]: Evaluating STOP at 42
mythril.laser.ethereum.svm [DEBUG]: Ending transaction MessageCallTransaction 1 from sender_1 to                                        0x0.
mythril.laser.plugin.plugins.coverage.coverage_plugin [INFO]: Number of new instructions covered in tx 0: 65
mythril.laser.ethereum.svm [INFO]: Starting message call transaction, iteration: 1, 1 initial states
mythril.laser.ethereum.instructions [DEBUG]: Evaluating PUSH1 at 0
mythril.laser.ethereum.instructions [DEBUG]: Evaluating PUSH1 at 1
mythril.laser.ethereum.instructions [DEBUG]: Evaluating MSTORE at 2
mythril.laser.ethereum.instructions [DEBUG]: Evaluating PUSH1 at 3
mythril.laser.ethereum.instructions [DEBUG]: Evaluating CALLDATASIZE at 4
mythril.laser.ethereum.instructions [DEBUG]: Evaluating LT at 5
mythril.laser.ethereum.instructions [DEBUG]: Evaluating PUSH1 at 6
mythril.analysis.module.base [DEBUG]: Entering analysis module: TxOrigin
mythril.analysis.module.base [DEBUG]: Exiting analysis module: TxOrigin
mythril.analysis.module.base [DEBUG]: Entering analysis module: IntegerArithmetics
mythril.analysis.module.base [DEBUG]: Exiting analysis module: IntegerArithmetics
mythril.laser.ethereum.instructions [DEBUG]: Evaluating JUMPI at 7
mythril.laser.ethereum.instructions [DEBUG]: Evaluating PUSH4 at 8
mythril.laser.ethereum.instructions [DEBUG]: Evaluating JUMPDEST at 19
mythril.laser.ethereum.instructions [DEBUG]: Evaluating PUSH29 at 9
mythril.laser.ethereum.instructions [DEBUG]: Evaluating PUSH1 at 20
mythril.laser.ethereum.instructions [DEBUG]: Evaluating PUSH1 at 10
mythril.laser.ethereum.instructions [DEBUG]: Evaluating DUP1 at 21
mythril.laser.ethereum.instructions [DEBUG]: Evaluating CALLDATALOAD at 11
mythril.laser.ethereum.instructions [DEBUG]: Evaluating REVERT at 22
mythril.laser.ethereum.svm [DEBUG]: Ending transaction MessageCallTransaction 2 from sender_2 to                                        0x0.
mythril.laser.ethereum.instructions [DEBUG]: Evaluating DIV at 12
mythril.laser.ethereum.instructions [DEBUG]: Evaluating AND at 13
mythril.laser.ethereum.instructions [DEBUG]: Evaluating PUSH4 at 14
mythril.laser.ethereum.instructions [DEBUG]: Evaluating DUP2 at 15
mythril.laser.ethereum.instructions [DEBUG]: Evaluating EQ at 16
mythril.laser.ethereum.instructions [DEBUG]: Evaluating PUSH1 at 17
mythril.analysis.module.base [DEBUG]: Entering analysis module: TxOrigin
mythril.analysis.module.base [DEBUG]: Exiting analysis module: TxOrigin
mythril.analysis.module.base [DEBUG]: Entering analysis module: IntegerArithmetics
mythril.analysis.module.base [DEBUG]: Exiting analysis module: IntegerArithmetics
mythril.laser.ethereum.instructions [DEBUG]: Evaluating JUMPI at 18
mythril.laser.plugin.plugins.dependency_pruner [DEBUG]: Skipping state: Storage slots {keccak256_512(Concat(If(1_calldatasize <= 4,
                        0,
                        1_calldata[4]),
                     If(1_calldatasize <= 5,
                        0,
                        1_calldata[5]),
                     If(1_calldatasize <= 6,
                        0,
                        1_calldata[6]),
                     If(1_calldatasize <= 7,
                        0,
                        1_calldata[7]),
                     If(1_calldatasize <= 8,
                        0,
                        1_calldata[8]),
                     If(1_calldatasize <= 9,
                        0,
                        1_calldata[9]),
                     If(1_calldatasize <= 10,
                        0,
                        1_calldata[10]),
                     If(1_calldatasize <= 11,
                        0,
                        1_calldata[11]),
                     If(1_calldatasize <= 12,
                        0,
                        1_calldata[12]),
                     If(1_calldatasize <= 13,
                        0,
                        1_calldata[13]),
                     If(1_calldatasize <= 14,
                        0,
                        1_calldata[14]),
                     If(1_calldatasize <= 15,
                        0,
                        1_calldata[15]),
                     If(1_calldatasize <= 16,
                        0,
                        1_calldata[16]),
                     If(1_calldatasize <= 17,
                        0,
                        1_calldata[17]),
                     If(1_calldatasize <= 18,
                        0,
                        1_calldata[18]),
                     If(1_calldatasize <= 19,
                        0,
                        1_calldata[19]),
                     If(1_calldatasize <= 20,
                        0,
                        1_calldata[20]),
                     If(1_calldatasize <= 21,
                        0,
                        1_calldata[21]),
                     If(1_calldatasize <= 22,
                        0,
                        1_calldata[22]),
                     If(1_calldatasize <= 23,
                        0,
                        1_calldata[23]),
                     If(1_calldatasize <= 24,
                        0,
                        1_calldata[24]),
                     If(1_calldatasize <= 25,
                        0,
                        1_calldata[25]),
                     If(1_calldatasize <= 26,
                        0,
                        1_calldata[26]),
                     If(1_calldatasize <= 27,
                        0,
                        1_calldata[27]),
                     If(1_calldatasize <= 28,
                        0,
                        1_calldata[28]),
                     If(1_calldatasize <= 29,
                        0,
                        1_calldata[29]),
                     If(1_calldatasize <= 30,
                        0,
                        1_calldata[30]),
                     If(1_calldatasize <= 31,
                        0,
                        1_calldata[31]),
                     If(1_calldatasize <= 32,
                        0,
                        1_calldata[32]),
                     If(1_calldatasize <= 33,
                        0,
                        1_calldata[33]),
                     If(1_calldatasize <= 34,
                        0,
                        1_calldata[34]),
                     If(1_calldatasize <= 35,
                        0,
                        1_calldata[35]),
                     0))} not read in block at address 62, function
mythril.laser.ethereum.instructions [DEBUG]: Evaluating JUMPDEST at 23
mythril.laser.ethereum.instructions [DEBUG]: Evaluating CALLVALUE at 24
mythril.laser.ethereum.instructions [DEBUG]: Evaluating DUP1 at 25
mythril.laser.ethereum.instructions [DEBUG]: Evaluating ISZERO at 26
mythril.laser.ethereum.instructions [DEBUG]: Evaluating PUSH1 at 27
mythril.analysis.module.base [DEBUG]: Entering analysis module: TxOrigin
mythril.analysis.module.base [DEBUG]: Exiting analysis module: TxOrigin
mythril.analysis.module.base [DEBUG]: Entering analysis module: IntegerArithmetics
mythril.analysis.module.base [DEBUG]: Exiting analysis module: IntegerArithmetics
mythril.laser.ethereum.instructions [DEBUG]: Evaluating JUMPI at 28
mythril.laser.ethereum.instructions [DEBUG]: Evaluating PUSH1 at 29
mythril.laser.ethereum.instructions [DEBUG]: Evaluating JUMPDEST at 32
mythril.laser.ethereum.instructions [DEBUG]: Evaluating DUP1 at 30
mythril.laser.ethereum.instructions [DEBUG]: Evaluating POP at 33
mythril.laser.ethereum.instructions [DEBUG]: Evaluating REVERT at 31
mythril.laser.ethereum.svm [DEBUG]: Ending transaction MessageCallTransaction 2 from sender_2 to                                        0x0.
mythril.laser.ethereum.instructions [DEBUG]: Evaluating PUSH1 at 34
mythril.laser.ethereum.instructions [DEBUG]: Evaluating PUSH1 at 35
mythril.laser.ethereum.instructions [DEBUG]: Evaluating CALLDATALOAD at 36
mythril.laser.ethereum.instructions [DEBUG]: Evaluating PUSH1 at 37
mythril.laser.ethereum.instructions [DEBUG]: Evaluating CALLDATALOAD at 38
mythril.laser.ethereum.instructions [DEBUG]: Evaluating PUSH1 at 39
mythril.laser.ethereum.instructions [DEBUG]: Evaluating JUMP at 40
mythril.laser.ethereum.instructions [DEBUG]: Evaluating JUMPDEST at 43
mythril.laser.ethereum.instructions [DEBUG]: Evaluating PUSH1 at 44
mythril.laser.ethereum.instructions [DEBUG]: Evaluating SWAP2 at 45
mythril.laser.ethereum.instructions [DEBUG]: Evaluating DUP3 at 46
mythril.laser.ethereum.instructions [DEBUG]: Evaluating MSTORE at 47
mythril.laser.ethereum.instructions [DEBUG]: Evaluating PUSH1 at 48
mythril.laser.ethereum.instructions [DEBUG]: Evaluating DUP3 at 49
mythril.laser.ethereum.instructions [DEBUG]: Evaluating SWAP1 at 50
mythril.laser.ethereum.instructions [DEBUG]: Evaluating MSTORE at 51
mythril.laser.ethereum.instructions [DEBUG]: Evaluating PUSH1 at 52
mythril.laser.ethereum.instructions [DEBUG]: Evaluating SWAP1 at 53
mythril.laser.ethereum.instructions [DEBUG]: Evaluating SWAP2 at 54
mythril.laser.ethereum.instructions [DEBUG]: Evaluating SHA3 at 55
mythril.laser.ethereum.instructions [DEBUG]: Evaluating DUP1 at 56
mythril.laser.ethereum.instructions [DEBUG]: Evaluating SLOAD at 57
mythril.laser.ethereum.instructions [DEBUG]: Evaluating SWAP2 at 58
mythril.laser.ethereum.instructions [DEBUG]: Evaluating SWAP1 at 59
mythril.laser.ethereum.instructions [DEBUG]: Evaluating SWAP2 at 60
mythril.analysis.module.base [DEBUG]: Entering analysis module: IntegerArithmetics
mythril.analysis.module.base [DEBUG]: Exiting analysis module: IntegerArithmetics
mythril.laser.ethereum.instructions [DEBUG]: Evaluating SUB at 61
mythril.laser.ethereum.instructions [DEBUG]: Evaluating SWAP1 at 62
mythril.analysis.module.base [DEBUG]: Entering analysis module: ArbitraryStorage
mythril.analysis.module.base [DEBUG]: Exiting analysis module: ArbitraryStorage
mythril.analysis.module.base [DEBUG]: Entering analysis module: IntegerArithmetics
mythril.analysis.module.base [DEBUG]: Exiting analysis module: IntegerArithmetics
mythril.analysis.module.base [DEBUG]: Entering analysis module: StateChangeAfterCall
mythril.analysis.module.base [DEBUG]: Exiting analysis module: StateChangeAfterCall
mythril.laser.ethereum.instructions [DEBUG]: Evaluating SSTORE at 63
mythril.laser.ethereum.instructions [DEBUG]: Evaluating JUMP at 64
mythril.laser.ethereum.instructions [DEBUG]: Evaluating JUMPDEST at 41
mythril.analysis.module.base [DEBUG]: Entering analysis module: IntegerArithmetics
mythril.analysis.module.base [DEBUG]: Exiting analysis module: IntegerArithmetics
mythril.analysis.module.base [DEBUG]: Entering analysis module: UncheckedRetval
mythril.analysis.module.base [DEBUG]: Exiting analysis module: UncheckedRetval
mythril.laser.ethereum.instructions [DEBUG]: Evaluating STOP at 42
mythril.laser.ethereum.svm [DEBUG]: Ending transaction MessageCallTransaction 2 from sender_2 to                                        0x0.
mythril.laser.plugin.plugins.coverage.coverage_plugin [INFO]: Number of new instructions covered in tx 1: 0
mythril.laser.ethereum.svm [INFO]: Finished symbolic execution
mythril.laser.plugin.plugins.coverage.coverage_plugin [INFO]: Achieved 98.48% coverage for code: 608060405260043610603e5763ffffffff7c0100000000000000000000000000000000000000000000000000000000600035041663a5843f0881146043575b600080fd5b348015604e57600080fd5b50605b600435602435605d565b005b60009182526020829052604090912080549190910390555600a165627a7a723058208d437260923592857d9ded75edd94e08f40581723caa01835890a15802cdd3bc0029
mythril.laser.plugin.plugins.instruction_profiler [INFO]: Total: 0.3071415424346924 s
[AND         ]   0.3644 %,  nr      2,  total   0.0011 s,  avg   0.0006 s,  min   0.0005 s,  max   0.0006 s
[CALLDATALOAD]  25.0015 %,  nr      6,  total   0.0768 s,  avg   0.0128 s,  min   0.0122 s,  max   0.0136 s
[CALLDATASIZE]   0.3060 %,  nr      2,  total   0.0009 s,  avg   0.0005 s,  min   0.0005 s,  max   0.0005 s
[CALLVALUE   ]   0.3486 %,  nr      2,  total   0.0011 s,  avg   0.0005 s,  min   0.0005 s,  max   0.0006 s
[DIV         ]   0.5967 %,  nr      2,  total   0.0018 s,  avg   0.0009 s,  min   0.0008 s,  max   0.0010 s
[DUP1        ]   1.6714 %,  nr      9,  total   0.0051 s,  avg   0.0006 s,  min   0.0005 s,  max   0.0007 s
[DUP2        ]   0.3239 %,  nr      2,  total   0.0010 s,  avg   0.0005 s,  min   0.0005 s,  max   0.0005 s
[DUP3        ]   0.6257 %,  nr      4,  total   0.0019 s,  avg   0.0005 s,  min   0.0005 s,  max   0.0005 s
[EQ          ]   0.4173 %,  nr      2,  total   0.0013 s,  avg   0.0006 s,  min   0.0005 s,  max   0.0008 s
[ISZERO      ]   0.4516 %,  nr      2,  total   0.0014 s,  avg   0.0007 s,  min   0.0007 s,  max   0.0007 s
[JUMP        ]   1.3209 %,  nr      4,  total   0.0041 s,  avg   0.0010 s,  min   0.0009 s,  max   0.0011 s
[JUMPDEST    ]   2.0098 %,  nr     11,  total   0.0062 s,  avg   0.0006 s,  min   0.0005 s,  max   0.0009 s
[JUMPI       ]   3.5125 %,  nr      6,  total   0.0108 s,  avg   0.0018 s,  min   0.0015 s,  max   0.0023 s
[LT          ]   0.3766 %,  nr      2,  total   0.0012 s,  avg   0.0006 s,  min   0.0005 s,  max   0.0006 s
[MSTORE      ]  29.4761 %,  nr      6,  total   0.0905 s,  avg   0.0151 s,  min   0.0099 s,  max   0.0184 s
[POP         ]   0.3457 %,  nr      2,  total   0.0011 s,  avg   0.0005 s,  min   0.0005 s,  max   0.0006 s
[PUSH1       ]   6.6216 %,  nr     33,  total   0.0203 s,  avg   0.0006 s,  min   0.0005 s,  max   0.0018 s
[PUSH29      ]   0.3516 %,  nr      2,  total   0.0011 s,  avg   0.0005 s,  min   0.0005 s,  max   0.0006 s
[PUSH4       ]   0.9079 %,  nr      4,  total   0.0028 s,  avg   0.0007 s,  min   0.0005 s,  max   0.0010 s
[SHA3        ]  20.9626 %,  nr      2,  total   0.0644 s,  avg   0.0322 s,  min   0.0316 s,  max   0.0328 s
[SLOAD       ]   0.4640 %,  nr      2,  total   0.0014 s,  avg   0.0007 s,  min   0.0007 s,  max   0.0008 s
[SSTORE      ]   0.4272 %,  nr      2,  total   0.0013 s,  avg   0.0007 s,  min   0.0006 s,  max   0.0007 s
[SUB         ]   0.4666 %,  nr      2,  total   0.0014 s,  avg   0.0007 s,  min   0.0007 s,  max   0.0007 s
[SWAP1       ]   1.3270 %,  nr      8,  total   0.0041 s,  avg   0.0005 s,  min   0.0005 s,  max   0.0006 s
[SWAP2       ]   1.3229 %,  nr      8,  total   0.0041 s,  avg   0.0005 s,  min   0.0005 s,  max   0.0006 s

mythril.analysis.security [INFO]: Starting analysis
mythril.analysis.security [DEBUG]: Retrieving results for Caller can write to arbitrary storage locations
mythril.analysis.security [DEBUG]: Retrieving results for Delegatecall to a user-specified address
mythril.analysis.security [DEBUG]: Retrieving results for Control flow depends on tx.origin
mythril.analysis.security [DEBUG]: Retrieving results for Any sender can withdraw ETH from the contract account
mythril.analysis.security [DEBUG]: Retrieving results for Integer overflow or underflow
mythril.analysis.security [DEBUG]: Retrieving results for State change after an external call
mythril.analysis.security [DEBUG]: Retrieving results for Contract can be accidentally killed by anyone
mythril.analysis.security [DEBUG]: Retrieving results for Return value of an external call is not checked
mythril.mythril.mythril_analyzer [INFO]: Solver statistics: 
Query count: 22 
Solver time: 1.1257960796356201
{"error": null, "issues": [{"address": 114, "contract": "MAIN", "description": "The arithmetic operator can underflow.\nIt is possible to cause an integer overflow or underflow in the arithmetic operation. ", "function": "fallback", "max_gas_used": 26320, "min_gas_used": 6035, "severity": "High", "sourceMap": 114, "swc-id": "101", "title": "Integer Arithmetic Bugs (subtraction)", "tx_sequence": {"initialState": {"accounts": {"0x0": {"balance": "0x0", "code": "608060405260043610603e5763ffffffff7c0100000000000000000000000000000000000000000000000000000000600035041663a5843f0881146043575b600080fd5b348015604e57600080fd5b50605b600435602435605d565b005b60009182526020829052604090912080549190910390555600a165627a7a723058208d437260923592857d9ded75edd94e08f40581723caa01835890a15802cdd3bc0029", "nonce": 0, "storage": "{}"}, "0xdeadbeefdeadbeefdeadbeefdeadbeefdeadbeef": {"balance": "0x0", "code": "", "nonce": 0, "storage": "{}"}}}, "steps": [{"address": "0x0", "calldata": "0xa5843f08000000000002010000000000000000000000000001020000020200008004001001", "input": "0xa5843f08000000000002010000000000000000000000000001020000020200008004001001", "name": "init(uint256,uint256)", "origin": "0xaffeaffeaffeaffeaffeaffeaffeaffeaffeaffe", "value": "0x0"}]}}], "success": true}
