mythril.mythril.mythril_config [INFO]: Creating mythril data directory 
mythril.mythril.mythril_config [INFO]: No config file found. Creating default: /root/.mythril/config.ini 
mythril.mythril.mythril_config [INFO]: Infura key not provided, so onchain access is disabled. Use --infura-id <INFURA_ID> or set it in the environment variable INFURA_ID or in the ~/.mythril/config.ini file 
mythril.support.signatures [INFO]: Using signature database at /root/.mythril/signatures.db
mythril.laser.ethereum.svm [INFO]: LASER EVM initialized with dynamic loader: <mythril.support.loader.DynLoader object at 0x75ff84f62610>
mythril.laser.ethereum.strategy.extensions.bounded_loops [INFO]: Loaded search strategy extension: Loop bounds (limit = 3)
mythril.laser.plugin.loader [INFO]: Loading laser plugin: coverage
mythril.laser.plugin.loader [INFO]: Loading laser plugin: mutation-pruner
mythril.laser.plugin.loader [INFO]: Loading laser plugin: call-depth-limit
mythril.laser.plugin.loader [INFO]: Loading laser plugin: instruction-profiler
mythril.laser.plugin.loader [INFO]: Loading laser plugin: dependency-pruner
mythril.laser.plugin.loader [INFO]: Instrumenting symbolic vm with plugin: coverage
mythril.laser.plugin.loader [INFO]: Instrumenting symbolic vm with plugin: mutation-pruner
mythril.laser.plugin.loader [INFO]: Instrumenting symbolic vm with plugin: call-depth-limit
mythril.laser.plugin.loader [INFO]: Instrumenting symbolic vm with plugin: instruction-profiler
mythril.laser.plugin.loader [INFO]: Instrumenting symbolic vm with plugin: dependency-pruner
mythril.laser.ethereum.svm [DEBUG]: Starting LASER execution
mythril.laser.ethereum.svm [INFO]: Starting message call transaction to 0
mythril.laser.ethereum.svm [INFO]: Starting message call transaction, iteration: 0, 1 initial states
mythril.laser.ethereum.instructions [DEBUG]: Evaluating PUSH1 at 0
mythril.laser.ethereum.instructions [DEBUG]: Evaluating PUSH1 at 1
mythril.laser.ethereum.instructions [DEBUG]: Evaluating MSTORE at 2
mythril.laser.ethereum.instructions [DEBUG]: Evaluating PUSH1 at 3
mythril.laser.ethereum.instructions [DEBUG]: Evaluating CALLDATASIZE at 4
mythril.laser.ethereum.instructions [DEBUG]: Evaluating LT at 5
mythril.laser.ethereum.instructions [DEBUG]: Evaluating PUSH1 at 6
mythril.analysis.module.base [DEBUG]: Entering analysis module: TxOrigin
mythril.analysis.module.base [DEBUG]: Exiting analysis module: TxOrigin
mythril.analysis.module.base [DEBUG]: Entering analysis module: IntegerArithmetics
mythril.analysis.module.base [DEBUG]: Exiting analysis module: IntegerArithmetics
mythril.laser.ethereum.instructions [DEBUG]: Evaluating JUMPI at 7
mythril.laser.ethereum.instructions [DEBUG]: Evaluating PUSH4 at 8
mythril.laser.ethereum.instructions [DEBUG]: Evaluating JUMPDEST at 19
mythril.laser.ethereum.instructions [DEBUG]: Evaluating PUSH29 at 9
mythril.laser.ethereum.instructions [DEBUG]: Evaluating PUSH1 at 20
mythril.laser.ethereum.instructions [DEBUG]: Evaluating PUSH1 at 10
mythril.laser.ethereum.instructions [DEBUG]: Evaluating DUP1 at 21
mythril.laser.ethereum.instructions [DEBUG]: Evaluating CALLDATALOAD at 11
mythril.laser.ethereum.instructions [DEBUG]: Evaluating REVERT at 22
mythril.laser.ethereum.svm [DEBUG]: Ending transaction MessageCallTransaction 1 from sender_1 to                                        0x0.
mythril.laser.ethereum.instructions [DEBUG]: Evaluating DIV at 12
mythril.laser.ethereum.instructions [DEBUG]: Evaluating AND at 13
mythril.laser.ethereum.instructions [DEBUG]: Evaluating PUSH4 at 14
mythril.laser.ethereum.instructions [DEBUG]: Evaluating DUP2 at 15
mythril.laser.ethereum.instructions [DEBUG]: Evaluating EQ at 16
mythril.laser.ethereum.instructions [DEBUG]: Evaluating PUSH1 at 17
mythril.analysis.module.base [DEBUG]: Entering analysis module: TxOrigin
mythril.analysis.module.base [DEBUG]: Exiting analysis module: TxOrigin
mythril.analysis.module.base [DEBUG]: Entering analysis module: IntegerArithmetics
mythril.analysis.module.base [DEBUG]: Exiting analysis module: IntegerArithmetics
mythril.laser.ethereum.instructions [DEBUG]: Evaluating JUMPI at 18
mythril.laser.ethereum.instructions [DEBUG]: Evaluating JUMPDEST at 19
mythril.laser.ethereum.instructions [DEBUG]: Evaluating JUMPDEST at 23
mythril.laser.ethereum.instructions [DEBUG]: Evaluating PUSH1 at 20
mythril.laser.ethereum.instructions [DEBUG]: Evaluating CALLVALUE at 24
mythril.laser.ethereum.instructions [DEBUG]: Evaluating DUP1 at 21
mythril.laser.ethereum.instructions [DEBUG]: Evaluating DUP1 at 25
mythril.laser.ethereum.instructions [DEBUG]: Evaluating REVERT at 22
mythril.laser.ethereum.svm [DEBUG]: Ending transaction MessageCallTransaction 1 from sender_1 to                                        0x0.
mythril.laser.ethereum.instructions [DEBUG]: Evaluating ISZERO at 26
mythril.laser.ethereum.instructions [DEBUG]: Evaluating PUSH1 at 27
mythril.analysis.module.base [DEBUG]: Entering analysis module: TxOrigin
mythril.analysis.module.base [DEBUG]: Exiting analysis module: TxOrigin
mythril.analysis.module.base [DEBUG]: Entering analysis module: IntegerArithmetics
mythril.analysis.module.base [DEBUG]: Exiting analysis module: IntegerArithmetics
mythril.laser.ethereum.instructions [DEBUG]: Evaluating JUMPI at 28
mythril.laser.ethereum.instructions [DEBUG]: Evaluating PUSH1 at 29
mythril.laser.ethereum.instructions [DEBUG]: Evaluating JUMPDEST at 32
mythril.laser.ethereum.instructions [DEBUG]: Evaluating DUP1 at 30
mythril.laser.ethereum.instructions [DEBUG]: Evaluating POP at 33
mythril.laser.ethereum.instructions [DEBUG]: Evaluating REVERT at 31
mythril.laser.ethereum.svm [DEBUG]: Ending transaction MessageCallTransaction 1 from sender_1 to                                        0x0.
mythril.laser.ethereum.instructions [DEBUG]: Evaluating PUSH1 at 34
mythril.laser.ethereum.instructions [DEBUG]: Evaluating PUSH1 at 35
mythril.laser.ethereum.instructions [DEBUG]: Evaluating CALLDATALOAD at 36
mythril.laser.ethereum.instructions [DEBUG]: Evaluating PUSH1 at 37
mythril.laser.ethereum.instructions [DEBUG]: Evaluating CALLDATALOAD at 38
mythril.laser.ethereum.instructions [DEBUG]: Evaluating PUSH1 at 39
mythril.laser.ethereum.instructions [DEBUG]: Evaluating JUMP at 40
mythril.laser.ethereum.instructions [DEBUG]: Evaluating JUMPDEST at 43
mythril.laser.ethereum.instructions [DEBUG]: Evaluating PUSH1 at 44
mythril.laser.ethereum.instructions [DEBUG]: Evaluating SWAP2 at 45
mythril.laser.ethereum.instructions [DEBUG]: Evaluating DUP3 at 46
mythril.laser.ethereum.instructions [DEBUG]: Evaluating MSTORE at 47
mythril.laser.ethereum.instructions [DEBUG]: Evaluating PUSH1 at 48
mythril.laser.ethereum.instructions [DEBUG]: Evaluating DUP3 at 49
mythril.laser.ethereum.instructions [DEBUG]: Evaluating SWAP1 at 50
mythril.laser.ethereum.instructions [DEBUG]: Evaluating MSTORE at 51
mythril.laser.ethereum.instructions [DEBUG]: Evaluating PUSH1 at 52
mythril.laser.ethereum.instructions [DEBUG]: Evaluating SWAP1 at 53
mythril.laser.ethereum.instructions [DEBUG]: Evaluating SWAP2 at 54
mythril.laser.ethereum.instructions [DEBUG]: Evaluating SHA3 at 55
mythril.laser.ethereum.instructions [DEBUG]: Evaluating DUP1 at 56
mythril.laser.ethereum.instructions [DEBUG]: Evaluating SLOAD at 57
mythril.laser.ethereum.instructions [DEBUG]: Evaluating SWAP2 at 58
mythril.laser.ethereum.instructions [DEBUG]: Evaluating SWAP1 at 59
mythril.laser.ethereum.instructions [DEBUG]: Evaluating SWAP2 at 60
mythril.laser.ethereum.instructions [DEBUG]: Evaluating PUSH2 at 61
mythril.laser.ethereum.instructions [DEBUG]: Evaluating PUSH2 at 62
mythril.laser.ethereum.instructions [DEBUG]: Evaluating JUMP at 63
mythril.laser.ethereum.instructions [DEBUG]: Evaluating JUMPDEST at 70
mythril.laser.ethereum.instructions [DEBUG]: Evaluating DUP3 at 71
mythril.laser.ethereum.instructions [DEBUG]: Evaluating DUP3 at 72
mythril.laser.ethereum.instructions [DEBUG]: Evaluating LT at 73
mythril.laser.ethereum.instructions [DEBUG]: Evaluating ISZERO at 74
mythril.laser.ethereum.instructions [DEBUG]: Evaluating SWAP1 at 75
mythril.analysis.module.base [DEBUG]: Entering analysis module: TxOrigin
mythril.analysis.module.base [DEBUG]: Exiting analysis module: TxOrigin
mythril.analysis.module.base [DEBUG]: Entering analysis module: IntegerArithmetics
mythril.analysis.module.base [DEBUG]: Exiting analysis module: IntegerArithmetics
mythril.laser.ethereum.instructions [DEBUG]: Evaluating JUMPI at 76
mythril.laser.ethereum.instructions [DEBUG]: Evaluating PUSH1 at 77
mythril.laser.ethereum.instructions [DEBUG]: Evaluating JUMPDEST at 64
mythril.laser.ethereum.instructions [DEBUG]: Evaluating DUP1 at 78
mythril.analysis.module.base [DEBUG]: Entering analysis module: IntegerArithmetics
mythril.analysis.module.base [DEBUG]: Exiting analysis module: IntegerArithmetics
mythril.laser.ethereum.instructions [DEBUG]: Evaluating SUB at 65
mythril.laser.ethereum.instructions [DEBUG]: Evaluating REVERT at 79
mythril.laser.ethereum.svm [DEBUG]: Ending transaction MessageCallTransaction 1 from sender_1 to                                        0x0.
mythril.laser.ethereum.instructions [DEBUG]: Evaluating SWAP1 at 66
mythril.analysis.module.base [DEBUG]: Entering analysis module: ArbitraryStorage
mythril.analysis.module.base [DEBUG]: Exiting analysis module: ArbitraryStorage
mythril.analysis.module.base [DEBUG]: Entering analysis module: IntegerArithmetics
mythril.analysis.module.base [DEBUG]: Exiting analysis module: IntegerArithmetics
mythril.analysis.module.base [DEBUG]: Entering analysis module: StateChangeAfterCall
mythril.analysis.module.base [DEBUG]: Exiting analysis module: StateChangeAfterCall
mythril.laser.ethereum.instructions [DEBUG]: Evaluating SSTORE at 67
mythril.laser.ethereum.instructions [DEBUG]: Evaluating JUMP at 68
mythril.laser.ethereum.instructions [DEBUG]: Evaluating JUMPDEST at 41
mythril.analysis.module.base [DEBUG]: Entering analysis module: IntegerArithmetics
mythril.analysis.module.base [DEBUG]: Exiting analysis module: IntegerArithmetics
mythril.analysis.module.base [DEBUG]: Entering analysis module: UncheckedRetval
mythril.analysis.module.base [DEBUG]: Exiting analysis module: UncheckedRetval
mythril.laser.ethereum.instructions [DEBUG]: Evaluating STOP at 42
mythril.laser.ethereum.svm [DEBUG]: Ending transaction MessageCallTransaction 1 from sender_1 to                                        0x0.
mythril.laser.plugin.plugins.coverage.coverage_plugin [INFO]: Number of new instructions covered in tx 0: 79
mythril.laser.ethereum.svm [INFO]: Starting message call transaction, iteration: 1, 1 initial states
mythril.laser.ethereum.instructions [DEBUG]: Evaluating PUSH1 at 0
mythril.laser.ethereum.instructions [DEBUG]: Evaluating PUSH1 at 1
mythril.laser.ethereum.instructions [DEBUG]: Evaluating MSTORE at 2
mythril.laser.ethereum.instructions [DEBUG]: Evaluating PUSH1 at 3
mythril.laser.ethereum.instructions [DEBUG]: Evaluating CALLDATASIZE at 4
mythril.laser.ethereum.instructions [DEBUG]: Evaluating LT at 5
mythril.laser.ethereum.instructions [DEBUG]: Evaluating PUSH1 at 6
mythril.analysis.module.base [DEBUG]: Entering analysis module: TxOrigin
mythril.analysis.module.base [DEBUG]: Exiting analysis module: TxOrigin
mythril.analysis.module.base [DEBUG]: Entering analysis module: IntegerArithmetics
mythril.analysis.module.base [DEBUG]: Exiting analysis module: IntegerArithmetics
mythril.laser.ethereum.instructions [DEBUG]: Evaluating JUMPI at 7
mythril.laser.ethereum.instructions [DEBUG]: Evaluating PUSH4 at 8
mythril.laser.ethereum.instructions [DEBUG]: Evaluating JUMPDEST at 19
mythril.laser.ethereum.instructions [DEBUG]: Evaluating PUSH29 at 9
mythril.laser.ethereum.instructions [DEBUG]: Evaluating PUSH1 at 20
mythril.laser.ethereum.instructions [DEBUG]: Evaluating PUSH1 at 10
mythril.laser.ethereum.instructions [DEBUG]: Evaluating DUP1 at 21
mythril.laser.ethereum.instructions [DEBUG]: Evaluating CALLDATALOAD at 11
mythril.laser.ethereum.instructions [DEBUG]: Evaluating REVERT at 22
mythril.laser.ethereum.svm [DEBUG]: Ending transaction MessageCallTransaction 2 from sender_2 to                                        0x0.
mythril.laser.ethereum.instructions [DEBUG]: Evaluating DIV at 12
mythril.laser.ethereum.instructions [DEBUG]: Evaluating AND at 13
mythril.laser.ethereum.instructions [DEBUG]: Evaluating PUSH4 at 14
mythril.laser.ethereum.instructions [DEBUG]: Evaluating DUP2 at 15
mythril.laser.ethereum.instructions [DEBUG]: Evaluating EQ at 16
mythril.laser.ethereum.instructions [DEBUG]: Evaluating PUSH1 at 17
mythril.analysis.module.base [DEBUG]: Entering analysis module: TxOrigin
mythril.analysis.module.base [DEBUG]: Exiting analysis module: TxOrigin
mythril.analysis.module.base [DEBUG]: Entering analysis module: IntegerArithmetics
mythril.analysis.module.base [DEBUG]: Exiting analysis module: IntegerArithmetics
mythril.laser.ethereum.instructions [DEBUG]: Evaluating JUMPI at 18
mythril.laser.plugin.plugins.dependency_pruner [DEBUG]: Skipping state: Storage slots {keccak256_512(Concat(If(1_calldatasize <= 4,
                        0,
                        1_calldata[4]),
                     If(1_calldatasize <= 5,
                        0,
                        1_calldata[5]),
                     If(1_calldatasize <= 6,
                        0,
                        1_calldata[6]),
                     If(1_calldatasize <= 7,
                        0,
                        1_calldata[7]),
                     If(1_calldatasize <= 8,
                        0,
                        1_calldata[8]),
                     If(1_calldatasize <= 9,
                        0,
                        1_calldata[9]),
                     If(1_calldatasize <= 10,
                        0,
                        1_calldata[10]),
                     If(1_calldatasize <= 11,
                        0,
                        1_calldata[11]),
                     If(1_calldatasize <= 12,
                        0,
                        1_calldata[12]),
                     If(1_calldatasize <= 13,
                        0,
                        1_calldata[13]),
                     If(1_calldatasize <= 14,
                        0,
                        1_calldata[14]),
                     If(1_calldatasize <= 15,
                        0,
                        1_calldata[15]),
                     If(1_calldatasize <= 16,
                        0,
                        1_calldata[16]),
                     If(1_calldatasize <= 17,
                        0,
                        1_calldata[17]),
                     If(1_calldatasize <= 18,
                        0,
                        1_calldata[18]),
                     If(1_calldatasize <= 19,
                        0,
                        1_calldata[19]),
                     If(1_calldatasize <= 20,
                        0,
                        1_calldata[20]),
                     If(1_calldatasize <= 21,
                        0,
                        1_calldata[21]),
                     If(1_calldatasize <= 22,
                        0,
                        1_calldata[22]),
                     If(1_calldatasize <= 23,
                        0,
                        1_calldata[23]),
                     If(1_calldatasize <= 24,
                        0,
                        1_calldata[24]),
                     If(1_calldatasize <= 25,
                        0,
                        1_calldata[25]),
                     If(1_calldatasize <= 26,
                        0,
                        1_calldata[26]),
                     If(1_calldatasize <= 27,
                        0,
                        1_calldata[27]),
                     If(1_calldatasize <= 28,
                        0,
                        1_calldata[28]),
                     If(1_calldatasize <= 29,
                        0,
                        1_calldata[29]),
                     If(1_calldatasize <= 30,
                        0,
                        1_calldata[30]),
                     If(1_calldatasize <= 31,
                        0,
                        1_calldata[31]),
                     If(1_calldatasize <= 32,
                        0,
                        1_calldata[32]),
                     If(1_calldatasize <= 33,
                        0,
                        1_calldata[33]),
                     If(1_calldatasize <= 34,
                        0,
                        1_calldata[34]),
                     If(1_calldatasize <= 35,
                        0,
                        1_calldata[35]),
                     0))} not read in block at address 62, function
mythril.laser.ethereum.instructions [DEBUG]: Evaluating JUMPDEST at 23
mythril.laser.ethereum.instructions [DEBUG]: Evaluating CALLVALUE at 24
mythril.laser.ethereum.instructions [DEBUG]: Evaluating DUP1 at 25
mythril.laser.ethereum.instructions [DEBUG]: Evaluating ISZERO at 26
mythril.laser.ethereum.instructions [DEBUG]: Evaluating PUSH1 at 27
mythril.analysis.module.base [DEBUG]: Entering analysis module: TxOrigin
mythril.analysis.module.base [DEBUG]: Exiting analysis module: TxOrigin
mythril.analysis.module.base [DEBUG]: Entering analysis module: IntegerArithmetics
mythril.analysis.module.base [DEBUG]: Exiting analysis module: IntegerArithmetics
mythril.laser.ethereum.instructions [DEBUG]: Evaluating JUMPI at 28
mythril.laser.ethereum.instructions [DEBUG]: Evaluating PUSH1 at 29
mythril.laser.ethereum.instructions [DEBUG]: Evaluating JUMPDEST at 32
mythril.laser.ethereum.instructions [DEBUG]: Evaluating DUP1 at 30
mythril.laser.ethereum.instructions [DEBUG]: Evaluating POP at 33
mythril.laser.ethereum.instructions [DEBUG]: Evaluating REVERT at 31
mythril.laser.ethereum.svm [DEBUG]: Ending transaction MessageCallTransaction 2 from sender_2 to                                        0x0.
mythril.laser.ethereum.instructions [DEBUG]: Evaluating PUSH1 at 34
mythril.laser.ethereum.instructions [DEBUG]: Evaluating PUSH1 at 35
mythril.laser.ethereum.instructions [DEBUG]: Evaluating CALLDATALOAD at 36
mythril.laser.ethereum.instructions [DEBUG]: Evaluating PUSH1 at 37
mythril.laser.ethereum.instructions [DEBUG]: Evaluating CALLDATALOAD at 38
mythril.laser.ethereum.instructions [DEBUG]: Evaluating PUSH1 at 39
mythril.laser.ethereum.instructions [DEBUG]: Evaluating JUMP at 40
mythril.laser.ethereum.instructions [DEBUG]: Evaluating JUMPDEST at 43
mythril.laser.ethereum.instructions [DEBUG]: Evaluating PUSH1 at 44
mythril.laser.ethereum.instructions [DEBUG]: Evaluating SWAP2 at 45
mythril.laser.ethereum.instructions [DEBUG]: Evaluating DUP3 at 46
mythril.laser.ethereum.instructions [DEBUG]: Evaluating MSTORE at 47
mythril.laser.ethereum.instructions [DEBUG]: Evaluating PUSH1 at 48
mythril.laser.ethereum.instructions [DEBUG]: Evaluating DUP3 at 49
mythril.laser.ethereum.instructions [DEBUG]: Evaluating SWAP1 at 50
mythril.laser.ethereum.instructions [DEBUG]: Evaluating MSTORE at 51
mythril.laser.ethereum.instructions [DEBUG]: Evaluating PUSH1 at 52
mythril.laser.ethereum.instructions [DEBUG]: Evaluating SWAP1 at 53
mythril.laser.ethereum.instructions [DEBUG]: Evaluating SWAP2 at 54
mythril.laser.ethereum.instructions [DEBUG]: Evaluating SHA3 at 55
mythril.laser.ethereum.instructions [DEBUG]: Evaluating DUP1 at 56
mythril.laser.ethereum.instructions [DEBUG]: Evaluating SLOAD at 57
mythril.laser.ethereum.instructions [DEBUG]: Evaluating SWAP2 at 58
mythril.laser.ethereum.instructions [DEBUG]: Evaluating SWAP1 at 59
mythril.laser.ethereum.instructions [DEBUG]: Evaluating SWAP2 at 60
mythril.laser.ethereum.instructions [DEBUG]: Evaluating PUSH2 at 61
mythril.laser.ethereum.instructions [DEBUG]: Evaluating PUSH2 at 62
mythril.laser.ethereum.instructions [DEBUG]: Evaluating JUMP at 63
mythril.laser.ethereum.instructions [DEBUG]: Evaluating JUMPDEST at 70
mythril.laser.ethereum.instructions [DEBUG]: Evaluating DUP3 at 71
mythril.laser.ethereum.instructions [DEBUG]: Evaluating DUP3 at 72
mythril.laser.ethereum.instructions [DEBUG]: Evaluating LT at 73
mythril.laser.ethereum.instructions [DEBUG]: Evaluating ISZERO at 74
mythril.laser.ethereum.instructions [DEBUG]: Evaluating SWAP1 at 75
mythril.analysis.module.base [DEBUG]: Entering analysis module: TxOrigin
mythril.analysis.module.base [DEBUG]: Exiting analysis module: TxOrigin
mythril.analysis.module.base [DEBUG]: Entering analysis module: IntegerArithmetics
mythril.analysis.module.base [DEBUG]: Exiting analysis module: IntegerArithmetics
mythril.laser.ethereum.instructions [DEBUG]: Evaluating JUMPI at 76
mythril.laser.ethereum.instructions [DEBUG]: Evaluating PUSH1 at 77
mythril.laser.ethereum.instructions [DEBUG]: Evaluating JUMPDEST at 64
mythril.laser.ethereum.instructions [DEBUG]: Evaluating DUP1 at 78
mythril.analysis.module.base [DEBUG]: Entering analysis module: IntegerArithmetics
mythril.analysis.module.base [DEBUG]: Exiting analysis module: IntegerArithmetics
mythril.laser.ethereum.instructions [DEBUG]: Evaluating SUB at 65
mythril.laser.ethereum.instructions [DEBUG]: Evaluating REVERT at 79
mythril.laser.ethereum.svm [DEBUG]: Ending transaction MessageCallTransaction 2 from sender_2 to                                        0x0.
mythril.laser.ethereum.instructions [DEBUG]: Evaluating SWAP1 at 66
mythril.analysis.module.base [DEBUG]: Entering analysis module: ArbitraryStorage
mythril.analysis.module.base [DEBUG]: Exiting analysis module: ArbitraryStorage
mythril.analysis.module.base [DEBUG]: Entering analysis module: IntegerArithmetics
mythril.analysis.module.base [DEBUG]: Exiting analysis module: IntegerArithmetics
mythril.analysis.module.base [DEBUG]: Entering analysis module: StateChangeAfterCall
mythril.analysis.module.base [DEBUG]: Exiting analysis module: StateChangeAfterCall
mythril.laser.ethereum.instructions [DEBUG]: Evaluating SSTORE at 67
mythril.laser.ethereum.instructions [DEBUG]: Evaluating JUMP at 68
mythril.laser.ethereum.instructions [DEBUG]: Evaluating JUMPDEST at 41
mythril.analysis.module.base [DEBUG]: Entering analysis module: IntegerArithmetics
mythril.analysis.module.base [DEBUG]: Exiting analysis module: IntegerArithmetics
mythril.analysis.module.base [DEBUG]: Entering analysis module: UncheckedRetval
mythril.analysis.module.base [DEBUG]: Exiting analysis module: UncheckedRetval
mythril.laser.ethereum.instructions [DEBUG]: Evaluating STOP at 42
mythril.laser.ethereum.svm [DEBUG]: Ending transaction MessageCallTransaction 2 from sender_2 to                                        0x0.
mythril.laser.plugin.plugins.coverage.coverage_plugin [INFO]: Number of new instructions covered in tx 1: 0
mythril.laser.ethereum.svm [INFO]: Finished symbolic execution
mythril.laser.plugin.plugins.coverage.coverage_plugin [INFO]: Achieved 98.75% coverage for code: 608060405260043610603e5763ffffffff7c0100000000000000000000000000000000000000000000000000000000600035041663a5843f0881146043575b600080fd5b348015604e57600080fd5b50605b600435602435605d565b005b600091825260208290526040909120805491909161007961007f565b03905556005b828210159057600080fd
mythril.laser.plugin.plugins.instruction_profiler [INFO]: Total: 0.187591552734375 s
[AND         ]   0.3076 %,  nr      2,  total   0.0006 s,  avg   0.0003 s,  min   0.0003 s,  max   0.0003 s
[CALLDATALOAD]  20.8987 %,  nr      6,  total   0.0392 s,  avg   0.0065 s,  min   0.0061 s,  max   0.0071 s
[CALLDATASIZE]   0.4573 %,  nr      2,  total   0.0009 s,  avg   0.0004 s,  min   0.0003 s,  max   0.0006 s
[CALLVALUE   ]   0.3310 %,  nr      2,  total   0.0006 s,  avg   0.0003 s,  min   0.0003 s,  max   0.0003 s
[DIV         ]   0.5273 %,  nr      2,  total   0.0010 s,  avg   0.0005 s,  min   0.0005 s,  max   0.0005 s
[DUP1        ]   2.3983 %,  nr     11,  total   0.0045 s,  avg   0.0004 s,  min   0.0002 s,  max   0.0010 s
[DUP2        ]   0.3119 %,  nr      2,  total   0.0006 s,  avg   0.0003 s,  min   0.0003 s,  max   0.0003 s
[DUP3        ]   1.1013 %,  nr      8,  total   0.0021 s,  avg   0.0003 s,  min   0.0002 s,  max   0.0003 s
[EQ          ]   0.3001 %,  nr      2,  total   0.0006 s,  avg   0.0003 s,  min   0.0003 s,  max   0.0003 s
[ISZERO      ]   0.8796 %,  nr      4,  total   0.0017 s,  avg   0.0004 s,  min   0.0003 s,  max   0.0005 s
[JUMP        ]   1.7362 %,  nr      6,  total   0.0033 s,  avg   0.0005 s,  min   0.0005 s,  max   0.0006 s
[JUMPDEST    ]   2.9528 %,  nr     15,  total   0.0055 s,  avg   0.0004 s,  min   0.0002 s,  max   0.0007 s
[JUMPI       ]   4.4768 %,  nr      8,  total   0.0084 s,  avg   0.0010 s,  min   0.0008 s,  max   0.0015 s
[LT          ]   0.8711 %,  nr      4,  total   0.0016 s,  avg   0.0004 s,  min   0.0003 s,  max   0.0005 s
[MSTORE      ]  29.5970 %,  nr      6,  total   0.0555 s,  avg   0.0093 s,  min   0.0050 s,  max   0.0180 s
[POP         ]   0.2879 %,  nr      2,  total   0.0005 s,  avg   0.0003 s,  min   0.0003 s,  max   0.0003 s
[PUSH1       ]   8.4982 %,  nr     35,  total   0.0159 s,  avg   0.0005 s,  min   0.0002 s,  max   0.0009 s
[PUSH2       ]   0.5719 %,  nr      4,  total   0.0011 s,  avg   0.0003 s,  min   0.0002 s,  max   0.0003 s
[PUSH29      ]   0.3955 %,  nr      2,  total   0.0007 s,  avg   0.0004 s,  min   0.0003 s,  max   0.0005 s
[PUSH4       ]   1.1169 %,  nr      4,  total   0.0021 s,  avg   0.0005 s,  min   0.0003 s,  max   0.0008 s
[SHA3        ]  17.3082 %,  nr      2,  total   0.0325 s,  avg   0.0162 s,  min   0.0160 s,  max   0.0165 s
[SLOAD       ]   0.5490 %,  nr      2,  total   0.0010 s,  avg   0.0005 s,  min   0.0004 s,  max   0.0006 s
[SSTORE      ]   0.4920 %,  nr      2,  total   0.0009 s,  avg   0.0005 s,  min   0.0004 s,  max   0.0006 s
[SUB         ]   0.4852 %,  nr      2,  total   0.0009 s,  avg   0.0005 s,  min   0.0004 s,  max   0.0005 s
[SWAP1       ]   2.0315 %,  nr     10,  total   0.0038 s,  avg   0.0004 s,  min   0.0002 s,  max   0.0013 s
[SWAP2       ]   1.1168 %,  nr      8,  total   0.0021 s,  avg   0.0003 s,  min   0.0002 s,  max   0.0003 s

mythril.analysis.security [INFO]: Starting analysis
mythril.analysis.security [DEBUG]: Retrieving results for Caller can write to arbitrary storage locations
mythril.analysis.security [DEBUG]: Retrieving results for Delegatecall to a user-specified address
mythril.analysis.security [DEBUG]: Retrieving results for Control flow depends on tx.origin
mythril.analysis.security [DEBUG]: Retrieving results for Any sender can withdraw ETH from the contract account
mythril.analysis.security [DEBUG]: Retrieving results for Integer overflow or underflow
mythril.analysis.security [DEBUG]: Retrieving results for State change after an external call
mythril.analysis.security [DEBUG]: Retrieving results for Contract can be accidentally killed by anyone
mythril.analysis.security [DEBUG]: Retrieving results for Return value of an external call is not checked
mythril.mythril.mythril_analyzer [INFO]: Solver statistics: 
Query count: 26 
Solver time: 0.8950400352478027
{"error": null, "issues": [], "success": true}
