 ______     __         __  __     ______     __     __  __     __    __    
/\  ___\   /\ \       /\ \_\ \   /\  ___\   /\ \   /\ \/\ \   /\ "-./  \   
\ \  __\   \ \ \____  \ \____ \  \ \___  \  \ \ \  \ \ \_\ \  \ \ \-./\ \  
 \ \_____\  \ \_____\  \/\_____\  \/\_____\  \ \_\  \ \_____\  \ \_\ \ \_\ 
  \/_____/   \/_____/   \/_____/   \/_____/   \/_/   \/_____/   \/_/  \/_/ 
                                                                           
Compiling source code...
Retrieving bytecode for contract 'PredictTheBlockHashChallenge'.
Please wait. Scanning bytecode for bugs...
Running Osiris...
Finished running Osiris. Execution time 1.122265100479126 seconds. Code coverage 99.5%.
Running Oyente...
Finished running Oyente. Execution time 1.8752262592315674 seconds. Code coverage 90.4%.
Running Mythril...
Finished running Mythril. Execution time 13.98350715637207 seconds. Code coverage 99.49%.
Detected 1 bug(s):
--> Detected 'leaking ether' bug at program counter address 202 (0xca) using Mythril with a code coverage of 99.49%.
Exporting original control-flow graph...
Recovering control-flow graph...
Recovered 100% of the control-flow graph
Number of execution paths accessing storage: 4
Deployment bytecode size: 43 bytes (original: 39 bytes) 10.256410256410255% increase.
Runtime bytecode size: 343 bytes (original: 308 bytes) 11.363636363636363% increase.
Metadata: 0xa165627a7a7230582024e9a553f231738dda78dfeb1ad1005f6dbef50539425122cf2d439374303fc30029
Exporting patched control-flow graph...
