Getting Slither report...
Switched global version to 0.4.26



'solc --version' running
'solc ../smartbugs-curated/dataset/access_control/FibonacciBalance.sol --combined-json abi,ast,bin,bin-runtime,srcmap,srcmap-runtime,userdoc,devdoc,hashes,compact-format --allow-paths .,/home/mokita/sc_study/temp/smartbugs-curated/dataset/access_control' running
Compilation warnings/errors on ../smartbugs-curated/dataset/access_control/FibonacciBalance.sol:
../smartbugs-curated/dataset/access_control/FibonacciBalance.sol:9:1: Warning: Source file does not specify required compiler version!Consider adding "pragma solidity ^0.4.26;"
contract FibonacciBalance {
^ (Relevant source part starts here and spans across multiple lines).
../smartbugs-curated/dataset/access_control/FibonacciBalance.sol:18:37: Warning: "sha3" has been deprecated in favour of "keccak256"
    bytes4 constant fibSig = bytes4(sha3("setFibonacci(uint256)"));
                                    ^---------------------------^
../smartbugs-curated/dataset/access_control/FibonacciBalance.sol:25:5: Warning: No visibility specified. Defaulting to "public". 
    function withdraw() {
    ^ (Relevant source part starts here and spans across multiple lines).


FibonacciBalance.withdraw() (../smartbugs-curated/dataset/access_control/FibonacciBalance.sol#25-32) sends eth to arbitrary user
	Dangerous calls:
	- msg.sender.transfer(calculatedFibNumber * 1000000000000000000) (../smartbugs-curated/dataset/access_control/FibonacciBalance.sol#31)
Reference: https://github.com/crytic/slither/wiki/Detector-Documentation#functions-that-send-ether-to-arbitrary-destinations

FibonacciBalance.withdraw() (../smartbugs-curated/dataset/access_control/FibonacciBalance.sol#25-32) uses delegatecall to a input-controlled function id
	- require(bool)(fibonacciLibrary.delegatecall(fibSig,withdrawalCounter)) (../smartbugs-curated/dataset/access_control/FibonacciBalance.sol#30)
FibonacciBalance.fallback() (../smartbugs-curated/dataset/access_control/FibonacciBalance.sol#35-38) uses delegatecall to a input-controlled function id
	- require(bool)(fibonacciLibrary.delegatecall(msg.data)) (../smartbugs-curated/dataset/access_control/FibonacciBalance.sol#37)
Reference: https://github.com/crytic/slither/wiki/Detector-Documentation#controlled-delegatecall

FibonacciBalance.calculatedFibNumber (../smartbugs-curated/dataset/access_control/FibonacciBalance.sol#13) is never initialized. It is used in:
	- FibonacciBalance.withdraw() (../smartbugs-curated/dataset/access_control/FibonacciBalance.sol#25-32)
Reference: https://github.com/crytic/slither/wiki/Detector-Documentation#uninitialized-state-variables

FibonacciBalance.constructor(address)._fibonacciLibrary (../smartbugs-curated/dataset/access_control/FibonacciBalance.sol#21) lacks a zero-check on :
		- fibonacciLibrary = _fibonacciLibrary (../smartbugs-curated/dataset/access_control/FibonacciBalance.sol#22)
Reference: https://github.com/crytic/slither/wiki/Detector-Documentation#missing-zero-address-validation

Deprecated standard detected FibonacciBalance.fibSig (../smartbugs-curated/dataset/access_control/FibonacciBalance.sol#18):
	- Usage of "sha3()" should be replaced with "keccak256()"
Deprecated standard detected fibSig = bytes4(sha3()(setFibonacci(uint256))) (../smartbugs-curated/dataset/access_control/FibonacciBalance.sol#18):
	- Usage of "sha3()" should be replaced with "keccak256()"
Reference: https://github.com/crytic/slither/wiki/Detector-Documentation#deprecated-standards

solc-0.4.26 is an outdated solc version. Use a more recent version (at least 0.8.0), if possible.
Reference: https://github.com/crytic/slither/wiki/Detector-Documentation#incorrect-versions-of-solidity

Low level call in FibonacciBalance.withdraw() (../smartbugs-curated/dataset/access_control/FibonacciBalance.sol#25-32):
	- require(bool)(fibonacciLibrary.delegatecall(fibSig,withdrawalCounter)) (../smartbugs-curated/dataset/access_control/FibonacciBalance.sol#30)
Low level call in FibonacciBalance.fallback() (../smartbugs-curated/dataset/access_control/FibonacciBalance.sol#35-38):
	- require(bool)(fibonacciLibrary.delegatecall(msg.data)) (../smartbugs-curated/dataset/access_control/FibonacciBalance.sol#37)
Reference: https://github.com/crytic/slither/wiki/Detector-Documentation#low-level-calls

Constant FibonacciBalance.fibSig (../smartbugs-curated/dataset/access_control/FibonacciBalance.sol#18) is not in UPPER_CASE_WITH_UNDERSCORES
Parameter FibonacciLib.setStart(uint256)._start (../smartbugs-curated/dataset/access_control/FibonacciBalance.sol#48) is not in mixedCase
Reference: https://github.com/crytic/slither/wiki/Detector-Documentation#conformance-to-solidity-naming-conventions

FibonacciBalance.calculatedFibNumber (../smartbugs-curated/dataset/access_control/FibonacciBalance.sol#13) should be constant 
FibonacciBalance.start (../smartbugs-curated/dataset/access_control/FibonacciBalance.sol#15) should be constant 
Reference: https://github.com/crytic/slither/wiki/Detector-Documentation#state-variables-that-could-be-declared-constant
../smartbugs-curated/dataset/access_control/FibonacciBalance.sol analyzed (2 contracts with 95 detectors), 14 result(s) found

Error running slither
FibonacciBalance.sol
Getting Solidity AST...
Running TIPS...
FibonacciBalance.sol
0.001312255859375


