mythril.mythril.mythril_config [INFO]: Creating mythril data directory 
mythril.mythril.mythril_config [INFO]: No config file found. Creating default: /root/.mythril/config.ini 
mythril.mythril.mythril_config [INFO]: Infura key not provided, so onchain access is disabled. Use --infura-id <INFURA_ID> or set it in the environment variable INFURA_ID or in the ~/.mythril/config.ini file 
mythril.support.signatures [INFO]: Using signature database at /root/.mythril/signatures.db
mythril.laser.ethereum.svm [INFO]: LASER EVM initialized with dynamic loader: <mythril.support.loader.DynLoader object at 0x7f5262d56e80>
mythril.laser.ethereum.strategy.extensions.bounded_loops [INFO]: Loaded search strategy extension: Loop bounds (limit = 3)
mythril.laser.plugin.loader [INFO]: Loading laser plugin: coverage
mythril.laser.plugin.loader [INFO]: Loading laser plugin: mutation-pruner
mythril.laser.plugin.loader [INFO]: Loading laser plugin: call-depth-limit
mythril.laser.plugin.loader [INFO]: Loading laser plugin: instruction-profiler
mythril.laser.plugin.loader [INFO]: Loading laser plugin: dependency-pruner
mythril.laser.plugin.loader [INFO]: Instrumenting symbolic vm with plugin: coverage
mythril.laser.plugin.loader [INFO]: Instrumenting symbolic vm with plugin: mutation-pruner
mythril.laser.plugin.loader [INFO]: Instrumenting symbolic vm with plugin: call-depth-limit
mythril.laser.plugin.loader [INFO]: Instrumenting symbolic vm with plugin: instruction-profiler
mythril.laser.plugin.loader [INFO]: Instrumenting symbolic vm with plugin: dependency-pruner
mythril.laser.ethereum.svm [DEBUG]: Starting LASER execution
mythril.laser.ethereum.svm [INFO]: Starting message call transaction to 0
mythril.laser.ethereum.svm [INFO]: Starting message call transaction, iteration: 0, 1 initial states
mythril.laser.ethereum.instructions [DEBUG]: Evaluating PUSH1 at 0
mythril.laser.ethereum.instructions [DEBUG]: Evaluating PUSH1 at 1
mythril.laser.ethereum.instructions [DEBUG]: Evaluating MSTORE at 2
mythril.laser.ethereum.instructions [DEBUG]: Evaluating PUSH1 at 3
mythril.laser.ethereum.instructions [DEBUG]: Evaluating CALLDATASIZE at 4
mythril.laser.ethereum.instructions [DEBUG]: Evaluating LT at 5
mythril.laser.ethereum.instructions [DEBUG]: Evaluating PUSH2 at 6
mythril.analysis.module.base [DEBUG]: Entering analysis module: TxOrigin
mythril.analysis.module.base [DEBUG]: Exiting analysis module: TxOrigin
mythril.analysis.module.base [DEBUG]: Entering analysis module: IntegerArithmetics
mythril.analysis.module.base [DEBUG]: Exiting analysis module: IntegerArithmetics
mythril.laser.ethereum.instructions [DEBUG]: Evaluating JUMPI at 7
mythril.laser.ethereum.instructions [DEBUG]: Evaluating PUSH4 at 8
mythril.laser.ethereum.instructions [DEBUG]: Evaluating JUMPDEST at 34
mythril.laser.ethereum.instructions [DEBUG]: Evaluating PUSH29 at 9
mythril.laser.ethereum.instructions [DEBUG]: Evaluating PUSH1 at 35
mythril.laser.ethereum.instructions [DEBUG]: Evaluating PUSH1 at 10
mythril.laser.ethereum.instructions [DEBUG]: Evaluating DUP1 at 36
mythril.laser.ethereum.instructions [DEBUG]: Evaluating CALLDATALOAD at 11
mythril.laser.ethereum.instructions [DEBUG]: Evaluating REVERT at 37
mythril.laser.ethereum.svm [DEBUG]: Ending transaction MessageCallTransaction 1 from sender_1 to                                        0x0.
mythril.laser.ethereum.instructions [DEBUG]: Evaluating DIV at 12
mythril.laser.ethereum.instructions [DEBUG]: Evaluating AND at 13
mythril.laser.ethereum.instructions [DEBUG]: Evaluating PUSH4 at 14
mythril.laser.ethereum.instructions [DEBUG]: Evaluating DUP2 at 15
mythril.laser.ethereum.instructions [DEBUG]: Evaluating EQ at 16
mythril.laser.ethereum.instructions [DEBUG]: Evaluating PUSH2 at 17
mythril.analysis.module.base [DEBUG]: Entering analysis module: TxOrigin
mythril.analysis.module.base [DEBUG]: Exiting analysis module: TxOrigin
mythril.analysis.module.base [DEBUG]: Entering analysis module: IntegerArithmetics
mythril.analysis.module.base [DEBUG]: Exiting analysis module: IntegerArithmetics
mythril.laser.ethereum.instructions [DEBUG]: Evaluating JUMPI at 18
mythril.laser.ethereum.instructions [DEBUG]: Evaluating DUP1 at 19
mythril.laser.ethereum.instructions [DEBUG]: Evaluating JUMPDEST at 38
mythril.laser.ethereum.instructions [DEBUG]: Evaluating PUSH4 at 20
mythril.laser.ethereum.instructions [DEBUG]: Evaluating CALLVALUE at 39
mythril.laser.ethereum.instructions [DEBUG]: Evaluating EQ at 21
mythril.laser.ethereum.instructions [DEBUG]: Evaluating DUP1 at 40
mythril.laser.ethereum.instructions [DEBUG]: Evaluating PUSH2 at 22
mythril.laser.ethereum.instructions [DEBUG]: Evaluating ISZERO at 41
mythril.analysis.module.base [DEBUG]: Entering analysis module: TxOrigin
mythril.analysis.module.base [DEBUG]: Exiting analysis module: TxOrigin
mythril.analysis.module.base [DEBUG]: Entering analysis module: IntegerArithmetics
mythril.analysis.module.base [DEBUG]: Exiting analysis module: IntegerArithmetics
mythril.laser.ethereum.instructions [DEBUG]: Evaluating JUMPI at 23
mythril.laser.ethereum.svm [DEBUG]: - Entering function MAIN:unknown
mythril.laser.ethereum.instructions [DEBUG]: Evaluating PUSH2 at 42
mythril.laser.ethereum.instructions [DEBUG]: Evaluating DUP1 at 24
mythril.laser.ethereum.instructions [DEBUG]: Evaluating JUMPDEST at 72
mythril.analysis.module.base [DEBUG]: Entering analysis module: TxOrigin
mythril.analysis.module.base [DEBUG]: Exiting analysis module: TxOrigin
mythril.analysis.module.base [DEBUG]: Entering analysis module: IntegerArithmetics
mythril.analysis.module.base [DEBUG]: Exiting analysis module: IntegerArithmetics
mythril.laser.ethereum.instructions [DEBUG]: Evaluating JUMPI at 43
mythril.laser.ethereum.instructions [DEBUG]: Evaluating PUSH4 at 25
mythril.laser.ethereum.instructions [DEBUG]: Evaluating CALLVALUE at 73
mythril.laser.ethereum.instructions [DEBUG]: Evaluating PUSH1 at 44
mythril.laser.ethereum.instructions [DEBUG]: Evaluating JUMPDEST at 47
mythril.laser.ethereum.instructions [DEBUG]: Evaluating EQ at 26
mythril.laser.ethereum.instructions [DEBUG]: Evaluating DUP1 at 74
mythril.laser.ethereum.instructions [DEBUG]: Evaluating DUP1 at 45
mythril.laser.ethereum.instructions [DEBUG]: Evaluating POP at 48
mythril.laser.ethereum.instructions [DEBUG]: Evaluating PUSH2 at 27
mythril.laser.ethereum.instructions [DEBUG]: Evaluating ISZERO at 75
mythril.laser.ethereum.instructions [DEBUG]: Evaluating REVERT at 46
mythril.laser.ethereum.svm [DEBUG]: Ending transaction MessageCallTransaction 1 from sender_1 to                                        0x0.
mythril.laser.ethereum.instructions [DEBUG]: Evaluating PUSH2 at 49
mythril.analysis.module.base [DEBUG]: Entering analysis module: TxOrigin
mythril.analysis.module.base [DEBUG]: Exiting analysis module: TxOrigin
mythril.analysis.module.base [DEBUG]: Entering analysis module: IntegerArithmetics
mythril.analysis.module.base [DEBUG]: Exiting analysis module: IntegerArithmetics
mythril.laser.ethereum.instructions [DEBUG]: Evaluating JUMPI at 28
mythril.laser.ethereum.svm [DEBUG]: - Entering function MAIN:unknown
mythril.laser.ethereum.instructions [DEBUG]: Evaluating PUSH2 at 76
mythril.laser.ethereum.instructions [DEBUG]: Evaluating PUSH20 at 50
mythril.laser.ethereum.instructions [DEBUG]: Evaluating DUP1 at 29
mythril.laser.ethereum.instructions [DEBUG]: Evaluating JUMPDEST at 104
mythril.analysis.module.base [DEBUG]: Entering analysis module: TxOrigin
mythril.analysis.module.base [DEBUG]: Exiting analysis module: TxOrigin
mythril.analysis.module.base [DEBUG]: Entering analysis module: IntegerArithmetics
mythril.analysis.module.base [DEBUG]: Exiting analysis module: IntegerArithmetics
mythril.laser.ethereum.instructions [DEBUG]: Evaluating JUMPI at 77
mythril.laser.ethereum.instructions [DEBUG]: Evaluating PUSH1 at 51
mythril.laser.ethereum.instructions [DEBUG]: Evaluating PUSH4 at 30
mythril.laser.ethereum.instructions [DEBUG]: Evaluating PUSH2 at 105
mythril.laser.ethereum.instructions [DEBUG]: Evaluating PUSH1 at 78
mythril.laser.ethereum.instructions [DEBUG]: Evaluating JUMPDEST at 81
mythril.laser.ethereum.instructions [DEBUG]: Evaluating CALLDATALOAD at 52
mythril.laser.ethereum.instructions [DEBUG]: Evaluating EQ at 31
mythril.laser.ethereum.instructions [DEBUG]: Evaluating PUSH1 at 106
mythril.laser.ethereum.instructions [DEBUG]: Evaluating DUP1 at 79
mythril.laser.ethereum.instructions [DEBUG]: Evaluating POP at 82
mythril.laser.ethereum.instructions [DEBUG]: Evaluating AND at 53
mythril.laser.ethereum.instructions [DEBUG]: Evaluating PUSH2 at 32
mythril.laser.ethereum.instructions [DEBUG]: Evaluating CALLDATALOAD at 107
mythril.laser.ethereum.instructions [DEBUG]: Evaluating REVERT at 80
mythril.laser.ethereum.svm [DEBUG]: Ending transaction MessageCallTransaction 1 from sender_1 to                                        0x0.
mythril.laser.ethereum.instructions [DEBUG]: Evaluating PUSH2 at 83
mythril.laser.ethereum.instructions [DEBUG]: Evaluating PUSH2 at 54
mythril.analysis.module.base [DEBUG]: Entering analysis module: TxOrigin
mythril.analysis.module.base [DEBUG]: Exiting analysis module: TxOrigin
mythril.analysis.module.base [DEBUG]: Entering analysis module: IntegerArithmetics
mythril.analysis.module.base [DEBUG]: Exiting analysis module: IntegerArithmetics
mythril.laser.ethereum.instructions [DEBUG]: Evaluating JUMPI at 33
mythril.laser.ethereum.svm [DEBUG]: - Entering function MAIN:unknown
mythril.laser.ethereum.instructions [DEBUG]: Evaluating PUSH2 at 108
mythril.laser.ethereum.instructions [DEBUG]: Evaluating PUSH2 at 84
mythril.laser.ethereum.instructions [DEBUG]: Evaluating JUMP at 55
mythril.laser.ethereum.instructions [DEBUG]: Evaluating JUMPDEST at 34
mythril.laser.ethereum.instructions [DEBUG]: Evaluating JUMPDEST at 112
mythril.laser.ethereum.instructions [DEBUG]: Evaluating JUMP at 109
mythril.laser.ethereum.instructions [DEBUG]: Evaluating JUMP at 85
mythril.laser.ethereum.instructions [DEBUG]: Evaluating JUMPDEST at 128
mythril.laser.ethereum.instructions [DEBUG]: Evaluating PUSH1 at 35
mythril.laser.ethereum.instructions [DEBUG]: Evaluating CALLVALUE at 113
mythril.laser.ethereum.instructions [DEBUG]: Evaluating JUMPDEST at 150
mythril.laser.ethereum.instructions [DEBUG]: Evaluating JUMPDEST at 143
mythril.laser.ethereum.instructions [DEBUG]: Evaluating PUSH1 at 129
mythril.laser.ethereum.instructions [DEBUG]: Evaluating DUP1 at 36
mythril.laser.ethereum.instructions [DEBUG]: Evaluating DUP1 at 114
mythril.laser.ethereum.instructions [DEBUG]: Evaluating CALLVALUE at 151
mythril.laser.ethereum.instructions [DEBUG]: Evaluating PUSH8 at 144
mythril.laser.ethereum.instructions [DEBUG]: Evaluating PUSH1 at 130
mythril.laser.ethereum.instructions [DEBUG]: Evaluating REVERT at 37
mythril.laser.ethereum.svm [DEBUG]: Ending transaction MessageCallTransaction 1 from sender_1 to                                        0x0.
mythril.laser.ethereum.instructions [DEBUG]: Evaluating ISZERO at 115
mythril.laser.ethereum.instructions [DEBUG]: Evaluating PUSH8 at 152
mythril.laser.ethereum.instructions [DEBUG]: Evaluating ADDRESS at 145
mythril.laser.ethereum.instructions [DEBUG]: Evaluating DUP2 at 131
mythril.laser.ethereum.instructions [DEBUG]: Evaluating PUSH2 at 116
mythril.laser.ethereum.instructions [DEBUG]: Evaluating DUP3 at 153
mythril.laser.ethereum.instructions [DEBUG]: Evaluating BALANCE at 146
mythril.laser.ethereum.instructions [DEBUG]: Evaluating SWAP1 at 132
mythril.analysis.module.base [DEBUG]: Entering analysis module: TxOrigin
mythril.analysis.module.base [DEBUG]: Exiting analysis module: TxOrigin
mythril.analysis.module.base [DEBUG]: Entering analysis module: IntegerArithmetics
mythril.analysis.module.base [DEBUG]: Exiting analysis module: IntegerArithmetics
mythril.laser.ethereum.instructions [DEBUG]: Evaluating JUMPI at 117
mythril.analysis.module.base [DEBUG]: Entering analysis module: IntegerArithmetics
mythril.analysis.module.base [DEBUG]: Exiting analysis module: IntegerArithmetics
mythril.laser.ethereum.instructions [DEBUG]: Evaluating MUL at 154
mythril.laser.ethereum.instructions [DEBUG]: Evaluating LT at 147
mythril.laser.ethereum.instructions [DEBUG]: Evaluating MSTORE at 133
mythril.laser.ethereum.instructions [DEBUG]: Evaluating PUSH1 at 118
mythril.laser.ethereum.instructions [DEBUG]: Evaluating JUMPDEST at 121
mythril.laser.ethereum.instructions [DEBUG]: Evaluating EQ at 155
mythril.laser.ethereum.instructions [DEBUG]: Evaluating SWAP1 at 148
mythril.laser.ethereum.instructions [DEBUG]: Evaluating SWAP1 at 134
mythril.laser.ethereum.instructions [DEBUG]: Evaluating DUP1 at 119
mythril.laser.ethereum.instructions [DEBUG]: Evaluating POP at 122
mythril.laser.ethereum.instructions [DEBUG]: Evaluating PUSH2 at 156
mythril.laser.ethereum.instructions [DEBUG]: Evaluating JUMP at 149
mythril.laser.ethereum.instructions [DEBUG]: Evaluating DUP2 at 135
mythril.laser.ethereum.instructions [DEBUG]: Evaluating REVERT at 120
mythril.laser.ethereum.svm [DEBUG]: Ending transaction MessageCallTransaction 1 from sender_1 to                                        0x0.
mythril.laser.ethereum.instructions [DEBUG]: Evaluating PUSH2 at 123
mythril.analysis.module.base [DEBUG]: Entering analysis module: TxOrigin
mythril.analysis.module.base [DEBUG]: Exiting analysis module: TxOrigin
mythril.analysis.module.base [DEBUG]: Entering analysis module: IntegerArithmetics
mythril.analysis.module.base [DEBUG]: Exiting analysis module: IntegerArithmetics
mythril.laser.ethereum.instructions [DEBUG]: Evaluating JUMPI at 157
mythril.support.model [DEBUG]: Timeout/Error encountered while solving expression using z3
mythril.laser.ethereum.instructions [DEBUG]: Evaluating JUMPDEST at 86
mythril.laser.ethereum.instructions [DEBUG]: Evaluating MSTORE at 136
mythril.laser.ethereum.instructions [DEBUG]: Evaluating PUSH1 at 124
mythril.laser.ethereum.instructions [DEBUG]: Evaluating JUMPDEST at 161
mythril.laser.ethereum.instructions [DEBUG]: Evaluating PUSH1 at 87
mythril.laser.ethereum.instructions [DEBUG]: Evaluating PUSH1 at 137
mythril.laser.ethereum.instructions [DEBUG]: Evaluating CALLDATALOAD at 125
mythril.laser.ethereum.instructions [DEBUG]: Evaluating CALLER at 162
mythril.laser.ethereum.instructions [DEBUG]: Evaluating DUP1 at 88
mythril.laser.ethereum.instructions [DEBUG]: Evaluating SWAP1 at 138
mythril.laser.ethereum.instructions [DEBUG]: Evaluating PUSH2 at 126
mythril.laser.ethereum.instructions [DEBUG]: Evaluating PUSH1 at 163
mythril.laser.ethereum.instructions [DEBUG]: Evaluating MLOAD at 89
mythril.laser.ethereum.instructions [DEBUG]: Evaluating SHA3 at 139
mythril.laser.ethereum.instructions [DEBUG]: Evaluating JUMP at 127
mythril.laser.ethereum.instructions [DEBUG]: Evaluating SWAP1 at 164
mythril.laser.ethereum.instructions [DEBUG]: Evaluating SWAP2 at 90
mythril.laser.ethereum.instructions [DEBUG]: Evaluating SLOAD at 140
mythril.laser.ethereum.instructions [DEBUG]: Evaluating JUMPDEST at 182
mythril.laser.ethereum.instructions [DEBUG]: Evaluating DUP2 at 165
mythril.laser.ethereum.instructions [DEBUG]: Evaluating ISZERO at 91
mythril.laser.ethereum.instructions [DEBUG]: Evaluating DUP2 at 141
mythril.laser.ethereum.instructions [DEBUG]: Evaluating CALLER at 183
mythril.laser.ethereum.instructions [DEBUG]: Evaluating MSTORE at 166
mythril.laser.ethereum.instructions [DEBUG]: Evaluating ISZERO at 92
mythril.laser.ethereum.instructions [DEBUG]: Evaluating JUMP at 142
mythril.laser.ethereum.instructions [DEBUG]: Evaluating PUSH1 at 184
mythril.laser.ethereum.instructions [DEBUG]: Evaluating PUSH1 at 167
mythril.laser.ethereum.instructions [DEBUG]: Evaluating DUP3 at 93
mythril.laser.ethereum.instructions [DEBUG]: Evaluating JUMPDEST at 56
mythril.laser.ethereum.instructions [DEBUG]: Evaluating SWAP1 at 185
mythril.laser.ethereum.instructions [DEBUG]: Evaluating DUP2 at 168
mythril.laser.ethereum.instructions [DEBUG]: Evaluating MSTORE at 94
mythril.laser.ethereum.instructions [DEBUG]: Evaluating PUSH1 at 57
mythril.laser.ethereum.instructions [DEBUG]: Evaluating DUP2 at 186
mythril.laser.ethereum.instructions [DEBUG]: Evaluating SWAP1 at 169
mythril.laser.ethereum.instructions [DEBUG]: Evaluating MLOAD at 95
mythril.laser.ethereum.instructions [DEBUG]: Evaluating DUP1 at 58
mythril.laser.ethereum.instructions [DEBUG]: Evaluating MSTORE at 187
mythril.laser.ethereum.instructions [DEBUG]: Evaluating MSTORE at 170
mythril.laser.ethereum.instructions [DEBUG]: Evaluating SWAP1 at 96
mythril.laser.ethereum.instructions [DEBUG]: Evaluating MLOAD at 59
mythril.laser.ethereum.instructions [DEBUG]: Evaluating PUSH1 at 188
mythril.laser.ethereum.instructions [DEBUG]: Evaluating PUSH1 at 171
mythril.laser.ethereum.instructions [DEBUG]: Evaluating DUP2 at 97
mythril.laser.ethereum.instructions [DEBUG]: Evaluating SWAP2 at 60
mythril.laser.ethereum.instructions [DEBUG]: Evaluating DUP2 at 189
mythril.laser.ethereum.instructions [DEBUG]: Evaluating SWAP1 at 172
mythril.laser.ethereum.instructions [DEBUG]: Evaluating SWAP1 at 98
mythril.laser.ethereum.instructions [DEBUG]: Evaluating DUP3 at 61
mythril.laser.ethereum.instructions [DEBUG]: Evaluating SWAP1 at 190
mythril.laser.ethereum.instructions [DEBUG]: Evaluating SHA3 at 173
mythril.support.model [DEBUG]: Timeout/Error encountered while solving expression using z3
mythril.analysis.module.base [DEBUG]: Entering analysis module: IntegerArithmetics
mythril.analysis.module.base [DEBUG]: Exiting analysis module: IntegerArithmetics
mythril.laser.ethereum.instructions [DEBUG]: Evaluating SUB at 99
mythril.laser.ethereum.instructions [DEBUG]: Evaluating MSTORE at 62
mythril.laser.ethereum.instructions [DEBUG]: Evaluating MSTORE at 191
mythril.laser.ethereum.instructions [DEBUG]: Evaluating PUSH1 at 100
mythril.laser.ethereum.instructions [DEBUG]: Evaluating MLOAD at 63
mythril.laser.ethereum.instructions [DEBUG]: Evaluating PUSH1 at 192
mythril.analysis.module.base [DEBUG]: Entering analysis module: IntegerArithmetics
mythril.analysis.module.base [DEBUG]: Exiting analysis module: IntegerArithmetics
mythril.laser.ethereum.instructions [DEBUG]: Evaluating ADD at 101
mythril.laser.ethereum.instructions [DEBUG]: Evaluating SWAP1 at 64
mythril.laser.ethereum.instructions [DEBUG]: Evaluating SWAP1 at 193
mythril.laser.ethereum.instructions [DEBUG]: Evaluating SWAP1 at 102
mythril.laser.ethereum.instructions [DEBUG]: Evaluating DUP2 at 65
mythril.laser.ethereum.instructions [DEBUG]: Evaluating SHA3 at 194
mythril.analysis.module.base [DEBUG]: Entering analysis module: IntegerArithmetics
mythril.analysis.module.base [DEBUG]: Exiting analysis module: IntegerArithmetics
mythril.analysis.module.base [DEBUG]: Entering analysis module: UncheckedRetval
mythril.analysis.module.base [DEBUG]: Exiting analysis module: UncheckedRetval
mythril.laser.ethereum.instructions [DEBUG]: Evaluating RETURN at 103
mythril.laser.ethereum.svm [DEBUG]: Ending transaction MessageCallTransaction 1 from sender_1 to                                        0x0.
mythril.laser.ethereum.instructions [DEBUG]: Evaluating SWAP1 at 66
mythril.laser.ethereum.instructions [DEBUG]: Evaluating SLOAD at 195
mythril.analysis.module.base [DEBUG]: Entering analysis module: IntegerArithmetics
mythril.analysis.module.base [DEBUG]: Exiting analysis module: IntegerArithmetics
mythril.laser.ethereum.instructions [DEBUG]: Evaluating SUB at 67
mythril.laser.ethereum.instructions [DEBUG]: Evaluating DUP2 at 196
mythril.laser.ethereum.instructions [DEBUG]: Evaluating PUSH1 at 68
mythril.laser.ethereum.instructions [DEBUG]: Evaluating GT at 197
mythril.analysis.module.base [DEBUG]: Entering analysis module: IntegerArithmetics
mythril.analysis.module.base [DEBUG]: Exiting analysis module: IntegerArithmetics
mythril.laser.ethereum.instructions [DEBUG]: Evaluating ADD at 69
mythril.laser.ethereum.instructions [DEBUG]: Evaluating ISZERO at 198
mythril.laser.ethereum.instructions [DEBUG]: Evaluating SWAP1 at 70
mythril.laser.ethereum.instructions [DEBUG]: Evaluating PUSH2 at 199
mythril.analysis.module.base [DEBUG]: Entering analysis module: IntegerArithmetics
mythril.analysis.module.base [DEBUG]: Exiting analysis module: IntegerArithmetics
mythril.analysis.module.base [DEBUG]: Entering analysis module: UncheckedRetval
mythril.analysis.module.base [DEBUG]: Exiting analysis module: UncheckedRetval
mythril.laser.ethereum.instructions [DEBUG]: Evaluating RETURN at 71
mythril.laser.ethereum.svm [DEBUG]: Ending transaction MessageCallTransaction 1 from sender_1 to                                        0x0.
mythril.analysis.module.base [DEBUG]: Entering analysis module: TxOrigin
mythril.analysis.module.base [DEBUG]: Exiting analysis module: TxOrigin
mythril.analysis.module.base [DEBUG]: Entering analysis module: IntegerArithmetics
mythril.analysis.module.base [DEBUG]: Exiting analysis module: IntegerArithmetics
mythril.laser.ethereum.instructions [DEBUG]: Evaluating JUMPI at 200
mythril.laser.ethereum.instructions [DEBUG]: Evaluating PUSH1 at 201
mythril.laser.ethereum.instructions [DEBUG]: Evaluating JUMPDEST at 204
mythril.laser.ethereum.instructions [DEBUG]: Evaluating DUP1 at 202
mythril.laser.ethereum.instructions [DEBUG]: Evaluating CALLER at 205
mythril.laser.ethereum.instructions [DEBUG]: Evaluating REVERT at 203
mythril.laser.ethereum.svm [DEBUG]: Ending transaction MessageCallTransaction 1 from sender_1 to                                        0x0.
mythril.laser.ethereum.instructions [DEBUG]: Evaluating PUSH1 at 206
mythril.laser.ethereum.instructions [DEBUG]: Evaluating DUP2 at 207
mythril.laser.ethereum.instructions [DEBUG]: Evaluating DUP2 at 208
mythril.laser.ethereum.instructions [DEBUG]: Evaluating MSTORE at 209
mythril.laser.ethereum.instructions [DEBUG]: Evaluating PUSH1 at 210
mythril.laser.ethereum.instructions [DEBUG]: Evaluating DUP2 at 211
mythril.laser.ethereum.instructions [DEBUG]: Evaluating SWAP1 at 212
mythril.laser.ethereum.instructions [DEBUG]: Evaluating MSTORE at 213
mythril.laser.ethereum.instructions [DEBUG]: Evaluating PUSH1 at 214
mythril.laser.ethereum.instructions [DEBUG]: Evaluating DUP1 at 215
mythril.laser.ethereum.instructions [DEBUG]: Evaluating DUP3 at 216
mythril.laser.ethereum.instructions [DEBUG]: Evaluating SHA3 at 217
mythril.laser.ethereum.instructions [DEBUG]: Evaluating DUP1 at 218
mythril.laser.ethereum.instructions [DEBUG]: Evaluating SLOAD at 219
mythril.laser.ethereum.instructions [DEBUG]: Evaluating DUP6 at 220
mythril.laser.ethereum.instructions [DEBUG]: Evaluating SWAP1 at 221
mythril.analysis.module.base [DEBUG]: Entering analysis module: IntegerArithmetics
mythril.analysis.module.base [DEBUG]: Exiting analysis module: IntegerArithmetics
mythril.laser.ethereum.instructions [DEBUG]: Evaluating SUB at 222
mythril.laser.ethereum.instructions [DEBUG]: Evaluating SWAP1 at 223
mythril.analysis.module.base [DEBUG]: Entering analysis module: ArbitraryStorage
mythril.analysis.module.base [DEBUG]: Exiting analysis module: ArbitraryStorage
mythril.analysis.module.base [DEBUG]: Entering analysis module: IntegerArithmetics
mythril.analysis.module.base [DEBUG]: Exiting analysis module: IntegerArithmetics
mythril.analysis.module.base [DEBUG]: Entering analysis module: StateChangeAfterCall
mythril.analysis.module.base [DEBUG]: Exiting analysis module: StateChangeAfterCall
mythril.laser.ethereum.instructions [DEBUG]: Evaluating SSTORE at 224
mythril.laser.ethereum.instructions [DEBUG]: Evaluating MLOAD at 225
mythril.laser.ethereum.instructions [DEBUG]: Evaluating PUSH8 at 226
mythril.laser.ethereum.instructions [DEBUG]: Evaluating DUP5 at 227
mythril.analysis.module.base [DEBUG]: Entering analysis module: IntegerArithmetics
mythril.analysis.module.base [DEBUG]: Exiting analysis module: IntegerArithmetics
mythril.laser.ethereum.instructions [DEBUG]: Evaluating MUL at 228
mythril.laser.ethereum.instructions [DEBUG]: Evaluating DUP1 at 229
mythril.laser.ethereum.instructions [DEBUG]: Evaluating ISZERO at 230
mythril.laser.ethereum.instructions [DEBUG]: Evaluating PUSH2 at 231
mythril.analysis.module.base [DEBUG]: Entering analysis module: IntegerArithmetics
mythril.analysis.module.base [DEBUG]: Exiting analysis module: IntegerArithmetics
mythril.laser.ethereum.instructions [DEBUG]: Evaluating MUL at 232
mythril.laser.ethereum.instructions [DEBUG]: Evaluating SWAP3 at 233
mythril.laser.ethereum.instructions [DEBUG]: Evaluating SWAP1 at 234
mythril.laser.ethereum.instructions [DEBUG]: Evaluating SWAP2 at 235
mythril.laser.ethereum.instructions [DEBUG]: Evaluating SWAP1 at 236
mythril.laser.ethereum.instructions [DEBUG]: Evaluating DUP2 at 237
mythril.laser.ethereum.instructions [DEBUG]: Evaluating DUP2 at 238
mythril.laser.ethereum.instructions [DEBUG]: Evaluating DUP2 at 239
mythril.laser.ethereum.instructions [DEBUG]: Evaluating DUP6 at 240
mythril.laser.ethereum.instructions [DEBUG]: Evaluating DUP9 at 241
mythril.laser.ethereum.instructions [DEBUG]: Evaluating DUP9 at 242
mythril.analysis.module.base [DEBUG]: Entering analysis module: IntegerArithmetics
mythril.analysis.module.base [DEBUG]: Exiting analysis module: IntegerArithmetics
mythril.analysis.module.base [DEBUG]: Entering analysis module: StateChangeAfterCall
mythril.analysis.module.base [DEBUG]: Exiting analysis module: StateChangeAfterCall
mythril.laser.ethereum.instructions [DEBUG]: Evaluating CALL at 243
mythril.laser.ethereum.call [DEBUG]: Symbolic call encountered
mythril.laser.ethereum.call [DEBUG]: CALL to: sender_1
mythril.laser.ethereum.instructions [DEBUG]: The call is related to ether transfer between accounts
mythril.analysis.module.base [DEBUG]: Entering analysis module: EtherThief
mythril.analysis.module.base [DEBUG]: Exiting analysis module: EtherThief
mythril.analysis.module.base [DEBUG]: Entering analysis module: UncheckedRetval
mythril.analysis.module.modules.unchecked_retval [DEBUG]: End of call, extracting retval
mythril.analysis.module.base [DEBUG]: Exiting analysis module: UncheckedRetval
mythril.laser.ethereum.instructions [DEBUG]: Evaluating SWAP4 at 244
mythril.laser.ethereum.instructions [DEBUG]: Evaluating POP at 245
mythril.laser.ethereum.instructions [DEBUG]: Evaluating POP at 246
mythril.laser.ethereum.instructions [DEBUG]: Evaluating POP at 247
mythril.laser.ethereum.instructions [DEBUG]: Evaluating POP at 248
mythril.laser.ethereum.instructions [DEBUG]: Evaluating ISZERO at 249
mythril.laser.ethereum.instructions [DEBUG]: Evaluating DUP1 at 250
mythril.laser.ethereum.instructions [DEBUG]: Evaluating ISZERO at 251
mythril.laser.ethereum.instructions [DEBUG]: Evaluating PUSH2 at 252
mythril.analysis.module.base [DEBUG]: Entering analysis module: TxOrigin
mythril.analysis.module.base [DEBUG]: Exiting analysis module: TxOrigin
mythril.analysis.module.base [DEBUG]: Entering analysis module: IntegerArithmetics
mythril.analysis.module.base [DEBUG]: Exiting analysis module: IntegerArithmetics
mythril.laser.ethereum.instructions [DEBUG]: Evaluating JUMPI at 253
mythril.laser.ethereum.instructions [DEBUG]: Evaluating RETURNDATASIZE at 254
mythril.laser.ethereum.instructions [DEBUG]: No last_return_data found, adding an unconstrained bitvec to the stack
mythril.laser.ethereum.instructions [DEBUG]: Evaluating JUMPDEST at 261
mythril.laser.ethereum.instructions [DEBUG]: Evaluating PUSH1 at 255
mythril.laser.ethereum.instructions [DEBUG]: Evaluating POP at 262
mythril.laser.ethereum.instructions [DEBUG]: Evaluating DUP1 at 256
mythril.laser.ethereum.instructions [DEBUG]: Evaluating POP at 263
mythril.laser.ethereum.instructions [DEBUG]: Evaluating RETURNDATACOPY at 257
mythril.laser.ethereum.instructions [DEBUG]: Unsupported symbolic max_length offset in RETURNDATACOPY
mythril.laser.ethereum.instructions [DEBUG]: Evaluating JUMP at 264
mythril.laser.ethereum.instructions [DEBUG]: Evaluating RETURNDATASIZE at 258
mythril.laser.ethereum.instructions [DEBUG]: No last_return_data found, adding an unconstrained bitvec to the stack
mythril.laser.ethereum.instructions [DEBUG]: Evaluating JUMPDEST at 110
mythril.laser.ethereum.instructions [DEBUG]: Evaluating PUSH1 at 259
mythril.analysis.module.base [DEBUG]: Entering analysis module: IntegerArithmetics
mythril.analysis.module.base [DEBUG]: Exiting analysis module: IntegerArithmetics
mythril.analysis.module.base [DEBUG]: Entering analysis module: UncheckedRetval
mythril.analysis.module.base [DEBUG]: Exiting analysis module: UncheckedRetval
mythril.laser.ethereum.instructions [DEBUG]: Evaluating STOP at 111
mythril.laser.ethereum.svm [DEBUG]: Ending transaction MessageCallTransaction 1 from sender_1 to                                        0x0.
mythril.laser.ethereum.instructions [DEBUG]: Evaluating REVERT at 260
mythril.laser.ethereum.instructions [DEBUG]: Return with symbolic length or offset. Not supported
mythril.laser.ethereum.svm [DEBUG]: Ending transaction MessageCallTransaction 1 from sender_1 to                                        0x0.
mythril.laser.plugin.plugins.coverage.coverage_plugin [INFO]: Number of new instructions covered in tx 0: 254
mythril.laser.ethereum.svm [INFO]: Starting message call transaction, iteration: 1, 1 initial states
mythril.laser.ethereum.instructions [DEBUG]: Evaluating PUSH1 at 0
mythril.laser.ethereum.instructions [DEBUG]: Evaluating PUSH1 at 1
mythril.laser.ethereum.instructions [DEBUG]: Evaluating MSTORE at 2
mythril.laser.ethereum.instructions [DEBUG]: Evaluating PUSH1 at 3
mythril.laser.ethereum.instructions [DEBUG]: Evaluating CALLDATASIZE at 4
mythril.laser.ethereum.instructions [DEBUG]: Evaluating LT at 5
mythril.laser.ethereum.instructions [DEBUG]: Evaluating PUSH2 at 6
mythril.analysis.module.base [DEBUG]: Entering analysis module: TxOrigin
mythril.analysis.module.base [DEBUG]: Exiting analysis module: TxOrigin
mythril.analysis.module.base [DEBUG]: Entering analysis module: IntegerArithmetics
mythril.analysis.module.base [DEBUG]: Exiting analysis module: IntegerArithmetics
mythril.laser.ethereum.instructions [DEBUG]: Evaluating JUMPI at 7
mythril.laser.ethereum.instructions [DEBUG]: Evaluating PUSH4 at 8
mythril.laser.ethereum.instructions [DEBUG]: Evaluating JUMPDEST at 34
mythril.laser.ethereum.instructions [DEBUG]: Evaluating PUSH29 at 9
mythril.laser.ethereum.instructions [DEBUG]: Evaluating PUSH1 at 35
mythril.laser.ethereum.instructions [DEBUG]: Evaluating PUSH1 at 10
mythril.laser.ethereum.instructions [DEBUG]: Evaluating DUP1 at 36
mythril.laser.ethereum.instructions [DEBUG]: Evaluating CALLDATALOAD at 11
mythril.laser.ethereum.instructions [DEBUG]: Evaluating REVERT at 37
mythril.laser.ethereum.svm [DEBUG]: Ending transaction MessageCallTransaction 2 from sender_2 to                                        0x0.
mythril.laser.ethereum.instructions [DEBUG]: Evaluating DIV at 12
mythril.laser.ethereum.instructions [DEBUG]: Evaluating AND at 13
mythril.laser.ethereum.instructions [DEBUG]: Evaluating PUSH4 at 14
mythril.laser.ethereum.instructions [DEBUG]: Evaluating DUP2 at 15
mythril.laser.ethereum.instructions [DEBUG]: Evaluating EQ at 16
mythril.laser.ethereum.instructions [DEBUG]: Evaluating PUSH2 at 17
mythril.analysis.module.base [DEBUG]: Entering analysis module: TxOrigin
mythril.analysis.module.base [DEBUG]: Exiting analysis module: TxOrigin
mythril.analysis.module.base [DEBUG]: Entering analysis module: IntegerArithmetics
mythril.analysis.module.base [DEBUG]: Exiting analysis module: IntegerArithmetics
mythril.laser.ethereum.instructions [DEBUG]: Evaluating JUMPI at 18
mythril.laser.ethereum.instructions [DEBUG]: Evaluating DUP1 at 19
mythril.laser.ethereum.instructions [DEBUG]: Evaluating JUMPDEST at 38
mythril.laser.ethereum.instructions [DEBUG]: Evaluating PUSH4 at 20
mythril.laser.ethereum.instructions [DEBUG]: Evaluating CALLVALUE at 39
mythril.laser.ethereum.instructions [DEBUG]: Evaluating EQ at 21
mythril.laser.ethereum.instructions [DEBUG]: Evaluating DUP1 at 40
mythril.laser.ethereum.instructions [DEBUG]: Evaluating PUSH2 at 22
mythril.laser.ethereum.instructions [DEBUG]: Evaluating ISZERO at 41
mythril.analysis.module.base [DEBUG]: Entering analysis module: TxOrigin
mythril.analysis.module.base [DEBUG]: Exiting analysis module: TxOrigin
mythril.analysis.module.base [DEBUG]: Entering analysis module: IntegerArithmetics
mythril.analysis.module.base [DEBUG]: Exiting analysis module: IntegerArithmetics
mythril.laser.ethereum.instructions [DEBUG]: Evaluating JUMPI at 23
mythril.laser.ethereum.svm [DEBUG]: - Entering function MAIN:unknown
mythril.laser.ethereum.instructions [DEBUG]: Evaluating PUSH2 at 42
mythril.laser.ethereum.instructions [DEBUG]: Evaluating DUP1 at 24
mythril.laser.ethereum.instructions [DEBUG]: Evaluating JUMPDEST at 72
mythril.analysis.module.base [DEBUG]: Entering analysis module: TxOrigin
mythril.analysis.module.base [DEBUG]: Exiting analysis module: TxOrigin
mythril.analysis.module.base [DEBUG]: Entering analysis module: IntegerArithmetics
mythril.analysis.module.base [DEBUG]: Exiting analysis module: IntegerArithmetics
mythril.laser.ethereum.instructions [DEBUG]: Evaluating JUMPI at 43
mythril.laser.ethereum.instructions [DEBUG]: Evaluating PUSH4 at 25
mythril.laser.ethereum.instructions [DEBUG]: Evaluating CALLVALUE at 73
mythril.laser.ethereum.instructions [DEBUG]: Evaluating PUSH1 at 44
mythril.laser.ethereum.instructions [DEBUG]: Evaluating JUMPDEST at 47
mythril.laser.ethereum.instructions [DEBUG]: Evaluating EQ at 26
mythril.laser.ethereum.instructions [DEBUG]: Evaluating DUP1 at 74
mythril.laser.ethereum.instructions [DEBUG]: Evaluating DUP1 at 45
mythril.laser.ethereum.instructions [DEBUG]: Evaluating POP at 48
mythril.laser.ethereum.instructions [DEBUG]: Evaluating PUSH2 at 27
mythril.laser.ethereum.instructions [DEBUG]: Evaluating ISZERO at 75
mythril.laser.ethereum.instructions [DEBUG]: Evaluating REVERT at 46
mythril.laser.ethereum.svm [DEBUG]: Ending transaction MessageCallTransaction 2 from sender_2 to                                        0x0.
mythril.laser.ethereum.instructions [DEBUG]: Evaluating PUSH2 at 49
mythril.analysis.module.base [DEBUG]: Entering analysis module: TxOrigin
mythril.analysis.module.base [DEBUG]: Exiting analysis module: TxOrigin
mythril.analysis.module.base [DEBUG]: Entering analysis module: IntegerArithmetics
mythril.analysis.module.base [DEBUG]: Exiting analysis module: IntegerArithmetics
mythril.laser.ethereum.instructions [DEBUG]: Evaluating JUMPI at 28
mythril.laser.ethereum.svm [DEBUG]: - Entering function MAIN:unknown
mythril.laser.ethereum.instructions [DEBUG]: Evaluating PUSH2 at 76
mythril.laser.ethereum.instructions [DEBUG]: Evaluating PUSH20 at 50
mythril.laser.ethereum.instructions [DEBUG]: Evaluating DUP1 at 29
mythril.laser.ethereum.instructions [DEBUG]: Evaluating JUMPDEST at 104
mythril.analysis.module.base [DEBUG]: Entering analysis module: TxOrigin
mythril.analysis.module.base [DEBUG]: Exiting analysis module: TxOrigin
mythril.analysis.module.base [DEBUG]: Entering analysis module: IntegerArithmetics
mythril.analysis.module.base [DEBUG]: Exiting analysis module: IntegerArithmetics
mythril.laser.ethereum.instructions [DEBUG]: Evaluating JUMPI at 77
mythril.laser.ethereum.instructions [DEBUG]: Evaluating PUSH1 at 51
mythril.laser.ethereum.instructions [DEBUG]: Evaluating PUSH4 at 30
mythril.laser.ethereum.instructions [DEBUG]: Evaluating PUSH2 at 105
mythril.laser.ethereum.instructions [DEBUG]: Evaluating PUSH1 at 78
mythril.laser.ethereum.instructions [DEBUG]: Evaluating JUMPDEST at 81
mythril.laser.ethereum.instructions [DEBUG]: Evaluating CALLDATALOAD at 52
mythril.laser.ethereum.instructions [DEBUG]: Evaluating EQ at 31
mythril.laser.ethereum.instructions [DEBUG]: Evaluating PUSH1 at 106
mythril.laser.ethereum.instructions [DEBUG]: Evaluating DUP1 at 79
mythril.laser.ethereum.instructions [DEBUG]: Evaluating POP at 82
mythril.laser.ethereum.instructions [DEBUG]: Evaluating AND at 53
mythril.laser.ethereum.instructions [DEBUG]: Evaluating PUSH2 at 32
mythril.laser.ethereum.instructions [DEBUG]: Evaluating CALLDATALOAD at 107
mythril.laser.ethereum.instructions [DEBUG]: Evaluating REVERT at 80
mythril.laser.ethereum.svm [DEBUG]: Ending transaction MessageCallTransaction 2 from sender_2 to                                        0x0.
mythril.laser.ethereum.instructions [DEBUG]: Evaluating PUSH2 at 83
mythril.laser.ethereum.instructions [DEBUG]: Evaluating PUSH2 at 54
mythril.analysis.module.base [DEBUG]: Entering analysis module: TxOrigin
mythril.analysis.module.base [DEBUG]: Exiting analysis module: TxOrigin
mythril.analysis.module.base [DEBUG]: Entering analysis module: IntegerArithmetics
mythril.analysis.module.base [DEBUG]: Exiting analysis module: IntegerArithmetics
mythril.laser.ethereum.instructions [DEBUG]: Evaluating JUMPI at 33
mythril.laser.plugin.plugins.dependency_pruner [DEBUG]: Skipping state: Storage slots {keccak256_512(Concat(sender_1, 0))} not read in block at address 97, function
mythril.laser.ethereum.svm [DEBUG]: - Entering function MAIN:unknown
mythril.laser.ethereum.instructions [DEBUG]: Evaluating PUSH2 at 108
mythril.laser.ethereum.instructions [DEBUG]: Evaluating PUSH2 at 84
mythril.laser.ethereum.instructions [DEBUG]: Evaluating JUMP at 55
mythril.laser.ethereum.instructions [DEBUG]: Evaluating JUMPDEST at 112
mythril.laser.ethereum.instructions [DEBUG]: Evaluating JUMP at 109
mythril.laser.ethereum.instructions [DEBUG]: Evaluating JUMP at 85
mythril.laser.ethereum.instructions [DEBUG]: Evaluating JUMPDEST at 128
mythril.laser.ethereum.instructions [DEBUG]: Evaluating CALLVALUE at 113
mythril.laser.ethereum.instructions [DEBUG]: Evaluating JUMPDEST at 150
mythril.laser.ethereum.instructions [DEBUG]: Evaluating JUMPDEST at 143
mythril.laser.ethereum.instructions [DEBUG]: Evaluating PUSH1 at 129
mythril.laser.ethereum.instructions [DEBUG]: Evaluating DUP1 at 114
mythril.laser.ethereum.instructions [DEBUG]: Evaluating CALLVALUE at 151
mythril.laser.ethereum.instructions [DEBUG]: Evaluating PUSH8 at 144
mythril.laser.ethereum.instructions [DEBUG]: Evaluating PUSH1 at 130
mythril.laser.ethereum.instructions [DEBUG]: Evaluating ISZERO at 115
mythril.laser.ethereum.instructions [DEBUG]: Evaluating PUSH8 at 152
mythril.laser.ethereum.instructions [DEBUG]: Evaluating ADDRESS at 145
mythril.laser.ethereum.instructions [DEBUG]: Evaluating DUP2 at 131
mythril.laser.ethereum.instructions [DEBUG]: Evaluating PUSH2 at 116
mythril.laser.ethereum.instructions [DEBUG]: Evaluating DUP3 at 153
mythril.laser.ethereum.instructions [DEBUG]: Evaluating BALANCE at 146
mythril.laser.ethereum.instructions [DEBUG]: Evaluating SWAP1 at 132
mythril.analysis.module.base [DEBUG]: Entering analysis module: TxOrigin
mythril.analysis.module.base [DEBUG]: Exiting analysis module: TxOrigin
mythril.analysis.module.base [DEBUG]: Entering analysis module: IntegerArithmetics
mythril.analysis.module.base [DEBUG]: Exiting analysis module: IntegerArithmetics
mythril.laser.ethereum.instructions [DEBUG]: Evaluating JUMPI at 117
mythril.analysis.module.base [DEBUG]: Entering analysis module: IntegerArithmetics
mythril.analysis.module.base [DEBUG]: Exiting analysis module: IntegerArithmetics
mythril.laser.ethereum.instructions [DEBUG]: Evaluating MUL at 154
mythril.laser.ethereum.instructions [DEBUG]: Evaluating LT at 147
mythril.laser.ethereum.instructions [DEBUG]: Evaluating MSTORE at 133
mythril.laser.ethereum.instructions [DEBUG]: Evaluating PUSH1 at 118
mythril.laser.ethereum.instructions [DEBUG]: Evaluating JUMPDEST at 121
mythril.laser.ethereum.instructions [DEBUG]: Evaluating EQ at 155
mythril.laser.ethereum.instructions [DEBUG]: Evaluating SWAP1 at 148
mythril.laser.ethereum.instructions [DEBUG]: Evaluating SWAP1 at 134
mythril.laser.ethereum.instructions [DEBUG]: Evaluating DUP1 at 119
mythril.laser.ethereum.instructions [DEBUG]: Evaluating POP at 122
mythril.laser.ethereum.instructions [DEBUG]: Evaluating PUSH2 at 156
mythril.laser.ethereum.instructions [DEBUG]: Evaluating JUMP at 149
mythril.laser.ethereum.instructions [DEBUG]: Evaluating DUP2 at 135
mythril.laser.ethereum.instructions [DEBUG]: Evaluating REVERT at 120
mythril.laser.ethereum.svm [DEBUG]: Ending transaction MessageCallTransaction 2 from sender_2 to                                        0x0.
mythril.laser.ethereum.instructions [DEBUG]: Evaluating PUSH2 at 123
mythril.analysis.module.base [DEBUG]: Entering analysis module: TxOrigin
mythril.analysis.module.base [DEBUG]: Exiting analysis module: TxOrigin
mythril.analysis.module.base [DEBUG]: Entering analysis module: IntegerArithmetics
mythril.analysis.module.base [DEBUG]: Exiting analysis module: IntegerArithmetics
mythril.laser.ethereum.instructions [DEBUG]: Evaluating JUMPI at 157
mythril.laser.ethereum.instructions [DEBUG]: Evaluating JUMPDEST at 86
mythril.laser.ethereum.instructions [DEBUG]: Evaluating MSTORE at 136
mythril.laser.ethereum.instructions [DEBUG]: Evaluating PUSH1 at 124
mythril.laser.ethereum.instructions [DEBUG]: Evaluating PUSH1 at 158
mythril.laser.ethereum.instructions [DEBUG]: Evaluating JUMPDEST at 161
mythril.laser.ethereum.instructions [DEBUG]: Evaluating PUSH1 at 87
mythril.laser.ethereum.instructions [DEBUG]: Evaluating PUSH1 at 137
mythril.laser.ethereum.instructions [DEBUG]: Evaluating CALLDATALOAD at 125
mythril.laser.ethereum.instructions [DEBUG]: Evaluating DUP1 at 159
mythril.laser.ethereum.instructions [DEBUG]: Evaluating CALLER at 162
mythril.laser.ethereum.instructions [DEBUG]: Evaluating DUP1 at 88
mythril.laser.ethereum.instructions [DEBUG]: Evaluating SWAP1 at 138
mythril.laser.ethereum.instructions [DEBUG]: Evaluating PUSH2 at 126
mythril.laser.ethereum.instructions [DEBUG]: Evaluating REVERT at 160
mythril.laser.ethereum.svm [DEBUG]: Ending transaction MessageCallTransaction 2 from sender_2 to                                        0x0.
mythril.laser.ethereum.instructions [DEBUG]: Evaluating PUSH1 at 163
mythril.laser.ethereum.instructions [DEBUG]: Evaluating MLOAD at 89
mythril.laser.ethereum.instructions [DEBUG]: Evaluating SHA3 at 139
mythril.laser.ethereum.instructions [DEBUG]: Evaluating JUMP at 127
mythril.laser.ethereum.instructions [DEBUG]: Evaluating SWAP1 at 164
mythril.laser.ethereum.instructions [DEBUG]: Evaluating SWAP2 at 90
mythril.laser.ethereum.instructions [DEBUG]: Evaluating SLOAD at 140
mythril.laser.ethereum.instructions [DEBUG]: Evaluating JUMPDEST at 182
mythril.laser.ethereum.instructions [DEBUG]: Evaluating DUP2 at 165
mythril.laser.ethereum.instructions [DEBUG]: Evaluating ISZERO at 91
mythril.laser.ethereum.instructions [DEBUG]: Evaluating DUP2 at 141
mythril.laser.ethereum.instructions [DEBUG]: Evaluating CALLER at 183
mythril.laser.ethereum.instructions [DEBUG]: Evaluating MSTORE at 166
mythril.laser.ethereum.instructions [DEBUG]: Evaluating ISZERO at 92
mythril.laser.ethereum.instructions [DEBUG]: Evaluating JUMP at 142
mythril.laser.ethereum.instructions [DEBUG]: Evaluating PUSH1 at 184
mythril.laser.ethereum.instructions [DEBUG]: Evaluating PUSH1 at 167
mythril.laser.ethereum.instructions [DEBUG]: Evaluating DUP3 at 93
mythril.laser.ethereum.instructions [DEBUG]: Evaluating JUMPDEST at 56
mythril.laser.ethereum.instructions [DEBUG]: Evaluating SWAP1 at 185
mythril.laser.ethereum.instructions [DEBUG]: Evaluating DUP2 at 168
mythril.laser.ethereum.instructions [DEBUG]: Evaluating MSTORE at 94
mythril.laser.ethereum.instructions [DEBUG]: Evaluating PUSH1 at 57
mythril.laser.ethereum.instructions [DEBUG]: Evaluating DUP2 at 186
mythril.laser.ethereum.instructions [DEBUG]: Evaluating SWAP1 at 169
mythril.laser.ethereum.instructions [DEBUG]: Evaluating MLOAD at 95
mythril.laser.ethereum.instructions [DEBUG]: Evaluating DUP1 at 58
mythril.laser.ethereum.instructions [DEBUG]: Evaluating MSTORE at 187
mythril.laser.ethereum.instructions [DEBUG]: Evaluating MSTORE at 170
mythril.laser.ethereum.instructions [DEBUG]: Evaluating SWAP1 at 96
mythril.laser.ethereum.instructions [DEBUG]: Evaluating MLOAD at 59
mythril.laser.ethereum.instructions [DEBUG]: Evaluating PUSH1 at 188
mythril.laser.ethereum.instructions [DEBUG]: Evaluating PUSH1 at 171
mythril.laser.ethereum.instructions [DEBUG]: Evaluating DUP2 at 97
mythril.laser.ethereum.instructions [DEBUG]: Evaluating SWAP2 at 60
mythril.laser.ethereum.instructions [DEBUG]: Evaluating DUP2 at 189
mythril.laser.ethereum.instructions [DEBUG]: Evaluating SWAP1 at 172
mythril.laser.ethereum.instructions [DEBUG]: Evaluating SWAP1 at 98
mythril.laser.ethereum.instructions [DEBUG]: Evaluating DUP3 at 61
mythril.laser.ethereum.instructions [DEBUG]: Evaluating SWAP1 at 190
mythril.laser.ethereum.instructions [DEBUG]: Evaluating SHA3 at 173
mythril.analysis.module.base [DEBUG]: Entering analysis module: IntegerArithmetics
mythril.analysis.module.base [DEBUG]: Exiting analysis module: IntegerArithmetics
mythril.laser.ethereum.instructions [DEBUG]: Evaluating SUB at 99
mythril.laser.ethereum.instructions [DEBUG]: Evaluating MSTORE at 62
mythril.laser.ethereum.instructions [DEBUG]: Evaluating MSTORE at 191
mythril.laser.ethereum.instructions [DEBUG]: Evaluating DUP1 at 174
mythril.laser.ethereum.instructions [DEBUG]: Evaluating PUSH1 at 100
mythril.laser.ethereum.instructions [DEBUG]: Evaluating MLOAD at 63
mythril.laser.ethereum.instructions [DEBUG]: Evaluating PUSH1 at 192
mythril.laser.ethereum.instructions [DEBUG]: Evaluating SLOAD at 175
mythril.analysis.module.base [DEBUG]: Entering analysis module: IntegerArithmetics
mythril.analysis.module.base [DEBUG]: Exiting analysis module: IntegerArithmetics
mythril.laser.ethereum.instructions [DEBUG]: Evaluating ADD at 101
mythril.laser.ethereum.instructions [DEBUG]: Evaluating SWAP1 at 64
mythril.laser.ethereum.instructions [DEBUG]: Evaluating SWAP1 at 193
mythril.laser.ethereum.instructions [DEBUG]: Evaluating SWAP1 at 176
mythril.laser.ethereum.instructions [DEBUG]: Evaluating SWAP1 at 102
mythril.laser.ethereum.instructions [DEBUG]: Evaluating DUP2 at 65
mythril.laser.ethereum.instructions [DEBUG]: Evaluating SHA3 at 194
mythril.laser.ethereum.instructions [DEBUG]: Evaluating SWAP2 at 177
mythril.analysis.module.base [DEBUG]: Entering analysis module: IntegerArithmetics
mythril.analysis.module.base [DEBUG]: Exiting analysis module: IntegerArithmetics
mythril.analysis.module.base [DEBUG]: Entering analysis module: UncheckedRetval
mythril.analysis.module.base [DEBUG]: Exiting analysis module: UncheckedRetval
mythril.laser.ethereum.instructions [DEBUG]: Evaluating RETURN at 103
mythril.laser.ethereum.svm [DEBUG]: Ending transaction MessageCallTransaction 2 from sender_2 to                                        0x0.
mythril.laser.ethereum.instructions [DEBUG]: Evaluating SWAP1 at 66
mythril.laser.ethereum.instructions [DEBUG]: Evaluating SLOAD at 195
mythril.analysis.module.base [DEBUG]: Entering analysis module: IntegerArithmetics
mythril.analysis.module.base [DEBUG]: Exiting analysis module: IntegerArithmetics
mythril.laser.ethereum.instructions [DEBUG]: Evaluating ADD at 178
mythril.analysis.module.base [DEBUG]: Entering analysis module: IntegerArithmetics
mythril.analysis.module.base [DEBUG]: Exiting analysis module: IntegerArithmetics
mythril.laser.ethereum.instructions [DEBUG]: Evaluating SUB at 67
mythril.laser.ethereum.instructions [DEBUG]: Evaluating DUP2 at 196
mythril.laser.ethereum.instructions [DEBUG]: Evaluating SWAP1 at 179
mythril.laser.ethereum.instructions [DEBUG]: Evaluating PUSH1 at 68
mythril.laser.ethereum.instructions [DEBUG]: Evaluating GT at 197
mythril.analysis.module.base [DEBUG]: Entering analysis module: ArbitraryStorage
mythril.analysis.module.base [DEBUG]: Exiting analysis module: ArbitraryStorage
mythril.analysis.module.base [DEBUG]: Entering analysis module: IntegerArithmetics
mythril.analysis.module.base [DEBUG]: Exiting analysis module: IntegerArithmetics
mythril.analysis.module.base [DEBUG]: Entering analysis module: StateChangeAfterCall
mythril.analysis.module.base [DEBUG]: Exiting analysis module: StateChangeAfterCall
mythril.laser.ethereum.instructions [DEBUG]: Evaluating SSTORE at 180
mythril.analysis.module.base [DEBUG]: Entering analysis module: IntegerArithmetics
mythril.analysis.module.base [DEBUG]: Exiting analysis module: IntegerArithmetics
mythril.laser.ethereum.instructions [DEBUG]: Evaluating ADD at 69
mythril.laser.ethereum.instructions [DEBUG]: Evaluating ISZERO at 198
mythril.laser.ethereum.instructions [DEBUG]: Evaluating JUMP at 181
mythril.laser.ethereum.instructions [DEBUG]: Evaluating SWAP1 at 70
mythril.laser.ethereum.instructions [DEBUG]: Evaluating PUSH2 at 199
mythril.laser.ethereum.instructions [DEBUG]: Evaluating JUMPDEST at 110
mythril.analysis.module.base [DEBUG]: Entering analysis module: IntegerArithmetics
mythril.analysis.module.base [DEBUG]: Exiting analysis module: IntegerArithmetics
mythril.analysis.module.base [DEBUG]: Entering analysis module: UncheckedRetval
mythril.analysis.module.base [DEBUG]: Exiting analysis module: UncheckedRetval
mythril.laser.ethereum.instructions [DEBUG]: Evaluating RETURN at 71
mythril.laser.ethereum.svm [DEBUG]: Ending transaction MessageCallTransaction 2 from sender_2 to                                        0x0.
mythril.analysis.module.base [DEBUG]: Entering analysis module: TxOrigin
mythril.analysis.module.base [DEBUG]: Exiting analysis module: TxOrigin
mythril.analysis.module.base [DEBUG]: Entering analysis module: IntegerArithmetics
mythril.analysis.module.base [DEBUG]: Exiting analysis module: IntegerArithmetics
mythril.laser.ethereum.instructions [DEBUG]: Evaluating JUMPI at 200
mythril.analysis.module.base [DEBUG]: Entering analysis module: IntegerArithmetics
mythril.analysis.module.modules.integer [DEBUG]: Checking overflow in STOP at transaction end address 219, ostate address 289
mythril.analysis.module.base [DEBUG]: Exiting analysis module: IntegerArithmetics
mythril.analysis.module.base [DEBUG]: Entering analysis module: UncheckedRetval
mythril.analysis.module.base [DEBUG]: Exiting analysis module: UncheckedRetval
mythril.laser.ethereum.instructions [DEBUG]: Evaluating STOP at 111
mythril.laser.ethereum.svm [DEBUG]: Ending transaction MessageCallTransaction 2 from sender_2 to                                        0x0.
mythril.laser.ethereum.instructions [DEBUG]: Evaluating PUSH1 at 201
mythril.laser.ethereum.instructions [DEBUG]: Evaluating JUMPDEST at 204
mythril.laser.ethereum.instructions [DEBUG]: Evaluating DUP1 at 202
mythril.laser.ethereum.instructions [DEBUG]: Evaluating CALLER at 205
mythril.laser.ethereum.instructions [DEBUG]: Evaluating REVERT at 203
mythril.laser.ethereum.svm [DEBUG]: Ending transaction MessageCallTransaction 2 from sender_2 to                                        0x0.
mythril.laser.ethereum.instructions [DEBUG]: Evaluating PUSH1 at 206
mythril.laser.ethereum.instructions [DEBUG]: Evaluating DUP2 at 207
mythril.laser.ethereum.instructions [DEBUG]: Evaluating DUP2 at 208
mythril.laser.ethereum.instructions [DEBUG]: Evaluating MSTORE at 209
mythril.laser.ethereum.instructions [DEBUG]: Evaluating PUSH1 at 210
mythril.laser.ethereum.instructions [DEBUG]: Evaluating DUP2 at 211
mythril.laser.ethereum.instructions [DEBUG]: Evaluating SWAP1 at 212
mythril.laser.ethereum.instructions [DEBUG]: Evaluating MSTORE at 213
mythril.laser.ethereum.instructions [DEBUG]: Evaluating PUSH1 at 214
mythril.laser.ethereum.instructions [DEBUG]: Evaluating DUP1 at 215
mythril.laser.ethereum.instructions [DEBUG]: Evaluating DUP3 at 216
mythril.laser.ethereum.instructions [DEBUG]: Evaluating SHA3 at 217
mythril.laser.ethereum.instructions [DEBUG]: Evaluating DUP1 at 218
mythril.laser.ethereum.instructions [DEBUG]: Evaluating SLOAD at 219
mythril.laser.ethereum.instructions [DEBUG]: Evaluating DUP6 at 220
mythril.laser.ethereum.instructions [DEBUG]: Evaluating SWAP1 at 221
mythril.analysis.module.base [DEBUG]: Entering analysis module: IntegerArithmetics
mythril.analysis.module.base [DEBUG]: Exiting analysis module: IntegerArithmetics
mythril.laser.ethereum.instructions [DEBUG]: Evaluating SUB at 222
mythril.laser.ethereum.instructions [DEBUG]: Evaluating SWAP1 at 223
mythril.analysis.module.base [DEBUG]: Entering analysis module: ArbitraryStorage
mythril.analysis.module.base [DEBUG]: Exiting analysis module: ArbitraryStorage
mythril.analysis.module.base [DEBUG]: Entering analysis module: IntegerArithmetics
mythril.analysis.module.base [DEBUG]: Exiting analysis module: IntegerArithmetics
mythril.analysis.module.base [DEBUG]: Entering analysis module: StateChangeAfterCall
mythril.analysis.module.base [DEBUG]: Exiting analysis module: StateChangeAfterCall
mythril.laser.ethereum.instructions [DEBUG]: Evaluating SSTORE at 224
mythril.laser.ethereum.instructions [DEBUG]: Evaluating MLOAD at 225
mythril.laser.ethereum.instructions [DEBUG]: Evaluating PUSH8 at 226
mythril.laser.ethereum.instructions [DEBUG]: Evaluating DUP5 at 227
mythril.analysis.module.base [DEBUG]: Entering analysis module: IntegerArithmetics
mythril.analysis.module.base [DEBUG]: Exiting analysis module: IntegerArithmetics
mythril.laser.ethereum.instructions [DEBUG]: Evaluating MUL at 228
mythril.laser.ethereum.instructions [DEBUG]: Evaluating DUP1 at 229
mythril.laser.ethereum.instructions [DEBUG]: Evaluating ISZERO at 230
mythril.laser.ethereum.instructions [DEBUG]: Evaluating PUSH2 at 231
mythril.analysis.module.base [DEBUG]: Entering analysis module: IntegerArithmetics
mythril.analysis.module.base [DEBUG]: Exiting analysis module: IntegerArithmetics
mythril.laser.ethereum.instructions [DEBUG]: Evaluating MUL at 232
mythril.laser.ethereum.instructions [DEBUG]: Evaluating SWAP3 at 233
mythril.laser.ethereum.instructions [DEBUG]: Evaluating SWAP1 at 234
mythril.laser.ethereum.instructions [DEBUG]: Evaluating SWAP2 at 235
mythril.laser.ethereum.instructions [DEBUG]: Evaluating SWAP1 at 236
mythril.laser.ethereum.instructions [DEBUG]: Evaluating DUP2 at 237
mythril.laser.ethereum.instructions [DEBUG]: Evaluating DUP2 at 238
mythril.laser.ethereum.instructions [DEBUG]: Evaluating DUP2 at 239
mythril.laser.ethereum.instructions [DEBUG]: Evaluating DUP6 at 240
mythril.laser.ethereum.instructions [DEBUG]: Evaluating DUP9 at 241
mythril.laser.ethereum.instructions [DEBUG]: Evaluating DUP9 at 242
mythril.analysis.module.base [DEBUG]: Entering analysis module: IntegerArithmetics
mythril.analysis.module.base [DEBUG]: Exiting analysis module: IntegerArithmetics
mythril.analysis.module.base [DEBUG]: Entering analysis module: StateChangeAfterCall
mythril.analysis.module.base [DEBUG]: Exiting analysis module: StateChangeAfterCall
mythril.laser.ethereum.instructions [DEBUG]: Evaluating CALL at 243
mythril.laser.ethereum.call [DEBUG]: Symbolic call encountered
mythril.laser.ethereum.call [DEBUG]: CALL to: sender_2
mythril.laser.ethereum.instructions [DEBUG]: The call is related to ether transfer between accounts
mythril.analysis.module.base [DEBUG]: Entering analysis module: EtherThief
mythril.analysis.module.base [DEBUG]: Exiting analysis module: EtherThief
mythril.analysis.module.base [DEBUG]: Entering analysis module: UncheckedRetval
mythril.analysis.module.modules.unchecked_retval [DEBUG]: End of call, extracting retval
mythril.analysis.module.base [DEBUG]: Exiting analysis module: UncheckedRetval
mythril.laser.ethereum.instructions [DEBUG]: Evaluating SWAP4 at 244
mythril.laser.ethereum.instructions [DEBUG]: Evaluating POP at 245
mythril.laser.ethereum.instructions [DEBUG]: Evaluating POP at 246
mythril.laser.ethereum.instructions [DEBUG]: Evaluating POP at 247
mythril.laser.ethereum.instructions [DEBUG]: Evaluating POP at 248
mythril.laser.ethereum.instructions [DEBUG]: Evaluating ISZERO at 249
mythril.laser.ethereum.instructions [DEBUG]: Evaluating DUP1 at 250
mythril.laser.ethereum.instructions [DEBUG]: Evaluating ISZERO at 251
mythril.laser.ethereum.instructions [DEBUG]: Evaluating PUSH2 at 252
mythril.analysis.module.base [DEBUG]: Entering analysis module: TxOrigin
mythril.analysis.module.base [DEBUG]: Exiting analysis module: TxOrigin
mythril.analysis.module.base [DEBUG]: Entering analysis module: IntegerArithmetics
mythril.analysis.module.base [DEBUG]: Exiting analysis module: IntegerArithmetics
mythril.laser.ethereum.instructions [DEBUG]: Evaluating JUMPI at 253
mythril.laser.ethereum.instructions [DEBUG]: Evaluating RETURNDATASIZE at 254
mythril.laser.ethereum.instructions [DEBUG]: No last_return_data found, adding an unconstrained bitvec to the stack
mythril.laser.ethereum.instructions [DEBUG]: Evaluating JUMPDEST at 261
mythril.laser.ethereum.instructions [DEBUG]: Evaluating PUSH1 at 255
mythril.laser.ethereum.instructions [DEBUG]: Evaluating POP at 262
mythril.laser.ethereum.instructions [DEBUG]: Evaluating DUP1 at 256
mythril.laser.ethereum.instructions [DEBUG]: Evaluating POP at 263
mythril.laser.ethereum.instructions [DEBUG]: Evaluating RETURNDATACOPY at 257
mythril.laser.ethereum.instructions [DEBUG]: Unsupported symbolic max_length offset in RETURNDATACOPY
mythril.laser.ethereum.instructions [DEBUG]: Evaluating JUMP at 264
mythril.laser.ethereum.instructions [DEBUG]: Evaluating RETURNDATASIZE at 258
mythril.laser.ethereum.instructions [DEBUG]: No last_return_data found, adding an unconstrained bitvec to the stack
mythril.laser.ethereum.instructions [DEBUG]: Evaluating JUMPDEST at 110
mythril.laser.ethereum.instructions [DEBUG]: Evaluating PUSH1 at 259
mythril.analysis.module.base [DEBUG]: Entering analysis module: IntegerArithmetics
mythril.analysis.module.base [DEBUG]: Exiting analysis module: IntegerArithmetics
mythril.analysis.module.base [DEBUG]: Entering analysis module: UncheckedRetval
mythril.analysis.module.base [DEBUG]: Exiting analysis module: UncheckedRetval
mythril.laser.ethereum.instructions [DEBUG]: Evaluating STOP at 111
mythril.laser.ethereum.svm [DEBUG]: Ending transaction MessageCallTransaction 2 from sender_2 to                                        0x0.
mythril.laser.ethereum.instructions [DEBUG]: Evaluating REVERT at 260
mythril.laser.ethereum.instructions [DEBUG]: Return with symbolic length or offset. Not supported
mythril.laser.ethereum.svm [DEBUG]: Ending transaction MessageCallTransaction 2 from sender_2 to                                        0x0.
mythril.laser.plugin.plugins.coverage.coverage_plugin [INFO]: Number of new instructions covered in tx 1: 11
mythril.laser.ethereum.svm [INFO]: Finished symbolic execution
mythril.laser.plugin.plugins.coverage.coverage_plugin [INFO]: Achieved 99.62% coverage for code: 6080604052600436106100615763ffffffff7c010000000000000000000000000000000000000000000000000000000060003504166370a082318114610066578063b2fa1c9e146100a6578063d96a094a146100cf578063e4849b32146100dc575b600080fd5b34801561007257600080fd5b5061009473ffffffffffffffffffffffffffffffffffffffff600435166100f4565b60408051918252519081900360200190f35b3480156100b257600080fd5b506100bb610106565b604080519115158252519081900360200190f35b6100da600435610115565b005b3480156100e857600080fd5b506100da600435610143565b60006020819052908152604090205481565b670de0b6b3a764000030311090565b34670de0b6b3a764000082021461012b57600080fd5b33600090815260208190526040902080549091019055565b3360009081526020819052604090205481111561015f57600080fd5b336000818152602081905260408082208054859003905551670de0b6b3a7640000840280156108fc0292909190818181858888f193505050501580156101a9573d6000803e3d6000fd5b50505600a165627a7a72305820415633e3fa6b8a242fd6568590dead8f4b93c53c3c2d7e8a8681de641fd06a190029
mythril.laser.plugin.plugins.instruction_profiler [INFO]: Total: 1.1493871212005615 s
[ADD         ]   0.2897 %,  nr      5,  total   0.0033 s,  avg   0.0007 s,  min   0.0006 s,  max   0.0008 s
[ADDRESS     ]   0.0857 %,  nr      2,  total   0.0010 s,  avg   0.0005 s,  min   0.0005 s,  max   0.0005 s
[AND         ]   0.1996 %,  nr      4,  total   0.0023 s,  avg   0.0006 s,  min   0.0005 s,  max   0.0007 s
[BALANCE     ]   0.1162 %,  nr      2,  total   0.0013 s,  avg   0.0007 s,  min   0.0007 s,  max   0.0007 s
[CALL        ]   0.5276 %,  nr      2,  total   0.0061 s,  avg   0.0030 s,  min   0.0030 s,  max   0.0030 s
[CALLDATALOAD]  10.0662 %,  nr      8,  total   0.1157 s,  avg   0.0145 s,  min   0.0119 s,  max   0.0182 s
[CALLDATASIZE]   0.0936 %,  nr      2,  total   0.0011 s,  avg   0.0005 s,  min   0.0005 s,  max   0.0006 s
[CALLER      ]   0.2803 %,  nr      6,  total   0.0032 s,  avg   0.0005 s,  min   0.0005 s,  max   0.0006 s
[CALLVALUE   ]   0.3652 %,  nr      8,  total   0.0042 s,  avg   0.0005 s,  min   0.0005 s,  max   0.0007 s
[DIV         ]   0.1748 %,  nr      2,  total   0.0020 s,  avg   0.0010 s,  min   0.0008 s,  max   0.0012 s
[DUP1        ]   1.9938 %,  nr     39,  total   0.0229 s,  avg   0.0006 s,  min   0.0005 s,  max   0.0011 s
[DUP2        ]   1.4619 %,  nr     34,  total   0.0168 s,  avg   0.0005 s,  min   0.0004 s,  max   0.0007 s
[DUP3        ]   0.3556 %,  nr      8,  total   0.0041 s,  avg   0.0005 s,  min   0.0005 s,  max   0.0006 s
[DUP5        ]   0.1021 %,  nr      2,  total   0.0012 s,  avg   0.0006 s,  min   0.0006 s,  max   0.0006 s
[DUP6        ]   0.1735 %,  nr      4,  total   0.0020 s,  avg   0.0005 s,  min   0.0005 s,  max   0.0005 s
[DUP9        ]   0.1700 %,  nr      4,  total   0.0020 s,  avg   0.0005 s,  min   0.0005 s,  max   0.0005 s
[EQ          ]   0.5423 %,  nr     10,  total   0.0062 s,  avg   0.0006 s,  min   0.0005 s,  max   0.0008 s
[GT          ]   0.1064 %,  nr      2,  total   0.0012 s,  avg   0.0006 s,  min   0.0006 s,  max   0.0007 s
[ISZERO      ]   1.1706 %,  nr     18,  total   0.0135 s,  avg   0.0007 s,  min   0.0006 s,  max   0.0010 s
[JUMP        ]   1.5184 %,  nr     15,  total   0.0175 s,  avg   0.0012 s,  min   0.0010 s,  max   0.0025 s
[JUMPDEST    ]   1.9656 %,  nr     38,  total   0.0226 s,  avg   0.0006 s,  min   0.0004 s,  max   0.0021 s
[JUMPI       ]   3.9866 %,  nr     22,  total   0.0458 s,  avg   0.0021 s,  min   0.0016 s,  max   0.0029 s
[LT          ]   0.2305 %,  nr      4,  total   0.0026 s,  avg   0.0007 s,  min   0.0006 s,  max   0.0007 s
[MLOAD       ]  12.7946 %,  nr     10,  total   0.1471 s,  avg   0.0147 s,  min   0.0139 s,  max   0.0159 s
[MSTORE      ]  27.8086 %,  nr     22,  total   0.3196 s,  avg   0.0145 s,  min   0.0089 s,  max   0.0218 s
[MUL         ]   0.3757 %,  nr      6,  total   0.0043 s,  avg   0.0007 s,  min   0.0006 s,  max   0.0010 s
[POP         ]   0.7948 %,  nr     18,  total   0.0091 s,  avg   0.0005 s,  min   0.0005 s,  max   0.0006 s
[PUSH1       ]   3.2490 %,  nr     62,  total   0.0373 s,  avg   0.0006 s,  min   0.0005 s,  max   0.0010 s
[PUSH2       ]   2.1230 %,  nr     40,  total   0.0244 s,  avg   0.0006 s,  min   0.0005 s,  max   0.0010 s
[PUSH20      ]   0.1048 %,  nr      2,  total   0.0012 s,  avg   0.0006 s,  min   0.0005 s,  max   0.0007 s
[PUSH29      ]   0.1350 %,  nr      2,  total   0.0016 s,  avg   0.0008 s,  min   0.0006 s,  max   0.0010 s
[PUSH4       ]   0.6516 %,  nr     10,  total   0.0075 s,  avg   0.0007 s,  min   0.0005 s,  max   0.0012 s
[PUSH8       ]   0.2920 %,  nr      6,  total   0.0034 s,  avg   0.0006 s,  min   0.0005 s,  max   0.0006 s
[RETURNDATACOPY]   0.1105 %,  nr      2,  total   0.0013 s,  avg   0.0006 s,  min   0.0006 s,  max   0.0006 s
[RETURNDATASIZE]   0.2745 %,  nr      4,  total   0.0032 s,  avg   0.0008 s,  min   0.0006 s,  max   0.0011 s
[SHA3        ]  21.5692 %,  nr      8,  total   0.2479 s,  avg   0.0310 s,  min   0.0293 s,  max   0.0351 s
[SLOAD       ]   0.4150 %,  nr      7,  total   0.0048 s,  avg   0.0007 s,  min   0.0006 s,  max   0.0008 s
[SSTORE      ]   0.1662 %,  nr      3,  total   0.0019 s,  avg   0.0006 s,  min   0.0006 s,  max   0.0007 s
[SUB         ]   0.3819 %,  nr      6,  total   0.0044 s,  avg   0.0007 s,  min   0.0006 s,  max   0.0012 s
[SWAP1       ]   1.9304 %,  nr     44,  total   0.0222 s,  avg   0.0005 s,  min   0.0004 s,  max   0.0007 s
[SWAP2       ]   0.4732 %,  nr      7,  total   0.0054 s,  avg   0.0008 s,  min   0.0004 s,  max   0.0019 s
[SWAP3       ]   0.1869 %,  nr      2,  total   0.0021 s,  avg   0.0011 s,  min   0.0005 s,  max   0.0017 s
[SWAP4       ]   0.1869 %,  nr      2,  total   0.0021 s,  avg   0.0011 s,  min   0.0009 s,  max   0.0013 s

mythril.analysis.security [INFO]: Starting analysis
mythril.analysis.security [DEBUG]: Retrieving results for Caller can write to arbitrary storage locations
mythril.analysis.security [DEBUG]: Retrieving results for Delegatecall to a user-specified address
mythril.analysis.security [DEBUG]: Retrieving results for Control flow depends on tx.origin
mythril.analysis.security [DEBUG]: Retrieving results for Any sender can withdraw ETH from the contract account
mythril.analysis.security [DEBUG]: Retrieving results for Integer overflow or underflow
mythril.analysis.security [DEBUG]: Retrieving results for State change after an external call
mythril.analysis.security [DEBUG]: Retrieving results for Contract can be accidentally killed by anyone
mythril.analysis.security [DEBUG]: Retrieving results for Return value of an external call is not checked
mythril.mythril.mythril_analyzer [INFO]: Solver statistics: 
Query count: 83 
Solver time: 59.9152455329895
{"error": null, "issues": [{"address": 289, "contract": "MAIN", "description": "The arithmetic operator can overflow.\nIt is possible to cause an integer overflow or underflow in the arithmetic operation. ", "function": "buy(uint256)", "max_gas_used": 26360, "min_gas_used": 6075, "severity": "High", "sourceMap": 289, "swc-id": "101", "title": "Integer Arithmetic Bugs (multiplication)", "tx_sequence": {"initialState": {"accounts": {"0x0": {"balance": "0x60008000001000", "code": "6080604052600436106100615763ffffffff7c010000000000000000000000000000000000000000000000000000000060003504166370a082318114610066578063b2fa1c9e146100a6578063d96a094a146100cf578063e4849b32146100dc575b600080fd5b34801561007257600080fd5b5061009473ffffffffffffffffffffffffffffffffffffffff600435166100f4565b60408051918252519081900360200190f35b3480156100b257600080fd5b506100bb610106565b604080519115158252519081900360200190f35b6100da600435610115565b005b3480156100e857600080fd5b506100da600435610143565b60006020819052908152604090205481565b670de0b6b3a764000030311090565b34670de0b6b3a764000082021461012b57600080fd5b33600090815260208190526040902080549091019055565b3360009081526020819052604090205481111561015f57600080fd5b336000818152602081905260408082208054859003905551670de0b6b3a7640000840280156108fc0292909190818181858888f193505050501580156101a9573d6000803e3d6000fd5b50505600a165627a7a72305820415633e3fa6b8a242fd6568590dead8f4b93c53c3c2d7e8a8681de641fd06a190029", "nonce": 0, "storage": "{}"}, "0xdeadbeefdeadbeefdeadbeefdeadbeefdeadbeef": {"balance": "0x0", "code": "", "nonce": 0, "storage": "{}"}}}, "steps": [{"address": "0x0", "calldata": "0xe4849b32", "input": "0xe4849b32", "name": "sell(uint256)", "origin": "0xaaaaaaaaaaaaaaaaaaaaaaaaaaaaaaaaaaaaaaaa", "value": "0x0"}, {"address": "0x0", "calldata": "0xd96a094a20", "input": "0xd96a094a20", "name": "buy(uint256)", "origin": "0xaffeaffeaffeaffeaffeaffeaffeaffeaffeaffe", "value": "0x0"}]}}], "success": true}
