mythril.mythril.mythril_config [INFO]: Creating mythril data directory 
mythril.mythril.mythril_config [INFO]: No config file found. Creating default: /root/.mythril/config.ini 
mythril.mythril.mythril_config [INFO]: Infura key not provided, so onchain access is disabled. Use --infura-id <INFURA_ID> or set it in the environment variable INFURA_ID or in the ~/.mythril/config.ini file 
mythril.support.signatures [INFO]: Using signature database at /root/.mythril/signatures.db
mythril.laser.ethereum.svm [INFO]: LASER EVM initialized with dynamic loader: <mythril.support.loader.DynLoader object at 0x72d7fdf5df40>
mythril.laser.ethereum.strategy.extensions.bounded_loops [INFO]: Loaded search strategy extension: Loop bounds (limit = 3)
mythril.laser.plugin.loader [INFO]: Loading laser plugin: coverage
mythril.laser.plugin.loader [INFO]: Loading laser plugin: mutation-pruner
mythril.laser.plugin.loader [INFO]: Loading laser plugin: call-depth-limit
mythril.laser.plugin.loader [INFO]: Loading laser plugin: instruction-profiler
mythril.laser.plugin.loader [INFO]: Loading laser plugin: dependency-pruner
mythril.laser.plugin.loader [INFO]: Instrumenting symbolic vm with plugin: coverage
mythril.laser.plugin.loader [INFO]: Instrumenting symbolic vm with plugin: mutation-pruner
mythril.laser.plugin.loader [INFO]: Instrumenting symbolic vm with plugin: call-depth-limit
mythril.laser.plugin.loader [INFO]: Instrumenting symbolic vm with plugin: instruction-profiler
mythril.laser.plugin.loader [INFO]: Instrumenting symbolic vm with plugin: dependency-pruner
mythril.laser.ethereum.svm [DEBUG]: Starting LASER execution
mythril.laser.ethereum.svm [INFO]: Starting message call transaction to 0
mythril.laser.ethereum.svm [INFO]: Starting message call transaction, iteration: 0, 1 initial states
mythril.laser.ethereum.instructions [DEBUG]: Evaluating PUSH1 at 0
mythril.laser.ethereum.instructions [DEBUG]: Evaluating PUSH1 at 1
mythril.laser.ethereum.instructions [DEBUG]: Evaluating MSTORE at 2
mythril.laser.ethereum.instructions [DEBUG]: Evaluating PUSH1 at 3
mythril.laser.ethereum.instructions [DEBUG]: Evaluating CALLDATASIZE at 4
mythril.laser.ethereum.instructions [DEBUG]: Evaluating LT at 5
mythril.laser.ethereum.instructions [DEBUG]: Evaluating PUSH2 at 6
mythril.analysis.module.base [DEBUG]: Entering analysis module: TxOrigin
mythril.analysis.module.base [DEBUG]: Exiting analysis module: TxOrigin
mythril.analysis.module.base [DEBUG]: Entering analysis module: IntegerArithmetics
mythril.analysis.module.base [DEBUG]: Exiting analysis module: IntegerArithmetics
mythril.laser.ethereum.instructions [DEBUG]: Evaluating JUMPI at 7
mythril.laser.ethereum.instructions [DEBUG]: Evaluating PUSH4 at 8
mythril.laser.ethereum.instructions [DEBUG]: Evaluating JUMPDEST at 34
mythril.laser.ethereum.instructions [DEBUG]: Evaluating PUSH29 at 9
mythril.laser.ethereum.instructions [DEBUG]: Evaluating PUSH1 at 35
mythril.laser.ethereum.instructions [DEBUG]: Evaluating PUSH1 at 10
mythril.laser.ethereum.instructions [DEBUG]: Evaluating DUP1 at 36
mythril.laser.ethereum.instructions [DEBUG]: Evaluating CALLDATALOAD at 11
mythril.laser.ethereum.instructions [DEBUG]: Evaluating REVERT at 37
mythril.laser.ethereum.svm [DEBUG]: Ending transaction MessageCallTransaction 1 from sender_1 to                                        0x0.
mythril.laser.ethereum.instructions [DEBUG]: Evaluating DIV at 12
mythril.laser.ethereum.instructions [DEBUG]: Evaluating AND at 13
mythril.laser.ethereum.instructions [DEBUG]: Evaluating PUSH4 at 14
mythril.laser.ethereum.instructions [DEBUG]: Evaluating DUP2 at 15
mythril.laser.ethereum.instructions [DEBUG]: Evaluating EQ at 16
mythril.laser.ethereum.instructions [DEBUG]: Evaluating PUSH2 at 17
mythril.analysis.module.base [DEBUG]: Entering analysis module: TxOrigin
mythril.analysis.module.base [DEBUG]: Exiting analysis module: TxOrigin
mythril.analysis.module.base [DEBUG]: Entering analysis module: IntegerArithmetics
mythril.analysis.module.base [DEBUG]: Exiting analysis module: IntegerArithmetics
mythril.laser.ethereum.instructions [DEBUG]: Evaluating JUMPI at 18
mythril.laser.ethereum.instructions [DEBUG]: Evaluating DUP1 at 19
mythril.laser.ethereum.instructions [DEBUG]: Evaluating JUMPDEST at 38
mythril.laser.ethereum.instructions [DEBUG]: Evaluating PUSH4 at 20
mythril.laser.ethereum.instructions [DEBUG]: Evaluating CALLVALUE at 39
mythril.laser.ethereum.instructions [DEBUG]: Evaluating EQ at 21
mythril.laser.ethereum.instructions [DEBUG]: Evaluating DUP1 at 40
mythril.laser.ethereum.instructions [DEBUG]: Evaluating PUSH2 at 22
mythril.laser.ethereum.instructions [DEBUG]: Evaluating ISZERO at 41
mythril.analysis.module.base [DEBUG]: Entering analysis module: TxOrigin
mythril.analysis.module.base [DEBUG]: Exiting analysis module: TxOrigin
mythril.analysis.module.base [DEBUG]: Entering analysis module: IntegerArithmetics
mythril.analysis.module.base [DEBUG]: Exiting analysis module: IntegerArithmetics
mythril.laser.ethereum.instructions [DEBUG]: Evaluating JUMPI at 23
mythril.laser.ethereum.svm [DEBUG]: - Entering function MAIN:unknown
mythril.laser.ethereum.instructions [DEBUG]: Evaluating PUSH2 at 42
mythril.laser.ethereum.instructions [DEBUG]: Evaluating DUP1 at 24
mythril.laser.ethereum.instructions [DEBUG]: Evaluating JUMPDEST at 72
mythril.analysis.module.base [DEBUG]: Entering analysis module: TxOrigin
mythril.analysis.module.base [DEBUG]: Exiting analysis module: TxOrigin
mythril.analysis.module.base [DEBUG]: Entering analysis module: IntegerArithmetics
mythril.analysis.module.base [DEBUG]: Exiting analysis module: IntegerArithmetics
mythril.laser.ethereum.instructions [DEBUG]: Evaluating JUMPI at 43
mythril.laser.ethereum.instructions [DEBUG]: Evaluating PUSH4 at 25
mythril.laser.ethereum.instructions [DEBUG]: Evaluating CALLVALUE at 73
mythril.laser.ethereum.instructions [DEBUG]: Evaluating PUSH1 at 44
mythril.laser.ethereum.instructions [DEBUG]: Evaluating JUMPDEST at 47
mythril.laser.ethereum.instructions [DEBUG]: Evaluating EQ at 26
mythril.laser.ethereum.instructions [DEBUG]: Evaluating DUP1 at 74
mythril.laser.ethereum.instructions [DEBUG]: Evaluating DUP1 at 45
mythril.laser.ethereum.instructions [DEBUG]: Evaluating POP at 48
mythril.laser.ethereum.instructions [DEBUG]: Evaluating PUSH2 at 27
mythril.laser.ethereum.instructions [DEBUG]: Evaluating ISZERO at 75
mythril.laser.ethereum.instructions [DEBUG]: Evaluating REVERT at 46
mythril.laser.ethereum.svm [DEBUG]: Ending transaction MessageCallTransaction 1 from sender_1 to                                        0x0.
mythril.laser.ethereum.instructions [DEBUG]: Evaluating PUSH2 at 49
mythril.analysis.module.base [DEBUG]: Entering analysis module: TxOrigin
mythril.analysis.module.base [DEBUG]: Exiting analysis module: TxOrigin
mythril.analysis.module.base [DEBUG]: Entering analysis module: IntegerArithmetics
mythril.analysis.module.base [DEBUG]: Exiting analysis module: IntegerArithmetics
mythril.laser.ethereum.instructions [DEBUG]: Evaluating JUMPI at 28
mythril.laser.ethereum.svm [DEBUG]: - Entering function MAIN:unknown
mythril.laser.ethereum.instructions [DEBUG]: Evaluating PUSH2 at 76
mythril.laser.ethereum.instructions [DEBUG]: Evaluating PUSH20 at 50
mythril.laser.ethereum.instructions [DEBUG]: Evaluating DUP1 at 29
mythril.laser.ethereum.instructions [DEBUG]: Evaluating JUMPDEST at 104
mythril.analysis.module.base [DEBUG]: Entering analysis module: TxOrigin
mythril.analysis.module.base [DEBUG]: Exiting analysis module: TxOrigin
mythril.analysis.module.base [DEBUG]: Entering analysis module: IntegerArithmetics
mythril.analysis.module.base [DEBUG]: Exiting analysis module: IntegerArithmetics
mythril.laser.ethereum.instructions [DEBUG]: Evaluating JUMPI at 77
mythril.laser.ethereum.instructions [DEBUG]: Evaluating PUSH1 at 51
mythril.laser.ethereum.instructions [DEBUG]: Evaluating PUSH4 at 30
mythril.laser.ethereum.instructions [DEBUG]: Evaluating PUSH2 at 105
mythril.laser.ethereum.instructions [DEBUG]: Evaluating PUSH1 at 78
mythril.laser.ethereum.instructions [DEBUG]: Evaluating JUMPDEST at 81
mythril.laser.ethereum.instructions [DEBUG]: Evaluating CALLDATALOAD at 52
mythril.laser.ethereum.instructions [DEBUG]: Evaluating EQ at 31
mythril.laser.ethereum.instructions [DEBUG]: Evaluating PUSH1 at 106
mythril.laser.ethereum.instructions [DEBUG]: Evaluating DUP1 at 79
mythril.laser.ethereum.instructions [DEBUG]: Evaluating POP at 82
mythril.laser.ethereum.instructions [DEBUG]: Evaluating AND at 53
mythril.laser.ethereum.instructions [DEBUG]: Evaluating PUSH2 at 32
mythril.laser.ethereum.instructions [DEBUG]: Evaluating CALLDATALOAD at 107
mythril.laser.ethereum.instructions [DEBUG]: Evaluating REVERT at 80
mythril.laser.ethereum.svm [DEBUG]: Ending transaction MessageCallTransaction 1 from sender_1 to                                        0x0.
mythril.laser.ethereum.instructions [DEBUG]: Evaluating PUSH2 at 83
mythril.laser.ethereum.instructions [DEBUG]: Evaluating PUSH2 at 54
mythril.analysis.module.base [DEBUG]: Entering analysis module: TxOrigin
mythril.analysis.module.base [DEBUG]: Exiting analysis module: TxOrigin
mythril.analysis.module.base [DEBUG]: Entering analysis module: IntegerArithmetics
mythril.analysis.module.base [DEBUG]: Exiting analysis module: IntegerArithmetics
mythril.laser.ethereum.instructions [DEBUG]: Evaluating JUMPI at 33
mythril.laser.ethereum.svm [DEBUG]: - Entering function MAIN:unknown
mythril.laser.ethereum.instructions [DEBUG]: Evaluating PUSH2 at 108
mythril.laser.ethereum.instructions [DEBUG]: Evaluating PUSH2 at 84
mythril.laser.ethereum.instructions [DEBUG]: Evaluating JUMP at 55
mythril.laser.ethereum.instructions [DEBUG]: Evaluating JUMPDEST at 34
mythril.laser.ethereum.instructions [DEBUG]: Evaluating JUMPDEST at 112
mythril.laser.ethereum.instructions [DEBUG]: Evaluating JUMP at 109
mythril.laser.ethereum.instructions [DEBUG]: Evaluating JUMP at 85
mythril.laser.ethereum.instructions [DEBUG]: Evaluating JUMPDEST at 128
mythril.laser.ethereum.instructions [DEBUG]: Evaluating PUSH1 at 35
mythril.laser.ethereum.instructions [DEBUG]: Evaluating CALLVALUE at 113
mythril.laser.ethereum.instructions [DEBUG]: Evaluating JUMPDEST at 150
mythril.laser.ethereum.instructions [DEBUG]: Evaluating JUMPDEST at 143
mythril.laser.ethereum.instructions [DEBUG]: Evaluating PUSH1 at 129
mythril.laser.ethereum.instructions [DEBUG]: Evaluating DUP1 at 36
mythril.laser.ethereum.instructions [DEBUG]: Evaluating DUP1 at 114
mythril.laser.ethereum.instructions [DEBUG]: Evaluating CALLVALUE at 151
mythril.laser.ethereum.instructions [DEBUG]: Evaluating PUSH8 at 144
mythril.laser.ethereum.instructions [DEBUG]: Evaluating PUSH1 at 130
mythril.laser.ethereum.instructions [DEBUG]: Evaluating REVERT at 37
mythril.laser.ethereum.svm [DEBUG]: Ending transaction MessageCallTransaction 1 from sender_1 to                                        0x0.
mythril.laser.ethereum.instructions [DEBUG]: Evaluating ISZERO at 115
mythril.laser.ethereum.instructions [DEBUG]: Evaluating PUSH8 at 152
mythril.laser.ethereum.instructions [DEBUG]: Evaluating ADDRESS at 145
mythril.laser.ethereum.instructions [DEBUG]: Evaluating DUP2 at 131
mythril.laser.ethereum.instructions [DEBUG]: Evaluating PUSH2 at 116
mythril.laser.ethereum.instructions [DEBUG]: Evaluating DUP3 at 153
mythril.laser.ethereum.instructions [DEBUG]: Evaluating BALANCE at 146
mythril.laser.ethereum.instructions [DEBUG]: Evaluating SWAP1 at 132
mythril.analysis.module.base [DEBUG]: Entering analysis module: TxOrigin
mythril.analysis.module.base [DEBUG]: Exiting analysis module: TxOrigin
mythril.analysis.module.base [DEBUG]: Entering analysis module: IntegerArithmetics
mythril.analysis.module.base [DEBUG]: Exiting analysis module: IntegerArithmetics
mythril.laser.ethereum.instructions [DEBUG]: Evaluating JUMPI at 117
mythril.laser.ethereum.instructions [DEBUG]: Evaluating PUSH2 at 154
mythril.laser.ethereum.instructions [DEBUG]: Evaluating LT at 147
mythril.laser.ethereum.instructions [DEBUG]: Evaluating MSTORE at 133
mythril.laser.ethereum.instructions [DEBUG]: Evaluating PUSH1 at 118
mythril.laser.ethereum.instructions [DEBUG]: Evaluating JUMPDEST at 121
mythril.laser.ethereum.instructions [DEBUG]: Evaluating PUSH2 at 155
mythril.laser.ethereum.instructions [DEBUG]: Evaluating SWAP1 at 148
mythril.laser.ethereum.instructions [DEBUG]: Evaluating SWAP1 at 134
mythril.laser.ethereum.instructions [DEBUG]: Evaluating DUP1 at 119
mythril.laser.ethereum.instructions [DEBUG]: Evaluating POP at 122
mythril.laser.ethereum.instructions [DEBUG]: Evaluating JUMP at 156
mythril.laser.ethereum.instructions [DEBUG]: Evaluating JUMP at 149
mythril.laser.ethereum.instructions [DEBUG]: Evaluating DUP2 at 135
mythril.laser.ethereum.instructions [DEBUG]: Evaluating REVERT at 120
mythril.laser.ethereum.svm [DEBUG]: Ending transaction MessageCallTransaction 1 from sender_1 to                                        0x0.
mythril.laser.ethereum.instructions [DEBUG]: Evaluating PUSH2 at 123
mythril.laser.ethereum.instructions [DEBUG]: Evaluating JUMPDEST at 272
mythril.laser.ethereum.instructions [DEBUG]: Evaluating JUMPDEST at 86
mythril.laser.ethereum.instructions [DEBUG]: Evaluating MSTORE at 136
mythril.laser.ethereum.instructions [DEBUG]: Evaluating PUSH1 at 124
mythril.laser.ethereum.instructions [DEBUG]: Evaluating DUP3 at 273
mythril.laser.ethereum.instructions [DEBUG]: Evaluating PUSH1 at 87
mythril.laser.ethereum.instructions [DEBUG]: Evaluating PUSH1 at 137
mythril.laser.ethereum.instructions [DEBUG]: Evaluating CALLDATALOAD at 125
mythril.laser.ethereum.instructions [DEBUG]: Evaluating DUP3 at 274
mythril.laser.ethereum.instructions [DEBUG]: Evaluating DUP1 at 88
mythril.laser.ethereum.instructions [DEBUG]: Evaluating SWAP1 at 138
mythril.laser.ethereum.instructions [DEBUG]: Evaluating PUSH2 at 126
mythril.analysis.module.base [DEBUG]: Entering analysis module: IntegerArithmetics
mythril.analysis.module.base [DEBUG]: Exiting analysis module: IntegerArithmetics
mythril.laser.ethereum.instructions [DEBUG]: Evaluating MUL at 275
mythril.laser.ethereum.instructions [DEBUG]: Evaluating MLOAD at 89
mythril.laser.ethereum.instructions [DEBUG]: Evaluating SHA3 at 139
mythril.laser.ethereum.instructions [DEBUG]: Evaluating JUMP at 127
mythril.laser.ethereum.instructions [DEBUG]: Evaluating SWAP3 at 276
mythril.laser.ethereum.instructions [DEBUG]: Evaluating SWAP2 at 90
mythril.laser.ethereum.instructions [DEBUG]: Evaluating SLOAD at 140
mythril.laser.ethereum.instructions [DEBUG]: Evaluating JUMPDEST at 188
mythril.laser.ethereum.instructions [DEBUG]: Evaluating DUP1 at 277
mythril.laser.ethereum.instructions [DEBUG]: Evaluating ISZERO at 91
mythril.laser.ethereum.instructions [DEBUG]: Evaluating DUP2 at 141
mythril.laser.ethereum.instructions [DEBUG]: Evaluating CALLER at 189
mythril.laser.ethereum.instructions [DEBUG]: Evaluating ISZERO at 278
mythril.laser.ethereum.instructions [DEBUG]: Evaluating ISZERO at 92
mythril.laser.ethereum.instructions [DEBUG]: Evaluating JUMP at 142
mythril.laser.ethereum.instructions [DEBUG]: Evaluating PUSH1 at 190
mythril.laser.ethereum.instructions [DEBUG]: Evaluating DUP3 at 279
mythril.laser.ethereum.instructions [DEBUG]: Evaluating DUP3 at 93
mythril.laser.ethereum.instructions [DEBUG]: Evaluating JUMPDEST at 56
mythril.laser.ethereum.instructions [DEBUG]: Evaluating SWAP1 at 191
mythril.analysis.module.base [DEBUG]: Entering analysis module: TxOrigin
mythril.analysis.module.base [DEBUG]: Exiting analysis module: TxOrigin
mythril.analysis.module.base [DEBUG]: Entering analysis module: IntegerArithmetics
mythril.analysis.module.base [DEBUG]: Exiting analysis module: IntegerArithmetics
mythril.laser.ethereum.instructions [DEBUG]: Evaluating JUMPI at 280
mythril.laser.ethereum.instructions [DEBUG]: Pruned unreachable states.
mythril.laser.ethereum.instructions [DEBUG]: Evaluating MSTORE at 94
mythril.laser.ethereum.instructions [DEBUG]: Evaluating PUSH1 at 57
mythril.laser.ethereum.instructions [DEBUG]: Evaluating DUP2 at 192
mythril.laser.ethereum.instructions [DEBUG]: Evaluating DUP1 at 281
mythril.laser.ethereum.instructions [DEBUG]: Evaluating MLOAD at 95
mythril.laser.ethereum.instructions [DEBUG]: Evaluating DUP1 at 58
mythril.laser.ethereum.instructions [DEBUG]: Evaluating MSTORE at 193
mythril.laser.ethereum.instructions [DEBUG]: Evaluating DUP5 at 282
mythril.laser.ethereum.instructions [DEBUG]: Evaluating SWAP1 at 96
mythril.laser.ethereum.instructions [DEBUG]: Evaluating MLOAD at 59
mythril.laser.ethereum.instructions [DEBUG]: Evaluating PUSH1 at 194
mythril.laser.ethereum.instructions [DEBUG]: Evaluating DIV at 283
mythril.laser.ethereum.instructions [DEBUG]: Evaluating DUP2 at 97
mythril.laser.ethereum.instructions [DEBUG]: Evaluating SWAP2 at 60
mythril.laser.ethereum.instructions [DEBUG]: Evaluating DUP2 at 195
mythril.laser.ethereum.instructions [DEBUG]: Evaluating DUP4 at 284
mythril.laser.ethereum.instructions [DEBUG]: Evaluating SWAP1 at 98
mythril.laser.ethereum.instructions [DEBUG]: Evaluating DUP3 at 61
mythril.laser.ethereum.instructions [DEBUG]: Evaluating SWAP1 at 196
mythril.laser.ethereum.instructions [DEBUG]: Evaluating EQ at 285
mythril.analysis.module.base [DEBUG]: Entering analysis module: IntegerArithmetics
mythril.analysis.module.base [DEBUG]: Exiting analysis module: IntegerArithmetics
mythril.laser.ethereum.instructions [DEBUG]: Evaluating SUB at 99
mythril.laser.ethereum.instructions [DEBUG]: Evaluating MSTORE at 62
mythril.laser.ethereum.instructions [DEBUG]: Evaluating MSTORE at 197
mythril.laser.ethereum.instructions [DEBUG]: Evaluating DUP3 at 286
mythril.laser.ethereum.instructions [DEBUG]: Evaluating PUSH1 at 100
mythril.laser.ethereum.instructions [DEBUG]: Evaluating MLOAD at 63
mythril.laser.ethereum.instructions [DEBUG]: Evaluating PUSH1 at 198
mythril.analysis.module.base [DEBUG]: Entering analysis module: TxOrigin
mythril.analysis.module.base [DEBUG]: Exiting analysis module: TxOrigin
mythril.analysis.module.base [DEBUG]: Entering analysis module: IntegerArithmetics
mythril.analysis.module.base [DEBUG]: Exiting analysis module: IntegerArithmetics
mythril.laser.ethereum.instructions [DEBUG]: Evaluating JUMPI at 287
mythril.support.model [DEBUG]: Timeout/Error encountered while solving expression using z3
mythril.support.model [DEBUG]: Timeout/Error encountered while solving expression using z3
mythril.analysis.module.base [DEBUG]: Entering analysis module: IntegerArithmetics
mythril.analysis.module.base [DEBUG]: Exiting analysis module: IntegerArithmetics
mythril.laser.ethereum.instructions [DEBUG]: Evaluating ADD at 101
mythril.laser.ethereum.instructions [DEBUG]: Evaluating SWAP1 at 64
mythril.laser.ethereum.instructions [DEBUG]: Evaluating SWAP1 at 199
mythril.laser.ethereum.instructions [DEBUG]: Evaluating SWAP1 at 102
mythril.laser.ethereum.instructions [DEBUG]: Evaluating DUP2 at 65
mythril.laser.ethereum.instructions [DEBUG]: Evaluating SHA3 at 200
mythril.analysis.module.base [DEBUG]: Entering analysis module: IntegerArithmetics
mythril.analysis.module.base [DEBUG]: Exiting analysis module: IntegerArithmetics
mythril.analysis.module.base [DEBUG]: Entering analysis module: UncheckedRetval
mythril.analysis.module.base [DEBUG]: Exiting analysis module: UncheckedRetval
mythril.laser.ethereum.instructions [DEBUG]: Evaluating RETURN at 103
mythril.laser.ethereum.svm [DEBUG]: Ending transaction MessageCallTransaction 1 from sender_1 to                                        0x0.
mythril.laser.ethereum.instructions [DEBUG]: Evaluating SWAP1 at 66
mythril.laser.ethereum.instructions [DEBUG]: Evaluating SLOAD at 201
mythril.analysis.module.base [DEBUG]: Entering analysis module: IntegerArithmetics
mythril.analysis.module.base [DEBUG]: Exiting analysis module: IntegerArithmetics
mythril.laser.ethereum.instructions [DEBUG]: Evaluating SUB at 67
mythril.laser.ethereum.instructions [DEBUG]: Evaluating DUP2 at 202
mythril.laser.ethereum.instructions [DEBUG]: Evaluating PUSH1 at 68
mythril.laser.ethereum.instructions [DEBUG]: Evaluating GT at 203
mythril.analysis.module.base [DEBUG]: Entering analysis module: IntegerArithmetics
mythril.analysis.module.base [DEBUG]: Exiting analysis module: IntegerArithmetics
mythril.laser.ethereum.instructions [DEBUG]: Evaluating ADD at 69
mythril.laser.ethereum.instructions [DEBUG]: Evaluating ISZERO at 204
mythril.laser.ethereum.instructions [DEBUG]: Evaluating SWAP1 at 70
mythril.laser.ethereum.instructions [DEBUG]: Evaluating PUSH2 at 205
mythril.analysis.module.base [DEBUG]: Entering analysis module: IntegerArithmetics
mythril.analysis.module.base [DEBUG]: Exiting analysis module: IntegerArithmetics
mythril.analysis.module.base [DEBUG]: Entering analysis module: UncheckedRetval
mythril.analysis.module.base [DEBUG]: Exiting analysis module: UncheckedRetval
mythril.laser.ethereum.instructions [DEBUG]: Evaluating RETURN at 71
mythril.laser.ethereum.svm [DEBUG]: Ending transaction MessageCallTransaction 1 from sender_1 to                                        0x0.
mythril.analysis.module.base [DEBUG]: Entering analysis module: TxOrigin
mythril.analysis.module.base [DEBUG]: Exiting analysis module: TxOrigin
mythril.analysis.module.base [DEBUG]: Entering analysis module: IntegerArithmetics
mythril.analysis.module.base [DEBUG]: Exiting analysis module: IntegerArithmetics
mythril.laser.ethereum.instructions [DEBUG]: Evaluating JUMPI at 206
mythril.laser.ethereum.instructions [DEBUG]: Evaluating PUSH1 at 207
mythril.laser.ethereum.instructions [DEBUG]: Evaluating JUMPDEST at 210
mythril.laser.ethereum.instructions [DEBUG]: Evaluating DUP1 at 208
mythril.laser.ethereum.instructions [DEBUG]: Evaluating CALLER at 211
mythril.laser.ethereum.instructions [DEBUG]: Evaluating REVERT at 209
mythril.laser.ethereum.svm [DEBUG]: Ending transaction MessageCallTransaction 1 from sender_1 to                                        0x0.
mythril.laser.ethereum.instructions [DEBUG]: Evaluating PUSH1 at 212
mythril.laser.ethereum.instructions [DEBUG]: Evaluating DUP2 at 213
mythril.laser.ethereum.instructions [DEBUG]: Evaluating DUP2 at 214
mythril.laser.ethereum.instructions [DEBUG]: Evaluating MSTORE at 215
mythril.laser.ethereum.instructions [DEBUG]: Evaluating PUSH1 at 216
mythril.laser.ethereum.instructions [DEBUG]: Evaluating DUP2 at 217
mythril.laser.ethereum.instructions [DEBUG]: Evaluating SWAP1 at 218
mythril.laser.ethereum.instructions [DEBUG]: Evaluating MSTORE at 219
mythril.laser.ethereum.instructions [DEBUG]: Evaluating PUSH1 at 220
mythril.laser.ethereum.instructions [DEBUG]: Evaluating DUP1 at 221
mythril.laser.ethereum.instructions [DEBUG]: Evaluating DUP3 at 222
mythril.laser.ethereum.instructions [DEBUG]: Evaluating SHA3 at 223
mythril.laser.ethereum.instructions [DEBUG]: Evaluating DUP1 at 224
mythril.laser.ethereum.instructions [DEBUG]: Evaluating SLOAD at 225
mythril.laser.ethereum.instructions [DEBUG]: Evaluating DUP6 at 226
mythril.laser.ethereum.instructions [DEBUG]: Evaluating SWAP1 at 227
mythril.analysis.module.base [DEBUG]: Entering analysis module: IntegerArithmetics
mythril.analysis.module.base [DEBUG]: Exiting analysis module: IntegerArithmetics
mythril.laser.ethereum.instructions [DEBUG]: Evaluating SUB at 228
mythril.laser.ethereum.instructions [DEBUG]: Evaluating SWAP1 at 229
mythril.analysis.module.base [DEBUG]: Entering analysis module: ArbitraryStorage
mythril.analysis.module.base [DEBUG]: Exiting analysis module: ArbitraryStorage
mythril.analysis.module.base [DEBUG]: Entering analysis module: IntegerArithmetics
mythril.analysis.module.base [DEBUG]: Exiting analysis module: IntegerArithmetics
mythril.analysis.module.base [DEBUG]: Entering analysis module: StateChangeAfterCall
mythril.analysis.module.base [DEBUG]: Exiting analysis module: StateChangeAfterCall
mythril.laser.ethereum.instructions [DEBUG]: Evaluating SSTORE at 230
mythril.laser.ethereum.instructions [DEBUG]: Evaluating MLOAD at 231
mythril.laser.ethereum.instructions [DEBUG]: Evaluating PUSH8 at 232
mythril.laser.ethereum.instructions [DEBUG]: Evaluating DUP5 at 233
mythril.analysis.module.base [DEBUG]: Entering analysis module: IntegerArithmetics
mythril.analysis.module.base [DEBUG]: Exiting analysis module: IntegerArithmetics
mythril.laser.ethereum.instructions [DEBUG]: Evaluating MUL at 234
mythril.laser.ethereum.instructions [DEBUG]: Evaluating DUP1 at 235
mythril.laser.ethereum.instructions [DEBUG]: Evaluating ISZERO at 236
mythril.laser.ethereum.instructions [DEBUG]: Evaluating PUSH2 at 237
mythril.analysis.module.base [DEBUG]: Entering analysis module: IntegerArithmetics
mythril.analysis.module.base [DEBUG]: Exiting analysis module: IntegerArithmetics
mythril.laser.ethereum.instructions [DEBUG]: Evaluating MUL at 238
mythril.laser.ethereum.instructions [DEBUG]: Evaluating SWAP3 at 239
mythril.laser.ethereum.instructions [DEBUG]: Evaluating SWAP1 at 240
mythril.laser.ethereum.instructions [DEBUG]: Evaluating SWAP2 at 241
mythril.laser.ethereum.instructions [DEBUG]: Evaluating SWAP1 at 242
mythril.laser.ethereum.instructions [DEBUG]: Evaluating DUP2 at 243
mythril.laser.ethereum.instructions [DEBUG]: Evaluating DUP2 at 244
mythril.laser.ethereum.instructions [DEBUG]: Evaluating DUP2 at 245
mythril.laser.ethereum.instructions [DEBUG]: Evaluating DUP6 at 246
mythril.laser.ethereum.instructions [DEBUG]: Evaluating DUP9 at 247
mythril.laser.ethereum.instructions [DEBUG]: Evaluating DUP9 at 248
mythril.analysis.module.base [DEBUG]: Entering analysis module: IntegerArithmetics
mythril.analysis.module.base [DEBUG]: Exiting analysis module: IntegerArithmetics
mythril.analysis.module.base [DEBUG]: Entering analysis module: StateChangeAfterCall
mythril.analysis.module.base [DEBUG]: Exiting analysis module: StateChangeAfterCall
mythril.laser.ethereum.instructions [DEBUG]: Evaluating CALL at 249
mythril.laser.ethereum.call [DEBUG]: Symbolic call encountered
mythril.laser.ethereum.call [DEBUG]: CALL to: sender_1
mythril.laser.ethereum.instructions [DEBUG]: The call is related to ether transfer between accounts
mythril.analysis.module.base [DEBUG]: Entering analysis module: EtherThief
mythril.analysis.module.base [DEBUG]: Exiting analysis module: EtherThief
mythril.analysis.module.base [DEBUG]: Entering analysis module: UncheckedRetval
mythril.analysis.module.modules.unchecked_retval [DEBUG]: End of call, extracting retval
mythril.analysis.module.base [DEBUG]: Exiting analysis module: UncheckedRetval
mythril.laser.ethereum.instructions [DEBUG]: Evaluating SWAP4 at 250
mythril.laser.ethereum.instructions [DEBUG]: Evaluating POP at 251
mythril.laser.ethereum.instructions [DEBUG]: Evaluating POP at 252
mythril.laser.ethereum.instructions [DEBUG]: Evaluating POP at 253
mythril.laser.ethereum.instructions [DEBUG]: Evaluating POP at 254
mythril.laser.ethereum.instructions [DEBUG]: Evaluating ISZERO at 255
mythril.laser.ethereum.instructions [DEBUG]: Evaluating DUP1 at 256
mythril.laser.ethereum.instructions [DEBUG]: Evaluating ISZERO at 257
mythril.laser.ethereum.instructions [DEBUG]: Evaluating PUSH2 at 258
mythril.analysis.module.base [DEBUG]: Entering analysis module: TxOrigin
mythril.analysis.module.base [DEBUG]: Exiting analysis module: TxOrigin
mythril.analysis.module.base [DEBUG]: Entering analysis module: IntegerArithmetics
mythril.analysis.module.base [DEBUG]: Exiting analysis module: IntegerArithmetics
mythril.laser.ethereum.instructions [DEBUG]: Evaluating JUMPI at 259
mythril.laser.ethereum.instructions [DEBUG]: Evaluating RETURNDATASIZE at 260
mythril.laser.ethereum.instructions [DEBUG]: No last_return_data found, adding an unconstrained bitvec to the stack
mythril.laser.ethereum.instructions [DEBUG]: Evaluating JUMPDEST at 267
mythril.laser.ethereum.instructions [DEBUG]: Evaluating PUSH1 at 261
mythril.laser.ethereum.instructions [DEBUG]: Evaluating POP at 268
mythril.laser.ethereum.instructions [DEBUG]: Evaluating DUP1 at 262
mythril.laser.ethereum.instructions [DEBUG]: Evaluating POP at 269
mythril.laser.ethereum.instructions [DEBUG]: Evaluating RETURNDATACOPY at 263
mythril.laser.ethereum.instructions [DEBUG]: Unsupported symbolic max_length offset in RETURNDATACOPY
mythril.laser.ethereum.instructions [DEBUG]: Evaluating JUMP at 270
mythril.laser.ethereum.instructions [DEBUG]: Evaluating RETURNDATASIZE at 264
mythril.laser.ethereum.instructions [DEBUG]: No last_return_data found, adding an unconstrained bitvec to the stack
mythril.laser.ethereum.instructions [DEBUG]: Evaluating JUMPDEST at 110
mythril.laser.ethereum.instructions [DEBUG]: Evaluating PUSH1 at 265
mythril.analysis.module.base [DEBUG]: Entering analysis module: IntegerArithmetics
mythril.analysis.module.base [DEBUG]: Exiting analysis module: IntegerArithmetics
mythril.analysis.module.base [DEBUG]: Entering analysis module: UncheckedRetval
mythril.analysis.module.base [DEBUG]: Exiting analysis module: UncheckedRetval
mythril.laser.ethereum.instructions [DEBUG]: Evaluating STOP at 111
mythril.laser.ethereum.svm [DEBUG]: Ending transaction MessageCallTransaction 1 from sender_1 to                                        0x0.
mythril.laser.ethereum.instructions [DEBUG]: Evaluating REVERT at 266
mythril.laser.ethereum.instructions [DEBUG]: Return with symbolic length or offset. Not supported
mythril.laser.ethereum.svm [DEBUG]: Ending transaction MessageCallTransaction 1 from sender_1 to                                        0x0.
mythril.laser.plugin.plugins.coverage.coverage_plugin [INFO]: Number of new instructions covered in tx 0: 256
mythril.laser.ethereum.svm [INFO]: Starting message call transaction, iteration: 1, 1 initial states
mythril.laser.ethereum.instructions [DEBUG]: Evaluating PUSH1 at 0
mythril.laser.ethereum.instructions [DEBUG]: Evaluating PUSH1 at 1
mythril.laser.ethereum.instructions [DEBUG]: Evaluating MSTORE at 2
mythril.laser.ethereum.instructions [DEBUG]: Evaluating PUSH1 at 3
mythril.laser.ethereum.instructions [DEBUG]: Evaluating CALLDATASIZE at 4
mythril.laser.ethereum.instructions [DEBUG]: Evaluating LT at 5
mythril.laser.ethereum.instructions [DEBUG]: Evaluating PUSH2 at 6
mythril.analysis.module.base [DEBUG]: Entering analysis module: TxOrigin
mythril.analysis.module.base [DEBUG]: Exiting analysis module: TxOrigin
mythril.analysis.module.base [DEBUG]: Entering analysis module: IntegerArithmetics
mythril.analysis.module.base [DEBUG]: Exiting analysis module: IntegerArithmetics
mythril.laser.ethereum.instructions [DEBUG]: Evaluating JUMPI at 7
mythril.laser.ethereum.instructions [DEBUG]: Evaluating PUSH4 at 8
mythril.laser.ethereum.instructions [DEBUG]: Evaluating JUMPDEST at 34
mythril.laser.ethereum.instructions [DEBUG]: Evaluating PUSH29 at 9
mythril.laser.ethereum.instructions [DEBUG]: Evaluating PUSH1 at 35
mythril.laser.ethereum.instructions [DEBUG]: Evaluating PUSH1 at 10
mythril.laser.ethereum.instructions [DEBUG]: Evaluating DUP1 at 36
mythril.laser.ethereum.instructions [DEBUG]: Evaluating CALLDATALOAD at 11
mythril.laser.ethereum.instructions [DEBUG]: Evaluating REVERT at 37
mythril.laser.ethereum.svm [DEBUG]: Ending transaction MessageCallTransaction 2 from sender_2 to                                        0x0.
mythril.laser.ethereum.instructions [DEBUG]: Evaluating DIV at 12
mythril.laser.ethereum.instructions [DEBUG]: Evaluating AND at 13
mythril.laser.ethereum.instructions [DEBUG]: Evaluating PUSH4 at 14
mythril.laser.ethereum.instructions [DEBUG]: Evaluating DUP2 at 15
mythril.laser.ethereum.instructions [DEBUG]: Evaluating EQ at 16
mythril.laser.ethereum.instructions [DEBUG]: Evaluating PUSH2 at 17
mythril.analysis.module.base [DEBUG]: Entering analysis module: TxOrigin
mythril.analysis.module.base [DEBUG]: Exiting analysis module: TxOrigin
mythril.analysis.module.base [DEBUG]: Entering analysis module: IntegerArithmetics
mythril.analysis.module.base [DEBUG]: Exiting analysis module: IntegerArithmetics
mythril.laser.ethereum.instructions [DEBUG]: Evaluating JUMPI at 18
mythril.laser.ethereum.instructions [DEBUG]: Evaluating DUP1 at 19
mythril.laser.ethereum.instructions [DEBUG]: Evaluating JUMPDEST at 38
mythril.laser.ethereum.instructions [DEBUG]: Evaluating PUSH4 at 20
mythril.laser.ethereum.instructions [DEBUG]: Evaluating CALLVALUE at 39
mythril.laser.ethereum.instructions [DEBUG]: Evaluating EQ at 21
mythril.laser.ethereum.instructions [DEBUG]: Evaluating DUP1 at 40
mythril.laser.ethereum.instructions [DEBUG]: Evaluating PUSH2 at 22
mythril.laser.ethereum.instructions [DEBUG]: Evaluating ISZERO at 41
mythril.analysis.module.base [DEBUG]: Entering analysis module: TxOrigin
mythril.analysis.module.base [DEBUG]: Exiting analysis module: TxOrigin
mythril.analysis.module.base [DEBUG]: Entering analysis module: IntegerArithmetics
mythril.analysis.module.base [DEBUG]: Exiting analysis module: IntegerArithmetics
mythril.laser.ethereum.instructions [DEBUG]: Evaluating JUMPI at 23
mythril.laser.ethereum.svm [DEBUG]: - Entering function MAIN:unknown
mythril.laser.ethereum.instructions [DEBUG]: Evaluating PUSH2 at 42
mythril.laser.ethereum.instructions [DEBUG]: Evaluating DUP1 at 24
mythril.laser.ethereum.instructions [DEBUG]: Evaluating JUMPDEST at 72
mythril.analysis.module.base [DEBUG]: Entering analysis module: TxOrigin
mythril.analysis.module.base [DEBUG]: Exiting analysis module: TxOrigin
mythril.analysis.module.base [DEBUG]: Entering analysis module: IntegerArithmetics
mythril.analysis.module.base [DEBUG]: Exiting analysis module: IntegerArithmetics
mythril.laser.ethereum.instructions [DEBUG]: Evaluating JUMPI at 43
mythril.laser.ethereum.instructions [DEBUG]: Evaluating PUSH4 at 25
mythril.laser.ethereum.instructions [DEBUG]: Evaluating CALLVALUE at 73
mythril.laser.ethereum.instructions [DEBUG]: Evaluating PUSH1 at 44
mythril.laser.ethereum.instructions [DEBUG]: Evaluating JUMPDEST at 47
mythril.laser.ethereum.instructions [DEBUG]: Evaluating EQ at 26
mythril.laser.ethereum.instructions [DEBUG]: Evaluating DUP1 at 74
mythril.laser.ethereum.instructions [DEBUG]: Evaluating DUP1 at 45
mythril.laser.ethereum.instructions [DEBUG]: Evaluating POP at 48
mythril.laser.ethereum.instructions [DEBUG]: Evaluating PUSH2 at 27
mythril.laser.ethereum.instructions [DEBUG]: Evaluating ISZERO at 75
mythril.laser.ethereum.instructions [DEBUG]: Evaluating REVERT at 46
mythril.laser.ethereum.svm [DEBUG]: Ending transaction MessageCallTransaction 2 from sender_2 to                                        0x0.
mythril.laser.ethereum.instructions [DEBUG]: Evaluating PUSH2 at 49
mythril.analysis.module.base [DEBUG]: Entering analysis module: TxOrigin
mythril.analysis.module.base [DEBUG]: Exiting analysis module: TxOrigin
mythril.analysis.module.base [DEBUG]: Entering analysis module: IntegerArithmetics
mythril.analysis.module.base [DEBUG]: Exiting analysis module: IntegerArithmetics
mythril.laser.ethereum.instructions [DEBUG]: Evaluating JUMPI at 28
mythril.laser.ethereum.svm [DEBUG]: - Entering function MAIN:unknown
mythril.laser.ethereum.instructions [DEBUG]: Evaluating PUSH2 at 76
mythril.laser.ethereum.instructions [DEBUG]: Evaluating PUSH20 at 50
mythril.laser.ethereum.instructions [DEBUG]: Evaluating DUP1 at 29
mythril.laser.ethereum.instructions [DEBUG]: Evaluating JUMPDEST at 104
mythril.analysis.module.base [DEBUG]: Entering analysis module: TxOrigin
mythril.analysis.module.base [DEBUG]: Exiting analysis module: TxOrigin
mythril.analysis.module.base [DEBUG]: Entering analysis module: IntegerArithmetics
mythril.analysis.module.base [DEBUG]: Exiting analysis module: IntegerArithmetics
mythril.laser.ethereum.instructions [DEBUG]: Evaluating JUMPI at 77
mythril.laser.ethereum.instructions [DEBUG]: Evaluating PUSH1 at 51
mythril.laser.ethereum.instructions [DEBUG]: Evaluating PUSH4 at 30
mythril.laser.ethereum.instructions [DEBUG]: Evaluating PUSH2 at 105
mythril.laser.ethereum.instructions [DEBUG]: Evaluating PUSH1 at 78
mythril.laser.ethereum.instructions [DEBUG]: Evaluating JUMPDEST at 81
mythril.laser.ethereum.instructions [DEBUG]: Evaluating CALLDATALOAD at 52
mythril.laser.ethereum.instructions [DEBUG]: Evaluating EQ at 31
mythril.laser.ethereum.instructions [DEBUG]: Evaluating PUSH1 at 106
mythril.laser.ethereum.instructions [DEBUG]: Evaluating DUP1 at 79
mythril.laser.ethereum.instructions [DEBUG]: Evaluating POP at 82
mythril.laser.ethereum.instructions [DEBUG]: Evaluating AND at 53
mythril.laser.ethereum.instructions [DEBUG]: Evaluating PUSH2 at 32
mythril.laser.ethereum.instructions [DEBUG]: Evaluating CALLDATALOAD at 107
mythril.laser.ethereum.instructions [DEBUG]: Evaluating REVERT at 80
mythril.laser.ethereum.svm [DEBUG]: Ending transaction MessageCallTransaction 2 from sender_2 to                                        0x0.
mythril.laser.ethereum.instructions [DEBUG]: Evaluating PUSH2 at 83
mythril.laser.ethereum.instructions [DEBUG]: Evaluating PUSH2 at 54
mythril.analysis.module.base [DEBUG]: Entering analysis module: TxOrigin
mythril.analysis.module.base [DEBUG]: Exiting analysis module: TxOrigin
mythril.analysis.module.base [DEBUG]: Entering analysis module: IntegerArithmetics
mythril.analysis.module.base [DEBUG]: Exiting analysis module: IntegerArithmetics
mythril.laser.ethereum.instructions [DEBUG]: Evaluating JUMPI at 33
mythril.laser.plugin.plugins.dependency_pruner [DEBUG]: Skipping state: Storage slots {keccak256_512(Concat(sender_1, 0))} not read in block at address 97, function
mythril.laser.ethereum.svm [DEBUG]: - Entering function MAIN:unknown
mythril.laser.ethereum.instructions [DEBUG]: Evaluating PUSH2 at 108
mythril.laser.ethereum.instructions [DEBUG]: Evaluating PUSH2 at 84
mythril.laser.ethereum.instructions [DEBUG]: Evaluating JUMP at 55
mythril.laser.ethereum.instructions [DEBUG]: Evaluating JUMPDEST at 112
mythril.laser.ethereum.instructions [DEBUG]: Evaluating JUMP at 109
mythril.laser.ethereum.instructions [DEBUG]: Evaluating JUMP at 85
mythril.laser.ethereum.instructions [DEBUG]: Evaluating JUMPDEST at 128
mythril.laser.ethereum.instructions [DEBUG]: Evaluating CALLVALUE at 113
mythril.laser.ethereum.instructions [DEBUG]: Evaluating JUMPDEST at 150
mythril.laser.ethereum.instructions [DEBUG]: Evaluating JUMPDEST at 143
mythril.laser.ethereum.instructions [DEBUG]: Evaluating PUSH1 at 129
mythril.laser.ethereum.instructions [DEBUG]: Evaluating DUP1 at 114
mythril.laser.ethereum.instructions [DEBUG]: Evaluating CALLVALUE at 151
mythril.laser.ethereum.instructions [DEBUG]: Evaluating PUSH8 at 144
mythril.laser.ethereum.instructions [DEBUG]: Evaluating PUSH1 at 130
mythril.laser.ethereum.instructions [DEBUG]: Evaluating ISZERO at 115
mythril.laser.ethereum.instructions [DEBUG]: Evaluating PUSH8 at 152
mythril.laser.ethereum.instructions [DEBUG]: Evaluating ADDRESS at 145
mythril.laser.ethereum.instructions [DEBUG]: Evaluating DUP2 at 131
mythril.laser.ethereum.instructions [DEBUG]: Evaluating PUSH2 at 116
mythril.laser.ethereum.instructions [DEBUG]: Evaluating DUP3 at 153
mythril.laser.ethereum.instructions [DEBUG]: Evaluating BALANCE at 146
mythril.laser.ethereum.instructions [DEBUG]: Evaluating SWAP1 at 132
mythril.analysis.module.base [DEBUG]: Entering analysis module: TxOrigin
mythril.analysis.module.base [DEBUG]: Exiting analysis module: TxOrigin
mythril.analysis.module.base [DEBUG]: Entering analysis module: IntegerArithmetics
mythril.analysis.module.base [DEBUG]: Exiting analysis module: IntegerArithmetics
mythril.laser.ethereum.instructions [DEBUG]: Evaluating JUMPI at 117
mythril.laser.ethereum.instructions [DEBUG]: Evaluating PUSH2 at 154
mythril.laser.ethereum.instructions [DEBUG]: Evaluating LT at 147
mythril.laser.ethereum.instructions [DEBUG]: Evaluating MSTORE at 133
mythril.laser.ethereum.instructions [DEBUG]: Evaluating PUSH1 at 118
mythril.laser.ethereum.instructions [DEBUG]: Evaluating JUMPDEST at 121
mythril.laser.ethereum.instructions [DEBUG]: Evaluating PUSH2 at 155
mythril.laser.ethereum.instructions [DEBUG]: Evaluating SWAP1 at 148
mythril.laser.ethereum.instructions [DEBUG]: Evaluating SWAP1 at 134
mythril.laser.ethereum.instructions [DEBUG]: Evaluating DUP1 at 119
mythril.laser.ethereum.instructions [DEBUG]: Evaluating POP at 122
mythril.laser.ethereum.instructions [DEBUG]: Evaluating JUMP at 156
mythril.laser.ethereum.instructions [DEBUG]: Evaluating JUMP at 149
mythril.laser.ethereum.instructions [DEBUG]: Evaluating DUP2 at 135
mythril.laser.ethereum.instructions [DEBUG]: Evaluating REVERT at 120
mythril.laser.ethereum.svm [DEBUG]: Ending transaction MessageCallTransaction 2 from sender_2 to                                        0x0.
mythril.laser.ethereum.instructions [DEBUG]: Evaluating PUSH2 at 123
mythril.laser.ethereum.instructions [DEBUG]: Evaluating JUMPDEST at 272
mythril.laser.ethereum.instructions [DEBUG]: Evaluating JUMPDEST at 86
mythril.laser.ethereum.instructions [DEBUG]: Evaluating MSTORE at 136
mythril.laser.ethereum.instructions [DEBUG]: Evaluating PUSH1 at 124
mythril.laser.ethereum.instructions [DEBUG]: Evaluating DUP3 at 273
mythril.laser.ethereum.instructions [DEBUG]: Evaluating PUSH1 at 87
mythril.laser.ethereum.instructions [DEBUG]: Evaluating PUSH1 at 137
mythril.laser.ethereum.instructions [DEBUG]: Evaluating CALLDATALOAD at 125
mythril.laser.ethereum.instructions [DEBUG]: Evaluating DUP3 at 274
mythril.laser.ethereum.instructions [DEBUG]: Evaluating DUP1 at 88
mythril.laser.ethereum.instructions [DEBUG]: Evaluating SWAP1 at 138
mythril.laser.ethereum.instructions [DEBUG]: Evaluating PUSH2 at 126
mythril.analysis.module.base [DEBUG]: Entering analysis module: IntegerArithmetics
mythril.analysis.module.base [DEBUG]: Exiting analysis module: IntegerArithmetics
mythril.laser.ethereum.instructions [DEBUG]: Evaluating MUL at 275
mythril.laser.ethereum.instructions [DEBUG]: Evaluating MLOAD at 89
mythril.laser.ethereum.instructions [DEBUG]: Evaluating SHA3 at 139
mythril.laser.ethereum.instructions [DEBUG]: Evaluating JUMP at 127
mythril.laser.ethereum.instructions [DEBUG]: Evaluating SWAP3 at 276
mythril.laser.ethereum.instructions [DEBUG]: Evaluating SWAP2 at 90
mythril.laser.ethereum.instructions [DEBUG]: Evaluating SLOAD at 140
mythril.laser.ethereum.instructions [DEBUG]: Evaluating JUMPDEST at 188
mythril.laser.ethereum.instructions [DEBUG]: Evaluating DUP1 at 277
mythril.laser.ethereum.instructions [DEBUG]: Evaluating ISZERO at 91
mythril.laser.ethereum.instructions [DEBUG]: Evaluating DUP2 at 141
mythril.laser.ethereum.instructions [DEBUG]: Evaluating CALLER at 189
mythril.laser.ethereum.instructions [DEBUG]: Evaluating ISZERO at 278
mythril.laser.ethereum.instructions [DEBUG]: Evaluating ISZERO at 92
mythril.laser.ethereum.instructions [DEBUG]: Evaluating JUMP at 142
mythril.laser.ethereum.instructions [DEBUG]: Evaluating PUSH1 at 190
mythril.laser.ethereum.instructions [DEBUG]: Evaluating DUP3 at 279
mythril.laser.ethereum.instructions [DEBUG]: Evaluating DUP3 at 93
mythril.laser.ethereum.instructions [DEBUG]: Evaluating JUMPDEST at 56
mythril.laser.ethereum.instructions [DEBUG]: Evaluating SWAP1 at 191
mythril.analysis.module.base [DEBUG]: Entering analysis module: TxOrigin
mythril.analysis.module.base [DEBUG]: Exiting analysis module: TxOrigin
mythril.analysis.module.base [DEBUG]: Entering analysis module: IntegerArithmetics
mythril.analysis.module.base [DEBUG]: Exiting analysis module: IntegerArithmetics
mythril.laser.ethereum.instructions [DEBUG]: Evaluating JUMPI at 280
mythril.laser.ethereum.instructions [DEBUG]: Pruned unreachable states.
mythril.laser.ethereum.instructions [DEBUG]: Evaluating MSTORE at 94
mythril.laser.ethereum.instructions [DEBUG]: Evaluating PUSH1 at 57
mythril.laser.ethereum.instructions [DEBUG]: Evaluating DUP2 at 192
mythril.laser.ethereum.instructions [DEBUG]: Evaluating DUP1 at 281
mythril.laser.ethereum.instructions [DEBUG]: Evaluating MLOAD at 95
mythril.laser.ethereum.instructions [DEBUG]: Evaluating DUP1 at 58
mythril.laser.ethereum.instructions [DEBUG]: Evaluating MSTORE at 193
mythril.laser.ethereum.instructions [DEBUG]: Evaluating DUP5 at 282
mythril.laser.ethereum.instructions [DEBUG]: Evaluating SWAP1 at 96
mythril.laser.ethereum.instructions [DEBUG]: Evaluating MLOAD at 59
mythril.laser.ethereum.instructions [DEBUG]: Evaluating PUSH1 at 194
mythril.laser.ethereum.instructions [DEBUG]: Evaluating DIV at 283
mythril.laser.ethereum.instructions [DEBUG]: Evaluating DUP2 at 97
mythril.laser.ethereum.instructions [DEBUG]: Evaluating SWAP2 at 60
mythril.laser.ethereum.instructions [DEBUG]: Evaluating DUP2 at 195
mythril.laser.ethereum.instructions [DEBUG]: Evaluating DUP4 at 284
mythril.laser.ethereum.instructions [DEBUG]: Evaluating SWAP1 at 98
mythril.laser.ethereum.instructions [DEBUG]: Evaluating DUP3 at 61
mythril.laser.ethereum.instructions [DEBUG]: Evaluating SWAP1 at 196
mythril.laser.ethereum.instructions [DEBUG]: Evaluating EQ at 285
mythril.analysis.module.base [DEBUG]: Entering analysis module: IntegerArithmetics
mythril.analysis.module.base [DEBUG]: Exiting analysis module: IntegerArithmetics
mythril.laser.ethereum.instructions [DEBUG]: Evaluating SUB at 99
mythril.laser.ethereum.instructions [DEBUG]: Evaluating MSTORE at 62
mythril.laser.ethereum.instructions [DEBUG]: Evaluating MSTORE at 197
mythril.laser.ethereum.instructions [DEBUG]: Evaluating DUP3 at 286
mythril.laser.ethereum.instructions [DEBUG]: Evaluating PUSH1 at 100
mythril.laser.ethereum.instructions [DEBUG]: Evaluating MLOAD at 63
mythril.laser.ethereum.instructions [DEBUG]: Evaluating PUSH1 at 198
mythril.analysis.module.base [DEBUG]: Entering analysis module: TxOrigin
mythril.analysis.module.base [DEBUG]: Exiting analysis module: TxOrigin
mythril.analysis.module.base [DEBUG]: Entering analysis module: IntegerArithmetics
mythril.analysis.module.base [DEBUG]: Exiting analysis module: IntegerArithmetics
mythril.laser.ethereum.instructions [DEBUG]: Evaluating JUMPI at 287
mythril.support.model [DEBUG]: Timeout/Error encountered while solving expression using z3
mythril.analysis.module.base [DEBUG]: Entering analysis module: IntegerArithmetics
mythril.analysis.module.base [DEBUG]: Exiting analysis module: IntegerArithmetics
mythril.laser.ethereum.instructions [DEBUG]: Evaluating ADD at 101
mythril.laser.ethereum.instructions [DEBUG]: Evaluating SWAP1 at 64
mythril.laser.ethereum.instructions [DEBUG]: Evaluating SWAP1 at 199
mythril.laser.ethereum.instructions [DEBUG]: Evaluating JUMPDEST at 157
mythril.laser.ethereum.instructions [DEBUG]: Evaluating SWAP1 at 102
mythril.laser.ethereum.instructions [DEBUG]: Evaluating DUP2 at 65
mythril.laser.ethereum.instructions [DEBUG]: Evaluating SHA3 at 200
mythril.laser.ethereum.instructions [DEBUG]: Evaluating POP at 158
mythril.analysis.module.base [DEBUG]: Entering analysis module: IntegerArithmetics
mythril.analysis.module.base [DEBUG]: Exiting analysis module: IntegerArithmetics
mythril.analysis.module.base [DEBUG]: Entering analysis module: UncheckedRetval
mythril.analysis.module.base [DEBUG]: Exiting analysis module: UncheckedRetval
mythril.laser.ethereum.instructions [DEBUG]: Evaluating RETURN at 103
mythril.laser.ethereum.svm [DEBUG]: Ending transaction MessageCallTransaction 2 from sender_2 to                                        0x0.
mythril.laser.ethereum.instructions [DEBUG]: Evaluating SWAP1 at 66
mythril.laser.ethereum.instructions [DEBUG]: Evaluating SLOAD at 201
mythril.laser.ethereum.instructions [DEBUG]: Evaluating POP at 159
mythril.analysis.module.base [DEBUG]: Entering analysis module: IntegerArithmetics
mythril.analysis.module.base [DEBUG]: Exiting analysis module: IntegerArithmetics
mythril.laser.ethereum.instructions [DEBUG]: Evaluating SUB at 67
mythril.laser.ethereum.instructions [DEBUG]: Evaluating DUP2 at 202
mythril.laser.ethereum.instructions [DEBUG]: Evaluating POP at 160
mythril.laser.ethereum.instructions [DEBUG]: Evaluating PUSH1 at 68
mythril.laser.ethereum.instructions [DEBUG]: Evaluating GT at 203
mythril.laser.ethereum.instructions [DEBUG]: Evaluating EQ at 161
mythril.analysis.module.base [DEBUG]: Entering analysis module: IntegerArithmetics
mythril.analysis.module.base [DEBUG]: Exiting analysis module: IntegerArithmetics
mythril.laser.ethereum.instructions [DEBUG]: Evaluating ADD at 69
mythril.laser.ethereum.instructions [DEBUG]: Evaluating ISZERO at 204
mythril.laser.ethereum.instructions [DEBUG]: Evaluating PUSH2 at 162
mythril.laser.ethereum.instructions [DEBUG]: Evaluating SWAP1 at 70
mythril.laser.ethereum.instructions [DEBUG]: Evaluating PUSH2 at 205
mythril.analysis.module.base [DEBUG]: Entering analysis module: TxOrigin
mythril.analysis.module.base [DEBUG]: Exiting analysis module: TxOrigin
mythril.analysis.module.base [DEBUG]: Entering analysis module: IntegerArithmetics
mythril.analysis.module.base [DEBUG]: Exiting analysis module: IntegerArithmetics
mythril.laser.ethereum.instructions [DEBUG]: Evaluating JUMPI at 163
mythril.analysis.module.base [DEBUG]: Entering analysis module: IntegerArithmetics
mythril.analysis.module.base [DEBUG]: Exiting analysis module: IntegerArithmetics
mythril.analysis.module.base [DEBUG]: Entering analysis module: UncheckedRetval
mythril.analysis.module.base [DEBUG]: Exiting analysis module: UncheckedRetval
mythril.laser.ethereum.instructions [DEBUG]: Evaluating RETURN at 71
mythril.laser.ethereum.svm [DEBUG]: Ending transaction MessageCallTransaction 2 from sender_2 to                                        0x0.
mythril.analysis.module.base [DEBUG]: Entering analysis module: TxOrigin
mythril.analysis.module.base [DEBUG]: Exiting analysis module: TxOrigin
mythril.analysis.module.base [DEBUG]: Entering analysis module: IntegerArithmetics
mythril.analysis.module.base [DEBUG]: Exiting analysis module: IntegerArithmetics
mythril.laser.ethereum.instructions [DEBUG]: Evaluating JUMPI at 206
mythril.laser.ethereum.instructions [DEBUG]: Evaluating PUSH1 at 164
mythril.laser.ethereum.instructions [DEBUG]: Evaluating JUMPDEST at 167
mythril.laser.ethereum.instructions [DEBUG]: Evaluating PUSH1 at 207
mythril.laser.ethereum.instructions [DEBUG]: Evaluating JUMPDEST at 210
mythril.laser.ethereum.instructions [DEBUG]: Evaluating DUP1 at 165
mythril.laser.ethereum.instructions [DEBUG]: Evaluating CALLER at 168
mythril.laser.ethereum.instructions [DEBUG]: Evaluating DUP1 at 208
mythril.laser.ethereum.instructions [DEBUG]: Evaluating CALLER at 211
mythril.laser.ethereum.instructions [DEBUG]: Evaluating REVERT at 166
mythril.laser.ethereum.svm [DEBUG]: Ending transaction MessageCallTransaction 2 from sender_2 to                                        0x0.
mythril.laser.ethereum.instructions [DEBUG]: Evaluating PUSH1 at 169
mythril.laser.ethereum.instructions [DEBUG]: Evaluating REVERT at 209
mythril.laser.ethereum.svm [DEBUG]: Ending transaction MessageCallTransaction 2 from sender_2 to                                        0x0.
mythril.laser.ethereum.instructions [DEBUG]: Evaluating PUSH1 at 212
mythril.laser.ethereum.instructions [DEBUG]: Evaluating SWAP1 at 170
mythril.laser.ethereum.instructions [DEBUG]: Evaluating DUP2 at 213
mythril.laser.ethereum.instructions [DEBUG]: Evaluating DUP2 at 171
mythril.laser.ethereum.instructions [DEBUG]: Evaluating DUP2 at 214
mythril.laser.ethereum.instructions [DEBUG]: Evaluating MSTORE at 172
mythril.laser.ethereum.instructions [DEBUG]: Evaluating MSTORE at 215
mythril.laser.ethereum.instructions [DEBUG]: Evaluating PUSH1 at 173
mythril.laser.ethereum.instructions [DEBUG]: Evaluating PUSH1 at 216
mythril.laser.ethereum.instructions [DEBUG]: Evaluating DUP2 at 174
mythril.laser.ethereum.instructions [DEBUG]: Evaluating DUP2 at 217
mythril.laser.ethereum.instructions [DEBUG]: Evaluating SWAP1 at 175
mythril.laser.ethereum.instructions [DEBUG]: Evaluating SWAP1 at 218
mythril.laser.ethereum.instructions [DEBUG]: Evaluating MSTORE at 176
mythril.laser.ethereum.instructions [DEBUG]: Evaluating MSTORE at 219
mythril.laser.ethereum.instructions [DEBUG]: Evaluating PUSH1 at 177
mythril.laser.ethereum.instructions [DEBUG]: Evaluating PUSH1 at 220
mythril.laser.ethereum.instructions [DEBUG]: Evaluating SWAP1 at 178
mythril.laser.ethereum.instructions [DEBUG]: Evaluating DUP1 at 221
mythril.laser.ethereum.instructions [DEBUG]: Evaluating SHA3 at 179
mythril.laser.ethereum.instructions [DEBUG]: Evaluating DUP3 at 222
mythril.laser.ethereum.instructions [DEBUG]: Evaluating DUP1 at 180
mythril.laser.ethereum.instructions [DEBUG]: Evaluating SHA3 at 223
mythril.laser.ethereum.instructions [DEBUG]: Evaluating SLOAD at 181
mythril.laser.ethereum.instructions [DEBUG]: Evaluating DUP1 at 224
mythril.laser.ethereum.instructions [DEBUG]: Evaluating SWAP1 at 182
mythril.laser.ethereum.instructions [DEBUG]: Evaluating SLOAD at 225
mythril.laser.ethereum.instructions [DEBUG]: Evaluating SWAP2 at 183
mythril.laser.ethereum.instructions [DEBUG]: Evaluating DUP6 at 226
mythril.analysis.module.base [DEBUG]: Entering analysis module: IntegerArithmetics
mythril.analysis.module.base [DEBUG]: Exiting analysis module: IntegerArithmetics
mythril.laser.ethereum.instructions [DEBUG]: Evaluating ADD at 184
mythril.laser.ethereum.instructions [DEBUG]: Evaluating SWAP1 at 227
mythril.laser.ethereum.instructions [DEBUG]: Evaluating SWAP1 at 185
mythril.analysis.module.base [DEBUG]: Entering analysis module: IntegerArithmetics
mythril.analysis.module.base [DEBUG]: Exiting analysis module: IntegerArithmetics
mythril.laser.ethereum.instructions [DEBUG]: Evaluating SUB at 228
mythril.analysis.module.base [DEBUG]: Entering analysis module: ArbitraryStorage
mythril.analysis.module.base [DEBUG]: Exiting analysis module: ArbitraryStorage
mythril.analysis.module.base [DEBUG]: Entering analysis module: IntegerArithmetics
mythril.analysis.module.base [DEBUG]: Exiting analysis module: IntegerArithmetics
mythril.analysis.module.base [DEBUG]: Entering analysis module: StateChangeAfterCall
mythril.analysis.module.base [DEBUG]: Exiting analysis module: StateChangeAfterCall
mythril.laser.ethereum.instructions [DEBUG]: Evaluating SSTORE at 186
mythril.laser.ethereum.instructions [DEBUG]: Evaluating SWAP1 at 229
mythril.laser.ethereum.instructions [DEBUG]: Evaluating JUMP at 187
mythril.analysis.module.base [DEBUG]: Entering analysis module: ArbitraryStorage
mythril.analysis.module.base [DEBUG]: Exiting analysis module: ArbitraryStorage
mythril.analysis.module.base [DEBUG]: Entering analysis module: IntegerArithmetics
mythril.analysis.module.base [DEBUG]: Exiting analysis module: IntegerArithmetics
mythril.analysis.module.base [DEBUG]: Entering analysis module: StateChangeAfterCall
mythril.analysis.module.base [DEBUG]: Exiting analysis module: StateChangeAfterCall
mythril.laser.ethereum.instructions [DEBUG]: Evaluating SSTORE at 230
mythril.laser.ethereum.instructions [DEBUG]: Evaluating JUMPDEST at 110
mythril.laser.ethereum.instructions [DEBUG]: Evaluating MLOAD at 231
mythril.analysis.module.base [DEBUG]: Entering analysis module: IntegerArithmetics
mythril.analysis.module.modules.integer [DEBUG]: Checking overflow in STOP at transaction end address 219, ostate address 443
mythril.analysis.module.base [DEBUG]: Exiting analysis module: IntegerArithmetics
mythril.analysis.module.base [DEBUG]: Entering analysis module: UncheckedRetval
mythril.analysis.module.base [DEBUG]: Exiting analysis module: UncheckedRetval
mythril.laser.ethereum.instructions [DEBUG]: Evaluating STOP at 111
mythril.laser.ethereum.svm [DEBUG]: Ending transaction MessageCallTransaction 2 from sender_2 to                                        0x0.
mythril.laser.ethereum.instructions [DEBUG]: Evaluating PUSH8 at 232
mythril.laser.ethereum.instructions [DEBUG]: Evaluating DUP5 at 233
mythril.analysis.module.base [DEBUG]: Entering analysis module: IntegerArithmetics
mythril.analysis.module.base [DEBUG]: Exiting analysis module: IntegerArithmetics
mythril.laser.ethereum.instructions [DEBUG]: Evaluating MUL at 234
mythril.laser.ethereum.instructions [DEBUG]: Evaluating DUP1 at 235
mythril.laser.ethereum.instructions [DEBUG]: Evaluating ISZERO at 236
mythril.laser.ethereum.instructions [DEBUG]: Evaluating PUSH2 at 237
mythril.analysis.module.base [DEBUG]: Entering analysis module: IntegerArithmetics
mythril.analysis.module.base [DEBUG]: Exiting analysis module: IntegerArithmetics
mythril.laser.ethereum.instructions [DEBUG]: Evaluating MUL at 238
mythril.laser.ethereum.instructions [DEBUG]: Evaluating SWAP3 at 239
mythril.laser.ethereum.instructions [DEBUG]: Evaluating SWAP1 at 240
mythril.laser.ethereum.instructions [DEBUG]: Evaluating SWAP2 at 241
mythril.laser.ethereum.instructions [DEBUG]: Evaluating SWAP1 at 242
mythril.laser.ethereum.instructions [DEBUG]: Evaluating DUP2 at 243
mythril.laser.ethereum.instructions [DEBUG]: Evaluating DUP2 at 244
mythril.laser.ethereum.instructions [DEBUG]: Evaluating DUP2 at 245
mythril.laser.ethereum.instructions [DEBUG]: Evaluating DUP6 at 246
mythril.laser.ethereum.instructions [DEBUG]: Evaluating DUP9 at 247
mythril.laser.ethereum.instructions [DEBUG]: Evaluating DUP9 at 248
mythril.analysis.module.base [DEBUG]: Entering analysis module: IntegerArithmetics
mythril.analysis.module.base [DEBUG]: Exiting analysis module: IntegerArithmetics
mythril.analysis.module.base [DEBUG]: Entering analysis module: StateChangeAfterCall
mythril.analysis.module.base [DEBUG]: Exiting analysis module: StateChangeAfterCall
mythril.laser.ethereum.instructions [DEBUG]: Evaluating CALL at 249
mythril.laser.ethereum.call [DEBUG]: Symbolic call encountered
mythril.laser.ethereum.call [DEBUG]: CALL to: sender_2
mythril.laser.ethereum.instructions [DEBUG]: The call is related to ether transfer between accounts
mythril.analysis.module.base [DEBUG]: Entering analysis module: EtherThief
mythril.analysis.module.base [DEBUG]: Exiting analysis module: EtherThief
mythril.analysis.module.base [DEBUG]: Entering analysis module: UncheckedRetval
mythril.analysis.module.modules.unchecked_retval [DEBUG]: End of call, extracting retval
mythril.analysis.module.base [DEBUG]: Exiting analysis module: UncheckedRetval
mythril.laser.ethereum.instructions [DEBUG]: Evaluating SWAP4 at 250
mythril.laser.ethereum.instructions [DEBUG]: Evaluating POP at 251
mythril.laser.ethereum.instructions [DEBUG]: Evaluating POP at 252
mythril.laser.ethereum.instructions [DEBUG]: Evaluating POP at 253
mythril.laser.ethereum.instructions [DEBUG]: Evaluating POP at 254
mythril.laser.ethereum.instructions [DEBUG]: Evaluating ISZERO at 255
mythril.laser.ethereum.instructions [DEBUG]: Evaluating DUP1 at 256
mythril.laser.ethereum.instructions [DEBUG]: Evaluating ISZERO at 257
mythril.laser.ethereum.instructions [DEBUG]: Evaluating PUSH2 at 258
mythril.analysis.module.base [DEBUG]: Entering analysis module: TxOrigin
mythril.analysis.module.base [DEBUG]: Exiting analysis module: TxOrigin
mythril.analysis.module.base [DEBUG]: Entering analysis module: IntegerArithmetics
mythril.analysis.module.base [DEBUG]: Exiting analysis module: IntegerArithmetics
mythril.laser.ethereum.instructions [DEBUG]: Evaluating JUMPI at 259
mythril.laser.ethereum.instructions [DEBUG]: Evaluating RETURNDATASIZE at 260
mythril.laser.ethereum.instructions [DEBUG]: No last_return_data found, adding an unconstrained bitvec to the stack
mythril.laser.ethereum.instructions [DEBUG]: Evaluating JUMPDEST at 267
mythril.laser.ethereum.instructions [DEBUG]: Evaluating PUSH1 at 261
mythril.laser.ethereum.instructions [DEBUG]: Evaluating POP at 268
mythril.laser.ethereum.instructions [DEBUG]: Evaluating DUP1 at 262
mythril.laser.ethereum.instructions [DEBUG]: Evaluating POP at 269
mythril.laser.ethereum.instructions [DEBUG]: Evaluating RETURNDATACOPY at 263
mythril.laser.ethereum.instructions [DEBUG]: Unsupported symbolic max_length offset in RETURNDATACOPY
mythril.laser.ethereum.instructions [DEBUG]: Evaluating JUMP at 270
mythril.laser.ethereum.instructions [DEBUG]: Evaluating RETURNDATASIZE at 264
mythril.laser.ethereum.instructions [DEBUG]: No last_return_data found, adding an unconstrained bitvec to the stack
mythril.laser.ethereum.instructions [DEBUG]: Evaluating JUMPDEST at 110
mythril.laser.ethereum.instructions [DEBUG]: Evaluating PUSH1 at 265
mythril.analysis.module.base [DEBUG]: Entering analysis module: IntegerArithmetics
mythril.analysis.module.base [DEBUG]: Exiting analysis module: IntegerArithmetics
mythril.analysis.module.base [DEBUG]: Entering analysis module: UncheckedRetval
mythril.analysis.module.base [DEBUG]: Exiting analysis module: UncheckedRetval
mythril.laser.ethereum.instructions [DEBUG]: Evaluating STOP at 111
mythril.laser.ethereum.svm [DEBUG]: Ending transaction MessageCallTransaction 2 from sender_2 to                                        0x0.
mythril.laser.ethereum.instructions [DEBUG]: Evaluating REVERT at 266
mythril.laser.ethereum.instructions [DEBUG]: Return with symbolic length or offset. Not supported
mythril.laser.ethereum.svm [DEBUG]: Ending transaction MessageCallTransaction 2 from sender_2 to                                        0x0.
mythril.laser.plugin.plugins.coverage.coverage_plugin [INFO]: Number of new instructions covered in tx 1: 31
mythril.laser.ethereum.svm [INFO]: Finished symbolic execution
mythril.laser.plugin.plugins.coverage.coverage_plugin [INFO]: Achieved 98.63% coverage for code: 6080604052600436106100615763ffffffff7c010000000000000000000000000000000000000000000000000000000060003504166370a082318114610066578063b2fa1c9e146100a6578063d96a094a146100cf578063e4849b32146100dc575b600080fd5b34801561007257600080fd5b5061009473ffffffffffffffffffffffffffffffffffffffff600435166100f4565b60408051918252519081900360200190f35b3480156100b257600080fd5b506100bb610106565b604080519115158252519081900360200190f35b6100da600435610115565b005b3480156100e857600080fd5b506100da60043561014d565b60006020819052908152604090205481565b670de0b6b3a764000030311090565b34670de0b6b3a7640000826101286101b8565b5050501461013557600080fd5b33600090815260208190526040902080549091019055565b3360009081526020819052604090205481111561016957600080fd5b336000818152602081905260408082208054859003905551670de0b6b3a7640000840280156108fc0292909190818181858888f193505050501580156101b3573d6000803e3d6000fd5b505056005b828202928015825780840483148257600080fd
mythril.laser.plugin.plugins.instruction_profiler [INFO]: Total: 1.1102592945098877 s
[ADD         ]   0.8731 %,  nr      5,  total   0.0097 s,  avg   0.0019 s,  min   0.0006 s,  max   0.0033 s
[ADDRESS     ]   0.0696 %,  nr      2,  total   0.0008 s,  avg   0.0004 s,  min   0.0003 s,  max   0.0005 s
[AND         ]   0.1756 %,  nr      4,  total   0.0019 s,  avg   0.0005 s,  min   0.0003 s,  max   0.0007 s
[BALANCE     ]   0.1038 %,  nr      2,  total   0.0012 s,  avg   0.0006 s,  min   0.0004 s,  max   0.0008 s
[CALL        ]   0.9210 %,  nr      2,  total   0.0102 s,  avg   0.0051 s,  min   0.0050 s,  max   0.0053 s
[CALLDATALOAD]   8.8658 %,  nr      8,  total   0.0984 s,  avg   0.0123 s,  min   0.0071 s,  max   0.0208 s
[CALLDATASIZE]   0.0789 %,  nr      2,  total   0.0009 s,  avg   0.0004 s,  min   0.0003 s,  max   0.0006 s
[CALLER      ]   0.2416 %,  nr      5,  total   0.0027 s,  avg   0.0005 s,  min   0.0003 s,  max   0.0006 s
[CALLVALUE   ]   0.2954 %,  nr      8,  total   0.0033 s,  avg   0.0004 s,  min   0.0002 s,  max   0.0006 s
[DIV         ]   0.3712 %,  nr      4,  total   0.0041 s,  avg   0.0010 s,  min   0.0005 s,  max   0.0020 s
[DUP1        ]   2.0994 %,  nr     43,  total   0.0233 s,  avg   0.0005 s,  min   0.0002 s,  max   0.0018 s
[DUP2        ]   1.5559 %,  nr     32,  total   0.0173 s,  avg   0.0005 s,  min   0.0002 s,  max   0.0013 s
[DUP3        ]   0.9007 %,  nr     16,  total   0.0100 s,  avg   0.0006 s,  min   0.0002 s,  max   0.0030 s
[DUP4        ]   0.0725 %,  nr      2,  total   0.0008 s,  avg   0.0004 s,  min   0.0003 s,  max   0.0005 s
[DUP5        ]   0.4056 %,  nr      4,  total   0.0045 s,  avg   0.0011 s,  min   0.0004 s,  max   0.0029 s
[DUP6        ]   0.2037 %,  nr      4,  total   0.0023 s,  avg   0.0006 s,  min   0.0005 s,  max   0.0006 s
[DUP9        ]   0.3514 %,  nr      4,  total   0.0039 s,  avg   0.0010 s,  min   0.0005 s,  max   0.0020 s
[EQ          ]   0.5751 %,  nr     11,  total   0.0064 s,  avg   0.0006 s,  min   0.0003 s,  max   0.0010 s
[GT          ]   0.1370 %,  nr      2,  total   0.0015 s,  avg   0.0008 s,  min   0.0007 s,  max   0.0008 s
[ISZERO      ]   1.2510 %,  nr     20,  total   0.0139 s,  avg   0.0007 s,  min   0.0003 s,  max   0.0017 s
[JUMP        ]   1.4828 %,  nr     17,  total   0.0165 s,  avg   0.0010 s,  min   0.0005 s,  max   0.0025 s
[JUMPDEST    ]   1.6766 %,  nr     40,  total   0.0186 s,  avg   0.0005 s,  min   0.0002 s,  max   0.0012 s
[JUMPI       ]   4.1532 %,  nr     25,  total   0.0461 s,  avg   0.0018 s,  min   0.0009 s,  max   0.0036 s
[LT          ]   0.1864 %,  nr      4,  total   0.0021 s,  avg   0.0005 s,  min   0.0003 s,  max   0.0008 s
[MLOAD       ]  12.5768 %,  nr     10,  total   0.1396 s,  avg   0.0140 s,  min   0.0077 s,  max   0.0194 s
[MSTORE      ]  25.5361 %,  nr     20,  total   0.2835 s,  avg   0.0142 s,  min   0.0050 s,  max   0.0258 s
[MUL         ]   0.3789 %,  nr      6,  total   0.0042 s,  avg   0.0007 s,  min   0.0004 s,  max   0.0008 s
[POP         ]   1.1515 %,  nr     21,  total   0.0128 s,  avg   0.0006 s,  min   0.0002 s,  max   0.0019 s
[PUSH1       ]   3.4217 %,  nr     59,  total   0.0380 s,  avg   0.0006 s,  min   0.0002 s,  max   0.0030 s
[PUSH2       ]   2.3772 %,  nr     43,  total   0.0264 s,  avg   0.0006 s,  min   0.0002 s,  max   0.0022 s
[PUSH20      ]   0.1144 %,  nr      2,  total   0.0013 s,  avg   0.0006 s,  min   0.0003 s,  max   0.0010 s
[PUSH29      ]   0.0831 %,  nr      2,  total   0.0009 s,  avg   0.0005 s,  min   0.0004 s,  max   0.0006 s
[PUSH4       ]   0.6566 %,  nr     10,  total   0.0073 s,  avg   0.0007 s,  min   0.0003 s,  max   0.0016 s
[PUSH8       ]   0.4989 %,  nr      6,  total   0.0055 s,  avg   0.0009 s,  min   0.0003 s,  max   0.0029 s
[RETURNDATACOPY]   0.1739 %,  nr      2,  total   0.0019 s,  avg   0.0010 s,  min   0.0007 s,  max   0.0012 s
[RETURNDATASIZE]   0.4844 %,  nr      4,  total   0.0054 s,  avg   0.0013 s,  min   0.0006 s,  max   0.0023 s
[SHA3        ]  21.5055 %,  nr      7,  total   0.2388 s,  avg   0.0341 s,  min   0.0169 s,  max   0.0397 s
[SLOAD       ]   0.5920 %,  nr      7,  total   0.0066 s,  avg   0.0009 s,  min   0.0004 s,  max   0.0016 s
[SSTORE      ]   0.2143 %,  nr      3,  total   0.0024 s,  avg   0.0008 s,  min   0.0007 s,  max   0.0009 s
[SUB         ]   0.3457 %,  nr      6,  total   0.0038 s,  avg   0.0006 s,  min   0.0003 s,  max   0.0009 s
[SWAP1       ]   1.9793 %,  nr     41,  total   0.0220 s,  avg   0.0005 s,  min   0.0002 s,  max   0.0009 s
[SWAP2       ]   0.3132 %,  nr      7,  total   0.0035 s,  avg   0.0005 s,  min   0.0003 s,  max   0.0007 s
[SWAP3       ]   0.2147 %,  nr      4,  total   0.0024 s,  avg   0.0006 s,  min   0.0003 s,  max   0.0009 s
[SWAP4       ]   0.3345 %,  nr      2,  total   0.0037 s,  avg   0.0019 s,  min   0.0015 s,  max   0.0022 s

mythril.analysis.security [INFO]: Starting analysis
mythril.analysis.security [DEBUG]: Retrieving results for Caller can write to arbitrary storage locations
mythril.analysis.security [DEBUG]: Retrieving results for Delegatecall to a user-specified address
mythril.analysis.security [DEBUG]: Retrieving results for Control flow depends on tx.origin
mythril.analysis.security [DEBUG]: Retrieving results for Any sender can withdraw ETH from the contract account
mythril.analysis.security [DEBUG]: Retrieving results for Integer overflow or underflow
mythril.analysis.security [DEBUG]: Retrieving results for State change after an external call
mythril.analysis.security [DEBUG]: Retrieving results for Contract can be accidentally killed by anyone
mythril.analysis.security [DEBUG]: Retrieving results for Return value of an external call is not checked
mythril.mythril.mythril_analyzer [INFO]: Solver statistics: 
Query count: 86 
Solver time: 100.01048374176025
{"error": null, "issues": [], "success": true}
