Getting Slither report...
Switched global version to 0.4.26



'solc --version' running
'solc ../smartbugs-curated/dataset/unchecked_low_level_calls/0x524960d55174d912768678d8c606b4d50b79d7b1.sol --combined-json abi,ast,bin,bin-runtime,srcmap,srcmap-runtime,userdoc,devdoc,hashes,compact-format --allow-paths .,/home/mokita/sc_study/temp/smartbugs-curated/dataset/unchecked_low_level_calls' running
Compilation warnings/errors on ../smartbugs-curated/dataset/unchecked_low_level_calls/0x524960d55174d912768678d8c606b4d50b79d7b1.sol:
../smartbugs-curated/dataset/unchecked_low_level_calls/0x524960d55174d912768678d8c606b4d50b79d7b1.sol:8:1: Warning: Source file does not specify required compiler version!Consider adding "pragma solidity ^0.4.26;"
contract Centra4 {
^ (Relevant source part starts here and spans across multiple lines).
../smartbugs-curated/dataset/unchecked_low_level_calls/0x524960d55174d912768678d8c606b4d50b79d7b1.sol:12:22: Warning: This looks like an address but has an invalid checksum. If this is not used as an address, please prepend '00'. Correct checksummed address: '0x96A65609a7B84E8842732DEB08f56C3E21aC6f8a'. For more information please see https://solidity.readthedocs.io/en/develop/types.html#address-literals
		contract_address = 0x96a65609a7b84e8842732deb08f56c3e21ac6f8a;
		                   ^----------------------------------------^
../smartbugs-curated/dataset/unchecked_low_level_calls/0x524960d55174d912768678d8c606b4d50b79d7b1.sol:18:8: Warning: This looks like an address but has an invalid checksum. If this is not used as an address, please prepend '00'. Correct checksummed address: '0xAa27f8C1160886aacba64B2319D8d5469ef2Af79'. For more information please see https://solidity.readthedocs.io/en/develop/types.html#address-literals
		c2 = 0xaa27f8c1160886aacba64b2319d8d5469ef2af79;	
		     ^----------------------------------------^
../smartbugs-curated/dataset/unchecked_low_level_calls/0x524960d55174d912768678d8c606b4d50b79d7b1.sol:20:3: Warning: Return value of low-level calls not used.
		contract_address.call("register", "CentraToken");
		^----------------------------------------------^
../smartbugs-curated/dataset/unchecked_low_level_calls/0x524960d55174d912768678d8c606b4d50b79d7b1.sol:10:2: Warning: No visibility specified. Defaulting to "public". 
	function transfer() returns (bool) {	
 ^ (Relevant source part starts here and spans across multiple lines).
../smartbugs-curated/dataset/unchecked_low_level_calls/0x524960d55174d912768678d8c606b4d50b79d7b1.sol:13:3: Warning: Unused local variable.
		address c1;		
		^--------^


Centra4.transfer() (../smartbugs-curated/dataset/unchecked_low_level_calls/0x524960d55174d912768678d8c606b4d50b79d7b1.sol#10-24) ignores return value by contract_address.call(register,CentraToken) (../smartbugs-curated/dataset/unchecked_low_level_calls/0x524960d55174d912768678d8c606b4d50b79d7b1.sol#20)
Reference: https://github.com/crytic/slither/wiki/Detector-Documentation#unchecked-low-level-calls

solc-0.4.26 is an outdated solc version. Use a more recent version (at least 0.8.0), if possible.
Reference: https://github.com/crytic/slither/wiki/Detector-Documentation#incorrect-versions-of-solidity

Low level call in Centra4.transfer() (../smartbugs-curated/dataset/unchecked_low_level_calls/0x524960d55174d912768678d8c606b4d50b79d7b1.sol#10-24):
	- contract_address.call(register,CentraToken) (../smartbugs-curated/dataset/unchecked_low_level_calls/0x524960d55174d912768678d8c606b4d50b79d7b1.sol#20)
	- ! contract_address.call(bytes4(keccak256()(transfer(address,uint256))),c2,k) (../smartbugs-curated/dataset/unchecked_low_level_calls/0x524960d55174d912768678d8c606b4d50b79d7b1.sol#21)
Reference: https://github.com/crytic/slither/wiki/Detector-Documentation#low-level-calls
../smartbugs-curated/dataset/unchecked_low_level_calls/0x524960d55174d912768678d8c606b4d50b79d7b1.sol analyzed (1 contracts with 95 detectors), 3 result(s) found

Error running slither
0x524960d55174d912768678d8c606b4d50b79d7b1.sol
Getting Solidity AST...
Running TIPS...
0x524960d55174d912768678d8c606b4d50b79d7b1.sol
failing to repair the unchecked call defect in charnum:378 in type2
0.003497600555419922


