 ______     __         __  __     ______     __     __  __     __    __    
/\  ___\   /\ \       /\ \_\ \   /\  ___\   /\ \   /\ \/\ \   /\ "-./  \   
\ \  __\   \ \ \____  \ \____ \  \ \___  \  \ \ \  \ \ \_\ \  \ \ \-./\ \  
 \ \_____\  \ \_____\  \/\_____\  \/\_____\  \ \_\  \ \_____\  \ \_\ \ \_\ 
  \/_____/   \/_____/   \/_____/   \/_____/   \/_/   \/_____/   \/_/  \/_/ 
                                                                           
Compiling source code...
Retrieving bytecode for contract 'Freebie'.
Please wait. Scanning bytecode for bugs...
Running Osiris...
Finished running Osiris. Execution time 23.907866954803467 seconds. Code coverage 99.8%.
Running Oyente...
Finished running Oyente. Execution time 1.7152862548828125 seconds. Code coverage 60.8%.
Running Mythril...
Finished running Mythril. Execution time 40.63108730316162 seconds. Code coverage 65.89%.
Detected 1 bug(s):
--> Detected 'leaking ether' bug at program counter address 539 (0x21b) using Mythril with a code coverage of 65.89%.
Exporting original control-flow graph...
Recovering control-flow graph...
Recovered 100% of the control-flow graph
Number of execution paths accessing storage: 7
Deployment bytecode size: 61 bytes (original: 57 bytes) 7.017543859649123% increase.
Runtime bytecode size: 762 bytes (original: 726 bytes) 4.958677685950414% increase.
Metadata: 0xa165627a7a723058208f1fb2aa1750cdfc3a1da6dffb786f2e619eea25d57465599364cfe27db333990029
Exporting patched control-flow graph...
