Getting Slither report...
Switched global version to 0.4.26



'solc --version' running
'solc ../smartbugs-curated/dataset/front_running/odds_and_evens.sol --combined-json abi,ast,bin,bin-runtime,srcmap,srcmap-runtime,userdoc,devdoc,hashes,compact-format --allow-paths .,/home/mokita/sc_study/temp/smartbugs-curated/dataset/front_running' running
Compilation warnings/errors on ../smartbugs-curated/dataset/front_running/odds_and_evens.sol:
../smartbugs-curated/dataset/front_running/odds_and_evens.sol:20:3: Warning: Defining constructors as functions with the same name as the contract is deprecated. Use "constructor(...) { ... }" instead.
  function OddsAndEvens() {
  ^ (Relevant source part starts here and spans across multiple lines).
../smartbugs-curated/dataset/front_running/odds_and_evens.sol:25:31: Warning: "throw" is deprecated in favour of "revert()", "require()" and "assert()".
    if (msg.value != 1 ether) throw;
                              ^---^
../smartbugs-curated/dataset/front_running/odds_and_evens.sol:48:27: Warning: "throw" is deprecated in favour of "revert()", "require()" and "assert()".
    if(msg.sender!=owner) throw;
                          ^---^
../smartbugs-curated/dataset/front_running/odds_and_evens.sol:8:1: Warning: Source file does not specify required compiler version!Consider adding "pragma solidity ^0.4.26;"
contract OddsAndEvens{
^ (Relevant source part starts here and spans across multiple lines).
../smartbugs-curated/dataset/front_running/odds_and_evens.sol:49:32: Warning: Using contract member "balance" inherited from the address type is deprecated. Convert the contract to "address" type to access the member, for example use "address(contract).balance" instead.
    bool res = msg.sender.send(this.balance);
                               ^----------^
../smartbugs-curated/dataset/front_running/odds_and_evens.sol:20:3: Warning: No visibility specified. Defaulting to "public". 
  function OddsAndEvens() {
  ^ (Relevant source part starts here and spans across multiple lines).
../smartbugs-curated/dataset/front_running/odds_and_evens.sol:24:3: Warning: No visibility specified. Defaulting to "public". 
  function play(uint number) payable{
  ^ (Relevant source part starts here and spans across multiple lines).
../smartbugs-curated/dataset/front_running/odds_and_evens.sol:47:3: Warning: No visibility specified. Defaulting to "public". 
  function getProfit() {
  ^ (Relevant source part starts here and spans across multiple lines).
../smartbugs-curated/dataset/front_running/odds_and_evens.sol:49:5: Warning: Unused local variable.
    bool res = msg.sender.send(this.balance);
    ^------^


OddsAndEvens.andTheWinnerIs() (../smartbugs-curated/dataset/front_running/odds_and_evens.sol#33-45) sends eth to arbitrary user
	Dangerous calls:
	- res = players[0].addr.send(1800000000000000000) (../smartbugs-curated/dataset/front_running/odds_and_evens.sol#37)
	- res = players[1].addr.send(1800000000000000000) (../smartbugs-curated/dataset/front_running/odds_and_evens.sol#40)
Reference: https://github.com/crytic/slither/wiki/Detector-Documentation#functions-that-send-ether-to-arbitrary-destinations

Deprecated standard detected THROW (../smartbugs-curated/dataset/front_running/odds_and_evens.sol#25):
	- Usage of "throw" should be replaced with "revert()"
Deprecated standard detected THROW (../smartbugs-curated/dataset/front_running/odds_and_evens.sol#48):
	- Usage of "throw" should be replaced with "revert()"
Reference: https://github.com/crytic/slither/wiki/Detector-Documentation#deprecated-standards

solc-0.4.26 is an outdated solc version. Use a more recent version (at least 0.8.0), if possible.
Reference: https://github.com/crytic/slither/wiki/Detector-Documentation#incorrect-versions-of-solidity

Reentrancy in OddsAndEvens.andTheWinnerIs() (../smartbugs-curated/dataset/front_running/odds_and_evens.sol#33-45):
	External calls:
	- res = players[0].addr.send(1800000000000000000) (../smartbugs-curated/dataset/front_running/odds_and_evens.sol#37)
	- res = players[1].addr.send(1800000000000000000) (../smartbugs-curated/dataset/front_running/odds_and_evens.sol#40)
	State variables written after the call(s):
	- delete players (../smartbugs-curated/dataset/front_running/odds_and_evens.sol#43)
	- tot = 0 (../smartbugs-curated/dataset/front_running/odds_and_evens.sol#44)
Reference: https://github.com/crytic/slither/wiki/Detector-Documentation#reentrancy-vulnerabilities-4
../smartbugs-curated/dataset/front_running/odds_and_evens.sol analyzed (1 contracts with 95 detectors), 5 result(s) found

Error running slither
odds_and_evens.sol
Getting Solidity AST...
Running TIPS...
odds_and_evens.sol
0.001374959945678711


