 ______     __         __  __     ______     __     __  __     __    __    
/\  ___\   /\ \       /\ \_\ \   /\  ___\   /\ \   /\ \/\ \   /\ "-./  \   
\ \  __\   \ \ \____  \ \____ \  \ \___  \  \ \ \  \ \ \_\ \  \ \ \-./\ \  
 \ \_____\  \ \_____\  \/\_____\  \/\_____\  \ \_\  \ \_____\  \ \_\ \ \_\ 
  \/_____/   \/_____/   \/_____/   \/_____/   \/_/   \/_____/   \/_/  \/_/ 
                                                                           
Compiling source code...
Retrieving bytecode for contract 'EtherGet'.
Please wait. Scanning bytecode for bugs...
Running Osiris...
Finished running Osiris. Execution time 0.8590641021728516 seconds. Code coverage 99.7%.
Running Oyente...
Finished running Oyente. Execution time 0.8316922187805176 seconds. Code coverage 93.2%.
Running Mythril...
Finished running Mythril. Execution time 16.66563081741333 seconds. Code coverage 96.17%.
Detected 1 bug(s):
--> Detected 'unhandled exception' bug at program counter address 258 (0x102) using Mythril with a code coverage of 96.17%.
Exporting original control-flow graph...
Recovering control-flow graph...
Recovered 100% of the control-flow graph
Number of execution paths accessing storage: 2
Runtime bytecode size: 704 bytes (original: 692 bytes) 1.7341040462427746% increase.
Metadata: 0xa165627a7a72305820f971e328c429bacae5c2dbac3c5161b3688fe77a093988f7f3dbbe4d6c351cc20029
Exporting patched control-flow graph...
