 ______     __         __  __     ______     __     __  __     __    __    
/\  ___\   /\ \       /\ \_\ \   /\  ___\   /\ \   /\ \/\ \   /\ "-./  \   
\ \  __\   \ \ \____  \ \____ \  \ \___  \  \ \ \  \ \ \_\ \  \ \ \-./\ \  
 \ \_____\  \ \_____\  \/\_____\  \/\_____\  \ \_\  \ \_____\  \ \_\ \ \_\ 
  \/_____/   \/_____/   \/_____/   \/_____/   \/_/   \/_____/   \/_/  \/_/ 
                                                                           
Compiling source code...
Retrieving bytecode for contract 'KingOfTheEtherThrone'.
Please wait. Scanning bytecode for bugs...
Running Osiris...
Finished running Osiris. Execution time 147.09987950325012 seconds. Code coverage 89.1%.
Running Oyente...
Finished running Oyente. Execution time 2.7193658351898193 seconds. Code coverage 39.2%.
Running Mythril...
Finished running Mythril. Execution time 123.03132939338684 seconds. Code coverage 76.08%.
Detected 3 bug(s):
--> Detected 'overflow' (ADD) bug at program counter address 806 (0x326) using Osiris with a code coverage of 89.1%.
--> Detected 'overflow' (MUL) bug at program counter address 824 (0x338) using Osiris with a code coverage of 89.1%.
--> Detected 'overflow' (ADD) bug at program counter address 948 (0x3b4) using Osiris with a code coverage of 89.1%.
Exporting original control-flow graph...
Recovering control-flow graph...
Recovered 100% of the control-flow graph
Number of execution paths accessing storage: 21
Deployment bytecode size: 375 bytes (original: 375 bytes) 0.0% increase.
Runtime bytecode size: 2475 bytes (original: 2352 bytes) 5.229591836734694% increase.
Metadata: 0xa165627a7a7230582082bf4b7b61f2b48b08f067f38720ddb9a371674a3d9fefcc55ce47229e532d600029
Exporting patched control-flow graph...
