smartbugs/dataset/other/open_address_lottery.sol:40:5: Warning: Defining constructors as functions with the same name as the contract is deprecated. Use "constructor(...) { ... }" instead.
    function OpenAddressLottery() {
    ^ (Relevant source part starts here and spans across multiple lines).
smartbugs/dataset/other/open_address_lottery.sol:25:1: Warning: Source file does not specify required compiler version!Consider adding "pragma solidity ^0.4.24;"
contract OpenAddressLottery{
^ (Relevant source part starts here and spans across multiple lines).
smartbugs/dataset/other/open_address_lottery.sol:90:9: Warning: Variable is declared as a storage pointer. Use an explicit "storage" keyword to silence this warning.
        SeedComponents s;
        ^--------------^
smartbugs/dataset/other/open_address_lottery.sol:57:20: Warning: Using contract member "balance" inherited from the address type is deprecated. Convert the contract to "address" type to access the member, for example use "address(contract).balance" instead.
            if(win>this.balance) //if the balance isnt sufficient...
                   ^----------^
smartbugs/dataset/other/open_address_lottery.sol:58:21: Warning: Using contract member "balance" inherited from the address type is deprecated. Convert the contract to "address" type to access the member, for example use "address(contract).balance" instead.
                win=this.balance; //...send everything we've got
                    ^----------^
smartbugs/dataset/other/open_address_lottery.sol:68:18: Warning: This function only accepts a single "bytes" argument. Please use "abi.encodePacked(...)" or a similar function to encode the data.
        n = uint(keccak256(uint(addr), secretSeed)[0]) % 8;
                 ^-------------------------------^
smartbugs/dataset/other/open_address_lottery.sol:72:30: Warning: This function only accepts a single "bytes" argument. Please use "abi.encodePacked(...)" or a similar function to encode the data.
        secretSeed = uint256(keccak256(
                             ^ (Relevant source part starts here and spans across multiple lines).
smartbugs/dataset/other/open_address_lottery.sol:90:9: Warning: Uninitialized storage pointer. Did you mean '<type> memory s'?
        SeedComponents s;
        ^--------------^
smartbugs/dataset/other/open_address_lottery.sol:40:5: Warning: No visibility specified. Defaulting to "public". 
    function OpenAddressLottery() {
    ^ (Relevant source part starts here and spans across multiple lines).
smartbugs/dataset/other/open_address_lottery.sol:45:5: Warning: No visibility specified. Defaulting to "public". 
    function participate() payable {
    ^ (Relevant source part starts here and spans across multiple lines).
smartbugs/dataset/other/open_address_lottery.sol:66:5: Warning: No visibility specified. Defaulting to "public". 
    function luckyNumberOfAddress(address addr) constant returns(uint n){
    ^ (Relevant source part starts here and spans across multiple lines).
smartbugs/dataset/other/open_address_lottery.sol:81:5: Warning: No visibility specified. Defaulting to "public". 
    function kill() {
    ^ (Relevant source part starts here and spans across multiple lines).
smartbugs/dataset/other/open_address_lottery.sol:87:5: Warning: No visibility specified. Defaulting to "public". 
    function forceReseed() { //reseed initiated by the owner - for testing purposes
    ^ (Relevant source part starts here and spans across multiple lines).
smartbugs/dataset/other/open_address_lottery.sol:92:32: Warning: "block.blockhash()" has been deprecated in favor of "blockhash()"
        s.component2 = uint256(block.blockhash(block.number - 1));
                               ^-------------^
smartbugs/dataset/other/open_address_lottery.sol:99:5: Warning: No visibility specified. Defaulting to "public". 
    function () payable { //if someone sends money without any function call, just assume he wanted to participate
    ^ (Relevant source part starts here and spans across multiple lines).
