 ______     __         __  __     ______     __     __  __     __    __    
/\  ___\   /\ \       /\ \_\ \   /\  ___\   /\ \   /\ \/\ \   /\ "-./  \   
\ \  __\   \ \ \____  \ \____ \  \ \___  \  \ \ \  \ \ \_\ \  \ \ \-./\ \  
 \ \_____\  \ \_____\  \/\_____\  \/\_____\  \ \_\  \ \_____\  \ \_\ \ \_\ 
  \/_____/   \/_____/   \/_____/   \/_____/   \/_/   \/_____/   \/_/  \/_/ 
                                                                           
Compiling source code...
Retrieving bytecode for contract 'PoCGame'.
Please wait. Scanning bytecode for bugs...
Running Osiris...
Finished running Osiris. Execution time 5.219974517822266 seconds. Code coverage 90.6%.
Running Oyente...
Finished running Oyente. Execution time 1.5120444297790527 seconds. Code coverage 81.1%.
Running Mythril...
Finished running Mythril. Execution time 8.286145210266113 seconds. Code coverage 34.73%.
Detected 1 bug(s):
--> Detected 'overflow' (ADD) bug at program counter address 1916 (0x77c) using Osiris with a code coverage of 90.6%.
Exporting original control-flow graph...
Recovering control-flow graph...
Recovered 100% of the control-flow graph
Number of execution paths accessing storage: 20
Runtime bytecode size: 2047 bytes (original: 2000 bytes) 2.35% increase.
Metadata: 0xa165627a7a723058200ef2974da0689cb907c862b9f8f4147eb51cd80c984cb134abc4602e00eb04f40029
Exporting patched control-flow graph...
