 ______     __         __  __     ______     __     __  __     __    __    
/\  ___\   /\ \       /\ \_\ \   /\  ___\   /\ \   /\ \/\ \   /\ "-./  \   
\ \  __\   \ \ \____  \ \____ \  \ \___  \  \ \ \  \ \ \_\ \  \ \ \-./\ \  
 \ \_____\  \ \_____\  \/\_____\  \/\_____\  \ \_\  \ \_____\  \ \_\ \ \_\ 
  \/_____/   \/_____/   \/_____/   \/_____/   \/_/   \/_____/   \/_/  \/_/ 
                                                                           
Compiling source code...
Retrieving bytecode for contract 'MyToken'.
Please wait. Scanning bytecode for bugs...
Running Osiris...
Finished running Osiris. Execution time 1.3005249500274658 seconds. Code coverage 99.5%.
Running Oyente...
Finished running Oyente. Execution time 1.7632601261138916 seconds. Code coverage 99.5%.
Running Mythril...
Finished running Mythril. Execution time 5.955643653869629 seconds. Code coverage 99.52%.
Detected 1 bug(s):
--> Detected 'overflow' (ADD) bug at program counter address 301 (0x12d) using Osiris with a code coverage of 99.5%.
Exporting original control-flow graph...
Recovering control-flow graph...
Recovered 100% of the control-flow graph
Number of execution paths accessing storage: 3
Deployment bytecode size: 52 bytes (original: 52 bytes) 0.0% increase.
Runtime bytecode size: 454 bytes (original: 407 bytes) 11.547911547911546% increase.
Metadata: 0xa165627a7a72305820c8c18ebfd0c2a453967275d0eba6b0188c76364e8021d98b4093b4a76cef19130029
Exporting patched control-flow graph...
