 ______     __         __  __     ______     __     __  __     __    __    
/\  ___\   /\ \       /\ \_\ \   /\  ___\   /\ \   /\ \/\ \   /\ "-./  \   
\ \  __\   \ \ \____  \ \____ \  \ \___  \  \ \ \  \ \ \_\ \  \ \ \-./\ \  
 \ \_____\  \ \_____\  \/\_____\  \/\_____\  \ \_\  \ \_____\  \ \_\ \ \_\ 
  \/_____/   \/_____/   \/_____/   \/_____/   \/_/   \/_____/   \/_/  \/_/ 
                                                                           
Compiling source code...
Retrieving bytecode for contract 'Governmental'.
Please wait. Scanning bytecode for bugs...
Running Osiris...
Finished running Osiris. Execution time 1.882697343826294 seconds. Code coverage 87.1%.
Running Oyente...
Finished running Oyente. Execution time 1.5792477130889893 seconds. Code coverage 82.2%.
Running Mythril...
Finished running Mythril. Execution time 13.995451211929321 seconds. Code coverage 87.15%.
Detected 2 bug(s):
--> Detected 'overflow' (ADD) bug at program counter address 387 (0x183) using Osiris with a code coverage of 87.1%.
--> Detected 'unhandled exception' bug at program counter address 440 (0x1b8) using Mythril with a code coverage of 87.15%.
Exporting original control-flow graph...
Recovering control-flow graph...
Recovered 92% of the control-flow graph
Number of execution paths accessing storage: 9
Deployment bytecode size: 98 bytes (original: 98 bytes) 0.0% increase.
Runtime bytecode size: 744 bytes (original: 685 bytes) 8.613138686131387% increase.
Metadata: 0xa165627a7a72305820b264ba641e94f71e6af3f8386a6ac05bc5811743d1b59f8322caa34d969ad4240029
Exporting patched control-flow graph...
