mythril.mythril.mythril_config [INFO]: Creating mythril data directory 
mythril.mythril.mythril_config [INFO]: No config file found. Creating default: /root/.mythril/config.ini 
mythril.mythril.mythril_config [INFO]: Infura key not provided, so onchain access is disabled. Use --infura-id <INFURA_ID> or set it in the environment variable INFURA_ID or in the ~/.mythril/config.ini file 
mythril.support.signatures [INFO]: Using signature database at /root/.mythril/signatures.db
mythril.laser.ethereum.svm [INFO]: LASER EVM initialized with dynamic loader: <mythril.support.loader.DynLoader object at 0x73e129bfdee0>
mythril.laser.ethereum.strategy.extensions.bounded_loops [INFO]: Loaded search strategy extension: Loop bounds (limit = 3)
mythril.laser.plugin.loader [INFO]: Loading laser plugin: coverage
mythril.laser.plugin.loader [INFO]: Loading laser plugin: mutation-pruner
mythril.laser.plugin.loader [INFO]: Loading laser plugin: call-depth-limit
mythril.laser.plugin.loader [INFO]: Loading laser plugin: instruction-profiler
mythril.laser.plugin.loader [INFO]: Loading laser plugin: dependency-pruner
mythril.laser.plugin.loader [INFO]: Instrumenting symbolic vm with plugin: coverage
mythril.laser.plugin.loader [INFO]: Instrumenting symbolic vm with plugin: mutation-pruner
mythril.laser.plugin.loader [INFO]: Instrumenting symbolic vm with plugin: call-depth-limit
mythril.laser.plugin.loader [INFO]: Instrumenting symbolic vm with plugin: instruction-profiler
mythril.laser.plugin.loader [INFO]: Instrumenting symbolic vm with plugin: dependency-pruner
mythril.laser.ethereum.svm [DEBUG]: Starting LASER execution
mythril.laser.ethereum.svm [INFO]: Starting message call transaction to 0
mythril.laser.ethereum.svm [INFO]: Starting message call transaction, iteration: 0, 1 initial states
mythril.laser.ethereum.instructions [DEBUG]: Evaluating PUSH1 at 0
mythril.laser.ethereum.instructions [DEBUG]: Evaluating PUSH1 at 1
mythril.laser.ethereum.instructions [DEBUG]: Evaluating MSTORE at 2
mythril.laser.ethereum.instructions [DEBUG]: Evaluating PUSH1 at 3
mythril.laser.ethereum.instructions [DEBUG]: Evaluating CALLDATASIZE at 4
mythril.laser.ethereum.instructions [DEBUG]: Evaluating LT at 5
mythril.laser.ethereum.instructions [DEBUG]: Evaluating PUSH1 at 6
mythril.analysis.module.base [DEBUG]: Entering analysis module: TxOrigin
mythril.analysis.module.base [DEBUG]: Exiting analysis module: TxOrigin
mythril.analysis.module.base [DEBUG]: Entering analysis module: IntegerArithmetics
mythril.analysis.module.base [DEBUG]: Exiting analysis module: IntegerArithmetics
mythril.laser.ethereum.instructions [DEBUG]: Evaluating JUMPI at 7
mythril.laser.ethereum.instructions [DEBUG]: Evaluating PUSH1 at 8
mythril.laser.ethereum.instructions [DEBUG]: Evaluating JUMPDEST at 20
mythril.laser.ethereum.instructions [DEBUG]: Evaluating CALLDATALOAD at 9
mythril.laser.ethereum.instructions [DEBUG]: Evaluating PUSH1 at 21
mythril.laser.ethereum.instructions [DEBUG]: Evaluating PUSH29 at 10
mythril.laser.ethereum.instructions [DEBUG]: Evaluating DUP1 at 22
mythril.laser.ethereum.instructions [DEBUG]: Evaluating SWAP1 at 11
mythril.laser.ethereum.instructions [DEBUG]: Evaluating REVERT at 23
mythril.laser.ethereum.svm [DEBUG]: Ending transaction MessageCallTransaction 1 from sender_1 to                                        0x0.
mythril.laser.ethereum.instructions [DEBUG]: Evaluating DIV at 12
mythril.laser.ethereum.instructions [DEBUG]: Evaluating PUSH4 at 13
mythril.laser.ethereum.instructions [DEBUG]: Evaluating AND at 14
mythril.laser.ethereum.instructions [DEBUG]: Evaluating DUP1 at 15
mythril.laser.ethereum.instructions [DEBUG]: Evaluating PUSH4 at 16
mythril.laser.ethereum.instructions [DEBUG]: Evaluating EQ at 17
mythril.laser.ethereum.instructions [DEBUG]: Evaluating PUSH1 at 18
mythril.analysis.module.base [DEBUG]: Entering analysis module: TxOrigin
mythril.analysis.module.base [DEBUG]: Exiting analysis module: TxOrigin
mythril.analysis.module.base [DEBUG]: Entering analysis module: IntegerArithmetics
mythril.analysis.module.base [DEBUG]: Exiting analysis module: IntegerArithmetics
mythril.laser.ethereum.instructions [DEBUG]: Evaluating JUMPI at 19
mythril.laser.ethereum.svm [DEBUG]: - Entering function MAIN:unknown
mythril.laser.ethereum.instructions [DEBUG]: Evaluating JUMPDEST at 20
mythril.laser.ethereum.instructions [DEBUG]: Evaluating JUMPDEST at 24
mythril.laser.ethereum.instructions [DEBUG]: Evaluating PUSH1 at 21
mythril.laser.ethereum.instructions [DEBUG]: Evaluating CALLVALUE at 25
mythril.laser.ethereum.instructions [DEBUG]: Evaluating DUP1 at 22
mythril.laser.ethereum.instructions [DEBUG]: Evaluating DUP1 at 26
mythril.laser.ethereum.instructions [DEBUG]: Evaluating REVERT at 23
mythril.laser.ethereum.svm [DEBUG]: Ending transaction MessageCallTransaction 1 from sender_1 to                                        0x0.
mythril.laser.ethereum.instructions [DEBUG]: Evaluating ISZERO at 27
mythril.laser.ethereum.instructions [DEBUG]: Evaluating PUSH1 at 28
mythril.analysis.module.base [DEBUG]: Entering analysis module: TxOrigin
mythril.analysis.module.base [DEBUG]: Exiting analysis module: TxOrigin
mythril.analysis.module.base [DEBUG]: Entering analysis module: IntegerArithmetics
mythril.analysis.module.base [DEBUG]: Exiting analysis module: IntegerArithmetics
mythril.laser.ethereum.instructions [DEBUG]: Evaluating JUMPI at 29
mythril.laser.ethereum.instructions [DEBUG]: Evaluating PUSH1 at 30
mythril.laser.ethereum.instructions [DEBUG]: Evaluating JUMPDEST at 33
mythril.laser.ethereum.instructions [DEBUG]: Evaluating DUP1 at 31
mythril.laser.ethereum.instructions [DEBUG]: Evaluating POP at 34
mythril.laser.ethereum.instructions [DEBUG]: Evaluating REVERT at 32
mythril.laser.ethereum.svm [DEBUG]: Ending transaction MessageCallTransaction 1 from sender_1 to                                        0x0.
mythril.laser.ethereum.instructions [DEBUG]: Evaluating PUSH1 at 35
mythril.laser.ethereum.instructions [DEBUG]: Evaluating PUSH1 at 36
mythril.laser.ethereum.instructions [DEBUG]: Evaluating JUMP at 37
mythril.laser.ethereum.instructions [DEBUG]: Evaluating JUMPDEST at 61
mythril.laser.ethereum.instructions [DEBUG]: Evaluating PUSH1 at 62
mythril.laser.ethereum.instructions [DEBUG]: Evaluating PUSH4 at 63
mythril.laser.ethereum.instructions [DEBUG]: Evaluating TIMESTAMP at 64
mythril.laser.ethereum.instructions [DEBUG]: Evaluating LT at 65
mythril.laser.ethereum.instructions [DEBUG]: Evaluating ISZERO at 66
mythril.laser.ethereum.instructions [DEBUG]: Evaluating SWAP1 at 67
mythril.laser.ethereum.instructions [DEBUG]: Evaluating POP at 68
mythril.laser.ethereum.instructions [DEBUG]: Evaluating SWAP1 at 69
mythril.laser.ethereum.instructions [DEBUG]: Evaluating JUMP at 70
mythril.laser.ethereum.instructions [DEBUG]: Evaluating JUMPDEST at 38
mythril.laser.ethereum.instructions [DEBUG]: Evaluating PUSH1 at 39
mythril.laser.ethereum.instructions [DEBUG]: Evaluating MLOAD at 40
mythril.laser.ethereum.instructions [DEBUG]: Evaluating DUP1 at 41
mythril.laser.ethereum.instructions [DEBUG]: Evaluating DUP3 at 42
mythril.laser.ethereum.instructions [DEBUG]: Evaluating ISZERO at 43
mythril.laser.ethereum.instructions [DEBUG]: Evaluating ISZERO at 44
mythril.laser.ethereum.instructions [DEBUG]: Evaluating ISZERO at 45
mythril.laser.ethereum.instructions [DEBUG]: Evaluating ISZERO at 46
mythril.laser.ethereum.instructions [DEBUG]: Evaluating DUP2 at 47
mythril.laser.ethereum.instructions [DEBUG]: Evaluating MSTORE at 48
mythril.laser.ethereum.instructions [DEBUG]: Evaluating PUSH1 at 49
mythril.analysis.module.base [DEBUG]: Entering analysis module: IntegerArithmetics
mythril.analysis.module.base [DEBUG]: Exiting analysis module: IntegerArithmetics
mythril.laser.ethereum.instructions [DEBUG]: Evaluating ADD at 50
mythril.laser.ethereum.instructions [DEBUG]: Evaluating SWAP2 at 51
mythril.laser.ethereum.instructions [DEBUG]: Evaluating POP at 52
mythril.laser.ethereum.instructions [DEBUG]: Evaluating POP at 53
mythril.laser.ethereum.instructions [DEBUG]: Evaluating PUSH1 at 54
mythril.laser.ethereum.instructions [DEBUG]: Evaluating MLOAD at 55
mythril.laser.ethereum.instructions [DEBUG]: Evaluating DUP1 at 56
mythril.laser.ethereum.instructions [DEBUG]: Evaluating SWAP2 at 57
mythril.analysis.module.base [DEBUG]: Entering analysis module: IntegerArithmetics
mythril.analysis.module.base [DEBUG]: Exiting analysis module: IntegerArithmetics
mythril.laser.ethereum.instructions [DEBUG]: Evaluating SUB at 58
mythril.laser.ethereum.instructions [DEBUG]: Evaluating SWAP1 at 59
mythril.analysis.module.base [DEBUG]: Entering analysis module: IntegerArithmetics
mythril.analysis.module.base [DEBUG]: Exiting analysis module: IntegerArithmetics
mythril.analysis.module.base [DEBUG]: Entering analysis module: UncheckedRetval
mythril.analysis.module.base [DEBUG]: Exiting analysis module: UncheckedRetval
mythril.laser.ethereum.instructions [DEBUG]: Evaluating RETURN at 60
mythril.laser.ethereum.svm [DEBUG]: Ending transaction MessageCallTransaction 1 from sender_1 to                                        0x0.
mythril.laser.plugin.plugins.coverage.coverage_plugin [INFO]: Number of new instructions covered in tx 0: 71
mythril.laser.ethereum.svm [INFO]: Finished symbolic execution
mythril.laser.plugin.plugins.coverage.coverage_plugin [INFO]: Achieved 98.61% coverage for code: 608060405260043610603f576000357c0100000000000000000000000000000000000000000000000000000000900463ffffffff1680636d6f385c146044575b600080fd5b348015604f57600080fd5b5060566070565b604051808215151515815260200191505060405180910390f35b6000635c2aad804210159050905600a165627a7a7230582085d073c8db0805473fecea42dcf9ba4d99793648fc6b52077b475a27ae9ba8560029
mythril.laser.plugin.plugins.instruction_profiler [INFO]: Total: 0.07605671882629395 s
[ADD         ]   1.8975 %,  nr      1,  total   0.0014 s,  avg   0.0014 s,  min   0.0014 s,  max   0.0014 s
[AND         ]   0.7150 %,  nr      1,  total   0.0005 s,  avg   0.0005 s,  min   0.0005 s,  max   0.0005 s
[CALLDATALOAD]  17.4856 %,  nr      1,  total   0.0133 s,  avg   0.0133 s,  min   0.0133 s,  max   0.0133 s
[CALLDATASIZE]   0.7536 %,  nr      1,  total   0.0006 s,  avg   0.0006 s,  min   0.0006 s,  max   0.0006 s
[CALLVALUE   ]   0.6668 %,  nr      1,  total   0.0005 s,  avg   0.0005 s,  min   0.0005 s,  max   0.0005 s
[DIV         ]   1.1307 %,  nr      1,  total   0.0009 s,  avg   0.0009 s,  min   0.0009 s,  max   0.0009 s
[DUP1        ]   4.3915 %,  nr      7,  total   0.0033 s,  avg   0.0005 s,  min   0.0002 s,  max   0.0006 s
[DUP2        ]   0.3103 %,  nr      1,  total   0.0002 s,  avg   0.0002 s,  min   0.0002 s,  max   0.0002 s
[DUP3        ]   0.3433 %,  nr      1,  total   0.0003 s,  avg   0.0003 s,  min   0.0003 s,  max   0.0003 s
[EQ          ]   0.7009 %,  nr      1,  total   0.0005 s,  avg   0.0005 s,  min   0.0005 s,  max   0.0005 s
[ISZERO      ]   3.1492 %,  nr      6,  total   0.0024 s,  avg   0.0004 s,  min   0.0003 s,  max   0.0007 s
[JUMP        ]   1.2899 %,  nr      2,  total   0.0010 s,  avg   0.0005 s,  min   0.0005 s,  max   0.0005 s
[JUMPDEST    ]   3.8855 %,  nr      6,  total   0.0030 s,  avg   0.0005 s,  min   0.0002 s,  max   0.0010 s
[JUMPI       ]   7.7826 %,  nr      3,  total   0.0059 s,  avg   0.0020 s,  min   0.0017 s,  max   0.0023 s
[LT          ]   1.1545 %,  nr      2,  total   0.0009 s,  avg   0.0004 s,  min   0.0003 s,  max   0.0006 s
[MLOAD       ]  18.4665 %,  nr      2,  total   0.0140 s,  avg   0.0070 s,  min   0.0069 s,  max   0.0071 s
[MSTORE      ]  18.5903 %,  nr      2,  total   0.0141 s,  avg   0.0071 s,  min   0.0046 s,  max   0.0096 s
[POP         ]   1.2805 %,  nr      4,  total   0.0010 s,  avg   0.0002 s,  min   0.0002 s,  max   0.0003 s
[PUSH1       ]  10.4434 %,  nr     16,  total   0.0079 s,  avg   0.0005 s,  min   0.0002 s,  max   0.0010 s
[PUSH29      ]   0.7401 %,  nr      1,  total   0.0006 s,  avg   0.0006 s,  min   0.0006 s,  max   0.0006 s
[PUSH4       ]   1.7131 %,  nr      3,  total   0.0013 s,  avg   0.0004 s,  min   0.0003 s,  max   0.0005 s
[SUB         ]   0.3865 %,  nr      1,  total   0.0003 s,  avg   0.0003 s,  min   0.0003 s,  max   0.0003 s
[SWAP1       ]   1.5746 %,  nr      4,  total   0.0012 s,  avg   0.0003 s,  min   0.0002 s,  max   0.0005 s
[SWAP2       ]   0.7746 %,  nr      2,  total   0.0006 s,  avg   0.0003 s,  min   0.0003 s,  max   0.0003 s
[TIMESTAMP   ]   0.3733 %,  nr      1,  total   0.0003 s,  avg   0.0003 s,  min   0.0003 s,  max   0.0003 s

mythril.analysis.security [INFO]: Starting analysis
mythril.analysis.security [DEBUG]: Retrieving results for Caller can write to arbitrary storage locations
mythril.analysis.security [DEBUG]: Retrieving results for Delegatecall to a user-specified address
mythril.analysis.security [DEBUG]: Retrieving results for Control flow depends on tx.origin
mythril.analysis.security [DEBUG]: Retrieving results for Any sender can withdraw ETH from the contract account
mythril.analysis.security [DEBUG]: Retrieving results for Integer overflow or underflow
mythril.analysis.security [DEBUG]: Retrieving results for State change after an external call
mythril.analysis.security [DEBUG]: Retrieving results for Contract can be accidentally killed by anyone
mythril.analysis.security [DEBUG]: Retrieving results for Return value of an external call is not checked
mythril.mythril.mythril_analyzer [INFO]: Solver statistics: 
Query count: 9 
Solver time: 0.06713986396789551
{"error": null, "issues": [], "success": true}
