Compilation warnings/errors on smartbugs/dataset/arithmetic/BECToken.sol:
smartbugs/dataset/arithmetic/BECToken.sol:171:3: Warning: Defining constructors as functions with the same name as the contract is deprecated. Use "constructor(...) { ... }" instead.
  function Ownable() {
  ^ (Relevant source part starts here and spans across multiple lines).
smartbugs/dataset/arithmetic/BECToken.sol:297:5: Warning: Defining constructors as functions with the same name as the contract is deprecated. Use "constructor(...) { ... }" instead.
    function BecToken() {
    ^ (Relevant source part starts here and spans across multiple lines).
smartbugs/dataset/arithmetic/BECToken.sol:72:5: Warning: Invoking events without "emit" prefix is deprecated.
    Transfer(msg.sender, _to, _value);
    ^-------------------------------^
smartbugs/dataset/arithmetic/BECToken.sol:124:5: Warning: Invoking events without "emit" prefix is deprecated.
    Transfer(_from, _to, _value);
    ^--------------------------^
smartbugs/dataset/arithmetic/BECToken.sol:140:5: Warning: Invoking events without "emit" prefix is deprecated.
    Approval(msg.sender, _spender, _value);
    ^------------------------------------^
smartbugs/dataset/arithmetic/BECToken.sol:191:5: Warning: Invoking events without "emit" prefix is deprecated.
    OwnershipTransferred(owner, newOwner);
    ^-----------------------------------^
smartbugs/dataset/arithmetic/BECToken.sol:229:5: Warning: Invoking events without "emit" prefix is deprecated.
    Pause();
    ^-----^
smartbugs/dataset/arithmetic/BECToken.sol:237:5: Warning: Invoking events without "emit" prefix is deprecated.
    Unpause();
    ^-------^
smartbugs/dataset/arithmetic/BECToken.sol:271:9: Warning: Invoking events without "emit" prefix is deprecated.
        Transfer(msg.sender, _receivers[i], _value);
        ^-----------------------------------------^
smartbugs/dataset/arithmetic/BECToken.sol:171:3: Warning: No visibility specified. Defaulting to "public". 
  function Ownable() {
  ^ (Relevant source part starts here and spans across multiple lines).
smartbugs/dataset/arithmetic/BECToken.sol:297:5: Warning: No visibility specified. Defaulting to "public". 
    function BecToken() {
    ^ (Relevant source part starts here and spans across multiple lines).
smartbugs/dataset/arithmetic/BECToken.sol:302:5: Warning: No visibility specified. Defaulting to "public". 
    function () {
    ^ (Relevant source part starts here and spans across multiple lines).
smartbugs/dataset/arithmetic/BECToken.sol:14:3: Warning: Function state mutability can be restricted to pure
  function mul(uint256 a, uint256 b) internal constant returns (uint256) {
  ^ (Relevant source part starts here and spans across multiple lines).
smartbugs/dataset/arithmetic/BECToken.sol:20:3: Warning: Function state mutability can be restricted to pure
  function div(uint256 a, uint256 b) internal constant returns (uint256) {
  ^ (Relevant source part starts here and spans across multiple lines).
smartbugs/dataset/arithmetic/BECToken.sol:27:3: Warning: Function state mutability can be restricted to pure
  function sub(uint256 a, uint256 b) internal constant returns (uint256) {
  ^ (Relevant source part starts here and spans across multiple lines).
smartbugs/dataset/arithmetic/BECToken.sol:32:3: Warning: Function state mutability can be restricted to pure
  function add(uint256 a, uint256 b) internal constant returns (uint256) {
  ^ (Relevant source part starts here and spans across multiple lines).

smartbugs/dataset/arithmetic/BECToken.sol analyzed (9 contracts)
error can not find type for {"type":"IndexAccess","base":{"type":"Identifier","name":"balances","loc":{"start":{"line":268,"column":4},"end":{"line":268,"column":4}}},"index":{"type":"MemberAccess","expression":{"type":"Identifier","name":"msg","loc":{"start":{"line":268,"column":13},"end":{"line":268,"column":13}}},"memberName":"sender","loc":{"start":{"line":268,"column":13},"end":{"line":268,"column":17}}},"loc":{"start":{"line":268,"column":4},"end":{"line":268,"column":23}}}
error can not find type for {"type":"IndexAccess","base":{"type":"Identifier","name":"balances","loc":{"start":{"line":270,"column":8},"end":{"line":270,"column":8}}},"index":{"type":"IndexAccess","base":{"type":"Identifier","name":"_receivers","loc":{"start":{"line":270,"column":17},"end":{"line":270,"column":17}}},"index":{"type":"Identifier","name":"i","loc":{"start":{"line":270,"column":28},"end":{"line":270,"column":28}}},"loc":{"start":{"line":270,"column":17},"end":{"line":270,"column":29}}},"loc":{"start":{"line":270,"column":8},"end":{"line":270,"column":30}}}
/sGuardPlus/src/overunderflow.js:74
        if (String(ast.expression.typeName.name).includes("int")){
                                           ^

TypeError: Cannot read properties of undefined (reading 'name')
    at getType (/sGuardPlus/src/overunderflow.js:74:44)
    at Object.BinaryOperation (/sGuardPlus/src/overunderflow.js:364:38)
    at visit (/sGuardPlus/node_modules/@solidity-parser/parser/dist/index.cjs.js:37001:30)
    at visit (/sGuardPlus/node_modules/@solidity-parser/parser/dist/index.cjs.js:37007:7)
    at /sGuardPlus/node_modules/@solidity-parser/parser/dist/index.cjs.js:36995:29
    at Array.forEach (<anonymous>)
    at visit (/sGuardPlus/node_modules/@solidity-parser/parser/dist/index.cjs.js:36995:10)
    at visit (/sGuardPlus/node_modules/@solidity-parser/parser/dist/index.cjs.js:37007:7)
    at visit (/sGuardPlus/node_modules/@solidity-parser/parser/dist/index.cjs.js:37007:7)
    at /sGuardPlus/node_modules/@solidity-parser/parser/dist/index.cjs.js:36995:29
