Getting Slither report...
Switched global version to 0.4.26



'solc --version' running
'solc ../smartbugs-curated/dataset/unchecked_low_level_calls/0x19cf8481ea15427a98ba3cdd6d9e14690011ab10.sol --combined-json abi,ast,bin,bin-runtime,srcmap,srcmap-runtime,userdoc,devdoc,hashes,compact-format --allow-paths .,/home/mokita/sc_study/temp/smartbugs-curated/dataset/unchecked_low_level_calls' running
Compilation warnings/errors on ../smartbugs-curated/dataset/unchecked_low_level_calls/0x19cf8481ea15427a98ba3cdd6d9e14690011ab10.sol:
../smartbugs-curated/dataset/unchecked_low_level_calls/0x19cf8481ea15427a98ba3cdd6d9e14690011ab10.sol:76:7: Warning: "throw" is deprecated in favour of "revert()", "require()" and "assert()".
      throw;
      ^---^
../smartbugs-curated/dataset/unchecked_low_level_calls/0x19cf8481ea15427a98ba3cdd6d9e14690011ab10.sol:133:64: Warning: "throw" is deprecated in favour of "revert()", "require()" and "assert()".
    if ((_value != 0) && (allowed[msg.sender][_spender] != 0)) throw;
                                                               ^---^
../smartbugs-curated/dataset/unchecked_low_level_calls/0x19cf8481ea15427a98ba3cdd6d9e14690011ab10.sol:203:3: Warning: Defining constructors as functions with the same name as the contract is deprecated. Use "constructor(...) { ... }" instead.
  function daoPOLSKAtokens() {
  ^ (Relevant source part starts here and spans across multiple lines).
../smartbugs-curated/dataset/unchecked_low_level_calls/0x19cf8481ea15427a98ba3cdd6d9e14690011ab10.sol:210:7: Warning: "throw" is deprecated in favour of "revert()", "require()" and "assert()".
      throw;
      ^---^
../smartbugs-curated/dataset/unchecked_low_level_calls/0x19cf8481ea15427a98ba3cdd6d9e14690011ab10.sol:213:7: Warning: "throw" is deprecated in favour of "revert()", "require()" and "assert()".
      throw;
      ^---^
../smartbugs-curated/dataset/unchecked_low_level_calls/0x19cf8481ea15427a98ba3cdd6d9e14690011ab10.sol:222:7: Warning: "throw" is deprecated in favour of "revert()", "require()" and "assert()".
      throw;
      ^---^
../smartbugs-curated/dataset/unchecked_low_level_calls/0x19cf8481ea15427a98ba3cdd6d9e14690011ab10.sol:225:7: Warning: "throw" is deprecated in favour of "revert()", "require()" and "assert()".
      throw;
      ^---^
../smartbugs-curated/dataset/unchecked_low_level_calls/0x19cf8481ea15427a98ba3cdd6d9e14690011ab10.sol:329:10: Warning: "throw" is deprecated in favour of "revert()", "require()" and "assert()".
		} else throw;
		       ^---^
../smartbugs-curated/dataset/unchecked_low_level_calls/0x19cf8481ea15427a98ba3cdd6d9e14690011ab10.sol:340:7: Warning: "throw" is deprecated in favour of "revert()", "require()" and "assert()".
      throw;
      ^---^
../smartbugs-curated/dataset/unchecked_low_level_calls/0x19cf8481ea15427a98ba3cdd6d9e14690011ab10.sol:351:7: Warning: "throw" is deprecated in favour of "revert()", "require()" and "assert()".
      throw;
      ^---^
../smartbugs-curated/dataset/unchecked_low_level_calls/0x19cf8481ea15427a98ba3cdd6d9e14690011ab10.sol:367:3: Warning: "throw" is deprecated in favour of "revert()", "require()" and "assert()".
		throw;
		^---^
../smartbugs-curated/dataset/unchecked_low_level_calls/0x19cf8481ea15427a98ba3cdd6d9e14690011ab10.sol:388:23: Warning: "throw" is deprecated in favour of "revert()", "require()" and "assert()".
        if (!funding) throw;
                      ^---^
../smartbugs-curated/dataset/unchecked_low_level_calls/0x19cf8481ea15427a98ba3cdd6d9e14690011ab10.sol:391:29: Warning: "throw" is deprecated in favour of "revert()", "require()" and "assert()".
        if (msg.value == 0) throw;
                            ^---^
../smartbugs-curated/dataset/unchecked_low_level_calls/0x19cf8481ea15427a98ba3cdd6d9e14690011ab10.sol:394:11: Warning: "throw" is deprecated in favour of "revert()", "require()" and "assert()".
          throw;
          ^---^
../smartbugs-curated/dataset/unchecked_low_level_calls/0x19cf8481ea15427a98ba3cdd6d9e14690011ab10.sol:402:3: Warning: Use of the "var" keyword is deprecated.
	 var numTokensRAW = msg.value;
	 ^--------------^
../smartbugs-curated/dataset/unchecked_low_level_calls/0x19cf8481ea15427a98ba3cdd6d9e14690011ab10.sol:404:9: Warning: Use of the "var" keyword is deprecated.
        var numTokens = msg.value * CreationRate;
        ^-----------^
../smartbugs-curated/dataset/unchecked_low_level_calls/0x19cf8481ea15427a98ba3cdd6d9e14690011ab10.sol:431:20: Warning: "throw" is deprecated in favour of "revert()", "require()" and "assert()".
	if(funding==true) throw;
	                  ^---^
../smartbugs-curated/dataset/unchecked_low_level_calls/0x19cf8481ea15427a98ba3cdd6d9e14690011ab10.sol:432:36: Warning: "throw" is deprecated in favour of "revert()", "require()" and "assert()".
		 	if (!owner.send(this.balance)) throw;
		 	                               ^---^
../smartbugs-curated/dataset/unchecked_low_level_calls/0x19cf8481ea15427a98ba3cdd6d9e14690011ab10.sol:436:33: Warning: "throw" is deprecated in favour of "revert()", "require()" and "assert()".
	      if (msg.sender != owner) throw;
	                               ^---^
../smartbugs-curated/dataset/unchecked_low_level_calls/0x19cf8481ea15427a98ba3cdd6d9e14690011ab10.sol:441:33: Warning: "throw" is deprecated in favour of "revert()", "require()" and "assert()".
	      if (msg.sender != owner) throw;
	                               ^---^
../smartbugs-curated/dataset/unchecked_low_level_calls/0x19cf8481ea15427a98ba3cdd6d9e14690011ab10.sol:446:33: Warning: "throw" is deprecated in favour of "revert()", "require()" and "assert()".
	      if (msg.sender != owner) throw;
	                               ^---^
../smartbugs-curated/dataset/unchecked_low_level_calls/0x19cf8481ea15427a98ba3cdd6d9e14690011ab10.sol:450:43: Warning: "throw" is deprecated in favour of "revert()", "require()" and "assert()".
	      if (msg.sender != migrationMaster) throw;
	                                         ^---^
../smartbugs-curated/dataset/unchecked_low_level_calls/0x19cf8481ea15427a98ba3cdd6d9e14690011ab10.sol:457:56: Warning: "throw" is deprecated in favour of "revert()", "require()" and "assert()".
        if (block.number <= fundingEndBlock+8*oneweek) throw;
                                                       ^---^
../smartbugs-curated/dataset/unchecked_low_level_calls/0x19cf8481ea15427a98ba3cdd6d9e14690011ab10.sol:468:27: Warning: "throw" is deprecated in favour of "revert()", "require()" and "assert()".
        if (migratestate) throw;
                          ^---^
../smartbugs-curated/dataset/unchecked_low_level_calls/0x19cf8481ea15427a98ba3cdd6d9e14690011ab10.sol:472:26: Warning: "throw" is deprecated in favour of "revert()", "require()" and "assert()".
        if (_value == 0) throw;
                         ^---^
../smartbugs-curated/dataset/unchecked_low_level_calls/0x19cf8481ea15427a98ba3cdd6d9e14690011ab10.sol:473:44: Warning: "throw" is deprecated in favour of "revert()", "require()" and "assert()".
        if (_value > balances[msg.sender]) throw;
                                           ^---^
../smartbugs-curated/dataset/unchecked_low_level_calls/0x19cf8481ea15427a98ba3cdd6d9e14690011ab10.sol:484:22: Warning: "throw" is deprecated in favour of "revert()", "require()" and "assert()".
        if (funding) throw;
                     ^---^
../smartbugs-curated/dataset/unchecked_low_level_calls/0x19cf8481ea15427a98ba3cdd6d9e14690011ab10.sol:485:27: Warning: "throw" is deprecated in favour of "revert()", "require()" and "assert()".
        if (!refundstate) throw;
                          ^---^
../smartbugs-curated/dataset/unchecked_low_level_calls/0x19cf8481ea15427a98ba3cdd6d9e14690011ab10.sol:487:9: Warning: Use of the "var" keyword is deprecated.
        var DAOPLTokenValue = balances[msg.sender];
        ^-----------------^
../smartbugs-curated/dataset/unchecked_low_level_calls/0x19cf8481ea15427a98ba3cdd6d9e14690011ab10.sol:488:9: Warning: Use of the "var" keyword is deprecated.
        var ETHValue = balancesRAW[msg.sender];
        ^----------^
../smartbugs-curated/dataset/unchecked_low_level_calls/0x19cf8481ea15427a98ba3cdd6d9e14690011ab10.sol:489:28: Warning: "throw" is deprecated in favour of "revert()", "require()" and "assert()".
        if (ETHValue == 0) throw;
                           ^---^
../smartbugs-curated/dataset/unchecked_low_level_calls/0x19cf8481ea15427a98ba3cdd6d9e14690011ab10.sol:8:1: Warning: Source file does not specify required compiler version!Consider adding "pragma solidity ^0.4.26;"
interface tokenRecipient { function receiveApproval(address _from, uint256 _value, address _token, bytes _extraData) public; }
^ (Relevant source part starts here and spans across multiple lines).
../smartbugs-curated/dataset/unchecked_low_level_calls/0x19cf8481ea15427a98ba3cdd6d9e14690011ab10.sol:74:3: Warning: This declaration shadows a builtin symbol.
  function assert(bool assertion) internal {
  ^ (Relevant source part starts here and spans across multiple lines).
../smartbugs-curated/dataset/unchecked_low_level_calls/0x19cf8481ea15427a98ba3cdd6d9e14690011ab10.sol:369:3: Warning: Variable is declared as a storage pointer. Use an explicit "storage" keyword to silence this warning.
		sendTokenAway t = transfers[numTransfers];
		^-------------^
../smartbugs-curated/dataset/unchecked_low_level_calls/0x19cf8481ea15427a98ba3cdd6d9e14690011ab10.sol:8:28: Warning: Functions in interfaces should be declared external.
interface tokenRecipient { function receiveApproval(address _from, uint256 _value, address _token, bytes _extraData) public; }
                           ^-----------------------------------------------------------------------------------------------^
../smartbugs-curated/dataset/unchecked_low_level_calls/0x19cf8481ea15427a98ba3cdd6d9e14690011ab10.sol:109:5: Warning: Invoking events without "emit" prefix is deprecated.
    Transfer(msg.sender, _to, _value);
    ^-------------------------------^
../smartbugs-curated/dataset/unchecked_low_level_calls/0x19cf8481ea15427a98ba3cdd6d9e14690011ab10.sol:119:5: Warning: Invoking events without "emit" prefix is deprecated.
    Transfer(_from, _to, _value);
    ^--------------------------^
../smartbugs-curated/dataset/unchecked_low_level_calls/0x19cf8481ea15427a98ba3cdd6d9e14690011ab10.sol:136:5: Warning: Invoking events without "emit" prefix is deprecated.
    Approval(msg.sender, _spender, _value);
    ^------------------------------------^
../smartbugs-curated/dataset/unchecked_low_level_calls/0x19cf8481ea15427a98ba3cdd6d9e14690011ab10.sol:262:9: Warning: Invoking events without "emit" prefix is deprecated.
        Burn(msg.sender, _value);
        ^----------------------^
../smartbugs-curated/dataset/unchecked_low_level_calls/0x19cf8481ea15427a98ba3cdd6d9e14690011ab10.sol:280:9: Warning: Invoking events without "emit" prefix is deprecated.
        Burn(_from, _value);
        ^-----------------^
../smartbugs-curated/dataset/unchecked_low_level_calls/0x19cf8481ea15427a98ba3cdd6d9e14690011ab10.sol:292:7: Warning: Invoking events without "emit" prefix is deprecated.
      Transfer(msg.sender, _to, _value);
      ^-------------------------------^
../smartbugs-curated/dataset/unchecked_low_level_calls/0x19cf8481ea15427a98ba3cdd6d9e14690011ab10.sol:304:7: Warning: Invoking events without "emit" prefix is deprecated.
      Transfer(_from, _to, _value);
      ^--------------------------^
../smartbugs-curated/dataset/unchecked_low_level_calls/0x19cf8481ea15427a98ba3cdd6d9e14690011ab10.sol:315:5: Warning: Invoking events without "emit" prefix is deprecated.
    Approval(msg.sender, _spender, _value);
    ^------------------------------------^
../smartbugs-curated/dataset/unchecked_low_level_calls/0x19cf8481ea15427a98ba3cdd6d9e14690011ab10.sol:327:9: Warning: Invoking events without "emit" prefix is deprecated.
        receivedEther(msg.sender, msg.value);
        ^----------------------------------^
../smartbugs-curated/dataset/unchecked_low_level_calls/0x19cf8481ea15427a98ba3cdd6d9e14690011ab10.sol:345:5: Warning: Invoking events without "emit" prefix is deprecated.
    UpdatedTokenInformation(name, symbol);
    ^-----------------------------------^
../smartbugs-curated/dataset/unchecked_low_level_calls/0x19cf8481ea15427a98ba3cdd6d9e14690011ab10.sol:411:9: Warning: Invoking events without "emit" prefix is deprecated.
        Transfer(0, holder, numTokens);
        ^----------------------------^
../smartbugs-curated/dataset/unchecked_low_level_calls/0x19cf8481ea15427a98ba3cdd6d9e14690011ab10.sol:420:9: Warning: Invoking events without "emit" prefix is deprecated.
        Transfer(0, migrationMaster, additionalTokens);
        ^--------------------------------------------^
../smartbugs-curated/dataset/unchecked_low_level_calls/0x19cf8481ea15427a98ba3cdd6d9e14690011ab10.sol:432:21: Warning: Using contract member "balance" inherited from the address type is deprecated. Convert the contract to "address" type to access the member, for example use "address(contract).balance" instead.
		 	if (!owner.send(this.balance)) throw;
		 	                ^----------^
../smartbugs-curated/dataset/unchecked_low_level_calls/0x19cf8481ea15427a98ba3cdd6d9e14690011ab10.sol:438:20: Warning: Using contract member "balance" inherited from the address type is deprecated. Convert the contract to "address" type to access the member, for example use "address(contract).balance" instead.
        owner.send(this.balance - SubX);
                   ^----------^
../smartbugs-curated/dataset/unchecked_low_level_calls/0x19cf8481ea15427a98ba3cdd6d9e14690011ab10.sol:438:9: Warning: Failure condition of 'send' ignored. Consider using 'transfer' instead.
        owner.send(this.balance - SubX);
        ^-----------------------------^
../smartbugs-curated/dataset/unchecked_low_level_calls/0x19cf8481ea15427a98ba3cdd6d9e14690011ab10.sol:464:14: Warning: Using contract member "balance" inherited from the address type is deprecated. Convert the contract to "address" type to access the member, for example use "address(contract).balance" instead.
		owner.send(this.balance);
		           ^----------^
../smartbugs-curated/dataset/unchecked_low_level_calls/0x19cf8481ea15427a98ba3cdd6d9e14690011ab10.sol:464:3: Warning: Failure condition of 'send' ignored. Consider using 'transfer' instead.
		owner.send(this.balance);
		^----------------------^
../smartbugs-curated/dataset/unchecked_low_level_calls/0x19cf8481ea15427a98ba3cdd6d9e14690011ab10.sol:479:9: Warning: Invoking events without "emit" prefix is deprecated.
        Migrate(msg.sender, migrationAgent, _value);
        ^-----------------------------------------^
../smartbugs-curated/dataset/unchecked_low_level_calls/0x19cf8481ea15427a98ba3cdd6d9e14690011ab10.sol:493:9: Warning: Invoking events without "emit" prefix is deprecated.
        Refund(msg.sender, ETHValue);
        ^--------------------------^
../smartbugs-curated/dataset/unchecked_low_level_calls/0x19cf8481ea15427a98ba3cdd6d9e14690011ab10.sol:13:5: Warning: No visibility specified. Defaulting to "public". 
    function migrateFrom(address _from, uint256 _value);
    ^--------------------------------------------------^
../smartbugs-curated/dataset/unchecked_low_level_calls/0x19cf8481ea15427a98ba3cdd6d9e14690011ab10.sol:18:3: Warning: No visibility specified. Defaulting to "public". 
  function balanceOf(address who) constant returns (uint);
  ^------------------------------------------------------^
../smartbugs-curated/dataset/unchecked_low_level_calls/0x19cf8481ea15427a98ba3cdd6d9e14690011ab10.sol:19:3: Warning: No visibility specified. Defaulting to "public". 
  function allowance(address owner, address spender) constant returns (uint);
  ^-------------------------------------------------------------------------^
../smartbugs-curated/dataset/unchecked_low_level_calls/0x19cf8481ea15427a98ba3cdd6d9e14690011ab10.sol:21:3: Warning: No visibility specified. Defaulting to "public". 
  function transfer(address to, uint value) returns (bool ok);
  ^----------------------------------------------------------^
../smartbugs-curated/dataset/unchecked_low_level_calls/0x19cf8481ea15427a98ba3cdd6d9e14690011ab10.sol:22:3: Warning: No visibility specified. Defaulting to "public". 
  function transferFrom(address from, address to, uint value) returns (bool ok);
  ^----------------------------------------------------------------------------^
../smartbugs-curated/dataset/unchecked_low_level_calls/0x19cf8481ea15427a98ba3cdd6d9e14690011ab10.sol:23:3: Warning: No visibility specified. Defaulting to "public". 
  function approve(address spender, uint value) returns (bool ok);
  ^--------------------------------------------------------------^
../smartbugs-curated/dataset/unchecked_low_level_calls/0x19cf8481ea15427a98ba3cdd6d9e14690011ab10.sol:106:3: Warning: No visibility specified. Defaulting to "public". 
  function transfer(address _to, uint _value) returns (bool success) {
  ^ (Relevant source part starts here and spans across multiple lines).
../smartbugs-curated/dataset/unchecked_low_level_calls/0x19cf8481ea15427a98ba3cdd6d9e14690011ab10.sol:113:3: Warning: No visibility specified. Defaulting to "public". 
  function transferFrom(address _from, address _to, uint _value) returns (bool success) {
  ^ (Relevant source part starts here and spans across multiple lines).
../smartbugs-curated/dataset/unchecked_low_level_calls/0x19cf8481ea15427a98ba3cdd6d9e14690011ab10.sol:123:3: Warning: No visibility specified. Defaulting to "public". 
  function balanceOf(address _owner) constant returns (uint balance) {
  ^ (Relevant source part starts here and spans across multiple lines).
../smartbugs-curated/dataset/unchecked_low_level_calls/0x19cf8481ea15427a98ba3cdd6d9e14690011ab10.sol:127:3: Warning: No visibility specified. Defaulting to "public". 
  function approve(address _spender, uint _value) returns (bool success) {
  ^ (Relevant source part starts here and spans across multiple lines).
../smartbugs-curated/dataset/unchecked_low_level_calls/0x19cf8481ea15427a98ba3cdd6d9e14690011ab10.sol:140:3: Warning: No visibility specified. Defaulting to "public". 
  function allowance(address _owner, address _spender) constant returns (uint remaining) {
  ^ (Relevant source part starts here and spans across multiple lines).
../smartbugs-curated/dataset/unchecked_low_level_calls/0x19cf8481ea15427a98ba3cdd6d9e14690011ab10.sol:203:3: Warning: No visibility specified. Defaulting to "public". 
  function daoPOLSKAtokens() {
  ^ (Relevant source part starts here and spans across multiple lines).
../smartbugs-curated/dataset/unchecked_low_level_calls/0x19cf8481ea15427a98ba3cdd6d9e14690011ab10.sol:284:3: Warning: No visibility specified. Defaulting to "public". 
  function transfer(address _to, uint256 _value) returns (bool success) {
  ^ (Relevant source part starts here and spans across multiple lines).
../smartbugs-curated/dataset/unchecked_low_level_calls/0x19cf8481ea15427a98ba3cdd6d9e14690011ab10.sol:297:3: Warning: No visibility specified. Defaulting to "public". 
  function transferFrom(address _from, address _to, uint256 _value) returns (bool success) {
  ^ (Relevant source part starts here and spans across multiple lines).
../smartbugs-curated/dataset/unchecked_low_level_calls/0x19cf8481ea15427a98ba3cdd6d9e14690011ab10.sol:309:3: Warning: No visibility specified. Defaulting to "public". 
  function balanceOf(address _owner) constant returns (uint256 balance) {
  ^ (Relevant source part starts here and spans across multiple lines).
../smartbugs-curated/dataset/unchecked_low_level_calls/0x19cf8481ea15427a98ba3cdd6d9e14690011ab10.sol:313:3: Warning: No visibility specified. Defaulting to "public". 
  function approve(address _spender, uint256 _value) returns (bool success) {
  ^ (Relevant source part starts here and spans across multiple lines).
../smartbugs-curated/dataset/unchecked_low_level_calls/0x19cf8481ea15427a98ba3cdd6d9e14690011ab10.sol:319:3: Warning: No visibility specified. Defaulting to "public". 
  function allowance(address _owner, address _spender) constant returns (uint256 remaining) {
  ^ (Relevant source part starts here and spans across multiple lines).
../smartbugs-curated/dataset/unchecked_low_level_calls/0x19cf8481ea15427a98ba3cdd6d9e14690011ab10.sol:337:3: Warning: No visibility specified. Defaulting to "public". 
  function setTokenInformation(string _name, string _symbol) {
  ^ (Relevant source part starts here and spans across multiple lines).
../smartbugs-curated/dataset/unchecked_low_level_calls/0x19cf8481ea15427a98ba3cdd6d9e14690011ab10.sol:348:1: Warning: No visibility specified. Defaulting to "public". 
function setChainsAddresses(address chainAd, int chainnumber) {
^ (Relevant source part starts here and spans across multiple lines).
../smartbugs-curated/dataset/unchecked_low_level_calls/0x19cf8481ea15427a98ba3cdd6d9e14690011ab10.sol:365:2: Warning: No visibility specified. Defaulting to "public". 
	function sendTokenAw(address StandardTokenAddress, address receiver, uint amount){
 ^ (Relevant source part starts here and spans across multiple lines).
../smartbugs-curated/dataset/unchecked_low_level_calls/0x19cf8481ea15427a98ba3cdd6d9e14690011ab10.sol:386:9: Warning: No visibility specified. Defaulting to "public". 
        function createDaoPOLSKAtokens(address holder) payable {
        ^ (Relevant source part starts here and spans across multiple lines).
../smartbugs-curated/dataset/unchecked_low_level_calls/0x19cf8481ea15427a98ba3cdd6d9e14690011ab10.sol:423:2: Warning: No visibility specified. Defaulting to "public". 
	function setBonusCreationRate(uint newRate){
 ^ (Relevant source part starts here and spans across multiple lines).
../smartbugs-curated/dataset/unchecked_low_level_calls/0x19cf8481ea15427a98ba3cdd6d9e14690011ab10.sol:58:3: Warning: Function state mutability can be restricted to pure
  function max64(uint64 a, uint64 b) internal constant returns (uint64) {
  ^ (Relevant source part starts here and spans across multiple lines).
../smartbugs-curated/dataset/unchecked_low_level_calls/0x19cf8481ea15427a98ba3cdd6d9e14690011ab10.sol:62:3: Warning: Function state mutability can be restricted to pure
  function min64(uint64 a, uint64 b) internal constant returns (uint64) {
  ^ (Relevant source part starts here and spans across multiple lines).
../smartbugs-curated/dataset/unchecked_low_level_calls/0x19cf8481ea15427a98ba3cdd6d9e14690011ab10.sol:66:3: Warning: Function state mutability can be restricted to pure
  function max256(uint256 a, uint256 b) internal constant returns (uint256) {
  ^ (Relevant source part starts here and spans across multiple lines).
../smartbugs-curated/dataset/unchecked_low_level_calls/0x19cf8481ea15427a98ba3cdd6d9e14690011ab10.sol:70:3: Warning: Function state mutability can be restricted to pure
  function min256(uint256 a, uint256 b) internal constant returns (uint256) {
  ^ (Relevant source part starts here and spans across multiple lines).
../smartbugs-curated/dataset/unchecked_low_level_calls/0x19cf8481ea15427a98ba3cdd6d9e14690011ab10.sol:74:3: Warning: Function state mutability can be restricted to pure
  function assert(bool assertion) internal {
  ^ (Relevant source part starts here and spans across multiple lines).
../smartbugs-curated/dataset/unchecked_low_level_calls/0x19cf8481ea15427a98ba3cdd6d9e14690011ab10.sol:102:3: Warning: Function state mutability can be restricted to pure
  function isToken() public constant returns (bool weAre) {
  ^ (Relevant source part starts here and spans across multiple lines).
../smartbugs-curated/dataset/unchecked_low_level_calls/0x19cf8481ea15427a98ba3cdd6d9e14690011ab10.sol:359:3: Warning: Function state mutability can be restricted to pure
  function DAOPolskaTokenICOregulations() external returns(string wow) {
  ^ (Relevant source part starts here and spans across multiple lines).
../smartbugs-curated/dataset/unchecked_low_level_calls/0x19cf8481ea15427a98ba3cdd6d9e14690011ab10.sol:497:1: Warning: Function state mutability can be restricted to pure
function preICOregulations() external returns(string wow) {
^ (Relevant source part starts here and spans across multiple lines).


daoPOLSKAtokens.FundsTransfer() (../smartbugs-curated/dataset/unchecked_low_level_calls/0x19cf8481ea15427a98ba3cdd6d9e14690011ab10.sol#430-433) sends eth to arbitrary user
	Dangerous calls:
	- ! owner.send(this.balance) (../smartbugs-curated/dataset/unchecked_low_level_calls/0x19cf8481ea15427a98ba3cdd6d9e14690011ab10.sol#432)
Reference: https://github.com/crytic/slither/wiki/Detector-Documentation#functions-that-send-ether-to-arbitrary-destinations

daoPOLSKAtokens.sendTokenAw(address,address,uint256) (../smartbugs-curated/dataset/unchecked_low_level_calls/0x19cf8481ea15427a98ba3cdd6d9e14690011ab10.sol#365-375) ignores return value by t.coinContract.transfer(receiver,amount) (../smartbugs-curated/dataset/unchecked_low_level_calls/0x19cf8481ea15427a98ba3cdd6d9e14690011ab10.sol#373)
Reference: https://github.com/crytic/slither/wiki/Detector-Documentation#unchecked-transfer

Reentrancy in daoPOLSKAtokens.sendTokenAw(address,address,uint256) (../smartbugs-curated/dataset/unchecked_low_level_calls/0x19cf8481ea15427a98ba3cdd6d9e14690011ab10.sol#365-375):
	External calls:
	- t.coinContract.transfer(receiver,amount) (../smartbugs-curated/dataset/unchecked_low_level_calls/0x19cf8481ea15427a98ba3cdd6d9e14690011ab10.sol#373)
	State variables written after the call(s):
	- numTransfers ++ (../smartbugs-curated/dataset/unchecked_low_level_calls/0x19cf8481ea15427a98ba3cdd6d9e14690011ab10.sol#374)
	daoPOLSKAtokens.numTransfers (../smartbugs-curated/dataset/unchecked_low_level_calls/0x19cf8481ea15427a98ba3cdd6d9e14690011ab10.sol#185) can be used in cross function reentrancies:
	- daoPOLSKAtokens.sendTokenAw(address,address,uint256) (../smartbugs-curated/dataset/unchecked_low_level_calls/0x19cf8481ea15427a98ba3cdd6d9e14690011ab10.sol#365-375)
Reference: https://github.com/crytic/slither/wiki/Detector-Documentation#reentrancy-vulnerabilities-1

daoPOLSKAtokens.PartialFundsTransfer(uint256) (../smartbugs-curated/dataset/unchecked_low_level_calls/0x19cf8481ea15427a98ba3cdd6d9e14690011ab10.sol#435-439) ignores return value by owner.send(this.balance - SubX) (../smartbugs-curated/dataset/unchecked_low_level_calls/0x19cf8481ea15427a98ba3cdd6d9e14690011ab10.sol#438)
daoPOLSKAtokens.finalize() (../smartbugs-curated/dataset/unchecked_low_level_calls/0x19cf8481ea15427a98ba3cdd6d9e14690011ab10.sol#456-465) ignores return value by owner.send(this.balance) (../smartbugs-curated/dataset/unchecked_low_level_calls/0x19cf8481ea15427a98ba3cdd6d9e14690011ab10.sol#464)
Reference: https://github.com/crytic/slither/wiki/Detector-Documentation#unchecked-send

SafeMath.assert(bool) (../smartbugs-curated/dataset/unchecked_low_level_calls/0x19cf8481ea15427a98ba3cdd6d9e14690011ab10.sol#74-78) (function) shadows built-in symbol"
Reference: https://github.com/crytic/slither/wiki/Detector-Documentation#builtin-symbol-shadowing

daoPOLSKAtokens.setSupply(uint256) (../smartbugs-curated/dataset/unchecked_low_level_calls/0x19cf8481ea15427a98ba3cdd6d9e14690011ab10.sol#208-219) should emit an event for: 
	- supplylimit = supplyLOCKER ** uint256(decimals) (../smartbugs-curated/dataset/unchecked_low_level_calls/0x19cf8481ea15427a98ba3cdd6d9e14690011ab10.sol#217) 
daoPOLSKAtokens.setBonusCreationRate(uint256) (../smartbugs-curated/dataset/unchecked_low_level_calls/0x19cf8481ea15427a98ba3cdd6d9e14690011ab10.sol#423-428) should emit an event for: 
	- CreationRate = tokenCreationRate + bonusCreationRate (../smartbugs-curated/dataset/unchecked_low_level_calls/0x19cf8481ea15427a98ba3cdd6d9e14690011ab10.sol#426) 
Reference: https://github.com/crytic/slither/wiki/Detector-Documentation#missing-events-arithmetic

daoPOLSKAtokens.setChainsAddresses(address,int256).chainAd (../smartbugs-curated/dataset/unchecked_low_level_calls/0x19cf8481ea15427a98ba3cdd6d9e14690011ab10.sol#348) lacks a zero-check on :
		- Chain1 = chainAd (../smartbugs-curated/dataset/unchecked_low_level_calls/0x19cf8481ea15427a98ba3cdd6d9e14690011ab10.sol#353)
		- Chain2 = chainAd (../smartbugs-curated/dataset/unchecked_low_level_calls/0x19cf8481ea15427a98ba3cdd6d9e14690011ab10.sol#354)
		- Chain3 = chainAd (../smartbugs-curated/dataset/unchecked_low_level_calls/0x19cf8481ea15427a98ba3cdd6d9e14690011ab10.sol#355)
		- Chain4 = chainAd (../smartbugs-curated/dataset/unchecked_low_level_calls/0x19cf8481ea15427a98ba3cdd6d9e14690011ab10.sol#356)
Reference: https://github.com/crytic/slither/wiki/Detector-Documentation#missing-zero-address-validation

Reentrancy in daoPOLSKAtokens.migrate(uint256) (../smartbugs-curated/dataset/unchecked_low_level_calls/0x19cf8481ea15427a98ba3cdd6d9e14690011ab10.sol#466-480):
	External calls:
	- MigrationAgent(migrationAgent).migrateFrom(msg.sender,_value) (../smartbugs-curated/dataset/unchecked_low_level_calls/0x19cf8481ea15427a98ba3cdd6d9e14690011ab10.sol#478)
	Event emitted after the call(s):
	- Migrate(msg.sender,migrationAgent,_value) (../smartbugs-curated/dataset/unchecked_low_level_calls/0x19cf8481ea15427a98ba3cdd6d9e14690011ab10.sol#479)
Reference: https://github.com/crytic/slither/wiki/Detector-Documentation#reentrancy-vulnerabilities-3

daoPOLSKAtokens.setSupply(uint256) (../smartbugs-curated/dataset/unchecked_low_level_calls/0x19cf8481ea15427a98ba3cdd6d9e14690011ab10.sol#208-219) compares to a boolean constant:
	-supplylimitset != false (../smartbugs-curated/dataset/unchecked_low_level_calls/0x19cf8481ea15427a98ba3cdd6d9e14690011ab10.sol#212)
daoPOLSKAtokens.setotherchainstotalsupply(uint256) (../smartbugs-curated/dataset/unchecked_low_level_calls/0x19cf8481ea15427a98ba3cdd6d9e14690011ab10.sol#220-231) compares to a boolean constant:
	-supplylimitset != false (../smartbugs-curated/dataset/unchecked_low_level_calls/0x19cf8481ea15427a98ba3cdd6d9e14690011ab10.sol#224)
daoPOLSKAtokens.FundsTransfer() (../smartbugs-curated/dataset/unchecked_low_level_calls/0x19cf8481ea15427a98ba3cdd6d9e14690011ab10.sol#430-433) compares to a boolean constant:
	-funding == true (../smartbugs-curated/dataset/unchecked_low_level_calls/0x19cf8481ea15427a98ba3cdd6d9e14690011ab10.sol#431)
Reference: https://github.com/crytic/slither/wiki/Detector-Documentation#boolean-equality

SafeMath.max256(uint256,uint256) (../smartbugs-curated/dataset/unchecked_low_level_calls/0x19cf8481ea15427a98ba3cdd6d9e14690011ab10.sol#66-68) is never used and should be removed
SafeMath.max64(uint64,uint64) (../smartbugs-curated/dataset/unchecked_low_level_calls/0x19cf8481ea15427a98ba3cdd6d9e14690011ab10.sol#58-60) is never used and should be removed
SafeMath.min256(uint256,uint256) (../smartbugs-curated/dataset/unchecked_low_level_calls/0x19cf8481ea15427a98ba3cdd6d9e14690011ab10.sol#70-72) is never used and should be removed
SafeMath.min64(uint64,uint64) (../smartbugs-curated/dataset/unchecked_low_level_calls/0x19cf8481ea15427a98ba3cdd6d9e14690011ab10.sol#62-64) is never used and should be removed
SafeMath.safeDiv(uint256,uint256) (../smartbugs-curated/dataset/unchecked_low_level_calls/0x19cf8481ea15427a98ba3cdd6d9e14690011ab10.sol#40-45) is never used and should be removed
SafeMath.safeMul(uint256,uint256) (../smartbugs-curated/dataset/unchecked_low_level_calls/0x19cf8481ea15427a98ba3cdd6d9e14690011ab10.sol#34-38) is never used and should be removed
Reference: https://github.com/crytic/slither/wiki/Detector-Documentation#dead-code

Deprecated standard detected THROW (../smartbugs-curated/dataset/unchecked_low_level_calls/0x19cf8481ea15427a98ba3cdd6d9e14690011ab10.sol#76):
	- Usage of "throw" should be replaced with "revert()"
Deprecated standard detected THROW (../smartbugs-curated/dataset/unchecked_low_level_calls/0x19cf8481ea15427a98ba3cdd6d9e14690011ab10.sol#133):
	- Usage of "throw" should be replaced with "revert()"
Deprecated standard detected THROW (../smartbugs-curated/dataset/unchecked_low_level_calls/0x19cf8481ea15427a98ba3cdd6d9e14690011ab10.sol#210):
	- Usage of "throw" should be replaced with "revert()"
Deprecated standard detected THROW (../smartbugs-curated/dataset/unchecked_low_level_calls/0x19cf8481ea15427a98ba3cdd6d9e14690011ab10.sol#213):
	- Usage of "throw" should be replaced with "revert()"
Deprecated standard detected THROW (../smartbugs-curated/dataset/unchecked_low_level_calls/0x19cf8481ea15427a98ba3cdd6d9e14690011ab10.sol#222):
	- Usage of "throw" should be replaced with "revert()"
Deprecated standard detected THROW (../smartbugs-curated/dataset/unchecked_low_level_calls/0x19cf8481ea15427a98ba3cdd6d9e14690011ab10.sol#225):
	- Usage of "throw" should be replaced with "revert()"
Deprecated standard detected THROW (../smartbugs-curated/dataset/unchecked_low_level_calls/0x19cf8481ea15427a98ba3cdd6d9e14690011ab10.sol#329):
	- Usage of "throw" should be replaced with "revert()"
Deprecated standard detected THROW (../smartbugs-curated/dataset/unchecked_low_level_calls/0x19cf8481ea15427a98ba3cdd6d9e14690011ab10.sol#340):
	- Usage of "throw" should be replaced with "revert()"
Deprecated standard detected THROW (../smartbugs-curated/dataset/unchecked_low_level_calls/0x19cf8481ea15427a98ba3cdd6d9e14690011ab10.sol#351):
	- Usage of "throw" should be replaced with "revert()"
Deprecated standard detected THROW (../smartbugs-curated/dataset/unchecked_low_level_calls/0x19cf8481ea15427a98ba3cdd6d9e14690011ab10.sol#367):
	- Usage of "throw" should be replaced with "revert()"
Deprecated standard detected THROW (../smartbugs-curated/dataset/unchecked_low_level_calls/0x19cf8481ea15427a98ba3cdd6d9e14690011ab10.sol#388):
	- Usage of "throw" should be replaced with "revert()"
Deprecated standard detected THROW (../smartbugs-curated/dataset/unchecked_low_level_calls/0x19cf8481ea15427a98ba3cdd6d9e14690011ab10.sol#391):
	- Usage of "throw" should be replaced with "revert()"
Deprecated standard detected THROW (../smartbugs-curated/dataset/unchecked_low_level_calls/0x19cf8481ea15427a98ba3cdd6d9e14690011ab10.sol#394):
	- Usage of "throw" should be replaced with "revert()"
Deprecated standard detected THROW (../smartbugs-curated/dataset/unchecked_low_level_calls/0x19cf8481ea15427a98ba3cdd6d9e14690011ab10.sol#431):
	- Usage of "throw" should be replaced with "revert()"
Deprecated standard detected THROW (../smartbugs-curated/dataset/unchecked_low_level_calls/0x19cf8481ea15427a98ba3cdd6d9e14690011ab10.sol#432):
	- Usage of "throw" should be replaced with "revert()"
Deprecated standard detected THROW (../smartbugs-curated/dataset/unchecked_low_level_calls/0x19cf8481ea15427a98ba3cdd6d9e14690011ab10.sol#436):
	- Usage of "throw" should be replaced with "revert()"
Deprecated standard detected THROW (../smartbugs-curated/dataset/unchecked_low_level_calls/0x19cf8481ea15427a98ba3cdd6d9e14690011ab10.sol#441):
	- Usage of "throw" should be replaced with "revert()"
Deprecated standard detected THROW (../smartbugs-curated/dataset/unchecked_low_level_calls/0x19cf8481ea15427a98ba3cdd6d9e14690011ab10.sol#446):
	- Usage of "throw" should be replaced with "revert()"
Deprecated standard detected THROW (../smartbugs-curated/dataset/unchecked_low_level_calls/0x19cf8481ea15427a98ba3cdd6d9e14690011ab10.sol#450):
	- Usage of "throw" should be replaced with "revert()"
Deprecated standard detected THROW (../smartbugs-curated/dataset/unchecked_low_level_calls/0x19cf8481ea15427a98ba3cdd6d9e14690011ab10.sol#457):
	- Usage of "throw" should be replaced with "revert()"
Deprecated standard detected THROW (../smartbugs-curated/dataset/unchecked_low_level_calls/0x19cf8481ea15427a98ba3cdd6d9e14690011ab10.sol#468):
	- Usage of "throw" should be replaced with "revert()"
Deprecated standard detected THROW (../smartbugs-curated/dataset/unchecked_low_level_calls/0x19cf8481ea15427a98ba3cdd6d9e14690011ab10.sol#472):
	- Usage of "throw" should be replaced with "revert()"
Deprecated standard detected THROW (../smartbugs-curated/dataset/unchecked_low_level_calls/0x19cf8481ea15427a98ba3cdd6d9e14690011ab10.sol#473):
	- Usage of "throw" should be replaced with "revert()"
Deprecated standard detected THROW (../smartbugs-curated/dataset/unchecked_low_level_calls/0x19cf8481ea15427a98ba3cdd6d9e14690011ab10.sol#484):
	- Usage of "throw" should be replaced with "revert()"
Deprecated standard detected THROW (../smartbugs-curated/dataset/unchecked_low_level_calls/0x19cf8481ea15427a98ba3cdd6d9e14690011ab10.sol#485):
	- Usage of "throw" should be replaced with "revert()"
Deprecated standard detected THROW (../smartbugs-curated/dataset/unchecked_low_level_calls/0x19cf8481ea15427a98ba3cdd6d9e14690011ab10.sol#489):
	- Usage of "throw" should be replaced with "revert()"
Reference: https://github.com/crytic/slither/wiki/Detector-Documentation#deprecated-standards

solc-0.4.26 is an outdated solc version. Use a more recent version (at least 0.8.0), if possible.
Reference: https://github.com/crytic/slither/wiki/Detector-Documentation#incorrect-versions-of-solidity

daoPOLSKAtokens (../smartbugs-curated/dataset/unchecked_low_level_calls/0x19cf8481ea15427a98ba3cdd6d9e14690011ab10.sol#150-502) should inherit from ERC20 (../smartbugs-curated/dataset/unchecked_low_level_calls/0x19cf8481ea15427a98ba3cdd6d9e14690011ab10.sol#16-26)
Reference: https://github.com/crytic/slither/wiki/Detector-Documentation#missing-inheritance

Contract tokenRecipient (../smartbugs-curated/dataset/unchecked_low_level_calls/0x19cf8481ea15427a98ba3cdd6d9e14690011ab10.sol#8) is not in CapWords
Parameter StandardToken.transfer(address,uint256)._to (../smartbugs-curated/dataset/unchecked_low_level_calls/0x19cf8481ea15427a98ba3cdd6d9e14690011ab10.sol#106) is not in mixedCase
Parameter StandardToken.transfer(address,uint256)._value (../smartbugs-curated/dataset/unchecked_low_level_calls/0x19cf8481ea15427a98ba3cdd6d9e14690011ab10.sol#106) is not in mixedCase
Parameter StandardToken.transferFrom(address,address,uint256)._from (../smartbugs-curated/dataset/unchecked_low_level_calls/0x19cf8481ea15427a98ba3cdd6d9e14690011ab10.sol#113) is not in mixedCase
Parameter StandardToken.transferFrom(address,address,uint256)._to (../smartbugs-curated/dataset/unchecked_low_level_calls/0x19cf8481ea15427a98ba3cdd6d9e14690011ab10.sol#113) is not in mixedCase
Parameter StandardToken.transferFrom(address,address,uint256)._value (../smartbugs-curated/dataset/unchecked_low_level_calls/0x19cf8481ea15427a98ba3cdd6d9e14690011ab10.sol#113) is not in mixedCase
Parameter StandardToken.balanceOf(address)._owner (../smartbugs-curated/dataset/unchecked_low_level_calls/0x19cf8481ea15427a98ba3cdd6d9e14690011ab10.sol#123) is not in mixedCase
Parameter StandardToken.approve(address,uint256)._spender (../smartbugs-curated/dataset/unchecked_low_level_calls/0x19cf8481ea15427a98ba3cdd6d9e14690011ab10.sol#127) is not in mixedCase
Parameter StandardToken.approve(address,uint256)._value (../smartbugs-curated/dataset/unchecked_low_level_calls/0x19cf8481ea15427a98ba3cdd6d9e14690011ab10.sol#127) is not in mixedCase
Parameter StandardToken.allowance(address,address)._owner (../smartbugs-curated/dataset/unchecked_low_level_calls/0x19cf8481ea15427a98ba3cdd6d9e14690011ab10.sol#140) is not in mixedCase
Parameter StandardToken.allowance(address,address)._spender (../smartbugs-curated/dataset/unchecked_low_level_calls/0x19cf8481ea15427a98ba3cdd6d9e14690011ab10.sol#140) is not in mixedCase
Contract daoPOLSKAtokens (../smartbugs-curated/dataset/unchecked_low_level_calls/0x19cf8481ea15427a98ba3cdd6d9e14690011ab10.sol#150-502) is not in CapWords
Struct daoPOLSKAtokens.sendTokenAway (../smartbugs-curated/dataset/unchecked_low_level_calls/0x19cf8481ea15427a98ba3cdd6d9e14690011ab10.sol#179-183) is not in CapWords
Event daoPOLSKAtokens.receivedEther(address,uint256) (../smartbugs-curated/dataset/unchecked_low_level_calls/0x19cf8481ea15427a98ba3cdd6d9e14690011ab10.sol#194) is not in CapWords
Parameter daoPOLSKAtokens.approveAndCall(address,uint256,bytes)._spender (../smartbugs-curated/dataset/unchecked_low_level_calls/0x19cf8481ea15427a98ba3cdd6d9e14690011ab10.sol#241) is not in mixedCase
Parameter daoPOLSKAtokens.approveAndCall(address,uint256,bytes)._value (../smartbugs-curated/dataset/unchecked_low_level_calls/0x19cf8481ea15427a98ba3cdd6d9e14690011ab10.sol#241) is not in mixedCase
Parameter daoPOLSKAtokens.approveAndCall(address,uint256,bytes)._extraData (../smartbugs-curated/dataset/unchecked_low_level_calls/0x19cf8481ea15427a98ba3cdd6d9e14690011ab10.sol#241) is not in mixedCase
Parameter daoPOLSKAtokens.burn(uint256)._value (../smartbugs-curated/dataset/unchecked_low_level_calls/0x19cf8481ea15427a98ba3cdd6d9e14690011ab10.sol#258) is not in mixedCase
Parameter daoPOLSKAtokens.burnFrom(address,uint256)._from (../smartbugs-curated/dataset/unchecked_low_level_calls/0x19cf8481ea15427a98ba3cdd6d9e14690011ab10.sol#274) is not in mixedCase
Parameter daoPOLSKAtokens.burnFrom(address,uint256)._value (../smartbugs-curated/dataset/unchecked_low_level_calls/0x19cf8481ea15427a98ba3cdd6d9e14690011ab10.sol#274) is not in mixedCase
Parameter daoPOLSKAtokens.transfer(address,uint256)._to (../smartbugs-curated/dataset/unchecked_low_level_calls/0x19cf8481ea15427a98ba3cdd6d9e14690011ab10.sol#284) is not in mixedCase
Parameter daoPOLSKAtokens.transfer(address,uint256)._value (../smartbugs-curated/dataset/unchecked_low_level_calls/0x19cf8481ea15427a98ba3cdd6d9e14690011ab10.sol#284) is not in mixedCase
Parameter daoPOLSKAtokens.transferFrom(address,address,uint256)._from (../smartbugs-curated/dataset/unchecked_low_level_calls/0x19cf8481ea15427a98ba3cdd6d9e14690011ab10.sol#297) is not in mixedCase
Parameter daoPOLSKAtokens.transferFrom(address,address,uint256)._to (../smartbugs-curated/dataset/unchecked_low_level_calls/0x19cf8481ea15427a98ba3cdd6d9e14690011ab10.sol#297) is not in mixedCase
Parameter daoPOLSKAtokens.transferFrom(address,address,uint256)._value (../smartbugs-curated/dataset/unchecked_low_level_calls/0x19cf8481ea15427a98ba3cdd6d9e14690011ab10.sol#297) is not in mixedCase
Parameter daoPOLSKAtokens.balanceOf(address)._owner (../smartbugs-curated/dataset/unchecked_low_level_calls/0x19cf8481ea15427a98ba3cdd6d9e14690011ab10.sol#309) is not in mixedCase
Parameter daoPOLSKAtokens.approve(address,uint256)._spender (../smartbugs-curated/dataset/unchecked_low_level_calls/0x19cf8481ea15427a98ba3cdd6d9e14690011ab10.sol#313) is not in mixedCase
Parameter daoPOLSKAtokens.approve(address,uint256)._value (../smartbugs-curated/dataset/unchecked_low_level_calls/0x19cf8481ea15427a98ba3cdd6d9e14690011ab10.sol#313) is not in mixedCase
Parameter daoPOLSKAtokens.allowance(address,address)._owner (../smartbugs-curated/dataset/unchecked_low_level_calls/0x19cf8481ea15427a98ba3cdd6d9e14690011ab10.sol#319) is not in mixedCase
Parameter daoPOLSKAtokens.allowance(address,address)._spender (../smartbugs-curated/dataset/unchecked_low_level_calls/0x19cf8481ea15427a98ba3cdd6d9e14690011ab10.sol#319) is not in mixedCase
Parameter daoPOLSKAtokens.setTokenInformation(string,string)._name (../smartbugs-curated/dataset/unchecked_low_level_calls/0x19cf8481ea15427a98ba3cdd6d9e14690011ab10.sol#337) is not in mixedCase
Parameter daoPOLSKAtokens.setTokenInformation(string,string)._symbol (../smartbugs-curated/dataset/unchecked_low_level_calls/0x19cf8481ea15427a98ba3cdd6d9e14690011ab10.sol#337) is not in mixedCase
Function daoPOLSKAtokens.DAOPolskaTokenICOregulations() (../smartbugs-curated/dataset/unchecked_low_level_calls/0x19cf8481ea15427a98ba3cdd6d9e14690011ab10.sol#359-361) is not in mixedCase
Parameter daoPOLSKAtokens.sendTokenAw(address,address,uint256).StandardTokenAddress (../smartbugs-curated/dataset/unchecked_low_level_calls/0x19cf8481ea15427a98ba3cdd6d9e14690011ab10.sol#365) is not in mixedCase
Function daoPOLSKAtokens.FundsTransfer() (../smartbugs-curated/dataset/unchecked_low_level_calls/0x19cf8481ea15427a98ba3cdd6d9e14690011ab10.sol#430-433) is not in mixedCase
Function daoPOLSKAtokens.PartialFundsTransfer(uint256) (../smartbugs-curated/dataset/unchecked_low_level_calls/0x19cf8481ea15427a98ba3cdd6d9e14690011ab10.sol#435-439) is not in mixedCase
Parameter daoPOLSKAtokens.PartialFundsTransfer(uint256).SubX (../smartbugs-curated/dataset/unchecked_low_level_calls/0x19cf8481ea15427a98ba3cdd6d9e14690011ab10.sol#435) is not in mixedCase
Parameter daoPOLSKAtokens.migrate(uint256)._value (../smartbugs-curated/dataset/unchecked_low_level_calls/0x19cf8481ea15427a98ba3cdd6d9e14690011ab10.sol#466) is not in mixedCase
Variable daoPOLSKAtokens.Chain1 (../smartbugs-curated/dataset/unchecked_low_level_calls/0x19cf8481ea15427a98ba3cdd6d9e14690011ab10.sol#166) is not in mixedCase
Variable daoPOLSKAtokens.Chain2 (../smartbugs-curated/dataset/unchecked_low_level_calls/0x19cf8481ea15427a98ba3cdd6d9e14690011ab10.sol#167) is not in mixedCase
Variable daoPOLSKAtokens.Chain3 (../smartbugs-curated/dataset/unchecked_low_level_calls/0x19cf8481ea15427a98ba3cdd6d9e14690011ab10.sol#168) is not in mixedCase
Variable daoPOLSKAtokens.Chain4 (../smartbugs-curated/dataset/unchecked_low_level_calls/0x19cf8481ea15427a98ba3cdd6d9e14690011ab10.sol#169) is not in mixedCase
Variable daoPOLSKAtokens.CreationRate (../smartbugs-curated/dataset/unchecked_low_level_calls/0x19cf8481ea15427a98ba3cdd6d9e14690011ab10.sol#380) is not in mixedCase
Reference: https://github.com/crytic/slither/wiki/Detector-Documentation#conformance-to-solidity-naming-conventions

StandardToken.balancesRAW (../smartbugs-curated/dataset/unchecked_low_level_calls/0x19cf8481ea15427a98ba3cdd6d9e14690011ab10.sol#97) is never used in StandardToken (../smartbugs-curated/dataset/unchecked_low_level_calls/0x19cf8481ea15427a98ba3cdd6d9e14690011ab10.sol#89-146)
Reference: https://github.com/crytic/slither/wiki/Detector-Documentation#unused-state-variable

ERC20.totalSupply (../smartbugs-curated/dataset/unchecked_low_level_calls/0x19cf8481ea15427a98ba3cdd6d9e14690011ab10.sol#17) should be constant 
daoPOLSKAtokens.fundingEndBlock (../smartbugs-curated/dataset/unchecked_low_level_calls/0x19cf8481ea15427a98ba3cdd6d9e14690011ab10.sol#382) should be constant 
daoPOLSKAtokens.migrationAgent (../smartbugs-curated/dataset/unchecked_low_level_calls/0x19cf8481ea15427a98ba3cdd6d9e14690011ab10.sol#171) should be constant 
daoPOLSKAtokens.tokenCreationRate (../smartbugs-curated/dataset/unchecked_low_level_calls/0x19cf8481ea15427a98ba3cdd6d9e14690011ab10.sol#378) should be constant 
Reference: https://github.com/crytic/slither/wiki/Detector-Documentation#state-variables-that-could-be-declared-constant

receiveApproval(address,uint256,address,bytes) should be declared external:
	- tokenRecipient.receiveApproval(address,uint256,address,bytes) (../smartbugs-curated/dataset/unchecked_low_level_calls/0x19cf8481ea15427a98ba3cdd6d9e14690011ab10.sol#8)
approveAndCall(address,uint256,bytes) should be declared external:
	- daoPOLSKAtokens.approveAndCall(address,uint256,bytes) (../smartbugs-curated/dataset/unchecked_low_level_calls/0x19cf8481ea15427a98ba3cdd6d9e14690011ab10.sol#241-249)
setTokenInformation(string,string) should be declared external:
	- daoPOLSKAtokens.setTokenInformation(string,string) (../smartbugs-curated/dataset/unchecked_low_level_calls/0x19cf8481ea15427a98ba3cdd6d9e14690011ab10.sol#337-346)
Reference: https://github.com/crytic/slither/wiki/Detector-Documentation#public-function-that-could-be-declared-external
../smartbugs-curated/dataset/unchecked_low_level_calls/0x19cf8481ea15427a98ba3cdd6d9e14690011ab10.sol analyzed (6 contracts with 95 detectors), 98 result(s) found

Error running slither
0x19cf8481ea15427a98ba3cdd6d9e14690011ab10.sol
Getting Solidity AST...
Running TIPS...
0x19cf8481ea15427a98ba3cdd6d9e14690011ab10.sol
0.12249422073364258


