Getting Slither report...
Switched global version to 0.4.26



'solc --version' running
'solc ../smartbugs-curated/dataset/reentrancy/reentrancy_simple.sol --combined-json abi,ast,bin,bin-runtime,srcmap,srcmap-runtime,userdoc,devdoc,hashes,compact-format --allow-paths .,/home/mokita/sc_study/temp/smartbugs-curated/dataset/reentrancy' running
Compilation warnings/errors on ../smartbugs-curated/dataset/reentrancy/reentrancy_simple.sol:
../smartbugs-curated/dataset/reentrancy/reentrancy_simple.sol:24:14: Warning: "throw" is deprecated in favour of "revert()", "require()" and "assert()".
             throw;
             ^---^
../smartbugs-curated/dataset/reentrancy/reentrancy_simple.sol:8:2: Warning: Source file does not specify required compiler version!Consider adding "pragma solidity ^0.4.26;"
 contract Reentrance {
 ^ (Relevant source part starts here and spans across multiple lines).
../smartbugs-curated/dataset/reentrancy/reentrancy_simple.sol:11:6: Warning: No visibility specified. Defaulting to "public". 
     function getBalance(address u) constant returns(uint){
     ^ (Relevant source part starts here and spans across multiple lines).
../smartbugs-curated/dataset/reentrancy/reentrancy_simple.sol:15:6: Warning: No visibility specified. Defaulting to "public". 
     function addToBalance() payable{
     ^ (Relevant source part starts here and spans across multiple lines).
../smartbugs-curated/dataset/reentrancy/reentrancy_simple.sol:19:6: Warning: No visibility specified. Defaulting to "public". 
     function withdrawBalance(){
     ^ (Relevant source part starts here and spans across multiple lines).


Reentrancy in Reentrance.withdrawBalance() (../smartbugs-curated/dataset/reentrancy/reentrancy_simple.sol#19-27):
	External calls:
	- ! (msg.sender.call.value(userBalance[msg.sender])()) (../smartbugs-curated/dataset/reentrancy/reentrancy_simple.sol#23)
	State variables written after the call(s):
	- userBalance[msg.sender] = 0 (../smartbugs-curated/dataset/reentrancy/reentrancy_simple.sol#26)
	Reentrance.userBalance (../smartbugs-curated/dataset/reentrancy/reentrancy_simple.sol#9) can be used in cross function reentrancies:
	- Reentrance.addToBalance() (../smartbugs-curated/dataset/reentrancy/reentrancy_simple.sol#15-17)
	- Reentrance.getBalance(address) (../smartbugs-curated/dataset/reentrancy/reentrancy_simple.sol#11-13)
	- Reentrance.withdrawBalance() (../smartbugs-curated/dataset/reentrancy/reentrancy_simple.sol#19-27)
Reference: https://github.com/crytic/slither/wiki/Detector-Documentation#reentrancy-vulnerabilities

Deprecated standard detected THROW (../smartbugs-curated/dataset/reentrancy/reentrancy_simple.sol#24):
	- Usage of "throw" should be replaced with "revert()"
Reference: https://github.com/crytic/slither/wiki/Detector-Documentation#deprecated-standards

solc-0.4.26 is an outdated solc version. Use a more recent version (at least 0.8.0), if possible.
Reference: https://github.com/crytic/slither/wiki/Detector-Documentation#incorrect-versions-of-solidity

Low level call in Reentrance.withdrawBalance() (../smartbugs-curated/dataset/reentrancy/reentrancy_simple.sol#19-27):
	- ! (msg.sender.call.value(userBalance[msg.sender])()) (../smartbugs-curated/dataset/reentrancy/reentrancy_simple.sol#23)
Reference: https://github.com/crytic/slither/wiki/Detector-Documentation#low-level-calls
../smartbugs-curated/dataset/reentrancy/reentrancy_simple.sol analyzed (1 contracts with 95 detectors), 4 result(s) found

Error running slither
reentrancy_simple.sol
Getting Solidity AST...
Running TIPS...
reentrancy_simple.sol
0.003058195114135742


