Getting Slither report...
Switched global version to 0.4.26



'solc --version' running
'solc ../smartbugs-curated/dataset/unchecked_low_level_calls/0x958a8f594101d2c0485a52319f29b2647f2ebc06.sol --combined-json abi,ast,bin,bin-runtime,srcmap,srcmap-runtime,userdoc,devdoc,hashes,compact-format --allow-paths .,/home/mokita/sc_study/temp/smartbugs-curated/dataset/unchecked_low_level_calls' running
Compilation warnings/errors on ../smartbugs-curated/dataset/unchecked_low_level_calls/0x958a8f594101d2c0485a52319f29b2647f2ebc06.sol:
../smartbugs-curated/dataset/unchecked_low_level_calls/0x958a8f594101d2c0485a52319f29b2647f2ebc06.sol:27:5: Warning: Defining constructors as functions with the same name as the contract is deprecated. Use "constructor(...) { ... }" instead.
    function Owned() {
    ^ (Relevant source part starts here and spans across multiple lines).
../smartbugs-curated/dataset/unchecked_low_level_calls/0x958a8f594101d2c0485a52319f29b2647f2ebc06.sol:92:5: Warning: Defining constructors as functions with the same name as the contract is deprecated. Use "constructor(...) { ... }" instead.
    function Marriage(address _owner) {
    ^ (Relevant source part starts here and spans across multiple lines).
../smartbugs-curated/dataset/unchecked_low_level_calls/0x958a8f594101d2c0485a52319f29b2647f2ebc06.sol:15:1: Warning: Source file does not specify required compiler version!Consider adding "pragma solidity ^0.4.26;"
contract Owned {
^ (Relevant source part starts here and spans across multiple lines).
../smartbugs-curated/dataset/unchecked_low_level_calls/0x958a8f594101d2c0485a52319f29b2647f2ebc06.sol:54:9: Warning: Return value of low-level calls not used.
        _dst.call.value(_value)(_data);
        ^----------------------------^
../smartbugs-curated/dataset/unchecked_low_level_calls/0x958a8f594101d2c0485a52319f29b2647f2ebc06.sol:87:17: Warning: "sha3" has been deprecated in favour of "keccak256"
        require(sha3(marriageStatus) == sha3("Married"));
                ^------------------^
../smartbugs-curated/dataset/unchecked_low_level_calls/0x958a8f594101d2c0485a52319f29b2647f2ebc06.sol:87:17: Warning: This function only accepts a single "bytes" argument. Please use "abi.encodePacked(...)" or a similar function to encode the data.
        require(sha3(marriageStatus) == sha3("Married"));
                ^------------------^
../smartbugs-curated/dataset/unchecked_low_level_calls/0x958a8f594101d2c0485a52319f29b2647f2ebc06.sol:87:17: Warning: The provided argument of type string storage ref is not implicitly convertible to expected type bytes memory.
        require(sha3(marriageStatus) == sha3("Married"));
                ^------------------^
../smartbugs-curated/dataset/unchecked_low_level_calls/0x958a8f594101d2c0485a52319f29b2647f2ebc06.sol:87:41: Warning: "sha3" has been deprecated in favour of "keccak256"
        require(sha3(marriageStatus) == sha3("Married"));
                                        ^-------------^
../smartbugs-curated/dataset/unchecked_low_level_calls/0x958a8f594101d2c0485a52319f29b2647f2ebc06.sol:118:9: Warning: Invoking events without "emit" prefix is deprecated.
        MajorEvent("Marrigage", vows, url);
        ^--------------------------------^
../smartbugs-curated/dataset/unchecked_low_level_calls/0x958a8f594101d2c0485a52319f29b2647f2ebc06.sol:132:9: Warning: Invoking events without "emit" prefix is deprecated.
        MajorEvent(name, description, url);
        ^--------------------------------^
../smartbugs-curated/dataset/unchecked_low_level_calls/0x958a8f594101d2c0485a52319f29b2647f2ebc06.sol:137:28: Warning: Using contract member "balance" inherited from the address type is deprecated. Convert the contract to "address" type to access the member, for example use "address(contract).balance" instead.
            owner.transfer(this.balance);
                           ^----------^
../smartbugs-curated/dataset/unchecked_low_level_calls/0x958a8f594101d2c0485a52319f29b2647f2ebc06.sol:140:9: Warning: Invoking events without "emit" prefix is deprecated.
        MessageSent(nameFrom, text, url, msg.value);
        ^-----------------------------------------^
../smartbugs-curated/dataset/unchecked_low_level_calls/0x958a8f594101d2c0485a52319f29b2647f2ebc06.sol:27:5: Warning: No visibility specified. Defaulting to "public". 
    function Owned() {
    ^ (Relevant source part starts here and spans across multiple lines).
../smartbugs-curated/dataset/unchecked_low_level_calls/0x958a8f594101d2c0485a52319f29b2647f2ebc06.sol:36:5: Warning: No visibility specified. Defaulting to "public". 
    function changeOwner(address _newOwner) onlyOwner {
    ^ (Relevant source part starts here and spans across multiple lines).
../smartbugs-curated/dataset/unchecked_low_level_calls/0x958a8f594101d2c0485a52319f29b2647f2ebc06.sol:43:5: Warning: No visibility specified. Defaulting to "public". 
    function acceptOwnership() {
    ^ (Relevant source part starts here and spans across multiple lines).
../smartbugs-curated/dataset/unchecked_low_level_calls/0x958a8f594101d2c0485a52319f29b2647f2ebc06.sol:52:5: Warning: No visibility specified. Defaulting to "public". 
    function execute(address _dst, uint _value, bytes _data) onlyOwner {
    ^ (Relevant source part starts here and spans across multiple lines).
../smartbugs-curated/dataset/unchecked_low_level_calls/0x958a8f594101d2c0485a52319f29b2647f2ebc06.sol:92:5: Warning: No visibility specified. Defaulting to "public". 
    function Marriage(address _owner) {
    ^ (Relevant source part starts here and spans across multiple lines).
../smartbugs-curated/dataset/unchecked_low_level_calls/0x958a8f594101d2c0485a52319f29b2647f2ebc06.sol:105:5: Warning: No visibility specified. Defaulting to "public". 
    function createMarriage(
    ^ (Relevant source part starts here and spans across multiple lines).
../smartbugs-curated/dataset/unchecked_low_level_calls/0x958a8f594101d2c0485a52319f29b2647f2ebc06.sol:122:5: Warning: No visibility specified. Defaulting to "public". 
    function setStatus(string status, string url) onlyOwner
    ^ (Relevant source part starts here and spans across multiple lines).
../smartbugs-curated/dataset/unchecked_low_level_calls/0x958a8f594101d2c0485a52319f29b2647f2ebc06.sol:129:5: Warning: No visibility specified. Defaulting to "public". 
    function setMajorEvent(string name, string description, string url) onlyOwner areMarried
    ^ (Relevant source part starts here and spans across multiple lines).
../smartbugs-curated/dataset/unchecked_low_level_calls/0x958a8f594101d2c0485a52319f29b2647f2ebc06.sol:135:5: Warning: No visibility specified. Defaulting to "public". 
    function sendMessage(string nameFrom, string text, string url) payable areMarried {
    ^ (Relevant source part starts here and spans across multiple lines).


Marriage.sendMessage(string,string,string) (../smartbugs-curated/dataset/unchecked_low_level_calls/0x958a8f594101d2c0485a52319f29b2647f2ebc06.sol#135-141) sends eth to arbitrary user
	Dangerous calls:
	- owner.transfer(this.balance) (../smartbugs-curated/dataset/unchecked_low_level_calls/0x958a8f594101d2c0485a52319f29b2647f2ebc06.sol#137)
Reference: https://github.com/crytic/slither/wiki/Detector-Documentation#functions-that-send-ether-to-arbitrary-destinations

Owned.execute(address,uint256,bytes) (../smartbugs-curated/dataset/unchecked_low_level_calls/0x958a8f594101d2c0485a52319f29b2647f2ebc06.sol#52-55) ignores return value by _dst.call.value(_value)(_data) (../smartbugs-curated/dataset/unchecked_low_level_calls/0x958a8f594101d2c0485a52319f29b2647f2ebc06.sol#54)
Reference: https://github.com/crytic/slither/wiki/Detector-Documentation#unchecked-low-level-calls

Owned.changeOwner(address)._newOwner (../smartbugs-curated/dataset/unchecked_low_level_calls/0x958a8f594101d2c0485a52319f29b2647f2ebc06.sol#36) lacks a zero-check on :
		- newOwner = _newOwner (../smartbugs-curated/dataset/unchecked_low_level_calls/0x958a8f594101d2c0485a52319f29b2647f2ebc06.sol#37)
Owned.execute(address,uint256,bytes)._dst (../smartbugs-curated/dataset/unchecked_low_level_calls/0x958a8f594101d2c0485a52319f29b2647f2ebc06.sol#52) lacks a zero-check on :
		- _dst.call.value(_value)(_data) (../smartbugs-curated/dataset/unchecked_low_level_calls/0x958a8f594101d2c0485a52319f29b2647f2ebc06.sol#54)
Marriage.Marriage(address)._owner (../smartbugs-curated/dataset/unchecked_low_level_calls/0x958a8f594101d2c0485a52319f29b2647f2ebc06.sol#92) lacks a zero-check on :
		- owner = _owner (../smartbugs-curated/dataset/unchecked_low_level_calls/0x958a8f594101d2c0485a52319f29b2647f2ebc06.sol#93)
Reference: https://github.com/crytic/slither/wiki/Detector-Documentation#missing-zero-address-validation

Marriage.createMarriage(string,string,string,string) (../smartbugs-curated/dataset/unchecked_low_level_calls/0x958a8f594101d2c0485a52319f29b2647f2ebc06.sol#105-119) uses timestamp for comparisons
	Dangerous comparisons:
	- require(bool)(majorEvents.length == 0) (../smartbugs-curated/dataset/unchecked_low_level_calls/0x958a8f594101d2c0485a52319f29b2647f2ebc06.sol#111)
Reference: https://github.com/crytic/slither/wiki/Detector-Documentation#block-timestamp

Deprecated standard detected require(bool)(sha3()(marriageStatus) == sha3()(Married)) (../smartbugs-curated/dataset/unchecked_low_level_calls/0x958a8f594101d2c0485a52319f29b2647f2ebc06.sol#87):
	- Usage of "sha3()" should be replaced with "keccak256()"
Reference: https://github.com/crytic/slither/wiki/Detector-Documentation#deprecated-standards

solc-0.4.26 is an outdated solc version. Use a more recent version (at least 0.8.0), if possible.
Reference: https://github.com/crytic/slither/wiki/Detector-Documentation#incorrect-versions-of-solidity

Low level call in Owned.execute(address,uint256,bytes) (../smartbugs-curated/dataset/unchecked_low_level_calls/0x958a8f594101d2c0485a52319f29b2647f2ebc06.sol#52-55):
	- _dst.call.value(_value)(_data) (../smartbugs-curated/dataset/unchecked_low_level_calls/0x958a8f594101d2c0485a52319f29b2647f2ebc06.sol#54)
Reference: https://github.com/crytic/slither/wiki/Detector-Documentation#low-level-calls

Parameter Owned.changeOwner(address)._newOwner (../smartbugs-curated/dataset/unchecked_low_level_calls/0x958a8f594101d2c0485a52319f29b2647f2ebc06.sol#36) is not in mixedCase
Parameter Owned.execute(address,uint256,bytes)._dst (../smartbugs-curated/dataset/unchecked_low_level_calls/0x958a8f594101d2c0485a52319f29b2647f2ebc06.sol#52) is not in mixedCase
Parameter Owned.execute(address,uint256,bytes)._value (../smartbugs-curated/dataset/unchecked_low_level_calls/0x958a8f594101d2c0485a52319f29b2647f2ebc06.sol#52) is not in mixedCase
Parameter Owned.execute(address,uint256,bytes)._data (../smartbugs-curated/dataset/unchecked_low_level_calls/0x958a8f594101d2c0485a52319f29b2647f2ebc06.sol#52) is not in mixedCase
Parameter Marriage.createMarriage(string,string,string,string)._partner1 (../smartbugs-curated/dataset/unchecked_low_level_calls/0x958a8f594101d2c0485a52319f29b2647f2ebc06.sol#106) is not in mixedCase
Parameter Marriage.createMarriage(string,string,string,string)._partner2 (../smartbugs-curated/dataset/unchecked_low_level_calls/0x958a8f594101d2c0485a52319f29b2647f2ebc06.sol#107) is not in mixedCase
Parameter Marriage.createMarriage(string,string,string,string)._vows (../smartbugs-curated/dataset/unchecked_low_level_calls/0x958a8f594101d2c0485a52319f29b2647f2ebc06.sol#108) is not in mixedCase
Reference: https://github.com/crytic/slither/wiki/Detector-Documentation#conformance-to-solidity-naming-conventions

Reentrancy in Marriage.sendMessage(string,string,string) (../smartbugs-curated/dataset/unchecked_low_level_calls/0x958a8f594101d2c0485a52319f29b2647f2ebc06.sol#135-141):
	External calls:
	- owner.transfer(this.balance) (../smartbugs-curated/dataset/unchecked_low_level_calls/0x958a8f594101d2c0485a52319f29b2647f2ebc06.sol#137)
	State variables written after the call(s):
	- messages.push(Message(now,nameFrom,text,url,msg.value)) (../smartbugs-curated/dataset/unchecked_low_level_calls/0x958a8f594101d2c0485a52319f29b2647f2ebc06.sol#139)
	Event emitted after the call(s):
	- MessageSent(nameFrom,text,url,msg.value) (../smartbugs-curated/dataset/unchecked_low_level_calls/0x958a8f594101d2c0485a52319f29b2647f2ebc06.sol#140)
Reference: https://github.com/crytic/slither/wiki/Detector-Documentation#reentrancy-vulnerabilities-4

execute(address,uint256,bytes) should be declared external:
	- Owned.execute(address,uint256,bytes) (../smartbugs-curated/dataset/unchecked_low_level_calls/0x958a8f594101d2c0485a52319f29b2647f2ebc06.sol#52-55)
createMarriage(string,string,string,string) should be declared external:
	- Marriage.createMarriage(string,string,string,string) (../smartbugs-curated/dataset/unchecked_low_level_calls/0x958a8f594101d2c0485a52319f29b2647f2ebc06.sol#105-119)
setStatus(string,string) should be declared external:
	- Marriage.setStatus(string,string) (../smartbugs-curated/dataset/unchecked_low_level_calls/0x958a8f594101d2c0485a52319f29b2647f2ebc06.sol#122-126)
sendMessage(string,string,string) should be declared external:
	- Marriage.sendMessage(string,string,string) (../smartbugs-curated/dataset/unchecked_low_level_calls/0x958a8f594101d2c0485a52319f29b2647f2ebc06.sol#135-141)
Reference: https://github.com/crytic/slither/wiki/Detector-Documentation#public-function-that-could-be-declared-external
../smartbugs-curated/dataset/unchecked_low_level_calls/0x958a8f594101d2c0485a52319f29b2647f2ebc06.sol analyzed (2 contracts with 95 detectors), 21 result(s) found

Error running slither
0x958a8f594101d2c0485a52319f29b2647f2ebc06.sol
Getting Solidity AST...
Running TIPS...
0x958a8f594101d2c0485a52319f29b2647f2ebc06.sol
0.018137454986572266


