Compilation warnings/errors on smartbugs/dataset/unchecked_low_level_calls/0x89c1b3807d4c67df034fffb62f3509561218d30b.sol:
smartbugs/dataset/unchecked_low_level_calls/0x89c1b3807d4c67df034fffb62f3509561218d30b.sol:51:5: Warning: Defining constructors as functions with the same name as the contract is deprecated. Use "constructor(...) { ... }" instead.
    function TownCrier() public {
    ^ (Relevant source part starts here and spans across multiple lines).
smartbugs/dataset/unchecked_low_level_calls/0x89c1b3807d4c67df034fffb62f3509561218d30b.sol:95:17: Warning: "throw" is deprecated in favour of "revert()", "require()" and "assert()".
                throw;
                ^---^
smartbugs/dataset/unchecked_low_level_calls/0x89c1b3807d4c67df034fffb62f3509561218d30b.sol:102:13: Warning: "throw" is deprecated in favour of "revert()", "require()" and "assert()".
            throw;
            ^---^
smartbugs/dataset/unchecked_low_level_calls/0x89c1b3807d4c67df034fffb62f3509561218d30b.sol:108:17: Warning: "throw" is deprecated in favour of "revert()", "require()" and "assert()".
                throw;
                ^---^
smartbugs/dataset/unchecked_low_level_calls/0x89c1b3807d4c67df034fffb62f3509561218d30b.sol:119:17: Warning: "throw" is deprecated in favour of "revert()", "require()" and "assert()".
                throw;
                ^---^
smartbugs/dataset/unchecked_low_level_calls/0x89c1b3807d4c67df034fffb62f3509561218d30b.sol:198:13: Warning: "throw" is deprecated in favour of "revert()", "require()" and "assert()".
            throw;
            ^---^
smartbugs/dataset/unchecked_low_level_calls/0x89c1b3807d4c67df034fffb62f3509561218d30b.sol:212:17: Warning: "throw" is deprecated in favour of "revert()", "require()" and "assert()".
                throw;
                ^---^
smartbugs/dataset/unchecked_low_level_calls/0x89c1b3807d4c67df034fffb62f3509561218d30b.sol:67:13: Warning: Invoking events without "emit" prefix is deprecated.
            Upgrade(newAddr);
            ^--------------^
smartbugs/dataset/unchecked_low_level_calls/0x89c1b3807d4c67df034fffb62f3509561218d30b.sol:76:13: Warning: Invoking events without "emit" prefix is deprecated.
            Reset(GAS_PRICE, MIN_FEE, CANCELLATION_FEE);
            ^-----------------------------------------^
smartbugs/dataset/unchecked_low_level_calls/0x89c1b3807d4c67df034fffb62f3509561218d30b.sol:94:51: Warning: Using contract member "balance" inherited from the address type is deprecated. Convert the contract to "address" type to access the member, for example use "address(contract).balance" instead.
            if (!requests[0].requester.call.value(this.balance)()) {
                                                  ^----------^
smartbugs/dataset/unchecked_low_level_calls/0x89c1b3807d4c67df034fffb62f3509561218d30b.sol:129:34: Warning: "sha3" has been deprecated in favour of "keccak256"
            bytes32 paramsHash = sha3(requestType, requestData);
                                 ^----------------------------^
smartbugs/dataset/unchecked_low_level_calls/0x89c1b3807d4c67df034fffb62f3509561218d30b.sol:129:34: Warning: This function only accepts a single "bytes" argument. Please use "abi.encodePacked(...)" or a similar function to encode the data.
            bytes32 paramsHash = sha3(requestType, requestData);
                                 ^----------------------------^
smartbugs/dataset/unchecked_low_level_calls/0x89c1b3807d4c67df034fffb62f3509561218d30b.sol:137:13: Warning: Invoking events without "emit" prefix is deprecated.
            RequestInfo(requestId, requestType, msg.sender, msg.value, callbackAddr, paramsHash, timestamp, requestData);
            ^----------------------------------------------------------------------------------------------------------^
smartbugs/dataset/unchecked_low_level_calls/0x89c1b3807d4c67df034fffb62f3509561218d30b.sol:162:13: Warning: Failure condition of 'send' ignored. Consider using 'transfer' instead.
            SGX_ADDRESS.send(CANCELLATION_FEE);
            ^--------------------------------^
smartbugs/dataset/unchecked_low_level_calls/0x89c1b3807d4c67df034fffb62f3509561218d30b.sol:175:13: Warning: Failure condition of 'send' ignored. Consider using 'transfer' instead.
            SGX_ADDRESS.send(fee);         
            ^-------------------^
smartbugs/dataset/unchecked_low_level_calls/0x89c1b3807d4c67df034fffb62f3509561218d30b.sol:180:13: Warning: Return value of low-level calls not used.
            requests[requestId].requester.call.gas(2300).value(fee)();
            ^-------------------------------------------------------^
smartbugs/dataset/unchecked_low_level_calls/0x89c1b3807d4c67df034fffb62f3509561218d30b.sol:185:9: Warning: Invoking events without "emit" prefix is deprecated.
        DeliverInfo(requestId, fee, tx.gasprice, msg.gas, callbackGas, paramsHash, error, respData); // log the response information
        ^-----------------------------------------------------------------------------------------^
smartbugs/dataset/unchecked_low_level_calls/0x89c1b3807d4c67df034fffb62f3509561218d30b.sol:192:9: Warning: Return value of low-level calls not used.
 ... requests[requestId].callbackAddr.call.gas(callbackGas)(requests[requestId].callbackFID, requestId, error, respData) ... 
     ^-----------------------------------------------------------------------------------------------------------------^
smartbugs/dataset/unchecked_low_level_calls/0x89c1b3807d4c67df034fffb62f3509561218d30b.sol:215:13: Warning: Invoking events without "emit" prefix is deprecated.
            Cancel(requestId, msg.sender, requests[requestId].requester, requests[requestId].fee, 1);
            ^--------------------------------------------------------------------------------------^
smartbugs/dataset/unchecked_low_level_calls/0x89c1b3807d4c67df034fffb62f3509561218d30b.sol:218:13: Warning: Invoking events without "emit" prefix is deprecated.
            Cancel(requestId, msg.sender, requests[requestId].requester, fee, -1);
            ^-------------------------------------------------------------------^
smartbugs/dataset/unchecked_low_level_calls/0x89c1b3807d4c67df034fffb62f3509561218d30b.sol:41:5: Warning: Variable covers a large part of storage and thus makes collisions likely. Either use mappings or dynamic arrays and allow their size to be increased only in small quantities per transaction.
    Request[2**64] public requests;
    ^----------------------------^
smartbugs/dataset/unchecked_low_level_calls/0x89c1b3807d4c67df034fffb62f3509561218d30b.sol:49:5: Warning: No visibility specified. Defaulting to "public". 
    function () {}
    ^------------^
smartbugs/dataset/unchecked_low_level_calls/0x89c1b3807d4c67df034fffb62f3509561218d30b.sol:63:5: Warning: No visibility specified. Defaulting to "public". 
    function upgrade(address newAddr) {
    ^ (Relevant source part starts here and spans across multiple lines).
smartbugs/dataset/unchecked_low_level_calls/0x89c1b3807d4c67df034fffb62f3509561218d30b.sol:185:50: Warning: "msg.gas" has been deprecated in favor of "gasleft()"
        DeliverInfo(requestId, fee, tx.gasprice, msg.gas, callbackGas, paramsHash, error, respData); // log the response information
                                                 ^-----^
smartbugs/dataset/unchecked_low_level_calls/0x89c1b3807d4c67df034fffb62f3509561218d30b.sol:186:27: Warning: "msg.gas" has been deprecated in favor of "gasleft()"
        if (callbackGas > msg.gas - 5000) {
                          ^-----^
smartbugs/dataset/unchecked_low_level_calls/0x89c1b3807d4c67df034fffb62f3509561218d30b.sol:187:27: Warning: "msg.gas" has been deprecated in favor of "gasleft()"
            callbackGas = msg.gas - 5000;
                          ^-----^

smartbugs/dataset/unchecked_low_level_calls/0x89c1b3807d4c67df034fffb62f3509561218d30b.sol analyzed (1 contracts)
/sGuardPlus/src/revert2src.js:373
			throw new Error(`${ast.type} unimpl`)
			^

Error: ElementaryTypeName unimpl
    at RevertExp.start (/sGuardPlus/src/revert2src.js:373:10)
    at FunctionCall (/sGuardPlus/src/revert2src.js:285:10)
    at RevertExp.start (/sGuardPlus/src/revert2src.js:371:4)
    at UnaryOperation (/sGuardPlus/src/revert2src.js:309:11)
    at RevertExp.start (/sGuardPlus/src/revert2src.js:371:4)
    at BinaryOperation (/sGuardPlus/src/revert2src.js:276:10)
    at RevertExp.start (/sGuardPlus/src/revert2src.js:371:4)
    at ExpressionStatement (/sGuardPlus/src/revert2src.js:419:11)
    at RevertStmt.start (/sGuardPlus/src/revert2src.js:572:4)
    at /sGuardPlus/src/revert2src.js:398:11
