Compilation warnings/errors on smartbugs/dataset/unchecked_low_level_calls/0x19cf8481ea15427a98ba3cdd6d9e14690011ab10.sol:
smartbugs/dataset/unchecked_low_level_calls/0x19cf8481ea15427a98ba3cdd6d9e14690011ab10.sol:77:7: Warning: "throw" is deprecated in favour of "revert()", "require()" and "assert()".
      throw;
      ^---^
smartbugs/dataset/unchecked_low_level_calls/0x19cf8481ea15427a98ba3cdd6d9e14690011ab10.sol:134:64: Warning: "throw" is deprecated in favour of "revert()", "require()" and "assert()".
    if ((_value != 0) && (allowed[msg.sender][_spender] != 0)) throw;
                                                               ^---^
smartbugs/dataset/unchecked_low_level_calls/0x19cf8481ea15427a98ba3cdd6d9e14690011ab10.sol:204:3: Warning: Defining constructors as functions with the same name as the contract is deprecated. Use "constructor(...) { ... }" instead.
  function daoPOLSKAtokens() {
  ^ (Relevant source part starts here and spans across multiple lines).
smartbugs/dataset/unchecked_low_level_calls/0x19cf8481ea15427a98ba3cdd6d9e14690011ab10.sol:211:7: Warning: "throw" is deprecated in favour of "revert()", "require()" and "assert()".
      throw;
      ^---^
smartbugs/dataset/unchecked_low_level_calls/0x19cf8481ea15427a98ba3cdd6d9e14690011ab10.sol:214:7: Warning: "throw" is deprecated in favour of "revert()", "require()" and "assert()".
      throw;
      ^---^
smartbugs/dataset/unchecked_low_level_calls/0x19cf8481ea15427a98ba3cdd6d9e14690011ab10.sol:223:7: Warning: "throw" is deprecated in favour of "revert()", "require()" and "assert()".
      throw;
      ^---^
smartbugs/dataset/unchecked_low_level_calls/0x19cf8481ea15427a98ba3cdd6d9e14690011ab10.sol:226:7: Warning: "throw" is deprecated in favour of "revert()", "require()" and "assert()".
      throw;
      ^---^
smartbugs/dataset/unchecked_low_level_calls/0x19cf8481ea15427a98ba3cdd6d9e14690011ab10.sol:330:10: Warning: "throw" is deprecated in favour of "revert()", "require()" and "assert()".
		} else throw;
		       ^---^
smartbugs/dataset/unchecked_low_level_calls/0x19cf8481ea15427a98ba3cdd6d9e14690011ab10.sol:341:7: Warning: "throw" is deprecated in favour of "revert()", "require()" and "assert()".
      throw;
      ^---^
smartbugs/dataset/unchecked_low_level_calls/0x19cf8481ea15427a98ba3cdd6d9e14690011ab10.sol:352:7: Warning: "throw" is deprecated in favour of "revert()", "require()" and "assert()".
      throw;
      ^---^
smartbugs/dataset/unchecked_low_level_calls/0x19cf8481ea15427a98ba3cdd6d9e14690011ab10.sol:368:3: Warning: "throw" is deprecated in favour of "revert()", "require()" and "assert()".
		throw;
		^---^
smartbugs/dataset/unchecked_low_level_calls/0x19cf8481ea15427a98ba3cdd6d9e14690011ab10.sol:389:23: Warning: "throw" is deprecated in favour of "revert()", "require()" and "assert()".
        if (!funding) throw;
                      ^---^
smartbugs/dataset/unchecked_low_level_calls/0x19cf8481ea15427a98ba3cdd6d9e14690011ab10.sol:392:29: Warning: "throw" is deprecated in favour of "revert()", "require()" and "assert()".
        if (msg.value == 0) throw;
                            ^---^
smartbugs/dataset/unchecked_low_level_calls/0x19cf8481ea15427a98ba3cdd6d9e14690011ab10.sol:395:11: Warning: "throw" is deprecated in favour of "revert()", "require()" and "assert()".
          throw;
          ^---^
smartbugs/dataset/unchecked_low_level_calls/0x19cf8481ea15427a98ba3cdd6d9e14690011ab10.sol:403:3: Warning: Use of the "var" keyword is deprecated.
	 var numTokensRAW = msg.value;
	 ^--------------^
smartbugs/dataset/unchecked_low_level_calls/0x19cf8481ea15427a98ba3cdd6d9e14690011ab10.sol:405:9: Warning: Use of the "var" keyword is deprecated.
        var numTokens = msg.value * CreationRate;
        ^-----------^
smartbugs/dataset/unchecked_low_level_calls/0x19cf8481ea15427a98ba3cdd6d9e14690011ab10.sol:432:20: Warning: "throw" is deprecated in favour of "revert()", "require()" and "assert()".
	if(funding==true) throw;
	                  ^---^
smartbugs/dataset/unchecked_low_level_calls/0x19cf8481ea15427a98ba3cdd6d9e14690011ab10.sol:433:36: Warning: "throw" is deprecated in favour of "revert()", "require()" and "assert()".
		 	if (!owner.send(this.balance)) throw;
		 	                               ^---^
smartbugs/dataset/unchecked_low_level_calls/0x19cf8481ea15427a98ba3cdd6d9e14690011ab10.sol:437:33: Warning: "throw" is deprecated in favour of "revert()", "require()" and "assert()".
	      if (msg.sender != owner) throw;
	                               ^---^
smartbugs/dataset/unchecked_low_level_calls/0x19cf8481ea15427a98ba3cdd6d9e14690011ab10.sol:442:33: Warning: "throw" is deprecated in favour of "revert()", "require()" and "assert()".
	      if (msg.sender != owner) throw;
	                               ^---^
smartbugs/dataset/unchecked_low_level_calls/0x19cf8481ea15427a98ba3cdd6d9e14690011ab10.sol:447:33: Warning: "throw" is deprecated in favour of "revert()", "require()" and "assert()".
	      if (msg.sender != owner) throw;
	                               ^---^
smartbugs/dataset/unchecked_low_level_calls/0x19cf8481ea15427a98ba3cdd6d9e14690011ab10.sol:451:43: Warning: "throw" is deprecated in favour of "revert()", "require()" and "assert()".
	      if (msg.sender != migrationMaster) throw;
	                                         ^---^
smartbugs/dataset/unchecked_low_level_calls/0x19cf8481ea15427a98ba3cdd6d9e14690011ab10.sol:458:56: Warning: "throw" is deprecated in favour of "revert()", "require()" and "assert()".
        if (block.number <= fundingEndBlock+8*oneweek) throw;
                                                       ^---^
smartbugs/dataset/unchecked_low_level_calls/0x19cf8481ea15427a98ba3cdd6d9e14690011ab10.sol:469:27: Warning: "throw" is deprecated in favour of "revert()", "require()" and "assert()".
        if (migratestate) throw;
                          ^---^
smartbugs/dataset/unchecked_low_level_calls/0x19cf8481ea15427a98ba3cdd6d9e14690011ab10.sol:473:26: Warning: "throw" is deprecated in favour of "revert()", "require()" and "assert()".
        if (_value == 0) throw;
                         ^---^
smartbugs/dataset/unchecked_low_level_calls/0x19cf8481ea15427a98ba3cdd6d9e14690011ab10.sol:474:44: Warning: "throw" is deprecated in favour of "revert()", "require()" and "assert()".
        if (_value > balances[msg.sender]) throw;
                                           ^---^
smartbugs/dataset/unchecked_low_level_calls/0x19cf8481ea15427a98ba3cdd6d9e14690011ab10.sol:485:22: Warning: "throw" is deprecated in favour of "revert()", "require()" and "assert()".
        if (funding) throw;
                     ^---^
smartbugs/dataset/unchecked_low_level_calls/0x19cf8481ea15427a98ba3cdd6d9e14690011ab10.sol:486:27: Warning: "throw" is deprecated in favour of "revert()", "require()" and "assert()".
        if (!refundstate) throw;
                          ^---^
smartbugs/dataset/unchecked_low_level_calls/0x19cf8481ea15427a98ba3cdd6d9e14690011ab10.sol:488:9: Warning: Use of the "var" keyword is deprecated.
        var DAOPLTokenValue = balances[msg.sender];
        ^-----------------^
smartbugs/dataset/unchecked_low_level_calls/0x19cf8481ea15427a98ba3cdd6d9e14690011ab10.sol:489:9: Warning: Use of the "var" keyword is deprecated.
        var ETHValue = balancesRAW[msg.sender];
        ^----------^
smartbugs/dataset/unchecked_low_level_calls/0x19cf8481ea15427a98ba3cdd6d9e14690011ab10.sol:490:28: Warning: "throw" is deprecated in favour of "revert()", "require()" and "assert()".
        if (ETHValue == 0) throw;
                           ^---^
smartbugs/dataset/unchecked_low_level_calls/0x19cf8481ea15427a98ba3cdd6d9e14690011ab10.sol:75:3: Warning: This declaration shadows a builtin symbol.
  function assert(bool assertion) internal {
  ^ (Relevant source part starts here and spans across multiple lines).
smartbugs/dataset/unchecked_low_level_calls/0x19cf8481ea15427a98ba3cdd6d9e14690011ab10.sol:370:3: Warning: Variable is declared as a storage pointer. Use an explicit "storage" keyword to silence this warning.
		sendTokenAway t = transfers[numTransfers];
		^-------------^
smartbugs/dataset/unchecked_low_level_calls/0x19cf8481ea15427a98ba3cdd6d9e14690011ab10.sol:9:28: Warning: Functions in interfaces should be declared external.
interface tokenRecipient { function receiveApproval(address _from, uint256 _value, address _token, bytes _extraData) public; }
                           ^-----------------------------------------------------------------------------------------------^
smartbugs/dataset/unchecked_low_level_calls/0x19cf8481ea15427a98ba3cdd6d9e14690011ab10.sol:110:5: Warning: Invoking events without "emit" prefix is deprecated.
    Transfer(msg.sender, _to, _value);
    ^-------------------------------^
smartbugs/dataset/unchecked_low_level_calls/0x19cf8481ea15427a98ba3cdd6d9e14690011ab10.sol:120:5: Warning: Invoking events without "emit" prefix is deprecated.
    Transfer(_from, _to, _value);
    ^--------------------------^
smartbugs/dataset/unchecked_low_level_calls/0x19cf8481ea15427a98ba3cdd6d9e14690011ab10.sol:137:5: Warning: Invoking events without "emit" prefix is deprecated.
    Approval(msg.sender, _spender, _value);
    ^------------------------------------^
smartbugs/dataset/unchecked_low_level_calls/0x19cf8481ea15427a98ba3cdd6d9e14690011ab10.sol:263:9: Warning: Invoking events without "emit" prefix is deprecated.
        Burn(msg.sender, _value);
        ^----------------------^
smartbugs/dataset/unchecked_low_level_calls/0x19cf8481ea15427a98ba3cdd6d9e14690011ab10.sol:281:9: Warning: Invoking events without "emit" prefix is deprecated.
        Burn(_from, _value);
        ^-----------------^
smartbugs/dataset/unchecked_low_level_calls/0x19cf8481ea15427a98ba3cdd6d9e14690011ab10.sol:293:7: Warning: Invoking events without "emit" prefix is deprecated.
      Transfer(msg.sender, _to, _value);
      ^-------------------------------^
smartbugs/dataset/unchecked_low_level_calls/0x19cf8481ea15427a98ba3cdd6d9e14690011ab10.sol:305:7: Warning: Invoking events without "emit" prefix is deprecated.
      Transfer(_from, _to, _value);
      ^--------------------------^
smartbugs/dataset/unchecked_low_level_calls/0x19cf8481ea15427a98ba3cdd6d9e14690011ab10.sol:316:5: Warning: Invoking events without "emit" prefix is deprecated.
    Approval(msg.sender, _spender, _value);
    ^------------------------------------^
smartbugs/dataset/unchecked_low_level_calls/0x19cf8481ea15427a98ba3cdd6d9e14690011ab10.sol:328:9: Warning: Invoking events without "emit" prefix is deprecated.
        receivedEther(msg.sender, msg.value);
        ^----------------------------------^
smartbugs/dataset/unchecked_low_level_calls/0x19cf8481ea15427a98ba3cdd6d9e14690011ab10.sol:346:5: Warning: Invoking events without "emit" prefix is deprecated.
    UpdatedTokenInformation(name, symbol);
    ^-----------------------------------^
smartbugs/dataset/unchecked_low_level_calls/0x19cf8481ea15427a98ba3cdd6d9e14690011ab10.sol:412:9: Warning: Invoking events without "emit" prefix is deprecated.
        Transfer(0, holder, numTokens);
        ^----------------------------^
smartbugs/dataset/unchecked_low_level_calls/0x19cf8481ea15427a98ba3cdd6d9e14690011ab10.sol:421:9: Warning: Invoking events without "emit" prefix is deprecated.
        Transfer(0, migrationMaster, additionalTokens);
        ^--------------------------------------------^
smartbugs/dataset/unchecked_low_level_calls/0x19cf8481ea15427a98ba3cdd6d9e14690011ab10.sol:433:21: Warning: Using contract member "balance" inherited from the address type is deprecated. Convert the contract to "address" type to access the member, for example use "address(contract).balance" instead.
		 	if (!owner.send(this.balance)) throw;
		 	                ^----------^
smartbugs/dataset/unchecked_low_level_calls/0x19cf8481ea15427a98ba3cdd6d9e14690011ab10.sol:439:20: Warning: Using contract member "balance" inherited from the address type is deprecated. Convert the contract to "address" type to access the member, for example use "address(contract).balance" instead.
        owner.send(this.balance - SubX);
                   ^----------^
smartbugs/dataset/unchecked_low_level_calls/0x19cf8481ea15427a98ba3cdd6d9e14690011ab10.sol:439:9: Warning: Failure condition of 'send' ignored. Consider using 'transfer' instead.
        owner.send(this.balance - SubX);
        ^-----------------------------^
smartbugs/dataset/unchecked_low_level_calls/0x19cf8481ea15427a98ba3cdd6d9e14690011ab10.sol:465:14: Warning: Using contract member "balance" inherited from the address type is deprecated. Convert the contract to "address" type to access the member, for example use "address(contract).balance" instead.
		owner.send(this.balance);
		           ^----------^
smartbugs/dataset/unchecked_low_level_calls/0x19cf8481ea15427a98ba3cdd6d9e14690011ab10.sol:465:3: Warning: Failure condition of 'send' ignored. Consider using 'transfer' instead.
		owner.send(this.balance);
		^----------------------^
smartbugs/dataset/unchecked_low_level_calls/0x19cf8481ea15427a98ba3cdd6d9e14690011ab10.sol:480:9: Warning: Invoking events without "emit" prefix is deprecated.
        Migrate(msg.sender, migrationAgent, _value);
        ^-----------------------------------------^
smartbugs/dataset/unchecked_low_level_calls/0x19cf8481ea15427a98ba3cdd6d9e14690011ab10.sol:494:9: Warning: Invoking events without "emit" prefix is deprecated.
        Refund(msg.sender, ETHValue);
        ^--------------------------^
smartbugs/dataset/unchecked_low_level_calls/0x19cf8481ea15427a98ba3cdd6d9e14690011ab10.sol:14:5: Warning: No visibility specified. Defaulting to "public". 
    function migrateFrom(address _from, uint256 _value);
    ^--------------------------------------------------^
smartbugs/dataset/unchecked_low_level_calls/0x19cf8481ea15427a98ba3cdd6d9e14690011ab10.sol:19:3: Warning: No visibility specified. Defaulting to "public". 
  function balanceOf(address who) constant returns (uint);
  ^------------------------------------------------------^
smartbugs/dataset/unchecked_low_level_calls/0x19cf8481ea15427a98ba3cdd6d9e14690011ab10.sol:20:3: Warning: No visibility specified. Defaulting to "public". 
  function allowance(address owner, address spender) constant returns (uint);
  ^-------------------------------------------------------------------------^
smartbugs/dataset/unchecked_low_level_calls/0x19cf8481ea15427a98ba3cdd6d9e14690011ab10.sol:22:3: Warning: No visibility specified. Defaulting to "public". 
  function transfer(address to, uint value) returns (bool ok);
  ^----------------------------------------------------------^
smartbugs/dataset/unchecked_low_level_calls/0x19cf8481ea15427a98ba3cdd6d9e14690011ab10.sol:23:3: Warning: No visibility specified. Defaulting to "public". 
  function transferFrom(address from, address to, uint value) returns (bool ok);
  ^----------------------------------------------------------------------------^
smartbugs/dataset/unchecked_low_level_calls/0x19cf8481ea15427a98ba3cdd6d9e14690011ab10.sol:24:3: Warning: No visibility specified. Defaulting to "public". 
  function approve(address spender, uint value) returns (bool ok);
  ^--------------------------------------------------------------^
smartbugs/dataset/unchecked_low_level_calls/0x19cf8481ea15427a98ba3cdd6d9e14690011ab10.sol:107:3: Warning: No visibility specified. Defaulting to "public". 
  function transfer(address _to, uint _value) returns (bool success) {
  ^ (Relevant source part starts here and spans across multiple lines).
smartbugs/dataset/unchecked_low_level_calls/0x19cf8481ea15427a98ba3cdd6d9e14690011ab10.sol:114:3: Warning: No visibility specified. Defaulting to "public". 
  function transferFrom(address _from, address _to, uint _value) returns (bool success) {
  ^ (Relevant source part starts here and spans across multiple lines).
smartbugs/dataset/unchecked_low_level_calls/0x19cf8481ea15427a98ba3cdd6d9e14690011ab10.sol:124:3: Warning: No visibility specified. Defaulting to "public". 
  function balanceOf(address _owner) constant returns (uint balance) {
  ^ (Relevant source part starts here and spans across multiple lines).
smartbugs/dataset/unchecked_low_level_calls/0x19cf8481ea15427a98ba3cdd6d9e14690011ab10.sol:128:3: Warning: No visibility specified. Defaulting to "public". 
  function approve(address _spender, uint _value) returns (bool success) {
  ^ (Relevant source part starts here and spans across multiple lines).
smartbugs/dataset/unchecked_low_level_calls/0x19cf8481ea15427a98ba3cdd6d9e14690011ab10.sol:141:3: Warning: No visibility specified. Defaulting to "public". 
  function allowance(address _owner, address _spender) constant returns (uint remaining) {
  ^ (Relevant source part starts here and spans across multiple lines).
smartbugs/dataset/unchecked_low_level_calls/0x19cf8481ea15427a98ba3cdd6d9e14690011ab10.sol:204:3: Warning: No visibility specified. Defaulting to "public". 
  function daoPOLSKAtokens() {
  ^ (Relevant source part starts here and spans across multiple lines).
smartbugs/dataset/unchecked_low_level_calls/0x19cf8481ea15427a98ba3cdd6d9e14690011ab10.sol:285:3: Warning: No visibility specified. Defaulting to "public". 
  function transfer(address _to, uint256 _value) returns (bool success) {
  ^ (Relevant source part starts here and spans across multiple lines).
smartbugs/dataset/unchecked_low_level_calls/0x19cf8481ea15427a98ba3cdd6d9e14690011ab10.sol:298:3: Warning: No visibility specified. Defaulting to "public". 
  function transferFrom(address _from, address _to, uint256 _value) returns (bool success) {
  ^ (Relevant source part starts here and spans across multiple lines).
smartbugs/dataset/unchecked_low_level_calls/0x19cf8481ea15427a98ba3cdd6d9e14690011ab10.sol:310:3: Warning: No visibility specified. Defaulting to "public". 
  function balanceOf(address _owner) constant returns (uint256 balance) {
  ^ (Relevant source part starts here and spans across multiple lines).
smartbugs/dataset/unchecked_low_level_calls/0x19cf8481ea15427a98ba3cdd6d9e14690011ab10.sol:314:3: Warning: No visibility specified. Defaulting to "public". 
  function approve(address _spender, uint256 _value) returns (bool success) {
  ^ (Relevant source part starts here and spans across multiple lines).
smartbugs/dataset/unchecked_low_level_calls/0x19cf8481ea15427a98ba3cdd6d9e14690011ab10.sol:320:3: Warning: No visibility specified. Defaulting to "public". 
  function allowance(address _owner, address _spender) constant returns (uint256 remaining) {
  ^ (Relevant source part starts here and spans across multiple lines).
smartbugs/dataset/unchecked_low_level_calls/0x19cf8481ea15427a98ba3cdd6d9e14690011ab10.sol:338:3: Warning: No visibility specified. Defaulting to "public". 
  function setTokenInformation(string _name, string _symbol) {
  ^ (Relevant source part starts here and spans across multiple lines).
smartbugs/dataset/unchecked_low_level_calls/0x19cf8481ea15427a98ba3cdd6d9e14690011ab10.sol:349:1: Warning: No visibility specified. Defaulting to "public". 
function setChainsAddresses(address chainAd, int chainnumber) {
^ (Relevant source part starts here and spans across multiple lines).
smartbugs/dataset/unchecked_low_level_calls/0x19cf8481ea15427a98ba3cdd6d9e14690011ab10.sol:366:2: Warning: No visibility specified. Defaulting to "public". 
	function sendTokenAw(address StandardTokenAddress, address receiver, uint amount){
 ^ (Relevant source part starts here and spans across multiple lines).
smartbugs/dataset/unchecked_low_level_calls/0x19cf8481ea15427a98ba3cdd6d9e14690011ab10.sol:387:9: Warning: No visibility specified. Defaulting to "public". 
        function createDaoPOLSKAtokens(address holder) payable {
        ^ (Relevant source part starts here and spans across multiple lines).
smartbugs/dataset/unchecked_low_level_calls/0x19cf8481ea15427a98ba3cdd6d9e14690011ab10.sol:424:2: Warning: No visibility specified. Defaulting to "public". 
	function setBonusCreationRate(uint newRate){
 ^ (Relevant source part starts here and spans across multiple lines).
smartbugs/dataset/unchecked_low_level_calls/0x19cf8481ea15427a98ba3cdd6d9e14690011ab10.sol:59:3: Warning: Function state mutability can be restricted to pure
  function max64(uint64 a, uint64 b) internal constant returns (uint64) {
  ^ (Relevant source part starts here and spans across multiple lines).
smartbugs/dataset/unchecked_low_level_calls/0x19cf8481ea15427a98ba3cdd6d9e14690011ab10.sol:63:3: Warning: Function state mutability can be restricted to pure
  function min64(uint64 a, uint64 b) internal constant returns (uint64) {
  ^ (Relevant source part starts here and spans across multiple lines).
smartbugs/dataset/unchecked_low_level_calls/0x19cf8481ea15427a98ba3cdd6d9e14690011ab10.sol:67:3: Warning: Function state mutability can be restricted to pure
  function max256(uint256 a, uint256 b) internal constant returns (uint256) {
  ^ (Relevant source part starts here and spans across multiple lines).
smartbugs/dataset/unchecked_low_level_calls/0x19cf8481ea15427a98ba3cdd6d9e14690011ab10.sol:71:3: Warning: Function state mutability can be restricted to pure
  function min256(uint256 a, uint256 b) internal constant returns (uint256) {
  ^ (Relevant source part starts here and spans across multiple lines).
smartbugs/dataset/unchecked_low_level_calls/0x19cf8481ea15427a98ba3cdd6d9e14690011ab10.sol:75:3: Warning: Function state mutability can be restricted to pure
  function assert(bool assertion) internal {
  ^ (Relevant source part starts here and spans across multiple lines).
smartbugs/dataset/unchecked_low_level_calls/0x19cf8481ea15427a98ba3cdd6d9e14690011ab10.sol:103:3: Warning: Function state mutability can be restricted to pure
  function isToken() public constant returns (bool weAre) {
  ^ (Relevant source part starts here and spans across multiple lines).
smartbugs/dataset/unchecked_low_level_calls/0x19cf8481ea15427a98ba3cdd6d9e14690011ab10.sol:360:3: Warning: Function state mutability can be restricted to pure
  function DAOPolskaTokenICOregulations() external returns(string wow) {
  ^ (Relevant source part starts here and spans across multiple lines).
smartbugs/dataset/unchecked_low_level_calls/0x19cf8481ea15427a98ba3cdd6d9e14690011ab10.sol:498:1: Warning: Function state mutability can be restricted to pure
function preICOregulations() external returns(string wow) {
^ (Relevant source part starts here and spans across multiple lines).

smartbugs/dataset/unchecked_low_level_calls/0x19cf8481ea15427a98ba3cdd6d9e14690011ab10.sol analyzed (6 contracts)
/sGuardPlus/src/revert2src.js:373
			throw new Error(`${ast.type} unimpl`)
			^

Error: ElementaryTypeName unimpl
    at RevertExp.start (/sGuardPlus/src/revert2src.js:373:10)
    at FunctionCall (/sGuardPlus/src/revert2src.js:285:10)
    at RevertExp.start (/sGuardPlus/src/revert2src.js:371:4)
    at FunctionCall (/sGuardPlus/src/revert2src.js:299:12)
    at RevertExp.start (/sGuardPlus/src/revert2src.js:371:4)
    at BinaryOperation (/sGuardPlus/src/revert2src.js:276:10)
    at RevertExp.start (/sGuardPlus/src/revert2src.js:371:4)
    at ExpressionStatement (/sGuardPlus/src/revert2src.js:419:11)
    at RevertStmt.start (/sGuardPlus/src/revert2src.js:572:4)
    at /sGuardPlus/src/revert2src.js:398:11
