 ______     __         __  __     ______     __     __  __     __    __    
/\  ___\   /\ \       /\ \_\ \   /\  ___\   /\ \   /\ \/\ \   /\ "-./  \   
\ \  __\   \ \ \____  \ \____ \  \ \___  \  \ \ \  \ \ \_\ \  \ \ \-./\ \  
 \ \_____\  \ \_____\  \/\_____\  \/\_____\  \ \_\  \ \_____\  \ \_\ \ \_\ 
  \/_____/   \/_____/   \/_____/   \/_____/   \/_/   \/_____/   \/_/  \/_/ 
                                                                           
Compiling source code...
Retrieving bytecode for contract 'TokenBank'.
Please wait. Scanning bytecode for bugs...
Running Osiris...
Finished running Osiris. Execution time 3.0337231159210205 seconds. Code coverage 99.8%.
Running Oyente...
Finished running Oyente. Execution time 2.6271915435791016 seconds. Code coverage 99.8%.
Running Mythril...
Finished running Mythril. Execution time 33.759379863739014 seconds. Code coverage 63.02%.
Detected 1 bug(s):
--> Detected 'overflow' (ADD) bug at program counter address 453 (0x1c5) using Osiris with a code coverage of 99.8%.
Exporting original control-flow graph...
Recovering control-flow graph...
Recovered 100% of the control-flow graph
Number of execution paths accessing storage: 12
Deployment bytecode size: 66 bytes (original: 66 bytes) 0.0% increase.
Runtime bytecode size: 1081 bytes (original: 1034 bytes) 4.545454545454546% increase.
Metadata: 0xa165627a7a7230582020be47326c7885a18a9ded75fd4cc7eacec833c6e4a6a92f7c89516d8edc08970029
Exporting patched control-flow graph...
