mythril.mythril.mythril_config [INFO]: Creating mythril data directory 
mythril.mythril.mythril_config [INFO]: No config file found. Creating default: /root/.mythril/config.ini 
mythril.mythril.mythril_config [INFO]: Infura key not provided, so onchain access is disabled. Use --infura-id <INFURA_ID> or set it in the environment variable INFURA_ID or in the ~/.mythril/config.ini file 
mythril.support.signatures [INFO]: Using signature database at /root/.mythril/signatures.db
mythril.laser.ethereum.svm [INFO]: LASER EVM initialized with dynamic loader: <mythril.support.loader.DynLoader object at 0x72960dd9ba00>
mythril.laser.ethereum.strategy.extensions.bounded_loops [INFO]: Loaded search strategy extension: Loop bounds (limit = 3)
mythril.laser.plugin.loader [INFO]: Loading laser plugin: coverage
mythril.laser.plugin.loader [INFO]: Loading laser plugin: mutation-pruner
mythril.laser.plugin.loader [INFO]: Loading laser plugin: call-depth-limit
mythril.laser.plugin.loader [INFO]: Loading laser plugin: instruction-profiler
mythril.laser.plugin.loader [INFO]: Loading laser plugin: dependency-pruner
mythril.laser.plugin.loader [INFO]: Instrumenting symbolic vm with plugin: coverage
mythril.laser.plugin.loader [INFO]: Instrumenting symbolic vm with plugin: mutation-pruner
mythril.laser.plugin.loader [INFO]: Instrumenting symbolic vm with plugin: call-depth-limit
mythril.laser.plugin.loader [INFO]: Instrumenting symbolic vm with plugin: instruction-profiler
mythril.laser.plugin.loader [INFO]: Instrumenting symbolic vm with plugin: dependency-pruner
mythril.laser.ethereum.svm [DEBUG]: Starting LASER execution
mythril.laser.ethereum.svm [INFO]: Starting message call transaction to 0
mythril.laser.ethereum.svm [INFO]: Starting message call transaction, iteration: 0, 1 initial states
mythril.laser.ethereum.instructions [DEBUG]: Evaluating PUSH1 at 0
mythril.laser.ethereum.instructions [DEBUG]: Evaluating PUSH1 at 1
mythril.laser.ethereum.instructions [DEBUG]: Evaluating MSTORE at 2
mythril.laser.ethereum.instructions [DEBUG]: Evaluating PUSH1 at 3
mythril.laser.ethereum.instructions [DEBUG]: Evaluating CALLDATASIZE at 4
mythril.laser.ethereum.instructions [DEBUG]: Evaluating LT at 5
mythril.laser.ethereum.instructions [DEBUG]: Evaluating PUSH2 at 6
mythril.analysis.module.base [DEBUG]: Entering analysis module: TxOrigin
mythril.analysis.module.base [DEBUG]: Exiting analysis module: TxOrigin
mythril.analysis.module.base [DEBUG]: Entering analysis module: IntegerArithmetics
mythril.analysis.module.base [DEBUG]: Exiting analysis module: IntegerArithmetics
mythril.laser.ethereum.instructions [DEBUG]: Evaluating JUMPI at 7
mythril.laser.ethereum.instructions [DEBUG]: Evaluating PUSH4 at 8
mythril.laser.ethereum.instructions [DEBUG]: Evaluating JUMPDEST at 24
mythril.laser.ethereum.instructions [DEBUG]: Evaluating PUSH29 at 9
mythril.laser.ethereum.instructions [DEBUG]: Evaluating PUSH1 at 25
mythril.laser.ethereum.instructions [DEBUG]: Evaluating PUSH1 at 10
mythril.laser.ethereum.instructions [DEBUG]: Evaluating DUP1 at 26
mythril.laser.ethereum.instructions [DEBUG]: Evaluating CALLDATALOAD at 11
mythril.laser.ethereum.instructions [DEBUG]: Evaluating REVERT at 27
mythril.laser.ethereum.svm [DEBUG]: Ending transaction MessageCallTransaction 1 from sender_1 to                                        0x0.
mythril.laser.ethereum.instructions [DEBUG]: Evaluating DIV at 12
mythril.laser.ethereum.instructions [DEBUG]: Evaluating AND at 13
mythril.laser.ethereum.instructions [DEBUG]: Evaluating PUSH4 at 14
mythril.laser.ethereum.instructions [DEBUG]: Evaluating DUP2 at 15
mythril.laser.ethereum.instructions [DEBUG]: Evaluating EQ at 16
mythril.laser.ethereum.instructions [DEBUG]: Evaluating PUSH2 at 17
mythril.analysis.module.base [DEBUG]: Entering analysis module: TxOrigin
mythril.analysis.module.base [DEBUG]: Exiting analysis module: TxOrigin
mythril.analysis.module.base [DEBUG]: Entering analysis module: IntegerArithmetics
mythril.analysis.module.base [DEBUG]: Exiting analysis module: IntegerArithmetics
mythril.laser.ethereum.instructions [DEBUG]: Evaluating JUMPI at 18
mythril.laser.ethereum.instructions [DEBUG]: Evaluating DUP1 at 19
mythril.laser.ethereum.instructions [DEBUG]: Evaluating JUMPDEST at 28
mythril.laser.ethereum.instructions [DEBUG]: Evaluating PUSH4 at 20
mythril.laser.ethereum.instructions [DEBUG]: Evaluating CALLVALUE at 29
mythril.laser.ethereum.instructions [DEBUG]: Evaluating EQ at 21
mythril.laser.ethereum.instructions [DEBUG]: Evaluating DUP1 at 30
mythril.laser.ethereum.instructions [DEBUG]: Evaluating PUSH2 at 22
mythril.laser.ethereum.instructions [DEBUG]: Evaluating ISZERO at 31
mythril.analysis.module.base [DEBUG]: Entering analysis module: TxOrigin
mythril.analysis.module.base [DEBUG]: Exiting analysis module: TxOrigin
mythril.analysis.module.base [DEBUG]: Entering analysis module: IntegerArithmetics
mythril.analysis.module.base [DEBUG]: Exiting analysis module: IntegerArithmetics
mythril.laser.ethereum.instructions [DEBUG]: Evaluating JUMPI at 23
mythril.laser.ethereum.svm [DEBUG]: - Entering function MAIN:unknown
mythril.laser.ethereum.instructions [DEBUG]: Evaluating PUSH2 at 32
mythril.laser.ethereum.instructions [DEBUG]: Evaluating JUMPDEST at 24
mythril.laser.ethereum.instructions [DEBUG]: Evaluating JUMPDEST at 48
mythril.analysis.module.base [DEBUG]: Entering analysis module: TxOrigin
mythril.analysis.module.base [DEBUG]: Exiting analysis module: TxOrigin
mythril.analysis.module.base [DEBUG]: Entering analysis module: IntegerArithmetics
mythril.analysis.module.base [DEBUG]: Exiting analysis module: IntegerArithmetics
mythril.laser.ethereum.instructions [DEBUG]: Evaluating JUMPI at 33
mythril.laser.ethereum.instructions [DEBUG]: Evaluating PUSH1 at 25
mythril.laser.ethereum.instructions [DEBUG]: Evaluating CALLVALUE at 49
mythril.laser.ethereum.instructions [DEBUG]: Evaluating PUSH1 at 34
mythril.laser.ethereum.instructions [DEBUG]: Evaluating JUMPDEST at 37
mythril.laser.ethereum.instructions [DEBUG]: Evaluating DUP1 at 26
mythril.laser.ethereum.instructions [DEBUG]: Evaluating DUP1 at 50
mythril.laser.ethereum.instructions [DEBUG]: Evaluating DUP1 at 35
mythril.laser.ethereum.instructions [DEBUG]: Evaluating POP at 38
mythril.laser.ethereum.instructions [DEBUG]: Evaluating REVERT at 27
mythril.laser.ethereum.svm [DEBUG]: Ending transaction MessageCallTransaction 1 from sender_1 to                                        0x0.
mythril.laser.ethereum.instructions [DEBUG]: Evaluating ISZERO at 51
mythril.laser.ethereum.instructions [DEBUG]: Evaluating REVERT at 36
mythril.laser.ethereum.svm [DEBUG]: Ending transaction MessageCallTransaction 1 from sender_1 to                                        0x0.
mythril.laser.ethereum.instructions [DEBUG]: Evaluating PUSH2 at 39
mythril.laser.ethereum.instructions [DEBUG]: Evaluating PUSH2 at 52
mythril.laser.ethereum.instructions [DEBUG]: Evaluating PUSH20 at 40
mythril.analysis.module.base [DEBUG]: Entering analysis module: TxOrigin
mythril.analysis.module.base [DEBUG]: Exiting analysis module: TxOrigin
mythril.analysis.module.base [DEBUG]: Entering analysis module: IntegerArithmetics
mythril.analysis.module.base [DEBUG]: Exiting analysis module: IntegerArithmetics
mythril.laser.ethereum.instructions [DEBUG]: Evaluating JUMPI at 53
mythril.laser.ethereum.instructions [DEBUG]: Evaluating PUSH1 at 41
mythril.laser.ethereum.instructions [DEBUG]: Evaluating PUSH1 at 54
mythril.laser.ethereum.instructions [DEBUG]: Evaluating JUMPDEST at 57
mythril.laser.ethereum.instructions [DEBUG]: Evaluating CALLDATALOAD at 42
mythril.laser.ethereum.instructions [DEBUG]: Evaluating DUP1 at 55
mythril.laser.ethereum.instructions [DEBUG]: Evaluating POP at 58
mythril.laser.ethereum.instructions [DEBUG]: Evaluating AND at 43
mythril.laser.ethereum.instructions [DEBUG]: Evaluating REVERT at 56
mythril.laser.ethereum.svm [DEBUG]: Ending transaction MessageCallTransaction 1 from sender_1 to                                        0x0.
mythril.laser.ethereum.instructions [DEBUG]: Evaluating PUSH2 at 59
mythril.laser.ethereum.instructions [DEBUG]: Evaluating PUSH2 at 44
mythril.laser.ethereum.instructions [DEBUG]: Evaluating PUSH20 at 60
mythril.laser.ethereum.instructions [DEBUG]: Evaluating JUMP at 45
mythril.laser.ethereum.instructions [DEBUG]: Evaluating PUSH1 at 61
mythril.laser.ethereum.instructions [DEBUG]: Evaluating JUMPDEST at 66
mythril.laser.ethereum.instructions [DEBUG]: Evaluating CALLDATALOAD at 62
mythril.laser.ethereum.instructions [DEBUG]: Evaluating PUSH1 at 67
mythril.laser.ethereum.instructions [DEBUG]: Evaluating AND at 63
mythril.laser.ethereum.instructions [DEBUG]: Evaluating MLOAD at 68
mythril.laser.ethereum.instructions [DEBUG]: Evaluating PUSH2 at 64
mythril.laser.ethereum.instructions [DEBUG]: Evaluating PUSH20 at 69
mythril.laser.ethereum.instructions [DEBUG]: Evaluating JUMP at 65
mythril.laser.ethereum.instructions [DEBUG]: Evaluating DUP3 at 70
mythril.laser.ethereum.instructions [DEBUG]: Evaluating JUMPDEST at 94
mythril.laser.ethereum.instructions [DEBUG]: Evaluating AND at 71
mythril.laser.ethereum.instructions [DEBUG]: Evaluating PUSH1 at 95
mythril.laser.ethereum.instructions [DEBUG]: Evaluating SWAP1 at 72
mythril.laser.ethereum.instructions [DEBUG]: Evaluating MLOAD at 96
mythril.laser.ethereum.instructions [DEBUG]: Evaluating PUSH1 at 73
mythril.laser.ethereum.instructions [DEBUG]: Evaluating PUSH20 at 97
mythril.laser.ethereum.instructions [DEBUG]: Evaluating DUP2 at 74
mythril.laser.ethereum.instructions [DEBUG]: Evaluating DUP3 at 98
mythril.laser.ethereum.instructions [DEBUG]: Evaluating DUP2 at 75
mythril.laser.ethereum.instructions [DEBUG]: Evaluating AND at 99
mythril.laser.ethereum.instructions [DEBUG]: Evaluating DUP2 at 76
mythril.laser.ethereum.instructions [DEBUG]: Evaluating SWAP1 at 100
mythril.laser.ethereum.instructions [DEBUG]: Evaluating DUP2 at 77
mythril.laser.ethereum.instructions [DEBUG]: Evaluating PUSH1 at 101
mythril.laser.ethereum.instructions [DEBUG]: Evaluating DUP7 at 78
mythril.laser.ethereum.instructions [DEBUG]: Evaluating DUP2 at 102
mythril.laser.ethereum.instructions [DEBUG]: Evaluating GAS at 79
mythril.laser.ethereum.instructions [DEBUG]: Evaluating DUP2 at 103
mythril.analysis.module.base [DEBUG]: Entering analysis module: IntegerArithmetics
mythril.analysis.module.base [DEBUG]: Exiting analysis module: IntegerArithmetics
mythril.analysis.module.base [DEBUG]: Entering analysis module: StateChangeAfterCall
mythril.analysis.module.base [DEBUG]: Exiting analysis module: StateChangeAfterCall
mythril.laser.ethereum.instructions [DEBUG]: Evaluating CALL at 80
mythril.laser.ethereum.call [DEBUG]: Symbolic call encountered
mythril.laser.ethereum.call [DEBUG]: CALL to: Concat(0,
       If(1_calldatasize <= 16, 0, 1_calldata[16]),
       If(1_calldatasize <= 17, 0, 1_calldata[17]),
       If(1_calldatasize <= 18, 0, 1_calldata[18]),
       If(1_calldatasize <= 19, 0, 1_calldata[19]),
       If(1_calldatasize <= 20, 0, 1_calldata[20]),
       If(1_calldatasize <= 21, 0, 1_calldata[21]),
       If(1_calldatasize <= 22, 0, 1_calldata[22]),
       If(1_calldatasize <= 23, 0, 1_calldata[23]),
       If(1_calldatasize <= 24, 0, 1_calldata[24]),
       If(1_calldatasize <= 25, 0, 1_calldata[25]),
       If(1_calldatasize <= 26, 0, 1_calldata[26]),
       If(1_calldatasize <= 27, 0, 1_calldata[27]),
       If(1_calldatasize <= 28, 0, 1_calldata[28]),
       If(1_calldatasize <= 29, 0, 1_calldata[29]),
       If(1_calldatasize <= 30, 0, 1_calldata[30]),
       If(1_calldatasize <= 31, 0, 1_calldata[31]),
       If(1_calldatasize <= 32, 0, 1_calldata[32]),
       If(1_calldatasize <= 33, 0, 1_calldata[33]),
       If(1_calldatasize <= 34, 0, 1_calldata[34]),
       If(1_calldatasize <= 35, 0, 1_calldata[35]))
mythril.laser.ethereum.instructions [DEBUG]: The call is related to ether transfer between accounts
mythril.analysis.module.base [DEBUG]: Entering analysis module: EtherThief
mythril.analysis.module.base [DEBUG]: Exiting analysis module: EtherThief
mythril.analysis.module.base [DEBUG]: Entering analysis module: UncheckedRetval
mythril.analysis.module.modules.unchecked_retval [DEBUG]: End of call, extracting retval
mythril.analysis.module.base [DEBUG]: Exiting analysis module: UncheckedRetval
mythril.laser.ethereum.instructions [DEBUG]: Evaluating DUP2 at 104
mythril.laser.ethereum.instructions [DEBUG]: Evaluating SWAP2 at 81
mythril.laser.ethereum.instructions [DEBUG]: Evaluating DUP2 at 105
mythril.laser.ethereum.instructions [DEBUG]: Evaluating POP at 82
mythril.laser.ethereum.instructions [DEBUG]: Evaluating DUP7 at 106
mythril.laser.ethereum.instructions [DEBUG]: Evaluating POP at 83
mythril.laser.ethereum.instructions [DEBUG]: Evaluating GAS at 107
mythril.laser.ethereum.instructions [DEBUG]: Evaluating ISZERO at 84
mythril.analysis.module.base [DEBUG]: Entering analysis module: IntegerArithmetics
mythril.analysis.module.base [DEBUG]: Exiting analysis module: IntegerArithmetics
mythril.analysis.module.base [DEBUG]: Entering analysis module: StateChangeAfterCall
mythril.analysis.module.base [DEBUG]: Exiting analysis module: StateChangeAfterCall
mythril.laser.ethereum.instructions [DEBUG]: Evaluating CALL at 108
mythril.laser.ethereum.call [DEBUG]: Symbolic call encountered
mythril.laser.ethereum.call [DEBUG]: CALL to: Concat(0,
       If(1_calldatasize <= 16, 0, 1_calldata[16]),
       If(1_calldatasize <= 17, 0, 1_calldata[17]),
       If(1_calldatasize <= 18, 0, 1_calldata[18]),
       If(1_calldatasize <= 19, 0, 1_calldata[19]),
       If(1_calldatasize <= 20, 0, 1_calldata[20]),
       If(1_calldatasize <= 21, 0, 1_calldata[21]),
       If(1_calldatasize <= 22, 0, 1_calldata[22]),
       If(1_calldatasize <= 23, 0, 1_calldata[23]),
       If(1_calldatasize <= 24, 0, 1_calldata[24]),
       If(1_calldatasize <= 25, 0, 1_calldata[25]),
       If(1_calldatasize <= 26, 0, 1_calldata[26]),
       If(1_calldatasize <= 27, 0, 1_calldata[27]),
       If(1_calldatasize <= 28, 0, 1_calldata[28]),
       If(1_calldatasize <= 29, 0, 1_calldata[29]),
       If(1_calldatasize <= 30, 0, 1_calldata[30]),
       If(1_calldatasize <= 31, 0, 1_calldata[31]),
       If(1_calldatasize <= 32, 0, 1_calldata[32]),
       If(1_calldatasize <= 33, 0, 1_calldata[33]),
       If(1_calldatasize <= 34, 0, 1_calldata[34]),
       If(1_calldatasize <= 35, 0, 1_calldata[35]))
mythril.laser.ethereum.instructions [DEBUG]: The call is related to ether transfer between accounts
mythril.analysis.module.base [DEBUG]: Entering analysis module: EtherThief
mythril.analysis.module.base [DEBUG]: Exiting analysis module: EtherThief
mythril.analysis.module.base [DEBUG]: Entering analysis module: UncheckedRetval
mythril.analysis.module.modules.unchecked_retval [DEBUG]: End of call, extracting retval
mythril.analysis.module.base [DEBUG]: Exiting analysis module: UncheckedRetval
mythril.laser.ethereum.instructions [DEBUG]: Evaluating ISZERO at 85
mythril.laser.ethereum.instructions [DEBUG]: Evaluating POP at 109
mythril.laser.ethereum.instructions [DEBUG]: Evaluating PUSH2 at 86
mythril.laser.ethereum.instructions [DEBUG]: Evaluating POP at 110
mythril.analysis.module.base [DEBUG]: Entering analysis module: TxOrigin
mythril.analysis.module.base [DEBUG]: Exiting analysis module: TxOrigin
mythril.analysis.module.base [DEBUG]: Entering analysis module: IntegerArithmetics
mythril.analysis.module.base [DEBUG]: Exiting analysis module: IntegerArithmetics
mythril.laser.ethereum.instructions [DEBUG]: Evaluating JUMPI at 87
mythril.laser.ethereum.instructions [DEBUG]: Evaluating POP at 111
mythril.laser.ethereum.instructions [DEBUG]: Evaluating PUSH1 at 88
mythril.laser.ethereum.instructions [DEBUG]: Evaluating JUMPDEST at 91
mythril.laser.ethereum.instructions [DEBUG]: Evaluating POP at 112
mythril.laser.ethereum.instructions [DEBUG]: Evaluating DUP1 at 89
mythril.laser.ethereum.instructions [DEBUG]: Evaluating POP at 92
mythril.laser.ethereum.instructions [DEBUG]: Evaluating JUMP at 113
mythril.laser.ethereum.instructions [DEBUG]: Evaluating REVERT at 90
mythril.laser.ethereum.svm [DEBUG]: Ending transaction MessageCallTransaction 1 from sender_1 to                                        0x0.
mythril.laser.ethereum.instructions [DEBUG]: Evaluating JUMP at 93
mythril.laser.ethereum.instructions [DEBUG]: Evaluating JUMPDEST at 46
mythril.laser.ethereum.instructions [DEBUG]: Evaluating JUMPDEST at 46
mythril.analysis.module.base [DEBUG]: Entering analysis module: IntegerArithmetics
mythril.analysis.module.base [DEBUG]: Exiting analysis module: IntegerArithmetics
mythril.analysis.module.base [DEBUG]: Entering analysis module: UncheckedRetval
mythril.analysis.module.base [DEBUG]: Exiting analysis module: UncheckedRetval
mythril.laser.ethereum.instructions [DEBUG]: Evaluating STOP at 47
mythril.laser.ethereum.svm [DEBUG]: Ending transaction MessageCallTransaction 1 from sender_1 to                                        0x0.
mythril.analysis.module.base [DEBUG]: Entering analysis module: IntegerArithmetics
mythril.analysis.module.base [DEBUG]: Exiting analysis module: IntegerArithmetics
mythril.analysis.module.base [DEBUG]: Entering analysis module: UncheckedRetval
mythril.analysis.module.base [DEBUG]: Exiting analysis module: UncheckedRetval
mythril.laser.ethereum.instructions [DEBUG]: Evaluating STOP at 47
mythril.laser.ethereum.svm [DEBUG]: Ending transaction MessageCallTransaction 1 from sender_1 to                                        0x0.
mythril.laser.plugin.plugins.coverage.coverage_plugin [INFO]: Number of new instructions covered in tx 0: 114
mythril.laser.ethereum.svm [INFO]: Starting message call transaction, iteration: 1, 2 initial states
mythril.laser.ethereum.instructions [DEBUG]: Evaluating PUSH1 at 0
mythril.laser.ethereum.instructions [DEBUG]: Evaluating PUSH1 at 0
mythril.laser.ethereum.instructions [DEBUG]: Evaluating PUSH1 at 1
mythril.laser.ethereum.instructions [DEBUG]: Evaluating PUSH1 at 1
mythril.laser.ethereum.instructions [DEBUG]: Evaluating MSTORE at 2
mythril.laser.ethereum.instructions [DEBUG]: Evaluating MSTORE at 2
mythril.laser.ethereum.instructions [DEBUG]: Evaluating PUSH1 at 3
mythril.laser.ethereum.instructions [DEBUG]: Evaluating PUSH1 at 3
mythril.laser.ethereum.instructions [DEBUG]: Evaluating CALLDATASIZE at 4
mythril.laser.ethereum.instructions [DEBUG]: Evaluating CALLDATASIZE at 4
mythril.laser.ethereum.instructions [DEBUG]: Evaluating LT at 5
mythril.laser.ethereum.instructions [DEBUG]: Evaluating LT at 5
mythril.laser.ethereum.instructions [DEBUG]: Evaluating PUSH2 at 6
mythril.laser.ethereum.instructions [DEBUG]: Evaluating PUSH2 at 6
mythril.analysis.module.base [DEBUG]: Entering analysis module: TxOrigin
mythril.analysis.module.base [DEBUG]: Exiting analysis module: TxOrigin
mythril.analysis.module.base [DEBUG]: Entering analysis module: IntegerArithmetics
mythril.analysis.module.base [DEBUG]: Exiting analysis module: IntegerArithmetics
mythril.laser.ethereum.instructions [DEBUG]: Evaluating JUMPI at 7
mythril.analysis.module.base [DEBUG]: Entering analysis module: TxOrigin
mythril.analysis.module.base [DEBUG]: Exiting analysis module: TxOrigin
mythril.analysis.module.base [DEBUG]: Entering analysis module: IntegerArithmetics
mythril.analysis.module.base [DEBUG]: Exiting analysis module: IntegerArithmetics
mythril.laser.ethereum.instructions [DEBUG]: Evaluating JUMPI at 7
mythril.laser.ethereum.instructions [DEBUG]: Evaluating PUSH4 at 8
mythril.laser.ethereum.instructions [DEBUG]: Evaluating JUMPDEST at 24
mythril.laser.ethereum.instructions [DEBUG]: Evaluating PUSH4 at 8
mythril.laser.ethereum.instructions [DEBUG]: Evaluating JUMPDEST at 24
mythril.laser.ethereum.instructions [DEBUG]: Evaluating PUSH29 at 9
mythril.laser.ethereum.instructions [DEBUG]: Evaluating PUSH1 at 25
mythril.laser.ethereum.instructions [DEBUG]: Evaluating PUSH29 at 9
mythril.laser.ethereum.instructions [DEBUG]: Evaluating PUSH1 at 25
mythril.laser.ethereum.instructions [DEBUG]: Evaluating PUSH1 at 10
mythril.laser.ethereum.instructions [DEBUG]: Evaluating DUP1 at 26
mythril.laser.ethereum.instructions [DEBUG]: Evaluating PUSH1 at 10
mythril.laser.ethereum.instructions [DEBUG]: Evaluating DUP1 at 26
mythril.laser.ethereum.instructions [DEBUG]: Evaluating CALLDATALOAD at 11
mythril.laser.ethereum.instructions [DEBUG]: Evaluating REVERT at 27
mythril.laser.ethereum.svm [DEBUG]: Ending transaction MessageCallTransaction 2 from sender_2 to                                        0x0.
mythril.laser.ethereum.instructions [DEBUG]: Evaluating CALLDATALOAD at 11
mythril.laser.ethereum.instructions [DEBUG]: Evaluating REVERT at 27
mythril.laser.ethereum.svm [DEBUG]: Ending transaction MessageCallTransaction 3 from sender_3 to                                        0x0.
mythril.laser.ethereum.instructions [DEBUG]: Evaluating DIV at 12
mythril.laser.ethereum.instructions [DEBUG]: Evaluating DIV at 12
mythril.laser.ethereum.instructions [DEBUG]: Evaluating AND at 13
mythril.laser.ethereum.instructions [DEBUG]: Evaluating AND at 13
mythril.laser.ethereum.instructions [DEBUG]: Evaluating PUSH4 at 14
mythril.laser.ethereum.instructions [DEBUG]: Evaluating PUSH4 at 14
mythril.laser.ethereum.instructions [DEBUG]: Evaluating DUP2 at 15
mythril.laser.ethereum.instructions [DEBUG]: Evaluating DUP2 at 15
mythril.laser.ethereum.instructions [DEBUG]: Evaluating EQ at 16
mythril.laser.ethereum.instructions [DEBUG]: Evaluating EQ at 16
mythril.laser.ethereum.instructions [DEBUG]: Evaluating PUSH2 at 17
mythril.laser.ethereum.instructions [DEBUG]: Evaluating PUSH2 at 17
mythril.analysis.module.base [DEBUG]: Entering analysis module: TxOrigin
mythril.analysis.module.base [DEBUG]: Exiting analysis module: TxOrigin
mythril.analysis.module.base [DEBUG]: Entering analysis module: IntegerArithmetics
mythril.analysis.module.base [DEBUG]: Exiting analysis module: IntegerArithmetics
mythril.laser.ethereum.instructions [DEBUG]: Evaluating JUMPI at 18
mythril.analysis.module.base [DEBUG]: Entering analysis module: TxOrigin
mythril.analysis.module.base [DEBUG]: Exiting analysis module: TxOrigin
mythril.analysis.module.base [DEBUG]: Entering analysis module: IntegerArithmetics
mythril.analysis.module.base [DEBUG]: Exiting analysis module: IntegerArithmetics
mythril.laser.ethereum.instructions [DEBUG]: Evaluating JUMPI at 18
mythril.laser.ethereum.instructions [DEBUG]: Evaluating DUP1 at 19
mythril.laser.ethereum.instructions [DEBUG]: Evaluating JUMPDEST at 28
mythril.laser.ethereum.instructions [DEBUG]: Evaluating DUP1 at 19
mythril.laser.ethereum.instructions [DEBUG]: Evaluating JUMPDEST at 28
mythril.laser.ethereum.instructions [DEBUG]: Evaluating PUSH4 at 20
mythril.laser.ethereum.instructions [DEBUG]: Evaluating CALLVALUE at 29
mythril.laser.ethereum.instructions [DEBUG]: Evaluating PUSH4 at 20
mythril.laser.ethereum.instructions [DEBUG]: Evaluating CALLVALUE at 29
mythril.laser.ethereum.instructions [DEBUG]: Evaluating EQ at 21
mythril.laser.ethereum.instructions [DEBUG]: Evaluating DUP1 at 30
mythril.laser.ethereum.instructions [DEBUG]: Evaluating EQ at 21
mythril.laser.ethereum.instructions [DEBUG]: Evaluating DUP1 at 30
mythril.laser.ethereum.instructions [DEBUG]: Evaluating PUSH2 at 22
mythril.laser.ethereum.instructions [DEBUG]: Evaluating ISZERO at 31
mythril.laser.ethereum.instructions [DEBUG]: Evaluating PUSH2 at 22
mythril.laser.ethereum.instructions [DEBUG]: Evaluating ISZERO at 31
mythril.analysis.module.base [DEBUG]: Entering analysis module: TxOrigin
mythril.analysis.module.base [DEBUG]: Exiting analysis module: TxOrigin
mythril.analysis.module.base [DEBUG]: Entering analysis module: IntegerArithmetics
mythril.analysis.module.base [DEBUG]: Exiting analysis module: IntegerArithmetics
mythril.laser.ethereum.instructions [DEBUG]: Evaluating JUMPI at 23
mythril.laser.plugin.plugins.dependency_pruner [DEBUG]: Skipping state: Storage slots set() not read in block at address 75, function
mythril.laser.ethereum.svm [DEBUG]: - Entering function MAIN:unknown
mythril.laser.ethereum.instructions [DEBUG]: Evaluating PUSH2 at 32
mythril.analysis.module.base [DEBUG]: Entering analysis module: TxOrigin
mythril.analysis.module.base [DEBUG]: Exiting analysis module: TxOrigin
mythril.analysis.module.base [DEBUG]: Entering analysis module: IntegerArithmetics
mythril.analysis.module.base [DEBUG]: Exiting analysis module: IntegerArithmetics
mythril.laser.ethereum.instructions [DEBUG]: Evaluating JUMPI at 23
mythril.laser.plugin.plugins.dependency_pruner [DEBUG]: Skipping state: Storage slots set() not read in block at address 75, function
mythril.laser.ethereum.svm [DEBUG]: - Entering function MAIN:unknown
mythril.laser.ethereum.instructions [DEBUG]: Evaluating PUSH2 at 32
mythril.laser.ethereum.instructions [DEBUG]: Evaluating JUMPDEST at 48
mythril.analysis.module.base [DEBUG]: Entering analysis module: TxOrigin
mythril.analysis.module.base [DEBUG]: Exiting analysis module: TxOrigin
mythril.analysis.module.base [DEBUG]: Entering analysis module: IntegerArithmetics
mythril.analysis.module.base [DEBUG]: Exiting analysis module: IntegerArithmetics
mythril.laser.ethereum.instructions [DEBUG]: Evaluating JUMPI at 33
mythril.laser.ethereum.instructions [DEBUG]: Evaluating JUMPDEST at 48
mythril.analysis.module.base [DEBUG]: Entering analysis module: TxOrigin
mythril.analysis.module.base [DEBUG]: Exiting analysis module: TxOrigin
mythril.analysis.module.base [DEBUG]: Entering analysis module: IntegerArithmetics
mythril.analysis.module.base [DEBUG]: Exiting analysis module: IntegerArithmetics
mythril.laser.ethereum.instructions [DEBUG]: Evaluating JUMPI at 33
mythril.laser.ethereum.instructions [DEBUG]: Evaluating CALLVALUE at 49
mythril.laser.ethereum.instructions [DEBUG]: Evaluating PUSH1 at 34
mythril.laser.ethereum.instructions [DEBUG]: Evaluating JUMPDEST at 37
mythril.laser.ethereum.instructions [DEBUG]: Evaluating CALLVALUE at 49
mythril.laser.ethereum.instructions [DEBUG]: Evaluating PUSH1 at 34
mythril.laser.ethereum.instructions [DEBUG]: Evaluating JUMPDEST at 37
mythril.laser.ethereum.instructions [DEBUG]: Evaluating DUP1 at 50
mythril.laser.ethereum.instructions [DEBUG]: Evaluating DUP1 at 35
mythril.laser.ethereum.instructions [DEBUG]: Evaluating POP at 38
mythril.laser.ethereum.instructions [DEBUG]: Evaluating DUP1 at 50
mythril.laser.ethereum.instructions [DEBUG]: Evaluating DUP1 at 35
mythril.laser.ethereum.instructions [DEBUG]: Evaluating POP at 38
mythril.laser.ethereum.instructions [DEBUG]: Evaluating ISZERO at 51
mythril.laser.ethereum.instructions [DEBUG]: Evaluating REVERT at 36
mythril.laser.ethereum.svm [DEBUG]: Ending transaction MessageCallTransaction 2 from sender_2 to                                        0x0.
mythril.laser.ethereum.instructions [DEBUG]: Evaluating PUSH2 at 39
mythril.laser.ethereum.instructions [DEBUG]: Evaluating ISZERO at 51
mythril.laser.ethereum.instructions [DEBUG]: Evaluating REVERT at 36
mythril.laser.ethereum.svm [DEBUG]: Ending transaction MessageCallTransaction 3 from sender_3 to                                        0x0.
mythril.laser.ethereum.instructions [DEBUG]: Evaluating PUSH2 at 39
mythril.laser.ethereum.instructions [DEBUG]: Evaluating PUSH2 at 52
mythril.laser.ethereum.instructions [DEBUG]: Evaluating PUSH20 at 40
mythril.laser.ethereum.instructions [DEBUG]: Evaluating PUSH2 at 52
mythril.laser.ethereum.instructions [DEBUG]: Evaluating PUSH20 at 40
mythril.analysis.module.base [DEBUG]: Entering analysis module: TxOrigin
mythril.analysis.module.base [DEBUG]: Exiting analysis module: TxOrigin
mythril.analysis.module.base [DEBUG]: Entering analysis module: IntegerArithmetics
mythril.analysis.module.base [DEBUG]: Exiting analysis module: IntegerArithmetics
mythril.laser.ethereum.instructions [DEBUG]: Evaluating JUMPI at 53
mythril.laser.ethereum.instructions [DEBUG]: Evaluating PUSH1 at 41
mythril.analysis.module.base [DEBUG]: Entering analysis module: TxOrigin
mythril.analysis.module.base [DEBUG]: Exiting analysis module: TxOrigin
mythril.analysis.module.base [DEBUG]: Entering analysis module: IntegerArithmetics
mythril.analysis.module.base [DEBUG]: Exiting analysis module: IntegerArithmetics
mythril.laser.ethereum.instructions [DEBUG]: Evaluating JUMPI at 53
mythril.laser.ethereum.instructions [DEBUG]: Evaluating PUSH1 at 41
mythril.laser.ethereum.instructions [DEBUG]: Evaluating PUSH1 at 54
mythril.laser.ethereum.instructions [DEBUG]: Evaluating JUMPDEST at 57
mythril.laser.ethereum.instructions [DEBUG]: Evaluating CALLDATALOAD at 42
mythril.laser.ethereum.instructions [DEBUG]: Evaluating PUSH1 at 54
mythril.laser.ethereum.instructions [DEBUG]: Evaluating JUMPDEST at 57
mythril.laser.ethereum.instructions [DEBUG]: Evaluating CALLDATALOAD at 42
mythril.laser.ethereum.instructions [DEBUG]: Evaluating DUP1 at 55
mythril.laser.ethereum.instructions [DEBUG]: Evaluating POP at 58
mythril.laser.ethereum.instructions [DEBUG]: Evaluating AND at 43
mythril.laser.ethereum.instructions [DEBUG]: Evaluating DUP1 at 55
mythril.laser.ethereum.instructions [DEBUG]: Evaluating POP at 58
mythril.laser.ethereum.instructions [DEBUG]: Evaluating AND at 43
mythril.laser.ethereum.instructions [DEBUG]: Evaluating REVERT at 56
mythril.laser.ethereum.svm [DEBUG]: Ending transaction MessageCallTransaction 2 from sender_2 to                                        0x0.
mythril.laser.ethereum.instructions [DEBUG]: Evaluating PUSH2 at 59
mythril.laser.ethereum.instructions [DEBUG]: Evaluating PUSH2 at 44
mythril.laser.ethereum.instructions [DEBUG]: Evaluating REVERT at 56
mythril.laser.ethereum.svm [DEBUG]: Ending transaction MessageCallTransaction 3 from sender_3 to                                        0x0.
mythril.laser.ethereum.instructions [DEBUG]: Evaluating PUSH2 at 59
mythril.laser.ethereum.instructions [DEBUG]: Evaluating PUSH2 at 44
mythril.laser.ethereum.instructions [DEBUG]: Evaluating PUSH20 at 60
mythril.laser.ethereum.instructions [DEBUG]: Evaluating JUMP at 45
mythril.laser.ethereum.instructions [DEBUG]: Evaluating PUSH20 at 60
mythril.laser.ethereum.instructions [DEBUG]: Evaluating JUMP at 45
mythril.laser.ethereum.instructions [DEBUG]: Evaluating PUSH1 at 61
mythril.laser.ethereum.instructions [DEBUG]: Evaluating JUMPDEST at 66
mythril.laser.ethereum.instructions [DEBUG]: Evaluating PUSH1 at 61
mythril.laser.ethereum.instructions [DEBUG]: Evaluating JUMPDEST at 66
mythril.laser.ethereum.instructions [DEBUG]: Evaluating CALLDATALOAD at 62
mythril.laser.ethereum.instructions [DEBUG]: Evaluating PUSH1 at 67
mythril.laser.ethereum.instructions [DEBUG]: Evaluating CALLDATALOAD at 62
mythril.laser.ethereum.instructions [DEBUG]: Evaluating PUSH1 at 67
mythril.laser.ethereum.instructions [DEBUG]: Evaluating AND at 63
mythril.laser.ethereum.instructions [DEBUG]: Evaluating MLOAD at 68
mythril.laser.ethereum.instructions [DEBUG]: Evaluating AND at 63
mythril.laser.ethereum.instructions [DEBUG]: Evaluating MLOAD at 68
mythril.laser.ethereum.instructions [DEBUG]: Evaluating PUSH2 at 64
mythril.laser.ethereum.instructions [DEBUG]: Evaluating PUSH20 at 69
mythril.laser.ethereum.instructions [DEBUG]: Evaluating PUSH2 at 64
mythril.laser.ethereum.instructions [DEBUG]: Evaluating PUSH20 at 69
mythril.laser.ethereum.instructions [DEBUG]: Evaluating JUMP at 65
mythril.laser.ethereum.instructions [DEBUG]: Evaluating DUP3 at 70
mythril.laser.ethereum.instructions [DEBUG]: Evaluating JUMP at 65
mythril.laser.ethereum.instructions [DEBUG]: Evaluating DUP3 at 70
mythril.laser.ethereum.instructions [DEBUG]: Evaluating JUMPDEST at 94
mythril.laser.ethereum.instructions [DEBUG]: Evaluating AND at 71
mythril.laser.ethereum.instructions [DEBUG]: Evaluating JUMPDEST at 94
mythril.laser.ethereum.instructions [DEBUG]: Evaluating AND at 71
mythril.laser.ethereum.instructions [DEBUG]: Evaluating PUSH1 at 95
mythril.laser.ethereum.instructions [DEBUG]: Evaluating SWAP1 at 72
mythril.laser.ethereum.instructions [DEBUG]: Evaluating PUSH1 at 95
mythril.laser.ethereum.instructions [DEBUG]: Evaluating SWAP1 at 72
mythril.laser.ethereum.instructions [DEBUG]: Evaluating MLOAD at 96
mythril.laser.ethereum.instructions [DEBUG]: Evaluating PUSH1 at 73
mythril.laser.ethereum.instructions [DEBUG]: Evaluating MLOAD at 96
mythril.laser.ethereum.instructions [DEBUG]: Evaluating PUSH1 at 73
mythril.laser.ethereum.instructions [DEBUG]: Evaluating PUSH20 at 97
mythril.laser.ethereum.instructions [DEBUG]: Evaluating DUP2 at 74
mythril.laser.ethereum.instructions [DEBUG]: Evaluating PUSH20 at 97
mythril.laser.ethereum.instructions [DEBUG]: Evaluating DUP2 at 74
mythril.laser.ethereum.instructions [DEBUG]: Evaluating DUP3 at 98
mythril.laser.ethereum.instructions [DEBUG]: Evaluating DUP2 at 75
mythril.laser.ethereum.instructions [DEBUG]: Evaluating DUP3 at 98
mythril.laser.ethereum.instructions [DEBUG]: Evaluating DUP2 at 75
mythril.laser.ethereum.instructions [DEBUG]: Evaluating AND at 99
mythril.laser.ethereum.instructions [DEBUG]: Evaluating DUP2 at 76
mythril.laser.ethereum.instructions [DEBUG]: Evaluating AND at 99
mythril.laser.ethereum.instructions [DEBUG]: Evaluating DUP2 at 76
mythril.laser.ethereum.instructions [DEBUG]: Evaluating SWAP1 at 100
mythril.laser.ethereum.instructions [DEBUG]: Evaluating DUP2 at 77
mythril.laser.ethereum.instructions [DEBUG]: Evaluating SWAP1 at 100
mythril.laser.ethereum.instructions [DEBUG]: Evaluating DUP2 at 77
mythril.laser.ethereum.instructions [DEBUG]: Evaluating PUSH1 at 101
mythril.laser.ethereum.instructions [DEBUG]: Evaluating DUP7 at 78
mythril.laser.ethereum.instructions [DEBUG]: Evaluating PUSH1 at 101
mythril.laser.ethereum.instructions [DEBUG]: Evaluating DUP7 at 78
mythril.laser.ethereum.instructions [DEBUG]: Evaluating DUP2 at 102
mythril.laser.ethereum.instructions [DEBUG]: Evaluating GAS at 79
mythril.laser.ethereum.instructions [DEBUG]: Evaluating DUP2 at 102
mythril.laser.ethereum.instructions [DEBUG]: Evaluating GAS at 79
mythril.laser.ethereum.instructions [DEBUG]: Evaluating DUP2 at 103
mythril.analysis.module.base [DEBUG]: Entering analysis module: IntegerArithmetics
mythril.analysis.module.base [DEBUG]: Exiting analysis module: IntegerArithmetics
mythril.analysis.module.base [DEBUG]: Entering analysis module: StateChangeAfterCall
mythril.analysis.module.base [DEBUG]: Exiting analysis module: StateChangeAfterCall
mythril.laser.ethereum.instructions [DEBUG]: Evaluating CALL at 80
mythril.laser.ethereum.call [DEBUG]: Symbolic call encountered
mythril.laser.ethereum.call [DEBUG]: CALL to: Concat(0,
       If(2_calldatasize <= 16, 0, 2_calldata[16]),
       If(2_calldatasize <= 17, 0, 2_calldata[17]),
       If(2_calldatasize <= 18, 0, 2_calldata[18]),
       If(2_calldatasize <= 19, 0, 2_calldata[19]),
       If(2_calldatasize <= 20, 0, 2_calldata[20]),
       If(2_calldatasize <= 21, 0, 2_calldata[21]),
       If(2_calldatasize <= 22, 0, 2_calldata[22]),
       If(2_calldatasize <= 23, 0, 2_calldata[23]),
       If(2_calldatasize <= 24, 0, 2_calldata[24]),
       If(2_calldatasize <= 25, 0, 2_calldata[25]),
       If(2_calldatasize <= 26, 0, 2_calldata[26]),
       If(2_calldatasize <= 27, 0, 2_calldata[27]),
       If(2_calldatasize <= 28, 0, 2_calldata[28]),
       If(2_calldatasize <= 29, 0, 2_calldata[29]),
       If(2_calldatasize <= 30, 0, 2_calldata[30]),
       If(2_calldatasize <= 31, 0, 2_calldata[31]),
       If(2_calldatasize <= 32, 0, 2_calldata[32]),
       If(2_calldatasize <= 33, 0, 2_calldata[33]),
       If(2_calldatasize <= 34, 0, 2_calldata[34]),
       If(2_calldatasize <= 35, 0, 2_calldata[35]))
mythril.laser.ethereum.instructions [DEBUG]: The call is related to ether transfer between accounts
mythril.analysis.module.base [DEBUG]: Entering analysis module: EtherThief
mythril.analysis.module.base [DEBUG]: Exiting analysis module: EtherThief
mythril.analysis.module.base [DEBUG]: Entering analysis module: UncheckedRetval
mythril.analysis.module.modules.unchecked_retval [DEBUG]: End of call, extracting retval
mythril.analysis.module.base [DEBUG]: Exiting analysis module: UncheckedRetval
mythril.laser.ethereum.instructions [DEBUG]: Evaluating DUP2 at 103
mythril.analysis.module.base [DEBUG]: Entering analysis module: IntegerArithmetics
mythril.analysis.module.base [DEBUG]: Exiting analysis module: IntegerArithmetics
mythril.analysis.module.base [DEBUG]: Entering analysis module: StateChangeAfterCall
mythril.analysis.module.base [DEBUG]: Exiting analysis module: StateChangeAfterCall
mythril.laser.ethereum.instructions [DEBUG]: Evaluating CALL at 80
mythril.laser.ethereum.call [DEBUG]: Symbolic call encountered
mythril.laser.ethereum.call [DEBUG]: CALL to: Concat(0,
       If(3_calldatasize <= 16, 0, 3_calldata[16]),
       If(3_calldatasize <= 17, 0, 3_calldata[17]),
       If(3_calldatasize <= 18, 0, 3_calldata[18]),
       If(3_calldatasize <= 19, 0, 3_calldata[19]),
       If(3_calldatasize <= 20, 0, 3_calldata[20]),
       If(3_calldatasize <= 21, 0, 3_calldata[21]),
       If(3_calldatasize <= 22, 0, 3_calldata[22]),
       If(3_calldatasize <= 23, 0, 3_calldata[23]),
       If(3_calldatasize <= 24, 0, 3_calldata[24]),
       If(3_calldatasize <= 25, 0, 3_calldata[25]),
       If(3_calldatasize <= 26, 0, 3_calldata[26]),
       If(3_calldatasize <= 27, 0, 3_calldata[27]),
       If(3_calldatasize <= 28, 0, 3_calldata[28]),
       If(3_calldatasize <= 29, 0, 3_calldata[29]),
       If(3_calldatasize <= 30, 0, 3_calldata[30]),
       If(3_calldatasize <= 31, 0, 3_calldata[31]),
       If(3_calldatasize <= 32, 0, 3_calldata[32]),
       If(3_calldatasize <= 33, 0, 3_calldata[33]),
       If(3_calldatasize <= 34, 0, 3_calldata[34]),
       If(3_calldatasize <= 35, 0, 3_calldata[35]))
mythril.laser.ethereum.instructions [DEBUG]: The call is related to ether transfer between accounts
mythril.analysis.module.base [DEBUG]: Entering analysis module: EtherThief
mythril.analysis.module.base [DEBUG]: Exiting analysis module: EtherThief
mythril.analysis.module.base [DEBUG]: Entering analysis module: UncheckedRetval
mythril.analysis.module.modules.unchecked_retval [DEBUG]: End of call, extracting retval
mythril.analysis.module.base [DEBUG]: Exiting analysis module: UncheckedRetval
mythril.laser.ethereum.instructions [DEBUG]: Evaluating DUP2 at 104
mythril.laser.ethereum.instructions [DEBUG]: Evaluating SWAP2 at 81
mythril.laser.ethereum.instructions [DEBUG]: Evaluating DUP2 at 104
mythril.laser.ethereum.instructions [DEBUG]: Evaluating SWAP2 at 81
mythril.laser.ethereum.instructions [DEBUG]: Evaluating DUP2 at 105
mythril.laser.ethereum.instructions [DEBUG]: Evaluating POP at 82
mythril.laser.ethereum.instructions [DEBUG]: Evaluating DUP2 at 105
mythril.laser.ethereum.instructions [DEBUG]: Evaluating POP at 82
mythril.laser.ethereum.instructions [DEBUG]: Evaluating DUP7 at 106
mythril.laser.ethereum.instructions [DEBUG]: Evaluating POP at 83
mythril.laser.ethereum.instructions [DEBUG]: Evaluating DUP7 at 106
mythril.laser.ethereum.instructions [DEBUG]: Evaluating POP at 83
mythril.laser.ethereum.instructions [DEBUG]: Evaluating GAS at 107
mythril.laser.ethereum.instructions [DEBUG]: Evaluating ISZERO at 84
mythril.laser.ethereum.instructions [DEBUG]: Evaluating GAS at 107
mythril.laser.ethereum.instructions [DEBUG]: Evaluating ISZERO at 84
mythril.analysis.module.base [DEBUG]: Entering analysis module: IntegerArithmetics
mythril.analysis.module.base [DEBUG]: Exiting analysis module: IntegerArithmetics
mythril.analysis.module.base [DEBUG]: Entering analysis module: StateChangeAfterCall
mythril.analysis.module.base [DEBUG]: Exiting analysis module: StateChangeAfterCall
mythril.laser.ethereum.instructions [DEBUG]: Evaluating CALL at 108
mythril.laser.ethereum.call [DEBUG]: Symbolic call encountered
mythril.laser.ethereum.call [DEBUG]: CALL to: Concat(0,
       If(2_calldatasize <= 16, 0, 2_calldata[16]),
       If(2_calldatasize <= 17, 0, 2_calldata[17]),
       If(2_calldatasize <= 18, 0, 2_calldata[18]),
       If(2_calldatasize <= 19, 0, 2_calldata[19]),
       If(2_calldatasize <= 20, 0, 2_calldata[20]),
       If(2_calldatasize <= 21, 0, 2_calldata[21]),
       If(2_calldatasize <= 22, 0, 2_calldata[22]),
       If(2_calldatasize <= 23, 0, 2_calldata[23]),
       If(2_calldatasize <= 24, 0, 2_calldata[24]),
       If(2_calldatasize <= 25, 0, 2_calldata[25]),
       If(2_calldatasize <= 26, 0, 2_calldata[26]),
       If(2_calldatasize <= 27, 0, 2_calldata[27]),
       If(2_calldatasize <= 28, 0, 2_calldata[28]),
       If(2_calldatasize <= 29, 0, 2_calldata[29]),
       If(2_calldatasize <= 30, 0, 2_calldata[30]),
       If(2_calldatasize <= 31, 0, 2_calldata[31]),
       If(2_calldatasize <= 32, 0, 2_calldata[32]),
       If(2_calldatasize <= 33, 0, 2_calldata[33]),
       If(2_calldatasize <= 34, 0, 2_calldata[34]),
       If(2_calldatasize <= 35, 0, 2_calldata[35]))
mythril.laser.ethereum.instructions [DEBUG]: The call is related to ether transfer between accounts
mythril.analysis.module.base [DEBUG]: Entering analysis module: EtherThief
mythril.analysis.module.base [DEBUG]: Exiting analysis module: EtherThief
mythril.analysis.module.base [DEBUG]: Entering analysis module: UncheckedRetval
mythril.analysis.module.modules.unchecked_retval [DEBUG]: End of call, extracting retval
mythril.analysis.module.base [DEBUG]: Exiting analysis module: UncheckedRetval
mythril.laser.ethereum.instructions [DEBUG]: Evaluating ISZERO at 85
mythril.analysis.module.base [DEBUG]: Entering analysis module: IntegerArithmetics
mythril.analysis.module.base [DEBUG]: Exiting analysis module: IntegerArithmetics
mythril.analysis.module.base [DEBUG]: Entering analysis module: StateChangeAfterCall
mythril.analysis.module.base [DEBUG]: Exiting analysis module: StateChangeAfterCall
mythril.laser.ethereum.instructions [DEBUG]: Evaluating CALL at 108
mythril.laser.ethereum.call [DEBUG]: Symbolic call encountered
mythril.laser.ethereum.call [DEBUG]: CALL to: Concat(0,
       If(3_calldatasize <= 16, 0, 3_calldata[16]),
       If(3_calldatasize <= 17, 0, 3_calldata[17]),
       If(3_calldatasize <= 18, 0, 3_calldata[18]),
       If(3_calldatasize <= 19, 0, 3_calldata[19]),
       If(3_calldatasize <= 20, 0, 3_calldata[20]),
       If(3_calldatasize <= 21, 0, 3_calldata[21]),
       If(3_calldatasize <= 22, 0, 3_calldata[22]),
       If(3_calldatasize <= 23, 0, 3_calldata[23]),
       If(3_calldatasize <= 24, 0, 3_calldata[24]),
       If(3_calldatasize <= 25, 0, 3_calldata[25]),
       If(3_calldatasize <= 26, 0, 3_calldata[26]),
       If(3_calldatasize <= 27, 0, 3_calldata[27]),
       If(3_calldatasize <= 28, 0, 3_calldata[28]),
       If(3_calldatasize <= 29, 0, 3_calldata[29]),
       If(3_calldatasize <= 30, 0, 3_calldata[30]),
       If(3_calldatasize <= 31, 0, 3_calldata[31]),
       If(3_calldatasize <= 32, 0, 3_calldata[32]),
       If(3_calldatasize <= 33, 0, 3_calldata[33]),
       If(3_calldatasize <= 34, 0, 3_calldata[34]),
       If(3_calldatasize <= 35, 0, 3_calldata[35]))
mythril.laser.ethereum.instructions [DEBUG]: The call is related to ether transfer between accounts
mythril.analysis.module.base [DEBUG]: Entering analysis module: EtherThief
mythril.analysis.module.base [DEBUG]: Exiting analysis module: EtherThief
mythril.analysis.module.base [DEBUG]: Entering analysis module: UncheckedRetval
mythril.analysis.module.modules.unchecked_retval [DEBUG]: End of call, extracting retval
mythril.analysis.module.base [DEBUG]: Exiting analysis module: UncheckedRetval
mythril.laser.ethereum.instructions [DEBUG]: Evaluating ISZERO at 85
mythril.laser.ethereum.instructions [DEBUG]: Evaluating POP at 109
mythril.laser.ethereum.instructions [DEBUG]: Evaluating PUSH2 at 86
mythril.laser.ethereum.instructions [DEBUG]: Evaluating POP at 109
mythril.laser.ethereum.instructions [DEBUG]: Evaluating PUSH2 at 86
mythril.laser.ethereum.instructions [DEBUG]: Evaluating POP at 110
mythril.analysis.module.base [DEBUG]: Entering analysis module: TxOrigin
mythril.analysis.module.base [DEBUG]: Exiting analysis module: TxOrigin
mythril.analysis.module.base [DEBUG]: Entering analysis module: IntegerArithmetics
mythril.analysis.module.base [DEBUG]: Exiting analysis module: IntegerArithmetics
mythril.laser.ethereum.instructions [DEBUG]: Evaluating JUMPI at 87
mythril.laser.ethereum.instructions [DEBUG]: Evaluating POP at 110
mythril.analysis.module.base [DEBUG]: Entering analysis module: TxOrigin
mythril.analysis.module.base [DEBUG]: Exiting analysis module: TxOrigin
mythril.analysis.module.base [DEBUG]: Entering analysis module: IntegerArithmetics
mythril.analysis.module.base [DEBUG]: Exiting analysis module: IntegerArithmetics
mythril.laser.ethereum.instructions [DEBUG]: Evaluating JUMPI at 87
mythril.laser.ethereum.instructions [DEBUG]: Evaluating POP at 111
mythril.laser.ethereum.instructions [DEBUG]: Evaluating PUSH1 at 88
mythril.laser.ethereum.instructions [DEBUG]: Evaluating JUMPDEST at 91
mythril.laser.ethereum.instructions [DEBUG]: Evaluating POP at 111
mythril.laser.ethereum.instructions [DEBUG]: Evaluating PUSH1 at 88
mythril.laser.ethereum.instructions [DEBUG]: Evaluating JUMPDEST at 91
mythril.laser.ethereum.instructions [DEBUG]: Evaluating POP at 112
mythril.laser.ethereum.instructions [DEBUG]: Evaluating DUP1 at 89
mythril.laser.ethereum.instructions [DEBUG]: Evaluating POP at 92
mythril.laser.ethereum.instructions [DEBUG]: Evaluating POP at 112
mythril.laser.ethereum.instructions [DEBUG]: Evaluating DUP1 at 89
mythril.laser.ethereum.instructions [DEBUG]: Evaluating POP at 92
mythril.laser.ethereum.instructions [DEBUG]: Evaluating JUMP at 113
mythril.laser.ethereum.instructions [DEBUG]: Evaluating REVERT at 90
mythril.laser.ethereum.svm [DEBUG]: Ending transaction MessageCallTransaction 2 from sender_2 to                                        0x0.
mythril.laser.ethereum.instructions [DEBUG]: Evaluating JUMP at 93
mythril.laser.ethereum.instructions [DEBUG]: Evaluating JUMP at 113
mythril.laser.ethereum.instructions [DEBUG]: Evaluating REVERT at 90
mythril.laser.ethereum.svm [DEBUG]: Ending transaction MessageCallTransaction 3 from sender_3 to                                        0x0.
mythril.laser.ethereum.instructions [DEBUG]: Evaluating JUMP at 93
mythril.laser.ethereum.instructions [DEBUG]: Evaluating JUMPDEST at 46
mythril.laser.ethereum.instructions [DEBUG]: Evaluating JUMPDEST at 46
mythril.laser.ethereum.instructions [DEBUG]: Evaluating JUMPDEST at 46
mythril.laser.ethereum.instructions [DEBUG]: Evaluating JUMPDEST at 46
mythril.analysis.module.base [DEBUG]: Entering analysis module: IntegerArithmetics
mythril.analysis.module.base [DEBUG]: Exiting analysis module: IntegerArithmetics
mythril.analysis.module.base [DEBUG]: Entering analysis module: UncheckedRetval
mythril.analysis.module.base [DEBUG]: Exiting analysis module: UncheckedRetval
mythril.laser.ethereum.instructions [DEBUG]: Evaluating STOP at 47
mythril.laser.ethereum.svm [DEBUG]: Ending transaction MessageCallTransaction 2 from sender_2 to                                        0x0.
mythril.analysis.module.base [DEBUG]: Entering analysis module: IntegerArithmetics
mythril.analysis.module.base [DEBUG]: Exiting analysis module: IntegerArithmetics
mythril.analysis.module.base [DEBUG]: Entering analysis module: UncheckedRetval
mythril.analysis.module.base [DEBUG]: Exiting analysis module: UncheckedRetval
mythril.laser.ethereum.instructions [DEBUG]: Evaluating STOP at 47
mythril.laser.ethereum.svm [DEBUG]: Ending transaction MessageCallTransaction 2 from sender_2 to                                        0x0.
mythril.analysis.module.base [DEBUG]: Entering analysis module: IntegerArithmetics
mythril.analysis.module.base [DEBUG]: Exiting analysis module: IntegerArithmetics
mythril.analysis.module.base [DEBUG]: Entering analysis module: UncheckedRetval
mythril.analysis.module.base [DEBUG]: Exiting analysis module: UncheckedRetval
mythril.laser.ethereum.instructions [DEBUG]: Evaluating STOP at 47
mythril.laser.ethereum.svm [DEBUG]: Ending transaction MessageCallTransaction 3 from sender_3 to                                        0x0.
mythril.analysis.module.base [DEBUG]: Entering analysis module: IntegerArithmetics
mythril.analysis.module.base [DEBUG]: Exiting analysis module: IntegerArithmetics
mythril.analysis.module.base [DEBUG]: Entering analysis module: UncheckedRetval
mythril.analysis.module.base [DEBUG]: Exiting analysis module: UncheckedRetval
mythril.laser.ethereum.instructions [DEBUG]: Evaluating STOP at 47
mythril.laser.ethereum.svm [DEBUG]: Ending transaction MessageCallTransaction 3 from sender_3 to                                        0x0.
mythril.laser.plugin.plugins.coverage.coverage_plugin [INFO]: Number of new instructions covered in tx 1: 0
mythril.laser.ethereum.svm [INFO]: Finished symbolic execution
mythril.laser.plugin.plugins.coverage.coverage_plugin [INFO]: Achieved 99.13% coverage for code: 60806040526004361061004b5763ffffffff7c01000000000000000000000000000000000000000000000000000000006000350416637536185e8114610050578063bf9bd6cb14610080575b600080fd5b34801561005c57600080fd5b5061007e73ffffffffffffffffffffffffffffffffffffffff600435166100ae565b005b34801561008c57600080fd5b5061007e73ffffffffffffffffffffffffffffffffffffffff600435166100e3565b60405173ffffffffffffffffffffffffffffffffffffffff821690600081818181865af191505015156100e057600080fd5b50565b60405173ffffffffffffffffffffffffffffffffffffffff821690600081818181865af1505050505600a165627a7a7230582093780048025d15e59dd3495e0b40740e4c0b0edb235a77f2de1842b498b2333f0029
mythril.laser.plugin.plugins.instruction_profiler [INFO]: Total: 0.3201107978820801 s
[AND         ]   1.2776 %,  nr     15,  total   0.0041 s,  avg   0.0003 s,  min   0.0002 s,  max   0.0003 s
[CALL        ]  28.2995 %,  nr      6,  total   0.0906 s,  avg   0.0151 s,  min   0.0146 s,  max   0.0156 s
[CALLDATALOAD]  18.3106 %,  nr      9,  total   0.0586 s,  avg   0.0065 s,  min   0.0061 s,  max   0.0074 s
[CALLDATASIZE]   0.2696 %,  nr      3,  total   0.0009 s,  avg   0.0003 s,  min   0.0003 s,  max   0.0003 s
[CALLVALUE   ]   0.5267 %,  nr      6,  total   0.0017 s,  avg   0.0003 s,  min   0.0002 s,  max   0.0005 s
[DIV         ]   0.3562 %,  nr      3,  total   0.0011 s,  avg   0.0004 s,  min   0.0003 s,  max   0.0004 s
[DUP1        ]   1.9069 %,  nr     22,  total   0.0061 s,  avg   0.0003 s,  min   0.0002 s,  max   0.0005 s
[DUP2        ]   2.2345 %,  nr     27,  total   0.0072 s,  avg   0.0003 s,  min   0.0002 s,  max   0.0006 s
[DUP3        ]   0.4496 %,  nr      6,  total   0.0014 s,  avg   0.0002 s,  min   0.0002 s,  max   0.0003 s
[DUP7        ]   0.4130 %,  nr      6,  total   0.0013 s,  avg   0.0002 s,  min   0.0002 s,  max   0.0002 s
[EQ          ]   0.4846 %,  nr      6,  total   0.0016 s,  avg   0.0003 s,  min   0.0002 s,  max   0.0003 s
[GAS         ]   0.4436 %,  nr      6,  total   0.0014 s,  avg   0.0002 s,  min   0.0002 s,  max   0.0003 s
[ISZERO      ]   1.4707 %,  nr     12,  total   0.0047 s,  avg   0.0004 s,  min   0.0003 s,  max   0.0006 s
[JUMP        ]   1.7571 %,  nr     12,  total   0.0056 s,  avg   0.0005 s,  min   0.0004 s,  max   0.0005 s
[JUMPDEST    ]   2.4611 %,  nr     31,  total   0.0079 s,  avg   0.0003 s,  min   0.0002 s,  max   0.0005 s
[JUMPI       ]   5.2963 %,  nr     18,  total   0.0170 s,  avg   0.0009 s,  min   0.0008 s,  max   0.0017 s
[LT          ]   0.2637 %,  nr      3,  total   0.0008 s,  avg   0.0003 s,  min   0.0003 s,  max   0.0003 s
[MLOAD       ]  13.4428 %,  nr      6,  total   0.0430 s,  avg   0.0072 s,  min   0.0070 s,  max   0.0073 s
[MSTORE      ]   8.3746 %,  nr      3,  total   0.0268 s,  avg   0.0089 s,  min   0.0088 s,  max   0.0090 s
[POP         ]   2.1452 %,  nr     27,  total   0.0069 s,  avg   0.0003 s,  min   0.0002 s,  max   0.0006 s
[PUSH1       ]   4.3331 %,  nr     43,  total   0.0139 s,  avg   0.0003 s,  min   0.0002 s,  max   0.0007 s
[PUSH2       ]   2.6988 %,  nr     30,  total   0.0086 s,  avg   0.0003 s,  min   0.0002 s,  max   0.0005 s
[PUSH20      ]   0.9913 %,  nr     12,  total   0.0032 s,  avg   0.0003 s,  min   0.0002 s,  max   0.0003 s
[PUSH29      ]   0.2314 %,  nr      3,  total   0.0007 s,  avg   0.0002 s,  min   0.0002 s,  max   0.0003 s
[PUSH4       ]   0.8792 %,  nr      9,  total   0.0028 s,  avg   0.0003 s,  min   0.0002 s,  max   0.0005 s
[SWAP1       ]   0.4195 %,  nr      6,  total   0.0013 s,  avg   0.0002 s,  min   0.0002 s,  max   0.0002 s
[SWAP2       ]   0.2628 %,  nr      3,  total   0.0008 s,  avg   0.0003 s,  min   0.0003 s,  max   0.0003 s

mythril.analysis.security [INFO]: Starting analysis
mythril.analysis.security [DEBUG]: Retrieving results for Caller can write to arbitrary storage locations
mythril.analysis.security [DEBUG]: Retrieving results for Delegatecall to a user-specified address
mythril.analysis.security [DEBUG]: Retrieving results for Control flow depends on tx.origin
mythril.analysis.security [DEBUG]: Retrieving results for Any sender can withdraw ETH from the contract account
mythril.analysis.security [DEBUG]: Retrieving results for Integer overflow or underflow
mythril.analysis.security [DEBUG]: Retrieving results for State change after an external call
mythril.analysis.security [DEBUG]: Retrieving results for Contract can be accidentally killed by anyone
mythril.analysis.security [DEBUG]: Retrieving results for Return value of an external call is not checked
mythril.mythril.mythril_analyzer [INFO]: Solver statistics: 
Query count: 80 
Solver time: 2.560229778289795
{"error": null, "issues": [{"address": 263, "contract": "MAIN", "description": "The return value of a message call is not checked.\nExternal calls return a boolean value. If the callee halts with an exception, 'false' is returned and execution continues in the caller. The caller should check whether an exception happened and react accordingly to avoid unexpected behavior. For example it is often desirable to wrap external calls in require() so the transaction is reverted if the call fails.", "function": "_function_0xbf9bd6cb", "max_gas_used": 35098, "min_gas_used": 910, "severity": "Medium", "sourceMap": 263, "swc-id": "104", "title": "Unchecked return value from external call.", "tx_sequence": {"initialState": {"accounts": {"0x0": {"balance": "0x40000000001", "code": "60806040526004361061004b5763ffffffff7c01000000000000000000000000000000000000000000000000000000006000350416637536185e8114610050578063bf9bd6cb14610080575b600080fd5b34801561005c57600080fd5b5061007e73ffffffffffffffffffffffffffffffffffffffff600435166100ae565b005b34801561008c57600080fd5b5061007e73ffffffffffffffffffffffffffffffffffffffff600435166100e3565b60405173ffffffffffffffffffffffffffffffffffffffff821690600081818181865af191505015156100e057600080fd5b50565b60405173ffffffffffffffffffffffffffffffffffffffff821690600081818181865af1505050505600a165627a7a7230582093780048025d15e59dd3495e0b40740e4c0b0edb235a77f2de1842b498b2333f0029", "nonce": 0, "storage": "{}"}, "0xdeadbeefdeadbeefdeadbeefdeadbeefdeadbeef": {"balance": "0x0", "code": "", "nonce": 0, "storage": "{}"}}}, "steps": [{"address": "0x0", "calldata": "0x7536185e", "input": "0x7536185e", "name": "unknown", "origin": "0xaaaaaaaaaaaaaaaaaaaaaaaaaaaaaaaaaaaaaaaa", "value": "0x0"}, {"address": "0x0", "calldata": "0xbf9bd6cb", "input": "0xbf9bd6cb", "name": "unknown", "origin": "0xaaaaaaaaaaaaaaaaaaaaaaaaaaaaaaaaaaaaaaaa", "value": "0x0"}]}}], "success": true}
