 ______     __         __  __     ______     __     __  __     __    __    
/\  ___\   /\ \       /\ \_\ \   /\  ___\   /\ \   /\ \/\ \   /\ "-./  \   
\ \  __\   \ \ \____  \ \____ \  \ \___  \  \ \ \  \ \ \_\ \  \ \ \-./\ \  
 \ \_____\  \ \_____\  \/\_____\  \/\_____\  \ \_\  \ \_____\  \ \_\ \ \_\ 
  \/_____/   \/_____/   \/_____/   \/_____/   \/_/   \/_____/   \/_/  \/_/ 
                                                                           
Compiling source code...
Retrieving bytecode for contract 'SimpleSuicide'.
Please wait. Scanning bytecode for bugs...
Running Osiris...
Finished running Osiris. Execution time 0.46924638748168945 seconds. Code coverage 95.3%.
Running Oyente...
Finished running Oyente. Execution time 0.4845397472381592 seconds. Code coverage 95.3%.
Running Mythril...
Finished running Mythril. Execution time 1.5016505718231201 seconds. Code coverage 93.02%.
Detected 1 bug(s):
--> Detected 'suicidal' bug at program counter address 89 (0x59) using Mythril with a code coverage of 93.02%.
Exporting original control-flow graph...
Recovering control-flow graph...
Recovered 89% of the control-flow graph
Number of execution paths accessing storage: 0
Runtime bytecode size: 126 bytes (original: 91 bytes) 38.46153846153846% increase.
Metadata: 0xa165627a7a7230582043a333dbde2a0c11af7ab97b06c6154218345e8cc45cd98a6f4aed1e86c8220c0029
Exporting patched control-flow graph...
