 ______     __         __  __     ______     __     __  __     __    __    
/\  ___\   /\ \       /\ \_\ \   /\  ___\   /\ \   /\ \/\ \   /\ "-./  \   
\ \  __\   \ \ \____  \ \____ \  \ \___  \  \ \ \  \ \ \_\ \  \ \ \-./\ \  
 \ \_____\  \ \_____\  \/\_____\  \/\_____\  \ \_\  \ \_____\  \ \_\ \ \_\ 
  \/_____/   \/_____/   \/_____/   \/_____/   \/_/   \/_____/   \/_/  \/_/ 
                                                                           
Compiling source code...
Retrieving bytecode for contract 'SmartBillions'.
Please wait. Scanning bytecode for bugs...
Running Osiris...
Finished running Osiris. Execution time 1804.832798242569 seconds. Code coverage 15.9%.
Running Oyente...
Finished running Oyente. Execution time 40.50733280181885 seconds. Code coverage 22.8%.
Running Mythril...
Finished running Mythril. Execution time 122.96350479125977 seconds. Code coverage 46.49%.
Detected 7 bug(s):
--> Detected 'underflow' (SUB) bug at program counter address 8570 (0x217a) using Osiris with a code coverage of 15.9%.
--> Detected 'overflow' (ADD) bug at program counter address 9400 (0x24b8) using Osiris with a code coverage of 15.9%.
--> Detected 'underflow' (SUB) bug at program counter address 9440 (0x24e0) using Osiris with a code coverage of 15.9%.
--> Detected 'overflow' (ADD) bug at program counter address 9453 (0x24ed) using Osiris with a code coverage of 15.9%.
--> Detected 'underflow' (SUB) bug at program counter address 10359 (0x2877) using Osiris with a code coverage of 15.9%.
--> Detected 'overflow' (ADD) bug at program counter address 10621 (0x297d) using Osiris with a code coverage of 15.9%.
--> Detected 'overflow' (ADD) bug at program counter address 10676 (0x29b4) using Osiris with a code coverage of 15.9%.
Exporting original control-flow graph...
Recovering control-flow graph...
Recovered 87% of the control-flow graph
Number of execution paths accessing storage: 361
Deployment bytecode size: 397 bytes (original: 397 bytes) 0.0% increase.
Runtime bytecode size: 11480 bytes (original: 11257 bytes) 1.9809896064670873% increase.
Metadata: 0xa165627a7a72305820603024127e2237b6f9bb55f47d58c798bdec81252c435bb95cebf112adc518450029
Exporting patched control-flow graph...
