 ______     __         __  __     ______     __     __  __     __    __    
/\  ___\   /\ \       /\ \_\ \   /\  ___\   /\ \   /\ \/\ \   /\ "-./  \   
\ \  __\   \ \ \____  \ \____ \  \ \___  \  \ \ \  \ \ \_\ \  \ \ \-./\ \  
 \ \_____\  \ \_____\  \/\_____\  \/\_____\  \ \_\  \ \_____\  \ \_\ \ \_\ 
  \/_____/   \/_____/   \/_____/   \/_____/   \/_/   \/_____/   \/_/  \/_/ 
                                                                           
Compiling source code...
Retrieving bytecode for contract 'Overflow_Add'.
Please wait. Scanning bytecode for bugs...
Running Osiris...
Finished running Osiris. Execution time 1.0693867206573486 seconds. Code coverage 98.9%.
Running Oyente...
Finished running Oyente. Execution time 1.3283615112304688 seconds. Code coverage 98.9%.
Running Mythril...
Finished running Mythril. Execution time 3.615152597427368 seconds. Code coverage 98.91%.
Detected 1 bug(s):
--> Detected 'overflow' (ADD) bug at program counter address 143 (0x8f) using Osiris with a code coverage of 98.9%.
Exporting original control-flow graph...
Recovering control-flow graph...
Recovered 100% of the control-flow graph
Number of execution paths accessing storage: 2
Deployment bytecode size: 36 bytes (original: 36 bytes) 0.0% increase.
Runtime bytecode size: 200 bytes (original: 154 bytes) 29.87012987012987% increase.
Metadata: 0xa165627a7a7230582044ec33731f80b791b7dcf504f3bd2d3b9d77d26a638d1fa206a8d181a2776f1c0029
Exporting patched control-flow graph...
