 ______     __         __  __     ______     __     __  __     __    __    
/\  ___\   /\ \       /\ \_\ \   /\  ___\   /\ \   /\ \/\ \   /\ "-./  \   
\ \  __\   \ \ \____  \ \____ \  \ \___  \  \ \ \  \ \ \_\ \  \ \ \-./\ \  
 \ \_____\  \ \_____\  \/\_____\  \/\_____\  \ \_\  \ \_____\  \ \_\ \ \_\ 
  \/_____/   \/_____/   \/_____/   \/_____/   \/_/   \/_____/   \/_/  \/_/ 
                                                                           
Compiling source code...
Retrieving bytecode for contract 'Wallet'.
Please wait. Scanning bytecode for bugs...
Running Osiris...
Finished running Osiris. Execution time 0.6754100322723389 seconds. Code coverage 99.6%.
Running Oyente...
Finished running Oyente. Execution time 1.0093042850494385 seconds. Code coverage 94.6%.
Running Mythril...
Finished running Mythril. Execution time 22.775083541870117 seconds. Code coverage 99.64%.
Detected 1 bug(s):
--> Detected 'leaking ether' bug at program counter address 416 (0x1a0) using Mythril with a code coverage of 99.64%.
Exporting original control-flow graph...
Recovering control-flow graph...
Recovered 100% of the control-flow graph
Number of execution paths accessing storage: 6
Runtime bytecode size: 528 bytes (original: 492 bytes) 7.317073170731708% increase.
Metadata: 0xa165627a7a72305820264ecfd9a8549488491d86f60382af2ed20d3ef0a72543b63f67f6f09ff09af20029
Exporting patched control-flow graph...
