mythril.mythril.mythril_config [INFO]: Creating mythril data directory 
mythril.mythril.mythril_config [INFO]: No config file found. Creating default: /root/.mythril/config.ini 
mythril.mythril.mythril_config [INFO]: Infura key not provided, so onchain access is disabled. Use --infura-id <INFURA_ID> or set it in the environment variable INFURA_ID or in the ~/.mythril/config.ini file 
mythril.support.signatures [INFO]: Using signature database at /root/.mythril/signatures.db
mythril.laser.ethereum.svm [INFO]: LASER EVM initialized with dynamic loader: <mythril.support.loader.DynLoader object at 0x7fd18f480e20>
mythril.laser.ethereum.strategy.extensions.bounded_loops [INFO]: Loaded search strategy extension: Loop bounds (limit = 3)
mythril.laser.plugin.loader [INFO]: Loading laser plugin: coverage
mythril.laser.plugin.loader [INFO]: Loading laser plugin: mutation-pruner
mythril.laser.plugin.loader [INFO]: Loading laser plugin: call-depth-limit
mythril.laser.plugin.loader [INFO]: Loading laser plugin: instruction-profiler
mythril.laser.plugin.loader [INFO]: Loading laser plugin: dependency-pruner
mythril.laser.plugin.loader [INFO]: Instrumenting symbolic vm with plugin: coverage
mythril.laser.plugin.loader [INFO]: Instrumenting symbolic vm with plugin: mutation-pruner
mythril.laser.plugin.loader [INFO]: Instrumenting symbolic vm with plugin: call-depth-limit
mythril.laser.plugin.loader [INFO]: Instrumenting symbolic vm with plugin: instruction-profiler
mythril.laser.plugin.loader [INFO]: Instrumenting symbolic vm with plugin: dependency-pruner
mythril.laser.ethereum.svm [DEBUG]: Starting LASER execution
mythril.laser.ethereum.svm [INFO]: Starting message call transaction to 0
mythril.laser.ethereum.svm [INFO]: Starting message call transaction, iteration: 0, 1 initial states
mythril.laser.ethereum.instructions [DEBUG]: Evaluating PUSH1 at 0
mythril.laser.ethereum.instructions [DEBUG]: Evaluating PUSH1 at 1
mythril.laser.ethereum.instructions [DEBUG]: Evaluating MSTORE at 2
mythril.laser.ethereum.instructions [DEBUG]: Evaluating PUSH1 at 3
mythril.laser.ethereum.instructions [DEBUG]: Evaluating CALLDATASIZE at 4
mythril.laser.ethereum.instructions [DEBUG]: Evaluating LT at 5
mythril.laser.ethereum.instructions [DEBUG]: Evaluating PUSH2 at 6
mythril.analysis.module.base [DEBUG]: Entering analysis module: TxOrigin
mythril.analysis.module.base [DEBUG]: Exiting analysis module: TxOrigin
mythril.analysis.module.base [DEBUG]: Entering analysis module: IntegerArithmetics
mythril.analysis.module.base [DEBUG]: Exiting analysis module: IntegerArithmetics
mythril.laser.ethereum.instructions [DEBUG]: Evaluating JUMPI at 7
mythril.laser.ethereum.instructions [DEBUG]: Evaluating PUSH4 at 8
mythril.laser.ethereum.instructions [DEBUG]: Evaluating JUMPDEST at 29
mythril.laser.ethereum.instructions [DEBUG]: Evaluating PUSH29 at 9
mythril.laser.ethereum.instructions [DEBUG]: Evaluating PUSH1 at 30
mythril.laser.ethereum.instructions [DEBUG]: Evaluating PUSH1 at 10
mythril.laser.ethereum.instructions [DEBUG]: Evaluating DUP1 at 31
mythril.laser.ethereum.instructions [DEBUG]: Evaluating CALLDATALOAD at 11
mythril.laser.ethereum.instructions [DEBUG]: Evaluating REVERT at 32
mythril.laser.ethereum.svm [DEBUG]: Ending transaction MessageCallTransaction 1 from sender_1 to                                        0x0.
mythril.laser.ethereum.instructions [DEBUG]: Evaluating DIV at 12
mythril.laser.ethereum.instructions [DEBUG]: Evaluating AND at 13
mythril.laser.ethereum.instructions [DEBUG]: Evaluating PUSH4 at 14
mythril.laser.ethereum.instructions [DEBUG]: Evaluating DUP2 at 15
mythril.laser.ethereum.instructions [DEBUG]: Evaluating EQ at 16
mythril.laser.ethereum.instructions [DEBUG]: Evaluating PUSH2 at 17
mythril.analysis.module.base [DEBUG]: Entering analysis module: TxOrigin
mythril.analysis.module.base [DEBUG]: Exiting analysis module: TxOrigin
mythril.analysis.module.base [DEBUG]: Entering analysis module: IntegerArithmetics
mythril.analysis.module.base [DEBUG]: Exiting analysis module: IntegerArithmetics
mythril.laser.ethereum.instructions [DEBUG]: Evaluating JUMPI at 18
mythril.laser.ethereum.instructions [DEBUG]: Evaluating DUP1 at 19
mythril.laser.ethereum.instructions [DEBUG]: Evaluating JUMPDEST at 33
mythril.laser.ethereum.instructions [DEBUG]: Evaluating PUSH4 at 20
mythril.laser.ethereum.instructions [DEBUG]: Evaluating CALLVALUE at 34
mythril.laser.ethereum.instructions [DEBUG]: Evaluating EQ at 21
mythril.laser.ethereum.instructions [DEBUG]: Evaluating DUP1 at 35
mythril.laser.ethereum.instructions [DEBUG]: Evaluating PUSH2 at 22
mythril.laser.ethereum.instructions [DEBUG]: Evaluating ISZERO at 36
mythril.analysis.module.base [DEBUG]: Entering analysis module: TxOrigin
mythril.analysis.module.base [DEBUG]: Exiting analysis module: TxOrigin
mythril.analysis.module.base [DEBUG]: Entering analysis module: IntegerArithmetics
mythril.analysis.module.base [DEBUG]: Exiting analysis module: IntegerArithmetics
mythril.laser.ethereum.instructions [DEBUG]: Evaluating JUMPI at 23
mythril.laser.ethereum.svm [DEBUG]: - Entering function MAIN:unknown
mythril.laser.ethereum.instructions [DEBUG]: Evaluating PUSH2 at 37
mythril.laser.ethereum.instructions [DEBUG]: Evaluating DUP1 at 24
mythril.laser.ethereum.instructions [DEBUG]: Evaluating JUMPDEST at 51
mythril.analysis.module.base [DEBUG]: Entering analysis module: TxOrigin
mythril.analysis.module.base [DEBUG]: Exiting analysis module: TxOrigin
mythril.analysis.module.base [DEBUG]: Entering analysis module: IntegerArithmetics
mythril.analysis.module.base [DEBUG]: Exiting analysis module: IntegerArithmetics
mythril.laser.ethereum.instructions [DEBUG]: Evaluating JUMPI at 38
mythril.laser.ethereum.instructions [DEBUG]: Evaluating PUSH4 at 25
mythril.laser.ethereum.instructions [DEBUG]: Evaluating CALLVALUE at 52
mythril.laser.ethereum.instructions [DEBUG]: Evaluating PUSH1 at 39
mythril.laser.ethereum.instructions [DEBUG]: Evaluating JUMPDEST at 42
mythril.laser.ethereum.instructions [DEBUG]: Evaluating EQ at 26
mythril.laser.ethereum.instructions [DEBUG]: Evaluating DUP1 at 53
mythril.laser.ethereum.instructions [DEBUG]: Evaluating DUP1 at 40
mythril.laser.ethereum.instructions [DEBUG]: Evaluating POP at 43
mythril.laser.ethereum.instructions [DEBUG]: Evaluating PUSH2 at 27
mythril.laser.ethereum.instructions [DEBUG]: Evaluating ISZERO at 54
mythril.laser.ethereum.instructions [DEBUG]: Evaluating REVERT at 41
mythril.laser.ethereum.svm [DEBUG]: Ending transaction MessageCallTransaction 1 from sender_1 to                                        0x0.
mythril.laser.ethereum.instructions [DEBUG]: Evaluating PUSH2 at 44
mythril.analysis.module.base [DEBUG]: Entering analysis module: TxOrigin
mythril.analysis.module.base [DEBUG]: Exiting analysis module: TxOrigin
mythril.analysis.module.base [DEBUG]: Entering analysis module: IntegerArithmetics
mythril.analysis.module.base [DEBUG]: Exiting analysis module: IntegerArithmetics
mythril.laser.ethereum.instructions [DEBUG]: Evaluating JUMPI at 28
mythril.laser.ethereum.svm [DEBUG]: - Entering function MAIN:unknown
mythril.laser.ethereum.instructions [DEBUG]: Evaluating PUSH2 at 55
mythril.laser.ethereum.instructions [DEBUG]: Evaluating PUSH1 at 45
mythril.laser.ethereum.instructions [DEBUG]: Evaluating JUMPDEST at 29
mythril.laser.ethereum.instructions [DEBUG]: Evaluating JUMPDEST at 69
mythril.analysis.module.base [DEBUG]: Entering analysis module: TxOrigin
mythril.analysis.module.base [DEBUG]: Exiting analysis module: TxOrigin
mythril.analysis.module.base [DEBUG]: Entering analysis module: IntegerArithmetics
mythril.analysis.module.base [DEBUG]: Exiting analysis module: IntegerArithmetics
mythril.laser.ethereum.instructions [DEBUG]: Evaluating JUMPI at 56
mythril.laser.ethereum.instructions [DEBUG]: Evaluating CALLDATALOAD at 46
mythril.laser.ethereum.instructions [DEBUG]: Evaluating PUSH1 at 30
mythril.laser.ethereum.instructions [DEBUG]: Evaluating PUSH2 at 70
mythril.laser.ethereum.instructions [DEBUG]: Evaluating PUSH1 at 57
mythril.laser.ethereum.instructions [DEBUG]: Evaluating JUMPDEST at 60
mythril.laser.ethereum.instructions [DEBUG]: Evaluating PUSH2 at 47
mythril.laser.ethereum.instructions [DEBUG]: Evaluating DUP1 at 31
mythril.laser.ethereum.instructions [DEBUG]: Evaluating PUSH2 at 71
mythril.laser.ethereum.instructions [DEBUG]: Evaluating DUP1 at 58
mythril.laser.ethereum.instructions [DEBUG]: Evaluating POP at 61
mythril.laser.ethereum.instructions [DEBUG]: Evaluating JUMP at 48
mythril.laser.ethereum.instructions [DEBUG]: Evaluating REVERT at 32
mythril.laser.ethereum.svm [DEBUG]: Ending transaction MessageCallTransaction 1 from sender_1 to                                        0x0.
mythril.laser.ethereum.instructions [DEBUG]: Evaluating JUMP at 72
mythril.laser.ethereum.instructions [DEBUG]: Evaluating REVERT at 59
mythril.laser.ethereum.svm [DEBUG]: Ending transaction MessageCallTransaction 1 from sender_1 to                                        0x0.
mythril.laser.ethereum.instructions [DEBUG]: Evaluating PUSH2 at 62
mythril.laser.ethereum.instructions [DEBUG]: Evaluating JUMPDEST at 73
mythril.laser.ethereum.instructions [DEBUG]: Evaluating JUMPDEST at 208
mythril.laser.ethereum.instructions [DEBUG]: Evaluating PUSH20 at 63
mythril.laser.ethereum.instructions [DEBUG]: Evaluating CALLER at 74
mythril.laser.ethereum.instructions [DEBUG]: Evaluating CALLER at 209
mythril.laser.ethereum.instructions [DEBUG]: Evaluating PUSH1 at 64
mythril.laser.ethereum.instructions [DEBUG]: Evaluating PUSH1 at 75
mythril.laser.ethereum.instructions [DEBUG]: Evaluating PUSH1 at 210
mythril.laser.ethereum.instructions [DEBUG]: Evaluating CALLDATALOAD at 65
mythril.laser.ethereum.instructions [DEBUG]: Evaluating SWAP1 at 76
mythril.laser.ethereum.instructions [DEBUG]: Evaluating SWAP1 at 211
mythril.laser.ethereum.instructions [DEBUG]: Evaluating AND at 66
mythril.laser.ethereum.instructions [DEBUG]: Evaluating DUP2 at 77
mythril.laser.ethereum.instructions [DEBUG]: Evaluating DUP2 at 212
mythril.laser.ethereum.instructions [DEBUG]: Evaluating PUSH2 at 67
mythril.laser.ethereum.instructions [DEBUG]: Evaluating MSTORE at 78
mythril.laser.ethereum.instructions [DEBUG]: Evaluating MSTORE at 213
mythril.laser.ethereum.instructions [DEBUG]: Evaluating JUMP at 68
mythril.laser.ethereum.instructions [DEBUG]: Evaluating PUSH1 at 79
mythril.laser.ethereum.instructions [DEBUG]: Evaluating PUSH1 at 214
mythril.laser.ethereum.instructions [DEBUG]: Evaluating JUMPDEST at 153
mythril.laser.ethereum.instructions [DEBUG]: Evaluating PUSH1 at 80
mythril.laser.ethereum.instructions [DEBUG]: Evaluating PUSH1 at 215
mythril.laser.ethereum.instructions [DEBUG]: Evaluating PUSH1 at 154
mythril.laser.ethereum.instructions [DEBUG]: Evaluating MSTORE at 81
mythril.laser.ethereum.instructions [DEBUG]: Evaluating MSTORE at 216
mythril.laser.ethereum.instructions [DEBUG]: Evaluating SLOAD at 155
mythril.laser.ethereum.instructions [DEBUG]: Evaluating PUSH1 at 82
mythril.laser.ethereum.instructions [DEBUG]: Evaluating PUSH1 at 217
mythril.laser.ethereum.instructions [DEBUG]: Evaluating PUSH20 at 156
mythril.laser.ethereum.instructions [DEBUG]: Evaluating SWAP1 at 83
mythril.laser.ethereum.instructions [DEBUG]: Evaluating SWAP1 at 218
mythril.laser.ethereum.instructions [DEBUG]: Evaluating AND at 157
mythril.laser.ethereum.instructions [DEBUG]: Evaluating SHA3 at 84
mythril.laser.ethereum.instructions [DEBUG]: Evaluating SHA3 at 219
mythril.laser.ethereum.instructions [DEBUG]: Evaluating CALLER at 158
mythril.laser.ethereum.instructions [DEBUG]: Evaluating SLOAD at 85
mythril.laser.ethereum.instructions [DEBUG]: Evaluating SLOAD at 220
mythril.laser.ethereum.instructions [DEBUG]: Evaluating EQ at 159
mythril.laser.ethereum.instructions [DEBUG]: Evaluating DUP2 at 86
mythril.laser.ethereum.instructions [DEBUG]: Evaluating CALLVALUE at 221
mythril.laser.ethereum.instructions [DEBUG]: Evaluating PUSH2 at 160
mythril.laser.ethereum.instructions [DEBUG]: Evaluating LT at 87
mythril.laser.ethereum.instructions [DEBUG]: Evaluating DUP2 at 222
mythril.analysis.module.base [DEBUG]: Entering analysis module: TxOrigin
mythril.analysis.module.base [DEBUG]: Exiting analysis module: TxOrigin
mythril.analysis.module.base [DEBUG]: Entering analysis module: IntegerArithmetics
mythril.analysis.module.base [DEBUG]: Exiting analysis module: IntegerArithmetics
mythril.laser.ethereum.instructions [DEBUG]: Evaluating JUMPI at 161
mythril.laser.ethereum.instructions [DEBUG]: Evaluating ISZERO at 88
mythril.analysis.module.base [DEBUG]: Entering analysis module: IntegerArithmetics
mythril.analysis.module.base [DEBUG]: Exiting analysis module: IntegerArithmetics
mythril.laser.ethereum.instructions [DEBUG]: Evaluating ADD at 223
mythril.laser.ethereum.instructions [DEBUG]: Evaluating PUSH1 at 162
mythril.laser.ethereum.instructions [DEBUG]: Evaluating PUSH2 at 89
mythril.laser.ethereum.instructions [DEBUG]: Evaluating GT at 224
mythril.laser.ethereum.instructions [DEBUG]: Evaluating DUP1 at 163
mythril.analysis.module.base [DEBUG]: Entering analysis module: TxOrigin
mythril.analysis.module.base [DEBUG]: Exiting analysis module: TxOrigin
mythril.analysis.module.base [DEBUG]: Entering analysis module: IntegerArithmetics
mythril.analysis.module.base [DEBUG]: Exiting analysis module: IntegerArithmetics
mythril.laser.ethereum.instructions [DEBUG]: Evaluating JUMPI at 90
mythril.laser.ethereum.instructions [DEBUG]: Pruned unreachable states.
mythril.laser.ethereum.instructions [DEBUG]: Evaluating PUSH2 at 225
mythril.laser.ethereum.instructions [DEBUG]: Evaluating REVERT at 164
mythril.laser.ethereum.svm [DEBUG]: Ending transaction MessageCallTransaction 1 from sender_1 to                                        0x0.
mythril.laser.ethereum.instructions [DEBUG]: Evaluating JUMPDEST at 94
mythril.analysis.module.base [DEBUG]: Entering analysis module: TxOrigin
mythril.analysis.module.base [DEBUG]: Exiting analysis module: TxOrigin
mythril.analysis.module.base [DEBUG]: Entering analysis module: IntegerArithmetics
mythril.analysis.module.base [DEBUG]: Exiting analysis module: IntegerArithmetics
mythril.laser.ethereum.instructions [DEBUG]: Evaluating JUMPI at 226
mythril.laser.ethereum.instructions [DEBUG]: Evaluating PUSH1 at 95
mythril.laser.ethereum.instructions [DEBUG]: Evaluating ASSERT_FAIL at 227
mythril.laser.ethereum.svm [DEBUG]: Encountered a VmException, ending path: ``
mythril.laser.ethereum.instructions [DEBUG]: Evaluating JUMPDEST at 228
mythril.laser.ethereum.instructions [DEBUG]: Evaluating MLOAD at 96
mythril.laser.ethereum.instructions [DEBUG]: Evaluating CALLER at 229
mythril.laser.ethereum.instructions [DEBUG]: Evaluating CALLER at 97
mythril.laser.ethereum.instructions [DEBUG]: Evaluating PUSH1 at 230
mythril.laser.ethereum.instructions [DEBUG]: Evaluating SWAP1 at 98
mythril.laser.ethereum.instructions [DEBUG]: Evaluating SWAP1 at 231
mythril.laser.ethereum.instructions [DEBUG]: Evaluating DUP3 at 99
mythril.laser.ethereum.instructions [DEBUG]: Evaluating DUP2 at 232
mythril.laser.ethereum.instructions [DEBUG]: Evaluating ISZERO at 100
mythril.laser.ethereum.instructions [DEBUG]: Evaluating MSTORE at 233
mythril.laser.ethereum.instructions [DEBUG]: Evaluating PUSH2 at 101
mythril.laser.ethereum.instructions [DEBUG]: Evaluating PUSH1 at 234
mythril.analysis.module.base [DEBUG]: Entering analysis module: IntegerArithmetics
mythril.analysis.module.base [DEBUG]: Exiting analysis module: IntegerArithmetics
mythril.laser.ethereum.instructions [DEBUG]: Evaluating MUL at 102
mythril.laser.ethereum.instructions [DEBUG]: Evaluating PUSH1 at 235
mythril.laser.ethereum.instructions [DEBUG]: Evaluating SWAP1 at 103
mythril.laser.ethereum.instructions [DEBUG]: Evaluating MSTORE at 236
mythril.laser.ethereum.instructions [DEBUG]: Evaluating DUP4 at 104
mythril.laser.ethereum.instructions [DEBUG]: Evaluating PUSH1 at 237
mythril.laser.ethereum.instructions [DEBUG]: Evaluating SWAP1 at 105
mythril.laser.ethereum.instructions [DEBUG]: Evaluating SWAP1 at 238
mythril.laser.ethereum.instructions [DEBUG]: Evaluating PUSH1 at 106
mythril.laser.ethereum.instructions [DEBUG]: Evaluating SHA3 at 239
mythril.laser.ethereum.instructions [DEBUG]: Evaluating DUP2 at 107
mythril.laser.ethereum.instructions [DEBUG]: Evaluating DUP1 at 240
mythril.laser.ethereum.instructions [DEBUG]: Evaluating DUP2 at 108
mythril.laser.ethereum.instructions [DEBUG]: Evaluating SLOAD at 241
mythril.laser.ethereum.instructions [DEBUG]: Evaluating DUP2 at 109
mythril.laser.ethereum.instructions [DEBUG]: Evaluating CALLVALUE at 242
mythril.laser.ethereum.instructions [DEBUG]: Evaluating DUP6 at 110
mythril.analysis.module.base [DEBUG]: Entering analysis module: IntegerArithmetics
mythril.analysis.module.base [DEBUG]: Exiting analysis module: IntegerArithmetics
mythril.laser.ethereum.instructions [DEBUG]: Evaluating ADD at 243
mythril.laser.ethereum.instructions [DEBUG]: Evaluating DUP9 at 111
mythril.laser.ethereum.instructions [DEBUG]: Evaluating SWAP1 at 244
mythril.laser.ethereum.instructions [DEBUG]: Evaluating DUP9 at 112
mythril.analysis.module.base [DEBUG]: Entering analysis module: ArbitraryStorage
mythril.analysis.module.base [DEBUG]: Exiting analysis module: ArbitraryStorage
mythril.analysis.module.base [DEBUG]: Entering analysis module: IntegerArithmetics
mythril.analysis.module.base [DEBUG]: Exiting analysis module: IntegerArithmetics
mythril.analysis.module.base [DEBUG]: Entering analysis module: StateChangeAfterCall
mythril.analysis.module.base [DEBUG]: Exiting analysis module: StateChangeAfterCall
mythril.laser.ethereum.instructions [DEBUG]: Evaluating SSTORE at 245
mythril.analysis.module.base [DEBUG]: Entering analysis module: IntegerArithmetics
mythril.analysis.module.base [DEBUG]: Exiting analysis module: IntegerArithmetics
mythril.analysis.module.base [DEBUG]: Entering analysis module: StateChangeAfterCall
mythril.analysis.module.base [DEBUG]: Exiting analysis module: StateChangeAfterCall
mythril.laser.ethereum.instructions [DEBUG]: Evaluating CALL at 113
mythril.laser.ethereum.call [DEBUG]: Symbolic call encountered
mythril.laser.ethereum.call [DEBUG]: CALL to: sender_1
mythril.laser.ethereum.instructions [DEBUG]: The call is related to ether transfer between accounts
mythril.analysis.module.base [DEBUG]: Entering analysis module: EtherThief
mythril.analysis.module.base [DEBUG]: Exiting analysis module: EtherThief
mythril.analysis.module.base [DEBUG]: Entering analysis module: UncheckedRetval
mythril.analysis.module.modules.unchecked_retval [DEBUG]: End of call, extracting retval
mythril.analysis.module.base [DEBUG]: Exiting analysis module: UncheckedRetval
mythril.laser.ethereum.instructions [DEBUG]: Evaluating JUMP at 246
mythril.laser.ethereum.instructions [DEBUG]: Evaluating SWAP4 at 114
mythril.laser.ethereum.instructions [DEBUG]: Evaluating JUMPDEST at 49
mythril.laser.ethereum.instructions [DEBUG]: Evaluating POP at 115
mythril.analysis.module.base [DEBUG]: Entering analysis module: IntegerArithmetics
mythril.analysis.module.base [DEBUG]: Exiting analysis module: IntegerArithmetics
mythril.analysis.module.base [DEBUG]: Entering analysis module: UncheckedRetval
mythril.analysis.module.base [DEBUG]: Exiting analysis module: UncheckedRetval
mythril.laser.ethereum.instructions [DEBUG]: Evaluating STOP at 50
mythril.laser.ethereum.svm [DEBUG]: Ending transaction MessageCallTransaction 1 from sender_1 to                                        0x0.
mythril.laser.ethereum.instructions [DEBUG]: Evaluating POP at 116
mythril.laser.ethereum.instructions [DEBUG]: Evaluating POP at 117
mythril.laser.ethereum.instructions [DEBUG]: Evaluating POP at 118
mythril.laser.ethereum.instructions [DEBUG]: Evaluating ISZERO at 119
mythril.laser.ethereum.instructions [DEBUG]: Evaluating DUP1 at 120
mythril.laser.ethereum.instructions [DEBUG]: Evaluating ISZERO at 121
mythril.laser.ethereum.instructions [DEBUG]: Evaluating PUSH2 at 122
mythril.analysis.module.base [DEBUG]: Entering analysis module: TxOrigin
mythril.analysis.module.base [DEBUG]: Exiting analysis module: TxOrigin
mythril.analysis.module.base [DEBUG]: Entering analysis module: IntegerArithmetics
mythril.analysis.module.base [DEBUG]: Exiting analysis module: IntegerArithmetics
mythril.laser.ethereum.instructions [DEBUG]: Evaluating JUMPI at 123
mythril.laser.ethereum.instructions [DEBUG]: Evaluating RETURNDATASIZE at 124
mythril.laser.ethereum.instructions [DEBUG]: No last_return_data found, adding an unconstrained bitvec to the stack
mythril.laser.ethereum.instructions [DEBUG]: Evaluating JUMPDEST at 131
mythril.laser.ethereum.instructions [DEBUG]: Evaluating PUSH1 at 125
mythril.laser.ethereum.instructions [DEBUG]: Evaluating POP at 132
mythril.laser.ethereum.instructions [DEBUG]: Evaluating DUP1 at 126
mythril.laser.ethereum.instructions [DEBUG]: Evaluating CALLER at 133
mythril.laser.ethereum.instructions [DEBUG]: Evaluating RETURNDATACOPY at 127
mythril.laser.ethereum.instructions [DEBUG]: Unsupported symbolic max_length offset in RETURNDATACOPY
mythril.laser.ethereum.instructions [DEBUG]: Evaluating PUSH1 at 134
mythril.laser.ethereum.instructions [DEBUG]: Evaluating RETURNDATASIZE at 128
mythril.laser.ethereum.instructions [DEBUG]: No last_return_data found, adding an unconstrained bitvec to the stack
mythril.laser.ethereum.instructions [DEBUG]: Evaluating SWAP1 at 135
mythril.laser.ethereum.instructions [DEBUG]: Evaluating PUSH1 at 129
mythril.laser.ethereum.instructions [DEBUG]: Evaluating DUP2 at 136
mythril.laser.ethereum.instructions [DEBUG]: Evaluating REVERT at 130
mythril.laser.ethereum.instructions [DEBUG]: Return with symbolic length or offset. Not supported
mythril.laser.ethereum.svm [DEBUG]: Ending transaction MessageCallTransaction 1 from sender_1 to                                        0x0.
mythril.laser.ethereum.instructions [DEBUG]: Evaluating MSTORE at 137
mythril.laser.ethereum.instructions [DEBUG]: Evaluating PUSH1 at 138
mythril.laser.ethereum.instructions [DEBUG]: Evaluating PUSH1 at 139
mythril.laser.ethereum.instructions [DEBUG]: Evaluating MSTORE at 140
mythril.laser.ethereum.instructions [DEBUG]: Evaluating PUSH1 at 141
mythril.laser.ethereum.instructions [DEBUG]: Evaluating SWAP1 at 142
mythril.laser.ethereum.instructions [DEBUG]: Evaluating SHA3 at 143
mythril.laser.ethereum.instructions [DEBUG]: Evaluating DUP1 at 144
mythril.laser.ethereum.instructions [DEBUG]: Evaluating SLOAD at 145
mythril.laser.ethereum.instructions [DEBUG]: Evaluating SWAP2 at 146
mythril.laser.ethereum.instructions [DEBUG]: Evaluating SWAP1 at 147
mythril.laser.ethereum.instructions [DEBUG]: Evaluating SWAP2 at 148
mythril.analysis.module.base [DEBUG]: Entering analysis module: IntegerArithmetics
mythril.analysis.module.base [DEBUG]: Exiting analysis module: IntegerArithmetics
mythril.laser.ethereum.instructions [DEBUG]: Evaluating SUB at 149
mythril.laser.ethereum.instructions [DEBUG]: Evaluating SWAP1 at 150
mythril.analysis.module.base [DEBUG]: Entering analysis module: ArbitraryStorage
mythril.analysis.module.base [DEBUG]: Exiting analysis module: ArbitraryStorage
mythril.analysis.module.base [DEBUG]: Entering analysis module: IntegerArithmetics
mythril.analysis.module.base [DEBUG]: Exiting analysis module: IntegerArithmetics
mythril.analysis.module.base [DEBUG]: Entering analysis module: StateChangeAfterCall
mythril.analysis.module.base [DEBUG]: Exiting analysis module: StateChangeAfterCall
mythril.laser.ethereum.instructions [DEBUG]: Evaluating SSTORE at 151
mythril.laser.ethereum.instructions [DEBUG]: Evaluating JUMP at 152
mythril.laser.ethereum.instructions [DEBUG]: Evaluating JUMPDEST at 49
mythril.analysis.module.base [DEBUG]: Entering analysis module: IntegerArithmetics
mythril.analysis.module.modules.integer [DEBUG]: Checking overflow in STOP at transaction end address 116, ostate address 266
mythril.analysis.module.base [DEBUG]: Exiting analysis module: IntegerArithmetics
mythril.analysis.module.base [DEBUG]: Entering analysis module: UncheckedRetval
mythril.analysis.module.base [DEBUG]: Exiting analysis module: UncheckedRetval
mythril.laser.ethereum.instructions [DEBUG]: Evaluating STOP at 50
mythril.laser.ethereum.svm [DEBUG]: Ending transaction MessageCallTransaction 1 from sender_1 to                                        0x0.
mythril.laser.plugin.plugins.coverage.coverage_plugin [INFO]: Number of new instructions covered in tx 0: 201
mythril.laser.ethereum.svm [INFO]: Starting message call transaction, iteration: 1, 2 initial states
mythril.laser.ethereum.instructions [DEBUG]: Evaluating PUSH1 at 0
mythril.laser.ethereum.instructions [DEBUG]: Evaluating PUSH1 at 0
mythril.laser.ethereum.instructions [DEBUG]: Evaluating PUSH1 at 1
mythril.laser.ethereum.instructions [DEBUG]: Evaluating PUSH1 at 1
mythril.laser.ethereum.instructions [DEBUG]: Evaluating MSTORE at 2
mythril.laser.ethereum.instructions [DEBUG]: Evaluating MSTORE at 2
mythril.laser.ethereum.instructions [DEBUG]: Evaluating PUSH1 at 3
mythril.laser.ethereum.instructions [DEBUG]: Evaluating PUSH1 at 3
mythril.laser.ethereum.instructions [DEBUG]: Evaluating CALLDATASIZE at 4
mythril.laser.ethereum.instructions [DEBUG]: Evaluating CALLDATASIZE at 4
mythril.laser.ethereum.instructions [DEBUG]: Evaluating LT at 5
mythril.laser.ethereum.instructions [DEBUG]: Evaluating LT at 5
mythril.laser.ethereum.instructions [DEBUG]: Evaluating PUSH2 at 6
mythril.laser.ethereum.instructions [DEBUG]: Evaluating PUSH2 at 6
mythril.analysis.module.base [DEBUG]: Entering analysis module: TxOrigin
mythril.analysis.module.base [DEBUG]: Exiting analysis module: TxOrigin
mythril.analysis.module.base [DEBUG]: Entering analysis module: IntegerArithmetics
mythril.analysis.module.base [DEBUG]: Exiting analysis module: IntegerArithmetics
mythril.laser.ethereum.instructions [DEBUG]: Evaluating JUMPI at 7
mythril.analysis.module.base [DEBUG]: Entering analysis module: TxOrigin
mythril.analysis.module.base [DEBUG]: Exiting analysis module: TxOrigin
mythril.analysis.module.base [DEBUG]: Entering analysis module: IntegerArithmetics
mythril.analysis.module.base [DEBUG]: Exiting analysis module: IntegerArithmetics
mythril.laser.ethereum.instructions [DEBUG]: Evaluating JUMPI at 7
mythril.laser.ethereum.instructions [DEBUG]: Evaluating PUSH4 at 8
mythril.laser.ethereum.instructions [DEBUG]: Evaluating JUMPDEST at 29
mythril.laser.ethereum.instructions [DEBUG]: Evaluating PUSH4 at 8
mythril.laser.ethereum.instructions [DEBUG]: Evaluating JUMPDEST at 29
mythril.laser.ethereum.instructions [DEBUG]: Evaluating PUSH29 at 9
mythril.laser.ethereum.instructions [DEBUG]: Evaluating PUSH1 at 30
mythril.laser.ethereum.instructions [DEBUG]: Evaluating PUSH29 at 9
mythril.laser.ethereum.instructions [DEBUG]: Evaluating PUSH1 at 30
mythril.laser.ethereum.instructions [DEBUG]: Evaluating PUSH1 at 10
mythril.laser.ethereum.instructions [DEBUG]: Evaluating DUP1 at 31
mythril.laser.ethereum.instructions [DEBUG]: Evaluating PUSH1 at 10
mythril.laser.ethereum.instructions [DEBUG]: Evaluating DUP1 at 31
mythril.laser.ethereum.instructions [DEBUG]: Evaluating CALLDATALOAD at 11
mythril.laser.ethereum.instructions [DEBUG]: Evaluating REVERT at 32
mythril.laser.ethereum.svm [DEBUG]: Ending transaction MessageCallTransaction 2 from sender_2 to                                        0x0.
mythril.laser.ethereum.instructions [DEBUG]: Evaluating CALLDATALOAD at 11
mythril.laser.ethereum.instructions [DEBUG]: Evaluating REVERT at 32
mythril.laser.ethereum.svm [DEBUG]: Ending transaction MessageCallTransaction 3 from sender_3 to                                        0x0.
mythril.laser.ethereum.instructions [DEBUG]: Evaluating DIV at 12
mythril.laser.ethereum.instructions [DEBUG]: Evaluating DIV at 12
mythril.laser.ethereum.instructions [DEBUG]: Evaluating AND at 13
mythril.laser.ethereum.instructions [DEBUG]: Evaluating AND at 13
mythril.laser.ethereum.instructions [DEBUG]: Evaluating PUSH4 at 14
mythril.laser.ethereum.instructions [DEBUG]: Evaluating PUSH4 at 14
mythril.laser.ethereum.instructions [DEBUG]: Evaluating DUP2 at 15
mythril.laser.ethereum.instructions [DEBUG]: Evaluating DUP2 at 15
mythril.laser.ethereum.instructions [DEBUG]: Evaluating EQ at 16
mythril.laser.ethereum.instructions [DEBUG]: Evaluating EQ at 16
mythril.laser.ethereum.instructions [DEBUG]: Evaluating PUSH2 at 17
mythril.laser.ethereum.instructions [DEBUG]: Evaluating PUSH2 at 17
mythril.analysis.module.base [DEBUG]: Entering analysis module: TxOrigin
mythril.analysis.module.base [DEBUG]: Exiting analysis module: TxOrigin
mythril.analysis.module.base [DEBUG]: Entering analysis module: IntegerArithmetics
mythril.analysis.module.base [DEBUG]: Exiting analysis module: IntegerArithmetics
mythril.laser.ethereum.instructions [DEBUG]: Evaluating JUMPI at 18
mythril.analysis.module.base [DEBUG]: Entering analysis module: TxOrigin
mythril.analysis.module.base [DEBUG]: Exiting analysis module: TxOrigin
mythril.analysis.module.base [DEBUG]: Entering analysis module: IntegerArithmetics
mythril.analysis.module.base [DEBUG]: Exiting analysis module: IntegerArithmetics
mythril.laser.ethereum.instructions [DEBUG]: Evaluating JUMPI at 18
mythril.laser.ethereum.instructions [DEBUG]: Evaluating DUP1 at 19
mythril.laser.ethereum.instructions [DEBUG]: Evaluating JUMPDEST at 33
mythril.laser.ethereum.instructions [DEBUG]: Evaluating DUP1 at 19
mythril.laser.ethereum.instructions [DEBUG]: Evaluating JUMPDEST at 33
mythril.laser.ethereum.instructions [DEBUG]: Evaluating PUSH4 at 20
mythril.laser.ethereum.instructions [DEBUG]: Evaluating CALLVALUE at 34
mythril.laser.ethereum.instructions [DEBUG]: Evaluating PUSH4 at 20
mythril.laser.ethereum.instructions [DEBUG]: Evaluating CALLVALUE at 34
mythril.laser.ethereum.instructions [DEBUG]: Evaluating EQ at 21
mythril.laser.ethereum.instructions [DEBUG]: Evaluating DUP1 at 35
mythril.laser.ethereum.instructions [DEBUG]: Evaluating EQ at 21
mythril.laser.ethereum.instructions [DEBUG]: Evaluating DUP1 at 35
mythril.laser.ethereum.instructions [DEBUG]: Evaluating PUSH2 at 22
mythril.laser.ethereum.instructions [DEBUG]: Evaluating ISZERO at 36
mythril.laser.ethereum.instructions [DEBUG]: Evaluating PUSH2 at 22
mythril.laser.ethereum.instructions [DEBUG]: Evaluating ISZERO at 36
mythril.analysis.module.base [DEBUG]: Entering analysis module: TxOrigin
mythril.analysis.module.base [DEBUG]: Exiting analysis module: TxOrigin
mythril.analysis.module.base [DEBUG]: Entering analysis module: IntegerArithmetics
mythril.analysis.module.base [DEBUG]: Exiting analysis module: IntegerArithmetics
mythril.laser.ethereum.instructions [DEBUG]: Evaluating JUMPI at 23
mythril.laser.ethereum.svm [DEBUG]: - Entering function MAIN:unknown
mythril.laser.ethereum.instructions [DEBUG]: Evaluating PUSH2 at 37
mythril.analysis.module.base [DEBUG]: Entering analysis module: TxOrigin
mythril.analysis.module.base [DEBUG]: Exiting analysis module: TxOrigin
mythril.analysis.module.base [DEBUG]: Entering analysis module: IntegerArithmetics
mythril.analysis.module.base [DEBUG]: Exiting analysis module: IntegerArithmetics
mythril.laser.ethereum.instructions [DEBUG]: Evaluating JUMPI at 23
mythril.laser.ethereum.svm [DEBUG]: - Entering function MAIN:unknown
mythril.laser.ethereum.instructions [DEBUG]: Evaluating PUSH2 at 37
mythril.laser.ethereum.instructions [DEBUG]: Evaluating DUP1 at 24
mythril.laser.ethereum.instructions [DEBUG]: Evaluating JUMPDEST at 51
mythril.analysis.module.base [DEBUG]: Entering analysis module: TxOrigin
mythril.analysis.module.base [DEBUG]: Exiting analysis module: TxOrigin
mythril.analysis.module.base [DEBUG]: Entering analysis module: IntegerArithmetics
mythril.analysis.module.base [DEBUG]: Exiting analysis module: IntegerArithmetics
mythril.laser.ethereum.instructions [DEBUG]: Evaluating JUMPI at 38
mythril.laser.ethereum.instructions [DEBUG]: Evaluating DUP1 at 24
mythril.laser.ethereum.instructions [DEBUG]: Evaluating JUMPDEST at 51
mythril.analysis.module.base [DEBUG]: Entering analysis module: TxOrigin
mythril.analysis.module.base [DEBUG]: Exiting analysis module: TxOrigin
mythril.analysis.module.base [DEBUG]: Entering analysis module: IntegerArithmetics
mythril.analysis.module.base [DEBUG]: Exiting analysis module: IntegerArithmetics
mythril.laser.ethereum.instructions [DEBUG]: Evaluating JUMPI at 38
mythril.laser.ethereum.instructions [DEBUG]: Evaluating PUSH4 at 25
mythril.laser.ethereum.instructions [DEBUG]: Evaluating CALLVALUE at 52
mythril.laser.ethereum.instructions [DEBUG]: Evaluating PUSH1 at 39
mythril.laser.ethereum.instructions [DEBUG]: Evaluating JUMPDEST at 42
mythril.laser.ethereum.instructions [DEBUG]: Evaluating PUSH4 at 25
mythril.laser.ethereum.instructions [DEBUG]: Evaluating CALLVALUE at 52
mythril.laser.ethereum.instructions [DEBUG]: Evaluating PUSH1 at 39
mythril.laser.ethereum.instructions [DEBUG]: Evaluating JUMPDEST at 42
mythril.laser.ethereum.instructions [DEBUG]: Evaluating EQ at 26
mythril.laser.ethereum.instructions [DEBUG]: Evaluating DUP1 at 53
mythril.laser.ethereum.instructions [DEBUG]: Evaluating DUP1 at 40
mythril.laser.ethereum.instructions [DEBUG]: Evaluating POP at 43
mythril.laser.ethereum.instructions [DEBUG]: Evaluating EQ at 26
mythril.laser.ethereum.instructions [DEBUG]: Evaluating DUP1 at 53
mythril.laser.ethereum.instructions [DEBUG]: Evaluating DUP1 at 40
mythril.laser.ethereum.instructions [DEBUG]: Evaluating POP at 43
mythril.laser.ethereum.instructions [DEBUG]: Evaluating PUSH2 at 27
mythril.laser.ethereum.instructions [DEBUG]: Evaluating ISZERO at 54
mythril.laser.ethereum.instructions [DEBUG]: Evaluating REVERT at 41
mythril.laser.ethereum.svm [DEBUG]: Ending transaction MessageCallTransaction 2 from sender_2 to                                        0x0.
mythril.laser.ethereum.instructions [DEBUG]: Evaluating PUSH2 at 44
mythril.laser.ethereum.instructions [DEBUG]: Evaluating PUSH2 at 27
mythril.laser.ethereum.instructions [DEBUG]: Evaluating ISZERO at 54
mythril.laser.ethereum.instructions [DEBUG]: Evaluating REVERT at 41
mythril.laser.ethereum.svm [DEBUG]: Ending transaction MessageCallTransaction 3 from sender_3 to                                        0x0.
mythril.laser.ethereum.instructions [DEBUG]: Evaluating PUSH2 at 44
mythril.analysis.module.base [DEBUG]: Entering analysis module: TxOrigin
mythril.analysis.module.base [DEBUG]: Exiting analysis module: TxOrigin
mythril.analysis.module.base [DEBUG]: Entering analysis module: IntegerArithmetics
mythril.analysis.module.base [DEBUG]: Exiting analysis module: IntegerArithmetics
mythril.laser.ethereum.instructions [DEBUG]: Evaluating JUMPI at 28
mythril.laser.plugin.plugins.dependency_pruner [DEBUG]: Skipping state: Storage slots {keccak256_512(Concat(sender_1, 1))} not read in block at address 86, function
mythril.laser.ethereum.svm [DEBUG]: - Entering function MAIN:unknown
mythril.laser.ethereum.instructions [DEBUG]: Evaluating PUSH2 at 55
mythril.laser.ethereum.instructions [DEBUG]: Evaluating PUSH1 at 45
mythril.analysis.module.base [DEBUG]: Entering analysis module: TxOrigin
mythril.analysis.module.base [DEBUG]: Exiting analysis module: TxOrigin
mythril.analysis.module.base [DEBUG]: Entering analysis module: IntegerArithmetics
mythril.analysis.module.base [DEBUG]: Exiting analysis module: IntegerArithmetics
mythril.laser.ethereum.instructions [DEBUG]: Evaluating JUMPI at 28
mythril.laser.plugin.plugins.dependency_pruner [DEBUG]: Skipping state: Storage slots {keccak256_512(Concat(sender_1, 1))} not read in block at address 86, function
mythril.laser.ethereum.svm [DEBUG]: - Entering function MAIN:unknown
mythril.laser.ethereum.instructions [DEBUG]: Evaluating PUSH2 at 55
mythril.laser.ethereum.instructions [DEBUG]: Evaluating PUSH1 at 45
mythril.laser.ethereum.instructions [DEBUG]: Evaluating JUMPDEST at 69
mythril.analysis.module.base [DEBUG]: Entering analysis module: TxOrigin
mythril.analysis.module.base [DEBUG]: Exiting analysis module: TxOrigin
mythril.analysis.module.base [DEBUG]: Entering analysis module: IntegerArithmetics
mythril.analysis.module.base [DEBUG]: Exiting analysis module: IntegerArithmetics
mythril.laser.ethereum.instructions [DEBUG]: Evaluating JUMPI at 56
mythril.laser.ethereum.instructions [DEBUG]: Evaluating CALLDATALOAD at 46
mythril.laser.ethereum.instructions [DEBUG]: Evaluating JUMPDEST at 69
mythril.analysis.module.base [DEBUG]: Entering analysis module: TxOrigin
mythril.analysis.module.base [DEBUG]: Exiting analysis module: TxOrigin
mythril.analysis.module.base [DEBUG]: Entering analysis module: IntegerArithmetics
mythril.analysis.module.base [DEBUG]: Exiting analysis module: IntegerArithmetics
mythril.laser.ethereum.instructions [DEBUG]: Evaluating JUMPI at 56
mythril.laser.ethereum.instructions [DEBUG]: Evaluating CALLDATALOAD at 46
mythril.laser.ethereum.instructions [DEBUG]: Evaluating PUSH2 at 70
mythril.laser.ethereum.instructions [DEBUG]: Evaluating PUSH1 at 57
mythril.laser.ethereum.instructions [DEBUG]: Evaluating JUMPDEST at 60
mythril.laser.ethereum.instructions [DEBUG]: Evaluating PUSH2 at 47
mythril.laser.ethereum.instructions [DEBUG]: Evaluating PUSH2 at 70
mythril.laser.ethereum.instructions [DEBUG]: Evaluating PUSH1 at 57
mythril.laser.ethereum.instructions [DEBUG]: Evaluating JUMPDEST at 60
mythril.laser.ethereum.instructions [DEBUG]: Evaluating PUSH2 at 47
mythril.laser.ethereum.instructions [DEBUG]: Evaluating PUSH2 at 71
mythril.laser.ethereum.instructions [DEBUG]: Evaluating DUP1 at 58
mythril.laser.ethereum.instructions [DEBUG]: Evaluating POP at 61
mythril.laser.ethereum.instructions [DEBUG]: Evaluating JUMP at 48
mythril.laser.ethereum.instructions [DEBUG]: Evaluating PUSH2 at 71
mythril.laser.ethereum.instructions [DEBUG]: Evaluating DUP1 at 58
mythril.laser.ethereum.instructions [DEBUG]: Evaluating POP at 61
mythril.laser.ethereum.instructions [DEBUG]: Evaluating JUMP at 48
mythril.laser.ethereum.instructions [DEBUG]: Evaluating JUMP at 72
mythril.laser.ethereum.instructions [DEBUG]: Evaluating REVERT at 59
mythril.laser.ethereum.svm [DEBUG]: Ending transaction MessageCallTransaction 2 from sender_2 to                                        0x0.
mythril.laser.ethereum.instructions [DEBUG]: Evaluating PUSH2 at 62
mythril.laser.ethereum.instructions [DEBUG]: Evaluating JUMPDEST at 73
mythril.laser.ethereum.instructions [DEBUG]: Evaluating JUMP at 72
mythril.laser.ethereum.instructions [DEBUG]: Evaluating REVERT at 59
mythril.laser.ethereum.svm [DEBUG]: Ending transaction MessageCallTransaction 3 from sender_3 to                                        0x0.
mythril.laser.ethereum.instructions [DEBUG]: Evaluating PUSH2 at 62
mythril.laser.ethereum.instructions [DEBUG]: Evaluating JUMPDEST at 73
mythril.laser.ethereum.instructions [DEBUG]: Evaluating JUMPDEST at 208
mythril.laser.ethereum.instructions [DEBUG]: Evaluating PUSH20 at 63
mythril.laser.ethereum.instructions [DEBUG]: Evaluating CALLER at 74
mythril.laser.ethereum.instructions [DEBUG]: Evaluating JUMPDEST at 208
mythril.laser.ethereum.instructions [DEBUG]: Evaluating PUSH20 at 63
mythril.laser.ethereum.instructions [DEBUG]: Evaluating CALLER at 74
mythril.laser.ethereum.instructions [DEBUG]: Evaluating CALLER at 209
mythril.laser.ethereum.instructions [DEBUG]: Evaluating PUSH1 at 64
mythril.laser.ethereum.instructions [DEBUG]: Evaluating PUSH1 at 75
mythril.laser.ethereum.instructions [DEBUG]: Evaluating CALLER at 209
mythril.laser.ethereum.instructions [DEBUG]: Evaluating PUSH1 at 64
mythril.laser.ethereum.instructions [DEBUG]: Evaluating PUSH1 at 75
mythril.laser.ethereum.instructions [DEBUG]: Evaluating PUSH1 at 210
mythril.laser.ethereum.instructions [DEBUG]: Evaluating CALLDATALOAD at 65
mythril.laser.ethereum.instructions [DEBUG]: Evaluating SWAP1 at 76
mythril.laser.ethereum.instructions [DEBUG]: Evaluating PUSH1 at 210
mythril.laser.ethereum.instructions [DEBUG]: Evaluating CALLDATALOAD at 65
mythril.laser.ethereum.instructions [DEBUG]: Evaluating SWAP1 at 76
mythril.laser.ethereum.instructions [DEBUG]: Evaluating SWAP1 at 211
mythril.laser.ethereum.instructions [DEBUG]: Evaluating AND at 66
mythril.laser.ethereum.instructions [DEBUG]: Evaluating DUP2 at 77
mythril.laser.ethereum.instructions [DEBUG]: Evaluating SWAP1 at 211
mythril.laser.ethereum.instructions [DEBUG]: Evaluating AND at 66
mythril.laser.ethereum.instructions [DEBUG]: Evaluating DUP2 at 77
mythril.laser.ethereum.instructions [DEBUG]: Evaluating DUP2 at 212
mythril.laser.ethereum.instructions [DEBUG]: Evaluating PUSH2 at 67
mythril.laser.ethereum.instructions [DEBUG]: Evaluating MSTORE at 78
mythril.laser.ethereum.instructions [DEBUG]: Evaluating DUP2 at 212
mythril.laser.ethereum.instructions [DEBUG]: Evaluating PUSH2 at 67
mythril.laser.ethereum.instructions [DEBUG]: Evaluating MSTORE at 78
mythril.laser.ethereum.instructions [DEBUG]: Evaluating MSTORE at 213
mythril.laser.ethereum.instructions [DEBUG]: Evaluating JUMP at 68
mythril.laser.ethereum.instructions [DEBUG]: Evaluating PUSH1 at 79
mythril.laser.ethereum.instructions [DEBUG]: Evaluating MSTORE at 213
mythril.laser.ethereum.instructions [DEBUG]: Evaluating JUMP at 68
mythril.laser.ethereum.instructions [DEBUG]: Evaluating PUSH1 at 79
mythril.laser.ethereum.instructions [DEBUG]: Evaluating PUSH1 at 214
mythril.laser.ethereum.instructions [DEBUG]: Evaluating JUMPDEST at 153
mythril.laser.ethereum.instructions [DEBUG]: Evaluating PUSH1 at 80
mythril.laser.ethereum.instructions [DEBUG]: Evaluating PUSH1 at 214
mythril.laser.ethereum.instructions [DEBUG]: Evaluating JUMPDEST at 153
mythril.laser.ethereum.instructions [DEBUG]: Evaluating PUSH1 at 80
mythril.laser.ethereum.instructions [DEBUG]: Evaluating PUSH1 at 215
mythril.laser.ethereum.instructions [DEBUG]: Evaluating PUSH1 at 154
mythril.laser.ethereum.instructions [DEBUG]: Evaluating MSTORE at 81
mythril.laser.ethereum.instructions [DEBUG]: Evaluating PUSH1 at 215
mythril.laser.ethereum.instructions [DEBUG]: Evaluating PUSH1 at 154
mythril.laser.ethereum.instructions [DEBUG]: Evaluating MSTORE at 81
mythril.laser.ethereum.instructions [DEBUG]: Evaluating MSTORE at 216
mythril.laser.ethereum.instructions [DEBUG]: Evaluating SLOAD at 155
mythril.laser.ethereum.instructions [DEBUG]: Evaluating PUSH1 at 82
mythril.laser.ethereum.instructions [DEBUG]: Evaluating MSTORE at 216
mythril.laser.ethereum.instructions [DEBUG]: Evaluating SLOAD at 155
mythril.laser.ethereum.instructions [DEBUG]: Evaluating PUSH1 at 82
mythril.laser.ethereum.instructions [DEBUG]: Evaluating PUSH1 at 217
mythril.laser.ethereum.instructions [DEBUG]: Evaluating PUSH20 at 156
mythril.laser.ethereum.instructions [DEBUG]: Evaluating SWAP1 at 83
mythril.laser.ethereum.instructions [DEBUG]: Evaluating PUSH1 at 217
mythril.laser.ethereum.instructions [DEBUG]: Evaluating PUSH20 at 156
mythril.laser.ethereum.instructions [DEBUG]: Evaluating SWAP1 at 83
mythril.laser.ethereum.instructions [DEBUG]: Evaluating SWAP1 at 218
mythril.laser.ethereum.instructions [DEBUG]: Evaluating AND at 157
mythril.laser.ethereum.instructions [DEBUG]: Evaluating SHA3 at 84
mythril.laser.ethereum.instructions [DEBUG]: Evaluating SWAP1 at 218
mythril.laser.ethereum.instructions [DEBUG]: Evaluating AND at 157
mythril.laser.ethereum.instructions [DEBUG]: Evaluating SHA3 at 84
mythril.laser.ethereum.instructions [DEBUG]: Evaluating SHA3 at 219
mythril.laser.ethereum.instructions [DEBUG]: Evaluating CALLER at 158
mythril.laser.ethereum.instructions [DEBUG]: Evaluating SLOAD at 85
mythril.laser.ethereum.instructions [DEBUG]: Evaluating SHA3 at 219
mythril.laser.ethereum.instructions [DEBUG]: Evaluating CALLER at 158
mythril.laser.ethereum.instructions [DEBUG]: Evaluating SLOAD at 85
mythril.laser.ethereum.instructions [DEBUG]: Evaluating SLOAD at 220
mythril.laser.ethereum.instructions [DEBUG]: Evaluating EQ at 159
mythril.laser.ethereum.instructions [DEBUG]: Evaluating DUP2 at 86
mythril.laser.ethereum.instructions [DEBUG]: Evaluating SLOAD at 220
mythril.laser.ethereum.instructions [DEBUG]: Evaluating EQ at 159
mythril.laser.ethereum.instructions [DEBUG]: Evaluating DUP2 at 86
mythril.laser.ethereum.instructions [DEBUG]: Evaluating CALLVALUE at 221
mythril.laser.ethereum.instructions [DEBUG]: Evaluating PUSH2 at 160
mythril.laser.ethereum.instructions [DEBUG]: Evaluating LT at 87
mythril.laser.ethereum.instructions [DEBUG]: Evaluating CALLVALUE at 221
mythril.laser.ethereum.instructions [DEBUG]: Evaluating PUSH2 at 160
mythril.laser.ethereum.instructions [DEBUG]: Evaluating LT at 87
mythril.laser.ethereum.instructions [DEBUG]: Evaluating DUP2 at 222
mythril.analysis.module.base [DEBUG]: Entering analysis module: TxOrigin
mythril.analysis.module.base [DEBUG]: Exiting analysis module: TxOrigin
mythril.analysis.module.base [DEBUG]: Entering analysis module: IntegerArithmetics
mythril.analysis.module.base [DEBUG]: Exiting analysis module: IntegerArithmetics
mythril.laser.ethereum.instructions [DEBUG]: Evaluating JUMPI at 161
mythril.laser.ethereum.instructions [DEBUG]: Evaluating ISZERO at 88
mythril.laser.ethereum.instructions [DEBUG]: Evaluating DUP2 at 222
mythril.analysis.module.base [DEBUG]: Entering analysis module: TxOrigin
mythril.analysis.module.base [DEBUG]: Exiting analysis module: TxOrigin
mythril.analysis.module.base [DEBUG]: Entering analysis module: IntegerArithmetics
mythril.analysis.module.base [DEBUG]: Exiting analysis module: IntegerArithmetics
mythril.laser.ethereum.instructions [DEBUG]: Evaluating JUMPI at 161
mythril.laser.ethereum.instructions [DEBUG]: Evaluating ISZERO at 88
mythril.analysis.module.base [DEBUG]: Entering analysis module: IntegerArithmetics
mythril.analysis.module.base [DEBUG]: Exiting analysis module: IntegerArithmetics
mythril.laser.ethereum.instructions [DEBUG]: Evaluating ADD at 223
mythril.laser.ethereum.instructions [DEBUG]: Evaluating PUSH1 at 162
mythril.laser.ethereum.instructions [DEBUG]: Evaluating PUSH2 at 89
mythril.analysis.module.base [DEBUG]: Entering analysis module: IntegerArithmetics
mythril.analysis.module.base [DEBUG]: Exiting analysis module: IntegerArithmetics
mythril.laser.ethereum.instructions [DEBUG]: Evaluating ADD at 223
mythril.laser.ethereum.instructions [DEBUG]: Evaluating PUSH1 at 162
mythril.laser.ethereum.instructions [DEBUG]: Evaluating PUSH2 at 89
mythril.laser.ethereum.instructions [DEBUG]: Evaluating GT at 224
mythril.laser.ethereum.instructions [DEBUG]: Evaluating DUP1 at 163
mythril.analysis.module.base [DEBUG]: Entering analysis module: TxOrigin
mythril.analysis.module.base [DEBUG]: Exiting analysis module: TxOrigin
mythril.analysis.module.base [DEBUG]: Entering analysis module: IntegerArithmetics
mythril.analysis.module.base [DEBUG]: Exiting analysis module: IntegerArithmetics
mythril.laser.ethereum.instructions [DEBUG]: Evaluating JUMPI at 90
mythril.laser.ethereum.instructions [DEBUG]: Evaluating GT at 224
mythril.laser.ethereum.instructions [DEBUG]: Evaluating DUP1 at 163
mythril.analysis.module.base [DEBUG]: Entering analysis module: TxOrigin
mythril.analysis.module.base [DEBUG]: Exiting analysis module: TxOrigin
mythril.analysis.module.base [DEBUG]: Entering analysis module: IntegerArithmetics
mythril.analysis.module.base [DEBUG]: Exiting analysis module: IntegerArithmetics
mythril.laser.ethereum.instructions [DEBUG]: Evaluating JUMPI at 90
mythril.laser.ethereum.instructions [DEBUG]: Evaluating PUSH2 at 225
mythril.laser.ethereum.instructions [DEBUG]: Evaluating REVERT at 164
mythril.laser.ethereum.svm [DEBUG]: Ending transaction MessageCallTransaction 2 from sender_2 to                                        0x0.
mythril.laser.ethereum.instructions [DEBUG]: Evaluating PUSH1 at 91
mythril.laser.ethereum.instructions [DEBUG]: Evaluating JUMPDEST at 94
mythril.laser.ethereum.instructions [DEBUG]: Evaluating PUSH2 at 225
mythril.laser.ethereum.instructions [DEBUG]: Evaluating REVERT at 164
mythril.laser.ethereum.svm [DEBUG]: Ending transaction MessageCallTransaction 3 from sender_3 to                                        0x0.
mythril.laser.ethereum.instructions [DEBUG]: Evaluating PUSH1 at 91
mythril.laser.ethereum.instructions [DEBUG]: Evaluating JUMPDEST at 94
mythril.analysis.module.base [DEBUG]: Entering analysis module: TxOrigin
mythril.analysis.module.base [DEBUG]: Exiting analysis module: TxOrigin
mythril.analysis.module.base [DEBUG]: Entering analysis module: IntegerArithmetics
mythril.analysis.module.base [DEBUG]: Exiting analysis module: IntegerArithmetics
mythril.laser.ethereum.instructions [DEBUG]: Evaluating JUMPI at 226
mythril.laser.ethereum.instructions [DEBUG]: Evaluating DUP1 at 92
mythril.laser.ethereum.instructions [DEBUG]: Evaluating PUSH1 at 95
mythril.analysis.module.base [DEBUG]: Entering analysis module: TxOrigin
mythril.analysis.module.base [DEBUG]: Exiting analysis module: TxOrigin
mythril.analysis.module.base [DEBUG]: Entering analysis module: IntegerArithmetics
mythril.analysis.module.base [DEBUG]: Exiting analysis module: IntegerArithmetics
mythril.laser.ethereum.instructions [DEBUG]: Evaluating JUMPI at 226
mythril.laser.ethereum.instructions [DEBUG]: Evaluating DUP1 at 92
mythril.laser.ethereum.instructions [DEBUG]: Evaluating PUSH1 at 95
mythril.laser.ethereum.instructions [DEBUG]: Evaluating ASSERT_FAIL at 227
mythril.laser.ethereum.svm [DEBUG]: Encountered a VmException, ending path: ``
mythril.laser.ethereum.instructions [DEBUG]: Evaluating JUMPDEST at 228
mythril.laser.ethereum.instructions [DEBUG]: Evaluating REVERT at 93
mythril.laser.ethereum.svm [DEBUG]: Ending transaction MessageCallTransaction 2 from sender_2 to                                        0x0.
mythril.laser.ethereum.instructions [DEBUG]: Evaluating MLOAD at 96
mythril.laser.ethereum.instructions [DEBUG]: Evaluating ASSERT_FAIL at 227
mythril.laser.ethereum.svm [DEBUG]: Encountered a VmException, ending path: ``
mythril.laser.ethereum.instructions [DEBUG]: Evaluating JUMPDEST at 228
mythril.laser.ethereum.instructions [DEBUG]: Evaluating REVERT at 93
mythril.laser.ethereum.svm [DEBUG]: Ending transaction MessageCallTransaction 3 from sender_3 to                                        0x0.
mythril.laser.ethereum.instructions [DEBUG]: Evaluating MLOAD at 96
mythril.laser.ethereum.instructions [DEBUG]: Evaluating CALLER at 229
mythril.laser.ethereum.instructions [DEBUG]: Evaluating CALLER at 97
mythril.laser.ethereum.instructions [DEBUG]: Evaluating CALLER at 229
mythril.laser.ethereum.instructions [DEBUG]: Evaluating CALLER at 97
mythril.laser.ethereum.instructions [DEBUG]: Evaluating PUSH1 at 230
mythril.laser.ethereum.instructions [DEBUG]: Evaluating SWAP1 at 98
mythril.laser.ethereum.instructions [DEBUG]: Evaluating PUSH1 at 230
mythril.laser.ethereum.instructions [DEBUG]: Evaluating SWAP1 at 98
mythril.laser.ethereum.instructions [DEBUG]: Evaluating SWAP1 at 231
mythril.laser.ethereum.instructions [DEBUG]: Evaluating DUP3 at 99
mythril.laser.ethereum.instructions [DEBUG]: Evaluating SWAP1 at 231
mythril.laser.ethereum.instructions [DEBUG]: Evaluating DUP3 at 99
mythril.laser.ethereum.instructions [DEBUG]: Evaluating DUP2 at 232
mythril.laser.ethereum.instructions [DEBUG]: Evaluating ISZERO at 100
mythril.laser.ethereum.instructions [DEBUG]: Evaluating DUP2 at 232
mythril.laser.ethereum.instructions [DEBUG]: Evaluating ISZERO at 100
mythril.laser.ethereum.instructions [DEBUG]: Evaluating MSTORE at 233
mythril.laser.ethereum.instructions [DEBUG]: Evaluating PUSH2 at 101
mythril.laser.ethereum.instructions [DEBUG]: Evaluating MSTORE at 233
mythril.laser.ethereum.instructions [DEBUG]: Evaluating PUSH2 at 101
mythril.laser.ethereum.instructions [DEBUG]: Evaluating PUSH1 at 234
mythril.analysis.module.base [DEBUG]: Entering analysis module: IntegerArithmetics
mythril.analysis.module.base [DEBUG]: Exiting analysis module: IntegerArithmetics
mythril.laser.ethereum.instructions [DEBUG]: Evaluating MUL at 102
mythril.laser.ethereum.instructions [DEBUG]: Evaluating PUSH1 at 234
mythril.analysis.module.base [DEBUG]: Entering analysis module: IntegerArithmetics
mythril.analysis.module.base [DEBUG]: Exiting analysis module: IntegerArithmetics
mythril.laser.ethereum.instructions [DEBUG]: Evaluating MUL at 102
mythril.laser.ethereum.instructions [DEBUG]: Evaluating PUSH1 at 235
mythril.laser.ethereum.instructions [DEBUG]: Evaluating SWAP1 at 103
mythril.laser.ethereum.instructions [DEBUG]: Evaluating PUSH1 at 235
mythril.laser.ethereum.instructions [DEBUG]: Evaluating SWAP1 at 103
mythril.laser.ethereum.instructions [DEBUG]: Evaluating MSTORE at 236
mythril.laser.ethereum.instructions [DEBUG]: Evaluating DUP4 at 104
mythril.laser.ethereum.instructions [DEBUG]: Evaluating MSTORE at 236
mythril.laser.ethereum.instructions [DEBUG]: Evaluating DUP4 at 104
mythril.laser.ethereum.instructions [DEBUG]: Evaluating PUSH1 at 237
mythril.laser.ethereum.instructions [DEBUG]: Evaluating SWAP1 at 105
mythril.laser.ethereum.instructions [DEBUG]: Evaluating PUSH1 at 237
mythril.laser.ethereum.instructions [DEBUG]: Evaluating SWAP1 at 105
mythril.laser.ethereum.instructions [DEBUG]: Evaluating SWAP1 at 238
mythril.laser.ethereum.instructions [DEBUG]: Evaluating PUSH1 at 106
mythril.laser.ethereum.instructions [DEBUG]: Evaluating SWAP1 at 238
mythril.laser.ethereum.instructions [DEBUG]: Evaluating PUSH1 at 106
mythril.laser.ethereum.instructions [DEBUG]: Evaluating SHA3 at 239
mythril.laser.ethereum.instructions [DEBUG]: Evaluating DUP2 at 107
mythril.laser.ethereum.instructions [DEBUG]: Evaluating SHA3 at 239
mythril.laser.ethereum.instructions [DEBUG]: Evaluating DUP2 at 107
mythril.laser.ethereum.instructions [DEBUG]: Evaluating DUP1 at 240
mythril.laser.ethereum.instructions [DEBUG]: Evaluating DUP2 at 108
mythril.laser.ethereum.instructions [DEBUG]: Evaluating DUP1 at 240
mythril.laser.ethereum.instructions [DEBUG]: Evaluating DUP2 at 108
mythril.laser.ethereum.instructions [DEBUG]: Evaluating SLOAD at 241
mythril.laser.ethereum.instructions [DEBUG]: Evaluating DUP2 at 109
mythril.laser.ethereum.instructions [DEBUG]: Evaluating SLOAD at 241
mythril.laser.ethereum.instructions [DEBUG]: Evaluating DUP2 at 109
mythril.laser.ethereum.instructions [DEBUG]: Evaluating CALLVALUE at 242
mythril.laser.ethereum.instructions [DEBUG]: Evaluating DUP6 at 110
mythril.laser.ethereum.instructions [DEBUG]: Evaluating CALLVALUE at 242
mythril.laser.ethereum.instructions [DEBUG]: Evaluating DUP6 at 110
mythril.analysis.module.base [DEBUG]: Entering analysis module: IntegerArithmetics
mythril.analysis.module.base [DEBUG]: Exiting analysis module: IntegerArithmetics
mythril.laser.ethereum.instructions [DEBUG]: Evaluating ADD at 243
mythril.laser.ethereum.instructions [DEBUG]: Evaluating DUP9 at 111
mythril.analysis.module.base [DEBUG]: Entering analysis module: IntegerArithmetics
mythril.analysis.module.base [DEBUG]: Exiting analysis module: IntegerArithmetics
mythril.laser.ethereum.instructions [DEBUG]: Evaluating ADD at 243
mythril.laser.ethereum.instructions [DEBUG]: Evaluating DUP9 at 111
mythril.laser.ethereum.instructions [DEBUG]: Evaluating SWAP1 at 244
mythril.laser.ethereum.instructions [DEBUG]: Evaluating DUP9 at 112
mythril.laser.ethereum.instructions [DEBUG]: Evaluating SWAP1 at 244
mythril.laser.ethereum.instructions [DEBUG]: Evaluating DUP9 at 112
mythril.analysis.module.base [DEBUG]: Entering analysis module: ArbitraryStorage
mythril.analysis.module.base [DEBUG]: Exiting analysis module: ArbitraryStorage
mythril.analysis.module.base [DEBUG]: Entering analysis module: IntegerArithmetics
mythril.analysis.module.base [DEBUG]: Exiting analysis module: IntegerArithmetics
mythril.analysis.module.base [DEBUG]: Entering analysis module: StateChangeAfterCall
mythril.analysis.module.base [DEBUG]: Exiting analysis module: StateChangeAfterCall
mythril.laser.ethereum.instructions [DEBUG]: Evaluating SSTORE at 245
mythril.analysis.module.base [DEBUG]: Entering analysis module: IntegerArithmetics
mythril.analysis.module.base [DEBUG]: Exiting analysis module: IntegerArithmetics
mythril.analysis.module.base [DEBUG]: Entering analysis module: StateChangeAfterCall
mythril.analysis.module.base [DEBUG]: Exiting analysis module: StateChangeAfterCall
mythril.laser.ethereum.instructions [DEBUG]: Evaluating CALL at 113
mythril.laser.ethereum.call [DEBUG]: Symbolic call encountered
mythril.laser.ethereum.call [DEBUG]: CALL to: sender_2
mythril.laser.ethereum.instructions [DEBUG]: The call is related to ether transfer between accounts
mythril.analysis.module.base [DEBUG]: Entering analysis module: EtherThief
mythril.analysis.module.base [DEBUG]: Exiting analysis module: EtherThief
mythril.analysis.module.base [DEBUG]: Entering analysis module: UncheckedRetval
mythril.analysis.module.modules.unchecked_retval [DEBUG]: End of call, extracting retval
mythril.analysis.module.base [DEBUG]: Exiting analysis module: UncheckedRetval
mythril.analysis.module.base [DEBUG]: Entering analysis module: ArbitraryStorage
mythril.analysis.module.base [DEBUG]: Exiting analysis module: ArbitraryStorage
mythril.analysis.module.base [DEBUG]: Entering analysis module: IntegerArithmetics
mythril.analysis.module.base [DEBUG]: Exiting analysis module: IntegerArithmetics
mythril.analysis.module.base [DEBUG]: Entering analysis module: StateChangeAfterCall
mythril.analysis.module.base [DEBUG]: Exiting analysis module: StateChangeAfterCall
mythril.laser.ethereum.instructions [DEBUG]: Evaluating SSTORE at 245
mythril.analysis.module.base [DEBUG]: Entering analysis module: IntegerArithmetics
mythril.analysis.module.base [DEBUG]: Exiting analysis module: IntegerArithmetics
mythril.analysis.module.base [DEBUG]: Entering analysis module: StateChangeAfterCall
mythril.analysis.module.base [DEBUG]: Exiting analysis module: StateChangeAfterCall
mythril.laser.ethereum.instructions [DEBUG]: Evaluating CALL at 113
mythril.laser.ethereum.call [DEBUG]: Symbolic call encountered
mythril.laser.ethereum.call [DEBUG]: CALL to: sender_3
mythril.laser.ethereum.instructions [DEBUG]: The call is related to ether transfer between accounts
mythril.analysis.module.base [DEBUG]: Entering analysis module: EtherThief
mythril.analysis.module.base [DEBUG]: Exiting analysis module: EtherThief
mythril.analysis.module.base [DEBUG]: Entering analysis module: UncheckedRetval
mythril.analysis.module.modules.unchecked_retval [DEBUG]: End of call, extracting retval
mythril.analysis.module.base [DEBUG]: Exiting analysis module: UncheckedRetval
mythril.laser.ethereum.instructions [DEBUG]: Evaluating JUMP at 246
mythril.laser.ethereum.instructions [DEBUG]: Evaluating SWAP4 at 114
mythril.laser.ethereum.instructions [DEBUG]: Evaluating JUMP at 246
mythril.laser.ethereum.instructions [DEBUG]: Evaluating SWAP4 at 114
mythril.laser.ethereum.instructions [DEBUG]: Evaluating JUMPDEST at 49
mythril.laser.ethereum.instructions [DEBUG]: Evaluating POP at 115
mythril.laser.ethereum.instructions [DEBUG]: Evaluating JUMPDEST at 49
mythril.laser.ethereum.instructions [DEBUG]: Evaluating POP at 115
mythril.analysis.module.base [DEBUG]: Entering analysis module: IntegerArithmetics
mythril.support.model [DEBUG]: Timeout/Error encountered while solving expression using z3
mythril.analysis.module.base [DEBUG]: Exiting analysis module: IntegerArithmetics
mythril.analysis.module.base [DEBUG]: Entering analysis module: UncheckedRetval
mythril.analysis.module.base [DEBUG]: Exiting analysis module: UncheckedRetval
mythril.laser.ethereum.instructions [DEBUG]: Evaluating STOP at 50
mythril.laser.ethereum.svm [DEBUG]: Ending transaction MessageCallTransaction 2 from sender_2 to                                        0x0.
mythril.laser.ethereum.instructions [DEBUG]: Evaluating POP at 116
mythril.analysis.module.base [DEBUG]: Entering analysis module: IntegerArithmetics
mythril.analysis.module.modules.integer [DEBUG]: Checking overflow in STOP at transaction end address 116, ostate address 396
mythril.analysis.module.base [DEBUG]: Exiting analysis module: IntegerArithmetics
mythril.analysis.module.base [DEBUG]: Entering analysis module: UncheckedRetval
mythril.analysis.module.base [DEBUG]: Exiting analysis module: UncheckedRetval
mythril.laser.ethereum.instructions [DEBUG]: Evaluating STOP at 50
mythril.laser.ethereum.svm [DEBUG]: Ending transaction MessageCallTransaction 3 from sender_3 to                                        0x0.
mythril.laser.ethereum.instructions [DEBUG]: Evaluating POP at 116
mythril.laser.ethereum.instructions [DEBUG]: Evaluating POP at 117
mythril.laser.ethereum.instructions [DEBUG]: Evaluating POP at 117
mythril.laser.ethereum.instructions [DEBUG]: Evaluating POP at 118
mythril.laser.ethereum.instructions [DEBUG]: Evaluating POP at 118
mythril.laser.ethereum.instructions [DEBUG]: Evaluating ISZERO at 119
mythril.laser.ethereum.instructions [DEBUG]: Evaluating ISZERO at 119
mythril.laser.ethereum.instructions [DEBUG]: Evaluating DUP1 at 120
mythril.laser.ethereum.instructions [DEBUG]: Evaluating DUP1 at 120
mythril.laser.ethereum.instructions [DEBUG]: Evaluating ISZERO at 121
mythril.laser.ethereum.instructions [DEBUG]: Evaluating ISZERO at 121
mythril.laser.ethereum.instructions [DEBUG]: Evaluating PUSH2 at 122
mythril.laser.ethereum.instructions [DEBUG]: Evaluating PUSH2 at 122
mythril.analysis.module.base [DEBUG]: Entering analysis module: TxOrigin
mythril.analysis.module.base [DEBUG]: Exiting analysis module: TxOrigin
mythril.analysis.module.base [DEBUG]: Entering analysis module: IntegerArithmetics
mythril.analysis.module.base [DEBUG]: Exiting analysis module: IntegerArithmetics
mythril.laser.ethereum.instructions [DEBUG]: Evaluating JUMPI at 123
mythril.analysis.module.base [DEBUG]: Entering analysis module: TxOrigin
mythril.analysis.module.base [DEBUG]: Exiting analysis module: TxOrigin
mythril.analysis.module.base [DEBUG]: Entering analysis module: IntegerArithmetics
mythril.analysis.module.base [DEBUG]: Exiting analysis module: IntegerArithmetics
mythril.laser.ethereum.instructions [DEBUG]: Evaluating JUMPI at 123
mythril.laser.ethereum.instructions [DEBUG]: Evaluating RETURNDATASIZE at 124
mythril.laser.ethereum.instructions [DEBUG]: No last_return_data found, adding an unconstrained bitvec to the stack
mythril.laser.ethereum.instructions [DEBUG]: Evaluating JUMPDEST at 131
mythril.laser.ethereum.instructions [DEBUG]: Evaluating RETURNDATASIZE at 124
mythril.laser.ethereum.instructions [DEBUG]: No last_return_data found, adding an unconstrained bitvec to the stack
mythril.laser.ethereum.instructions [DEBUG]: Evaluating JUMPDEST at 131
mythril.laser.ethereum.instructions [DEBUG]: Evaluating PUSH1 at 125
mythril.laser.ethereum.instructions [DEBUG]: Evaluating POP at 132
mythril.laser.ethereum.instructions [DEBUG]: Evaluating PUSH1 at 125
mythril.laser.ethereum.instructions [DEBUG]: Evaluating POP at 132
mythril.laser.ethereum.instructions [DEBUG]: Evaluating DUP1 at 126
mythril.laser.ethereum.instructions [DEBUG]: Evaluating CALLER at 133
mythril.laser.ethereum.instructions [DEBUG]: Evaluating DUP1 at 126
mythril.laser.ethereum.instructions [DEBUG]: Evaluating CALLER at 133
mythril.laser.ethereum.instructions [DEBUG]: Evaluating RETURNDATACOPY at 127
mythril.laser.ethereum.instructions [DEBUG]: Unsupported symbolic max_length offset in RETURNDATACOPY
mythril.laser.ethereum.instructions [DEBUG]: Evaluating PUSH1 at 134
mythril.laser.ethereum.instructions [DEBUG]: Evaluating RETURNDATACOPY at 127
mythril.laser.ethereum.instructions [DEBUG]: Unsupported symbolic max_length offset in RETURNDATACOPY
mythril.laser.ethereum.instructions [DEBUG]: Evaluating PUSH1 at 134
mythril.laser.ethereum.instructions [DEBUG]: Evaluating RETURNDATASIZE at 128
mythril.laser.ethereum.instructions [DEBUG]: No last_return_data found, adding an unconstrained bitvec to the stack
mythril.laser.ethereum.instructions [DEBUG]: Evaluating SWAP1 at 135
mythril.laser.ethereum.instructions [DEBUG]: Evaluating RETURNDATASIZE at 128
mythril.laser.ethereum.instructions [DEBUG]: No last_return_data found, adding an unconstrained bitvec to the stack
mythril.laser.ethereum.instructions [DEBUG]: Evaluating SWAP1 at 135
mythril.laser.ethereum.instructions [DEBUG]: Evaluating PUSH1 at 129
mythril.laser.ethereum.instructions [DEBUG]: Evaluating DUP2 at 136
mythril.laser.ethereum.instructions [DEBUG]: Evaluating PUSH1 at 129
mythril.laser.ethereum.instructions [DEBUG]: Evaluating DUP2 at 136
mythril.laser.ethereum.instructions [DEBUG]: Evaluating REVERT at 130
mythril.laser.ethereum.instructions [DEBUG]: Return with symbolic length or offset. Not supported
mythril.laser.ethereum.svm [DEBUG]: Ending transaction MessageCallTransaction 2 from sender_2 to                                        0x0.
mythril.laser.ethereum.instructions [DEBUG]: Evaluating MSTORE at 137
mythril.laser.ethereum.instructions [DEBUG]: Evaluating REVERT at 130
mythril.laser.ethereum.instructions [DEBUG]: Return with symbolic length or offset. Not supported
mythril.laser.ethereum.svm [DEBUG]: Ending transaction MessageCallTransaction 3 from sender_3 to                                        0x0.
mythril.laser.ethereum.instructions [DEBUG]: Evaluating MSTORE at 137
mythril.laser.ethereum.instructions [DEBUG]: Evaluating PUSH1 at 138
mythril.laser.ethereum.instructions [DEBUG]: Evaluating PUSH1 at 138
mythril.laser.ethereum.instructions [DEBUG]: Evaluating PUSH1 at 139
mythril.laser.ethereum.instructions [DEBUG]: Evaluating PUSH1 at 139
mythril.laser.ethereum.instructions [DEBUG]: Evaluating MSTORE at 140
mythril.laser.ethereum.instructions [DEBUG]: Evaluating MSTORE at 140
mythril.laser.ethereum.instructions [DEBUG]: Evaluating PUSH1 at 141
mythril.laser.ethereum.instructions [DEBUG]: Evaluating PUSH1 at 141
mythril.laser.ethereum.instructions [DEBUG]: Evaluating SWAP1 at 142
mythril.laser.ethereum.instructions [DEBUG]: Evaluating SWAP1 at 142
mythril.laser.ethereum.instructions [DEBUG]: Evaluating SHA3 at 143
mythril.laser.ethereum.instructions [DEBUG]: Evaluating SHA3 at 143
mythril.laser.ethereum.instructions [DEBUG]: Evaluating DUP1 at 144
mythril.laser.ethereum.instructions [DEBUG]: Evaluating DUP1 at 144
mythril.laser.ethereum.instructions [DEBUG]: Evaluating SLOAD at 145
mythril.laser.ethereum.instructions [DEBUG]: Evaluating SLOAD at 145
mythril.laser.ethereum.instructions [DEBUG]: Evaluating SWAP2 at 146
mythril.laser.ethereum.instructions [DEBUG]: Evaluating SWAP2 at 146
mythril.laser.ethereum.instructions [DEBUG]: Evaluating SWAP1 at 147
mythril.laser.ethereum.instructions [DEBUG]: Evaluating SWAP1 at 147
mythril.laser.ethereum.instructions [DEBUG]: Evaluating SWAP2 at 148
mythril.laser.ethereum.instructions [DEBUG]: Evaluating SWAP2 at 148
mythril.analysis.module.base [DEBUG]: Entering analysis module: IntegerArithmetics
mythril.analysis.module.base [DEBUG]: Exiting analysis module: IntegerArithmetics
mythril.laser.ethereum.instructions [DEBUG]: Evaluating SUB at 149
mythril.analysis.module.base [DEBUG]: Entering analysis module: IntegerArithmetics
mythril.analysis.module.base [DEBUG]: Exiting analysis module: IntegerArithmetics
mythril.laser.ethereum.instructions [DEBUG]: Evaluating SUB at 149
mythril.laser.ethereum.instructions [DEBUG]: Evaluating SWAP1 at 150
mythril.laser.ethereum.instructions [DEBUG]: Evaluating SWAP1 at 150
mythril.analysis.module.base [DEBUG]: Entering analysis module: ArbitraryStorage
mythril.analysis.module.base [DEBUG]: Exiting analysis module: ArbitraryStorage
mythril.analysis.module.base [DEBUG]: Entering analysis module: IntegerArithmetics
mythril.analysis.module.base [DEBUG]: Exiting analysis module: IntegerArithmetics
mythril.analysis.module.base [DEBUG]: Entering analysis module: StateChangeAfterCall
mythril.analysis.module.base [DEBUG]: Exiting analysis module: StateChangeAfterCall
mythril.laser.ethereum.instructions [DEBUG]: Evaluating SSTORE at 151
mythril.analysis.module.base [DEBUG]: Entering analysis module: ArbitraryStorage
mythril.analysis.module.base [DEBUG]: Exiting analysis module: ArbitraryStorage
mythril.analysis.module.base [DEBUG]: Entering analysis module: IntegerArithmetics
mythril.analysis.module.base [DEBUG]: Exiting analysis module: IntegerArithmetics
mythril.analysis.module.base [DEBUG]: Entering analysis module: StateChangeAfterCall
mythril.analysis.module.base [DEBUG]: Exiting analysis module: StateChangeAfterCall
mythril.laser.ethereum.instructions [DEBUG]: Evaluating SSTORE at 151
mythril.laser.ethereum.instructions [DEBUG]: Evaluating JUMP at 152
mythril.laser.ethereum.instructions [DEBUG]: Evaluating JUMP at 152
mythril.laser.ethereum.instructions [DEBUG]: Evaluating JUMPDEST at 49
mythril.laser.ethereum.instructions [DEBUG]: Evaluating JUMPDEST at 49
mythril.analysis.module.base [DEBUG]: Entering analysis module: IntegerArithmetics
mythril.analysis.module.base [DEBUG]: Exiting analysis module: IntegerArithmetics
mythril.analysis.module.base [DEBUG]: Entering analysis module: UncheckedRetval
mythril.analysis.module.base [DEBUG]: Exiting analysis module: UncheckedRetval
mythril.laser.ethereum.instructions [DEBUG]: Evaluating STOP at 50
mythril.laser.ethereum.svm [DEBUG]: Ending transaction MessageCallTransaction 2 from sender_2 to                                        0x0.
mythril.analysis.module.base [DEBUG]: Entering analysis module: IntegerArithmetics
mythril.analysis.module.base [DEBUG]: Exiting analysis module: IntegerArithmetics
mythril.analysis.module.base [DEBUG]: Entering analysis module: UncheckedRetval
mythril.analysis.module.base [DEBUG]: Exiting analysis module: UncheckedRetval
mythril.laser.ethereum.instructions [DEBUG]: Evaluating STOP at 50
mythril.laser.ethereum.svm [DEBUG]: Ending transaction MessageCallTransaction 3 from sender_3 to                                        0x0.
mythril.laser.plugin.plugins.coverage.coverage_plugin [INFO]: Number of new instructions covered in tx 1: 3
mythril.laser.ethereum.svm [INFO]: Finished symbolic execution
mythril.laser.plugin.plugins.coverage.coverage_plugin [INFO]: Achieved 82.26% coverage for code: 6080604052600436106100565763ffffffff7c01000000000000000000000000000000000000000000000000000000006000350416632e1a7d4d811461005b5780634ddaf8f214610075578063d0e30db0146100a3575b600080fd5b34801561006757600080fd5b506100736004356100ab565b005b34801561008157600080fd5b5061007373ffffffffffffffffffffffffffffffffffffffff6004351661010e565b610073610179565b336000908152600160205260409020548110156100c757600080fd5b604051339082156108fc029083906000818181858888f193505050501580156100f4573d6000803e3d6000fd5b503360009081526001602052604090208054919091039055565b60005473ffffffffffffffffffffffffffffffffffffffff16331461013257600080fd5b60405173ffffffffffffffffffffffffffffffffffffffff821690303180156108fc02916000818181858888f19350505050158015610175573d6000803e3d6000fd5b5050565b336000908152600160205260409020543481011161019357fe5b3360009081526001602052604090208054340190555600a165627a7a723058201363a606f1b71648f443a0d4a1e7e9a2bff489a7f27feb992e0b925bbde5be590029
mythril.laser.plugin.plugins.instruction_profiler [INFO]: Total: 1.304344892501831 s
[ADD         ]   0.2657 %,  nr      6,  total   0.0035 s,  avg   0.0006 s,  min   0.0005 s,  max   0.0006 s
[AND         ]   0.5334 %,  nr      9,  total   0.0070 s,  avg   0.0008 s,  min   0.0005 s,  max   0.0026 s
[CALL        ]   0.6756 %,  nr      3,  total   0.0088 s,  avg   0.0029 s,  min   0.0028 s,  max   0.0030 s
[CALLDATALOAD]   9.2361 %,  nr      9,  total   0.1205 s,  avg   0.0134 s,  min   0.0118 s,  max   0.0163 s
[CALLDATASIZE]   0.1071 %,  nr      3,  total   0.0014 s,  avg   0.0005 s,  min   0.0005 s,  max   0.0005 s
[CALLER      ]   0.7294 %,  nr     18,  total   0.0095 s,  avg   0.0005 s,  min   0.0004 s,  max   0.0009 s
[CALLVALUE   ]   0.4504 %,  nr     12,  total   0.0059 s,  avg   0.0005 s,  min   0.0004 s,  max   0.0006 s
[DIV         ]   0.2088 %,  nr      3,  total   0.0027 s,  avg   0.0009 s,  min   0.0008 s,  max   0.0010 s
[DUP1        ]   1.6817 %,  nr     39,  total   0.0219 s,  avg   0.0006 s,  min   0.0004 s,  max   0.0011 s
[DUP2        ]   1.3736 %,  nr     30,  total   0.0179 s,  avg   0.0006 s,  min   0.0004 s,  max   0.0016 s
[DUP3        ]   0.1217 %,  nr      3,  total   0.0016 s,  avg   0.0005 s,  min   0.0004 s,  max   0.0007 s
[DUP4        ]   0.1224 %,  nr      3,  total   0.0016 s,  avg   0.0005 s,  min   0.0005 s,  max   0.0005 s
[DUP6        ]   0.1063 %,  nr      3,  total   0.0014 s,  avg   0.0005 s,  min   0.0004 s,  max   0.0005 s
[DUP9        ]   0.2332 %,  nr      6,  total   0.0030 s,  avg   0.0005 s,  min   0.0005 s,  max   0.0006 s
[EQ          ]   0.5217 %,  nr     12,  total   0.0068 s,  avg   0.0006 s,  min   0.0005 s,  max   0.0007 s
[GT          ]   0.1620 %,  nr      3,  total   0.0021 s,  avg   0.0007 s,  min   0.0005 s,  max   0.0010 s
[ISZERO      ]   1.0223 %,  nr     18,  total   0.0133 s,  avg   0.0007 s,  min   0.0006 s,  max   0.0013 s
[JUMP        ]   1.2045 %,  nr     15,  total   0.0157 s,  avg   0.0010 s,  min   0.0009 s,  max   0.0015 s
[JUMPDEST    ]   1.6301 %,  nr     43,  total   0.0213 s,  avg   0.0005 s,  min   0.0004 s,  max   0.0006 s
[JUMPI       ]   4.2101 %,  nr     30,  total   0.0549 s,  avg   0.0018 s,  min   0.0013 s,  max   0.0025 s
[LT          ]   0.2797 %,  nr      6,  total   0.0036 s,  avg   0.0006 s,  min   0.0005 s,  max   0.0007 s
[MLOAD       ]   3.3177 %,  nr      3,  total   0.0433 s,  avg   0.0144 s,  min   0.0139 s,  max   0.0147 s
[MSTORE      ]  31.7790 %,  nr     27,  total   0.4145 s,  avg   0.0154 s,  min   0.0089 s,  max   0.0218 s
[MUL         ]   0.1409 %,  nr      3,  total   0.0018 s,  avg   0.0006 s,  min   0.0006 s,  max   0.0006 s
[POP         ]   0.8714 %,  nr     21,  total   0.0114 s,  avg   0.0005 s,  min   0.0004 s,  max   0.0009 s
[PUSH1       ]   3.9224 %,  nr     96,  total   0.0512 s,  avg   0.0005 s,  min   0.0004 s,  max   0.0008 s
[PUSH2       ]   2.2294 %,  nr     51,  total   0.0291 s,  avg   0.0006 s,  min   0.0004 s,  max   0.0010 s
[PUSH20      ]   0.2349 %,  nr      6,  total   0.0031 s,  avg   0.0005 s,  min   0.0004 s,  max   0.0006 s
[PUSH29      ]   0.1294 %,  nr      3,  total   0.0017 s,  avg   0.0006 s,  min   0.0005 s,  max   0.0006 s
[PUSH4       ]   0.6040 %,  nr     12,  total   0.0079 s,  avg   0.0007 s,  min   0.0005 s,  max   0.0011 s
[RETURNDATACOPY]   0.1365 %,  nr      3,  total   0.0018 s,  avg   0.0006 s,  min   0.0006 s,  max   0.0006 s
[RETURNDATASIZE]   0.3157 %,  nr      6,  total   0.0041 s,  avg   0.0007 s,  min   0.0005 s,  max   0.0010 s
[SHA3        ]  28.0321 %,  nr     12,  total   0.3656 s,  avg   0.0305 s,  min   0.0289 s,  max   0.0324 s
[SLOAD       ]   0.8680 %,  nr     15,  total   0.0113 s,  avg   0.0008 s,  min   0.0006 s,  max   0.0021 s
[SSTORE      ]   0.2959 %,  nr      6,  total   0.0039 s,  avg   0.0006 s,  min   0.0006 s,  max   0.0008 s
[SUB         ]   0.1758 %,  nr      3,  total   0.0023 s,  avg   0.0008 s,  min   0.0006 s,  max   0.0010 s
[SWAP1       ]   1.7138 %,  nr     42,  total   0.0224 s,  avg   0.0005 s,  min   0.0004 s,  max   0.0019 s
[SWAP2       ]   0.2463 %,  nr      6,  total   0.0032 s,  avg   0.0005 s,  min   0.0005 s,  max   0.0006 s
[SWAP4       ]   0.1111 %,  nr      3,  total   0.0014 s,  avg   0.0005 s,  min   0.0005 s,  max   0.0005 s

mythril.analysis.security [INFO]: Starting analysis
mythril.analysis.security [DEBUG]: Retrieving results for Caller can write to arbitrary storage locations
mythril.analysis.security [DEBUG]: Retrieving results for Delegatecall to a user-specified address
mythril.analysis.security [DEBUG]: Retrieving results for Control flow depends on tx.origin
mythril.analysis.security [DEBUG]: Retrieving results for Any sender can withdraw ETH from the contract account
mythril.analysis.security [DEBUG]: Retrieving results for Integer overflow or underflow
mythril.analysis.security [DEBUG]: Retrieving results for State change after an external call
mythril.analysis.security [DEBUG]: Retrieving results for Contract can be accidentally killed by anyone
mythril.analysis.security [DEBUG]: Retrieving results for Return value of an external call is not checked
mythril.mythril.mythril_analyzer [INFO]: Solver statistics: 
Query count: 112 
Solver time: 39.34892177581787
{"error": null, "issues": [{"address": 222, "contract": "MAIN", "description": "Any sender can withdraw Ether from the contract account.\nArbitrary senders other than the contract creator can profitably extract Ether from the contract account. Verify the business logic carefully and make sure that appropriate security controls are in place to prevent unexpected loss of funds.", "function": "fallback", "max_gas_used": 62278, "min_gas_used": 7710, "severity": "High", "sourceMap": 222, "swc-id": "105", "title": "Unprotected Ether Withdrawal", "tx_sequence": {"initialState": {"accounts": {"0x0": {"balance": "0x368191c3a011ba001", "code": "6080604052600436106100565763ffffffff7c01000000000000000000000000000000000000000000000000000000006000350416632e1a7d4d811461005b5780634ddaf8f214610075578063d0e30db0146100a3575b600080fd5b34801561006757600080fd5b506100736004356100ab565b005b34801561008157600080fd5b5061007373ffffffffffffffffffffffffffffffffffffffff6004351661010e565b610073610179565b336000908152600160205260409020548110156100c757600080fd5b604051339082156108fc029083906000818181858888f193505050501580156100f4573d6000803e3d6000fd5b503360009081526001602052604090208054919091039055565b60005473ffffffffffffffffffffffffffffffffffffffff16331461013257600080fd5b60405173ffffffffffffffffffffffffffffffffffffffff821690303180156108fc02916000818181858888f19350505050158015610175573d6000803e3d6000fd5b5050565b336000908152600160205260409020543481011161019357fe5b3360009081526001602052604090208054340190555600a165627a7a723058201363a606f1b71648f443a0d4a1e7e9a2bff489a7f27feb992e0b925bbde5be590029", "nonce": 0, "storage": "{}"}, "0xdeadbeefdeadbeefdeadbeefdeadbeefdeadbeef": {"balance": "0x208000800a4008", "code": "", "nonce": 0, "storage": "{}"}}}, "steps": [{"address": "0x0", "calldata": "0x2e1a7d4d", "input": "0x2e1a7d4d", "name": "withdraw(uint256)", "origin": "0xaaaaaaaaaaaaaaaaaaaaaaaaaaaaaaaaaaaaaaaa", "value": "0x0"}, {"address": "0x0", "calldata": "0x2e1a7d4d000000000000000000000000000000000000000000000002", "input": "0x2e1a7d4d000000000000000000000000000000000000000000000002", "name": "withdraw(uint256)", "origin": "0xdeadbeefdeadbeefdeadbeefdeadbeefdeadbeef", "value": "0x0"}]}}, {"address": 266, "contract": "MAIN", "description": "The arithmetic operator can underflow.\nIt is possible to cause an integer overflow or underflow in the arithmetic operation. ", "function": "fallback", "max_gas_used": 62278, "min_gas_used": 7710, "severity": "High", "sourceMap": 266, "swc-id": "101", "title": "Integer Arithmetic Bugs (subtraction)", "tx_sequence": {"initialState": {"accounts": {"0x0": {"balance": "0x41604002192024424", "code": "6080604052600436106100565763ffffffff7c01000000000000000000000000000000000000000000000000000000006000350416632e1a7d4d811461005b5780634ddaf8f214610075578063d0e30db0146100a3575b600080fd5b34801561006757600080fd5b506100736004356100ab565b005b34801561008157600080fd5b5061007373ffffffffffffffffffffffffffffffffffffffff6004351661010e565b610073610179565b336000908152600160205260409020548110156100c757600080fd5b604051339082156108fc029083906000818181858888f193505050501580156100f4573d6000803e3d6000fd5b503360009081526001602052604090208054919091039055565b60005473ffffffffffffffffffffffffffffffffffffffff16331461013257600080fd5b60405173ffffffffffffffffffffffffffffffffffffffff821690303180156108fc02916000818181858888f19350505050158015610175573d6000803e3d6000fd5b5050565b336000908152600160205260409020543481011161019357fe5b3360009081526001602052604090208054340190555600a165627a7a723058201363a606f1b71648f443a0d4a1e7e9a2bff489a7f27feb992e0b925bbde5be590029", "nonce": 0, "storage": "{}"}, "0xdeadbeefdeadbeefdeadbeefdeadbeefdeadbeef": {"balance": "0x0", "code": "", "nonce": 0, "storage": "{}"}}}, "steps": [{"address": "0x0", "calldata": "0x2e1a7d4d000000000000000000000000000000000000000000000004", "input": "0x2e1a7d4d000000000000000000000000000000000000000000000004", "name": "withdraw(uint256)", "origin": "0xaaaaaaaaaaaaaaaaaaaaaaaaaaaaaaaaaaaaaaaa", "value": "0x0"}]}}], "success": true}
