 ______     __         __  __     ______     __     __  __     __    __    
/\  ___\   /\ \       /\ \_\ \   /\  ___\   /\ \   /\ \/\ \   /\ "-./  \   
\ \  __\   \ \ \____  \ \____ \  \ \___  \  \ \ \  \ \ \_\ \  \ \ \-./\ \  
 \ \_____\  \ \_____\  \/\_____\  \/\_____\  \ \_\  \ \_____\  \ \_\ \ \_\ 
  \/_____/   \/_____/   \/_____/   \/_____/   \/_/   \/_____/   \/_/  \/_/ 
                                                                           
Compiling source code...
Retrieving bytecode for contract 'Missing'.
Please wait. Scanning bytecode for bugs...
Running Osiris...
Finished running Osiris. Execution time 1.0172772407531738 seconds. Code coverage 99.2%.
Running Oyente...
Finished running Oyente. Execution time 1.2635433673858643 seconds. Code coverage 93.7%.
Running Mythril...
Finished running Mythril. Execution time 5.603555202484131 seconds. Code coverage 99.21%.
Detected 1 bug(s):
--> Detected 'leaking ether' bug at program counter address 195 (0xc3) using Mythril with a code coverage of 99.21%.
Exporting original control-flow graph...
Recovering control-flow graph...
Recovered 100% of the control-flow graph
Number of execution paths accessing storage: 3
Deployment bytecode size: 36 bytes (original: 32 bytes) 12.5% increase.
Runtime bytecode size: 288 bytes (original: 253 bytes) 13.833992094861662% increase.
Metadata: 0xa165627a7a72305820c947cba886d50ba77777f7e21a31462fb57bf56df0f200930239d90d6210e5fc0029
Exporting patched control-flow graph...
