 ______     __         __  __     ______     __     __  __     __    __    
/\  ___\   /\ \       /\ \_\ \   /\  ___\   /\ \   /\ \/\ \   /\ "-./  \   
\ \  __\   \ \ \____  \ \____ \  \ \___  \  \ \ \  \ \ \_\ \  \ \ \-./\ \  
 \ \_____\  \ \_____\  \/\_____\  \/\_____\  \ \_\  \ \_____\  \ \_\ \ \_\ 
  \/_____/   \/_____/   \/_____/   \/_____/   \/_/   \/_____/   \/_/  \/_/ 
                                                                           
Compiling source code...
Retrieving bytecode for contract 'WedIndex'.
Please wait. Scanning bytecode for bugs...
Running Osiris...
Finished running Osiris. Execution time 1804.9381728172302 seconds. Code coverage 95.7%.
Running Oyente...
Finished running Oyente. Execution time 2.3030900955200195 seconds. Code coverage 28.2%.
Running Mythril...
Finished running Mythril. Execution time 122.87136054039001 seconds. Code coverage 62.78%.
Detected 3 bug(s):
--> Detected 'overflow' (ADD) bug at program counter address 1181 (0x49d) using Osiris with a code coverage of 95.7%.
--> Detected 'overflow' (MUL) bug at program counter address 1197 (0x4ad) using Osiris with a code coverage of 95.7%.
--> Detected 'overflow' (ADD) bug at program counter address 1283 (0x503) using Osiris with a code coverage of 95.7%.
Exporting original control-flow graph...
Recovering control-flow graph...
Recovered 100% of the control-flow graph
Number of execution paths accessing storage: 22
Deployment bytecode size: 37 bytes (original: 37 bytes) 0.0% increase.
Runtime bytecode size: 2832 bytes (original: 2709 bytes) 4.540420819490587% increase.
Metadata: 0xa165627a7a72305820df4138e70a7b6cd547ea79ced5fdea0d3473801949463d1e787848710a2fd2160029
Exporting patched control-flow graph...
