Compilation warnings/errors on smartbugs/dataset/unchecked_low_level_calls/0x663e4229142a27f00bafb5d087e1e730648314c3.sol:
smartbugs/dataset/unchecked_low_level_calls/0x663e4229142a27f00bafb5d087e1e730648314c3.sol:35:3: Warning: Defining constructors as functions with the same name as the contract is deprecated. Use "constructor(...) { ... }" instead.
  function Ownable() {
  ^ (Relevant source part starts here and spans across multiple lines).
smartbugs/dataset/unchecked_low_level_calls/0x663e4229142a27f00bafb5d087e1e730648314c3.sol:770:9: Warning: Use of the "var" keyword is deprecated.
        var outputString = new string(_stringLength);
        ^--------------^
smartbugs/dataset/unchecked_low_level_calls/0x663e4229142a27f00bafb5d087e1e730648314c3.sol:1474:5: Warning: Defining constructors as functions with the same name as the contract is deprecated. Use "constructor(...) { ... }" instead.
    function ClockAuction(address _nftAddress, uint256 _cut) public {
    ^ (Relevant source part starts here and spans across multiple lines).
smartbugs/dataset/unchecked_low_level_calls/0x663e4229142a27f00bafb5d087e1e730648314c3.sol:1627:5: Warning: Defining constructors as functions with the same name as the contract is deprecated. Use "constructor(...) { ... }" instead.
    function SiringClockAuction(address _nftAddr, uint256 _cut) public
    ^ (Relevant source part starts here and spans across multiple lines).
smartbugs/dataset/unchecked_low_level_calls/0x663e4229142a27f00bafb5d087e1e730648314c3.sol:1706:5: Warning: Defining constructors as functions with the same name as the contract is deprecated. Use "constructor(...) { ... }" instead.
    function SaleClockAuction(address _nftAddr, uint256 _cut) public
    ^ (Relevant source part starts here and spans across multiple lines).
smartbugs/dataset/unchecked_low_level_calls/0x663e4229142a27f00bafb5d087e1e730648314c3.sol:1858:5: Warning: Defining constructors as functions with the same name as the contract is deprecated. Use "constructor(...) { ... }" instead.
    function SaleClockAuctionERC20(address _nftAddr, uint256 _cut) public
    ^ (Relevant source part starts here and spans across multiple lines).
smartbugs/dataset/unchecked_low_level_calls/0x663e4229142a27f00bafb5d087e1e730648314c3.sol:2360:5: Warning: Defining constructors as functions with the same name as the contract is deprecated. Use "constructor(...) { ... }" instead.
    function PandaCore() public {
    ^ (Relevant source part starts here and spans across multiple lines).
smartbugs/dataset/unchecked_low_level_calls/0x663e4229142a27f00bafb5d087e1e730648314c3.sol:404:9: Warning: Invoking events without "emit" prefix is deprecated.
        Transfer(_from, _to, _tokenId);
        ^----------------------------^
smartbugs/dataset/unchecked_low_level_calls/0x663e4229142a27f00bafb5d087e1e730648314c3.sol:491:9: Warning: Invoking events without "emit" prefix is deprecated.
        Birth(
        ^ (Relevant source part starts here and spans across multiple lines).
smartbugs/dataset/unchecked_low_level_calls/0x663e4229142a27f00bafb5d087e1e730648314c3.sol:662:9: Warning: Invoking events without "emit" prefix is deprecated.
        Approval(msg.sender, _to, _tokenId);
        ^---------------------------------^
smartbugs/dataset/unchecked_low_level_calls/0x663e4229142a27f00bafb5d087e1e730648314c3.sol:1025:9: Warning: Invoking events without "emit" prefix is deprecated.
        Pregnant(pandaIndexToOwner[_matronId], _matronId, _sireId, matron.cooldownEndBlock);
        ^---------------------------------------------------------------------------------^
smartbugs/dataset/unchecked_low_level_calls/0x663e4229142a27f00bafb5d087e1e730648314c3.sol:1131:21: Warning: This function only accepts a single "bytes" argument. Please use "abi.encodePacked(...)" or a similar function to encode the data.
        if (uint256(keccak256(block.blockhash(block.number - 2), now)) % 100 < probability) {
                    ^-----------------------------------------------^
smartbugs/dataset/unchecked_low_level_calls/0x663e4229142a27f00bafb5d087e1e730648314c3.sol:1136:13: Warning: Invoking events without "emit" prefix is deprecated.
            Abortion(pandaIndexToOwner[_matronId], _matronId, sireId);
            ^-------------------------------------------------------^
smartbugs/dataset/unchecked_low_level_calls/0x663e4229142a27f00bafb5d087e1e730648314c3.sol:1152:9: Warning: Failure condition of 'send' ignored. Consider using 'transfer' instead.
        msg.sender.send(autoBirthFee);
        ^---------------------------^
smartbugs/dataset/unchecked_low_level_calls/0x663e4229142a27f00bafb5d087e1e730648314c3.sol:1237:9: Warning: Invoking events without "emit" prefix is deprecated.
        AuctionCreated(
        ^ (Relevant source part starts here and spans across multiple lines).
smartbugs/dataset/unchecked_low_level_calls/0x663e4229142a27f00bafb5d087e1e730648314c3.sol:1249:9: Warning: Invoking events without "emit" prefix is deprecated.
        AuctionCancelled(_tokenId);
        ^------------------------^
smartbugs/dataset/unchecked_low_level_calls/0x663e4229142a27f00bafb5d087e1e730648314c3.sol:1310:9: Warning: Invoking events without "emit" prefix is deprecated.
        AuctionSuccessful(_tokenId, price, msg.sender);
        ^--------------------------------------------^
smartbugs/dataset/unchecked_low_level_calls/0x663e4229142a27f00bafb5d087e1e730648314c3.sol:1444:5: Warning: Invoking events without "emit" prefix is deprecated.
    Pause();
    ^-----^
smartbugs/dataset/unchecked_low_level_calls/0x663e4229142a27f00bafb5d087e1e730648314c3.sol:1453:5: Warning: Invoking events without "emit" prefix is deprecated.
    Unpause();
    ^-------^
smartbugs/dataset/unchecked_low_level_calls/0x663e4229142a27f00bafb5d087e1e730648314c3.sol:1496:36: Warning: Using contract member "balance" inherited from the address type is deprecated. Convert the contract to "address" type to access the member, for example use "address(contract).balance" instead.
        bool res = nftAddress.send(this.balance);
                                   ^----------^
smartbugs/dataset/unchecked_low_level_calls/0x663e4229142a27f00bafb5d087e1e730648314c3.sol:1808:25: Warning: This function only accepts a single "bytes" argument. Please use "abi.encodePacked(...)" or a similar function to encode the data.
        bytes32 bHash = keccak256(block.blockhash(block.number),block.blockhash(block.number-1));
                        ^----------------------------------------------------------------------^
smartbugs/dataset/unchecked_low_level_calls/0x663e4229142a27f00bafb5d087e1e730648314c3.sol:1918:9: Warning: Invoking events without "emit" prefix is deprecated.
        AuctionERC20Created(
        ^ (Relevant source part starts here and spans across multiple lines).
smartbugs/dataset/unchecked_low_level_calls/0x663e4229142a27f00bafb5d087e1e730648314c3.sol:2013:9: Warning: Invoking events without "emit" prefix is deprecated.
        AuctionSuccessful(_tokenId, price, msg.sender);
        ^--------------------------------------------^
smartbugs/dataset/unchecked_low_level_calls/0x663e4229142a27f00bafb5d087e1e730648314c3.sol:2398:9: Warning: Invoking events without "emit" prefix is deprecated.
        ContractUpgrade(_v2Address);
        ^-------------------------^
smartbugs/dataset/unchecked_low_level_calls/0x663e4229142a27f00bafb5d087e1e730648314c3.sol:2461:27: Warning: Using contract member "balance" inherited from the address type is deprecated. Convert the contract to "address" type to access the member, for example use "address(contract).balance" instead.
        uint256 balance = this.balance;
                          ^----------^
smartbugs/dataset/unchecked_low_level_calls/0x663e4229142a27f00bafb5d087e1e730648314c3.sol:2467:13: Warning: Failure condition of 'send' ignored. Consider using 'transfer' instead.
            cfoAddress.send(balance - subtractFees);
            ^-------------------------------------^
smartbugs/dataset/unchecked_low_level_calls/0x663e4229142a27f00bafb5d087e1e730648314c3.sol:11:5: Warning: No visibility specified. Defaulting to "public". 
    function totalSupply() constant returns (uint supply);
    ^----------------------------------------------------^
smartbugs/dataset/unchecked_low_level_calls/0x663e4229142a27f00bafb5d087e1e730648314c3.sol:12:5: Warning: No visibility specified. Defaulting to "public". 
    function balanceOf( address who ) constant returns (uint value);
    ^--------------------------------------------------------------^
smartbugs/dataset/unchecked_low_level_calls/0x663e4229142a27f00bafb5d087e1e730648314c3.sol:13:5: Warning: No visibility specified. Defaulting to "public". 
    function allowance( address owner, address spender ) constant returns (uint _allowance);
    ^--------------------------------------------------------------------------------------^
smartbugs/dataset/unchecked_low_level_calls/0x663e4229142a27f00bafb5d087e1e730648314c3.sol:15:5: Warning: No visibility specified. Defaulting to "public". 
    function transfer( address to, uint value) returns (bool ok);
    ^-----------------------------------------------------------^
smartbugs/dataset/unchecked_low_level_calls/0x663e4229142a27f00bafb5d087e1e730648314c3.sol:16:5: Warning: No visibility specified. Defaulting to "public". 
    function transferFrom( address from, address to, uint value) returns (bool ok);
    ^-----------------------------------------------------------------------------^
smartbugs/dataset/unchecked_low_level_calls/0x663e4229142a27f00bafb5d087e1e730648314c3.sol:17:5: Warning: No visibility specified. Defaulting to "public". 
    function approve( address spender, uint value ) returns (bool ok);
    ^----------------------------------------------------------------^
smartbugs/dataset/unchecked_low_level_calls/0x663e4229142a27f00bafb5d087e1e730648314c3.sol:35:3: Warning: No visibility specified. Defaulting to "public". 
  function Ownable() {
  ^ (Relevant source part starts here and spans across multiple lines).
smartbugs/dataset/unchecked_low_level_calls/0x663e4229142a27f00bafb5d087e1e730648314c3.sol:53:3: Warning: No visibility specified. Defaulting to "public". 
  function transferOwnership(address newOwner) onlyOwner {
  ^ (Relevant source part starts here and spans across multiple lines).
smartbugs/dataset/unchecked_low_level_calls/0x663e4229142a27f00bafb5d087e1e730648314c3.sol:1131:31: Warning: "block.blockhash()" has been deprecated in favor of "blockhash()"
        if (uint256(keccak256(block.blockhash(block.number - 2), now)) % 100 < probability) {
                              ^-------------^
smartbugs/dataset/unchecked_low_level_calls/0x663e4229142a27f00bafb5d087e1e730648314c3.sol:1442:3: Warning: No visibility specified. Defaulting to "public". 
  function pause() onlyOwner whenNotPaused returns (bool) {
  ^ (Relevant source part starts here and spans across multiple lines).
smartbugs/dataset/unchecked_low_level_calls/0x663e4229142a27f00bafb5d087e1e730648314c3.sol:1451:3: Warning: No visibility specified. Defaulting to "public". 
  function unpause() onlyOwner whenPaused returns (bool) {
  ^ (Relevant source part starts here and spans across multiple lines).
smartbugs/dataset/unchecked_low_level_calls/0x663e4229142a27f00bafb5d087e1e730648314c3.sol:1496:9: Warning: Unused local variable.
        bool res = nftAddress.send(this.balance);
        ^------^
smartbugs/dataset/unchecked_low_level_calls/0x663e4229142a27f00bafb5d087e1e730648314c3.sol:1808:35: Warning: "block.blockhash()" has been deprecated in favor of "blockhash()"
        bytes32 bHash = keccak256(block.blockhash(block.number),block.blockhash(block.number-1));
                                  ^-------------^
smartbugs/dataset/unchecked_low_level_calls/0x663e4229142a27f00bafb5d087e1e730648314c3.sol:1808:65: Warning: "block.blockhash()" has been deprecated in favor of "blockhash()"
        bytes32 bHash = keccak256(block.blockhash(block.number),block.blockhash(block.number-1));
                                                                ^-------------^
smartbugs/dataset/unchecked_low_level_calls/0x663e4229142a27f00bafb5d087e1e730648314c3.sol:1927:18: Warning: Unused function parameter. Remove or comment out the variable name to silence this warning.
    function bid(uint256 _tokenId)
                 ^--------------^
smartbugs/dataset/unchecked_low_level_calls/0x663e4229142a27f00bafb5d087e1e730648314c3.sol:1939:9: Warning: Unused local variable.
        address seller = tokenIdToAuction[_tokenId].seller;
        ^------------^
smartbugs/dataset/unchecked_low_level_calls/0x663e4229142a27f00bafb5d087e1e730648314c3.sol:1942:9: Warning: Unused local variable.
        uint256 price = _bidERC20(_erc20address,msg.sender,_tokenId, _amount);
        ^-----------^
smartbugs/dataset/unchecked_low_level_calls/0x663e4229142a27f00bafb5d087e1e730648314c3.sol:1958:88: Warning: Unused function parameter. Remove or comment out the variable name to silence this warning.
    function withdrawERC20Balance(address _erc20Address, address _to) external returns(bool res)  {
                                                                                       ^------^
smartbugs/dataset/unchecked_low_level_calls/0x663e4229142a27f00bafb5d087e1e730648314c3.sol:516:5: Warning: Function state mutability can be restricted to pure
    function getMetadata(uint256 _tokenId, string) public view returns (bytes32[4] buffer, uint256 count) {
    ^ (Relevant source part starts here and spans across multiple lines).
smartbugs/dataset/unchecked_low_level_calls/0x663e4229142a27f00bafb5d087e1e730648314c3.sol:747:5: Warning: Function state mutability can be restricted to pure
    function _memcpy(uint _dest, uint _src, uint _len) private view {
    ^ (Relevant source part starts here and spans across multiple lines).
smartbugs/dataset/unchecked_low_level_calls/0x663e4229142a27f00bafb5d087e1e730648314c3.sol:990:5: Warning: Function state mutability can be restricted to view
    function _exchangeMatronSireId(uint256 _matronId, uint256 _sireId) internal returns(uint256, uint256) {
    ^ (Relevant source part starts here and spans across multiple lines).

smartbugs/dataset/unchecked_low_level_calls/0x663e4229142a27f00bafb5d087e1e730648314c3.sol analyzed (18 contracts)
error can not find type for {"type":"IndexAccess","base":{"type":"Identifier","name":"wizzPandaQuota","loc":{"start":{"line":2385,"column":8},"end":{"line":2385,"column":8}}},"index":{"type":"NumberLiteral","number":"1","subdenomination":null,"loc":{"start":{"line":2385,"column":23},"end":{"line":2385,"column":23}}},"loc":{"start":{"line":2385,"column":8},"end":{"line":2385,"column":24}}}
/sGuardPlus/src/revert2src.js:373
			throw new Error(`${ast.type} unimpl`)
			^

Error: ElementaryTypeName unimpl
    at RevertExp.start (/sGuardPlus/src/revert2src.js:373:10)
    at FunctionCall (/sGuardPlus/src/revert2src.js:285:10)
    at RevertExp.start (/sGuardPlus/src/revert2src.js:371:4)
    at TupleExpression (/sGuardPlus/src/revert2src.js:261:11)
    at RevertExp.start (/sGuardPlus/src/revert2src.js:371:4)
    at StateVariableDeclaration (/sGuardPlus/src/revert2src.js:191:11)
    at RevertTop.start (/sGuardPlus/src/revert2src.js:230:4)
    at /sGuardPlus/src/revert2src.js:110:11
    at Array.forEach (<anonymous>)
    at ContractDefinition (/sGuardPlus/src/revert2src.js:109:18)
