Getting Slither report...
Switched global version to 0.4.26



'solc --version' running
'solc ../smartbugs-curated/dataset/arithmetic/tokensalechallenge.sol --combined-json abi,ast,bin,bin-runtime,srcmap,srcmap-runtime,userdoc,devdoc,hashes,compact-format --allow-paths .,/home/mokita/sc_study/temp/smartbugs-curated/dataset/arithmetic' running
Compilation warnings/errors on ../smartbugs-curated/dataset/arithmetic/tokensalechallenge.sol:
../smartbugs-curated/dataset/arithmetic/tokensalechallenge.sol:12:5: Warning: Defining constructors as functions with the same name as the contract is deprecated. Use "constructor(...) { ... }" instead.
    function TokenSaleChallenge(address _player) public payable {
    ^ (Relevant source part starts here and spans across multiple lines).
../smartbugs-curated/dataset/arithmetic/tokensalechallenge.sol:8:1: Warning: Source file does not specify required compiler version!Consider adding "pragma solidity ^0.4.26;"
contract TokenSaleChallenge {
^ (Relevant source part starts here and spans across multiple lines).
../smartbugs-curated/dataset/arithmetic/tokensalechallenge.sol:12:33: Warning: Unused function parameter. Remove or comment out the variable name to silence this warning.
    function TokenSaleChallenge(address _player) public payable {
                                ^-------------^


solc-0.4.26 is an outdated solc version. Use a more recent version (at least 0.8.0), if possible.
Reference: https://github.com/crytic/slither/wiki/Detector-Documentation#incorrect-versions-of-solidity
../smartbugs-curated/dataset/arithmetic/tokensalechallenge.sol analyzed (1 contracts with 95 detectors), 1 result(s) found

Error running slither
tokensalechallenge.sol
Getting Solidity AST...
Running TIPS...
tokensalechallenge.sol
0.0010578632354736328


