 ______     __         __  __     ______     __     __  __     __    __    
/\  ___\   /\ \       /\ \_\ \   /\  ___\   /\ \   /\ \/\ \   /\ "-./  \   
\ \  __\   \ \ \____  \ \____ \  \ \___  \  \ \ \  \ \ \_\ \  \ \ \-./\ \  
 \ \_____\  \ \_____\  \/\_____\  \/\_____\  \ \_\  \ \_____\  \ \_\ \ \_\ 
  \/_____/   \/_____/   \/_____/   \/_____/   \/_/   \/_____/   \/_/  \/_/ 
                                                                           
Compiling source code...
Retrieving bytecode for contract 'Pie'.
Please wait. Scanning bytecode for bugs...
Running Osiris...
Finished running Osiris. Execution time 17.122976779937744 seconds. Code coverage 99.8%.
Running Oyente...
Finished running Oyente. Execution time 1.084937572479248 seconds. Code coverage 58.2%.
Running Mythril...
Finished running Mythril. Execution time 25.109996557235718 seconds. Code coverage 65.31%.
Detected 1 bug(s):
--> Detected 'leaking ether' bug at program counter address 680 (0x2a8) using Mythril with a code coverage of 65.31%.
Exporting original control-flow graph...
Recovering control-flow graph...
Recovered 100% of the control-flow graph
Number of execution paths accessing storage: 7
Runtime bytecode size: 741 bytes (original: 705 bytes) 5.1063829787234045% increase.
Metadata: 0xa165627a7a723058205b8c0926c8f7ca66661bd69e4a7f3fe556a97362b622941d38725d680e05ba990029
Exporting patched control-flow graph...
