mythril.mythril.mythril_config [INFO]: Creating mythril data directory 
mythril.mythril.mythril_config [INFO]: No config file found. Creating default: /root/.mythril/config.ini 
mythril.mythril.mythril_config [INFO]: Infura key not provided, so onchain access is disabled. Use --infura-id <INFURA_ID> or set it in the environment variable INFURA_ID or in the ~/.mythril/config.ini file 
mythril.support.signatures [INFO]: Using signature database at /root/.mythril/signatures.db
mythril.laser.ethereum.svm [INFO]: LASER EVM initialized with dynamic loader: <mythril.support.loader.DynLoader object at 0x770947d770d0>
mythril.laser.ethereum.strategy.extensions.bounded_loops [INFO]: Loaded search strategy extension: Loop bounds (limit = 3)
mythril.laser.plugin.loader [INFO]: Loading laser plugin: coverage
mythril.laser.plugin.loader [INFO]: Loading laser plugin: mutation-pruner
mythril.laser.plugin.loader [INFO]: Loading laser plugin: call-depth-limit
mythril.laser.plugin.loader [INFO]: Loading laser plugin: instruction-profiler
mythril.laser.plugin.loader [INFO]: Loading laser plugin: dependency-pruner
mythril.laser.plugin.loader [INFO]: Instrumenting symbolic vm with plugin: coverage
mythril.laser.plugin.loader [INFO]: Instrumenting symbolic vm with plugin: mutation-pruner
mythril.laser.plugin.loader [INFO]: Instrumenting symbolic vm with plugin: call-depth-limit
mythril.laser.plugin.loader [INFO]: Instrumenting symbolic vm with plugin: instruction-profiler
mythril.laser.plugin.loader [INFO]: Instrumenting symbolic vm with plugin: dependency-pruner
mythril.laser.ethereum.svm [DEBUG]: Starting LASER execution
mythril.laser.ethereum.svm [INFO]: Starting message call transaction to 0
mythril.laser.ethereum.svm [INFO]: Starting message call transaction, iteration: 0, 1 initial states
mythril.laser.ethereum.instructions [DEBUG]: Evaluating PUSH1 at 0
mythril.laser.ethereum.instructions [DEBUG]: Evaluating PUSH1 at 1
mythril.laser.ethereum.instructions [DEBUG]: Evaluating MSTORE at 2
mythril.laser.ethereum.instructions [DEBUG]: Evaluating PUSH1 at 3
mythril.laser.ethereum.instructions [DEBUG]: Evaluating CALLDATASIZE at 4
mythril.laser.ethereum.instructions [DEBUG]: Evaluating LT at 5
mythril.laser.ethereum.instructions [DEBUG]: Evaluating PUSH1 at 6
mythril.analysis.module.base [DEBUG]: Entering analysis module: TxOrigin
mythril.analysis.module.base [DEBUG]: Exiting analysis module: TxOrigin
mythril.analysis.module.base [DEBUG]: Entering analysis module: IntegerArithmetics
mythril.analysis.module.base [DEBUG]: Exiting analysis module: IntegerArithmetics
mythril.laser.ethereum.instructions [DEBUG]: Evaluating JUMPI at 7
mythril.laser.ethereum.instructions [DEBUG]: Evaluating PUSH4 at 8
mythril.laser.ethereum.instructions [DEBUG]: Evaluating JUMPDEST at 19
mythril.laser.ethereum.instructions [DEBUG]: Evaluating PUSH29 at 9
mythril.laser.ethereum.instructions [DEBUG]: Evaluating PUSH1 at 20
mythril.laser.ethereum.instructions [DEBUG]: Evaluating PUSH1 at 10
mythril.laser.ethereum.instructions [DEBUG]: Evaluating DUP1 at 21
mythril.laser.ethereum.instructions [DEBUG]: Evaluating CALLDATALOAD at 11
mythril.laser.ethereum.instructions [DEBUG]: Evaluating REVERT at 22
mythril.laser.ethereum.svm [DEBUG]: Ending transaction MessageCallTransaction 1 from sender_1 to                                        0x0.
mythril.laser.ethereum.instructions [DEBUG]: Evaluating DIV at 12
mythril.laser.ethereum.instructions [DEBUG]: Evaluating AND at 13
mythril.laser.ethereum.instructions [DEBUG]: Evaluating PUSH4 at 14
mythril.laser.ethereum.instructions [DEBUG]: Evaluating DUP2 at 15
mythril.laser.ethereum.instructions [DEBUG]: Evaluating EQ at 16
mythril.laser.ethereum.instructions [DEBUG]: Evaluating PUSH1 at 17
mythril.analysis.module.base [DEBUG]: Entering analysis module: TxOrigin
mythril.analysis.module.base [DEBUG]: Exiting analysis module: TxOrigin
mythril.analysis.module.base [DEBUG]: Entering analysis module: IntegerArithmetics
mythril.analysis.module.base [DEBUG]: Exiting analysis module: IntegerArithmetics
mythril.laser.ethereum.instructions [DEBUG]: Evaluating JUMPI at 18
mythril.laser.ethereum.instructions [DEBUG]: Evaluating JUMPDEST at 19
mythril.laser.ethereum.instructions [DEBUG]: Evaluating JUMPDEST at 23
mythril.laser.ethereum.instructions [DEBUG]: Evaluating PUSH1 at 20
mythril.laser.ethereum.instructions [DEBUG]: Evaluating CALLVALUE at 24
mythril.laser.ethereum.instructions [DEBUG]: Evaluating DUP1 at 21
mythril.laser.ethereum.instructions [DEBUG]: Evaluating DUP1 at 25
mythril.laser.ethereum.instructions [DEBUG]: Evaluating REVERT at 22
mythril.laser.ethereum.svm [DEBUG]: Ending transaction MessageCallTransaction 1 from sender_1 to                                        0x0.
mythril.laser.ethereum.instructions [DEBUG]: Evaluating ISZERO at 26
mythril.laser.ethereum.instructions [DEBUG]: Evaluating PUSH1 at 27
mythril.analysis.module.base [DEBUG]: Entering analysis module: TxOrigin
mythril.analysis.module.base [DEBUG]: Exiting analysis module: TxOrigin
mythril.analysis.module.base [DEBUG]: Entering analysis module: IntegerArithmetics
mythril.analysis.module.base [DEBUG]: Exiting analysis module: IntegerArithmetics
mythril.laser.ethereum.instructions [DEBUG]: Evaluating JUMPI at 28
mythril.laser.ethereum.instructions [DEBUG]: Evaluating PUSH1 at 29
mythril.laser.ethereum.instructions [DEBUG]: Evaluating JUMPDEST at 32
mythril.laser.ethereum.instructions [DEBUG]: Evaluating DUP1 at 30
mythril.laser.ethereum.instructions [DEBUG]: Evaluating POP at 33
mythril.laser.ethereum.instructions [DEBUG]: Evaluating REVERT at 31
mythril.laser.ethereum.svm [DEBUG]: Ending transaction MessageCallTransaction 1 from sender_1 to                                        0x0.
mythril.laser.ethereum.instructions [DEBUG]: Evaluating PUSH1 at 34
mythril.laser.ethereum.instructions [DEBUG]: Evaluating PUSH20 at 35
mythril.laser.ethereum.instructions [DEBUG]: Evaluating PUSH1 at 36
mythril.laser.ethereum.instructions [DEBUG]: Evaluating CALLDATALOAD at 37
mythril.laser.ethereum.instructions [DEBUG]: Evaluating AND at 38
mythril.laser.ethereum.instructions [DEBUG]: Evaluating PUSH1 at 39
mythril.laser.ethereum.instructions [DEBUG]: Evaluating JUMP at 40
mythril.laser.ethereum.instructions [DEBUG]: Evaluating JUMPDEST at 43
mythril.laser.ethereum.instructions [DEBUG]: Evaluating PUSH1 at 44
mythril.laser.ethereum.instructions [DEBUG]: Evaluating MLOAD at 45
mythril.laser.ethereum.instructions [DEBUG]: Evaluating PUSH20 at 46
mythril.laser.ethereum.instructions [DEBUG]: Evaluating DUP3 at 47
mythril.laser.ethereum.instructions [DEBUG]: Evaluating AND at 48
mythril.laser.ethereum.instructions [DEBUG]: Evaluating SWAP1 at 49
mythril.laser.ethereum.instructions [DEBUG]: Evaluating PUSH1 at 50
mythril.laser.ethereum.instructions [DEBUG]: Evaluating DUP2 at 51
mythril.laser.ethereum.instructions [DEBUG]: Evaluating DUP2 at 52
mythril.laser.ethereum.instructions [DEBUG]: Evaluating DUP2 at 53
mythril.laser.ethereum.instructions [DEBUG]: Evaluating DUP2 at 54
mythril.laser.ethereum.instructions [DEBUG]: Evaluating DUP7 at 55
mythril.laser.ethereum.instructions [DEBUG]: Evaluating GAS at 56
mythril.analysis.module.base [DEBUG]: Entering analysis module: IntegerArithmetics
mythril.analysis.module.base [DEBUG]: Exiting analysis module: IntegerArithmetics
mythril.analysis.module.base [DEBUG]: Entering analysis module: StateChangeAfterCall
mythril.analysis.module.base [DEBUG]: Exiting analysis module: StateChangeAfterCall
mythril.laser.ethereum.instructions [DEBUG]: Evaluating CALL at 57
mythril.laser.ethereum.call [DEBUG]: Symbolic call encountered
mythril.laser.ethereum.call [DEBUG]: CALL to: Concat(0,
       If(1_calldatasize <= 16, 0, 1_calldata[16]),
       If(1_calldatasize <= 17, 0, 1_calldata[17]),
       If(1_calldatasize <= 18, 0, 1_calldata[18]),
       If(1_calldatasize <= 19, 0, 1_calldata[19]),
       If(1_calldatasize <= 20, 0, 1_calldata[20]),
       If(1_calldatasize <= 21, 0, 1_calldata[21]),
       If(1_calldatasize <= 22, 0, 1_calldata[22]),
       If(1_calldatasize <= 23, 0, 1_calldata[23]),
       If(1_calldatasize <= 24, 0, 1_calldata[24]),
       If(1_calldatasize <= 25, 0, 1_calldata[25]),
       If(1_calldatasize <= 26, 0, 1_calldata[26]),
       If(1_calldatasize <= 27, 0, 1_calldata[27]),
       If(1_calldatasize <= 28, 0, 1_calldata[28]),
       If(1_calldatasize <= 29, 0, 1_calldata[29]),
       If(1_calldatasize <= 30, 0, 1_calldata[30]),
       If(1_calldatasize <= 31, 0, 1_calldata[31]),
       If(1_calldatasize <= 32, 0, 1_calldata[32]),
       If(1_calldatasize <= 33, 0, 1_calldata[33]),
       If(1_calldatasize <= 34, 0, 1_calldata[34]),
       If(1_calldatasize <= 35, 0, 1_calldata[35]))
mythril.laser.ethereum.instructions [DEBUG]: The call is related to ether transfer between accounts
mythril.analysis.module.base [DEBUG]: Entering analysis module: EtherThief
mythril.analysis.module.base [DEBUG]: Exiting analysis module: EtherThief
mythril.analysis.module.base [DEBUG]: Entering analysis module: UncheckedRetval
mythril.analysis.module.modules.unchecked_retval [DEBUG]: End of call, extracting retval
mythril.analysis.module.base [DEBUG]: Exiting analysis module: UncheckedRetval
mythril.laser.ethereum.instructions [DEBUG]: Evaluating PUSH2 at 58
mythril.laser.ethereum.instructions [DEBUG]: Evaluating PUSH2 at 59
mythril.laser.ethereum.instructions [DEBUG]: Evaluating JUMP at 60
mythril.laser.ethereum.instructions [DEBUG]: Evaluating JUMPDEST at 68
mythril.laser.ethereum.instructions [DEBUG]: Evaluating DUP2 at 69
mythril.laser.ethereum.instructions [DEBUG]: Evaluating ISZERO at 70
mythril.laser.ethereum.instructions [DEBUG]: Evaluating ISZERO at 71
mythril.laser.ethereum.instructions [DEBUG]: Evaluating SWAP1 at 72
mythril.analysis.module.base [DEBUG]: Entering analysis module: TxOrigin
mythril.analysis.module.base [DEBUG]: Exiting analysis module: TxOrigin
mythril.analysis.module.base [DEBUG]: Entering analysis module: IntegerArithmetics
mythril.analysis.module.base [DEBUG]: Exiting analysis module: IntegerArithmetics
mythril.laser.ethereum.instructions [DEBUG]: Evaluating JUMPI at 73
mythril.laser.ethereum.instructions [DEBUG]: Evaluating PUSH1 at 74
mythril.laser.ethereum.instructions [DEBUG]: Evaluating JUMPDEST at 61
mythril.laser.ethereum.instructions [DEBUG]: Evaluating DUP1 at 75
mythril.laser.ethereum.instructions [DEBUG]: Evaluating POP at 62
mythril.laser.ethereum.instructions [DEBUG]: Evaluating REVERT at 76
mythril.laser.ethereum.svm [DEBUG]: Ending transaction MessageCallTransaction 1 from sender_1 to                                        0x0.
mythril.laser.ethereum.instructions [DEBUG]: Evaluating POP at 63
mythril.laser.ethereum.instructions [DEBUG]: Evaluating POP at 64
mythril.laser.ethereum.instructions [DEBUG]: Evaluating POP at 65
mythril.laser.ethereum.instructions [DEBUG]: Evaluating JUMP at 66
mythril.laser.ethereum.instructions [DEBUG]: Evaluating JUMPDEST at 41
mythril.analysis.module.base [DEBUG]: Entering analysis module: IntegerArithmetics
mythril.analysis.module.base [DEBUG]: Exiting analysis module: IntegerArithmetics
mythril.analysis.module.base [DEBUG]: Entering analysis module: UncheckedRetval
mythril.analysis.module.base [DEBUG]: Exiting analysis module: UncheckedRetval
mythril.laser.ethereum.instructions [DEBUG]: Evaluating STOP at 42
mythril.laser.ethereum.svm [DEBUG]: Ending transaction MessageCallTransaction 1 from sender_1 to                                        0x0.
mythril.laser.plugin.plugins.coverage.coverage_plugin [INFO]: Number of new instructions covered in tx 0: 76
mythril.laser.ethereum.svm [INFO]: Starting message call transaction, iteration: 1, 1 initial states
mythril.laser.ethereum.instructions [DEBUG]: Evaluating PUSH1 at 0
mythril.laser.ethereum.instructions [DEBUG]: Evaluating PUSH1 at 1
mythril.laser.ethereum.instructions [DEBUG]: Evaluating MSTORE at 2
mythril.laser.ethereum.instructions [DEBUG]: Evaluating PUSH1 at 3
mythril.laser.ethereum.instructions [DEBUG]: Evaluating CALLDATASIZE at 4
mythril.laser.ethereum.instructions [DEBUG]: Evaluating LT at 5
mythril.laser.ethereum.instructions [DEBUG]: Evaluating PUSH1 at 6
mythril.analysis.module.base [DEBUG]: Entering analysis module: TxOrigin
mythril.analysis.module.base [DEBUG]: Exiting analysis module: TxOrigin
mythril.analysis.module.base [DEBUG]: Entering analysis module: IntegerArithmetics
mythril.analysis.module.base [DEBUG]: Exiting analysis module: IntegerArithmetics
mythril.laser.ethereum.instructions [DEBUG]: Evaluating JUMPI at 7
mythril.laser.ethereum.instructions [DEBUG]: Evaluating PUSH4 at 8
mythril.laser.ethereum.instructions [DEBUG]: Evaluating JUMPDEST at 19
mythril.laser.ethereum.instructions [DEBUG]: Evaluating PUSH29 at 9
mythril.laser.ethereum.instructions [DEBUG]: Evaluating PUSH1 at 20
mythril.laser.ethereum.instructions [DEBUG]: Evaluating PUSH1 at 10
mythril.laser.ethereum.instructions [DEBUG]: Evaluating DUP1 at 21
mythril.laser.ethereum.instructions [DEBUG]: Evaluating CALLDATALOAD at 11
mythril.laser.ethereum.instructions [DEBUG]: Evaluating REVERT at 22
mythril.laser.ethereum.svm [DEBUG]: Ending transaction MessageCallTransaction 2 from sender_2 to                                        0x0.
mythril.laser.ethereum.instructions [DEBUG]: Evaluating DIV at 12
mythril.laser.ethereum.instructions [DEBUG]: Evaluating AND at 13
mythril.laser.ethereum.instructions [DEBUG]: Evaluating PUSH4 at 14
mythril.laser.ethereum.instructions [DEBUG]: Evaluating DUP2 at 15
mythril.laser.ethereum.instructions [DEBUG]: Evaluating EQ at 16
mythril.laser.ethereum.instructions [DEBUG]: Evaluating PUSH1 at 17
mythril.analysis.module.base [DEBUG]: Entering analysis module: TxOrigin
mythril.analysis.module.base [DEBUG]: Exiting analysis module: TxOrigin
mythril.analysis.module.base [DEBUG]: Entering analysis module: IntegerArithmetics
mythril.analysis.module.base [DEBUG]: Exiting analysis module: IntegerArithmetics
mythril.laser.ethereum.instructions [DEBUG]: Evaluating JUMPI at 18
mythril.laser.plugin.plugins.dependency_pruner [DEBUG]: Skipping state: Storage slots set() not read in block at address 62, function
mythril.laser.ethereum.instructions [DEBUG]: Evaluating JUMPDEST at 23
mythril.laser.ethereum.instructions [DEBUG]: Evaluating CALLVALUE at 24
mythril.laser.ethereum.instructions [DEBUG]: Evaluating DUP1 at 25
mythril.laser.ethereum.instructions [DEBUG]: Evaluating ISZERO at 26
mythril.laser.ethereum.instructions [DEBUG]: Evaluating PUSH1 at 27
mythril.analysis.module.base [DEBUG]: Entering analysis module: TxOrigin
mythril.analysis.module.base [DEBUG]: Exiting analysis module: TxOrigin
mythril.analysis.module.base [DEBUG]: Entering analysis module: IntegerArithmetics
mythril.analysis.module.base [DEBUG]: Exiting analysis module: IntegerArithmetics
mythril.laser.ethereum.instructions [DEBUG]: Evaluating JUMPI at 28
mythril.laser.ethereum.instructions [DEBUG]: Evaluating PUSH1 at 29
mythril.laser.ethereum.instructions [DEBUG]: Evaluating JUMPDEST at 32
mythril.laser.ethereum.instructions [DEBUG]: Evaluating DUP1 at 30
mythril.laser.ethereum.instructions [DEBUG]: Evaluating POP at 33
mythril.laser.ethereum.instructions [DEBUG]: Evaluating REVERT at 31
mythril.laser.ethereum.svm [DEBUG]: Ending transaction MessageCallTransaction 2 from sender_2 to                                        0x0.
mythril.laser.ethereum.instructions [DEBUG]: Evaluating PUSH1 at 34
mythril.laser.ethereum.instructions [DEBUG]: Evaluating PUSH20 at 35
mythril.laser.ethereum.instructions [DEBUG]: Evaluating PUSH1 at 36
mythril.laser.ethereum.instructions [DEBUG]: Evaluating CALLDATALOAD at 37
mythril.laser.ethereum.instructions [DEBUG]: Evaluating AND at 38
mythril.laser.ethereum.instructions [DEBUG]: Evaluating PUSH1 at 39
mythril.laser.ethereum.instructions [DEBUG]: Evaluating JUMP at 40
mythril.laser.ethereum.instructions [DEBUG]: Evaluating JUMPDEST at 43
mythril.laser.ethereum.instructions [DEBUG]: Evaluating PUSH1 at 44
mythril.laser.ethereum.instructions [DEBUG]: Evaluating MLOAD at 45
mythril.laser.ethereum.instructions [DEBUG]: Evaluating PUSH20 at 46
mythril.laser.ethereum.instructions [DEBUG]: Evaluating DUP3 at 47
mythril.laser.ethereum.instructions [DEBUG]: Evaluating AND at 48
mythril.laser.ethereum.instructions [DEBUG]: Evaluating SWAP1 at 49
mythril.laser.ethereum.instructions [DEBUG]: Evaluating PUSH1 at 50
mythril.laser.ethereum.instructions [DEBUG]: Evaluating DUP2 at 51
mythril.laser.ethereum.instructions [DEBUG]: Evaluating DUP2 at 52
mythril.laser.ethereum.instructions [DEBUG]: Evaluating DUP2 at 53
mythril.laser.ethereum.instructions [DEBUG]: Evaluating DUP2 at 54
mythril.laser.ethereum.instructions [DEBUG]: Evaluating DUP7 at 55
mythril.laser.ethereum.instructions [DEBUG]: Evaluating GAS at 56
mythril.analysis.module.base [DEBUG]: Entering analysis module: IntegerArithmetics
mythril.analysis.module.base [DEBUG]: Exiting analysis module: IntegerArithmetics
mythril.analysis.module.base [DEBUG]: Entering analysis module: StateChangeAfterCall
mythril.analysis.module.base [DEBUG]: Exiting analysis module: StateChangeAfterCall
mythril.laser.ethereum.instructions [DEBUG]: Evaluating CALL at 57
mythril.laser.ethereum.call [DEBUG]: Symbolic call encountered
mythril.laser.ethereum.call [DEBUG]: CALL to: Concat(0,
       If(2_calldatasize <= 16, 0, 2_calldata[16]),
       If(2_calldatasize <= 17, 0, 2_calldata[17]),
       If(2_calldatasize <= 18, 0, 2_calldata[18]),
       If(2_calldatasize <= 19, 0, 2_calldata[19]),
       If(2_calldatasize <= 20, 0, 2_calldata[20]),
       If(2_calldatasize <= 21, 0, 2_calldata[21]),
       If(2_calldatasize <= 22, 0, 2_calldata[22]),
       If(2_calldatasize <= 23, 0, 2_calldata[23]),
       If(2_calldatasize <= 24, 0, 2_calldata[24]),
       If(2_calldatasize <= 25, 0, 2_calldata[25]),
       If(2_calldatasize <= 26, 0, 2_calldata[26]),
       If(2_calldatasize <= 27, 0, 2_calldata[27]),
       If(2_calldatasize <= 28, 0, 2_calldata[28]),
       If(2_calldatasize <= 29, 0, 2_calldata[29]),
       If(2_calldatasize <= 30, 0, 2_calldata[30]),
       If(2_calldatasize <= 31, 0, 2_calldata[31]),
       If(2_calldatasize <= 32, 0, 2_calldata[32]),
       If(2_calldatasize <= 33, 0, 2_calldata[33]),
       If(2_calldatasize <= 34, 0, 2_calldata[34]),
       If(2_calldatasize <= 35, 0, 2_calldata[35]))
mythril.laser.ethereum.instructions [DEBUG]: The call is related to ether transfer between accounts
mythril.analysis.module.base [DEBUG]: Entering analysis module: EtherThief
mythril.analysis.module.base [DEBUG]: Exiting analysis module: EtherThief
mythril.analysis.module.base [DEBUG]: Entering analysis module: UncheckedRetval
mythril.analysis.module.modules.unchecked_retval [DEBUG]: End of call, extracting retval
mythril.analysis.module.base [DEBUG]: Exiting analysis module: UncheckedRetval
mythril.laser.ethereum.instructions [DEBUG]: Evaluating PUSH2 at 58
mythril.laser.ethereum.instructions [DEBUG]: Evaluating PUSH2 at 59
mythril.laser.ethereum.instructions [DEBUG]: Evaluating JUMP at 60
mythril.laser.ethereum.instructions [DEBUG]: Evaluating JUMPDEST at 68
mythril.laser.ethereum.instructions [DEBUG]: Evaluating DUP2 at 69
mythril.laser.ethereum.instructions [DEBUG]: Evaluating ISZERO at 70
mythril.laser.ethereum.instructions [DEBUG]: Evaluating ISZERO at 71
mythril.laser.ethereum.instructions [DEBUG]: Evaluating SWAP1 at 72
mythril.analysis.module.base [DEBUG]: Entering analysis module: TxOrigin
mythril.analysis.module.base [DEBUG]: Exiting analysis module: TxOrigin
mythril.analysis.module.base [DEBUG]: Entering analysis module: IntegerArithmetics
mythril.analysis.module.base [DEBUG]: Exiting analysis module: IntegerArithmetics
mythril.laser.ethereum.instructions [DEBUG]: Evaluating JUMPI at 73
mythril.laser.ethereum.instructions [DEBUG]: Evaluating PUSH1 at 74
mythril.laser.ethereum.instructions [DEBUG]: Evaluating JUMPDEST at 61
mythril.laser.ethereum.instructions [DEBUG]: Evaluating DUP1 at 75
mythril.laser.ethereum.instructions [DEBUG]: Evaluating POP at 62
mythril.laser.ethereum.instructions [DEBUG]: Evaluating REVERT at 76
mythril.laser.ethereum.svm [DEBUG]: Ending transaction MessageCallTransaction 2 from sender_2 to                                        0x0.
mythril.laser.ethereum.instructions [DEBUG]: Evaluating POP at 63
mythril.laser.ethereum.instructions [DEBUG]: Evaluating POP at 64
mythril.laser.ethereum.instructions [DEBUG]: Evaluating POP at 65
mythril.laser.ethereum.instructions [DEBUG]: Evaluating JUMP at 66
mythril.laser.ethereum.instructions [DEBUG]: Evaluating JUMPDEST at 41
mythril.analysis.module.base [DEBUG]: Entering analysis module: IntegerArithmetics
mythril.analysis.module.base [DEBUG]: Exiting analysis module: IntegerArithmetics
mythril.analysis.module.base [DEBUG]: Entering analysis module: UncheckedRetval
mythril.analysis.module.base [DEBUG]: Exiting analysis module: UncheckedRetval
mythril.laser.ethereum.instructions [DEBUG]: Evaluating STOP at 42
mythril.laser.ethereum.svm [DEBUG]: Ending transaction MessageCallTransaction 2 from sender_2 to                                        0x0.
mythril.laser.plugin.plugins.coverage.coverage_plugin [INFO]: Number of new instructions covered in tx 1: 0
mythril.laser.ethereum.svm [INFO]: Finished symbolic execution
mythril.laser.plugin.plugins.coverage.coverage_plugin [INFO]: Achieved 98.70% coverage for code: 608060405260043610603e5763ffffffff7c0100000000000000000000000000000000000000000000000000000000600035041663907c0ff981146043575b600080fd5b348015604e57600080fd5b50606e73ffffffffffffffffffffffffffffffffffffffff600435166070565b005b60405173ffffffffffffffffffffffffffffffffffffffff821690600081818181865af161009c6100a3565b5050505056005b8115159057600080fd
mythril.laser.plugin.plugins.instruction_profiler [INFO]: Total: 0.2143406867980957 s
[AND         ]   1.3697 %,  nr      6,  total   0.0029 s,  avg   0.0005 s,  min   0.0004 s,  max   0.0007 s
[CALL        ]  29.0590 %,  nr      2,  total   0.0623 s,  avg   0.0311 s,  min   0.0216 s,  max   0.0407 s
[CALLDATALOAD]  16.3786 %,  nr      4,  total   0.0351 s,  avg   0.0088 s,  min   0.0078 s,  max   0.0102 s
[CALLDATASIZE]   0.3191 %,  nr      2,  total   0.0007 s,  avg   0.0003 s,  min   0.0003 s,  max   0.0004 s
[CALLVALUE   ]   1.3711 %,  nr      2,  total   0.0029 s,  avg   0.0015 s,  min   0.0003 s,  max   0.0026 s
[DIV         ]   0.5651 %,  nr      2,  total   0.0012 s,  avg   0.0006 s,  min   0.0006 s,  max   0.0006 s
[DUP1        ]   1.6286 %,  nr      9,  total   0.0035 s,  avg   0.0004 s,  min   0.0003 s,  max   0.0007 s
[DUP2        ]   1.9182 %,  nr     12,  total   0.0041 s,  avg   0.0003 s,  min   0.0003 s,  max   0.0005 s
[DUP3        ]   0.3457 %,  nr      2,  total   0.0007 s,  avg   0.0004 s,  min   0.0003 s,  max   0.0004 s
[DUP7        ]   0.3112 %,  nr      2,  total   0.0007 s,  avg   0.0003 s,  min   0.0003 s,  max   0.0004 s
[EQ          ]   0.3331 %,  nr      2,  total   0.0007 s,  avg   0.0004 s,  min   0.0003 s,  max   0.0004 s
[GAS         ]   0.3093 %,  nr      2,  total   0.0007 s,  avg   0.0003 s,  min   0.0003 s,  max   0.0003 s
[ISZERO      ]   1.3842 %,  nr      6,  total   0.0030 s,  avg   0.0005 s,  min   0.0004 s,  max   0.0008 s
[JUMP        ]   1.8153 %,  nr      6,  total   0.0039 s,  avg   0.0006 s,  min   0.0006 s,  max   0.0008 s
[JUMPDEST    ]   3.3698 %,  nr     15,  total   0.0072 s,  avg   0.0005 s,  min   0.0003 s,  max   0.0012 s
[JUMPI       ]   4.7770 %,  nr      8,  total   0.0102 s,  avg   0.0013 s,  min   0.0009 s,  max   0.0020 s
[LT          ]   0.3690 %,  nr      2,  total   0.0008 s,  avg   0.0004 s,  min   0.0004 s,  max   0.0004 s
[MLOAD       ]   9.4784 %,  nr      2,  total   0.0203 s,  avg   0.0102 s,  min   0.0092 s,  max   0.0111 s
[MSTORE      ]  10.3607 %,  nr      2,  total   0.0222 s,  avg   0.0111 s,  min   0.0106 s,  max   0.0116 s
[POP         ]   2.6114 %,  nr     10,  total   0.0056 s,  avg   0.0006 s,  min   0.0003 s,  max   0.0011 s
[PUSH1       ]   7.7172 %,  nr     31,  total   0.0165 s,  avg   0.0005 s,  min   0.0003 s,  max   0.0017 s
[PUSH2       ]   1.1636 %,  nr      4,  total   0.0025 s,  avg   0.0006 s,  min   0.0003 s,  max   0.0009 s
[PUSH20      ]   1.0096 %,  nr      4,  total   0.0022 s,  avg   0.0005 s,  min   0.0004 s,  max   0.0007 s
[PUSH29      ]   0.3135 %,  nr      2,  total   0.0007 s,  avg   0.0003 s,  min   0.0003 s,  max   0.0004 s
[PUSH4       ]   1.1389 %,  nr      4,  total   0.0024 s,  avg   0.0006 s,  min   0.0003 s,  max   0.0010 s
[SWAP1       ]   0.5826 %,  nr      4,  total   0.0012 s,  avg   0.0003 s,  min   0.0003 s,  max   0.0004 s

mythril.analysis.security [INFO]: Starting analysis
mythril.analysis.security [DEBUG]: Retrieving results for Caller can write to arbitrary storage locations
mythril.analysis.security [DEBUG]: Retrieving results for Delegatecall to a user-specified address
mythril.analysis.security [DEBUG]: Retrieving results for Control flow depends on tx.origin
mythril.analysis.security [DEBUG]: Retrieving results for Any sender can withdraw ETH from the contract account
mythril.analysis.security [DEBUG]: Retrieving results for Integer overflow or underflow
mythril.analysis.security [DEBUG]: Retrieving results for State change after an external call
mythril.analysis.security [DEBUG]: Retrieving results for Contract can be accidentally killed by anyone
mythril.analysis.security [DEBUG]: Retrieving results for Return value of an external call is not checked
mythril.mythril.mythril_analyzer [INFO]: Solver statistics: 
Query count: 32 
Solver time: 1.352325201034546
{"error": null, "issues": [], "success": true}
