mythril.mythril.mythril_config [INFO]: Creating mythril data directory 
mythril.mythril.mythril_config [INFO]: No config file found. Creating default: /root/.mythril/config.ini 
mythril.mythril.mythril_config [INFO]: Infura key not provided, so onchain access is disabled. Use --infura-id <INFURA_ID> or set it in the environment variable INFURA_ID or in the ~/.mythril/config.ini file 
mythril.support.signatures [INFO]: Using signature database at /root/.mythril/signatures.db
mythril.laser.ethereum.svm [INFO]: LASER EVM initialized with dynamic loader: <mythril.support.loader.DynLoader object at 0x7e431644ee20>
mythril.laser.ethereum.strategy.extensions.bounded_loops [INFO]: Loaded search strategy extension: Loop bounds (limit = 3)
mythril.laser.plugin.loader [INFO]: Loading laser plugin: coverage
mythril.laser.plugin.loader [INFO]: Loading laser plugin: mutation-pruner
mythril.laser.plugin.loader [INFO]: Loading laser plugin: call-depth-limit
mythril.laser.plugin.loader [INFO]: Loading laser plugin: instruction-profiler
mythril.laser.plugin.loader [INFO]: Loading laser plugin: dependency-pruner
mythril.laser.plugin.loader [INFO]: Instrumenting symbolic vm with plugin: coverage
mythril.laser.plugin.loader [INFO]: Instrumenting symbolic vm with plugin: mutation-pruner
mythril.laser.plugin.loader [INFO]: Instrumenting symbolic vm with plugin: call-depth-limit
mythril.laser.plugin.loader [INFO]: Instrumenting symbolic vm with plugin: instruction-profiler
mythril.laser.plugin.loader [INFO]: Instrumenting symbolic vm with plugin: dependency-pruner
mythril.laser.ethereum.svm [DEBUG]: Starting LASER execution
mythril.laser.ethereum.svm [INFO]: Starting message call transaction to 0
mythril.laser.ethereum.svm [INFO]: Starting message call transaction, iteration: 0, 1 initial states
mythril.laser.ethereum.instructions [DEBUG]: Evaluating PUSH1 at 0
mythril.laser.ethereum.instructions [DEBUG]: Evaluating PUSH1 at 1
mythril.laser.ethereum.instructions [DEBUG]: Evaluating MSTORE at 2
mythril.laser.ethereum.instructions [DEBUG]: Evaluating PUSH1 at 3
mythril.laser.ethereum.instructions [DEBUG]: Evaluating CALLDATALOAD at 4
mythril.laser.ethereum.instructions [DEBUG]: Evaluating PUSH29 at 5
mythril.laser.ethereum.instructions [DEBUG]: Evaluating SWAP1 at 6
mythril.laser.ethereum.instructions [DEBUG]: Evaluating DIV at 7
mythril.laser.ethereum.instructions [DEBUG]: Evaluating PUSH4 at 8
mythril.laser.ethereum.instructions [DEBUG]: Evaluating AND at 9
mythril.laser.ethereum.instructions [DEBUG]: Evaluating DUP1 at 10
mythril.laser.ethereum.instructions [DEBUG]: Evaluating PUSH4 at 11
mythril.laser.ethereum.instructions [DEBUG]: Evaluating EQ at 12
mythril.laser.ethereum.instructions [DEBUG]: Evaluating PUSH1 at 13
mythril.analysis.module.base [DEBUG]: Entering analysis module: TxOrigin
mythril.analysis.module.base [DEBUG]: Exiting analysis module: TxOrigin
mythril.analysis.module.base [DEBUG]: Entering analysis module: IntegerArithmetics
mythril.analysis.module.base [DEBUG]: Exiting analysis module: IntegerArithmetics
mythril.laser.ethereum.instructions [DEBUG]: Evaluating JUMPI at 14
mythril.laser.ethereum.svm [DEBUG]: - Entering function MAIN:unknown
mythril.laser.ethereum.instructions [DEBUG]: Evaluating JUMPDEST at 15
mythril.laser.ethereum.instructions [DEBUG]: Evaluating JUMPDEST at 17
mythril.laser.ethereum.instructions [DEBUG]: Evaluating ASSERT_FAIL at 16
mythril.laser.ethereum.svm [DEBUG]: Encountered a VmException, ending path: ``
mythril.laser.ethereum.instructions [DEBUG]: Evaluating CALLVALUE at 18
mythril.laser.ethereum.instructions [DEBUG]: Evaluating ISZERO at 19
mythril.laser.ethereum.instructions [DEBUG]: Evaluating PUSH1 at 20
mythril.analysis.module.base [DEBUG]: Entering analysis module: TxOrigin
mythril.analysis.module.base [DEBUG]: Exiting analysis module: TxOrigin
mythril.analysis.module.base [DEBUG]: Entering analysis module: IntegerArithmetics
mythril.analysis.module.base [DEBUG]: Exiting analysis module: IntegerArithmetics
mythril.laser.ethereum.instructions [DEBUG]: Evaluating JUMPI at 21
mythril.laser.ethereum.instructions [DEBUG]: Evaluating ASSERT_FAIL at 22
mythril.laser.ethereum.svm [DEBUG]: Encountered a VmException, ending path: ``
mythril.laser.ethereum.instructions [DEBUG]: Evaluating JUMPDEST at 23
mythril.laser.ethereum.instructions [DEBUG]: Evaluating PUSH1 at 24
mythril.laser.ethereum.instructions [DEBUG]: Evaluating PUSH1 at 25
mythril.laser.ethereum.instructions [DEBUG]: Evaluating DUP1 at 26
mythril.laser.ethereum.instructions [DEBUG]: Evaluating DUP1 at 27
mythril.laser.ethereum.instructions [DEBUG]: Evaluating CALLDATALOAD at 28
mythril.laser.ethereum.instructions [DEBUG]: Evaluating PUSH20 at 29
mythril.laser.ethereum.instructions [DEBUG]: Evaluating AND at 30
mythril.laser.ethereum.instructions [DEBUG]: Evaluating SWAP1 at 31
mythril.laser.ethereum.instructions [DEBUG]: Evaluating PUSH1 at 32
mythril.analysis.module.base [DEBUG]: Entering analysis module: IntegerArithmetics
mythril.analysis.module.base [DEBUG]: Exiting analysis module: IntegerArithmetics
mythril.laser.ethereum.instructions [DEBUG]: Evaluating ADD at 33
mythril.laser.ethereum.instructions [DEBUG]: Evaluating SWAP1 at 34
mythril.laser.ethereum.instructions [DEBUG]: Evaluating SWAP2 at 35
mythril.laser.ethereum.instructions [DEBUG]: Evaluating SWAP1 at 36
mythril.laser.ethereum.instructions [DEBUG]: Evaluating POP at 37
mythril.laser.ethereum.instructions [DEBUG]: Evaluating POP at 38
mythril.laser.ethereum.instructions [DEBUG]: Evaluating PUSH1 at 39
mythril.laser.ethereum.instructions [DEBUG]: Evaluating JUMP at 40
mythril.laser.ethereum.instructions [DEBUG]: Evaluating JUMPDEST at 43
mythril.laser.ethereum.instructions [DEBUG]: Evaluating DUP1 at 44
mythril.laser.ethereum.instructions [DEBUG]: Evaluating PUSH20 at 45
mythril.laser.ethereum.instructions [DEBUG]: Evaluating AND at 46
mythril.laser.ethereum.instructions [DEBUG]: Evaluating PUSH1 at 47
mythril.laser.ethereum.instructions [DEBUG]: Evaluating MLOAD at 48
mythril.laser.ethereum.instructions [DEBUG]: Evaluating DUP1 at 49
mythril.laser.ethereum.instructions [DEBUG]: Evaluating SWAP1 at 50
mythril.laser.ethereum.instructions [DEBUG]: Evaluating POP at 51
mythril.laser.ethereum.instructions [DEBUG]: Evaluating PUSH1 at 52
mythril.laser.ethereum.instructions [DEBUG]: Evaluating PUSH1 at 53
mythril.laser.ethereum.instructions [DEBUG]: Evaluating MLOAD at 54
mythril.laser.ethereum.instructions [DEBUG]: Evaluating DUP1 at 55
mythril.laser.ethereum.instructions [DEBUG]: Evaluating DUP4 at 56
mythril.analysis.module.base [DEBUG]: Entering analysis module: IntegerArithmetics
mythril.analysis.module.base [DEBUG]: Exiting analysis module: IntegerArithmetics
mythril.laser.ethereum.instructions [DEBUG]: Evaluating SUB at 57
mythril.laser.ethereum.instructions [DEBUG]: Evaluating DUP2 at 58
mythril.laser.ethereum.instructions [DEBUG]: Evaluating PUSH1 at 59
mythril.laser.ethereum.instructions [DEBUG]: Evaluating DUP7 at 60
mythril.laser.ethereum.instructions [DEBUG]: Evaluating PUSH2 at 61
mythril.laser.ethereum.instructions [DEBUG]: Evaluating GAS at 62
mythril.analysis.module.base [DEBUG]: Entering analysis module: IntegerArithmetics
mythril.analysis.module.base [DEBUG]: Exiting analysis module: IntegerArithmetics
mythril.laser.ethereum.instructions [DEBUG]: Evaluating SUB at 63
mythril.analysis.module.base [DEBUG]: Entering analysis module: IntegerArithmetics
mythril.analysis.module.base [DEBUG]: Exiting analysis module: IntegerArithmetics
mythril.analysis.module.base [DEBUG]: Entering analysis module: StateChangeAfterCall
mythril.analysis.module.base [DEBUG]: Exiting analysis module: StateChangeAfterCall
mythril.laser.ethereum.instructions [DEBUG]: Evaluating CALL at 64
mythril.laser.ethereum.call [DEBUG]: Symbolic call encountered
mythril.laser.ethereum.call [DEBUG]: CALL to: Concat(0,
       If(1_calldatasize <= 16, 0, 1_calldata[16]),
       If(1_calldatasize <= 17, 0, 1_calldata[17]),
       If(1_calldatasize <= 18, 0, 1_calldata[18]),
       If(1_calldatasize <= 19, 0, 1_calldata[19]),
       If(1_calldatasize <= 20, 0, 1_calldata[20]),
       If(1_calldatasize <= 21, 0, 1_calldata[21]),
       If(1_calldatasize <= 22, 0, 1_calldata[22]),
       If(1_calldatasize <= 23, 0, 1_calldata[23]),
       If(1_calldatasize <= 24, 0, 1_calldata[24]),
       If(1_calldatasize <= 25, 0, 1_calldata[25]),
       If(1_calldatasize <= 26, 0, 1_calldata[26]),
       If(1_calldatasize <= 27, 0, 1_calldata[27]),
       If(1_calldatasize <= 28, 0, 1_calldata[28]),
       If(1_calldatasize <= 29, 0, 1_calldata[29]),
       If(1_calldatasize <= 30, 0, 1_calldata[30]),
       If(1_calldatasize <= 31, 0, 1_calldata[31]),
       If(1_calldatasize <= 32, 0, 1_calldata[32]),
       If(1_calldatasize <= 33, 0, 1_calldata[33]),
       If(1_calldatasize <= 34, 0, 1_calldata[34]),
       If(1_calldatasize <= 35, 0, 1_calldata[35]))
mythril.laser.ethereum.instructions [DEBUG]: The call is related to ether transfer between accounts
mythril.analysis.module.base [DEBUG]: Entering analysis module: EtherThief
mythril.analysis.module.base [DEBUG]: Exiting analysis module: EtherThief
mythril.analysis.module.base [DEBUG]: Entering analysis module: UncheckedRetval
mythril.analysis.module.modules.unchecked_retval [DEBUG]: End of call, extracting retval
mythril.analysis.module.base [DEBUG]: Exiting analysis module: UncheckedRetval
mythril.laser.ethereum.instructions [DEBUG]: Evaluating SWAP2 at 65
mythril.laser.ethereum.instructions [DEBUG]: Evaluating POP at 66
mythril.laser.ethereum.instructions [DEBUG]: Evaluating POP at 67
mythril.laser.ethereum.instructions [DEBUG]: Evaluating POP at 68
mythril.laser.ethereum.instructions [DEBUG]: Evaluating JUMPDEST at 69
mythril.laser.ethereum.instructions [DEBUG]: Evaluating POP at 70
mythril.laser.ethereum.instructions [DEBUG]: Evaluating JUMP at 71
mythril.laser.ethereum.instructions [DEBUG]: Evaluating JUMPDEST at 41
mythril.analysis.module.base [DEBUG]: Entering analysis module: IntegerArithmetics
mythril.analysis.module.base [DEBUG]: Exiting analysis module: IntegerArithmetics
mythril.analysis.module.base [DEBUG]: Entering analysis module: UncheckedRetval
mythril.analysis.module.base [DEBUG]: Exiting analysis module: UncheckedRetval
mythril.laser.ethereum.instructions [DEBUG]: Evaluating STOP at 42
mythril.laser.ethereum.svm [DEBUG]: Ending transaction MessageCallTransaction 1 from sender_1 to                                        0x0.
mythril.laser.plugin.plugins.coverage.coverage_plugin [INFO]: Number of new instructions covered in tx 0: 72
mythril.laser.ethereum.svm [INFO]: Starting message call transaction, iteration: 1, 1 initial states
mythril.laser.ethereum.instructions [DEBUG]: Evaluating PUSH1 at 0
mythril.laser.ethereum.instructions [DEBUG]: Evaluating PUSH1 at 1
mythril.laser.ethereum.instructions [DEBUG]: Evaluating MSTORE at 2
mythril.laser.ethereum.instructions [DEBUG]: Evaluating PUSH1 at 3
mythril.laser.ethereum.instructions [DEBUG]: Evaluating CALLDATALOAD at 4
mythril.laser.ethereum.instructions [DEBUG]: Evaluating PUSH29 at 5
mythril.laser.ethereum.instructions [DEBUG]: Evaluating SWAP1 at 6
mythril.laser.ethereum.instructions [DEBUG]: Evaluating DIV at 7
mythril.laser.ethereum.instructions [DEBUG]: Evaluating PUSH4 at 8
mythril.laser.ethereum.instructions [DEBUG]: Evaluating AND at 9
mythril.laser.ethereum.instructions [DEBUG]: Evaluating DUP1 at 10
mythril.laser.ethereum.instructions [DEBUG]: Evaluating PUSH4 at 11
mythril.laser.ethereum.instructions [DEBUG]: Evaluating EQ at 12
mythril.laser.ethereum.instructions [DEBUG]: Evaluating PUSH1 at 13
mythril.analysis.module.base [DEBUG]: Entering analysis module: TxOrigin
mythril.analysis.module.base [DEBUG]: Exiting analysis module: TxOrigin
mythril.analysis.module.base [DEBUG]: Entering analysis module: IntegerArithmetics
mythril.analysis.module.base [DEBUG]: Exiting analysis module: IntegerArithmetics
mythril.laser.ethereum.instructions [DEBUG]: Evaluating JUMPI at 14
mythril.laser.ethereum.svm [DEBUG]: - Entering function MAIN:unknown
mythril.laser.ethereum.instructions [DEBUG]: Evaluating JUMPDEST at 15
mythril.laser.ethereum.instructions [DEBUG]: Evaluating JUMPDEST at 17
mythril.laser.ethereum.instructions [DEBUG]: Evaluating ASSERT_FAIL at 16
mythril.laser.ethereum.svm [DEBUG]: Encountered a VmException, ending path: ``
mythril.laser.ethereum.instructions [DEBUG]: Evaluating CALLVALUE at 18
mythril.laser.ethereum.instructions [DEBUG]: Evaluating ISZERO at 19
mythril.laser.ethereum.instructions [DEBUG]: Evaluating PUSH1 at 20
mythril.analysis.module.base [DEBUG]: Entering analysis module: TxOrigin
mythril.analysis.module.base [DEBUG]: Exiting analysis module: TxOrigin
mythril.analysis.module.base [DEBUG]: Entering analysis module: IntegerArithmetics
mythril.analysis.module.base [DEBUG]: Exiting analysis module: IntegerArithmetics
mythril.laser.ethereum.instructions [DEBUG]: Evaluating JUMPI at 21
mythril.laser.ethereum.instructions [DEBUG]: Evaluating ASSERT_FAIL at 22
mythril.laser.ethereum.svm [DEBUG]: Encountered a VmException, ending path: ``
mythril.laser.ethereum.instructions [DEBUG]: Evaluating JUMPDEST at 23
mythril.laser.ethereum.instructions [DEBUG]: Evaluating PUSH1 at 24
mythril.laser.ethereum.instructions [DEBUG]: Evaluating PUSH1 at 25
mythril.laser.ethereum.instructions [DEBUG]: Evaluating DUP1 at 26
mythril.laser.ethereum.instructions [DEBUG]: Evaluating DUP1 at 27
mythril.laser.ethereum.instructions [DEBUG]: Evaluating CALLDATALOAD at 28
mythril.laser.ethereum.instructions [DEBUG]: Evaluating PUSH20 at 29
mythril.laser.ethereum.instructions [DEBUG]: Evaluating AND at 30
mythril.laser.ethereum.instructions [DEBUG]: Evaluating SWAP1 at 31
mythril.laser.ethereum.instructions [DEBUG]: Evaluating PUSH1 at 32
mythril.analysis.module.base [DEBUG]: Entering analysis module: IntegerArithmetics
mythril.analysis.module.base [DEBUG]: Exiting analysis module: IntegerArithmetics
mythril.laser.ethereum.instructions [DEBUG]: Evaluating ADD at 33
mythril.laser.ethereum.instructions [DEBUG]: Evaluating SWAP1 at 34
mythril.laser.ethereum.instructions [DEBUG]: Evaluating SWAP2 at 35
mythril.laser.ethereum.instructions [DEBUG]: Evaluating SWAP1 at 36
mythril.laser.ethereum.instructions [DEBUG]: Evaluating POP at 37
mythril.laser.ethereum.instructions [DEBUG]: Evaluating POP at 38
mythril.laser.ethereum.instructions [DEBUG]: Evaluating PUSH1 at 39
mythril.laser.ethereum.instructions [DEBUG]: Evaluating JUMP at 40
mythril.laser.ethereum.instructions [DEBUG]: Evaluating JUMPDEST at 43
mythril.laser.ethereum.instructions [DEBUG]: Evaluating DUP1 at 44
mythril.laser.ethereum.instructions [DEBUG]: Evaluating PUSH20 at 45
mythril.laser.ethereum.instructions [DEBUG]: Evaluating AND at 46
mythril.laser.ethereum.instructions [DEBUG]: Evaluating PUSH1 at 47
mythril.laser.ethereum.instructions [DEBUG]: Evaluating MLOAD at 48
mythril.laser.ethereum.instructions [DEBUG]: Evaluating DUP1 at 49
mythril.laser.ethereum.instructions [DEBUG]: Evaluating SWAP1 at 50
mythril.laser.ethereum.instructions [DEBUG]: Evaluating POP at 51
mythril.laser.ethereum.instructions [DEBUG]: Evaluating PUSH1 at 52
mythril.laser.ethereum.instructions [DEBUG]: Evaluating PUSH1 at 53
mythril.laser.ethereum.instructions [DEBUG]: Evaluating MLOAD at 54
mythril.laser.ethereum.instructions [DEBUG]: Evaluating DUP1 at 55
mythril.laser.ethereum.instructions [DEBUG]: Evaluating DUP4 at 56
mythril.analysis.module.base [DEBUG]: Entering analysis module: IntegerArithmetics
mythril.analysis.module.base [DEBUG]: Exiting analysis module: IntegerArithmetics
mythril.laser.ethereum.instructions [DEBUG]: Evaluating SUB at 57
mythril.laser.ethereum.instructions [DEBUG]: Evaluating DUP2 at 58
mythril.laser.ethereum.instructions [DEBUG]: Evaluating PUSH1 at 59
mythril.laser.ethereum.instructions [DEBUG]: Evaluating DUP7 at 60
mythril.laser.ethereum.instructions [DEBUG]: Evaluating PUSH2 at 61
mythril.laser.ethereum.instructions [DEBUG]: Evaluating GAS at 62
mythril.analysis.module.base [DEBUG]: Entering analysis module: IntegerArithmetics
mythril.analysis.module.base [DEBUG]: Exiting analysis module: IntegerArithmetics
mythril.laser.ethereum.instructions [DEBUG]: Evaluating SUB at 63
mythril.analysis.module.base [DEBUG]: Entering analysis module: IntegerArithmetics
mythril.analysis.module.base [DEBUG]: Exiting analysis module: IntegerArithmetics
mythril.analysis.module.base [DEBUG]: Entering analysis module: StateChangeAfterCall
mythril.analysis.module.base [DEBUG]: Exiting analysis module: StateChangeAfterCall
mythril.laser.ethereum.instructions [DEBUG]: Evaluating CALL at 64
mythril.laser.ethereum.call [DEBUG]: Symbolic call encountered
mythril.laser.ethereum.call [DEBUG]: CALL to: Concat(0,
       If(2_calldatasize <= 16, 0, 2_calldata[16]),
       If(2_calldatasize <= 17, 0, 2_calldata[17]),
       If(2_calldatasize <= 18, 0, 2_calldata[18]),
       If(2_calldatasize <= 19, 0, 2_calldata[19]),
       If(2_calldatasize <= 20, 0, 2_calldata[20]),
       If(2_calldatasize <= 21, 0, 2_calldata[21]),
       If(2_calldatasize <= 22, 0, 2_calldata[22]),
       If(2_calldatasize <= 23, 0, 2_calldata[23]),
       If(2_calldatasize <= 24, 0, 2_calldata[24]),
       If(2_calldatasize <= 25, 0, 2_calldata[25]),
       If(2_calldatasize <= 26, 0, 2_calldata[26]),
       If(2_calldatasize <= 27, 0, 2_calldata[27]),
       If(2_calldatasize <= 28, 0, 2_calldata[28]),
       If(2_calldatasize <= 29, 0, 2_calldata[29]),
       If(2_calldatasize <= 30, 0, 2_calldata[30]),
       If(2_calldatasize <= 31, 0, 2_calldata[31]),
       If(2_calldatasize <= 32, 0, 2_calldata[32]),
       If(2_calldatasize <= 33, 0, 2_calldata[33]),
       If(2_calldatasize <= 34, 0, 2_calldata[34]),
       If(2_calldatasize <= 35, 0, 2_calldata[35]))
mythril.laser.ethereum.instructions [DEBUG]: The call is related to ether transfer between accounts
mythril.analysis.module.base [DEBUG]: Entering analysis module: EtherThief
mythril.analysis.module.base [DEBUG]: Exiting analysis module: EtherThief
mythril.analysis.module.base [DEBUG]: Entering analysis module: UncheckedRetval
mythril.analysis.module.modules.unchecked_retval [DEBUG]: End of call, extracting retval
mythril.analysis.module.base [DEBUG]: Exiting analysis module: UncheckedRetval
mythril.laser.ethereum.instructions [DEBUG]: Evaluating SWAP2 at 65
mythril.laser.ethereum.instructions [DEBUG]: Evaluating POP at 66
mythril.laser.ethereum.instructions [DEBUG]: Evaluating POP at 67
mythril.laser.ethereum.instructions [DEBUG]: Evaluating POP at 68
mythril.laser.ethereum.instructions [DEBUG]: Evaluating JUMPDEST at 69
mythril.laser.ethereum.instructions [DEBUG]: Evaluating POP at 70
mythril.laser.ethereum.instructions [DEBUG]: Evaluating JUMP at 71
mythril.laser.ethereum.instructions [DEBUG]: Evaluating JUMPDEST at 41
mythril.analysis.module.base [DEBUG]: Entering analysis module: IntegerArithmetics
mythril.analysis.module.base [DEBUG]: Exiting analysis module: IntegerArithmetics
mythril.analysis.module.base [DEBUG]: Entering analysis module: UncheckedRetval
mythril.analysis.module.base [DEBUG]: Exiting analysis module: UncheckedRetval
mythril.laser.ethereum.instructions [DEBUG]: Evaluating STOP at 42
mythril.laser.ethereum.svm [DEBUG]: Ending transaction MessageCallTransaction 2 from sender_2 to                                        0x0.
mythril.laser.plugin.plugins.coverage.coverage_plugin [INFO]: Number of new instructions covered in tx 1: 0
mythril.laser.ethereum.svm [INFO]: Finished symbolic execution
mythril.laser.plugin.plugins.coverage.coverage_plugin [INFO]: Achieved 98.63% coverage for code: 60606040526000357c0100000000000000000000000000000000000000000000000000000000900463ffffffff168063907c0ff914603a575bfe5b3415604157fe5b606b600480803573ffffffffffffffffffffffffffffffffffffffff16906020019091905050606d565b005b8073ffffffffffffffffffffffffffffffffffffffff166040518090506000604051808303816000866161da5a03f1915050505b505600a165627a7a7230582082fce347eecc365c88141838aa3da7129a7439158fdc30030b65535e3b2e5c9f0029
mythril.laser.plugin.plugins.instruction_profiler [INFO]: Total: 0.1453874111175537 s
[ADD         ]   0.5861 %,  nr      2,  total   0.0009 s,  avg   0.0004 s,  min   0.0003 s,  max   0.0006 s
[AND         ]   1.0531 %,  nr      6,  total   0.0015 s,  avg   0.0003 s,  min   0.0002 s,  max   0.0003 s
[CALL        ]  22.3142 %,  nr      2,  total   0.0324 s,  avg   0.0162 s,  min   0.0159 s,  max   0.0165 s
[CALLDATALOAD]  17.3028 %,  nr      4,  total   0.0252 s,  avg   0.0063 s,  min   0.0061 s,  max   0.0065 s
[CALLVALUE   ]   0.2999 %,  nr      2,  total   0.0004 s,  avg   0.0002 s,  min   0.0002 s,  max   0.0002 s
[DIV         ]   0.5254 %,  nr      2,  total   0.0008 s,  avg   0.0004 s,  min   0.0004 s,  max   0.0004 s
[DUP1        ]   2.3203 %,  nr     12,  total   0.0034 s,  avg   0.0003 s,  min   0.0002 s,  max   0.0005 s
[DUP2        ]   0.8213 %,  nr      2,  total   0.0012 s,  avg   0.0006 s,  min   0.0002 s,  max   0.0009 s
[DUP4        ]   0.3213 %,  nr      2,  total   0.0005 s,  avg   0.0002 s,  min   0.0002 s,  max   0.0002 s
[DUP7        ]   0.3017 %,  nr      2,  total   0.0004 s,  avg   0.0002 s,  min   0.0002 s,  max   0.0002 s
[EQ          ]   0.3798 %,  nr      2,  total   0.0006 s,  avg   0.0003 s,  min   0.0002 s,  max   0.0003 s
[GAS         ]   0.3247 %,  nr      2,  total   0.0005 s,  avg   0.0002 s,  min   0.0002 s,  max   0.0002 s
[ISZERO      ]   0.4651 %,  nr      2,  total   0.0007 s,  avg   0.0003 s,  min   0.0003 s,  max   0.0004 s
[JUMP        ]   1.2414 %,  nr      4,  total   0.0018 s,  avg   0.0005 s,  min   0.0004 s,  max   0.0005 s
[JUMPDEST    ]   2.3199 %,  nr     12,  total   0.0034 s,  avg   0.0003 s,  min   0.0002 s,  max   0.0006 s
[JUMPI       ]   2.4354 %,  nr      4,  total   0.0035 s,  avg   0.0009 s,  min   0.0008 s,  max   0.0009 s
[MLOAD       ]  20.0761 %,  nr      4,  total   0.0292 s,  avg   0.0073 s,  min   0.0069 s,  max   0.0076 s
[MSTORE      ]  12.9234 %,  nr      2,  total   0.0188 s,  avg   0.0094 s,  min   0.0092 s,  max   0.0096 s
[POP         ]   2.6238 %,  nr     14,  total   0.0038 s,  avg   0.0003 s,  min   0.0002 s,  max   0.0005 s
[PUSH1       ]   5.1381 %,  nr     26,  total   0.0075 s,  avg   0.0003 s,  min   0.0002 s,  max   0.0006 s
[PUSH2       ]   0.3213 %,  nr      2,  total   0.0005 s,  avg   0.0002 s,  min   0.0002 s,  max   0.0002 s
[PUSH20      ]   0.8047 %,  nr      4,  total   0.0012 s,  avg   0.0003 s,  min   0.0002 s,  max   0.0004 s
[PUSH29      ]   0.5048 %,  nr      2,  total   0.0007 s,  avg   0.0004 s,  min   0.0003 s,  max   0.0004 s
[PUSH4       ]   0.6487 %,  nr      4,  total   0.0009 s,  avg   0.0002 s,  min   0.0002 s,  max   0.0003 s
[SUB         ]   0.7114 %,  nr      4,  total   0.0010 s,  avg   0.0003 s,  min   0.0003 s,  max   0.0003 s
[SWAP1       ]   1.9526 %,  nr     10,  total   0.0028 s,  avg   0.0003 s,  min   0.0002 s,  max   0.0004 s
[SWAP2       ]   1.2827 %,  nr      4,  total   0.0019 s,  avg   0.0005 s,  min   0.0002 s,  max   0.0006 s

mythril.analysis.security [INFO]: Starting analysis
mythril.analysis.security [DEBUG]: Retrieving results for Caller can write to arbitrary storage locations
mythril.analysis.security [DEBUG]: Retrieving results for Delegatecall to a user-specified address
mythril.analysis.security [DEBUG]: Retrieving results for Control flow depends on tx.origin
mythril.analysis.security [DEBUG]: Retrieving results for Any sender can withdraw ETH from the contract account
mythril.analysis.security [DEBUG]: Retrieving results for Integer overflow or underflow
mythril.analysis.security [DEBUG]: Retrieving results for State change after an external call
mythril.analysis.security [DEBUG]: Retrieving results for Contract can be accidentally killed by anyone
mythril.analysis.security [DEBUG]: Retrieving results for Return value of an external call is not checked
mythril.mythril.mythril_analyzer [INFO]: Solver statistics: 
Query count: 25 
Solver time: 1.2225775718688965
{"error": null, "issues": [{"address": 156, "contract": "MAIN", "description": "The return value of a message call is not checked.\nExternal calls return a boolean value. If the callee halts with an exception, 'false' is returned and execution continues in the caller. The caller should check whether an exception happened and react accordingly to avoid unexpected behavior. For example it is often desirable to wrap external calls in require() so the transaction is reverted if the call fails.", "function": "_function_0x907c0ff9", "max_gas_used": 35198, "min_gas_used": 917, "severity": "Medium", "sourceMap": 156, "swc-id": "104", "title": "Unchecked return value from external call.", "tx_sequence": {"initialState": {"accounts": {"0x0": {"balance": "0x280000420001021", "code": "60606040526000357c0100000000000000000000000000000000000000000000000000000000900463ffffffff168063907c0ff914603a575bfe5b3415604157fe5b606b600480803573ffffffffffffffffffffffffffffffffffffffff16906020019091905050606d565b005b8073ffffffffffffffffffffffffffffffffffffffff166040518090506000604051808303816000866161da5a03f1915050505b505600a165627a7a7230582082fce347eecc365c88141838aa3da7129a7439158fdc30030b65535e3b2e5c9f0029", "nonce": 0, "storage": "{}"}, "0xdeadbeefdeadbeefdeadbeefdeadbeefdeadbeef": {"balance": "0x0", "code": "", "nonce": 0, "storage": "{}"}}}, "steps": [{"address": "0x0", "calldata": "0x907c0ff9", "input": "0x907c0ff9", "name": "unknown", "origin": "0xaaaaaaaaaaaaaaaaaaaaaaaaaaaaaaaaaaaaaaaa", "value": "0x0"}, {"address": "0x0", "calldata": "0x907c0ff9", "input": "0x907c0ff9", "name": "unknown", "origin": "0xaffeaffeaffeaffeaffeaffeaffeaffeaffeaffe", "value": "0x0"}]}}], "success": true}
