smartbugs/dataset/unchecked_low_level_calls/0x84d9ec85c9c568eb332b7226a8f826d897e0a4a8.sol:29:5: Warning: Defining constructors as functions with the same name as the contract is deprecated. Use "constructor(...) { ... }" instead.
    function Owned() {
    ^ (Relevant source part starts here and spans across multiple lines).
smartbugs/dataset/unchecked_low_level_calls/0x84d9ec85c9c568eb332b7226a8f826d897e0a4a8.sol:87:25: Warning: This declaration shadows an existing declaration.
    function writeIndex(uint indexdate, string wedaddress, string partnernames, uint weddingdate, uint displaymultisig) {
                        ^------------^
smartbugs/dataset/unchecked_low_level_calls/0x84d9ec85c9c568eb332b7226a8f826d897e0a4a8.sol:67:5: The shadowed declaration is here:
    uint public indexdate;
    ^-------------------^

smartbugs/dataset/unchecked_low_level_calls/0x84d9ec85c9c568eb332b7226a8f826d897e0a4a8.sol:87:41: Warning: This declaration shadows an existing declaration.
    function writeIndex(uint indexdate, string wedaddress, string partnernames, uint weddingdate, uint displaymultisig) {
                                        ^---------------^
smartbugs/dataset/unchecked_low_level_calls/0x84d9ec85c9c568eb332b7226a8f826d897e0a4a8.sol:65:5: The shadowed declaration is here:
    string public wedaddress;
    ^----------------------^

smartbugs/dataset/unchecked_low_level_calls/0x84d9ec85c9c568eb332b7226a8f826d897e0a4a8.sol:87:60: Warning: This declaration shadows an existing declaration.
    function writeIndex(uint indexdate, string wedaddress, string partnernames, uint weddingdate, uint displaymultisig) {
                                                           ^-----------------^
smartbugs/dataset/unchecked_low_level_calls/0x84d9ec85c9c568eb332b7226a8f826d897e0a4a8.sol:66:5: The shadowed declaration is here:
    string public partnernames;
    ^------------------------^

smartbugs/dataset/unchecked_low_level_calls/0x84d9ec85c9c568eb332b7226a8f826d897e0a4a8.sol:87:81: Warning: This declaration shadows an existing declaration.
    function writeIndex(uint indexdate, string wedaddress, string partnernames, uint weddingdate, uint displaymultisig) {
                                                                                ^--------------^
smartbugs/dataset/unchecked_low_level_calls/0x84d9ec85c9c568eb332b7226a8f826d897e0a4a8.sol:68:5: The shadowed declaration is here:
    uint public weddingdate;
    ^---------------------^

smartbugs/dataset/unchecked_low_level_calls/0x84d9ec85c9c568eb332b7226a8f826d897e0a4a8.sol:87:99: Warning: This declaration shadows an existing declaration.
    function writeIndex(uint indexdate, string wedaddress, string partnernames, uint weddingdate, uint displaymultisig) {
                                                                                                  ^------------------^
smartbugs/dataset/unchecked_low_level_calls/0x84d9ec85c9c568eb332b7226a8f826d897e0a4a8.sol:69:5: The shadowed declaration is here:
    uint public displaymultisig;
    ^-------------------------^

smartbugs/dataset/unchecked_low_level_calls/0x84d9ec85c9c568eb332b7226a8f826d897e0a4a8.sol:56:9: Warning: Return value of low-level calls not used.
        _dst.call.value(_value)(_data);
        ^----------------------------^
smartbugs/dataset/unchecked_low_level_calls/0x84d9ec85c9c568eb332b7226a8f826d897e0a4a8.sol:89:9: Warning: Invoking events without "emit" prefix is deprecated.
        IndexWritten(now, wedaddress, partnernames, weddingdate, displaymultisig);
        ^-----------------------------------------------------------------------^
smartbugs/dataset/unchecked_low_level_calls/0x84d9ec85c9c568eb332b7226a8f826d897e0a4a8.sol:29:5: Warning: No visibility specified. Defaulting to "public". 
    function Owned() {
    ^ (Relevant source part starts here and spans across multiple lines).
smartbugs/dataset/unchecked_low_level_calls/0x84d9ec85c9c568eb332b7226a8f826d897e0a4a8.sol:38:5: Warning: No visibility specified. Defaulting to "public". 
    function changeOwner(address _newOwner) onlyOwner {
    ^ (Relevant source part starts here and spans across multiple lines).
smartbugs/dataset/unchecked_low_level_calls/0x84d9ec85c9c568eb332b7226a8f826d897e0a4a8.sol:45:5: Warning: No visibility specified. Defaulting to "public". 
    function acceptOwnership() {
    ^ (Relevant source part starts here and spans across multiple lines).
smartbugs/dataset/unchecked_low_level_calls/0x84d9ec85c9c568eb332b7226a8f826d897e0a4a8.sol:54:5: Warning: No visibility specified. Defaulting to "public". 
    function execute(address _dst, uint _value, bytes _data) onlyOwner {
    ^ (Relevant source part starts here and spans across multiple lines).
smartbugs/dataset/unchecked_low_level_calls/0x84d9ec85c9c568eb332b7226a8f826d897e0a4a8.sol:87:5: Warning: No visibility specified. Defaulting to "public". 
    function writeIndex(uint indexdate, string wedaddress, string partnernames, uint weddingdate, uint displaymultisig) {
    ^ (Relevant source part starts here and spans across multiple lines).
smartbugs/dataset/unchecked_low_level_calls/0x84d9ec85c9c568eb332b7226a8f826d897e0a4a8.sol:87:25: Warning: Unused function parameter. Remove or comment out the variable name to silence this warning.
    function writeIndex(uint indexdate, string wedaddress, string partnernames, uint weddingdate, uint displaymultisig) {
                        ^------------^
FATAL ERROR: Ineffective mark-compacts near heap limit Allocation failed - JavaScript heap out of memory
 1: 0x8fb090 node::Abort() [node]
 2: 0x8fb0dc  [node]
 3: 0xb0336e v8::Utils::ReportOOMFailure(v8::internal::Isolate*, char const*, bool) [node]
 4: 0xb035a4 v8::internal::V8::FatalProcessOutOfMemory(v8::internal::Isolate*, char const*, bool) [node]
 5: 0xef7602  [node]
 6: 0xef7708 v8::internal::Heap::CheckIneffectiveMarkCompact(unsigned long, double) [node]
 7: 0xf037e2 v8::internal::Heap::PerformGarbageCollection(v8::internal::GarbageCollector, v8::GCCallbackFlags) [node]
 8: 0xf04114 v8::internal::Heap::CollectGarbage(v8::internal::AllocationSpace, v8::internal::GarbageCollectionReason, v8::GCCallbackFlags) [node]
 9: 0xf06d81 v8::internal::Heap::AllocateRawWithRetryOrFail(int, v8::internal::AllocationSpace, v8::internal::AllocationAlignment) [node]
10: 0xed0204 v8::internal::Factory::NewFillerObject(int, bool, v8::internal::AllocationSpace) [node]
11: 0x11702de v8::internal::Runtime_AllocateInNewSpace(int, v8::internal::Object**, v8::internal::Isolate*) [node]
12: 0x3ac9afcdbf1d 
Aborted (core dumped)
npm ERR! code ELIFECYCLE
npm ERR! errno 134
npm ERR! symEvm@1.0.0 dev: `node src/index.js "smartbugs/dataset/unchecked_low_level_calls/0x84d9ec85c9c568eb332b7226a8f826d897e0a4a8.sol" "results/unchecked_low_level_calls" "WedIndex"`
npm ERR! Exit status 134
npm ERR! 
npm ERR! Failed at the symEvm@1.0.0 dev script.
npm ERR! This is probably not a problem with npm. There is likely additional logging output above.

npm ERR! A complete log of this run can be found in:
npm ERR!     /root/.npm/_logs/2024-04-16T18_12_09_212Z-debug.log
