Compilation warnings/errors on smartbugs/dataset/other/crypto_roulette.sol:
smartbugs/dataset/other/crypto_roulette.sol:27:5: Warning: Defining constructors as functions with the same name as the contract is deprecated. Use "constructor(...) { ... }" instead.
    function CryptoRoulette() public {
    ^ (Relevant source part starts here and spans across multiple lines).
smartbugs/dataset/other/crypto_roulette.sol:40:9: Warning: Variable is declared as a storage pointer. Use an explicit "storage" keyword to silence this warning.
        Game game; //Uninitialized storage pointer
        ^-------^
smartbugs/dataset/other/crypto_roulette.sol:34:30: Warning: "sha3" has been deprecated in favour of "keccak256"
        secretNumber = uint8(sha3(now, block.blockhash(block.number-1))) % 20 + 1;
                             ^----------------------------------------^
smartbugs/dataset/other/crypto_roulette.sol:34:30: Warning: This function only accepts a single "bytes" argument. Please use "abi.encodePacked(...)" or a similar function to encode the data.
        secretNumber = uint8(sha3(now, block.blockhash(block.number-1))) % 20 + 1;
                             ^----------------------------------------^
smartbugs/dataset/other/crypto_roulette.sol:40:9: Warning: Uninitialized storage pointer. Did you mean '<type> memory game'?
        Game game; //Uninitialized storage pointer
        ^-------^
smartbugs/dataset/other/crypto_roulette.sol:47:33: Warning: Using contract member "balance" inherited from the address type is deprecated. Convert the contract to "address" type to access the member, for example use "address(contract).balance" instead.
            msg.sender.transfer(this.balance);
                                ^----------^
smartbugs/dataset/other/crypto_roulette.sol:56:13: Warning: "suicide" has been deprecated in favour of "selfdestruct"
            suicide(msg.sender);
            ^-----------------^
smartbugs/dataset/other/crypto_roulette.sol:34:40: Warning: "block.blockhash()" has been deprecated in favor of "blockhash()"
        secretNumber = uint8(sha3(now, block.blockhash(block.number-1))) % 20 + 1;
                                       ^-------------^

smartbugs/dataset/other/crypto_roulette.sol analyzed (1 contracts)
/sGuardPlus/src/revert2src.js:373
			throw new Error(`${ast.type} unimpl`)
			^

Error: ElementaryTypeName unimpl
    at RevertExp.start (/sGuardPlus/src/revert2src.js:373:10)
    at FunctionCall (/sGuardPlus/src/revert2src.js:285:10)
    at RevertExp.start (/sGuardPlus/src/revert2src.js:371:4)
    at BinaryOperation (/sGuardPlus/src/revert2src.js:274:10)
    at RevertExp.start (/sGuardPlus/src/revert2src.js:371:4)
    at BinaryOperation (/sGuardPlus/src/revert2src.js:274:10)
    at RevertExp.start (/sGuardPlus/src/revert2src.js:371:4)
    at BinaryOperation (/sGuardPlus/src/revert2src.js:276:10)
    at RevertExp.start (/sGuardPlus/src/revert2src.js:371:4)
    at ExpressionStatement (/sGuardPlus/src/revert2src.js:419:11)
