 ______     __         __  __     ______     __     __  __     __    __    
/\  ___\   /\ \       /\ \_\ \   /\  ___\   /\ \   /\ \/\ \   /\ "-./  \   
\ \  __\   \ \ \____  \ \____ \  \ \___  \  \ \ \  \ \ \_\ \  \ \ \-./\ \  
 \ \_____\  \ \_____\  \/\_____\  \/\_____\  \ \_\  \ \_____\  \ \_\ \ \_\ 
  \/_____/   \/_____/   \/_____/   \/_____/   \/_/   \/_____/   \/_/  \/_/ 
                                                                           
Compiling source code...
Retrieving bytecode for contract 'demo'.
Please wait. Scanning bytecode for bugs...
Running Osiris...
Finished running Osiris. Execution time 32.09563183784485 seconds. Code coverage 99.7%.
Running Oyente...
Finished running Oyente. Execution time 1.3550081253051758 seconds. Code coverage 15.9%.
Running Mythril...
Finished running Mythril. Execution time 32.09430742263794 seconds. Code coverage 99.31%.
Detected 1 bug(s):
--> Detected 'unhandled exception' bug at program counter address 512 (0x200) using Mythril with a code coverage of 99.31%.
Exporting original control-flow graph...
Recovering control-flow graph...
Recovered 100% of the control-flow graph
Number of execution paths accessing storage: 0
Deployment bytecode size: 32 bytes (original: 32 bytes) 0.0% increase.
Runtime bytecode size: 554 bytes (original: 542 bytes) 2.2140221402214024% increase.
Metadata: 0xa165627a7a7230582019b63d1f3487d91ee47501af7537e8004c2c7389a29fb855898f0f48a774ce510029
Exporting patched control-flow graph...
