 ______     __         __  __     ______     __     __  __     __    __    
/\  ___\   /\ \       /\ \_\ \   /\  ___\   /\ \   /\ \/\ \   /\ "-./  \   
\ \  __\   \ \ \____  \ \____ \  \ \___  \  \ \ \  \ \ \_\ \  \ \ \-./\ \  
 \ \_____\  \ \_____\  \/\_____\  \/\_____\  \ \_\  \ \_____\  \ \_\ \ \_\ 
  \/_____/   \/_____/   \/_____/   \/_____/   \/_/   \/_____/   \/_/  \/_/ 
                                                                           
Compiling source code...
Retrieving bytecode for contract 'Overflow'.
Please wait. Scanning bytecode for bugs...
Running Osiris...
Finished running Osiris. Execution time 0.9074580669403076 seconds. Code coverage 98.4%.
Running Oyente...
Finished running Oyente. Execution time 1.248755931854248 seconds. Code coverage 98.4%.
Running Mythril...
Finished running Mythril. Execution time 3.55920672416687 seconds. Code coverage 98.41%.
Detected 1 bug(s):
--> Detected 'overflow' (ADD) bug at program counter address 105 (0x69) using Osiris with a code coverage of 98.4%.
Exporting original control-flow graph...
Recovering control-flow graph...
Recovered 100% of the control-flow graph
Number of execution paths accessing storage: 1
Deployment bytecode size: 33 bytes (original: 33 bytes) 0.0% increase.
Runtime bytecode size: 160 bytes (original: 114 bytes) 40.35087719298246% increase.
Metadata: 0xa165627a7a72305820822a751752619921725a18a5067c588628893ca79e48320a940314832b8ac0310029
Exporting patched control-flow graph...
