 ______     __         __  __     ______     __     __  __     __    __    
/\  ___\   /\ \       /\ \_\ \   /\  ___\   /\ \   /\ \/\ \   /\ "-./  \   
\ \  __\   \ \ \____  \ \____ \  \ \___  \  \ \ \  \ \ \_\ \  \ \ \-./\ \  
 \ \_____\  \ \_____\  \/\_____\  \/\_____\  \ \_\  \ \_____\  \ \_\ \ \_\ 
  \/_____/   \/_____/   \/_____/   \/_____/   \/_/   \/_____/   \/_/  \/_/ 
                                                                           
Compiling source code...
Retrieving bytecode for contract 'FibonacciBalance'.
Please wait. Scanning bytecode for bugs...
Running Osiris...
Finished running Osiris. Execution time 4.218703746795654 seconds. Code coverage 99.7%.
Running Oyente...
Finished running Oyente. Execution time 1.4100847244262695 seconds. Code coverage 94.1%.
Running Mythril...
Finished running Mythril. Execution time 122.67951035499573 seconds. Code coverage 81.41%.
Detected 2 bug(s):
--> Detected 'overflow' (ADD) bug at program counter address 405 (0x195) using Osiris with a code coverage of 99.7%.
--> Detected 'overflow' (MUL) bug at program counter address 595 (0x253) using Osiris with a code coverage of 99.7%.
Exporting original control-flow graph...
Recovering control-flow graph...
Recovered 100% of the control-flow graph
Number of execution paths accessing storage: 7
Deployment bytecode size: 74 bytes (original: 74 bytes) 0.0% increase.
Runtime bytecode size: 725 bytes (original: 649 bytes) 11.710323574730355% increase.
Metadata: 0xa165627a7a72305820933a8532dc66f09d29fe8e5f6129d02fa6438a64507a971785ef215c656bf9850029
Exporting patched control-flow graph...
