 ______     __         __  __     ______     __     __  __     __    __    
/\  ___\   /\ \       /\ \_\ \   /\  ___\   /\ \   /\ \/\ \   /\ "-./  \   
\ \  __\   \ \ \____  \ \____ \  \ \___  \  \ \ \  \ \ \_\ \  \ \ \-./\ \  
 \ \_____\  \ \_____\  \/\_____\  \/\_____\  \ \_\  \ \_____\  \ \_\ \ \_\ 
  \/_____/   \/_____/   \/_____/   \/_____/   \/_/   \/_____/   \/_/  \/_/ 
                                                                           
Compiling source code...
Retrieving bytecode for contract 'TimeLock'.
Please wait. Scanning bytecode for bugs...
Running Osiris...
Finished running Osiris. Execution time 1.3948395252227783 seconds. Code coverage 94.4%.
Running Oyente...
Finished running Oyente. Execution time 2.2469029426574707 seconds. Code coverage 93.6%.
Running Mythril...
Finished running Mythril. Execution time 20.419158697128296 seconds. Code coverage 94.41%.
Detected 2 bug(s):
--> Detected 'overflow' (ADD) bug at program counter address 454 (0x1c6) using Osiris with a code coverage of 94.4%.
--> Detected 'overflow' (ADD) bug at program counter address 507 (0x1fb) using Osiris with a code coverage of 94.4%.
Exporting original control-flow graph...
Recovering control-flow graph...
Recovered 92% of the control-flow graph
Number of execution paths accessing storage: 7
Deployment bytecode size: 31 bytes (original: 31 bytes) 0.0% increase.
Runtime bytecode size: 622 bytes (original: 528 bytes) 17.8030303030303% increase.
Metadata: 0xa165627a7a723058209a802684e2e6ae68bbbd6c994d46305db7dd2c3af57fcd3ecfc88f27a69248920029
Exporting patched control-flow graph...
