Compilation warnings/errors on smartbugs/dataset/unchecked_low_level_calls/0xf2570186500a46986f3139f65afedc2afe4f445d.sol:
smartbugs/dataset/unchecked_low_level_calls/0xf2570186500a46986f3139f65afedc2afe4f445d.sol:18:30: Warning: "sha3" has been deprecated in favour of "keccak256"
            fuck.call(bytes4(sha3("giveBlockReward()")));
                             ^-----------------------^
smartbugs/dataset/unchecked_low_level_calls/0xf2570186500a46986f3139f65afedc2afe4f445d.sol:18:13: Warning: Return value of low-level calls not used.
            fuck.call(bytes4(sha3("giveBlockReward()")));
            ^------------------------------------------^
smartbugs/dataset/unchecked_low_level_calls/0xf2570186500a46986f3139f65afedc2afe4f445d.sol:14:5: Warning: No visibility specified. Defaulting to "public". 
    function makeOldFucks(uint32 number) {
    ^ (Relevant source part starts here and spans across multiple lines).

smartbugs/dataset/unchecked_low_level_calls/0xf2570186500a46986f3139f65afedc2afe4f445d.sol analyzed (1 contracts)
/sGuardPlus/src/revert2src.js:373
			throw new Error(`${ast.type} unimpl`)
			^

Error: ElementaryTypeName unimpl
    at RevertExp.start (/sGuardPlus/src/revert2src.js:373:10)
    at FunctionCall (/sGuardPlus/src/revert2src.js:285:10)
    at RevertExp.start (/sGuardPlus/src/revert2src.js:371:4)
    at FunctionCall (/sGuardPlus/src/revert2src.js:299:12)
    at RevertExp.start (/sGuardPlus/src/revert2src.js:371:4)
    at VariableDeclarationStatement (/sGuardPlus/src/revert2src.js:518:10)
    at RevertStmt.start (/sGuardPlus/src/revert2src.js:572:4)
    at /sGuardPlus/src/revert2src.js:398:11
    at Array.forEach (<anonymous>)
    at Block (/sGuardPlus/src/revert2src.js:397:20)
