Getting Slither report...
Switched global version to 0.4.26



'solc --version' running
'solc ../smartbugs-curated/dataset/unchecked_low_level_calls/0xec329ffc97d75fe03428ae155fc7793431487f63.sol --combined-json abi,ast,bin,bin-runtime,srcmap,srcmap-runtime,userdoc,devdoc,hashes,compact-format --allow-paths .,/home/mokita/sc_study/temp/smartbugs-curated/dataset/unchecked_low_level_calls' running
Compilation warnings/errors on ../smartbugs-curated/dataset/unchecked_low_level_calls/0xec329ffc97d75fe03428ae155fc7793431487f63.sol:
../smartbugs-curated/dataset/unchecked_low_level_calls/0xec329ffc97d75fe03428ae155fc7793431487f63.sol:9:5: Warning: Defining constructors as functions with the same name as the contract is deprecated. Use "constructor(...) { ... }" instead.
    function Owned() {
    ^ (Relevant source part starts here and spans across multiple lines).
../smartbugs-curated/dataset/unchecked_low_level_calls/0xec329ffc97d75fe03428ae155fc7793431487f63.sol:52:5: Warning: Defining constructors as functions with the same name as the contract is deprecated. Use "constructor(...) { ... }" instead.
    function TokenSender(address _token) {
    ^ (Relevant source part starts here and spans across multiple lines).
../smartbugs-curated/dataset/unchecked_low_level_calls/0xec329ffc97d75fe03428ae155fc7793431487f63.sol:68:21: Warning: "throw" is deprecated in favour of "revert()", "require()" and "assert()".
        if (next>0) throw;
                    ^---^
../smartbugs-curated/dataset/unchecked_low_level_calls/0xec329ffc97d75fe03428ae155fc7793431487f63.sol:95:77: Warning: "throw" is deprecated in favour of "revert()", "require()" and "assert()".
        if ((mNext == 0 ) && ( token.balanceOf(this) != totalToDistribute)) throw;
                                                                            ^---^
../smartbugs-curated/dataset/unchecked_low_level_calls/0xec329ffc97d75fe03428ae155fc7793431487f63.sol:101:69: Warning: "throw" is deprecated in favour of "revert()", "require()" and "assert()".
                if (!token.transfer(addr, transfers[mNext].amount)) throw;
                                                                    ^---^
../smartbugs-curated/dataset/unchecked_low_level_calls/0xec329ffc97d75fe03428ae155fc7793431487f63.sol:8:1: Warning: Source file does not specify required compiler version!Consider adding "pragma solidity ^0.4.26;"
contract Owned {
^ (Relevant source part starts here and spans across multiple lines).
../smartbugs-curated/dataset/unchecked_low_level_calls/0xec329ffc97d75fe03428ae155fc7793431487f63.sol:125:5: Warning: Variable is shadowed in inline assembly by an instruction of the same name
    function gas() internal constant returns (uint _gas) {
    ^ (Relevant source part starts here and spans across multiple lines).
../smartbugs-curated/dataset/unchecked_low_level_calls/0xec329ffc97d75fe03428ae155fc7793431487f63.sol:29:9: Warning: Return value of low-level calls not used.
        _dst.call.value(_value)(_data);
        ^----------------------------^
../smartbugs-curated/dataset/unchecked_low_level_calls/0xec329ffc97d75fe03428ae155fc7793431487f63.sol:9:5: Warning: No visibility specified. Defaulting to "public". 
    function Owned() {
    ^ (Relevant source part starts here and spans across multiple lines).
../smartbugs-curated/dataset/unchecked_low_level_calls/0xec329ffc97d75fe03428ae155fc7793431487f63.sol:20:5: Warning: No visibility specified. Defaulting to "public". 
    function changeOwner(address _newOwner) onlyOwner {
    ^ (Relevant source part starts here and spans across multiple lines).
../smartbugs-curated/dataset/unchecked_low_level_calls/0xec329ffc97d75fe03428ae155fc7793431487f63.sol:27:5: Warning: No visibility specified. Defaulting to "public". 
    function execute(address _dst, uint _value, bytes _data) onlyOwner {
    ^ (Relevant source part starts here and spans across multiple lines).
../smartbugs-curated/dataset/unchecked_low_level_calls/0xec329ffc97d75fe03428ae155fc7793431487f63.sol:34:5: Warning: No visibility specified. Defaulting to "public". 
    function transfer(address, uint) returns(bool);
    ^---------------------------------------------^
../smartbugs-curated/dataset/unchecked_low_level_calls/0xec329ffc97d75fe03428ae155fc7793431487f63.sol:35:5: Warning: No visibility specified. Defaulting to "public". 
    function balanceOf(address) constant returns (uint);
    ^--------------------------------------------------^
../smartbugs-curated/dataset/unchecked_low_level_calls/0xec329ffc97d75fe03428ae155fc7793431487f63.sol:52:5: Warning: No visibility specified. Defaulting to "public". 
    function TokenSender(address _token) {
    ^ (Relevant source part starts here and spans across multiple lines).
../smartbugs-curated/dataset/unchecked_low_level_calls/0xec329ffc97d75fe03428ae155fc7793431487f63.sol:65:5: Warning: No visibility specified. Defaulting to "public". 
    function fill(uint[] data) onlyOwner {
    ^ (Relevant source part starts here and spans across multiple lines).
../smartbugs-curated/dataset/unchecked_low_level_calls/0xec329ffc97d75fe03428ae155fc7793431487f63.sol:86:5: Warning: No visibility specified. Defaulting to "public". 
    function run() onlyOwner {
    ^ (Relevant source part starts here and spans across multiple lines).
../smartbugs-curated/dataset/unchecked_low_level_calls/0xec329ffc97d75fe03428ae155fc7793431487f63.sol:115:5: Warning: No visibility specified. Defaulting to "public". 
    function hasTerminated() constant returns (bool) {
    ^ (Relevant source part starts here and spans across multiple lines).
../smartbugs-curated/dataset/unchecked_low_level_calls/0xec329ffc97d75fe03428ae155fc7793431487f63.sol:121:5: Warning: No visibility specified. Defaulting to "public". 
    function nTransfers() constant returns (uint) {
    ^ (Relevant source part starts here and spans across multiple lines).


TokenSender (../smartbugs-curated/dataset/unchecked_low_level_calls/0xec329ffc97d75fe03428ae155fc7793431487f63.sol#38-131) contract sets array length with a user-controlled value:
	- transfers.length = transfers.length + data.length (../smartbugs-curated/dataset/unchecked_low_level_calls/0xec329ffc97d75fe03428ae155fc7793431487f63.sol#72)
Reference: https://github.com/crytic/slither/wiki/Detector-Documentation#array-length-assignment

TokenSender.gas() (../smartbugs-curated/dataset/unchecked_low_level_calls/0xec329ffc97d75fe03428ae155fc7793431487f63.sol#125-129) is declared view but contains assembly code
Reference: https://github.com/crytic/slither/wiki/Detector-Documentation#constant-functions-using-assembly-code

Reentrancy in TokenSender.run() (../smartbugs-curated/dataset/unchecked_low_level_calls/0xec329ffc97d75fe03428ae155fc7793431487f63.sol#86-108):
	External calls:
	- ! token.transfer(addr,transfers[mNext].amount) (../smartbugs-curated/dataset/unchecked_low_level_calls/0xec329ffc97d75fe03428ae155fc7793431487f63.sol#101)
	State variables written after the call(s):
	- next = mNext (../smartbugs-curated/dataset/unchecked_low_level_calls/0xec329ffc97d75fe03428ae155fc7793431487f63.sol#107)
	TokenSender.next (../smartbugs-curated/dataset/unchecked_low_level_calls/0xec329ffc97d75fe03428ae155fc7793431487f63.sol#42) can be used in cross function reentrancies:
	- TokenSender.fill(uint256[]) (../smartbugs-curated/dataset/unchecked_low_level_calls/0xec329ffc97d75fe03428ae155fc7793431487f63.sol#65-82)
	- TokenSender.hasTerminated() (../smartbugs-curated/dataset/unchecked_low_level_calls/0xec329ffc97d75fe03428ae155fc7793431487f63.sol#115-119)
	- TokenSender.next (../smartbugs-curated/dataset/unchecked_low_level_calls/0xec329ffc97d75fe03428ae155fc7793431487f63.sol#42)
	- TokenSender.run() (../smartbugs-curated/dataset/unchecked_low_level_calls/0xec329ffc97d75fe03428ae155fc7793431487f63.sol#86-108)
Reference: https://github.com/crytic/slither/wiki/Detector-Documentation#reentrancy-vulnerabilities-1

Owned.execute(address,uint256,bytes) (../smartbugs-curated/dataset/unchecked_low_level_calls/0xec329ffc97d75fe03428ae155fc7793431487f63.sol#27-30) ignores return value by _dst.call.value(_value)(_data) (../smartbugs-curated/dataset/unchecked_low_level_calls/0xec329ffc97d75fe03428ae155fc7793431487f63.sol#29)
Reference: https://github.com/crytic/slither/wiki/Detector-Documentation#unchecked-low-level-calls

Owned.changeOwner(address) (../smartbugs-curated/dataset/unchecked_low_level_calls/0xec329ffc97d75fe03428ae155fc7793431487f63.sol#20-22) should emit an event for: 
	- owner = _newOwner (../smartbugs-curated/dataset/unchecked_low_level_calls/0xec329ffc97d75fe03428ae155fc7793431487f63.sol#21) 
Reference: https://github.com/crytic/slither/wiki/Detector-Documentation#missing-events-access-control

Owned.changeOwner(address)._newOwner (../smartbugs-curated/dataset/unchecked_low_level_calls/0xec329ffc97d75fe03428ae155fc7793431487f63.sol#20) lacks a zero-check on :
		- owner = _newOwner (../smartbugs-curated/dataset/unchecked_low_level_calls/0xec329ffc97d75fe03428ae155fc7793431487f63.sol#21)
Owned.execute(address,uint256,bytes)._dst (../smartbugs-curated/dataset/unchecked_low_level_calls/0xec329ffc97d75fe03428ae155fc7793431487f63.sol#27) lacks a zero-check on :
		- _dst.call.value(_value)(_data) (../smartbugs-curated/dataset/unchecked_low_level_calls/0xec329ffc97d75fe03428ae155fc7793431487f63.sol#29)
Reference: https://github.com/crytic/slither/wiki/Detector-Documentation#missing-zero-address-validation

Modifier Owned.onlyOwner() (../smartbugs-curated/dataset/unchecked_low_level_calls/0xec329ffc97d75fe03428ae155fc7793431487f63.sol#18) does not always execute _; or revert
Reference: https://github.com/crytic/slither/wiki/Detector-Documentation#incorrect-modifier

TokenSender.run() (../smartbugs-curated/dataset/unchecked_low_level_calls/0xec329ffc97d75fe03428ae155fc7793431487f63.sol#86-108) has external calls inside a loop: ! token.transfer(addr,transfers[mNext].amount) (../smartbugs-curated/dataset/unchecked_low_level_calls/0xec329ffc97d75fe03428ae155fc7793431487f63.sol#101)
Reference: https://github.com/crytic/slither/wiki/Detector-Documentation/#calls-inside-a-loop

TokenSender.gas() (../smartbugs-curated/dataset/unchecked_low_level_calls/0xec329ffc97d75fe03428ae155fc7793431487f63.sol#125-129) uses assembly
	- INLINE ASM (../smartbugs-curated/dataset/unchecked_low_level_calls/0xec329ffc97d75fe03428ae155fc7793431487f63.sol#126-129)
Reference: https://github.com/crytic/slither/wiki/Detector-Documentation#assembly-usage

Deprecated standard detected THROW (../smartbugs-curated/dataset/unchecked_low_level_calls/0xec329ffc97d75fe03428ae155fc7793431487f63.sol#68):
	- Usage of "throw" should be replaced with "revert()"
Deprecated standard detected THROW (../smartbugs-curated/dataset/unchecked_low_level_calls/0xec329ffc97d75fe03428ae155fc7793431487f63.sol#95):
	- Usage of "throw" should be replaced with "revert()"
Deprecated standard detected THROW (../smartbugs-curated/dataset/unchecked_low_level_calls/0xec329ffc97d75fe03428ae155fc7793431487f63.sol#101):
	- Usage of "throw" should be replaced with "revert()"
Reference: https://github.com/crytic/slither/wiki/Detector-Documentation#deprecated-standards

solc-0.4.26 is an outdated solc version. Use a more recent version (at least 0.8.0), if possible.
Reference: https://github.com/crytic/slither/wiki/Detector-Documentation#incorrect-versions-of-solidity

Low level call in Owned.execute(address,uint256,bytes) (../smartbugs-curated/dataset/unchecked_low_level_calls/0xec329ffc97d75fe03428ae155fc7793431487f63.sol#27-30):
	- _dst.call.value(_value)(_data) (../smartbugs-curated/dataset/unchecked_low_level_calls/0xec329ffc97d75fe03428ae155fc7793431487f63.sol#29)
Reference: https://github.com/crytic/slither/wiki/Detector-Documentation#low-level-calls

Parameter Owned.changeOwner(address)._newOwner (../smartbugs-curated/dataset/unchecked_low_level_calls/0xec329ffc97d75fe03428ae155fc7793431487f63.sol#20) is not in mixedCase
Parameter Owned.execute(address,uint256,bytes)._dst (../smartbugs-curated/dataset/unchecked_low_level_calls/0xec329ffc97d75fe03428ae155fc7793431487f63.sol#27) is not in mixedCase
Parameter Owned.execute(address,uint256,bytes)._value (../smartbugs-curated/dataset/unchecked_low_level_calls/0xec329ffc97d75fe03428ae155fc7793431487f63.sol#27) is not in mixedCase
Parameter Owned.execute(address,uint256,bytes)._data (../smartbugs-curated/dataset/unchecked_low_level_calls/0xec329ffc97d75fe03428ae155fc7793431487f63.sol#27) is not in mixedCase
Reference: https://github.com/crytic/slither/wiki/Detector-Documentation#conformance-to-solidity-naming-conventions

TokenSender.slitherConstructorConstantVariables() (../smartbugs-curated/dataset/unchecked_low_level_calls/0xec329ffc97d75fe03428ae155fc7793431487f63.sol#38-131) uses literals with too many digits:
	- D160 = 0x0010000000000000000000000000000000000000000 (../smartbugs-curated/dataset/unchecked_low_level_calls/0xec329ffc97d75fe03428ae155fc7793431487f63.sol#57)
Reference: https://github.com/crytic/slither/wiki/Detector-Documentation#too-many-digits

execute(address,uint256,bytes) should be declared external:
	- Owned.execute(address,uint256,bytes) (../smartbugs-curated/dataset/unchecked_low_level_calls/0xec329ffc97d75fe03428ae155fc7793431487f63.sol#27-30)
fill(uint256[]) should be declared external:
	- TokenSender.fill(uint256[]) (../smartbugs-curated/dataset/unchecked_low_level_calls/0xec329ffc97d75fe03428ae155fc7793431487f63.sol#65-82)
Reference: https://github.com/crytic/slither/wiki/Detector-Documentation#public-function-that-could-be-declared-external
../smartbugs-curated/dataset/unchecked_low_level_calls/0xec329ffc97d75fe03428ae155fc7793431487f63.sol analyzed (3 contracts with 95 detectors), 22 result(s) found

Error running slither
0xec329ffc97d75fe03428ae155fc7793431487f63.sol
Getting Solidity AST...
Running TIPS...
0xec329ffc97d75fe03428ae155fc7793431487f63.sol
0.04606008529663086


