smartbugs/dataset/bad_randomness/smart_billions.sol:84:5: Warning: Use of the "var" keyword is deprecated.
    var _allowance = allowed[_from][msg.sender];
    ^------------^
smartbugs/dataset/bad_randomness/smart_billions.sol:181:5: Warning: Defining constructors as functions with the same name as the contract is deprecated. Use "constructor(...) { ... }" instead.
    function SmartBillions() {
    ^ (Relevant source part starts here and spans across multiple lines).
smartbugs/dataset/bad_randomness/smart_billions.sol:8:1: Warning: Source file does not specify required compiler version!Consider adding "pragma solidity ^0.4.24;"
library SafeMath {
^ (Relevant source part starts here and spans across multiple lines).
smartbugs/dataset/bad_randomness/smart_billions.sol:56:9: Warning: Invoking events without "emit" prefix is deprecated.
        Transfer(msg.sender, owner, _value);
        ^---------------------------------^
smartbugs/dataset/bad_randomness/smart_billions.sol:61:9: Warning: Invoking events without "emit" prefix is deprecated.
        Transfer(msg.sender, _to, _value);
        ^-------------------------------^
smartbugs/dataset/bad_randomness/smart_billions.sol:90:5: Warning: Invoking events without "emit" prefix is deprecated.
    Transfer(_from, _to, _value);
    ^--------------------------^
smartbugs/dataset/bad_randomness/smart_billions.sol:101:5: Warning: Invoking events without "emit" prefix is deprecated.
    Approval(msg.sender, _spender, _value);
    ^------------------------------------^
smartbugs/dataset/bad_randomness/smart_billions.sol:317:32: Warning: Using contract member "balance" inherited from the address type is deprecated. Convert the contract to "address" type to access the member, for example use "address(contract).balance" instead.
        require(_amount > 0 && this.balance >= (investBalance * 9 / 10) + walletBalance + _amount);
                               ^----------^
smartbugs/dataset/bad_randomness/smart_billions.sol:319:33: Warning: Using contract member "balance" inherited from the address type is deprecated. Convert the contract to "address" type to access the member, for example use "address(contract).balance" instead.
            require((_amount <= this.balance / 400) && coldStoreLast + 4 * 60 * 24 * 7 <= block.number);
                                ^----------^
smartbugs/dataset/bad_randomness/smart_billions.sol:369:23: Warning: Using contract member "balance" inherited from the address type is deprecated. Convert the contract to "address" type to access the member, for example use "address(contract).balance" instead.
        uint maxpay = this.balance / 2;
                      ^----------^
smartbugs/dataset/bad_randomness/smart_billions.sol:426:9: Warning: Invoking events without "emit" prefix is deprecated.
        Transfer(address(0),msg.sender,senderBalance); // for etherscan
        ^-------------------------------------------^
smartbugs/dataset/bad_randomness/smart_billions.sol:427:9: Warning: Invoking events without "emit" prefix is deprecated.
        Transfer(address(0),owner,ownerBalance); // for etherscan
        ^-------------------------------------^
smartbugs/dataset/bad_randomness/smart_billions.sol:428:9: Warning: Invoking events without "emit" prefix is deprecated.
        Transfer(address(0),animator,animatorBalance); // for etherscan
        ^-------------------------------------------^
smartbugs/dataset/bad_randomness/smart_billions.sol:429:9: Warning: Invoking events without "emit" prefix is deprecated.
        LogInvestment(msg.sender,_partner,investing);
        ^------------------------------------------^
smartbugs/dataset/bad_randomness/smart_billions.sol:439:9: Warning: Invoking events without "emit" prefix is deprecated.
        Transfer(msg.sender,address(0),balances[msg.sender]); // for etherscan
        ^--------------------------------------------------^
smartbugs/dataset/bad_randomness/smart_billions.sol:476:9: Warning: Invoking events without "emit" prefix is deprecated.
        LogDividend(_who,balance,last);
        ^----------------------------^
smartbugs/dataset/bad_randomness/smart_billions.sol:551:13: Warning: Invoking events without "emit" prefix is deprecated.
            LogLate(msg.sender,player.blockNum,block.number);
            ^----------------------------------------------^
smartbugs/dataset/bad_randomness/smart_billions.sol:573:17: Warning: Invoking events without "emit" prefix is deprecated.
                LogLate(msg.sender,player.blockNum,block.number);
                ^----------------------------------------------^
smartbugs/dataset/bad_randomness/smart_billions.sol:580:13: Warning: Invoking events without "emit" prefix is deprecated.
            LogWin(msg.sender,uint(player.betHash),uint(hash),prize);
            ^------------------------------------------------------^
smartbugs/dataset/bad_randomness/smart_billions.sol:583:17: Warning: Invoking events without "emit" prefix is deprecated.
                LogRecordWin(msg.sender,prize);
                ^----------------------------^
smartbugs/dataset/bad_randomness/smart_billions.sol:588:13: Warning: Invoking events without "emit" prefix is deprecated.
            LogLoss(msg.sender,uint(player.betHash),uint(hash));
            ^-------------------------------------------------^
smartbugs/dataset/bad_randomness/smart_billions.sol:617:32: Warning: "sha3" has been deprecated in favour of "keccak256"
        return playSystem(uint(sha3(msg.sender,block.number)), address(0));
                               ^---------------------------^
smartbugs/dataset/bad_randomness/smart_billions.sol:617:32: Warning: This function only accepts a single "bytes" argument. Please use "abi.encodePacked(...)" or a similar function to encode the data.
        return playSystem(uint(sha3(msg.sender,block.number)), address(0));
                               ^---------------------------^
smartbugs/dataset/bad_randomness/smart_billions.sol:625:32: Warning: "sha3" has been deprecated in favour of "keccak256"
        return playSystem(uint(sha3(msg.sender,block.number)), _partner);
                               ^---------------------------^
smartbugs/dataset/bad_randomness/smart_billions.sol:625:32: Warning: This function only accepts a single "bytes" argument. Please use "abi.encodePacked(...)" or a similar function to encode the data.
        return playSystem(uint(sha3(msg.sender,block.number)), _partner);
                               ^---------------------------^
smartbugs/dataset/bad_randomness/smart_billions.sol:659:13: Warning: Invoking events without "emit" prefix is deprecated.
            LogBet(msg.sender,uint(bethash),hashNext,msg.value);
            ^-------------------------------------------------^
smartbugs/dataset/bad_randomness/smart_billions.sol:24:3: Warning: No visibility specified. Defaulting to "public". 
  function balanceOf(address who) constant returns (uint);
  ^------------------------------------------------------^
smartbugs/dataset/bad_randomness/smart_billions.sol:25:3: Warning: No visibility specified. Defaulting to "public". 
  function transfer(address to, uint value);
  ^----------------------------------------^
smartbugs/dataset/bad_randomness/smart_billions.sol:31:3: Warning: No visibility specified. Defaulting to "public". 
  function allowance(address owner, address spender) constant returns (uint);
  ^-------------------------------------------------------------------------^
smartbugs/dataset/bad_randomness/smart_billions.sol:32:3: Warning: No visibility specified. Defaulting to "public". 
  function transferFrom(address from, address to, uint value);
  ^----------------------------------------------------------^
smartbugs/dataset/bad_randomness/smart_billions.sol:33:3: Warning: No visibility specified. Defaulting to "public". 
  function approve(address spender, uint value);
  ^--------------------------------------------^
smartbugs/dataset/bad_randomness/smart_billions.sol:50:3: Warning: No visibility specified. Defaulting to "public". 
  function transfer(address _to, uint _value) onlyPayloadSize(2 * 32) {
  ^ (Relevant source part starts here and spans across multiple lines).
smartbugs/dataset/bad_randomness/smart_billions.sol:69:3: Warning: No visibility specified. Defaulting to "public". 
  function balanceOf(address _owner) constant returns (uint balance) {
  ^ (Relevant source part starts here and spans across multiple lines).
smartbugs/dataset/bad_randomness/smart_billions.sol:83:3: Warning: No visibility specified. Defaulting to "public". 
  function transferFrom(address _from, address _to, uint _value) onlyPayloadSize(3 * 32) {
  ^ (Relevant source part starts here and spans across multiple lines).
smartbugs/dataset/bad_randomness/smart_billions.sol:97:3: Warning: No visibility specified. Defaulting to "public". 
  function approve(address _spender, uint _value) {
  ^ (Relevant source part starts here and spans across multiple lines).
smartbugs/dataset/bad_randomness/smart_billions.sol:109:3: Warning: No visibility specified. Defaulting to "public". 
  function allowance(address _owner, address _spender) constant returns (uint remaining) {
  ^ (Relevant source part starts here and spans across multiple lines).
smartbugs/dataset/bad_randomness/smart_billions.sol:181:5: Warning: No visibility specified. Defaulting to "public". 
    function SmartBillions() {
    ^ (Relevant source part starts here and spans across multiple lines).
smartbugs/dataset/bad_randomness/smart_billions.sol:522:43: Warning: "block.blockhash()" has been deprecated in favor of "blockhash()"
            return(betPrize(player,uint24(block.blockhash(player.blockNum))));
                                          ^-------------^
smartbugs/dataset/bad_randomness/smart_billions.sol:559:27: Warning: "block.blockhash()" has been deprecated in favor of "blockhash()"
            hash = uint24(block.blockhash(player.blockNum));
                          ^-------------^
smartbugs/dataset/bad_randomness/smart_billions.sol:699:24: Warning: "block.blockhash()" has been deprecated in favor of "blockhash()"
        return( ( uint(block.blockhash(_lastb  )) & 0xFFFFFF )
                       ^-------------^
smartbugs/dataset/bad_randomness/smart_billions.sol:701:24: Warning: "block.blockhash()" has been deprecated in favor of "blockhash()"
            | ( ( uint(block.blockhash(_lastb+1)) & 0xFFFFFF ) << 24 )
                       ^-------------^
smartbugs/dataset/bad_randomness/smart_billions.sol:703:24: Warning: "block.blockhash()" has been deprecated in favor of "blockhash()"
            | ( ( uint(block.blockhash(_lastb+2)) & 0xFFFFFF ) << 48 )
                       ^-------------^
smartbugs/dataset/bad_randomness/smart_billions.sol:705:24: Warning: "block.blockhash()" has been deprecated in favor of "blockhash()"
            | ( ( uint(block.blockhash(_lastb+3)) & 0xFFFFFF ) << 72 )
                       ^-------------^
smartbugs/dataset/bad_randomness/smart_billions.sol:707:24: Warning: "block.blockhash()" has been deprecated in favor of "blockhash()"
            | ( ( uint(block.blockhash(_lastb+4)) & 0xFFFFFF ) << 96 )
                       ^-------------^
smartbugs/dataset/bad_randomness/smart_billions.sol:709:24: Warning: "block.blockhash()" has been deprecated in favor of "blockhash()"
            | ( ( uint(block.blockhash(_lastb+5)) & 0xFFFFFF ) << 120 )
                       ^-------------^
smartbugs/dataset/bad_randomness/smart_billions.sol:711:24: Warning: "block.blockhash()" has been deprecated in favor of "blockhash()"
            | ( ( uint(block.blockhash(_lastb+6)) & 0xFFFFFF ) << 144 )
                       ^-------------^
smartbugs/dataset/bad_randomness/smart_billions.sol:713:24: Warning: "block.blockhash()" has been deprecated in favor of "blockhash()"
            | ( ( uint(block.blockhash(_lastb+7)) & 0xFFFFFF ) << 168 )
                       ^-------------^
smartbugs/dataset/bad_randomness/smart_billions.sol:715:24: Warning: "block.blockhash()" has been deprecated in favor of "blockhash()"
            | ( ( uint(block.blockhash(_lastb+8)) & 0xFFFFFF ) << 192 )
                       ^-------------^
smartbugs/dataset/bad_randomness/smart_billions.sol:717:24: Warning: "block.blockhash()" has been deprecated in favor of "blockhash()"
            | ( ( uint(block.blockhash(_lastb+9)) & 0xFFFFFF ) << 216 )
                       ^-------------^
smartbugs/dataset/bad_randomness/smart_billions.sol:9:3: Warning: Function state mutability can be restricted to pure
  function sub(uint a, uint b) internal returns (uint) {
  ^ (Relevant source part starts here and spans across multiple lines).
smartbugs/dataset/bad_randomness/smart_billions.sol:13:3: Warning: Function state mutability can be restricted to pure
  function add(uint a, uint b) internal returns (uint) {
  ^ (Relevant source part starts here and spans across multiple lines).
smartbugs/dataset/bad_randomness/smart_billions.sol:481:5: Warning: Function state mutability can be restricted to pure
    function betPrize(Bet _player, uint24 _hash) constant private returns (uint) { // house fee 13.85%
    ^ (Relevant source part starts here and spans across multiple lines).
FATAL ERROR: Ineffective mark-compacts near heap limit Allocation failed - JavaScript heap out of memory
 1: 0x8fb090 node::Abort() [node]
 2: 0x8fb0dc  [node]
 3: 0xb0336e v8::Utils::ReportOOMFailure(v8::internal::Isolate*, char const*, bool) [node]
 4: 0xb035a4 v8::internal::V8::FatalProcessOutOfMemory(v8::internal::Isolate*, char const*, bool) [node]
 5: 0xef7602  [node]
 6: 0xef7708 v8::internal::Heap::CheckIneffectiveMarkCompact(unsigned long, double) [node]
 7: 0xf037e2 v8::internal::Heap::PerformGarbageCollection(v8::internal::GarbageCollector, v8::GCCallbackFlags) [node]
 8: 0xf04114 v8::internal::Heap::CollectGarbage(v8::internal::AllocationSpace, v8::internal::GarbageCollectionReason, v8::GCCallbackFlags) [node]
 9: 0xf06d81 v8::internal::Heap::AllocateRawWithRetryOrFail(int, v8::internal::AllocationSpace, v8::internal::AllocationAlignment) [node]
10: 0xecfe76 v8::internal::Factory::AllocateRawArray(int, v8::internal::PretenureFlag) [node]
11: 0xed06fa v8::internal::Factory::NewFixedArrayWithFiller(v8::internal::Heap::RootListIndex, int, v8::internal::Object*, v8::internal::PretenureFlag) [node]
12: 0xed07d7 v8::internal::Factory::NewFixedArray(int, v8::internal::PretenureFlag) [node]
13: 0xe89e60  [node]
14: 0xfd48b3 v8::internal::FastKeyAccumulator::GetKeysFast(v8::internal::GetKeysConversion) [node]
15: 0xfd688d v8::internal::FastKeyAccumulator::GetKeys(v8::internal::GetKeysConversion) [node]
16: 0x11600d3 v8::internal::Runtime_ForInEnumerate(int, v8::internal::Object**, v8::internal::Isolate*) [node]
17: 0x32febe5bf1d 
Aborted (core dumped)
npm ERR! code ELIFECYCLE
npm ERR! errno 134
npm ERR! symEvm@1.0.0 dev: `node src/index.js "smartbugs/dataset/bad_randomness/smart_billions.sol" "results/bad_randomness/smart_billions" "SmartBillions"`
npm ERR! Exit status 134
npm ERR! 
npm ERR! Failed at the symEvm@1.0.0 dev script.
npm ERR! This is probably not a problem with npm. There is likely additional logging output above.

npm ERR! A complete log of this run can be found in:
npm ERR!     /root/.npm/_logs/2024-05-20T12_53_02_839Z-debug.log
