Getting Slither report...
Switched global version to 0.4.26



'solc --version' running
'solc ../smartbugs-curated/dataset/reentrancy/0xaae1f51cf3339f18b6d3f3bdc75a5facd744b0b8.sol --combined-json abi,ast,bin,bin-runtime,srcmap,srcmap-runtime,userdoc,devdoc,hashes,compact-format --allow-paths .,/home/mokita/sc_study/temp/smartbugs-curated/dataset/reentrancy' running
Compilation warnings/errors on ../smartbugs-curated/dataset/reentrancy/0xaae1f51cf3339f18b6d3f3bdc75a5facd744b0b8.sol:
../smartbugs-curated/dataset/reentrancy/0xaae1f51cf3339f18b6d3f3bdc75a5facd744b0b8.sol:21:24: Warning: "throw" is deprecated in favour of "revert()", "require()" and "assert()".
        if(intitalized)throw;
                       ^---^
../smartbugs-curated/dataset/reentrancy/0xaae1f51cf3339f18b6d3f3bdc75a5facd744b0b8.sol:28:24: Warning: "throw" is deprecated in favour of "revert()", "require()" and "assert()".
        if(intitalized)throw;
                       ^---^
../smartbugs-curated/dataset/reentrancy/0xaae1f51cf3339f18b6d3f3bdc75a5facd744b0b8.sol:8:1: Warning: Source file does not specify required compiler version!Consider adding "pragma solidity ^0.4.26;"
contract DEP_BANK 
^ (Relevant source part starts here and spans across multiple lines).


LogFile (../smartbugs-curated/dataset/reentrancy/0xaae1f51cf3339f18b6d3f3bdc75a5facd744b0b8.sol#71-95) contract sets array length with a user-controlled value:
	- History.push(LastMsg) (../smartbugs-curated/dataset/reentrancy/0xaae1f51cf3339f18b6d3f3bdc75a5facd744b0b8.sol#92)
Reference: https://github.com/crytic/slither/wiki/Detector-Documentation#array-length-assignment

Reentrancy in DEP_BANK.Collect(uint256) (../smartbugs-curated/dataset/reentrancy/0xaae1f51cf3339f18b6d3f3bdc75a5facd744b0b8.sol#46-59):
	External calls:
	- msg.sender.call.value(_am)() (../smartbugs-curated/dataset/reentrancy/0xaae1f51cf3339f18b6d3f3bdc75a5facd744b0b8.sol#53)
	State variables written after the call(s):
	- balances[msg.sender] -= _am (../smartbugs-curated/dataset/reentrancy/0xaae1f51cf3339f18b6d3f3bdc75a5facd744b0b8.sol#55)
	DEP_BANK.balances (../smartbugs-curated/dataset/reentrancy/0xaae1f51cf3339f18b6d3f3bdc75a5facd744b0b8.sol#10) can be used in cross function reentrancies:
	- DEP_BANK.Collect(uint256) (../smartbugs-curated/dataset/reentrancy/0xaae1f51cf3339f18b6d3f3bdc75a5facd744b0b8.sol#46-59)
	- DEP_BANK.Deposit() (../smartbugs-curated/dataset/reentrancy/0xaae1f51cf3339f18b6d3f3bdc75a5facd744b0b8.sol#38-44)
	- DEP_BANK.balances (../smartbugs-curated/dataset/reentrancy/0xaae1f51cf3339f18b6d3f3bdc75a5facd744b0b8.sol#10)
Reference: https://github.com/crytic/slither/wiki/Detector-Documentation#reentrancy-vulnerabilities

Deprecated standard detected THROW (../smartbugs-curated/dataset/reentrancy/0xaae1f51cf3339f18b6d3f3bdc75a5facd744b0b8.sol#21):
	- Usage of "throw" should be replaced with "revert()"
Deprecated standard detected THROW (../smartbugs-curated/dataset/reentrancy/0xaae1f51cf3339f18b6d3f3bdc75a5facd744b0b8.sol#28):
	- Usage of "throw" should be replaced with "revert()"
Reference: https://github.com/crytic/slither/wiki/Detector-Documentation#deprecated-standards

solc-0.4.26 is an outdated solc version. Use a more recent version (at least 0.8.0), if possible.
Reference: https://github.com/crytic/slither/wiki/Detector-Documentation#incorrect-versions-of-solidity

Low level call in DEP_BANK.Collect(uint256) (../smartbugs-curated/dataset/reentrancy/0xaae1f51cf3339f18b6d3f3bdc75a5facd744b0b8.sol#46-59):
	- msg.sender.call.value(_am)() (../smartbugs-curated/dataset/reentrancy/0xaae1f51cf3339f18b6d3f3bdc75a5facd744b0b8.sol#53)
Reference: https://github.com/crytic/slither/wiki/Detector-Documentation#low-level-calls

Contract DEP_BANK (../smartbugs-curated/dataset/reentrancy/0xaae1f51cf3339f18b6d3f3bdc75a5facd744b0b8.sol#8-68) is not in CapWords
Function DEP_BANK.SetMinSum(uint256) (../smartbugs-curated/dataset/reentrancy/0xaae1f51cf3339f18b6d3f3bdc75a5facd744b0b8.sol#18-23) is not in mixedCase
Parameter DEP_BANK.SetMinSum(uint256)._val (../smartbugs-curated/dataset/reentrancy/0xaae1f51cf3339f18b6d3f3bdc75a5facd744b0b8.sol#18) is not in mixedCase
Function DEP_BANK.SetLogFile(address) (../smartbugs-curated/dataset/reentrancy/0xaae1f51cf3339f18b6d3f3bdc75a5facd744b0b8.sol#25-30) is not in mixedCase
Parameter DEP_BANK.SetLogFile(address)._log (../smartbugs-curated/dataset/reentrancy/0xaae1f51cf3339f18b6d3f3bdc75a5facd744b0b8.sol#25) is not in mixedCase
Function DEP_BANK.Initialized() (../smartbugs-curated/dataset/reentrancy/0xaae1f51cf3339f18b6d3f3bdc75a5facd744b0b8.sol#32-36) is not in mixedCase
Function DEP_BANK.Deposit() (../smartbugs-curated/dataset/reentrancy/0xaae1f51cf3339f18b6d3f3bdc75a5facd744b0b8.sol#38-44) is not in mixedCase
Function DEP_BANK.Collect(uint256) (../smartbugs-curated/dataset/reentrancy/0xaae1f51cf3339f18b6d3f3bdc75a5facd744b0b8.sol#46-59) is not in mixedCase
Parameter DEP_BANK.Collect(uint256)._am (../smartbugs-curated/dataset/reentrancy/0xaae1f51cf3339f18b6d3f3bdc75a5facd744b0b8.sol#46) is not in mixedCase
Variable DEP_BANK.MinSum (../smartbugs-curated/dataset/reentrancy/0xaae1f51cf3339f18b6d3f3bdc75a5facd744b0b8.sol#12) is not in mixedCase
Variable DEP_BANK.Log (../smartbugs-curated/dataset/reentrancy/0xaae1f51cf3339f18b6d3f3bdc75a5facd744b0b8.sol#14) is not in mixedCase
Function LogFile.AddMessage(address,uint256,string) (../smartbugs-curated/dataset/reentrancy/0xaae1f51cf3339f18b6d3f3bdc75a5facd744b0b8.sol#85-93) is not in mixedCase
Parameter LogFile.AddMessage(address,uint256,string)._adr (../smartbugs-curated/dataset/reentrancy/0xaae1f51cf3339f18b6d3f3bdc75a5facd744b0b8.sol#85) is not in mixedCase
Parameter LogFile.AddMessage(address,uint256,string)._val (../smartbugs-curated/dataset/reentrancy/0xaae1f51cf3339f18b6d3f3bdc75a5facd744b0b8.sol#85) is not in mixedCase
Parameter LogFile.AddMessage(address,uint256,string)._data (../smartbugs-curated/dataset/reentrancy/0xaae1f51cf3339f18b6d3f3bdc75a5facd744b0b8.sol#85) is not in mixedCase
Variable LogFile.History (../smartbugs-curated/dataset/reentrancy/0xaae1f51cf3339f18b6d3f3bdc75a5facd744b0b8.sol#81) is not in mixedCase
Variable LogFile.LastMsg (../smartbugs-curated/dataset/reentrancy/0xaae1f51cf3339f18b6d3f3bdc75a5facd744b0b8.sol#83) is not in mixedCase
Reference: https://github.com/crytic/slither/wiki/Detector-Documentation#conformance-to-solidity-naming-conventions

AddMessage(address,uint256,string) should be declared external:
	- LogFile.AddMessage(address,uint256,string) (../smartbugs-curated/dataset/reentrancy/0xaae1f51cf3339f18b6d3f3bdc75a5facd744b0b8.sol#85-93)
Reference: https://github.com/crytic/slither/wiki/Detector-Documentation#public-function-that-could-be-declared-external
../smartbugs-curated/dataset/reentrancy/0xaae1f51cf3339f18b6d3f3bdc75a5facd744b0b8.sol analyzed (2 contracts with 95 detectors), 24 result(s) found

Error running slither
0xaae1f51cf3339f18b6d3f3bdc75a5facd744b0b8.sol
Getting Solidity AST...
Running TIPS...
0xaae1f51cf3339f18b6d3f3bdc75a5facd744b0b8.sol
0.008514165878295898


