mythril.mythril.mythril_config [INFO]: Creating mythril data directory 
mythril.mythril.mythril_config [INFO]: No config file found. Creating default: /root/.mythril/config.ini 
mythril.mythril.mythril_config [INFO]: Infura key not provided, so onchain access is disabled. Use --infura-id <INFURA_ID> or set it in the environment variable INFURA_ID or in the ~/.mythril/config.ini file 
mythril.support.signatures [INFO]: Using signature database at /root/.mythril/signatures.db
mythril.laser.ethereum.svm [INFO]: LASER EVM initialized with dynamic loader: <mythril.support.loader.DynLoader object at 0x77279af5e700>
mythril.laser.ethereum.strategy.extensions.bounded_loops [INFO]: Loaded search strategy extension: Loop bounds (limit = 3)
mythril.laser.plugin.loader [INFO]: Loading laser plugin: coverage
mythril.laser.plugin.loader [INFO]: Loading laser plugin: mutation-pruner
mythril.laser.plugin.loader [INFO]: Loading laser plugin: call-depth-limit
mythril.laser.plugin.loader [INFO]: Loading laser plugin: instruction-profiler
mythril.laser.plugin.loader [INFO]: Loading laser plugin: dependency-pruner
mythril.laser.plugin.loader [INFO]: Instrumenting symbolic vm with plugin: coverage
mythril.laser.plugin.loader [INFO]: Instrumenting symbolic vm with plugin: mutation-pruner
mythril.laser.plugin.loader [INFO]: Instrumenting symbolic vm with plugin: call-depth-limit
mythril.laser.plugin.loader [INFO]: Instrumenting symbolic vm with plugin: instruction-profiler
mythril.laser.plugin.loader [INFO]: Instrumenting symbolic vm with plugin: dependency-pruner
mythril.laser.ethereum.svm [DEBUG]: Starting LASER execution
mythril.laser.ethereum.svm [INFO]: Starting message call transaction to 0
mythril.laser.ethereum.svm [INFO]: Starting message call transaction, iteration: 0, 1 initial states
mythril.laser.ethereum.instructions [DEBUG]: Evaluating PUSH1 at 0
mythril.laser.ethereum.instructions [DEBUG]: Evaluating PUSH1 at 1
mythril.laser.ethereum.instructions [DEBUG]: Evaluating MSTORE at 2
mythril.laser.ethereum.instructions [DEBUG]: Evaluating PUSH1 at 3
mythril.laser.ethereum.instructions [DEBUG]: Evaluating CALLDATASIZE at 4
mythril.laser.ethereum.instructions [DEBUG]: Evaluating LT at 5
mythril.laser.ethereum.instructions [DEBUG]: Evaluating PUSH1 at 6
mythril.analysis.module.base [DEBUG]: Entering analysis module: TxOrigin
mythril.analysis.module.base [DEBUG]: Exiting analysis module: TxOrigin
mythril.analysis.module.base [DEBUG]: Entering analysis module: IntegerArithmetics
mythril.analysis.module.base [DEBUG]: Exiting analysis module: IntegerArithmetics
mythril.laser.ethereum.instructions [DEBUG]: Evaluating JUMPI at 7
mythril.laser.ethereum.instructions [DEBUG]: Evaluating PUSH4 at 8
mythril.laser.ethereum.instructions [DEBUG]: Evaluating JUMPDEST at 19
mythril.laser.ethereum.instructions [DEBUG]: Evaluating PUSH29 at 9
mythril.laser.ethereum.instructions [DEBUG]: Evaluating PUSH1 at 20
mythril.laser.ethereum.instructions [DEBUG]: Evaluating PUSH1 at 10
mythril.laser.ethereum.instructions [DEBUG]: Evaluating DUP1 at 21
mythril.laser.ethereum.instructions [DEBUG]: Evaluating CALLDATALOAD at 11
mythril.laser.ethereum.instructions [DEBUG]: Evaluating REVERT at 22
mythril.laser.ethereum.svm [DEBUG]: Ending transaction MessageCallTransaction 1 from sender_1 to                                        0x0.
mythril.laser.ethereum.instructions [DEBUG]: Evaluating DIV at 12
mythril.laser.ethereum.instructions [DEBUG]: Evaluating AND at 13
mythril.laser.ethereum.instructions [DEBUG]: Evaluating PUSH4 at 14
mythril.laser.ethereum.instructions [DEBUG]: Evaluating DUP2 at 15
mythril.laser.ethereum.instructions [DEBUG]: Evaluating EQ at 16
mythril.laser.ethereum.instructions [DEBUG]: Evaluating PUSH1 at 17
mythril.analysis.module.base [DEBUG]: Entering analysis module: TxOrigin
mythril.analysis.module.base [DEBUG]: Exiting analysis module: TxOrigin
mythril.analysis.module.base [DEBUG]: Entering analysis module: IntegerArithmetics
mythril.analysis.module.base [DEBUG]: Exiting analysis module: IntegerArithmetics
mythril.laser.ethereum.instructions [DEBUG]: Evaluating JUMPI at 18
mythril.laser.ethereum.instructions [DEBUG]: Evaluating JUMPDEST at 19
mythril.laser.ethereum.instructions [DEBUG]: Evaluating JUMPDEST at 23
mythril.laser.ethereum.instructions [DEBUG]: Evaluating PUSH1 at 20
mythril.laser.ethereum.instructions [DEBUG]: Evaluating CALLVALUE at 24
mythril.laser.ethereum.instructions [DEBUG]: Evaluating DUP1 at 21
mythril.laser.ethereum.instructions [DEBUG]: Evaluating DUP1 at 25
mythril.laser.ethereum.instructions [DEBUG]: Evaluating REVERT at 22
mythril.laser.ethereum.svm [DEBUG]: Ending transaction MessageCallTransaction 1 from sender_1 to                                        0x0.
mythril.laser.ethereum.instructions [DEBUG]: Evaluating ISZERO at 26
mythril.laser.ethereum.instructions [DEBUG]: Evaluating PUSH1 at 27
mythril.analysis.module.base [DEBUG]: Entering analysis module: TxOrigin
mythril.analysis.module.base [DEBUG]: Exiting analysis module: TxOrigin
mythril.analysis.module.base [DEBUG]: Entering analysis module: IntegerArithmetics
mythril.analysis.module.base [DEBUG]: Exiting analysis module: IntegerArithmetics
mythril.laser.ethereum.instructions [DEBUG]: Evaluating JUMPI at 28
mythril.laser.ethereum.instructions [DEBUG]: Evaluating PUSH1 at 29
mythril.laser.ethereum.instructions [DEBUG]: Evaluating JUMPDEST at 32
mythril.laser.ethereum.instructions [DEBUG]: Evaluating DUP1 at 30
mythril.laser.ethereum.instructions [DEBUG]: Evaluating POP at 33
mythril.laser.ethereum.instructions [DEBUG]: Evaluating REVERT at 31
mythril.laser.ethereum.svm [DEBUG]: Ending transaction MessageCallTransaction 1 from sender_1 to                                        0x0.
mythril.laser.ethereum.instructions [DEBUG]: Evaluating PUSH1 at 34
mythril.laser.ethereum.instructions [DEBUG]: Evaluating PUSH1 at 35
mythril.laser.ethereum.instructions [DEBUG]: Evaluating CALLDATALOAD at 36
mythril.laser.ethereum.instructions [DEBUG]: Evaluating PUSH1 at 37
mythril.laser.ethereum.instructions [DEBUG]: Evaluating JUMP at 38
mythril.laser.ethereum.instructions [DEBUG]: Evaluating JUMPDEST at 57
mythril.laser.ethereum.instructions [DEBUG]: Evaluating PUSH1 at 58
mythril.laser.ethereum.instructions [DEBUG]: Evaluating DUP1 at 59
mythril.laser.ethereum.instructions [DEBUG]: Evaluating SLOAD at 60
mythril.laser.ethereum.instructions [DEBUG]: Evaluating SWAP1 at 61
mythril.laser.ethereum.instructions [DEBUG]: Evaluating SWAP2 at 62
mythril.laser.ethereum.instructions [DEBUG]: Evaluating PUSH2 at 63
mythril.laser.ethereum.instructions [DEBUG]: Evaluating PUSH2 at 64
mythril.laser.ethereum.instructions [DEBUG]: Evaluating JUMP at 65
mythril.laser.ethereum.instructions [DEBUG]: Evaluating JUMPDEST at 75
mythril.laser.ethereum.instructions [DEBUG]: Evaluating DUP3 at 76
mythril.laser.ethereum.instructions [DEBUG]: Evaluating DUP3 at 77
mythril.laser.ethereum.instructions [DEBUG]: Evaluating DUP2 at 78
mythril.analysis.module.base [DEBUG]: Entering analysis module: IntegerArithmetics
mythril.analysis.module.base [DEBUG]: Exiting analysis module: IntegerArithmetics
mythril.laser.ethereum.instructions [DEBUG]: Evaluating ADD at 79
mythril.laser.ethereum.instructions [DEBUG]: Evaluating DUP1 at 80
mythril.laser.ethereum.instructions [DEBUG]: Evaluating SWAP2 at 81
mythril.laser.ethereum.instructions [DEBUG]: Evaluating GT at 82
mythril.laser.ethereum.instructions [DEBUG]: Evaluating ISZERO at 83
mythril.laser.ethereum.instructions [DEBUG]: Evaluating SWAP1 at 84
mythril.laser.ethereum.instructions [DEBUG]: Evaluating SWAP2 at 85
mythril.analysis.module.base [DEBUG]: Entering analysis module: TxOrigin
mythril.analysis.module.base [DEBUG]: Exiting analysis module: TxOrigin
mythril.analysis.module.base [DEBUG]: Entering analysis module: IntegerArithmetics
mythril.analysis.module.base [DEBUG]: Exiting analysis module: IntegerArithmetics
mythril.laser.ethereum.instructions [DEBUG]: Evaluating JUMPI at 86
mythril.laser.ethereum.instructions [DEBUG]: Pruned unreachable states.
mythril.laser.ethereum.instructions [DEBUG]: Evaluating JUMPDEST at 66
mythril.laser.ethereum.instructions [DEBUG]: Evaluating SWAP2 at 67
mythril.laser.ethereum.instructions [DEBUG]: Evaluating POP at 68
mythril.laser.ethereum.instructions [DEBUG]: Evaluating POP at 69
mythril.laser.ethereum.instructions [DEBUG]: Evaluating DUP2 at 70
mythril.analysis.module.base [DEBUG]: Entering analysis module: ArbitraryStorage
mythril.analysis.module.base [DEBUG]: Exiting analysis module: ArbitraryStorage
mythril.analysis.module.base [DEBUG]: Entering analysis module: IntegerArithmetics
mythril.analysis.module.base [DEBUG]: Exiting analysis module: IntegerArithmetics
mythril.analysis.module.base [DEBUG]: Entering analysis module: StateChangeAfterCall
mythril.analysis.module.base [DEBUG]: Exiting analysis module: StateChangeAfterCall
mythril.laser.ethereum.instructions [DEBUG]: Evaluating SSTORE at 71
mythril.laser.ethereum.instructions [DEBUG]: Evaluating SWAP1 at 72
mythril.laser.ethereum.instructions [DEBUG]: Evaluating JUMP at 73
mythril.laser.ethereum.instructions [DEBUG]: Evaluating JUMPDEST at 39
mythril.laser.ethereum.instructions [DEBUG]: Evaluating PUSH1 at 40
mythril.laser.ethereum.instructions [DEBUG]: Evaluating DUP1 at 41
mythril.laser.ethereum.instructions [DEBUG]: Evaluating MLOAD at 42
mythril.laser.ethereum.instructions [DEBUG]: Evaluating SWAP2 at 43
mythril.laser.ethereum.instructions [DEBUG]: Evaluating ISZERO at 44
mythril.laser.ethereum.instructions [DEBUG]: Evaluating ISZERO at 45
mythril.laser.ethereum.instructions [DEBUG]: Evaluating DUP3 at 46
mythril.laser.ethereum.instructions [DEBUG]: Evaluating MSTORE at 47
mythril.laser.ethereum.instructions [DEBUG]: Evaluating MLOAD at 48
mythril.laser.ethereum.instructions [DEBUG]: Evaluating SWAP1 at 49
mythril.laser.ethereum.instructions [DEBUG]: Evaluating DUP2 at 50
mythril.laser.ethereum.instructions [DEBUG]: Evaluating SWAP1 at 51
mythril.analysis.module.base [DEBUG]: Entering analysis module: IntegerArithmetics
mythril.analysis.module.base [DEBUG]: Exiting analysis module: IntegerArithmetics
mythril.laser.ethereum.instructions [DEBUG]: Evaluating SUB at 52
mythril.laser.ethereum.instructions [DEBUG]: Evaluating PUSH1 at 53
mythril.analysis.module.base [DEBUG]: Entering analysis module: IntegerArithmetics
mythril.analysis.module.base [DEBUG]: Exiting analysis module: IntegerArithmetics
mythril.laser.ethereum.instructions [DEBUG]: Evaluating ADD at 54
mythril.laser.ethereum.instructions [DEBUG]: Evaluating SWAP1 at 55
mythril.analysis.module.base [DEBUG]: Entering analysis module: IntegerArithmetics
mythril.analysis.module.base [DEBUG]: Exiting analysis module: IntegerArithmetics
mythril.analysis.module.base [DEBUG]: Entering analysis module: UncheckedRetval
mythril.analysis.module.base [DEBUG]: Exiting analysis module: UncheckedRetval
mythril.laser.ethereum.instructions [DEBUG]: Evaluating RETURN at 56
mythril.laser.ethereum.svm [DEBUG]: Ending transaction MessageCallTransaction 1 from sender_1 to                                        0x0.
mythril.laser.plugin.plugins.coverage.coverage_plugin [INFO]: Number of new instructions covered in tx 0: 86
mythril.laser.ethereum.svm [INFO]: Starting message call transaction, iteration: 1, 1 initial states
mythril.laser.ethereum.instructions [DEBUG]: Evaluating PUSH1 at 0
mythril.laser.ethereum.instructions [DEBUG]: Evaluating PUSH1 at 1
mythril.laser.ethereum.instructions [DEBUG]: Evaluating MSTORE at 2
mythril.laser.ethereum.instructions [DEBUG]: Evaluating PUSH1 at 3
mythril.laser.ethereum.instructions [DEBUG]: Evaluating CALLDATASIZE at 4
mythril.laser.ethereum.instructions [DEBUG]: Evaluating LT at 5
mythril.laser.ethereum.instructions [DEBUG]: Evaluating PUSH1 at 6
mythril.analysis.module.base [DEBUG]: Entering analysis module: TxOrigin
mythril.analysis.module.base [DEBUG]: Exiting analysis module: TxOrigin
mythril.analysis.module.base [DEBUG]: Entering analysis module: IntegerArithmetics
mythril.analysis.module.base [DEBUG]: Exiting analysis module: IntegerArithmetics
mythril.laser.ethereum.instructions [DEBUG]: Evaluating JUMPI at 7
mythril.laser.ethereum.instructions [DEBUG]: Evaluating PUSH4 at 8
mythril.laser.ethereum.instructions [DEBUG]: Evaluating JUMPDEST at 19
mythril.laser.ethereum.instructions [DEBUG]: Evaluating PUSH29 at 9
mythril.laser.ethereum.instructions [DEBUG]: Evaluating PUSH1 at 20
mythril.laser.ethereum.instructions [DEBUG]: Evaluating PUSH1 at 10
mythril.laser.ethereum.instructions [DEBUG]: Evaluating DUP1 at 21
mythril.laser.ethereum.instructions [DEBUG]: Evaluating CALLDATALOAD at 11
mythril.laser.ethereum.instructions [DEBUG]: Evaluating REVERT at 22
mythril.laser.ethereum.svm [DEBUG]: Ending transaction MessageCallTransaction 2 from sender_2 to                                        0x0.
mythril.laser.ethereum.instructions [DEBUG]: Evaluating DIV at 12
mythril.laser.ethereum.instructions [DEBUG]: Evaluating AND at 13
mythril.laser.ethereum.instructions [DEBUG]: Evaluating PUSH4 at 14
mythril.laser.ethereum.instructions [DEBUG]: Evaluating DUP2 at 15
mythril.laser.ethereum.instructions [DEBUG]: Evaluating EQ at 16
mythril.laser.ethereum.instructions [DEBUG]: Evaluating PUSH1 at 17
mythril.analysis.module.base [DEBUG]: Entering analysis module: TxOrigin
mythril.analysis.module.base [DEBUG]: Exiting analysis module: TxOrigin
mythril.analysis.module.base [DEBUG]: Entering analysis module: IntegerArithmetics
mythril.analysis.module.base [DEBUG]: Exiting analysis module: IntegerArithmetics
mythril.laser.ethereum.instructions [DEBUG]: Evaluating JUMPI at 18
mythril.laser.plugin.plugins.dependency_pruner [DEBUG]: Skipping state: Storage slots {0} not read in block at address 62, function
mythril.laser.ethereum.instructions [DEBUG]: Evaluating JUMPDEST at 23
mythril.laser.ethereum.instructions [DEBUG]: Evaluating CALLVALUE at 24
mythril.laser.ethereum.instructions [DEBUG]: Evaluating DUP1 at 25
mythril.laser.ethereum.instructions [DEBUG]: Evaluating ISZERO at 26
mythril.laser.ethereum.instructions [DEBUG]: Evaluating PUSH1 at 27
mythril.analysis.module.base [DEBUG]: Entering analysis module: TxOrigin
mythril.analysis.module.base [DEBUG]: Exiting analysis module: TxOrigin
mythril.analysis.module.base [DEBUG]: Entering analysis module: IntegerArithmetics
mythril.analysis.module.base [DEBUG]: Exiting analysis module: IntegerArithmetics
mythril.laser.ethereum.instructions [DEBUG]: Evaluating JUMPI at 28
mythril.laser.ethereum.instructions [DEBUG]: Evaluating PUSH1 at 29
mythril.laser.ethereum.instructions [DEBUG]: Evaluating JUMPDEST at 32
mythril.laser.ethereum.instructions [DEBUG]: Evaluating DUP1 at 30
mythril.laser.ethereum.instructions [DEBUG]: Evaluating POP at 33
mythril.laser.ethereum.instructions [DEBUG]: Evaluating REVERT at 31
mythril.laser.ethereum.svm [DEBUG]: Ending transaction MessageCallTransaction 2 from sender_2 to                                        0x0.
mythril.laser.ethereum.instructions [DEBUG]: Evaluating PUSH1 at 34
mythril.laser.ethereum.instructions [DEBUG]: Evaluating PUSH1 at 35
mythril.laser.ethereum.instructions [DEBUG]: Evaluating CALLDATALOAD at 36
mythril.laser.ethereum.instructions [DEBUG]: Evaluating PUSH1 at 37
mythril.laser.ethereum.instructions [DEBUG]: Evaluating JUMP at 38
mythril.laser.ethereum.instructions [DEBUG]: Evaluating JUMPDEST at 57
mythril.laser.ethereum.instructions [DEBUG]: Evaluating PUSH1 at 58
mythril.laser.ethereum.instructions [DEBUG]: Evaluating DUP1 at 59
mythril.laser.ethereum.instructions [DEBUG]: Evaluating SLOAD at 60
mythril.laser.ethereum.instructions [DEBUG]: Evaluating SWAP1 at 61
mythril.laser.ethereum.instructions [DEBUG]: Evaluating SWAP2 at 62
mythril.laser.ethereum.instructions [DEBUG]: Evaluating PUSH2 at 63
mythril.laser.ethereum.instructions [DEBUG]: Evaluating PUSH2 at 64
mythril.laser.ethereum.instructions [DEBUG]: Evaluating JUMP at 65
mythril.laser.ethereum.instructions [DEBUG]: Evaluating JUMPDEST at 75
mythril.laser.ethereum.instructions [DEBUG]: Evaluating DUP3 at 76
mythril.laser.ethereum.instructions [DEBUG]: Evaluating DUP3 at 77
mythril.laser.ethereum.instructions [DEBUG]: Evaluating DUP2 at 78
mythril.analysis.module.base [DEBUG]: Entering analysis module: IntegerArithmetics
mythril.analysis.module.base [DEBUG]: Exiting analysis module: IntegerArithmetics
mythril.laser.ethereum.instructions [DEBUG]: Evaluating ADD at 79
mythril.laser.ethereum.instructions [DEBUG]: Evaluating DUP1 at 80
mythril.laser.ethereum.instructions [DEBUG]: Evaluating SWAP2 at 81
mythril.laser.ethereum.instructions [DEBUG]: Evaluating GT at 82
mythril.laser.ethereum.instructions [DEBUG]: Evaluating ISZERO at 83
mythril.laser.ethereum.instructions [DEBUG]: Evaluating SWAP1 at 84
mythril.laser.ethereum.instructions [DEBUG]: Evaluating SWAP2 at 85
mythril.analysis.module.base [DEBUG]: Entering analysis module: TxOrigin
mythril.analysis.module.base [DEBUG]: Exiting analysis module: TxOrigin
mythril.analysis.module.base [DEBUG]: Entering analysis module: IntegerArithmetics
mythril.analysis.module.base [DEBUG]: Exiting analysis module: IntegerArithmetics
mythril.laser.ethereum.instructions [DEBUG]: Evaluating JUMPI at 86
mythril.laser.ethereum.instructions [DEBUG]: Evaluating PUSH1 at 87
mythril.laser.ethereum.instructions [DEBUG]: Evaluating JUMPDEST at 66
mythril.laser.ethereum.instructions [DEBUG]: Evaluating DUP1 at 88
mythril.laser.ethereum.instructions [DEBUG]: Evaluating SWAP2 at 67
mythril.laser.ethereum.instructions [DEBUG]: Evaluating REVERT at 89
mythril.laser.ethereum.svm [DEBUG]: Ending transaction MessageCallTransaction 2 from sender_2 to                                        0x0.
mythril.laser.ethereum.instructions [DEBUG]: Evaluating POP at 68
mythril.laser.ethereum.instructions [DEBUG]: Evaluating POP at 69
mythril.laser.ethereum.instructions [DEBUG]: Evaluating DUP2 at 70
mythril.analysis.module.base [DEBUG]: Entering analysis module: ArbitraryStorage
mythril.analysis.module.base [DEBUG]: Exiting analysis module: ArbitraryStorage
mythril.analysis.module.base [DEBUG]: Entering analysis module: IntegerArithmetics
mythril.analysis.module.base [DEBUG]: Exiting analysis module: IntegerArithmetics
mythril.analysis.module.base [DEBUG]: Entering analysis module: StateChangeAfterCall
mythril.analysis.module.base [DEBUG]: Exiting analysis module: StateChangeAfterCall
mythril.laser.ethereum.instructions [DEBUG]: Evaluating SSTORE at 71
mythril.laser.ethereum.instructions [DEBUG]: Evaluating SWAP1 at 72
mythril.laser.ethereum.instructions [DEBUG]: Evaluating JUMP at 73
mythril.laser.ethereum.instructions [DEBUG]: Evaluating JUMPDEST at 39
mythril.laser.ethereum.instructions [DEBUG]: Evaluating PUSH1 at 40
mythril.laser.ethereum.instructions [DEBUG]: Evaluating DUP1 at 41
mythril.laser.ethereum.instructions [DEBUG]: Evaluating MLOAD at 42
mythril.laser.ethereum.instructions [DEBUG]: Evaluating SWAP2 at 43
mythril.laser.ethereum.instructions [DEBUG]: Evaluating ISZERO at 44
mythril.laser.ethereum.instructions [DEBUG]: Evaluating ISZERO at 45
mythril.laser.ethereum.instructions [DEBUG]: Evaluating DUP3 at 46
mythril.laser.ethereum.instructions [DEBUG]: Evaluating MSTORE at 47
mythril.laser.ethereum.instructions [DEBUG]: Evaluating MLOAD at 48
mythril.laser.ethereum.instructions [DEBUG]: Evaluating SWAP1 at 49
mythril.laser.ethereum.instructions [DEBUG]: Evaluating DUP2 at 50
mythril.laser.ethereum.instructions [DEBUG]: Evaluating SWAP1 at 51
mythril.analysis.module.base [DEBUG]: Entering analysis module: IntegerArithmetics
mythril.analysis.module.base [DEBUG]: Exiting analysis module: IntegerArithmetics
mythril.laser.ethereum.instructions [DEBUG]: Evaluating SUB at 52
mythril.laser.ethereum.instructions [DEBUG]: Evaluating PUSH1 at 53
mythril.analysis.module.base [DEBUG]: Entering analysis module: IntegerArithmetics
mythril.analysis.module.base [DEBUG]: Exiting analysis module: IntegerArithmetics
mythril.laser.ethereum.instructions [DEBUG]: Evaluating ADD at 54
mythril.laser.ethereum.instructions [DEBUG]: Evaluating SWAP1 at 55
mythril.analysis.module.base [DEBUG]: Entering analysis module: IntegerArithmetics
mythril.analysis.module.modules.integer [DEBUG]: Checking overflow in RETURN at transaction end address 107, ostate address 135
mythril.analysis.module.base [DEBUG]: Exiting analysis module: IntegerArithmetics
mythril.analysis.module.base [DEBUG]: Entering analysis module: UncheckedRetval
mythril.analysis.module.base [DEBUG]: Exiting analysis module: UncheckedRetval
mythril.laser.ethereum.instructions [DEBUG]: Evaluating RETURN at 56
mythril.laser.ethereum.svm [DEBUG]: Ending transaction MessageCallTransaction 2 from sender_2 to                                        0x0.
mythril.laser.plugin.plugins.coverage.coverage_plugin [INFO]: Number of new instructions covered in tx 1: 3
mythril.laser.ethereum.svm [INFO]: Finished symbolic execution
mythril.laser.plugin.plugins.coverage.coverage_plugin [INFO]: Achieved 98.89% coverage for code: 608060405260043610603e5763ffffffff7c01000000000000000000000000000000000000000000000000000000006000350416631003e2d281146043575b600080fd5b348015604e57600080fd5b506058600435606c565b604080519115158252519081900360200190f35b60008054909161007a610083565b91505081559056005b8282810180911115909157600080fd
mythril.laser.plugin.plugins.instruction_profiler [INFO]: Total: 0.20391392707824707 s
[ADD         ]   1.0091 %,  nr      4,  total   0.0021 s,  avg   0.0005 s,  min   0.0003 s,  max   0.0007 s
[AND         ]   0.4236 %,  nr      2,  total   0.0009 s,  avg   0.0004 s,  min   0.0003 s,  max   0.0006 s
[CALLDATALOAD]  20.0568 %,  nr      4,  total   0.0409 s,  avg   0.0102 s,  min   0.0072 s,  max   0.0133 s
[CALLDATASIZE]   0.4251 %,  nr      2,  total   0.0009 s,  avg   0.0004 s,  min   0.0004 s,  max   0.0005 s
[CALLVALUE   ]   0.4913 %,  nr      2,  total   0.0010 s,  avg   0.0005 s,  min   0.0003 s,  max   0.0007 s
[DIV         ]   0.6532 %,  nr      2,  total   0.0013 s,  avg   0.0007 s,  min   0.0005 s,  max   0.0008 s
[DUP1        ]   2.4676 %,  nr     14,  total   0.0050 s,  avg   0.0004 s,  min   0.0002 s,  max   0.0006 s
[DUP2        ]   1.3234 %,  nr      8,  total   0.0027 s,  avg   0.0003 s,  min   0.0003 s,  max   0.0005 s
[DUP3        ]   1.0804 %,  nr      6,  total   0.0022 s,  avg   0.0004 s,  min   0.0003 s,  max   0.0006 s
[EQ          ]   0.4071 %,  nr      2,  total   0.0008 s,  avg   0.0004 s,  min   0.0003 s,  max   0.0005 s
[GT          ]   0.5233 %,  nr      2,  total   0.0011 s,  avg   0.0005 s,  min   0.0004 s,  max   0.0006 s
[ISZERO      ]   2.5787 %,  nr      8,  total   0.0053 s,  avg   0.0007 s,  min   0.0004 s,  max   0.0016 s
[JUMP        ]   2.0934 %,  nr      6,  total   0.0043 s,  avg   0.0007 s,  min   0.0005 s,  max   0.0010 s
[JUMPDEST    ]   3.3707 %,  nr     15,  total   0.0069 s,  avg   0.0005 s,  min   0.0002 s,  max   0.0009 s
[JUMPI       ]   5.2858 %,  nr      8,  total   0.0108 s,  avg   0.0013 s,  min   0.0008 s,  max   0.0020 s
[LT          ]   0.4438 %,  nr      2,  total   0.0009 s,  avg   0.0005 s,  min   0.0004 s,  max   0.0005 s
[MLOAD       ]  16.7197 %,  nr      4,  total   0.0341 s,  avg   0.0085 s,  min   0.0084 s,  max   0.0087 s
[MSTORE      ]  23.4874 %,  nr      4,  total   0.0479 s,  avg   0.0120 s,  min   0.0098 s,  max   0.0179 s
[POP         ]   1.5864 %,  nr      6,  total   0.0032 s,  avg   0.0005 s,  min   0.0003 s,  max   0.0017 s
[PUSH1       ]   7.5386 %,  nr     32,  total   0.0154 s,  avg   0.0005 s,  min   0.0003 s,  max   0.0009 s
[PUSH2       ]   0.7997 %,  nr      4,  total   0.0016 s,  avg   0.0004 s,  min   0.0003 s,  max   0.0005 s
[PUSH29      ]   0.4418 %,  nr      2,  total   0.0009 s,  avg   0.0005 s,  min   0.0004 s,  max   0.0005 s
[PUSH4       ]   1.2360 %,  nr      4,  total   0.0025 s,  avg   0.0006 s,  min   0.0003 s,  max   0.0009 s
[SLOAD       ]   0.6042 %,  nr      2,  total   0.0012 s,  avg   0.0006 s,  min   0.0005 s,  max   0.0007 s
[SSTORE      ]   0.4113 %,  nr      2,  total   0.0008 s,  avg   0.0004 s,  min   0.0004 s,  max   0.0004 s
[SUB         ]   0.3540 %,  nr      2,  total   0.0007 s,  avg   0.0004 s,  min   0.0003 s,  max   0.0004 s
[SWAP1       ]   2.2588 %,  nr     12,  total   0.0046 s,  avg   0.0004 s,  min   0.0002 s,  max   0.0005 s
[SWAP2       ]   1.9285 %,  nr     10,  total   0.0039 s,  avg   0.0004 s,  min   0.0003 s,  max   0.0005 s

mythril.analysis.security [INFO]: Starting analysis
mythril.analysis.security [DEBUG]: Retrieving results for Caller can write to arbitrary storage locations
mythril.analysis.security [DEBUG]: Retrieving results for Delegatecall to a user-specified address
mythril.analysis.security [DEBUG]: Retrieving results for Control flow depends on tx.origin
mythril.analysis.security [DEBUG]: Retrieving results for Any sender can withdraw ETH from the contract account
mythril.analysis.security [DEBUG]: Retrieving results for Integer overflow or underflow
mythril.analysis.security [DEBUG]: Retrieving results for State change after an external call
mythril.analysis.security [DEBUG]: Retrieving results for Contract can be accidentally killed by anyone
mythril.analysis.security [DEBUG]: Retrieving results for Return value of an external call is not checked
mythril.mythril.mythril_analyzer [INFO]: Solver statistics: 
Query count: 24 
Solver time: 1.3606817722320557
{"error": null, "issues": [], "success": true}
