mythril.mythril.mythril_config [INFO]: Creating mythril data directory 
mythril.mythril.mythril_config [INFO]: No config file found. Creating default: /root/.mythril/config.ini 
mythril.mythril.mythril_config [INFO]: Infura key not provided, so onchain access is disabled. Use --infura-id <INFURA_ID> or set it in the environment variable INFURA_ID or in the ~/.mythril/config.ini file 
mythril.support.signatures [INFO]: Using signature database at /root/.mythril/signatures.db
mythril.laser.ethereum.svm [INFO]: LASER EVM initialized with dynamic loader: <mythril.support.loader.DynLoader object at 0x70a366e67ac0>
mythril.laser.ethereum.strategy.extensions.bounded_loops [INFO]: Loaded search strategy extension: Loop bounds (limit = 3)
mythril.laser.plugin.loader [INFO]: Loading laser plugin: coverage
mythril.laser.plugin.loader [INFO]: Loading laser plugin: mutation-pruner
mythril.laser.plugin.loader [INFO]: Loading laser plugin: call-depth-limit
mythril.laser.plugin.loader [INFO]: Loading laser plugin: instruction-profiler
mythril.laser.plugin.loader [INFO]: Loading laser plugin: dependency-pruner
mythril.laser.plugin.loader [INFO]: Instrumenting symbolic vm with plugin: coverage
mythril.laser.plugin.loader [INFO]: Instrumenting symbolic vm with plugin: mutation-pruner
mythril.laser.plugin.loader [INFO]: Instrumenting symbolic vm with plugin: call-depth-limit
mythril.laser.plugin.loader [INFO]: Instrumenting symbolic vm with plugin: instruction-profiler
mythril.laser.plugin.loader [INFO]: Instrumenting symbolic vm with plugin: dependency-pruner
mythril.laser.ethereum.svm [DEBUG]: Starting LASER execution
mythril.laser.ethereum.svm [INFO]: Starting message call transaction to 0
mythril.laser.ethereum.svm [INFO]: Starting message call transaction, iteration: 0, 1 initial states
mythril.laser.ethereum.instructions [DEBUG]: Evaluating PUSH1 at 0
mythril.laser.ethereum.instructions [DEBUG]: Evaluating PUSH1 at 1
mythril.laser.ethereum.instructions [DEBUG]: Evaluating MSTORE at 2
mythril.laser.ethereum.instructions [DEBUG]: Evaluating PUSH1 at 3
mythril.laser.ethereum.instructions [DEBUG]: Evaluating CALLDATALOAD at 4
mythril.laser.ethereum.instructions [DEBUG]: Evaluating PUSH29 at 5
mythril.laser.ethereum.instructions [DEBUG]: Evaluating SWAP1 at 6
mythril.laser.ethereum.instructions [DEBUG]: Evaluating DIV at 7
mythril.laser.ethereum.instructions [DEBUG]: Evaluating PUSH4 at 8
mythril.laser.ethereum.instructions [DEBUG]: Evaluating AND at 9
mythril.laser.ethereum.instructions [DEBUG]: Evaluating DUP1 at 10
mythril.laser.ethereum.instructions [DEBUG]: Evaluating PUSH4 at 11
mythril.laser.ethereum.instructions [DEBUG]: Evaluating EQ at 12
mythril.laser.ethereum.instructions [DEBUG]: Evaluating PUSH1 at 13
mythril.analysis.module.base [DEBUG]: Entering analysis module: TxOrigin
mythril.analysis.module.base [DEBUG]: Exiting analysis module: TxOrigin
mythril.analysis.module.base [DEBUG]: Entering analysis module: IntegerArithmetics
mythril.analysis.module.base [DEBUG]: Exiting analysis module: IntegerArithmetics
mythril.laser.ethereum.instructions [DEBUG]: Evaluating JUMPI at 14
mythril.laser.ethereum.svm [DEBUG]: - Entering function MAIN:unknown
mythril.laser.ethereum.instructions [DEBUG]: Evaluating JUMPDEST at 15
mythril.laser.ethereum.instructions [DEBUG]: Evaluating JUMPDEST at 19
mythril.laser.ethereum.instructions [DEBUG]: Evaluating PUSH1 at 16
mythril.laser.ethereum.instructions [DEBUG]: Evaluating CALLVALUE at 20
mythril.laser.ethereum.instructions [DEBUG]: Evaluating DUP1 at 17
mythril.laser.ethereum.instructions [DEBUG]: Evaluating ISZERO at 21
mythril.laser.ethereum.instructions [DEBUG]: Evaluating REVERT at 18
mythril.laser.ethereum.svm [DEBUG]: Ending transaction MessageCallTransaction 1 from sender_1 to                                        0x0.
mythril.laser.ethereum.instructions [DEBUG]: Evaluating PUSH1 at 22
mythril.analysis.module.base [DEBUG]: Entering analysis module: TxOrigin
mythril.analysis.module.base [DEBUG]: Exiting analysis module: TxOrigin
mythril.analysis.module.base [DEBUG]: Entering analysis module: IntegerArithmetics
mythril.analysis.module.base [DEBUG]: Exiting analysis module: IntegerArithmetics
mythril.laser.ethereum.instructions [DEBUG]: Evaluating JUMPI at 23
mythril.laser.ethereum.instructions [DEBUG]: Evaluating PUSH1 at 24
mythril.laser.ethereum.instructions [DEBUG]: Evaluating JUMPDEST at 27
mythril.laser.ethereum.instructions [DEBUG]: Evaluating DUP1 at 25
mythril.laser.ethereum.instructions [DEBUG]: Evaluating PUSH1 at 28
mythril.laser.ethereum.instructions [DEBUG]: Evaluating REVERT at 26
mythril.laser.ethereum.svm [DEBUG]: Ending transaction MessageCallTransaction 1 from sender_1 to                                        0x0.
mythril.laser.ethereum.instructions [DEBUG]: Evaluating PUSH1 at 29
mythril.laser.ethereum.instructions [DEBUG]: Evaluating DUP1 at 30
mythril.laser.ethereum.instructions [DEBUG]: Evaluating DUP1 at 31
mythril.laser.ethereum.instructions [DEBUG]: Evaluating CALLDATALOAD at 32
mythril.laser.ethereum.instructions [DEBUG]: Evaluating SWAP1 at 33
mythril.laser.ethereum.instructions [DEBUG]: Evaluating PUSH1 at 34
mythril.analysis.module.base [DEBUG]: Entering analysis module: IntegerArithmetics
mythril.analysis.module.base [DEBUG]: Exiting analysis module: IntegerArithmetics
mythril.laser.ethereum.instructions [DEBUG]: Evaluating ADD at 35
mythril.laser.ethereum.instructions [DEBUG]: Evaluating SWAP1 at 36
mythril.laser.ethereum.instructions [DEBUG]: Evaluating SWAP2 at 37
mythril.laser.ethereum.instructions [DEBUG]: Evaluating SWAP1 at 38
mythril.laser.ethereum.instructions [DEBUG]: Evaluating POP at 39
mythril.laser.ethereum.instructions [DEBUG]: Evaluating POP at 40
mythril.laser.ethereum.instructions [DEBUG]: Evaluating PUSH1 at 41
mythril.laser.ethereum.instructions [DEBUG]: Evaluating JUMP at 42
mythril.laser.ethereum.instructions [DEBUG]: Evaluating JUMPDEST at 66
mythril.laser.ethereum.instructions [DEBUG]: Evaluating PUSH1 at 67
mythril.laser.ethereum.instructions [DEBUG]: Evaluating DUP2 at 68
mythril.laser.ethereum.instructions [DEBUG]: Evaluating PUSH1 at 69
mythril.laser.ethereum.instructions [DEBUG]: Evaluating DUP1 at 70
mythril.laser.ethereum.instructions [DEBUG]: Evaluating DUP3 at 71
mythril.laser.ethereum.instructions [DEBUG]: Evaluating DUP3 at 72
mythril.laser.ethereum.instructions [DEBUG]: Evaluating SLOAD at 73
mythril.analysis.module.base [DEBUG]: Entering analysis module: IntegerArithmetics
mythril.analysis.module.base [DEBUG]: Exiting analysis module: IntegerArithmetics
mythril.laser.ethereum.instructions [DEBUG]: Evaluating ADD at 74
mythril.laser.ethereum.instructions [DEBUG]: Evaluating SWAP3 at 75
mythril.laser.ethereum.instructions [DEBUG]: Evaluating POP at 76
mythril.laser.ethereum.instructions [DEBUG]: Evaluating POP at 77
mythril.laser.ethereum.instructions [DEBUG]: Evaluating DUP2 at 78
mythril.laser.ethereum.instructions [DEBUG]: Evaluating SWAP1 at 79
mythril.analysis.module.base [DEBUG]: Entering analysis module: ArbitraryStorage
mythril.analysis.module.base [DEBUG]: Exiting analysis module: ArbitraryStorage
mythril.analysis.module.base [DEBUG]: Entering analysis module: IntegerArithmetics
mythril.analysis.module.base [DEBUG]: Exiting analysis module: IntegerArithmetics
mythril.analysis.module.base [DEBUG]: Entering analysis module: StateChangeAfterCall
mythril.analysis.module.base [DEBUG]: Exiting analysis module: StateChangeAfterCall
mythril.laser.ethereum.instructions [DEBUG]: Evaluating SSTORE at 80
mythril.laser.ethereum.instructions [DEBUG]: Evaluating POP at 81
mythril.laser.ethereum.instructions [DEBUG]: Evaluating JUMPDEST at 82
mythril.laser.ethereum.instructions [DEBUG]: Evaluating SWAP2 at 83
mythril.laser.ethereum.instructions [DEBUG]: Evaluating SWAP1 at 84
mythril.laser.ethereum.instructions [DEBUG]: Evaluating POP at 85
mythril.laser.ethereum.instructions [DEBUG]: Evaluating JUMP at 86
mythril.laser.ethereum.instructions [DEBUG]: Evaluating JUMPDEST at 43
mythril.laser.ethereum.instructions [DEBUG]: Evaluating PUSH1 at 44
mythril.laser.ethereum.instructions [DEBUG]: Evaluating MLOAD at 45
mythril.laser.ethereum.instructions [DEBUG]: Evaluating DUP1 at 46
mythril.laser.ethereum.instructions [DEBUG]: Evaluating DUP3 at 47
mythril.laser.ethereum.instructions [DEBUG]: Evaluating ISZERO at 48
mythril.laser.ethereum.instructions [DEBUG]: Evaluating ISZERO at 49
mythril.laser.ethereum.instructions [DEBUG]: Evaluating ISZERO at 50
mythril.laser.ethereum.instructions [DEBUG]: Evaluating ISZERO at 51
mythril.laser.ethereum.instructions [DEBUG]: Evaluating DUP2 at 52
mythril.laser.ethereum.instructions [DEBUG]: Evaluating MSTORE at 53
mythril.laser.ethereum.instructions [DEBUG]: Evaluating PUSH1 at 54
mythril.analysis.module.base [DEBUG]: Entering analysis module: IntegerArithmetics
mythril.analysis.module.base [DEBUG]: Exiting analysis module: IntegerArithmetics
mythril.laser.ethereum.instructions [DEBUG]: Evaluating ADD at 55
mythril.laser.ethereum.instructions [DEBUG]: Evaluating SWAP2 at 56
mythril.laser.ethereum.instructions [DEBUG]: Evaluating POP at 57
mythril.laser.ethereum.instructions [DEBUG]: Evaluating POP at 58
mythril.laser.ethereum.instructions [DEBUG]: Evaluating PUSH1 at 59
mythril.laser.ethereum.instructions [DEBUG]: Evaluating MLOAD at 60
mythril.laser.ethereum.instructions [DEBUG]: Evaluating DUP1 at 61
mythril.laser.ethereum.instructions [DEBUG]: Evaluating SWAP2 at 62
mythril.analysis.module.base [DEBUG]: Entering analysis module: IntegerArithmetics
mythril.analysis.module.base [DEBUG]: Exiting analysis module: IntegerArithmetics
mythril.laser.ethereum.instructions [DEBUG]: Evaluating SUB at 63
mythril.laser.ethereum.instructions [DEBUG]: Evaluating SWAP1 at 64
mythril.analysis.module.base [DEBUG]: Entering analysis module: IntegerArithmetics
mythril.analysis.module.base [DEBUG]: Exiting analysis module: IntegerArithmetics
mythril.analysis.module.base [DEBUG]: Entering analysis module: UncheckedRetval
mythril.analysis.module.base [DEBUG]: Exiting analysis module: UncheckedRetval
mythril.laser.ethereum.instructions [DEBUG]: Evaluating RETURN at 65
mythril.laser.ethereum.svm [DEBUG]: Ending transaction MessageCallTransaction 1 from sender_1 to                                        0x0.
mythril.laser.plugin.plugins.coverage.coverage_plugin [INFO]: Number of new instructions covered in tx 0: 87
mythril.laser.ethereum.svm [INFO]: Starting message call transaction, iteration: 1, 1 initial states
mythril.laser.ethereum.instructions [DEBUG]: Evaluating PUSH1 at 0
mythril.laser.ethereum.instructions [DEBUG]: Evaluating PUSH1 at 1
mythril.laser.ethereum.instructions [DEBUG]: Evaluating MSTORE at 2
mythril.laser.ethereum.instructions [DEBUG]: Evaluating PUSH1 at 3
mythril.laser.ethereum.instructions [DEBUG]: Evaluating CALLDATALOAD at 4
mythril.laser.ethereum.instructions [DEBUG]: Evaluating PUSH29 at 5
mythril.laser.ethereum.instructions [DEBUG]: Evaluating SWAP1 at 6
mythril.laser.ethereum.instructions [DEBUG]: Evaluating DIV at 7
mythril.laser.ethereum.instructions [DEBUG]: Evaluating PUSH4 at 8
mythril.laser.ethereum.instructions [DEBUG]: Evaluating AND at 9
mythril.laser.ethereum.instructions [DEBUG]: Evaluating DUP1 at 10
mythril.laser.ethereum.instructions [DEBUG]: Evaluating PUSH4 at 11
mythril.laser.ethereum.instructions [DEBUG]: Evaluating EQ at 12
mythril.laser.ethereum.instructions [DEBUG]: Evaluating PUSH1 at 13
mythril.analysis.module.base [DEBUG]: Entering analysis module: TxOrigin
mythril.analysis.module.base [DEBUG]: Exiting analysis module: TxOrigin
mythril.analysis.module.base [DEBUG]: Entering analysis module: IntegerArithmetics
mythril.analysis.module.base [DEBUG]: Exiting analysis module: IntegerArithmetics
mythril.laser.ethereum.instructions [DEBUG]: Evaluating JUMPI at 14
mythril.laser.ethereum.svm [DEBUG]: - Entering function MAIN:unknown
mythril.laser.ethereum.instructions [DEBUG]: Evaluating JUMPDEST at 15
mythril.laser.ethereum.instructions [DEBUG]: Evaluating JUMPDEST at 19
mythril.laser.ethereum.instructions [DEBUG]: Evaluating PUSH1 at 16
mythril.laser.ethereum.instructions [DEBUG]: Evaluating CALLVALUE at 20
mythril.laser.ethereum.instructions [DEBUG]: Evaluating DUP1 at 17
mythril.laser.ethereum.instructions [DEBUG]: Evaluating ISZERO at 21
mythril.laser.ethereum.instructions [DEBUG]: Evaluating REVERT at 18
mythril.laser.ethereum.svm [DEBUG]: Ending transaction MessageCallTransaction 2 from sender_2 to                                        0x0.
mythril.laser.ethereum.instructions [DEBUG]: Evaluating PUSH1 at 22
mythril.analysis.module.base [DEBUG]: Entering analysis module: TxOrigin
mythril.analysis.module.base [DEBUG]: Exiting analysis module: TxOrigin
mythril.analysis.module.base [DEBUG]: Entering analysis module: IntegerArithmetics
mythril.analysis.module.base [DEBUG]: Exiting analysis module: IntegerArithmetics
mythril.laser.ethereum.instructions [DEBUG]: Evaluating JUMPI at 23
mythril.laser.ethereum.instructions [DEBUG]: Evaluating PUSH1 at 24
mythril.laser.ethereum.instructions [DEBUG]: Evaluating JUMPDEST at 27
mythril.laser.ethereum.instructions [DEBUG]: Evaluating DUP1 at 25
mythril.laser.ethereum.instructions [DEBUG]: Evaluating PUSH1 at 28
mythril.laser.ethereum.instructions [DEBUG]: Evaluating REVERT at 26
mythril.laser.ethereum.svm [DEBUG]: Ending transaction MessageCallTransaction 2 from sender_2 to                                        0x0.
mythril.laser.ethereum.instructions [DEBUG]: Evaluating PUSH1 at 29
mythril.laser.ethereum.instructions [DEBUG]: Evaluating DUP1 at 30
mythril.laser.ethereum.instructions [DEBUG]: Evaluating DUP1 at 31
mythril.laser.ethereum.instructions [DEBUG]: Evaluating CALLDATALOAD at 32
mythril.laser.ethereum.instructions [DEBUG]: Evaluating SWAP1 at 33
mythril.laser.ethereum.instructions [DEBUG]: Evaluating PUSH1 at 34
mythril.analysis.module.base [DEBUG]: Entering analysis module: IntegerArithmetics
mythril.analysis.module.base [DEBUG]: Exiting analysis module: IntegerArithmetics
mythril.laser.ethereum.instructions [DEBUG]: Evaluating ADD at 35
mythril.laser.ethereum.instructions [DEBUG]: Evaluating SWAP1 at 36
mythril.laser.ethereum.instructions [DEBUG]: Evaluating SWAP2 at 37
mythril.laser.ethereum.instructions [DEBUG]: Evaluating SWAP1 at 38
mythril.laser.ethereum.instructions [DEBUG]: Evaluating POP at 39
mythril.laser.ethereum.instructions [DEBUG]: Evaluating POP at 40
mythril.laser.ethereum.instructions [DEBUG]: Evaluating PUSH1 at 41
mythril.laser.ethereum.instructions [DEBUG]: Evaluating JUMP at 42
mythril.laser.ethereum.instructions [DEBUG]: Evaluating JUMPDEST at 66
mythril.laser.ethereum.instructions [DEBUG]: Evaluating PUSH1 at 67
mythril.laser.ethereum.instructions [DEBUG]: Evaluating DUP2 at 68
mythril.laser.ethereum.instructions [DEBUG]: Evaluating PUSH1 at 69
mythril.laser.ethereum.instructions [DEBUG]: Evaluating DUP1 at 70
mythril.laser.ethereum.instructions [DEBUG]: Evaluating DUP3 at 71
mythril.laser.ethereum.instructions [DEBUG]: Evaluating DUP3 at 72
mythril.laser.ethereum.instructions [DEBUG]: Evaluating SLOAD at 73
mythril.analysis.module.base [DEBUG]: Entering analysis module: IntegerArithmetics
mythril.analysis.module.base [DEBUG]: Exiting analysis module: IntegerArithmetics
mythril.laser.ethereum.instructions [DEBUG]: Evaluating ADD at 74
mythril.laser.ethereum.instructions [DEBUG]: Evaluating SWAP3 at 75
mythril.laser.ethereum.instructions [DEBUG]: Evaluating POP at 76
mythril.laser.ethereum.instructions [DEBUG]: Evaluating POP at 77
mythril.laser.ethereum.instructions [DEBUG]: Evaluating DUP2 at 78
mythril.laser.ethereum.instructions [DEBUG]: Evaluating SWAP1 at 79
mythril.analysis.module.base [DEBUG]: Entering analysis module: ArbitraryStorage
mythril.analysis.module.base [DEBUG]: Exiting analysis module: ArbitraryStorage
mythril.analysis.module.base [DEBUG]: Entering analysis module: IntegerArithmetics
mythril.analysis.module.base [DEBUG]: Exiting analysis module: IntegerArithmetics
mythril.analysis.module.base [DEBUG]: Entering analysis module: StateChangeAfterCall
mythril.analysis.module.base [DEBUG]: Exiting analysis module: StateChangeAfterCall
mythril.laser.ethereum.instructions [DEBUG]: Evaluating SSTORE at 80
mythril.laser.ethereum.instructions [DEBUG]: Evaluating POP at 81
mythril.laser.ethereum.instructions [DEBUG]: Evaluating JUMPDEST at 82
mythril.laser.ethereum.instructions [DEBUG]: Evaluating SWAP2 at 83
mythril.laser.ethereum.instructions [DEBUG]: Evaluating SWAP1 at 84
mythril.laser.ethereum.instructions [DEBUG]: Evaluating POP at 85
mythril.laser.ethereum.instructions [DEBUG]: Evaluating JUMP at 86
mythril.laser.ethereum.instructions [DEBUG]: Evaluating JUMPDEST at 43
mythril.laser.ethereum.instructions [DEBUG]: Evaluating PUSH1 at 44
mythril.laser.ethereum.instructions [DEBUG]: Evaluating MLOAD at 45
mythril.laser.ethereum.instructions [DEBUG]: Evaluating DUP1 at 46
mythril.laser.ethereum.instructions [DEBUG]: Evaluating DUP3 at 47
mythril.laser.ethereum.instructions [DEBUG]: Evaluating ISZERO at 48
mythril.laser.ethereum.instructions [DEBUG]: Evaluating ISZERO at 49
mythril.laser.ethereum.instructions [DEBUG]: Evaluating ISZERO at 50
mythril.laser.ethereum.instructions [DEBUG]: Evaluating ISZERO at 51
mythril.laser.ethereum.instructions [DEBUG]: Evaluating DUP2 at 52
mythril.laser.ethereum.instructions [DEBUG]: Evaluating MSTORE at 53
mythril.laser.ethereum.instructions [DEBUG]: Evaluating PUSH1 at 54
mythril.analysis.module.base [DEBUG]: Entering analysis module: IntegerArithmetics
mythril.analysis.module.base [DEBUG]: Exiting analysis module: IntegerArithmetics
mythril.laser.ethereum.instructions [DEBUG]: Evaluating ADD at 55
mythril.laser.ethereum.instructions [DEBUG]: Evaluating SWAP2 at 56
mythril.laser.ethereum.instructions [DEBUG]: Evaluating POP at 57
mythril.laser.ethereum.instructions [DEBUG]: Evaluating POP at 58
mythril.laser.ethereum.instructions [DEBUG]: Evaluating PUSH1 at 59
mythril.laser.ethereum.instructions [DEBUG]: Evaluating MLOAD at 60
mythril.laser.ethereum.instructions [DEBUG]: Evaluating DUP1 at 61
mythril.laser.ethereum.instructions [DEBUG]: Evaluating SWAP2 at 62
mythril.analysis.module.base [DEBUG]: Entering analysis module: IntegerArithmetics
mythril.analysis.module.base [DEBUG]: Exiting analysis module: IntegerArithmetics
mythril.laser.ethereum.instructions [DEBUG]: Evaluating SUB at 63
mythril.laser.ethereum.instructions [DEBUG]: Evaluating SWAP1 at 64
mythril.analysis.module.base [DEBUG]: Entering analysis module: IntegerArithmetics
mythril.analysis.module.modules.integer [DEBUG]: Checking overflow in RETURN at transaction end address 116, ostate address 127
mythril.analysis.module.base [DEBUG]: Exiting analysis module: IntegerArithmetics
mythril.analysis.module.base [DEBUG]: Entering analysis module: UncheckedRetval
mythril.analysis.module.base [DEBUG]: Exiting analysis module: UncheckedRetval
mythril.laser.ethereum.instructions [DEBUG]: Evaluating RETURN at 65
mythril.laser.ethereum.svm [DEBUG]: Ending transaction MessageCallTransaction 2 from sender_2 to                                        0x0.
mythril.laser.plugin.plugins.coverage.coverage_plugin [INFO]: Number of new instructions covered in tx 1: 0
mythril.laser.ethereum.svm [INFO]: Finished symbolic execution
mythril.laser.plugin.plugins.coverage.coverage_plugin [INFO]: Achieved 98.86% coverage for code: 60606040526000357c0100000000000000000000000000000000000000000000000000000000900463ffffffff1680631003e2d214603d575b600080fd5b3415604757600080fd5b605b60048080359060200190919050506075565b604051808215151515815260200191505060405180910390f35b60008160008082825401925050819055505b9190505600a165627a7a7230582050ec797e8f62c74658e012af3825a1353af883a8e5a49779160b04874d3cde310029
mythril.laser.plugin.plugins.instruction_profiler [INFO]: Total: 0.1501917839050293 s
[ADD         ]   1.8705 %,  nr      6,  total   0.0028 s,  avg   0.0005 s,  min   0.0003 s,  max   0.0011 s
[AND         ]   0.3416 %,  nr      2,  total   0.0005 s,  avg   0.0003 s,  min   0.0003 s,  max   0.0003 s
[CALLDATALOAD]  17.5595 %,  nr      4,  total   0.0264 s,  avg   0.0066 s,  min   0.0065 s,  max   0.0067 s
[CALLVALUE   ]   0.3269 %,  nr      2,  total   0.0005 s,  avg   0.0002 s,  min   0.0002 s,  max   0.0003 s
[DIV         ]   0.5134 %,  nr      2,  total   0.0008 s,  avg   0.0004 s,  min   0.0004 s,  max   0.0004 s
[DUP1        ]   3.3171 %,  nr     16,  total   0.0050 s,  avg   0.0003 s,  min   0.0002 s,  max   0.0011 s
[DUP2        ]   0.9559 %,  nr      6,  total   0.0014 s,  avg   0.0002 s,  min   0.0002 s,  max   0.0003 s
[DUP3        ]   1.0390 %,  nr      6,  total   0.0016 s,  avg   0.0003 s,  min   0.0002 s,  max   0.0003 s
[EQ          ]   0.3381 %,  nr      2,  total   0.0005 s,  avg   0.0003 s,  min   0.0002 s,  max   0.0003 s
[ISZERO      ]   2.2865 %,  nr     10,  total   0.0034 s,  avg   0.0003 s,  min   0.0003 s,  max   0.0004 s
[JUMP        ]   1.2590 %,  nr      4,  total   0.0019 s,  avg   0.0005 s,  min   0.0005 s,  max   0.0005 s
[JUMPDEST    ]   2.2880 %,  nr     12,  total   0.0034 s,  avg   0.0003 s,  min   0.0002 s,  max   0.0006 s
[JUMPI       ]   2.3769 %,  nr      4,  total   0.0036 s,  avg   0.0009 s,  min   0.0008 s,  max   0.0010 s
[MLOAD       ]  24.3638 %,  nr      4,  total   0.0366 s,  avg   0.0091 s,  min   0.0076 s,  max   0.0135 s
[MSTORE      ]  24.3911 %,  nr      4,  total   0.0366 s,  avg   0.0092 s,  min   0.0089 s,  max   0.0095 s
[POP         ]   2.7169 %,  nr     16,  total   0.0041 s,  avg   0.0003 s,  min   0.0002 s,  max   0.0003 s
[PUSH1       ]   6.4148 %,  nr     32,  total   0.0096 s,  avg   0.0003 s,  min   0.0002 s,  max   0.0006 s
[PUSH29      ]   0.3915 %,  nr      2,  total   0.0006 s,  avg   0.0003 s,  min   0.0003 s,  max   0.0003 s
[PUSH4       ]   0.6402 %,  nr      4,  total   0.0010 s,  avg   0.0002 s,  min   0.0002 s,  max   0.0003 s
[SLOAD       ]   0.5292 %,  nr      2,  total   0.0008 s,  avg   0.0004 s,  min   0.0004 s,  max   0.0004 s
[SSTORE      ]   0.4735 %,  nr      2,  total   0.0007 s,  avg   0.0004 s,  min   0.0003 s,  max   0.0004 s
[SUB         ]   0.8410 %,  nr      2,  total   0.0013 s,  avg   0.0006 s,  min   0.0003 s,  max   0.0010 s
[SWAP1       ]   2.7505 %,  nr     14,  total   0.0041 s,  avg   0.0003 s,  min   0.0002 s,  max   0.0008 s
[SWAP2       ]   1.6827 %,  nr      8,  total   0.0025 s,  avg   0.0003 s,  min   0.0002 s,  max   0.0008 s
[SWAP3       ]   0.3324 %,  nr      2,  total   0.0005 s,  avg   0.0002 s,  min   0.0002 s,  max   0.0003 s

mythril.analysis.security [INFO]: Starting analysis
mythril.analysis.security [DEBUG]: Retrieving results for Caller can write to arbitrary storage locations
mythril.analysis.security [DEBUG]: Retrieving results for Delegatecall to a user-specified address
mythril.analysis.security [DEBUG]: Retrieving results for Control flow depends on tx.origin
mythril.analysis.security [DEBUG]: Retrieving results for Any sender can withdraw ETH from the contract account
mythril.analysis.security [DEBUG]: Retrieving results for Integer overflow or underflow
mythril.analysis.security [DEBUG]: Retrieving results for State change after an external call
mythril.analysis.security [DEBUG]: Retrieving results for Contract can be accidentally killed by anyone
mythril.analysis.security [DEBUG]: Retrieving results for Return value of an external call is not checked
mythril.mythril.mythril_analyzer [INFO]: Solver statistics: 
Query count: 18 
Solver time: 0.3749232292175293
{"error": null, "issues": [{"address": 127, "contract": "MAIN", "description": "The arithmetic operator can overflow.\nIt is possible to cause an integer overflow or underflow in the arithmetic operation. ", "function": "add(uint256)", "max_gas_used": 26426, "min_gas_used": 6050, "severity": "High", "sourceMap": 127, "swc-id": "101", "title": "Integer Arithmetic Bugs (addition)", "tx_sequence": {"initialState": {"accounts": {"0x0": {"balance": "0x201080c00092042", "code": "60606040526000357c0100000000000000000000000000000000000000000000000000000000900463ffffffff1680631003e2d214603d575b600080fd5b3415604757600080fd5b605b60048080359060200190919050506075565b604051808215151515815260200191505060405180910390f35b60008160008082825401925050819055505b9190505600a165627a7a7230582050ec797e8f62c74658e012af3825a1353af883a8e5a49779160b04874d3cde310029", "nonce": 0, "storage": "{}"}, "0xdeadbeefdeadbeefdeadbeefdeadbeefdeadbeef": {"balance": "0x0", "code": "", "nonce": 0, "storage": "{}"}}}, "steps": [{"address": "0x0", "calldata": "0x1003e2d2f0", "input": "0x1003e2d2f0", "name": "add(uint256)", "origin": "0xaaaaaaaaaaaaaaaaaaaaaaaaaaaaaaaaaaaaaaaa", "value": "0x0"}, {"address": "0x0", "calldata": "0x1003e2d210", "input": "0x1003e2d210", "name": "add(uint256)", "origin": "0xaaaaaaaaaaaaaaaaaaaaaaaaaaaaaaaaaaaaaaaa", "value": "0x0"}]}}], "success": true}
