 ______     __         __  __     ______     __     __  __     __    __    
/\  ___\   /\ \       /\ \_\ \   /\  ___\   /\ \   /\ \/\ \   /\ "-./  \   
\ \  __\   \ \ \____  \ \____ \  \ \___  \  \ \ \  \ \ \_\ \  \ \ \-./\ \  
 \ \_____\  \ \_____\  \/\_____\  \/\_____\  \ \_\  \ \_____\  \ \_\ \ \_\ 
  \/_____/   \/_____/   \/_____/   \/_____/   \/_/   \/_____/   \/_/  \/_/ 
                                                                           
Compiling source code...
Retrieving bytecode for contract 'Overflow'.
Please wait. Scanning bytecode for bugs...
Running Osiris...
Finished running Osiris. Execution time 1.040492057800293 seconds. Code coverage 98.6%.
Running Oyente...
Finished running Oyente. Execution time 1.3114774227142334 seconds. Code coverage 98.6%.
Running Mythril...
Finished running Mythril. Execution time 3.234452247619629 seconds. Code coverage 98.55%.
Detected 1 bug(s):
--> Detected 'overflow' (ADD) bug at program counter address 115 (0x73) using Osiris with a code coverage of 98.6%.
Exporting original control-flow graph...
Recovering control-flow graph...
Recovered 100% of the control-flow graph
Number of execution paths accessing storage: 1
Deployment bytecode size: 34 bytes (original: 34 bytes) 0.0% increase.
Runtime bytecode size: 167 bytes (original: 121 bytes) 38.01652892561984% increase.
Metadata: 0xa165627a7a723058207f5bf60c568b45ed4c372b1296fbd7eb3e24c1eaf2d0cc14f90b5abfb7d410750029
Exporting patched control-flow graph...
