mythril.mythril.mythril_config [INFO]: Creating mythril data directory 
mythril.mythril.mythril_config [INFO]: No config file found. Creating default: /root/.mythril/config.ini 
mythril.mythril.mythril_config [INFO]: Infura key not provided, so onchain access is disabled. Use --infura-id <INFURA_ID> or set it in the environment variable INFURA_ID or in the ~/.mythril/config.ini file 
mythril.support.signatures [INFO]: Using signature database at /root/.mythril/signatures.db
mythril.laser.ethereum.svm [INFO]: LASER EVM initialized with dynamic loader: <mythril.support.loader.DynLoader object at 0x77114683ad90>
mythril.laser.ethereum.strategy.extensions.bounded_loops [INFO]: Loaded search strategy extension: Loop bounds (limit = 3)
mythril.laser.plugin.loader [INFO]: Loading laser plugin: coverage
mythril.laser.plugin.loader [INFO]: Loading laser plugin: mutation-pruner
mythril.laser.plugin.loader [INFO]: Loading laser plugin: call-depth-limit
mythril.laser.plugin.loader [INFO]: Loading laser plugin: instruction-profiler
mythril.laser.plugin.loader [INFO]: Loading laser plugin: dependency-pruner
mythril.laser.plugin.loader [INFO]: Instrumenting symbolic vm with plugin: coverage
mythril.laser.plugin.loader [INFO]: Instrumenting symbolic vm with plugin: mutation-pruner
mythril.laser.plugin.loader [INFO]: Instrumenting symbolic vm with plugin: call-depth-limit
mythril.laser.plugin.loader [INFO]: Instrumenting symbolic vm with plugin: instruction-profiler
mythril.laser.plugin.loader [INFO]: Instrumenting symbolic vm with plugin: dependency-pruner
mythril.laser.ethereum.svm [DEBUG]: Starting LASER execution
mythril.laser.ethereum.svm [INFO]: Starting message call transaction to 0
mythril.laser.ethereum.svm [INFO]: Starting message call transaction, iteration: 0, 1 initial states
mythril.laser.ethereum.instructions [DEBUG]: Evaluating PUSH1 at 0
mythril.laser.ethereum.instructions [DEBUG]: Evaluating PUSH1 at 1
mythril.laser.ethereum.instructions [DEBUG]: Evaluating MSTORE at 2
mythril.laser.ethereum.instructions [DEBUG]: Evaluating PUSH1 at 3
mythril.laser.ethereum.instructions [DEBUG]: Evaluating CALLDATALOAD at 4
mythril.laser.ethereum.instructions [DEBUG]: Evaluating PUSH29 at 5
mythril.laser.ethereum.instructions [DEBUG]: Evaluating SWAP1 at 6
mythril.laser.ethereum.instructions [DEBUG]: Evaluating DIV at 7
mythril.laser.ethereum.instructions [DEBUG]: Evaluating PUSH4 at 8
mythril.laser.ethereum.instructions [DEBUG]: Evaluating AND at 9
mythril.laser.ethereum.instructions [DEBUG]: Evaluating DUP1 at 10
mythril.laser.ethereum.instructions [DEBUG]: Evaluating PUSH4 at 11
mythril.laser.ethereum.instructions [DEBUG]: Evaluating EQ at 12
mythril.laser.ethereum.instructions [DEBUG]: Evaluating PUSH2 at 13
mythril.analysis.module.base [DEBUG]: Entering analysis module: TxOrigin
mythril.analysis.module.base [DEBUG]: Exiting analysis module: TxOrigin
mythril.analysis.module.base [DEBUG]: Entering analysis module: IntegerArithmetics
mythril.analysis.module.base [DEBUG]: Exiting analysis module: IntegerArithmetics
mythril.laser.ethereum.instructions [DEBUG]: Evaluating JUMPI at 14
mythril.laser.ethereum.svm [DEBUG]: - Entering function MAIN:unknown
mythril.laser.ethereum.instructions [DEBUG]: Evaluating DUP1 at 15
mythril.laser.ethereum.instructions [DEBUG]: Evaluating JUMPDEST at 22
mythril.laser.ethereum.instructions [DEBUG]: Evaluating PUSH4 at 16
mythril.laser.ethereum.instructions [DEBUG]: Evaluating CALLVALUE at 23
mythril.laser.ethereum.instructions [DEBUG]: Evaluating EQ at 17
mythril.laser.ethereum.instructions [DEBUG]: Evaluating ISZERO at 24
mythril.laser.ethereum.instructions [DEBUG]: Evaluating PUSH2 at 18
mythril.laser.ethereum.instructions [DEBUG]: Evaluating PUSH2 at 25
mythril.analysis.module.base [DEBUG]: Entering analysis module: TxOrigin
mythril.analysis.module.base [DEBUG]: Exiting analysis module: TxOrigin
mythril.analysis.module.base [DEBUG]: Entering analysis module: IntegerArithmetics
mythril.analysis.module.base [DEBUG]: Exiting analysis module: IntegerArithmetics
mythril.laser.ethereum.instructions [DEBUG]: Evaluating JUMPI at 19
mythril.laser.ethereum.svm [DEBUG]: - Entering function MAIN:unknown
mythril.analysis.module.base [DEBUG]: Entering analysis module: TxOrigin
mythril.analysis.module.base [DEBUG]: Exiting analysis module: TxOrigin
mythril.analysis.module.base [DEBUG]: Entering analysis module: IntegerArithmetics
mythril.analysis.module.base [DEBUG]: Exiting analysis module: IntegerArithmetics
mythril.laser.ethereum.instructions [DEBUG]: Evaluating JUMPI at 26
mythril.laser.ethereum.instructions [DEBUG]: Evaluating JUMPDEST at 20
mythril.laser.ethereum.instructions [DEBUG]: Evaluating JUMPDEST at 65
mythril.laser.ethereum.instructions [DEBUG]: Evaluating ASSERT_FAIL at 27
mythril.laser.ethereum.svm [DEBUG]: Encountered a VmException, ending path: ``
mythril.laser.ethereum.instructions [DEBUG]: Evaluating JUMPDEST at 28
mythril.laser.ethereum.instructions [DEBUG]: Evaluating ASSERT_FAIL at 21
mythril.laser.ethereum.svm [DEBUG]: Encountered a VmException, ending path: ``
mythril.laser.ethereum.instructions [DEBUG]: Evaluating CALLVALUE at 66
mythril.laser.ethereum.instructions [DEBUG]: Evaluating PUSH2 at 29
mythril.laser.ethereum.instructions [DEBUG]: Evaluating ISZERO at 67
mythril.laser.ethereum.instructions [DEBUG]: Evaluating PUSH1 at 30
mythril.laser.ethereum.instructions [DEBUG]: Evaluating PUSH2 at 68
mythril.laser.ethereum.instructions [DEBUG]: Evaluating DUP1 at 31
mythril.analysis.module.base [DEBUG]: Entering analysis module: TxOrigin
mythril.analysis.module.base [DEBUG]: Exiting analysis module: TxOrigin
mythril.analysis.module.base [DEBUG]: Entering analysis module: IntegerArithmetics
mythril.analysis.module.base [DEBUG]: Exiting analysis module: IntegerArithmetics
mythril.laser.ethereum.instructions [DEBUG]: Evaluating JUMPI at 69
mythril.laser.ethereum.instructions [DEBUG]: Evaluating DUP1 at 32
mythril.laser.ethereum.instructions [DEBUG]: Evaluating ASSERT_FAIL at 70
mythril.laser.ethereum.svm [DEBUG]: Encountered a VmException, ending path: ``
mythril.laser.ethereum.instructions [DEBUG]: Evaluating JUMPDEST at 71
mythril.laser.ethereum.instructions [DEBUG]: Evaluating CALLDATALOAD at 33
mythril.laser.ethereum.instructions [DEBUG]: Evaluating PUSH2 at 72
mythril.laser.ethereum.instructions [DEBUG]: Evaluating PUSH20 at 34
mythril.laser.ethereum.instructions [DEBUG]: Evaluating PUSH1 at 73
mythril.laser.ethereum.instructions [DEBUG]: Evaluating AND at 35
mythril.laser.ethereum.instructions [DEBUG]: Evaluating DUP1 at 74
mythril.laser.ethereum.instructions [DEBUG]: Evaluating SWAP1 at 36
mythril.laser.ethereum.instructions [DEBUG]: Evaluating DUP1 at 75
mythril.laser.ethereum.instructions [DEBUG]: Evaluating PUSH1 at 37
mythril.laser.ethereum.instructions [DEBUG]: Evaluating CALLDATALOAD at 76
mythril.analysis.module.base [DEBUG]: Entering analysis module: IntegerArithmetics
mythril.analysis.module.base [DEBUG]: Exiting analysis module: IntegerArithmetics
mythril.laser.ethereum.instructions [DEBUG]: Evaluating ADD at 38
mythril.laser.ethereum.instructions [DEBUG]: Evaluating PUSH20 at 77
mythril.laser.ethereum.instructions [DEBUG]: Evaluating SWAP1 at 39
mythril.laser.ethereum.instructions [DEBUG]: Evaluating AND at 78
mythril.laser.ethereum.instructions [DEBUG]: Evaluating SWAP2 at 40
mythril.laser.ethereum.instructions [DEBUG]: Evaluating SWAP1 at 79
mythril.laser.ethereum.instructions [DEBUG]: Evaluating SWAP1 at 41
mythril.laser.ethereum.instructions [DEBUG]: Evaluating PUSH1 at 80
mythril.laser.ethereum.instructions [DEBUG]: Evaluating POP at 42
mythril.analysis.module.base [DEBUG]: Entering analysis module: IntegerArithmetics
mythril.analysis.module.base [DEBUG]: Exiting analysis module: IntegerArithmetics
mythril.laser.ethereum.instructions [DEBUG]: Evaluating ADD at 81
mythril.laser.ethereum.instructions [DEBUG]: Evaluating POP at 43
mythril.laser.ethereum.instructions [DEBUG]: Evaluating SWAP1 at 82
mythril.laser.ethereum.instructions [DEBUG]: Evaluating PUSH2 at 44
mythril.laser.ethereum.instructions [DEBUG]: Evaluating SWAP2 at 83
mythril.laser.ethereum.instructions [DEBUG]: Evaluating JUMP at 45
mythril.laser.ethereum.instructions [DEBUG]: Evaluating SWAP1 at 84
mythril.laser.ethereum.instructions [DEBUG]: Evaluating JUMPDEST at 99
mythril.laser.ethereum.instructions [DEBUG]: Evaluating DUP1 at 85
mythril.laser.ethereum.instructions [DEBUG]: Evaluating PUSH1 at 100
mythril.laser.ethereum.instructions [DEBUG]: Evaluating CALLDATALOAD at 86
mythril.laser.ethereum.instructions [DEBUG]: Evaluating PUSH1 at 101
mythril.laser.ethereum.instructions [DEBUG]: Evaluating SWAP1 at 87
mythril.laser.ethereum.instructions [DEBUG]: Evaluating MSTORE at 102
mythril.laser.ethereum.instructions [DEBUG]: Evaluating PUSH1 at 88
mythril.laser.ethereum.instructions [DEBUG]: Evaluating DUP1 at 103
mythril.analysis.module.base [DEBUG]: Entering analysis module: IntegerArithmetics
mythril.analysis.module.base [DEBUG]: Exiting analysis module: IntegerArithmetics
mythril.laser.ethereum.instructions [DEBUG]: Evaluating ADD at 89
mythril.laser.ethereum.instructions [DEBUG]: Evaluating PUSH1 at 104
mythril.laser.ethereum.instructions [DEBUG]: Evaluating SWAP1 at 90
mythril.laser.ethereum.instructions [DEBUG]: Evaluating MSTORE at 105
mythril.laser.ethereum.instructions [DEBUG]: Evaluating SWAP2 at 91
mythril.laser.ethereum.instructions [DEBUG]: Evaluating PUSH1 at 106
mythril.laser.ethereum.instructions [DEBUG]: Evaluating SWAP1 at 92
mythril.laser.ethereum.instructions [DEBUG]: Evaluating PUSH1 at 107
mythril.laser.ethereum.instructions [DEBUG]: Evaluating POP at 93
mythril.laser.ethereum.instructions [DEBUG]: Evaluating SHA3 at 108
mythril.laser.ethereum.instructions [DEBUG]: Evaluating POP at 94
mythril.laser.ethereum.instructions [DEBUG]: Evaluating PUSH1 at 109
mythril.laser.ethereum.instructions [DEBUG]: Evaluating PUSH2 at 95
mythril.laser.ethereum.instructions [DEBUG]: Evaluating SWAP2 at 110
mythril.laser.ethereum.instructions [DEBUG]: Evaluating JUMP at 96
mythril.laser.ethereum.instructions [DEBUG]: Evaluating POP at 111
mythril.laser.ethereum.instructions [DEBUG]: Evaluating JUMPDEST at 117
mythril.laser.ethereum.instructions [DEBUG]: Evaluating SWAP1 at 112
mythril.laser.ethereum.instructions [DEBUG]: Evaluating DUP1 at 118
mythril.laser.ethereum.instructions [DEBUG]: Evaluating POP at 113
mythril.laser.ethereum.instructions [DEBUG]: Evaluating PUSH1 at 119
mythril.laser.ethereum.instructions [DEBUG]: Evaluating SLOAD at 114
mythril.laser.ethereum.instructions [DEBUG]: Evaluating PUSH1 at 120
mythril.laser.ethereum.instructions [DEBUG]: Evaluating DUP2 at 115
mythril.laser.ethereum.instructions [DEBUG]: Evaluating CALLER at 121
mythril.laser.ethereum.instructions [DEBUG]: Evaluating JUMP at 116
mythril.laser.ethereum.instructions [DEBUG]: Evaluating PUSH20 at 122
mythril.laser.ethereum.instructions [DEBUG]: Evaluating JUMPDEST at 46
mythril.laser.ethereum.instructions [DEBUG]: Evaluating AND at 123
mythril.laser.ethereum.instructions [DEBUG]: Evaluating PUSH1 at 47
mythril.laser.ethereum.instructions [DEBUG]: Evaluating PUSH20 at 124
mythril.laser.ethereum.instructions [DEBUG]: Evaluating MLOAD at 48
mythril.laser.ethereum.instructions [DEBUG]: Evaluating AND at 125
mythril.laser.ethereum.instructions [DEBUG]: Evaluating DUP1 at 49
mythril.laser.ethereum.instructions [DEBUG]: Evaluating DUP2 at 126
mythril.laser.ethereum.instructions [DEBUG]: Evaluating DUP3 at 50
mythril.laser.ethereum.instructions [DEBUG]: Evaluating MSTORE at 127
mythril.laser.ethereum.instructions [DEBUG]: Evaluating DUP2 at 51
mythril.laser.ethereum.instructions [DEBUG]: Evaluating PUSH1 at 128
mythril.laser.ethereum.instructions [DEBUG]: Evaluating MSTORE at 52
mythril.analysis.module.base [DEBUG]: Entering analysis module: IntegerArithmetics
mythril.analysis.module.base [DEBUG]: Exiting analysis module: IntegerArithmetics
mythril.laser.ethereum.instructions [DEBUG]: Evaluating ADD at 129
mythril.laser.ethereum.instructions [DEBUG]: Evaluating PUSH1 at 53
mythril.laser.ethereum.instructions [DEBUG]: Evaluating SWAP1 at 130
mythril.analysis.module.base [DEBUG]: Entering analysis module: IntegerArithmetics
mythril.analysis.module.base [DEBUG]: Exiting analysis module: IntegerArithmetics
mythril.laser.ethereum.instructions [DEBUG]: Evaluating ADD at 54
mythril.laser.ethereum.instructions [DEBUG]: Evaluating DUP2 at 131
mythril.laser.ethereum.instructions [DEBUG]: Evaluating SWAP2 at 55
mythril.laser.ethereum.instructions [DEBUG]: Evaluating MSTORE at 132
mythril.laser.ethereum.instructions [DEBUG]: Evaluating POP at 56
mythril.laser.ethereum.instructions [DEBUG]: Evaluating PUSH1 at 133
mythril.laser.ethereum.instructions [DEBUG]: Evaluating POP at 57
mythril.analysis.module.base [DEBUG]: Entering analysis module: IntegerArithmetics
mythril.analysis.module.base [DEBUG]: Exiting analysis module: IntegerArithmetics
mythril.laser.ethereum.instructions [DEBUG]: Evaluating ADD at 134
mythril.laser.ethereum.instructions [DEBUG]: Evaluating PUSH1 at 58
mythril.laser.ethereum.instructions [DEBUG]: Evaluating PUSH1 at 135
mythril.laser.ethereum.instructions [DEBUG]: Evaluating MLOAD at 59
mythril.laser.ethereum.instructions [DEBUG]: Evaluating SHA3 at 136
mythril.laser.ethereum.instructions [DEBUG]: Evaluating DUP1 at 60
mythril.laser.ethereum.instructions [DEBUG]: Evaluating SLOAD at 137
mythril.laser.ethereum.instructions [DEBUG]: Evaluating SWAP2 at 61
mythril.laser.ethereum.instructions [DEBUG]: Evaluating LT at 138
mythril.analysis.module.base [DEBUG]: Entering analysis module: IntegerArithmetics
mythril.analysis.module.base [DEBUG]: Exiting analysis module: IntegerArithmetics
mythril.laser.ethereum.instructions [DEBUG]: Evaluating SUB at 62
mythril.laser.ethereum.instructions [DEBUG]: Evaluating ISZERO at 139
mythril.laser.ethereum.instructions [DEBUG]: Evaluating SWAP1 at 63
mythril.laser.ethereum.instructions [DEBUG]: Evaluating ISZERO at 140
mythril.analysis.module.base [DEBUG]: Entering analysis module: IntegerArithmetics
mythril.analysis.module.base [DEBUG]: Exiting analysis module: IntegerArithmetics
mythril.analysis.module.base [DEBUG]: Entering analysis module: UncheckedRetval
mythril.analysis.module.base [DEBUG]: Exiting analysis module: UncheckedRetval
mythril.laser.ethereum.instructions [DEBUG]: Evaluating RETURN at 64
mythril.laser.ethereum.svm [DEBUG]: Ending transaction MessageCallTransaction 1 from sender_1 to                                        0x0.
mythril.laser.ethereum.instructions [DEBUG]: Evaluating ISZERO at 141
mythril.laser.ethereum.instructions [DEBUG]: Evaluating PUSH2 at 142
mythril.analysis.module.base [DEBUG]: Entering analysis module: TxOrigin
mythril.analysis.module.base [DEBUG]: Exiting analysis module: TxOrigin
mythril.analysis.module.base [DEBUG]: Entering analysis module: IntegerArithmetics
mythril.analysis.module.base [DEBUG]: Exiting analysis module: IntegerArithmetics
mythril.laser.ethereum.instructions [DEBUG]: Evaluating JUMPI at 143
mythril.laser.ethereum.instructions [DEBUG]: Evaluating PUSH1 at 144
mythril.laser.ethereum.instructions [DEBUG]: Evaluating JUMPDEST at 147
mythril.laser.ethereum.instructions [DEBUG]: Evaluating PUSH1 at 145
mythril.laser.ethereum.instructions [DEBUG]: Evaluating DUP1 at 148
mythril.laser.ethereum.instructions [DEBUG]: Evaluating REVERT at 146
mythril.laser.ethereum.svm [DEBUG]: Ending transaction MessageCallTransaction 1 from sender_1 to                                        0x0.
mythril.laser.ethereum.instructions [DEBUG]: Evaluating PUSH1 at 149
mythril.laser.ethereum.instructions [DEBUG]: Evaluating PUSH1 at 150
mythril.laser.ethereum.instructions [DEBUG]: Evaluating CALLER at 151
mythril.laser.ethereum.instructions [DEBUG]: Evaluating PUSH20 at 152
mythril.laser.ethereum.instructions [DEBUG]: Evaluating AND at 153
mythril.laser.ethereum.instructions [DEBUG]: Evaluating PUSH20 at 154
mythril.laser.ethereum.instructions [DEBUG]: Evaluating AND at 155
mythril.laser.ethereum.instructions [DEBUG]: Evaluating DUP2 at 156
mythril.laser.ethereum.instructions [DEBUG]: Evaluating MSTORE at 157
mythril.laser.ethereum.instructions [DEBUG]: Evaluating PUSH1 at 158
mythril.analysis.module.base [DEBUG]: Entering analysis module: IntegerArithmetics
mythril.analysis.module.base [DEBUG]: Exiting analysis module: IntegerArithmetics
mythril.laser.ethereum.instructions [DEBUG]: Evaluating ADD at 159
mythril.laser.ethereum.instructions [DEBUG]: Evaluating SWAP1 at 160
mythril.laser.ethereum.instructions [DEBUG]: Evaluating DUP2 at 161
mythril.laser.ethereum.instructions [DEBUG]: Evaluating MSTORE at 162
mythril.laser.ethereum.instructions [DEBUG]: Evaluating PUSH1 at 163
mythril.analysis.module.base [DEBUG]: Entering analysis module: IntegerArithmetics
mythril.analysis.module.base [DEBUG]: Exiting analysis module: IntegerArithmetics
mythril.laser.ethereum.instructions [DEBUG]: Evaluating ADD at 164
mythril.laser.ethereum.instructions [DEBUG]: Evaluating PUSH1 at 165
mythril.laser.ethereum.instructions [DEBUG]: Evaluating SHA3 at 166
mythril.laser.ethereum.instructions [DEBUG]: Evaluating PUSH1 at 167
mythril.laser.ethereum.instructions [DEBUG]: Evaluating DUP3 at 168
mythril.laser.ethereum.instructions [DEBUG]: Evaluating DUP3 at 169
mythril.laser.ethereum.instructions [DEBUG]: Evaluating SLOAD at 170
mythril.analysis.module.base [DEBUG]: Entering analysis module: IntegerArithmetics
mythril.analysis.module.base [DEBUG]: Exiting analysis module: IntegerArithmetics
mythril.laser.ethereum.instructions [DEBUG]: Evaluating SUB at 171
mythril.laser.ethereum.instructions [DEBUG]: Evaluating SWAP3 at 172
mythril.laser.ethereum.instructions [DEBUG]: Evaluating POP at 173
mythril.laser.ethereum.instructions [DEBUG]: Evaluating POP at 174
mythril.laser.ethereum.instructions [DEBUG]: Evaluating DUP2 at 175
mythril.laser.ethereum.instructions [DEBUG]: Evaluating SWAP1 at 176
mythril.analysis.module.base [DEBUG]: Entering analysis module: ArbitraryStorage
mythril.analysis.module.base [DEBUG]: Exiting analysis module: ArbitraryStorage
mythril.analysis.module.base [DEBUG]: Entering analysis module: IntegerArithmetics
mythril.analysis.module.base [DEBUG]: Exiting analysis module: IntegerArithmetics
mythril.analysis.module.base [DEBUG]: Entering analysis module: StateChangeAfterCall
mythril.analysis.module.base [DEBUG]: Exiting analysis module: StateChangeAfterCall
mythril.laser.ethereum.instructions [DEBUG]: Evaluating SSTORE at 177
mythril.laser.ethereum.instructions [DEBUG]: Evaluating POP at 178
mythril.laser.ethereum.instructions [DEBUG]: Evaluating DUP1 at 179
mythril.laser.ethereum.instructions [DEBUG]: Evaluating PUSH1 at 180
mythril.laser.ethereum.instructions [DEBUG]: Evaluating PUSH1 at 181
mythril.laser.ethereum.instructions [DEBUG]: Evaluating DUP5 at 182
mythril.laser.ethereum.instructions [DEBUG]: Evaluating PUSH20 at 183
mythril.laser.ethereum.instructions [DEBUG]: Evaluating AND at 184
mythril.laser.ethereum.instructions [DEBUG]: Evaluating PUSH20 at 185
mythril.laser.ethereum.instructions [DEBUG]: Evaluating AND at 186
mythril.laser.ethereum.instructions [DEBUG]: Evaluating DUP2 at 187
mythril.laser.ethereum.instructions [DEBUG]: Evaluating MSTORE at 188
mythril.laser.ethereum.instructions [DEBUG]: Evaluating PUSH1 at 189
mythril.analysis.module.base [DEBUG]: Entering analysis module: IntegerArithmetics
mythril.analysis.module.base [DEBUG]: Exiting analysis module: IntegerArithmetics
mythril.laser.ethereum.instructions [DEBUG]: Evaluating ADD at 190
mythril.laser.ethereum.instructions [DEBUG]: Evaluating SWAP1 at 191
mythril.laser.ethereum.instructions [DEBUG]: Evaluating DUP2 at 192
mythril.laser.ethereum.instructions [DEBUG]: Evaluating MSTORE at 193
mythril.laser.ethereum.instructions [DEBUG]: Evaluating PUSH1 at 194
mythril.analysis.module.base [DEBUG]: Entering analysis module: IntegerArithmetics
mythril.analysis.module.base [DEBUG]: Exiting analysis module: IntegerArithmetics
mythril.laser.ethereum.instructions [DEBUG]: Evaluating ADD at 195
mythril.laser.ethereum.instructions [DEBUG]: Evaluating PUSH1 at 196
mythril.laser.ethereum.instructions [DEBUG]: Evaluating SHA3 at 197
mythril.laser.ethereum.instructions [DEBUG]: Evaluating PUSH1 at 198
mythril.laser.ethereum.instructions [DEBUG]: Evaluating DUP3 at 199
mythril.laser.ethereum.instructions [DEBUG]: Evaluating DUP3 at 200
mythril.laser.ethereum.instructions [DEBUG]: Evaluating SLOAD at 201
mythril.analysis.module.base [DEBUG]: Entering analysis module: IntegerArithmetics
mythril.analysis.module.base [DEBUG]: Exiting analysis module: IntegerArithmetics
mythril.laser.ethereum.instructions [DEBUG]: Evaluating ADD at 202
mythril.laser.ethereum.instructions [DEBUG]: Evaluating SWAP3 at 203
mythril.laser.ethereum.instructions [DEBUG]: Evaluating POP at 204
mythril.laser.ethereum.instructions [DEBUG]: Evaluating POP at 205
mythril.laser.ethereum.instructions [DEBUG]: Evaluating DUP2 at 206
mythril.laser.ethereum.instructions [DEBUG]: Evaluating SWAP1 at 207
mythril.analysis.module.base [DEBUG]: Entering analysis module: ArbitraryStorage
mythril.analysis.module.base [DEBUG]: Exiting analysis module: ArbitraryStorage
mythril.analysis.module.base [DEBUG]: Entering analysis module: IntegerArithmetics
mythril.analysis.module.base [DEBUG]: Exiting analysis module: IntegerArithmetics
mythril.analysis.module.base [DEBUG]: Entering analysis module: StateChangeAfterCall
mythril.analysis.module.base [DEBUG]: Exiting analysis module: StateChangeAfterCall
mythril.laser.ethereum.instructions [DEBUG]: Evaluating SSTORE at 208
mythril.laser.ethereum.instructions [DEBUG]: Evaluating POP at 209
mythril.laser.ethereum.instructions [DEBUG]: Evaluating JUMPDEST at 210
mythril.laser.ethereum.instructions [DEBUG]: Evaluating POP at 211
mythril.laser.ethereum.instructions [DEBUG]: Evaluating POP at 212
mythril.laser.ethereum.instructions [DEBUG]: Evaluating JUMP at 213
mythril.laser.ethereum.instructions [DEBUG]: Evaluating JUMPDEST at 97
mythril.analysis.module.base [DEBUG]: Entering analysis module: IntegerArithmetics
mythril.analysis.module.base [DEBUG]: Exiting analysis module: IntegerArithmetics
mythril.analysis.module.base [DEBUG]: Entering analysis module: UncheckedRetval
mythril.analysis.module.base [DEBUG]: Exiting analysis module: UncheckedRetval
mythril.laser.ethereum.instructions [DEBUG]: Evaluating STOP at 98
mythril.laser.ethereum.svm [DEBUG]: Ending transaction MessageCallTransaction 1 from sender_1 to                                        0x0.
mythril.laser.plugin.plugins.coverage.coverage_plugin [INFO]: Number of new instructions covered in tx 0: 214
mythril.laser.ethereum.svm [INFO]: Starting message call transaction, iteration: 1, 1 initial states
mythril.laser.ethereum.instructions [DEBUG]: Evaluating PUSH1 at 0
mythril.laser.ethereum.instructions [DEBUG]: Evaluating PUSH1 at 1
mythril.laser.ethereum.instructions [DEBUG]: Evaluating MSTORE at 2
mythril.laser.ethereum.instructions [DEBUG]: Evaluating PUSH1 at 3
mythril.laser.ethereum.instructions [DEBUG]: Evaluating CALLDATALOAD at 4
mythril.laser.ethereum.instructions [DEBUG]: Evaluating PUSH29 at 5
mythril.laser.ethereum.instructions [DEBUG]: Evaluating SWAP1 at 6
mythril.laser.ethereum.instructions [DEBUG]: Evaluating DIV at 7
mythril.laser.ethereum.instructions [DEBUG]: Evaluating PUSH4 at 8
mythril.laser.ethereum.instructions [DEBUG]: Evaluating AND at 9
mythril.laser.ethereum.instructions [DEBUG]: Evaluating DUP1 at 10
mythril.laser.ethereum.instructions [DEBUG]: Evaluating PUSH4 at 11
mythril.laser.ethereum.instructions [DEBUG]: Evaluating EQ at 12
mythril.laser.ethereum.instructions [DEBUG]: Evaluating PUSH2 at 13
mythril.analysis.module.base [DEBUG]: Entering analysis module: TxOrigin
mythril.analysis.module.base [DEBUG]: Exiting analysis module: TxOrigin
mythril.analysis.module.base [DEBUG]: Entering analysis module: IntegerArithmetics
mythril.analysis.module.base [DEBUG]: Exiting analysis module: IntegerArithmetics
mythril.laser.ethereum.instructions [DEBUG]: Evaluating JUMPI at 14
mythril.laser.ethereum.svm [DEBUG]: - Entering function MAIN:unknown
mythril.laser.ethereum.instructions [DEBUG]: Evaluating DUP1 at 15
mythril.laser.ethereum.instructions [DEBUG]: Evaluating JUMPDEST at 22
mythril.laser.ethereum.instructions [DEBUG]: Evaluating PUSH4 at 16
mythril.laser.ethereum.instructions [DEBUG]: Evaluating CALLVALUE at 23
mythril.laser.ethereum.instructions [DEBUG]: Evaluating EQ at 17
mythril.laser.ethereum.instructions [DEBUG]: Evaluating ISZERO at 24
mythril.laser.ethereum.instructions [DEBUG]: Evaluating PUSH2 at 18
mythril.laser.ethereum.instructions [DEBUG]: Evaluating PUSH2 at 25
mythril.analysis.module.base [DEBUG]: Entering analysis module: TxOrigin
mythril.analysis.module.base [DEBUG]: Exiting analysis module: TxOrigin
mythril.analysis.module.base [DEBUG]: Entering analysis module: IntegerArithmetics
mythril.analysis.module.base [DEBUG]: Exiting analysis module: IntegerArithmetics
mythril.laser.ethereum.instructions [DEBUG]: Evaluating JUMPI at 19
mythril.laser.ethereum.svm [DEBUG]: - Entering function MAIN:unknown
mythril.analysis.module.base [DEBUG]: Entering analysis module: TxOrigin
mythril.analysis.module.base [DEBUG]: Exiting analysis module: TxOrigin
mythril.analysis.module.base [DEBUG]: Entering analysis module: IntegerArithmetics
mythril.analysis.module.base [DEBUG]: Exiting analysis module: IntegerArithmetics
mythril.laser.ethereum.instructions [DEBUG]: Evaluating JUMPI at 26
mythril.laser.ethereum.instructions [DEBUG]: Evaluating JUMPDEST at 20
mythril.laser.ethereum.instructions [DEBUG]: Evaluating JUMPDEST at 65
mythril.laser.ethereum.instructions [DEBUG]: Evaluating ASSERT_FAIL at 27
mythril.laser.ethereum.svm [DEBUG]: Encountered a VmException, ending path: ``
mythril.laser.ethereum.instructions [DEBUG]: Evaluating JUMPDEST at 28
mythril.laser.ethereum.instructions [DEBUG]: Evaluating ASSERT_FAIL at 21
mythril.laser.ethereum.svm [DEBUG]: Encountered a VmException, ending path: ``
mythril.laser.ethereum.instructions [DEBUG]: Evaluating CALLVALUE at 66
mythril.laser.ethereum.instructions [DEBUG]: Evaluating PUSH2 at 29
mythril.laser.ethereum.instructions [DEBUG]: Evaluating ISZERO at 67
mythril.laser.ethereum.instructions [DEBUG]: Evaluating PUSH1 at 30
mythril.laser.ethereum.instructions [DEBUG]: Evaluating PUSH2 at 68
mythril.laser.ethereum.instructions [DEBUG]: Evaluating DUP1 at 31
mythril.analysis.module.base [DEBUG]: Entering analysis module: TxOrigin
mythril.analysis.module.base [DEBUG]: Exiting analysis module: TxOrigin
mythril.analysis.module.base [DEBUG]: Entering analysis module: IntegerArithmetics
mythril.analysis.module.base [DEBUG]: Exiting analysis module: IntegerArithmetics
mythril.laser.ethereum.instructions [DEBUG]: Evaluating JUMPI at 69
mythril.laser.ethereum.instructions [DEBUG]: Evaluating DUP1 at 32
mythril.laser.ethereum.instructions [DEBUG]: Evaluating ASSERT_FAIL at 70
mythril.laser.ethereum.svm [DEBUG]: Encountered a VmException, ending path: ``
mythril.laser.ethereum.instructions [DEBUG]: Evaluating JUMPDEST at 71
mythril.laser.ethereum.instructions [DEBUG]: Evaluating CALLDATALOAD at 33
mythril.laser.ethereum.instructions [DEBUG]: Evaluating PUSH2 at 72
mythril.laser.ethereum.instructions [DEBUG]: Evaluating PUSH20 at 34
mythril.laser.ethereum.instructions [DEBUG]: Evaluating PUSH1 at 73
mythril.laser.ethereum.instructions [DEBUG]: Evaluating AND at 35
mythril.laser.ethereum.instructions [DEBUG]: Evaluating DUP1 at 74
mythril.laser.ethereum.instructions [DEBUG]: Evaluating SWAP1 at 36
mythril.laser.ethereum.instructions [DEBUG]: Evaluating DUP1 at 75
mythril.laser.ethereum.instructions [DEBUG]: Evaluating PUSH1 at 37
mythril.laser.ethereum.instructions [DEBUG]: Evaluating CALLDATALOAD at 76
mythril.analysis.module.base [DEBUG]: Entering analysis module: IntegerArithmetics
mythril.analysis.module.base [DEBUG]: Exiting analysis module: IntegerArithmetics
mythril.laser.ethereum.instructions [DEBUG]: Evaluating ADD at 38
mythril.laser.ethereum.instructions [DEBUG]: Evaluating PUSH20 at 77
mythril.laser.ethereum.instructions [DEBUG]: Evaluating SWAP1 at 39
mythril.laser.ethereum.instructions [DEBUG]: Evaluating AND at 78
mythril.laser.ethereum.instructions [DEBUG]: Evaluating SWAP2 at 40
mythril.laser.ethereum.instructions [DEBUG]: Evaluating SWAP1 at 79
mythril.laser.ethereum.instructions [DEBUG]: Evaluating SWAP1 at 41
mythril.laser.ethereum.instructions [DEBUG]: Evaluating PUSH1 at 80
mythril.laser.ethereum.instructions [DEBUG]: Evaluating POP at 42
mythril.analysis.module.base [DEBUG]: Entering analysis module: IntegerArithmetics
mythril.analysis.module.base [DEBUG]: Exiting analysis module: IntegerArithmetics
mythril.laser.ethereum.instructions [DEBUG]: Evaluating ADD at 81
mythril.laser.ethereum.instructions [DEBUG]: Evaluating POP at 43
mythril.laser.ethereum.instructions [DEBUG]: Evaluating SWAP1 at 82
mythril.laser.ethereum.instructions [DEBUG]: Evaluating PUSH2 at 44
mythril.laser.ethereum.instructions [DEBUG]: Evaluating SWAP2 at 83
mythril.laser.ethereum.instructions [DEBUG]: Evaluating JUMP at 45
mythril.laser.ethereum.instructions [DEBUG]: Evaluating SWAP1 at 84
mythril.laser.ethereum.instructions [DEBUG]: Evaluating JUMPDEST at 99
mythril.laser.ethereum.instructions [DEBUG]: Evaluating DUP1 at 85
mythril.laser.ethereum.instructions [DEBUG]: Evaluating PUSH1 at 100
mythril.laser.ethereum.instructions [DEBUG]: Evaluating CALLDATALOAD at 86
mythril.laser.ethereum.instructions [DEBUG]: Evaluating PUSH1 at 101
mythril.laser.ethereum.instructions [DEBUG]: Evaluating SWAP1 at 87
mythril.laser.ethereum.instructions [DEBUG]: Evaluating MSTORE at 102
mythril.laser.ethereum.instructions [DEBUG]: Evaluating PUSH1 at 88
mythril.laser.ethereum.instructions [DEBUG]: Evaluating DUP1 at 103
mythril.analysis.module.base [DEBUG]: Entering analysis module: IntegerArithmetics
mythril.analysis.module.base [DEBUG]: Exiting analysis module: IntegerArithmetics
mythril.laser.ethereum.instructions [DEBUG]: Evaluating ADD at 89
mythril.laser.ethereum.instructions [DEBUG]: Evaluating PUSH1 at 104
mythril.laser.ethereum.instructions [DEBUG]: Evaluating SWAP1 at 90
mythril.laser.ethereum.instructions [DEBUG]: Evaluating MSTORE at 105
mythril.laser.ethereum.instructions [DEBUG]: Evaluating SWAP2 at 91
mythril.laser.ethereum.instructions [DEBUG]: Evaluating PUSH1 at 106
mythril.laser.ethereum.instructions [DEBUG]: Evaluating SWAP1 at 92
mythril.laser.ethereum.instructions [DEBUG]: Evaluating PUSH1 at 107
mythril.laser.ethereum.instructions [DEBUG]: Evaluating POP at 93
mythril.laser.ethereum.instructions [DEBUG]: Evaluating SHA3 at 108
mythril.laser.ethereum.instructions [DEBUG]: Evaluating POP at 94
mythril.laser.ethereum.instructions [DEBUG]: Evaluating PUSH1 at 109
mythril.laser.ethereum.instructions [DEBUG]: Evaluating PUSH2 at 95
mythril.laser.ethereum.instructions [DEBUG]: Evaluating SWAP2 at 110
mythril.laser.ethereum.instructions [DEBUG]: Evaluating JUMP at 96
mythril.laser.ethereum.instructions [DEBUG]: Evaluating POP at 111
mythril.laser.ethereum.instructions [DEBUG]: Evaluating JUMPDEST at 117
mythril.laser.ethereum.instructions [DEBUG]: Evaluating SWAP1 at 112
mythril.laser.ethereum.instructions [DEBUG]: Evaluating DUP1 at 118
mythril.laser.ethereum.instructions [DEBUG]: Evaluating POP at 113
mythril.laser.ethereum.instructions [DEBUG]: Evaluating PUSH1 at 119
mythril.laser.ethereum.instructions [DEBUG]: Evaluating SLOAD at 114
mythril.laser.ethereum.instructions [DEBUG]: Evaluating PUSH1 at 120
mythril.laser.ethereum.instructions [DEBUG]: Evaluating DUP2 at 115
mythril.laser.ethereum.instructions [DEBUG]: Evaluating CALLER at 121
mythril.laser.ethereum.instructions [DEBUG]: Evaluating JUMP at 116
mythril.laser.ethereum.instructions [DEBUG]: Evaluating PUSH20 at 122
mythril.laser.ethereum.instructions [DEBUG]: Evaluating JUMPDEST at 46
mythril.laser.ethereum.instructions [DEBUG]: Evaluating AND at 123
mythril.laser.ethereum.instructions [DEBUG]: Evaluating PUSH1 at 47
mythril.laser.ethereum.instructions [DEBUG]: Evaluating PUSH20 at 124
mythril.laser.ethereum.instructions [DEBUG]: Evaluating MLOAD at 48
mythril.laser.ethereum.instructions [DEBUG]: Evaluating AND at 125
mythril.laser.ethereum.instructions [DEBUG]: Evaluating DUP1 at 49
mythril.laser.ethereum.instructions [DEBUG]: Evaluating DUP2 at 126
mythril.laser.ethereum.instructions [DEBUG]: Evaluating DUP3 at 50
mythril.laser.ethereum.instructions [DEBUG]: Evaluating MSTORE at 127
mythril.laser.ethereum.instructions [DEBUG]: Evaluating DUP2 at 51
mythril.laser.ethereum.instructions [DEBUG]: Evaluating PUSH1 at 128
mythril.laser.ethereum.instructions [DEBUG]: Evaluating MSTORE at 52
mythril.analysis.module.base [DEBUG]: Entering analysis module: IntegerArithmetics
mythril.analysis.module.base [DEBUG]: Exiting analysis module: IntegerArithmetics
mythril.laser.ethereum.instructions [DEBUG]: Evaluating ADD at 129
mythril.laser.ethereum.instructions [DEBUG]: Evaluating PUSH1 at 53
mythril.laser.ethereum.instructions [DEBUG]: Evaluating SWAP1 at 130
mythril.analysis.module.base [DEBUG]: Entering analysis module: IntegerArithmetics
mythril.analysis.module.base [DEBUG]: Exiting analysis module: IntegerArithmetics
mythril.laser.ethereum.instructions [DEBUG]: Evaluating ADD at 54
mythril.laser.ethereum.instructions [DEBUG]: Evaluating DUP2 at 131
mythril.laser.ethereum.instructions [DEBUG]: Evaluating SWAP2 at 55
mythril.laser.ethereum.instructions [DEBUG]: Evaluating MSTORE at 132
mythril.laser.ethereum.instructions [DEBUG]: Evaluating POP at 56
mythril.laser.ethereum.instructions [DEBUG]: Evaluating PUSH1 at 133
mythril.laser.ethereum.instructions [DEBUG]: Evaluating POP at 57
mythril.analysis.module.base [DEBUG]: Entering analysis module: IntegerArithmetics
mythril.analysis.module.base [DEBUG]: Exiting analysis module: IntegerArithmetics
mythril.laser.ethereum.instructions [DEBUG]: Evaluating ADD at 134
mythril.laser.ethereum.instructions [DEBUG]: Evaluating PUSH1 at 58
mythril.laser.ethereum.instructions [DEBUG]: Evaluating PUSH1 at 135
mythril.laser.ethereum.instructions [DEBUG]: Evaluating MLOAD at 59
mythril.laser.ethereum.instructions [DEBUG]: Evaluating SHA3 at 136
mythril.laser.ethereum.instructions [DEBUG]: Evaluating DUP1 at 60
mythril.laser.ethereum.instructions [DEBUG]: Evaluating SLOAD at 137
mythril.laser.ethereum.instructions [DEBUG]: Evaluating SWAP2 at 61
mythril.laser.ethereum.instructions [DEBUG]: Evaluating LT at 138
mythril.analysis.module.base [DEBUG]: Entering analysis module: IntegerArithmetics
mythril.analysis.module.base [DEBUG]: Exiting analysis module: IntegerArithmetics
mythril.laser.ethereum.instructions [DEBUG]: Evaluating SUB at 62
mythril.laser.ethereum.instructions [DEBUG]: Evaluating ISZERO at 139
mythril.laser.ethereum.instructions [DEBUG]: Evaluating SWAP1 at 63
mythril.laser.ethereum.instructions [DEBUG]: Evaluating ISZERO at 140
mythril.analysis.module.base [DEBUG]: Entering analysis module: IntegerArithmetics
mythril.analysis.module.base [DEBUG]: Exiting analysis module: IntegerArithmetics
mythril.analysis.module.base [DEBUG]: Entering analysis module: UncheckedRetval
mythril.analysis.module.base [DEBUG]: Exiting analysis module: UncheckedRetval
mythril.laser.ethereum.instructions [DEBUG]: Evaluating RETURN at 64
mythril.laser.ethereum.svm [DEBUG]: Ending transaction MessageCallTransaction 2 from sender_2 to                                        0x0.
mythril.laser.ethereum.instructions [DEBUG]: Evaluating ISZERO at 141
mythril.laser.ethereum.instructions [DEBUG]: Evaluating PUSH2 at 142
mythril.analysis.module.base [DEBUG]: Entering analysis module: TxOrigin
mythril.analysis.module.base [DEBUG]: Exiting analysis module: TxOrigin
mythril.analysis.module.base [DEBUG]: Entering analysis module: IntegerArithmetics
mythril.analysis.module.base [DEBUG]: Exiting analysis module: IntegerArithmetics
mythril.laser.ethereum.instructions [DEBUG]: Evaluating JUMPI at 143
mythril.laser.ethereum.instructions [DEBUG]: Evaluating PUSH1 at 144
mythril.laser.ethereum.instructions [DEBUG]: Evaluating JUMPDEST at 147
mythril.laser.ethereum.instructions [DEBUG]: Evaluating PUSH1 at 145
mythril.laser.ethereum.instructions [DEBUG]: Evaluating DUP1 at 148
mythril.laser.ethereum.instructions [DEBUG]: Evaluating REVERT at 146
mythril.laser.ethereum.svm [DEBUG]: Ending transaction MessageCallTransaction 2 from sender_2 to                                        0x0.
mythril.laser.ethereum.instructions [DEBUG]: Evaluating PUSH1 at 149
mythril.laser.ethereum.instructions [DEBUG]: Evaluating PUSH1 at 150
mythril.laser.ethereum.instructions [DEBUG]: Evaluating CALLER at 151
mythril.laser.ethereum.instructions [DEBUG]: Evaluating PUSH20 at 152
mythril.laser.ethereum.instructions [DEBUG]: Evaluating AND at 153
mythril.laser.ethereum.instructions [DEBUG]: Evaluating PUSH20 at 154
mythril.laser.ethereum.instructions [DEBUG]: Evaluating AND at 155
mythril.laser.ethereum.instructions [DEBUG]: Evaluating DUP2 at 156
mythril.laser.ethereum.instructions [DEBUG]: Evaluating MSTORE at 157
mythril.laser.ethereum.instructions [DEBUG]: Evaluating PUSH1 at 158
mythril.analysis.module.base [DEBUG]: Entering analysis module: IntegerArithmetics
mythril.analysis.module.base [DEBUG]: Exiting analysis module: IntegerArithmetics
mythril.laser.ethereum.instructions [DEBUG]: Evaluating ADD at 159
mythril.laser.ethereum.instructions [DEBUG]: Evaluating SWAP1 at 160
mythril.laser.ethereum.instructions [DEBUG]: Evaluating DUP2 at 161
mythril.laser.ethereum.instructions [DEBUG]: Evaluating MSTORE at 162
mythril.laser.ethereum.instructions [DEBUG]: Evaluating PUSH1 at 163
mythril.analysis.module.base [DEBUG]: Entering analysis module: IntegerArithmetics
mythril.analysis.module.base [DEBUG]: Exiting analysis module: IntegerArithmetics
mythril.laser.ethereum.instructions [DEBUG]: Evaluating ADD at 164
mythril.laser.ethereum.instructions [DEBUG]: Evaluating PUSH1 at 165
mythril.laser.ethereum.instructions [DEBUG]: Evaluating SHA3 at 166
mythril.laser.ethereum.instructions [DEBUG]: Evaluating PUSH1 at 167
mythril.laser.ethereum.instructions [DEBUG]: Evaluating DUP3 at 168
mythril.laser.ethereum.instructions [DEBUG]: Evaluating DUP3 at 169
mythril.laser.ethereum.instructions [DEBUG]: Evaluating SLOAD at 170
mythril.analysis.module.base [DEBUG]: Entering analysis module: IntegerArithmetics
mythril.analysis.module.base [DEBUG]: Exiting analysis module: IntegerArithmetics
mythril.laser.ethereum.instructions [DEBUG]: Evaluating SUB at 171
mythril.laser.ethereum.instructions [DEBUG]: Evaluating SWAP3 at 172
mythril.laser.ethereum.instructions [DEBUG]: Evaluating POP at 173
mythril.laser.ethereum.instructions [DEBUG]: Evaluating POP at 174
mythril.laser.ethereum.instructions [DEBUG]: Evaluating DUP2 at 175
mythril.laser.ethereum.instructions [DEBUG]: Evaluating SWAP1 at 176
mythril.analysis.module.base [DEBUG]: Entering analysis module: ArbitraryStorage
mythril.analysis.module.base [DEBUG]: Exiting analysis module: ArbitraryStorage
mythril.analysis.module.base [DEBUG]: Entering analysis module: IntegerArithmetics
mythril.analysis.module.base [DEBUG]: Exiting analysis module: IntegerArithmetics
mythril.analysis.module.base [DEBUG]: Entering analysis module: StateChangeAfterCall
mythril.analysis.module.base [DEBUG]: Exiting analysis module: StateChangeAfterCall
mythril.laser.ethereum.instructions [DEBUG]: Evaluating SSTORE at 177
mythril.laser.ethereum.instructions [DEBUG]: Evaluating POP at 178
mythril.laser.ethereum.instructions [DEBUG]: Evaluating DUP1 at 179
mythril.laser.ethereum.instructions [DEBUG]: Evaluating PUSH1 at 180
mythril.laser.ethereum.instructions [DEBUG]: Evaluating PUSH1 at 181
mythril.laser.ethereum.instructions [DEBUG]: Evaluating DUP5 at 182
mythril.laser.ethereum.instructions [DEBUG]: Evaluating PUSH20 at 183
mythril.laser.ethereum.instructions [DEBUG]: Evaluating AND at 184
mythril.laser.ethereum.instructions [DEBUG]: Evaluating PUSH20 at 185
mythril.laser.ethereum.instructions [DEBUG]: Evaluating AND at 186
mythril.laser.ethereum.instructions [DEBUG]: Evaluating DUP2 at 187
mythril.laser.ethereum.instructions [DEBUG]: Evaluating MSTORE at 188
mythril.laser.ethereum.instructions [DEBUG]: Evaluating PUSH1 at 189
mythril.analysis.module.base [DEBUG]: Entering analysis module: IntegerArithmetics
mythril.analysis.module.base [DEBUG]: Exiting analysis module: IntegerArithmetics
mythril.laser.ethereum.instructions [DEBUG]: Evaluating ADD at 190
mythril.laser.ethereum.instructions [DEBUG]: Evaluating SWAP1 at 191
mythril.laser.ethereum.instructions [DEBUG]: Evaluating DUP2 at 192
mythril.laser.ethereum.instructions [DEBUG]: Evaluating MSTORE at 193
mythril.laser.ethereum.instructions [DEBUG]: Evaluating PUSH1 at 194
mythril.analysis.module.base [DEBUG]: Entering analysis module: IntegerArithmetics
mythril.analysis.module.base [DEBUG]: Exiting analysis module: IntegerArithmetics
mythril.laser.ethereum.instructions [DEBUG]: Evaluating ADD at 195
mythril.laser.ethereum.instructions [DEBUG]: Evaluating PUSH1 at 196
mythril.laser.ethereum.instructions [DEBUG]: Evaluating SHA3 at 197
mythril.laser.ethereum.instructions [DEBUG]: Evaluating PUSH1 at 198
mythril.laser.ethereum.instructions [DEBUG]: Evaluating DUP3 at 199
mythril.laser.ethereum.instructions [DEBUG]: Evaluating DUP3 at 200
mythril.laser.ethereum.instructions [DEBUG]: Evaluating SLOAD at 201
mythril.analysis.module.base [DEBUG]: Entering analysis module: IntegerArithmetics
mythril.analysis.module.base [DEBUG]: Exiting analysis module: IntegerArithmetics
mythril.laser.ethereum.instructions [DEBUG]: Evaluating ADD at 202
mythril.laser.ethereum.instructions [DEBUG]: Evaluating SWAP3 at 203
mythril.laser.ethereum.instructions [DEBUG]: Evaluating POP at 204
mythril.laser.ethereum.instructions [DEBUG]: Evaluating POP at 205
mythril.laser.ethereum.instructions [DEBUG]: Evaluating DUP2 at 206
mythril.laser.ethereum.instructions [DEBUG]: Evaluating SWAP1 at 207
mythril.analysis.module.base [DEBUG]: Entering analysis module: ArbitraryStorage
mythril.analysis.module.base [DEBUG]: Exiting analysis module: ArbitraryStorage
mythril.analysis.module.base [DEBUG]: Entering analysis module: IntegerArithmetics
mythril.analysis.module.base [DEBUG]: Exiting analysis module: IntegerArithmetics
mythril.analysis.module.base [DEBUG]: Entering analysis module: StateChangeAfterCall
mythril.analysis.module.base [DEBUG]: Exiting analysis module: StateChangeAfterCall
mythril.laser.ethereum.instructions [DEBUG]: Evaluating SSTORE at 208
mythril.laser.ethereum.instructions [DEBUG]: Evaluating POP at 209
mythril.laser.ethereum.instructions [DEBUG]: Evaluating JUMPDEST at 210
mythril.laser.ethereum.instructions [DEBUG]: Evaluating POP at 211
mythril.laser.ethereum.instructions [DEBUG]: Evaluating POP at 212
mythril.laser.ethereum.instructions [DEBUG]: Evaluating JUMP at 213
mythril.laser.ethereum.instructions [DEBUG]: Evaluating JUMPDEST at 97
mythril.analysis.module.base [DEBUG]: Entering analysis module: IntegerArithmetics
mythril.analysis.module.base [DEBUG]: Exiting analysis module: IntegerArithmetics
mythril.analysis.module.base [DEBUG]: Entering analysis module: UncheckedRetval
mythril.analysis.module.base [DEBUG]: Exiting analysis module: UncheckedRetval
mythril.laser.ethereum.instructions [DEBUG]: Evaluating STOP at 98
mythril.laser.ethereum.svm [DEBUG]: Ending transaction MessageCallTransaction 2 from sender_2 to                                        0x0.
mythril.laser.plugin.plugins.coverage.coverage_plugin [INFO]: Number of new instructions covered in tx 1: 0
mythril.laser.ethereum.svm [INFO]: Finished symbolic execution
mythril.laser.plugin.plugins.coverage.coverage_plugin [INFO]: Achieved 99.53% coverage for code: 60606040526000357c0100000000000000000000000000000000000000000000000000000000900463ffffffff16806370a0823114610046578063a9059cbb14610090575bfe5b341561004e57fe5b61007a600480803573ffffffffffffffffffffffffffffffffffffffff169060200190919050506100cf565b6040518082815260200191505060405180910390f35b341561009857fe5b6100cd600480803573ffffffffffffffffffffffffffffffffffffffff169060200190919080359060200190919050506100e7565b005b60006020528060005260406000206000915090505481565b80600060003373ffffffffffffffffffffffffffffffffffffffff1673ffffffffffffffffffffffffffffffffffffffff16815260200190815260200160002054101515156101365760006000fd5b80600060003373ffffffffffffffffffffffffffffffffffffffff1673ffffffffffffffffffffffffffffffffffffffff1681526020019081526020016000206000828254039250508190555080600060008473ffffffffffffffffffffffffffffffffffffffff1673ffffffffffffffffffffffffffffffffffffffff168152602001908152602001600020600082825401925050819055505b50505600
mythril.laser.plugin.plugins.instruction_profiler [INFO]: Total: 0.6547646522521973 s
[ADD         ]   1.6327 %,  nr     22,  total   0.0107 s,  avg   0.0005 s,  min   0.0004 s,  max   0.0008 s
[AND         ]   1.0917 %,  nr     18,  total   0.0071 s,  avg   0.0004 s,  min   0.0003 s,  max   0.0007 s
[CALLDATALOAD]  10.1440 %,  nr      8,  total   0.0664 s,  avg   0.0083 s,  min   0.0080 s,  max   0.0088 s
[CALLER      ]   0.1834 %,  nr      4,  total   0.0012 s,  avg   0.0003 s,  min   0.0003 s,  max   0.0003 s
[CALLVALUE   ]   0.1687 %,  nr      4,  total   0.0011 s,  avg   0.0003 s,  min   0.0003 s,  max   0.0003 s
[DIV         ]   0.1643 %,  nr      2,  total   0.0011 s,  avg   0.0005 s,  min   0.0005 s,  max   0.0006 s
[DUP1        ]   1.7425 %,  nr     26,  total   0.0114 s,  avg   0.0004 s,  min   0.0003 s,  max   0.0009 s
[DUP2        ]   1.0844 %,  nr     20,  total   0.0071 s,  avg   0.0004 s,  min   0.0003 s,  max   0.0006 s
[DUP3        ]   0.5274 %,  nr     10,  total   0.0035 s,  avg   0.0003 s,  min   0.0003 s,  max   0.0004 s
[DUP5        ]   0.0994 %,  nr      2,  total   0.0007 s,  avg   0.0003 s,  min   0.0003 s,  max   0.0003 s
[EQ          ]   0.2087 %,  nr      4,  total   0.0014 s,  avg   0.0003 s,  min   0.0003 s,  max   0.0004 s
[ISZERO      ]   1.0291 %,  nr     10,  total   0.0067 s,  avg   0.0007 s,  min   0.0004 s,  max   0.0017 s
[JUMP        ]   0.7558 %,  nr      8,  total   0.0049 s,  avg   0.0006 s,  min   0.0006 s,  max   0.0007 s
[JUMPDEST    ]   1.2497 %,  nr     22,  total   0.0082 s,  avg   0.0004 s,  min   0.0003 s,  max   0.0008 s
[JUMPI       ]   2.0275 %,  nr     10,  total   0.0133 s,  avg   0.0013 s,  min   0.0010 s,  max   0.0017 s
[LT          ]   0.1373 %,  nr      2,  total   0.0009 s,  avg   0.0004 s,  min   0.0004 s,  max   0.0005 s
[MLOAD       ]   6.1170 %,  nr      4,  total   0.0401 s,  avg   0.0100 s,  min   0.0099 s,  max   0.0104 s
[MSTORE      ]  31.2285 %,  nr     20,  total   0.2045 s,  avg   0.0102 s,  min   0.0062 s,  max   0.0143 s
[POP         ]   1.9010 %,  nr     32,  total   0.0124 s,  avg   0.0004 s,  min   0.0003 s,  max   0.0009 s
[PUSH1       ]   5.0819 %,  nr     72,  total   0.0333 s,  avg   0.0005 s,  min   0.0003 s,  max   0.0010 s
[PUSH2       ]   0.9760 %,  nr     18,  total   0.0064 s,  avg   0.0004 s,  min   0.0003 s,  max   0.0006 s
[PUSH20      ]   1.0501 %,  nr     16,  total   0.0069 s,  avg   0.0004 s,  min   0.0003 s,  max   0.0017 s
[PUSH29      ]   0.1651 %,  nr      2,  total   0.0011 s,  avg   0.0005 s,  min   0.0005 s,  max   0.0006 s
[PUSH4       ]   0.3132 %,  nr      6,  total   0.0021 s,  avg   0.0003 s,  min   0.0003 s,  max   0.0004 s
[SHA3        ]  26.7748 %,  nr      8,  total   0.1753 s,  avg   0.0219 s,  min   0.0200 s,  max   0.0298 s
[SLOAD       ]   0.7021 %,  nr      8,  total   0.0046 s,  avg   0.0006 s,  min   0.0004 s,  max   0.0008 s
[SSTORE      ]   0.3117 %,  nr      4,  total   0.0020 s,  avg   0.0005 s,  min   0.0005 s,  max   0.0007 s
[SUB         ]   0.2952 %,  nr      4,  total   0.0019 s,  avg   0.0005 s,  min   0.0004 s,  max   0.0006 s
[SWAP1       ]   1.7424 %,  nr     34,  total   0.0114 s,  avg   0.0003 s,  min   0.0003 s,  max   0.0005 s
[SWAP2       ]   0.8789 %,  nr     12,  total   0.0058 s,  avg   0.0005 s,  min   0.0003 s,  max   0.0018 s
[SWAP3       ]   0.2157 %,  nr      4,  total   0.0014 s,  avg   0.0004 s,  min   0.0003 s,  max   0.0004 s

mythril.analysis.security [INFO]: Starting analysis
mythril.analysis.security [DEBUG]: Retrieving results for Caller can write to arbitrary storage locations
mythril.analysis.security [DEBUG]: Retrieving results for Delegatecall to a user-specified address
mythril.analysis.security [DEBUG]: Retrieving results for Control flow depends on tx.origin
mythril.analysis.security [DEBUG]: Retrieving results for Any sender can withdraw ETH from the contract account
mythril.analysis.security [DEBUG]: Retrieving results for Integer overflow or underflow
mythril.analysis.security [DEBUG]: Retrieving results for State change after an external call
mythril.analysis.security [DEBUG]: Retrieving results for Contract can be accidentally killed by anyone
mythril.analysis.security [DEBUG]: Retrieving results for Return value of an external call is not checked
mythril.mythril.mythril_analyzer [INFO]: Solver statistics: 
Query count: 45 
Solver time: 1.804535150527954
{"error": null, "issues": [], "success": true}
