mythril.mythril.mythril_config [INFO]: Creating mythril data directory 
mythril.mythril.mythril_config [INFO]: No config file found. Creating default: /root/.mythril/config.ini 
mythril.mythril.mythril_config [INFO]: Infura key not provided, so onchain access is disabled. Use --infura-id <INFURA_ID> or set it in the environment variable INFURA_ID or in the ~/.mythril/config.ini file 
mythril.support.signatures [INFO]: Using signature database at /root/.mythril/signatures.db
mythril.laser.ethereum.svm [INFO]: LASER EVM initialized with dynamic loader: <mythril.support.loader.DynLoader object at 0x7fe384eb5eb0>
mythril.laser.ethereum.strategy.extensions.bounded_loops [INFO]: Loaded search strategy extension: Loop bounds (limit = 3)
mythril.laser.plugin.loader [INFO]: Loading laser plugin: coverage
mythril.laser.plugin.loader [INFO]: Loading laser plugin: mutation-pruner
mythril.laser.plugin.loader [INFO]: Loading laser plugin: call-depth-limit
mythril.laser.plugin.loader [INFO]: Loading laser plugin: instruction-profiler
mythril.laser.plugin.loader [INFO]: Loading laser plugin: dependency-pruner
mythril.laser.plugin.loader [INFO]: Instrumenting symbolic vm with plugin: coverage
mythril.laser.plugin.loader [INFO]: Instrumenting symbolic vm with plugin: mutation-pruner
mythril.laser.plugin.loader [INFO]: Instrumenting symbolic vm with plugin: call-depth-limit
mythril.laser.plugin.loader [INFO]: Instrumenting symbolic vm with plugin: instruction-profiler
mythril.laser.plugin.loader [INFO]: Instrumenting symbolic vm with plugin: dependency-pruner
mythril.laser.ethereum.svm [DEBUG]: Starting LASER execution
mythril.laser.ethereum.svm [INFO]: Starting message call transaction to 0
mythril.laser.ethereum.svm [INFO]: Starting message call transaction, iteration: 0, 1 initial states
mythril.laser.ethereum.instructions [DEBUG]: Evaluating PUSH1 at 0
mythril.laser.ethereum.instructions [DEBUG]: Evaluating PUSH1 at 1
mythril.laser.ethereum.instructions [DEBUG]: Evaluating MSTORE at 2
mythril.laser.ethereum.instructions [DEBUG]: Evaluating PUSH1 at 3
mythril.laser.ethereum.instructions [DEBUG]: Evaluating CALLDATASIZE at 4
mythril.laser.ethereum.instructions [DEBUG]: Evaluating LT at 5
mythril.laser.ethereum.instructions [DEBUG]: Evaluating PUSH2 at 6
mythril.analysis.module.base [DEBUG]: Entering analysis module: TxOrigin
mythril.analysis.module.base [DEBUG]: Exiting analysis module: TxOrigin
mythril.analysis.module.base [DEBUG]: Entering analysis module: IntegerArithmetics
mythril.analysis.module.base [DEBUG]: Exiting analysis module: IntegerArithmetics
mythril.laser.ethereum.instructions [DEBUG]: Evaluating JUMPI at 7
mythril.laser.ethereum.instructions [DEBUG]: Evaluating PUSH4 at 8
mythril.laser.ethereum.instructions [DEBUG]: Evaluating JUMPDEST at 24
mythril.laser.ethereum.instructions [DEBUG]: Evaluating PUSH29 at 9
mythril.laser.ethereum.instructions [DEBUG]: Evaluating PUSH1 at 25
mythril.laser.ethereum.instructions [DEBUG]: Evaluating PUSH1 at 10
mythril.laser.ethereum.instructions [DEBUG]: Evaluating DUP1 at 26
mythril.laser.ethereum.instructions [DEBUG]: Evaluating CALLDATALOAD at 11
mythril.laser.ethereum.instructions [DEBUG]: Evaluating REVERT at 27
mythril.laser.ethereum.svm [DEBUG]: Ending transaction MessageCallTransaction 1 from sender_1 to                                        0x0.
mythril.laser.ethereum.instructions [DEBUG]: Evaluating DIV at 12
mythril.laser.ethereum.instructions [DEBUG]: Evaluating AND at 13
mythril.laser.ethereum.instructions [DEBUG]: Evaluating PUSH4 at 14
mythril.laser.ethereum.instructions [DEBUG]: Evaluating DUP2 at 15
mythril.laser.ethereum.instructions [DEBUG]: Evaluating EQ at 16
mythril.laser.ethereum.instructions [DEBUG]: Evaluating PUSH2 at 17
mythril.analysis.module.base [DEBUG]: Entering analysis module: TxOrigin
mythril.analysis.module.base [DEBUG]: Exiting analysis module: TxOrigin
mythril.analysis.module.base [DEBUG]: Entering analysis module: IntegerArithmetics
mythril.analysis.module.base [DEBUG]: Exiting analysis module: IntegerArithmetics
mythril.laser.ethereum.instructions [DEBUG]: Evaluating JUMPI at 18
mythril.laser.ethereum.instructions [DEBUG]: Evaluating DUP1 at 19
mythril.laser.ethereum.instructions [DEBUG]: Evaluating JUMPDEST at 28
mythril.laser.ethereum.instructions [DEBUG]: Evaluating PUSH4 at 20
mythril.laser.ethereum.instructions [DEBUG]: Evaluating CALLVALUE at 29
mythril.laser.ethereum.instructions [DEBUG]: Evaluating EQ at 21
mythril.laser.ethereum.instructions [DEBUG]: Evaluating DUP1 at 30
mythril.laser.ethereum.instructions [DEBUG]: Evaluating PUSH2 at 22
mythril.laser.ethereum.instructions [DEBUG]: Evaluating ISZERO at 31
mythril.analysis.module.base [DEBUG]: Entering analysis module: TxOrigin
mythril.analysis.module.base [DEBUG]: Exiting analysis module: TxOrigin
mythril.analysis.module.base [DEBUG]: Entering analysis module: IntegerArithmetics
mythril.analysis.module.base [DEBUG]: Exiting analysis module: IntegerArithmetics
mythril.laser.ethereum.instructions [DEBUG]: Evaluating JUMPI at 23
mythril.laser.ethereum.svm [DEBUG]: - Entering function MAIN:unknown
mythril.laser.ethereum.instructions [DEBUG]: Evaluating PUSH2 at 32
mythril.laser.ethereum.instructions [DEBUG]: Evaluating JUMPDEST at 24
mythril.laser.ethereum.instructions [DEBUG]: Evaluating JUMPDEST at 62
mythril.analysis.module.base [DEBUG]: Entering analysis module: TxOrigin
mythril.analysis.module.base [DEBUG]: Exiting analysis module: TxOrigin
mythril.analysis.module.base [DEBUG]: Entering analysis module: IntegerArithmetics
mythril.analysis.module.base [DEBUG]: Exiting analysis module: IntegerArithmetics
mythril.laser.ethereum.instructions [DEBUG]: Evaluating JUMPI at 33
mythril.laser.ethereum.instructions [DEBUG]: Evaluating PUSH1 at 25
mythril.laser.ethereum.instructions [DEBUG]: Evaluating CALLVALUE at 63
mythril.laser.ethereum.instructions [DEBUG]: Evaluating PUSH1 at 34
mythril.laser.ethereum.instructions [DEBUG]: Evaluating JUMPDEST at 37
mythril.laser.ethereum.instructions [DEBUG]: Evaluating DUP1 at 26
mythril.laser.ethereum.instructions [DEBUG]: Evaluating DUP1 at 64
mythril.laser.ethereum.instructions [DEBUG]: Evaluating DUP1 at 35
mythril.laser.ethereum.instructions [DEBUG]: Evaluating POP at 38
mythril.laser.ethereum.instructions [DEBUG]: Evaluating REVERT at 27
mythril.laser.ethereum.svm [DEBUG]: Ending transaction MessageCallTransaction 1 from sender_1 to                                        0x0.
mythril.laser.ethereum.instructions [DEBUG]: Evaluating ISZERO at 65
mythril.laser.ethereum.instructions [DEBUG]: Evaluating REVERT at 36
mythril.laser.ethereum.svm [DEBUG]: Ending transaction MessageCallTransaction 1 from sender_1 to                                        0x0.
mythril.laser.ethereum.instructions [DEBUG]: Evaluating PUSH2 at 39
mythril.laser.ethereum.instructions [DEBUG]: Evaluating PUSH2 at 66
mythril.laser.ethereum.instructions [DEBUG]: Evaluating PUSH20 at 40
mythril.analysis.module.base [DEBUG]: Entering analysis module: TxOrigin
mythril.analysis.module.base [DEBUG]: Exiting analysis module: TxOrigin
mythril.analysis.module.base [DEBUG]: Entering analysis module: IntegerArithmetics
mythril.analysis.module.base [DEBUG]: Exiting analysis module: IntegerArithmetics
mythril.laser.ethereum.instructions [DEBUG]: Evaluating JUMPI at 67
mythril.laser.ethereum.instructions [DEBUG]: Evaluating PUSH1 at 41
mythril.laser.ethereum.instructions [DEBUG]: Evaluating PUSH1 at 68
mythril.laser.ethereum.instructions [DEBUG]: Evaluating JUMPDEST at 71
mythril.laser.ethereum.instructions [DEBUG]: Evaluating CALLDATALOAD at 42
mythril.laser.ethereum.instructions [DEBUG]: Evaluating DUP1 at 69
mythril.laser.ethereum.instructions [DEBUG]: Evaluating POP at 72
mythril.laser.ethereum.instructions [DEBUG]: Evaluating AND at 43
mythril.laser.ethereum.instructions [DEBUG]: Evaluating REVERT at 70
mythril.laser.ethereum.svm [DEBUG]: Ending transaction MessageCallTransaction 1 from sender_1 to                                        0x0.
mythril.laser.ethereum.instructions [DEBUG]: Evaluating PUSH2 at 73
mythril.laser.ethereum.instructions [DEBUG]: Evaluating PUSH2 at 44
mythril.laser.ethereum.instructions [DEBUG]: Evaluating PUSH20 at 74
mythril.laser.ethereum.instructions [DEBUG]: Evaluating JUMP at 45
mythril.laser.ethereum.instructions [DEBUG]: Evaluating PUSH1 at 75
mythril.laser.ethereum.instructions [DEBUG]: Evaluating JUMPDEST at 84
mythril.laser.ethereum.instructions [DEBUG]: Evaluating CALLDATALOAD at 76
mythril.laser.ethereum.instructions [DEBUG]: Evaluating PUSH1 at 85
mythril.laser.ethereum.instructions [DEBUG]: Evaluating AND at 77
mythril.laser.ethereum.instructions [DEBUG]: Evaluating PUSH1 at 86
mythril.laser.ethereum.instructions [DEBUG]: Evaluating PUSH1 at 78
mythril.laser.ethereum.instructions [DEBUG]: Evaluating DUP2 at 87
mythril.laser.ethereum.instructions [DEBUG]: Evaluating CALLDATALOAD at 79
mythril.laser.ethereum.instructions [DEBUG]: Evaluating SWAP1 at 88
mythril.laser.ethereum.instructions [DEBUG]: Evaluating PUSH2 at 80
mythril.laser.ethereum.instructions [DEBUG]: Evaluating MSTORE at 89
mythril.laser.ethereum.instructions [DEBUG]: Evaluating JUMP at 81
mythril.laser.ethereum.instructions [DEBUG]: Evaluating SWAP1 at 90
mythril.laser.ethereum.instructions [DEBUG]: Evaluating JUMPDEST at 99
mythril.laser.ethereum.instructions [DEBUG]: Evaluating DUP2 at 91
mythril.laser.ethereum.instructions [DEBUG]: Evaluating CALLER at 100
mythril.laser.ethereum.instructions [DEBUG]: Evaluating MSTORE at 92
mythril.laser.ethereum.instructions [DEBUG]: Evaluating PUSH1 at 101
mythril.laser.ethereum.instructions [DEBUG]: Evaluating PUSH1 at 93
mythril.laser.ethereum.instructions [DEBUG]: Evaluating SWAP1 at 102
mythril.laser.ethereum.instructions [DEBUG]: Evaluating SWAP1 at 94
mythril.laser.ethereum.instructions [DEBUG]: Evaluating DUP2 at 103
mythril.laser.ethereum.instructions [DEBUG]: Evaluating SHA3 at 95
mythril.laser.ethereum.instructions [DEBUG]: Evaluating MSTORE at 104
mythril.laser.ethereum.instructions [DEBUG]: Evaluating SLOAD at 96
mythril.laser.ethereum.instructions [DEBUG]: Evaluating PUSH1 at 105
mythril.laser.ethereum.instructions [DEBUG]: Evaluating DUP2 at 97
mythril.laser.ethereum.instructions [DEBUG]: Evaluating DUP2 at 106
mythril.laser.ethereum.instructions [DEBUG]: Evaluating JUMP at 98
mythril.laser.ethereum.instructions [DEBUG]: Evaluating SWAP1 at 107
mythril.laser.ethereum.instructions [DEBUG]: Evaluating JUMPDEST at 46
mythril.laser.ethereum.instructions [DEBUG]: Evaluating MSTORE at 108
mythril.laser.ethereum.instructions [DEBUG]: Evaluating PUSH1 at 47
mythril.laser.ethereum.instructions [DEBUG]: Evaluating PUSH1 at 109
mythril.laser.ethereum.instructions [DEBUG]: Evaluating DUP1 at 48
mythril.laser.ethereum.instructions [DEBUG]: Evaluating SWAP1 at 110
mythril.laser.ethereum.instructions [DEBUG]: Evaluating MLOAD at 49
mythril.laser.ethereum.instructions [DEBUG]: Evaluating SHA3 at 111
mythril.laser.ethereum.instructions [DEBUG]: Evaluating SWAP2 at 50
mythril.laser.ethereum.instructions [DEBUG]: Evaluating SLOAD at 112
mythril.laser.ethereum.instructions [DEBUG]: Evaluating DUP3 at 51
mythril.laser.ethereum.instructions [DEBUG]: Evaluating DUP2 at 113
mythril.laser.ethereum.instructions [DEBUG]: Evaluating MSTORE at 52
mythril.laser.ethereum.instructions [DEBUG]: Evaluating GT at 114
mythril.laser.ethereum.instructions [DEBUG]: Evaluating MLOAD at 53
mythril.laser.ethereum.instructions [DEBUG]: Evaluating ISZERO at 115
mythril.laser.ethereum.instructions [DEBUG]: Evaluating SWAP1 at 54
mythril.laser.ethereum.instructions [DEBUG]: Evaluating PUSH2 at 116
mythril.laser.ethereum.instructions [DEBUG]: Evaluating DUP2 at 55
mythril.analysis.module.base [DEBUG]: Entering analysis module: TxOrigin
mythril.analysis.module.base [DEBUG]: Exiting analysis module: TxOrigin
mythril.analysis.module.base [DEBUG]: Entering analysis module: IntegerArithmetics
mythril.analysis.module.base [DEBUG]: Exiting analysis module: IntegerArithmetics
mythril.laser.ethereum.instructions [DEBUG]: Evaluating JUMPI at 117
mythril.laser.ethereum.instructions [DEBUG]: Evaluating SWAP1 at 56
mythril.laser.ethereum.instructions [DEBUG]: Evaluating PUSH1 at 118
mythril.laser.ethereum.instructions [DEBUG]: Evaluating JUMPDEST at 121
mythril.analysis.module.base [DEBUG]: Entering analysis module: IntegerArithmetics
mythril.analysis.module.base [DEBUG]: Exiting analysis module: IntegerArithmetics
mythril.laser.ethereum.instructions [DEBUG]: Evaluating SUB at 57
mythril.laser.ethereum.instructions [DEBUG]: Evaluating DUP1 at 119
mythril.laser.ethereum.instructions [DEBUG]: Evaluating CALLER at 122
mythril.laser.ethereum.instructions [DEBUG]: Evaluating PUSH1 at 58
mythril.laser.ethereum.instructions [DEBUG]: Evaluating REVERT at 120
mythril.laser.ethereum.svm [DEBUG]: Ending transaction MessageCallTransaction 1 from sender_1 to                                        0x0.
mythril.laser.ethereum.instructions [DEBUG]: Evaluating PUSH1 at 123
mythril.analysis.module.base [DEBUG]: Entering analysis module: IntegerArithmetics
mythril.analysis.module.base [DEBUG]: Exiting analysis module: IntegerArithmetics
mythril.laser.ethereum.instructions [DEBUG]: Evaluating ADD at 59
mythril.laser.ethereum.instructions [DEBUG]: Evaluating SWAP1 at 124
mythril.laser.ethereum.instructions [DEBUG]: Evaluating SWAP1 at 60
mythril.laser.ethereum.instructions [DEBUG]: Evaluating DUP2 at 125
mythril.analysis.module.base [DEBUG]: Entering analysis module: IntegerArithmetics
mythril.analysis.module.base [DEBUG]: Exiting analysis module: IntegerArithmetics
mythril.analysis.module.base [DEBUG]: Entering analysis module: UncheckedRetval
mythril.analysis.module.base [DEBUG]: Exiting analysis module: UncheckedRetval
mythril.laser.ethereum.instructions [DEBUG]: Evaluating RETURN at 61
mythril.laser.ethereum.svm [DEBUG]: Ending transaction MessageCallTransaction 1 from sender_1 to                                        0x0.
mythril.laser.ethereum.instructions [DEBUG]: Evaluating MSTORE at 126
mythril.laser.ethereum.instructions [DEBUG]: Evaluating PUSH1 at 127
mythril.laser.ethereum.instructions [DEBUG]: Evaluating DUP2 at 128
mythril.laser.ethereum.instructions [DEBUG]: Evaluating SWAP1 at 129
mythril.laser.ethereum.instructions [DEBUG]: Evaluating MSTORE at 130
mythril.laser.ethereum.instructions [DEBUG]: Evaluating PUSH1 at 131
mythril.laser.ethereum.instructions [DEBUG]: Evaluating DUP1 at 132
mythril.laser.ethereum.instructions [DEBUG]: Evaluating DUP3 at 133
mythril.laser.ethereum.instructions [DEBUG]: Evaluating SHA3 at 134
mythril.laser.ethereum.instructions [DEBUG]: Evaluating DUP1 at 135
mythril.laser.ethereum.instructions [DEBUG]: Evaluating SLOAD at 136
mythril.laser.ethereum.instructions [DEBUG]: Evaluating DUP5 at 137
mythril.laser.ethereum.instructions [DEBUG]: Evaluating SWAP1 at 138
mythril.analysis.module.base [DEBUG]: Entering analysis module: IntegerArithmetics
mythril.analysis.module.base [DEBUG]: Exiting analysis module: IntegerArithmetics
mythril.laser.ethereum.instructions [DEBUG]: Evaluating SUB at 139
mythril.laser.ethereum.instructions [DEBUG]: Evaluating SWAP1 at 140
mythril.analysis.module.base [DEBUG]: Entering analysis module: ArbitraryStorage
mythril.analysis.module.base [DEBUG]: Exiting analysis module: ArbitraryStorage
mythril.analysis.module.base [DEBUG]: Entering analysis module: IntegerArithmetics
mythril.analysis.module.base [DEBUG]: Exiting analysis module: IntegerArithmetics
mythril.analysis.module.base [DEBUG]: Entering analysis module: StateChangeAfterCall
mythril.analysis.module.base [DEBUG]: Exiting analysis module: StateChangeAfterCall
mythril.laser.ethereum.instructions [DEBUG]: Evaluating SSTORE at 141
mythril.laser.ethereum.instructions [DEBUG]: Evaluating PUSH20 at 142
mythril.laser.ethereum.instructions [DEBUG]: Evaluating SWAP4 at 143
mythril.laser.ethereum.instructions [DEBUG]: Evaluating SWAP1 at 144
mythril.laser.ethereum.instructions [DEBUG]: Evaluating SWAP4 at 145
mythril.laser.ethereum.instructions [DEBUG]: Evaluating AND at 146
mythril.laser.ethereum.instructions [DEBUG]: Evaluating DUP2 at 147
mythril.laser.ethereum.instructions [DEBUG]: Evaluating MSTORE at 148
mythril.laser.ethereum.instructions [DEBUG]: Evaluating SWAP2 at 149
mythril.laser.ethereum.instructions [DEBUG]: Evaluating SWAP1 at 150
mythril.laser.ethereum.instructions [DEBUG]: Evaluating SWAP2 at 151
mythril.laser.ethereum.instructions [DEBUG]: Evaluating SHA3 at 152
mythril.laser.ethereum.instructions [DEBUG]: Evaluating DUP1 at 153
mythril.laser.ethereum.instructions [DEBUG]: Evaluating SLOAD at 154
mythril.laser.ethereum.instructions [DEBUG]: Evaluating SWAP1 at 155
mythril.laser.ethereum.instructions [DEBUG]: Evaluating SWAP2 at 156
mythril.analysis.module.base [DEBUG]: Entering analysis module: IntegerArithmetics
mythril.analysis.module.base [DEBUG]: Exiting analysis module: IntegerArithmetics
mythril.laser.ethereum.instructions [DEBUG]: Evaluating ADD at 157
mythril.laser.ethereum.instructions [DEBUG]: Evaluating SWAP1 at 158
mythril.analysis.module.base [DEBUG]: Entering analysis module: ArbitraryStorage
mythril.analysis.module.base [DEBUG]: Exiting analysis module: ArbitraryStorage
mythril.analysis.module.base [DEBUG]: Entering analysis module: IntegerArithmetics
mythril.analysis.module.base [DEBUG]: Exiting analysis module: IntegerArithmetics
mythril.analysis.module.base [DEBUG]: Entering analysis module: StateChangeAfterCall
mythril.analysis.module.base [DEBUG]: Exiting analysis module: StateChangeAfterCall
mythril.laser.ethereum.instructions [DEBUG]: Evaluating SSTORE at 159
mythril.laser.ethereum.instructions [DEBUG]: Evaluating JUMP at 160
mythril.laser.ethereum.instructions [DEBUG]: Evaluating JUMPDEST at 82
mythril.analysis.module.base [DEBUG]: Entering analysis module: IntegerArithmetics
mythril.analysis.module.base [DEBUG]: Exiting analysis module: IntegerArithmetics
mythril.analysis.module.base [DEBUG]: Entering analysis module: UncheckedRetval
mythril.analysis.module.base [DEBUG]: Exiting analysis module: UncheckedRetval
mythril.laser.ethereum.instructions [DEBUG]: Evaluating STOP at 83
mythril.laser.ethereum.svm [DEBUG]: Ending transaction MessageCallTransaction 1 from sender_1 to                                        0x0.
mythril.laser.plugin.plugins.coverage.coverage_plugin [INFO]: Number of new instructions covered in tx 0: 161
mythril.laser.ethereum.svm [INFO]: Starting message call transaction, iteration: 1, 1 initial states
mythril.laser.ethereum.instructions [DEBUG]: Evaluating PUSH1 at 0
mythril.laser.ethereum.instructions [DEBUG]: Evaluating PUSH1 at 1
mythril.laser.ethereum.instructions [DEBUG]: Evaluating MSTORE at 2
mythril.laser.ethereum.instructions [DEBUG]: Evaluating PUSH1 at 3
mythril.laser.ethereum.instructions [DEBUG]: Evaluating CALLDATASIZE at 4
mythril.laser.ethereum.instructions [DEBUG]: Evaluating LT at 5
mythril.laser.ethereum.instructions [DEBUG]: Evaluating PUSH2 at 6
mythril.analysis.module.base [DEBUG]: Entering analysis module: TxOrigin
mythril.analysis.module.base [DEBUG]: Exiting analysis module: TxOrigin
mythril.analysis.module.base [DEBUG]: Entering analysis module: IntegerArithmetics
mythril.analysis.module.base [DEBUG]: Exiting analysis module: IntegerArithmetics
mythril.laser.ethereum.instructions [DEBUG]: Evaluating JUMPI at 7
mythril.laser.ethereum.instructions [DEBUG]: Evaluating PUSH4 at 8
mythril.laser.ethereum.instructions [DEBUG]: Evaluating JUMPDEST at 24
mythril.laser.ethereum.instructions [DEBUG]: Evaluating PUSH29 at 9
mythril.laser.ethereum.instructions [DEBUG]: Evaluating PUSH1 at 25
mythril.laser.ethereum.instructions [DEBUG]: Evaluating PUSH1 at 10
mythril.laser.ethereum.instructions [DEBUG]: Evaluating DUP1 at 26
mythril.laser.ethereum.instructions [DEBUG]: Evaluating CALLDATALOAD at 11
mythril.laser.ethereum.instructions [DEBUG]: Evaluating REVERT at 27
mythril.laser.ethereum.svm [DEBUG]: Ending transaction MessageCallTransaction 2 from sender_2 to                                        0x0.
mythril.laser.ethereum.instructions [DEBUG]: Evaluating DIV at 12
mythril.laser.ethereum.instructions [DEBUG]: Evaluating AND at 13
mythril.laser.ethereum.instructions [DEBUG]: Evaluating PUSH4 at 14
mythril.laser.ethereum.instructions [DEBUG]: Evaluating DUP2 at 15
mythril.laser.ethereum.instructions [DEBUG]: Evaluating EQ at 16
mythril.laser.ethereum.instructions [DEBUG]: Evaluating PUSH2 at 17
mythril.analysis.module.base [DEBUG]: Entering analysis module: TxOrigin
mythril.analysis.module.base [DEBUG]: Exiting analysis module: TxOrigin
mythril.analysis.module.base [DEBUG]: Entering analysis module: IntegerArithmetics
mythril.analysis.module.base [DEBUG]: Exiting analysis module: IntegerArithmetics
mythril.laser.ethereum.instructions [DEBUG]: Evaluating JUMPI at 18
mythril.laser.ethereum.instructions [DEBUG]: Evaluating DUP1 at 19
mythril.laser.ethereum.instructions [DEBUG]: Evaluating JUMPDEST at 28
mythril.laser.ethereum.instructions [DEBUG]: Evaluating PUSH4 at 20
mythril.laser.ethereum.instructions [DEBUG]: Evaluating CALLVALUE at 29
mythril.laser.ethereum.instructions [DEBUG]: Evaluating EQ at 21
mythril.laser.ethereum.instructions [DEBUG]: Evaluating DUP1 at 30
mythril.laser.ethereum.instructions [DEBUG]: Evaluating PUSH2 at 22
mythril.laser.ethereum.instructions [DEBUG]: Evaluating ISZERO at 31
mythril.analysis.module.base [DEBUG]: Entering analysis module: TxOrigin
mythril.analysis.module.base [DEBUG]: Exiting analysis module: TxOrigin
mythril.analysis.module.base [DEBUG]: Entering analysis module: IntegerArithmetics
mythril.analysis.module.base [DEBUG]: Exiting analysis module: IntegerArithmetics
mythril.laser.ethereum.instructions [DEBUG]: Evaluating JUMPI at 23
mythril.laser.plugin.plugins.dependency_pruner [DEBUG]: Skipping state: Storage slots {keccak256_512(Concat(sender_1, 0)), keccak256_512(Concat(0,
                     If(1_calldatasize <= 16,
                        0,
                        1_calldata[16]),
                     If(1_calldatasize <= 17,
                        0,
                        1_calldata[17]),
                     If(1_calldatasize <= 18,
                        0,
                        1_calldata[18]),
                     If(1_calldatasize <= 19,
                        0,
                        1_calldata[19]),
                     If(1_calldatasize <= 20,
                        0,
                        1_calldata[20]),
                     If(1_calldatasize <= 21,
                        0,
                        1_calldata[21]),
                     If(1_calldatasize <= 22,
                        0,
                        1_calldata[22]),
                     If(1_calldatasize <= 23,
                        0,
                        1_calldata[23]),
                     If(1_calldatasize <= 24,
                        0,
                        1_calldata[24]),
                     If(1_calldatasize <= 25,
                        0,
                        1_calldata[25]),
                     If(1_calldatasize <= 26,
                        0,
                        1_calldata[26]),
                     If(1_calldatasize <= 27,
                        0,
                        1_calldata[27]),
                     If(1_calldatasize <= 28,
                        0,
                        1_calldata[28]),
                     If(1_calldatasize <= 29,
                        0,
                        1_calldata[29]),
                     If(1_calldatasize <= 30,
                        0,
                        1_calldata[30]),
                     If(1_calldatasize <= 31,
                        0,
                        1_calldata[31]),
                     If(1_calldatasize <= 32,
                        0,
                        1_calldata[32]),
                     If(1_calldatasize <= 33,
                        0,
                        1_calldata[33]),
                     If(1_calldatasize <= 34,
                        0,
                        1_calldata[34]),
                     If(1_calldatasize <= 35,
                        0,
                        1_calldata[35]),
                     0))} not read in block at address 75, function
mythril.laser.ethereum.svm [DEBUG]: - Entering function MAIN:unknown
mythril.laser.ethereum.instructions [DEBUG]: Evaluating PUSH2 at 32
mythril.laser.ethereum.instructions [DEBUG]: Evaluating JUMPDEST at 62
mythril.analysis.module.base [DEBUG]: Entering analysis module: TxOrigin
mythril.analysis.module.base [DEBUG]: Exiting analysis module: TxOrigin
mythril.analysis.module.base [DEBUG]: Entering analysis module: IntegerArithmetics
mythril.analysis.module.base [DEBUG]: Exiting analysis module: IntegerArithmetics
mythril.laser.ethereum.instructions [DEBUG]: Evaluating JUMPI at 33
mythril.laser.ethereum.instructions [DEBUG]: Evaluating CALLVALUE at 63
mythril.laser.ethereum.instructions [DEBUG]: Evaluating PUSH1 at 34
mythril.laser.ethereum.instructions [DEBUG]: Evaluating JUMPDEST at 37
mythril.laser.ethereum.instructions [DEBUG]: Evaluating DUP1 at 64
mythril.laser.ethereum.instructions [DEBUG]: Evaluating DUP1 at 35
mythril.laser.ethereum.instructions [DEBUG]: Evaluating POP at 38
mythril.laser.ethereum.instructions [DEBUG]: Evaluating ISZERO at 65
mythril.laser.ethereum.instructions [DEBUG]: Evaluating REVERT at 36
mythril.laser.ethereum.svm [DEBUG]: Ending transaction MessageCallTransaction 2 from sender_2 to                                        0x0.
mythril.laser.ethereum.instructions [DEBUG]: Evaluating PUSH2 at 39
mythril.laser.ethereum.instructions [DEBUG]: Evaluating PUSH2 at 66
mythril.laser.ethereum.instructions [DEBUG]: Evaluating PUSH20 at 40
mythril.analysis.module.base [DEBUG]: Entering analysis module: TxOrigin
mythril.analysis.module.base [DEBUG]: Exiting analysis module: TxOrigin
mythril.analysis.module.base [DEBUG]: Entering analysis module: IntegerArithmetics
mythril.analysis.module.base [DEBUG]: Exiting analysis module: IntegerArithmetics
mythril.laser.ethereum.instructions [DEBUG]: Evaluating JUMPI at 67
mythril.laser.ethereum.instructions [DEBUG]: Evaluating PUSH1 at 41
mythril.laser.ethereum.instructions [DEBUG]: Evaluating PUSH1 at 68
mythril.laser.ethereum.instructions [DEBUG]: Evaluating JUMPDEST at 71
mythril.laser.ethereum.instructions [DEBUG]: Evaluating CALLDATALOAD at 42
mythril.laser.ethereum.instructions [DEBUG]: Evaluating DUP1 at 69
mythril.laser.ethereum.instructions [DEBUG]: Evaluating POP at 72
mythril.laser.ethereum.instructions [DEBUG]: Evaluating AND at 43
mythril.laser.ethereum.instructions [DEBUG]: Evaluating REVERT at 70
mythril.laser.ethereum.svm [DEBUG]: Ending transaction MessageCallTransaction 2 from sender_2 to                                        0x0.
mythril.laser.ethereum.instructions [DEBUG]: Evaluating PUSH2 at 73
mythril.laser.ethereum.instructions [DEBUG]: Evaluating PUSH2 at 44
mythril.laser.ethereum.instructions [DEBUG]: Evaluating PUSH20 at 74
mythril.laser.ethereum.instructions [DEBUG]: Evaluating JUMP at 45
mythril.laser.ethereum.instructions [DEBUG]: Evaluating PUSH1 at 75
mythril.laser.ethereum.instructions [DEBUG]: Evaluating JUMPDEST at 84
mythril.laser.ethereum.instructions [DEBUG]: Evaluating CALLDATALOAD at 76
mythril.laser.ethereum.instructions [DEBUG]: Evaluating PUSH1 at 85
mythril.laser.ethereum.instructions [DEBUG]: Evaluating AND at 77
mythril.laser.ethereum.instructions [DEBUG]: Evaluating PUSH1 at 86
mythril.laser.ethereum.instructions [DEBUG]: Evaluating PUSH1 at 78
mythril.laser.ethereum.instructions [DEBUG]: Evaluating DUP2 at 87
mythril.laser.ethereum.instructions [DEBUG]: Evaluating CALLDATALOAD at 79
mythril.laser.ethereum.instructions [DEBUG]: Evaluating SWAP1 at 88
mythril.laser.ethereum.instructions [DEBUG]: Evaluating PUSH2 at 80
mythril.laser.ethereum.instructions [DEBUG]: Evaluating MSTORE at 89
mythril.laser.ethereum.instructions [DEBUG]: Evaluating JUMP at 81
mythril.laser.ethereum.instructions [DEBUG]: Evaluating SWAP1 at 90
mythril.laser.ethereum.instructions [DEBUG]: Evaluating JUMPDEST at 99
mythril.laser.ethereum.instructions [DEBUG]: Evaluating DUP2 at 91
mythril.laser.ethereum.instructions [DEBUG]: Evaluating CALLER at 100
mythril.laser.ethereum.instructions [DEBUG]: Evaluating MSTORE at 92
mythril.laser.ethereum.instructions [DEBUG]: Evaluating PUSH1 at 101
mythril.laser.ethereum.instructions [DEBUG]: Evaluating PUSH1 at 93
mythril.laser.ethereum.instructions [DEBUG]: Evaluating SWAP1 at 102
mythril.laser.ethereum.instructions [DEBUG]: Evaluating SWAP1 at 94
mythril.laser.ethereum.instructions [DEBUG]: Evaluating DUP2 at 103
mythril.laser.ethereum.instructions [DEBUG]: Evaluating SHA3 at 95
mythril.laser.ethereum.instructions [DEBUG]: Evaluating MSTORE at 104
mythril.laser.ethereum.instructions [DEBUG]: Evaluating SLOAD at 96
mythril.laser.ethereum.instructions [DEBUG]: Evaluating PUSH1 at 105
mythril.laser.ethereum.instructions [DEBUG]: Evaluating DUP2 at 97
mythril.laser.ethereum.instructions [DEBUG]: Evaluating DUP2 at 106
mythril.laser.ethereum.instructions [DEBUG]: Evaluating JUMP at 98
mythril.laser.ethereum.instructions [DEBUG]: Evaluating SWAP1 at 107
mythril.laser.ethereum.instructions [DEBUG]: Evaluating JUMPDEST at 46
mythril.laser.ethereum.instructions [DEBUG]: Evaluating MSTORE at 108
mythril.laser.ethereum.instructions [DEBUG]: Evaluating PUSH1 at 47
mythril.laser.ethereum.instructions [DEBUG]: Evaluating PUSH1 at 109
mythril.laser.ethereum.instructions [DEBUG]: Evaluating DUP1 at 48
mythril.laser.ethereum.instructions [DEBUG]: Evaluating SWAP1 at 110
mythril.laser.ethereum.instructions [DEBUG]: Evaluating MLOAD at 49
mythril.laser.ethereum.instructions [DEBUG]: Evaluating SHA3 at 111
mythril.laser.ethereum.instructions [DEBUG]: Evaluating SWAP2 at 50
mythril.laser.ethereum.instructions [DEBUG]: Evaluating SLOAD at 112
mythril.laser.ethereum.instructions [DEBUG]: Evaluating DUP3 at 51
mythril.laser.ethereum.instructions [DEBUG]: Evaluating DUP2 at 113
mythril.laser.ethereum.instructions [DEBUG]: Evaluating MSTORE at 52
mythril.laser.ethereum.instructions [DEBUG]: Evaluating GT at 114
mythril.laser.ethereum.instructions [DEBUG]: Evaluating MLOAD at 53
mythril.laser.ethereum.instructions [DEBUG]: Evaluating ISZERO at 115
mythril.laser.ethereum.instructions [DEBUG]: Evaluating SWAP1 at 54
mythril.laser.ethereum.instructions [DEBUG]: Evaluating PUSH2 at 116
mythril.laser.ethereum.instructions [DEBUG]: Evaluating DUP2 at 55
mythril.analysis.module.base [DEBUG]: Entering analysis module: TxOrigin
mythril.analysis.module.base [DEBUG]: Exiting analysis module: TxOrigin
mythril.analysis.module.base [DEBUG]: Entering analysis module: IntegerArithmetics
mythril.analysis.module.base [DEBUG]: Exiting analysis module: IntegerArithmetics
mythril.laser.ethereum.instructions [DEBUG]: Evaluating JUMPI at 117
mythril.laser.ethereum.instructions [DEBUG]: Evaluating SWAP1 at 56
mythril.laser.ethereum.instructions [DEBUG]: Evaluating PUSH1 at 118
mythril.laser.ethereum.instructions [DEBUG]: Evaluating JUMPDEST at 121
mythril.analysis.module.base [DEBUG]: Entering analysis module: IntegerArithmetics
mythril.analysis.module.base [DEBUG]: Exiting analysis module: IntegerArithmetics
mythril.laser.ethereum.instructions [DEBUG]: Evaluating SUB at 57
mythril.laser.ethereum.instructions [DEBUG]: Evaluating DUP1 at 119
mythril.laser.ethereum.instructions [DEBUG]: Evaluating CALLER at 122
mythril.laser.ethereum.instructions [DEBUG]: Evaluating PUSH1 at 58
mythril.laser.ethereum.instructions [DEBUG]: Evaluating REVERT at 120
mythril.laser.ethereum.svm [DEBUG]: Ending transaction MessageCallTransaction 2 from sender_2 to                                        0x0.
mythril.laser.ethereum.instructions [DEBUG]: Evaluating PUSH1 at 123
mythril.analysis.module.base [DEBUG]: Entering analysis module: IntegerArithmetics
mythril.analysis.module.base [DEBUG]: Exiting analysis module: IntegerArithmetics
mythril.laser.ethereum.instructions [DEBUG]: Evaluating ADD at 59
mythril.laser.ethereum.instructions [DEBUG]: Evaluating SWAP1 at 124
mythril.laser.ethereum.instructions [DEBUG]: Evaluating SWAP1 at 60
mythril.laser.ethereum.instructions [DEBUG]: Evaluating DUP2 at 125
mythril.analysis.module.base [DEBUG]: Entering analysis module: IntegerArithmetics
mythril.analysis.module.base [DEBUG]: Exiting analysis module: IntegerArithmetics
mythril.analysis.module.base [DEBUG]: Entering analysis module: UncheckedRetval
mythril.analysis.module.base [DEBUG]: Exiting analysis module: UncheckedRetval
mythril.laser.ethereum.instructions [DEBUG]: Evaluating RETURN at 61
mythril.laser.ethereum.svm [DEBUG]: Ending transaction MessageCallTransaction 2 from sender_2 to                                        0x0.
mythril.laser.ethereum.instructions [DEBUG]: Evaluating MSTORE at 126
mythril.laser.ethereum.instructions [DEBUG]: Evaluating PUSH1 at 127
mythril.laser.ethereum.instructions [DEBUG]: Evaluating DUP2 at 128
mythril.laser.ethereum.instructions [DEBUG]: Evaluating SWAP1 at 129
mythril.laser.ethereum.instructions [DEBUG]: Evaluating MSTORE at 130
mythril.laser.ethereum.instructions [DEBUG]: Evaluating PUSH1 at 131
mythril.laser.ethereum.instructions [DEBUG]: Evaluating DUP1 at 132
mythril.laser.ethereum.instructions [DEBUG]: Evaluating DUP3 at 133
mythril.laser.ethereum.instructions [DEBUG]: Evaluating SHA3 at 134
mythril.laser.ethereum.instructions [DEBUG]: Evaluating DUP1 at 135
mythril.laser.ethereum.instructions [DEBUG]: Evaluating SLOAD at 136
mythril.laser.ethereum.instructions [DEBUG]: Evaluating DUP5 at 137
mythril.laser.ethereum.instructions [DEBUG]: Evaluating SWAP1 at 138
mythril.analysis.module.base [DEBUG]: Entering analysis module: IntegerArithmetics
mythril.analysis.module.base [DEBUG]: Exiting analysis module: IntegerArithmetics
mythril.laser.ethereum.instructions [DEBUG]: Evaluating SUB at 139
mythril.laser.ethereum.instructions [DEBUG]: Evaluating SWAP1 at 140
mythril.analysis.module.base [DEBUG]: Entering analysis module: ArbitraryStorage
mythril.analysis.module.base [DEBUG]: Exiting analysis module: ArbitraryStorage
mythril.analysis.module.base [DEBUG]: Entering analysis module: IntegerArithmetics
mythril.analysis.module.base [DEBUG]: Exiting analysis module: IntegerArithmetics
mythril.analysis.module.base [DEBUG]: Entering analysis module: StateChangeAfterCall
mythril.analysis.module.base [DEBUG]: Exiting analysis module: StateChangeAfterCall
mythril.laser.ethereum.instructions [DEBUG]: Evaluating SSTORE at 141
mythril.laser.ethereum.instructions [DEBUG]: Evaluating PUSH20 at 142
mythril.laser.ethereum.instructions [DEBUG]: Evaluating SWAP4 at 143
mythril.laser.ethereum.instructions [DEBUG]: Evaluating SWAP1 at 144
mythril.laser.ethereum.instructions [DEBUG]: Evaluating SWAP4 at 145
mythril.laser.ethereum.instructions [DEBUG]: Evaluating AND at 146
mythril.laser.ethereum.instructions [DEBUG]: Evaluating DUP2 at 147
mythril.laser.ethereum.instructions [DEBUG]: Evaluating MSTORE at 148
mythril.laser.ethereum.instructions [DEBUG]: Evaluating SWAP2 at 149
mythril.laser.ethereum.instructions [DEBUG]: Evaluating SWAP1 at 150
mythril.laser.ethereum.instructions [DEBUG]: Evaluating SWAP2 at 151
mythril.laser.ethereum.instructions [DEBUG]: Evaluating SHA3 at 152
mythril.laser.ethereum.instructions [DEBUG]: Evaluating DUP1 at 153
mythril.laser.ethereum.instructions [DEBUG]: Evaluating SLOAD at 154
mythril.laser.ethereum.instructions [DEBUG]: Evaluating SWAP1 at 155
mythril.laser.ethereum.instructions [DEBUG]: Evaluating SWAP2 at 156
mythril.analysis.module.base [DEBUG]: Entering analysis module: IntegerArithmetics
mythril.analysis.module.base [DEBUG]: Exiting analysis module: IntegerArithmetics
mythril.laser.ethereum.instructions [DEBUG]: Evaluating ADD at 157
mythril.laser.ethereum.instructions [DEBUG]: Evaluating SWAP1 at 158
mythril.analysis.module.base [DEBUG]: Entering analysis module: ArbitraryStorage
mythril.analysis.module.base [DEBUG]: Exiting analysis module: ArbitraryStorage
mythril.analysis.module.base [DEBUG]: Entering analysis module: IntegerArithmetics
mythril.analysis.module.base [DEBUG]: Exiting analysis module: IntegerArithmetics
mythril.analysis.module.base [DEBUG]: Entering analysis module: StateChangeAfterCall
mythril.analysis.module.base [DEBUG]: Exiting analysis module: StateChangeAfterCall
mythril.laser.ethereum.instructions [DEBUG]: Evaluating SSTORE at 159
mythril.laser.ethereum.instructions [DEBUG]: Evaluating JUMP at 160
mythril.laser.ethereum.instructions [DEBUG]: Evaluating JUMPDEST at 82
mythril.analysis.module.base [DEBUG]: Entering analysis module: IntegerArithmetics
mythril.analysis.module.base [DEBUG]: Exiting analysis module: IntegerArithmetics
mythril.analysis.module.base [DEBUG]: Entering analysis module: UncheckedRetval
mythril.analysis.module.base [DEBUG]: Exiting analysis module: UncheckedRetval
mythril.laser.ethereum.instructions [DEBUG]: Evaluating STOP at 83
mythril.laser.ethereum.svm [DEBUG]: Ending transaction MessageCallTransaction 2 from sender_2 to                                        0x0.
mythril.laser.plugin.plugins.coverage.coverage_plugin [INFO]: Number of new instructions covered in tx 1: 0
mythril.laser.ethereum.svm [INFO]: Finished symbolic execution
mythril.laser.plugin.plugins.coverage.coverage_plugin [INFO]: Achieved 99.38% coverage for code: 60806040526004361061004b5763ffffffff7c010000000000000000000000000000000000000000000000000000000060003504166370a082318114610050578063a9059cbb14610090575b600080fd5b34801561005c57600080fd5b5061007e73ffffffffffffffffffffffffffffffffffffffff600435166100c3565b60408051918252519081900360200190f35b34801561009c57600080fd5b506100c173ffffffffffffffffffffffffffffffffffffffff600435166024356100d5565b005b60006020819052908152604090205481565b336000908152602081905260409020548111156100f157600080fd5b336000908152602081905260408082208054849003905573ffffffffffffffffffffffffffffffffffffffff93909316815291909120805490910190555600a165627a7a7230582037191b41296a9885924ee3a93338b0b23ee60d764aa86f4c677d69e6e54880610029
mythril.laser.plugin.plugins.instruction_profiler [INFO]: Total: 0.8714578151702881 s
[ADD         ]   0.3042 %,  nr      4,  total   0.0027 s,  avg   0.0007 s,  min   0.0006 s,  max   0.0007 s
[AND         ]   0.4882 %,  nr      8,  total   0.0043 s,  avg   0.0005 s,  min   0.0005 s,  max   0.0006 s
[CALLDATALOAD]  11.8352 %,  nr      8,  total   0.1031 s,  avg   0.0129 s,  min   0.0120 s,  max   0.0156 s
[CALLDATASIZE]   0.1109 %,  nr      2,  total   0.0010 s,  avg   0.0005 s,  min   0.0005 s,  max   0.0005 s
[CALLER      ]   0.2279 %,  nr      4,  total   0.0020 s,  avg   0.0005 s,  min   0.0005 s,  max   0.0005 s
[CALLVALUE   ]   0.2922 %,  nr      4,  total   0.0025 s,  avg   0.0006 s,  min   0.0006 s,  max   0.0008 s
[DIV         ]   0.1943 %,  nr      2,  total   0.0017 s,  avg   0.0008 s,  min   0.0008 s,  max   0.0009 s
[DUP1        ]   1.5435 %,  nr     23,  total   0.0135 s,  avg   0.0006 s,  min   0.0005 s,  max   0.0008 s
[DUP2        ]   1.2459 %,  nr     22,  total   0.0109 s,  avg   0.0005 s,  min   0.0005 s,  max   0.0006 s
[DUP3        ]   0.2215 %,  nr      4,  total   0.0019 s,  avg   0.0005 s,  min   0.0004 s,  max   0.0005 s
[DUP5        ]   0.1213 %,  nr      2,  total   0.0011 s,  avg   0.0005 s,  min   0.0005 s,  max   0.0005 s
[EQ          ]   0.2664 %,  nr      4,  total   0.0023 s,  avg   0.0006 s,  min   0.0005 s,  max   0.0006 s
[GT          ]   0.1701 %,  nr      2,  total   0.0015 s,  avg   0.0007 s,  min   0.0007 s,  max   0.0008 s
[ISZERO      ]   0.5233 %,  nr      6,  total   0.0046 s,  avg   0.0008 s,  min   0.0006 s,  max   0.0009 s
[JUMP        ]   0.9476 %,  nr      8,  total   0.0083 s,  avg   0.0010 s,  min   0.0010 s,  max   0.0012 s
[JUMPDEST    ]   1.2469 %,  nr     21,  total   0.0109 s,  avg   0.0005 s,  min   0.0004 s,  max   0.0006 s
[JUMPI       ]   2.5743 %,  nr     12,  total   0.0224 s,  avg   0.0019 s,  min   0.0015 s,  max   0.0025 s
[LT          ]   0.1254 %,  nr      2,  total   0.0011 s,  avg   0.0005 s,  min   0.0005 s,  max   0.0006 s
[MLOAD       ]   6.6934 %,  nr      4,  total   0.0583 s,  avg   0.0146 s,  min   0.0142 s,  max   0.0152 s
[MSTORE      ]  31.6815 %,  nr     18,  total   0.2761 s,  avg   0.0153 s,  min   0.0095 s,  max   0.0226 s
[POP         ]   0.3752 %,  nr      4,  total   0.0033 s,  avg   0.0008 s,  min   0.0005 s,  max   0.0018 s
[PUSH1       ]   3.1851 %,  nr     45,  total   0.0278 s,  avg   0.0006 s,  min   0.0005 s,  max   0.0021 s
[PUSH2       ]   1.2604 %,  nr     20,  total   0.0110 s,  avg   0.0005 s,  min   0.0005 s,  max   0.0008 s
[PUSH20      ]   0.3513 %,  nr      6,  total   0.0031 s,  avg   0.0005 s,  min   0.0005 s,  max   0.0005 s
[PUSH29      ]   0.1254 %,  nr      2,  total   0.0011 s,  avg   0.0005 s,  min   0.0005 s,  max   0.0006 s
[PUSH4       ]   0.4387 %,  nr      6,  total   0.0038 s,  avg   0.0006 s,  min   0.0005 s,  max   0.0008 s
[SHA3        ]  29.3522 %,  nr      8,  total   0.2558 s,  avg   0.0320 s,  min   0.0298 s,  max   0.0363 s
[SLOAD       ]   0.6744 %,  nr      8,  total   0.0059 s,  avg   0.0007 s,  min   0.0006 s,  max   0.0008 s
[SSTORE      ]   0.3118 %,  nr      4,  total   0.0027 s,  avg   0.0007 s,  min   0.0006 s,  max   0.0008 s
[SUB         ]   0.2843 %,  nr      4,  total   0.0025 s,  avg   0.0006 s,  min   0.0006 s,  max   0.0007 s
[SWAP1       ]   2.0328 %,  nr     34,  total   0.0177 s,  avg   0.0005 s,  min   0.0005 s,  max   0.0008 s
[SWAP2       ]   0.5518 %,  nr      8,  total   0.0048 s,  avg   0.0006 s,  min   0.0005 s,  max   0.0008 s
[SWAP4       ]   0.2425 %,  nr      4,  total   0.0021 s,  avg   0.0005 s,  min   0.0005 s,  max   0.0006 s

mythril.analysis.security [INFO]: Starting analysis
mythril.analysis.security [DEBUG]: Retrieving results for Caller can write to arbitrary storage locations
mythril.analysis.security [DEBUG]: Retrieving results for Delegatecall to a user-specified address
mythril.analysis.security [DEBUG]: Retrieving results for Control flow depends on tx.origin
mythril.analysis.security [DEBUG]: Retrieving results for Any sender can withdraw ETH from the contract account
mythril.analysis.security [DEBUG]: Retrieving results for Integer overflow or underflow
mythril.analysis.security [DEBUG]: Retrieving results for State change after an external call
mythril.analysis.security [DEBUG]: Retrieving results for Contract can be accidentally killed by anyone
mythril.analysis.security [DEBUG]: Retrieving results for Return value of an external call is not checked
mythril.mythril.mythril_analyzer [INFO]: Solver statistics: 
Query count: 46 
Solver time: 2.8879923820495605
{"error": null, "issues": [], "success": true}
