 ______     __         __  __     ______     __     __  __     __    __    
/\  ___\   /\ \       /\ \_\ \   /\  ___\   /\ \   /\ \/\ \   /\ "-./  \   
\ \  __\   \ \ \____  \ \____ \  \ \___  \  \ \ \  \ \ \_\ \  \ \ \-./\ \  
 \ \_____\  \ \_____\  \/\_____\  \/\_____\  \ \_\  \ \_____\  \ \_\ \ \_\ 
  \/_____/   \/_____/   \/_____/   \/_____/   \/_/   \/_____/   \/_/  \/_/ 
                                                                           
Compiling source code...
Retrieving bytecode for contract 'BlackJack'.
Please wait. Scanning bytecode for bugs...
Running Osiris...
Finished running Osiris. Execution time 785.336991071701 seconds. Code coverage 47.0%.
Running Oyente...
Finished running Oyente. Execution time 3.6912972927093506 seconds. Code coverage 0.0%.
Running Mythril...
Finished running Mythril. Execution time 18.90730905532837 seconds. Code coverage 25.09%.
Detected 3 bug(s):
--> Detected 'overflow' (MUL) bug at program counter address 1096 (0x448) using Osiris with a code coverage of 47.0%.
--> Detected 'overflow' (MUL) bug at program counter address 1130 (0x46a) using Osiris with a code coverage of 47.0%.
--> Detected 'overflow' (MUL) bug at program counter address 3393 (0xd41) using Osiris with a code coverage of 47.0%.
Exporting original control-flow graph...
Recovering control-flow graph...
Recovered 92% of the control-flow graph
Number of execution paths accessing storage: 98
Deployment bytecode size: 69 bytes (original: 69 bytes) 0.0% increase.
Runtime bytecode size: 6808 bytes (original: 6740 bytes) 1.0089020771513353% increase.
Metadata: 0xa165627a7a7230582021d7cae714979b2dfca043dabe48bd6d68c5194abcb9dcdfc374e94c2b3d3c740029
Exporting patched control-flow graph...
