smartbugs/dataset/unchecked_low_level_calls/0xb0510d68f210b7db66e8c7c814f22680f2b8d1d6.sol:48:38: Warning: This declaration shadows an existing declaration.
	function newPuppet() public returns(address newPuppet){
	                                    ^---------------^
smartbugs/dataset/unchecked_low_level_calls/0xb0510d68f210b7db66e8c7c814f22680f2b8d1d6.sol:48:2: The shadowed declaration is here:
	function newPuppet() public returns(address newPuppet){
 ^ (Relevant source part starts here and spans across multiple lines).

smartbugs/dataset/unchecked_low_level_calls/0xb0510d68f210b7db66e8c7c814f22680f2b8d1d6.sol:69:9: Warning: Return value of low-level calls not used.
        extra[0].call.value(_share).gas(800000)();
        ^---------------------------------------^
smartbugs/dataset/unchecked_low_level_calls/0xb0510d68f210b7db66e8c7c814f22680f2b8d1d6.sol:71:9: Warning: Return value of low-level calls not used.
        extra[1].call.value(_share).gas(800000)();
        ^---------------------------------------^
smartbugs/dataset/unchecked_low_level_calls/0xb0510d68f210b7db66e8c7c814f22680f2b8d1d6.sol:73:9: Warning: Return value of low-level calls not used.
        extra[2].call.value(_share).gas(800000)();
        ^---------------------------------------^
smartbugs/dataset/unchecked_low_level_calls/0xb0510d68f210b7db66e8c7c814f22680f2b8d1d6.sol:75:9: Warning: Return value of low-level calls not used.
        extra[3].call.value(_share).gas(800000)();
        ^---------------------------------------^
smartbugs/dataset/unchecked_low_level_calls/0xb0510d68f210b7db66e8c7c814f22680f2b8d1d6.sol:102:4: Warning: Return value of low-level calls not used.
			target[0].call.value(msg.value).gas(600000)();
			^-------------------------------------------^
