Getting Slither report...
Switched global version to 0.4.26



'solc --version' running
'solc ../smartbugs-curated/dataset/unchecked_low_level_calls/0x7d09edb07d23acb532a82be3da5c17d9d85806b4.sol --combined-json abi,ast,bin,bin-runtime,srcmap,srcmap-runtime,userdoc,devdoc,hashes,compact-format --allow-paths .,/home/mokita/sc_study/temp/smartbugs-curated/dataset/unchecked_low_level_calls' running
Compilation warnings/errors on ../smartbugs-curated/dataset/unchecked_low_level_calls/0x7d09edb07d23acb532a82be3da5c17d9d85806b4.sol:
../smartbugs-curated/dataset/unchecked_low_level_calls/0x7d09edb07d23acb532a82be3da5c17d9d85806b4.sol:8:1: Warning: Source file does not specify required compiler version!Consider adding "pragma solidity ^0.4.26;"
contract PoCGame
^ (Relevant source part starts here and spans across multiple lines).
../smartbugs-curated/dataset/unchecked_low_level_calls/0x7d09edb07d23acb532a82be3da5c17d9d85806b4.sol:197:9: Warning: Return value of low-level calls not used.
        whale.call.value(amount)(bytes4(keccak256("donate()")));
        ^-----------------------------------------------------^
../smartbugs-curated/dataset/unchecked_low_level_calls/0x7d09edb07d23acb532a82be3da5c17d9d85806b4.sol:209:9: Warning: Return value of low-level calls not used.
        whale.call.value(amount)(bytes4(keccak256("donate()")));
        ^-----------------------------------------------------^


PoCGame.payout(address) (../smartbugs-curated/dataset/unchecked_low_level_calls/0x7d09edb07d23acb532a82be3da5c17d9d85806b4.sol#181-188) sends eth to arbitrary user
	Dangerous calls:
	- winner.transfer(ethToTransfer) (../smartbugs-curated/dataset/unchecked_low_level_calls/0x7d09edb07d23acb532a82be3da5c17d9d85806b4.sol#186)
PoCGame.loseWager(uint256) (../smartbugs-curated/dataset/unchecked_low_level_calls/0x7d09edb07d23acb532a82be3da5c17d9d85806b4.sol#205-212) sends eth to arbitrary user
	Dangerous calls:
	- whale.call.value(amount)(bytes4(keccak256()(donate()))) (../smartbugs-curated/dataset/unchecked_low_level_calls/0x7d09edb07d23acb532a82be3da5c17d9d85806b4.sol#209)
Reference: https://github.com/crytic/slither/wiki/Detector-Documentation#functions-that-send-ether-to-arbitrary-destinations

PoCGame.play() (../smartbugs-curated/dataset/unchecked_low_level_calls/0x7d09edb07d23acb532a82be3da5c17d9d85806b4.sol#137-165) uses a weak PRNG: "winningNumber = uint256(keccak256()(abi.encodePacked(blockhash(uint256)(blockNumber),msg.sender))) % difficulty + 1 (../smartbugs-curated/dataset/unchecked_low_level_calls/0x7d09edb07d23acb532a82be3da5c17d9d85806b4.sol#149)" 
Reference: https://github.com/crytic/slither/wiki/Detector-Documentation#weak-PRNG

PoCGame.donateToWhale(uint256) (../smartbugs-curated/dataset/unchecked_low_level_calls/0x7d09edb07d23acb532a82be3da5c17d9d85806b4.sol#193-200) ignores return value by whale.call.value(amount)(bytes4(keccak256()(donate()))) (../smartbugs-curated/dataset/unchecked_low_level_calls/0x7d09edb07d23acb532a82be3da5c17d9d85806b4.sol#197)
PoCGame.loseWager(uint256) (../smartbugs-curated/dataset/unchecked_low_level_calls/0x7d09edb07d23acb532a82be3da5c17d9d85806b4.sol#205-212) ignores return value by whale.call.value(amount)(bytes4(keccak256()(donate()))) (../smartbugs-curated/dataset/unchecked_low_level_calls/0x7d09edb07d23acb532a82be3da5c17d9d85806b4.sol#209)
Reference: https://github.com/crytic/slither/wiki/Detector-Documentation#unchecked-low-level-calls

PoCGame.constructor(address,uint256).whaleAddress (../smartbugs-curated/dataset/unchecked_low_level_calls/0x7d09edb07d23acb532a82be3da5c17d9d85806b4.sol#66) lacks a zero-check on :
		- whale = whaleAddress (../smartbugs-curated/dataset/unchecked_low_level_calls/0x7d09edb07d23acb532a82be3da5c17d9d85806b4.sol#72)
Reference: https://github.com/crytic/slither/wiki/Detector-Documentation#missing-zero-address-validation

Reentrancy in PoCGame.donateToWhale(uint256) (../smartbugs-curated/dataset/unchecked_low_level_calls/0x7d09edb07d23acb532a82be3da5c17d9d85806b4.sol#193-200):
	External calls:
	- whale.call.value(amount)(bytes4(keccak256()(donate()))) (../smartbugs-curated/dataset/unchecked_low_level_calls/0x7d09edb07d23acb532a82be3da5c17d9d85806b4.sol#197)
	State variables written after the call(s):
	- totalDonated += amount (../smartbugs-curated/dataset/unchecked_low_level_calls/0x7d09edb07d23acb532a82be3da5c17d9d85806b4.sol#198)
Reentrancy in PoCGame.loseWager(uint256) (../smartbugs-curated/dataset/unchecked_low_level_calls/0x7d09edb07d23acb532a82be3da5c17d9d85806b4.sol#205-212):
	External calls:
	- whale.call.value(amount)(bytes4(keccak256()(donate()))) (../smartbugs-curated/dataset/unchecked_low_level_calls/0x7d09edb07d23acb532a82be3da5c17d9d85806b4.sol#209)
	State variables written after the call(s):
	- totalDonated += amount (../smartbugs-curated/dataset/unchecked_low_level_calls/0x7d09edb07d23acb532a82be3da5c17d9d85806b4.sol#210)
Reference: https://github.com/crytic/slither/wiki/Detector-Documentation#reentrancy-vulnerabilities-2

Reentrancy in PoCGame.donateToWhale(uint256) (../smartbugs-curated/dataset/unchecked_low_level_calls/0x7d09edb07d23acb532a82be3da5c17d9d85806b4.sol#193-200):
	External calls:
	- whale.call.value(amount)(bytes4(keccak256()(donate()))) (../smartbugs-curated/dataset/unchecked_low_level_calls/0x7d09edb07d23acb532a82be3da5c17d9d85806b4.sol#197)
	Event emitted after the call(s):
	- Donate(amount,whale,msg.sender) (../smartbugs-curated/dataset/unchecked_low_level_calls/0x7d09edb07d23acb532a82be3da5c17d9d85806b4.sol#199)
Reentrancy in PoCGame.loseWager(uint256) (../smartbugs-curated/dataset/unchecked_low_level_calls/0x7d09edb07d23acb532a82be3da5c17d9d85806b4.sol#205-212):
	External calls:
	- whale.call.value(amount)(bytes4(keccak256()(donate()))) (../smartbugs-curated/dataset/unchecked_low_level_calls/0x7d09edb07d23acb532a82be3da5c17d9d85806b4.sol#209)
	Event emitted after the call(s):
	- Lose(amount,msg.sender) (../smartbugs-curated/dataset/unchecked_low_level_calls/0x7d09edb07d23acb532a82be3da5c17d9d85806b4.sol#211)
Reference: https://github.com/crytic/slither/wiki/Detector-Documentation#reentrancy-vulnerabilities-3

solc-0.4.26 is an outdated solc version. Use a more recent version (at least 0.8.0), if possible.
Reference: https://github.com/crytic/slither/wiki/Detector-Documentation#incorrect-versions-of-solidity

Low level call in PoCGame.donateToWhale(uint256) (../smartbugs-curated/dataset/unchecked_low_level_calls/0x7d09edb07d23acb532a82be3da5c17d9d85806b4.sol#193-200):
	- whale.call.value(amount)(bytes4(keccak256()(donate()))) (../smartbugs-curated/dataset/unchecked_low_level_calls/0x7d09edb07d23acb532a82be3da5c17d9d85806b4.sol#197)
Low level call in PoCGame.loseWager(uint256) (../smartbugs-curated/dataset/unchecked_low_level_calls/0x7d09edb07d23acb532a82be3da5c17d9d85806b4.sol#205-212):
	- whale.call.value(amount)(bytes4(keccak256()(donate()))) (../smartbugs-curated/dataset/unchecked_low_level_calls/0x7d09edb07d23acb532a82be3da5c17d9d85806b4.sol#209)
Reference: https://github.com/crytic/slither/wiki/Detector-Documentation#low-level-calls

Function PoCGame.OpenToThePublic() (../smartbugs-curated/dataset/unchecked_low_level_calls/0x7d09edb07d23acb532a82be3da5c17d9d85806b4.sol#82-87) is not in mixedCase
Function PoCGame.AdjustBetAmounts(uint256) (../smartbugs-curated/dataset/unchecked_low_level_calls/0x7d09edb07d23acb532a82be3da5c17d9d85806b4.sol#92-99) is not in mixedCase
Function PoCGame.AdjustDifficulty(uint256) (../smartbugs-curated/dataset/unchecked_low_level_calls/0x7d09edb07d23acb532a82be3da5c17d9d85806b4.sol#104-111) is not in mixedCase
Reference: https://github.com/crytic/slither/wiki/Detector-Documentation#conformance-to-solidity-naming-conventions

Reentrancy in PoCGame.payout(address) (../smartbugs-curated/dataset/unchecked_low_level_calls/0x7d09edb07d23acb532a82be3da5c17d9d85806b4.sol#181-188):
	External calls:
	- winner.transfer(ethToTransfer) (../smartbugs-curated/dataset/unchecked_low_level_calls/0x7d09edb07d23acb532a82be3da5c17d9d85806b4.sol#186)
	Event emitted after the call(s):
	- Win(ethToTransfer,winner) (../smartbugs-curated/dataset/unchecked_low_level_calls/0x7d09edb07d23acb532a82be3da5c17d9d85806b4.sol#187)
Reference: https://github.com/crytic/slither/wiki/Detector-Documentation#reentrancy-vulnerabilities-4

PoCGame.randomSeed (../smartbugs-curated/dataset/unchecked_low_level_calls/0x7d09edb07d23acb532a82be3da5c17d9d85806b4.sol#56) is never used in PoCGame (../smartbugs-curated/dataset/unchecked_low_level_calls/0x7d09edb07d23acb532a82be3da5c17d9d85806b4.sol#8-287)
Reference: https://github.com/crytic/slither/wiki/Detector-Documentation#unused-state-variable

PoCGame.randomSeed (../smartbugs-curated/dataset/unchecked_low_level_calls/0x7d09edb07d23acb532a82be3da5c17d9d85806b4.sol#56) should be constant 
Reference: https://github.com/crytic/slither/wiki/Detector-Documentation#state-variables-that-could-be-declared-constant
../smartbugs-curated/dataset/unchecked_low_level_calls/0x7d09edb07d23acb532a82be3da5c17d9d85806b4.sol analyzed (2 contracts with 95 detectors), 19 result(s) found

Error running slither
0x7d09edb07d23acb532a82be3da5c17d9d85806b4.sol
Getting Solidity AST...
Running TIPS...
0x7d09edb07d23acb532a82be3da5c17d9d85806b4.sol
0.020418405532836914


