Compilation warnings/errors on smartbugs/dataset/unchecked_low_level_calls/0x84d9ec85c9c568eb332b7226a8f826d897e0a4a8.sol:
smartbugs/dataset/unchecked_low_level_calls/0x84d9ec85c9c568eb332b7226a8f826d897e0a4a8.sol:29:5: Warning: Defining constructors as functions with the same name as the contract is deprecated. Use "constructor(...) { ... }" instead.
    function Owned() {
    ^ (Relevant source part starts here and spans across multiple lines).
smartbugs/dataset/unchecked_low_level_calls/0x84d9ec85c9c568eb332b7226a8f826d897e0a4a8.sol:87:25: Warning: This declaration shadows an existing declaration.
    function writeIndex(uint indexdate, string wedaddress, string partnernames, uint weddingdate, uint displaymultisig) {
                        ^------------^
smartbugs/dataset/unchecked_low_level_calls/0x84d9ec85c9c568eb332b7226a8f826d897e0a4a8.sol:67:5: The shadowed declaration is here:
    uint public indexdate;
    ^-------------------^

smartbugs/dataset/unchecked_low_level_calls/0x84d9ec85c9c568eb332b7226a8f826d897e0a4a8.sol:87:41: Warning: This declaration shadows an existing declaration.
    function writeIndex(uint indexdate, string wedaddress, string partnernames, uint weddingdate, uint displaymultisig) {
                                        ^---------------^
smartbugs/dataset/unchecked_low_level_calls/0x84d9ec85c9c568eb332b7226a8f826d897e0a4a8.sol:65:5: The shadowed declaration is here:
    string public wedaddress;
    ^----------------------^

smartbugs/dataset/unchecked_low_level_calls/0x84d9ec85c9c568eb332b7226a8f826d897e0a4a8.sol:87:60: Warning: This declaration shadows an existing declaration.
    function writeIndex(uint indexdate, string wedaddress, string partnernames, uint weddingdate, uint displaymultisig) {
                                                           ^-----------------^
smartbugs/dataset/unchecked_low_level_calls/0x84d9ec85c9c568eb332b7226a8f826d897e0a4a8.sol:66:5: The shadowed declaration is here:
    string public partnernames;
    ^------------------------^

smartbugs/dataset/unchecked_low_level_calls/0x84d9ec85c9c568eb332b7226a8f826d897e0a4a8.sol:87:81: Warning: This declaration shadows an existing declaration.
    function writeIndex(uint indexdate, string wedaddress, string partnernames, uint weddingdate, uint displaymultisig) {
                                                                                ^--------------^
smartbugs/dataset/unchecked_low_level_calls/0x84d9ec85c9c568eb332b7226a8f826d897e0a4a8.sol:68:5: The shadowed declaration is here:
    uint public weddingdate;
    ^---------------------^

smartbugs/dataset/unchecked_low_level_calls/0x84d9ec85c9c568eb332b7226a8f826d897e0a4a8.sol:87:99: Warning: This declaration shadows an existing declaration.
    function writeIndex(uint indexdate, string wedaddress, string partnernames, uint weddingdate, uint displaymultisig) {
                                                                                                  ^------------------^
smartbugs/dataset/unchecked_low_level_calls/0x84d9ec85c9c568eb332b7226a8f826d897e0a4a8.sol:69:5: The shadowed declaration is here:
    uint public displaymultisig;
    ^-------------------------^

smartbugs/dataset/unchecked_low_level_calls/0x84d9ec85c9c568eb332b7226a8f826d897e0a4a8.sol:56:9: Warning: Return value of low-level calls not used.
        _dst.call.value(_value)(_data);
        ^----------------------------^
smartbugs/dataset/unchecked_low_level_calls/0x84d9ec85c9c568eb332b7226a8f826d897e0a4a8.sol:89:9: Warning: Invoking events without "emit" prefix is deprecated.
        IndexWritten(now, wedaddress, partnernames, weddingdate, displaymultisig);
        ^-----------------------------------------------------------------------^
smartbugs/dataset/unchecked_low_level_calls/0x84d9ec85c9c568eb332b7226a8f826d897e0a4a8.sol:29:5: Warning: No visibility specified. Defaulting to "public". 
    function Owned() {
    ^ (Relevant source part starts here and spans across multiple lines).
smartbugs/dataset/unchecked_low_level_calls/0x84d9ec85c9c568eb332b7226a8f826d897e0a4a8.sol:38:5: Warning: No visibility specified. Defaulting to "public". 
    function changeOwner(address _newOwner) onlyOwner {
    ^ (Relevant source part starts here and spans across multiple lines).
smartbugs/dataset/unchecked_low_level_calls/0x84d9ec85c9c568eb332b7226a8f826d897e0a4a8.sol:45:5: Warning: No visibility specified. Defaulting to "public". 
    function acceptOwnership() {
    ^ (Relevant source part starts here and spans across multiple lines).
smartbugs/dataset/unchecked_low_level_calls/0x84d9ec85c9c568eb332b7226a8f826d897e0a4a8.sol:54:5: Warning: No visibility specified. Defaulting to "public". 
    function execute(address _dst, uint _value, bytes _data) onlyOwner {
    ^ (Relevant source part starts here and spans across multiple lines).
smartbugs/dataset/unchecked_low_level_calls/0x84d9ec85c9c568eb332b7226a8f826d897e0a4a8.sol:87:5: Warning: No visibility specified. Defaulting to "public". 
    function writeIndex(uint indexdate, string wedaddress, string partnernames, uint weddingdate, uint displaymultisig) {
    ^ (Relevant source part starts here and spans across multiple lines).
smartbugs/dataset/unchecked_low_level_calls/0x84d9ec85c9c568eb332b7226a8f826d897e0a4a8.sol:87:25: Warning: Unused function parameter. Remove or comment out the variable name to silence this warning.
    function writeIndex(uint indexdate, string wedaddress, string partnernames, uint weddingdate, uint displaymultisig) {
                        ^------------^

smartbugs/dataset/unchecked_low_level_calls/0x84d9ec85c9c568eb332b7226a8f826d897e0a4a8.sol analyzed (2 contracts)
