Getting Slither report...
Switched global version to 0.4.26



'solc --version' running
'solc ../smartbugs-curated/dataset/unchecked_low_level_calls/0xa46edd6a9a93feec36576ee5048146870ea2c3ae.sol --combined-json abi,ast,bin,bin-runtime,srcmap,srcmap-runtime,userdoc,devdoc,hashes,compact-format --allow-paths .,/home/mokita/sc_study/temp/smartbugs-curated/dataset/unchecked_low_level_calls' running
Compilation warnings/errors on ../smartbugs-curated/dataset/unchecked_low_level_calls/0xa46edd6a9a93feec36576ee5048146870ea2c3ae.sol:
../smartbugs-curated/dataset/unchecked_low_level_calls/0xa46edd6a9a93feec36576ee5048146870ea2c3ae.sol:8:1: Warning: Source file does not specify required compiler version!Consider adding "pragma solidity ^0.4.26;"
contract EBU{
^ (Relevant source part starts here and spans across multiple lines).
../smartbugs-curated/dataset/unchecked_low_level_calls/0xa46edd6a9a93feec36576ee5048146870ea2c3ae.sol:15:13: Warning: Return value of low-level calls not used.
            caddress.call(id,from,_tos[i],v[i]);
            ^---------------------------------^


EBU.transfer(address,address,address[],uint256[]) (../smartbugs-curated/dataset/unchecked_low_level_calls/0xa46edd6a9a93feec36576ee5048146870ea2c3ae.sol#10-18) ignores return value by caddress.call(id,from,_tos[i],v[i]) (../smartbugs-curated/dataset/unchecked_low_level_calls/0xa46edd6a9a93feec36576ee5048146870ea2c3ae.sol#15)
Reference: https://github.com/crytic/slither/wiki/Detector-Documentation#unchecked-low-level-calls

EBU.transfer(address,address,address[],uint256[]).caddress (../smartbugs-curated/dataset/unchecked_low_level_calls/0xa46edd6a9a93feec36576ee5048146870ea2c3ae.sol#10) lacks a zero-check on :
		- caddress.call(id,from,_tos[i],v[i]) (../smartbugs-curated/dataset/unchecked_low_level_calls/0xa46edd6a9a93feec36576ee5048146870ea2c3ae.sol#15)
EBU.transfer(address,address,address[],uint256[]).from (../smartbugs-curated/dataset/unchecked_low_level_calls/0xa46edd6a9a93feec36576ee5048146870ea2c3ae.sol#10) lacks a zero-check on :
		- caddress.call(id,from,_tos[i],v[i]) (../smartbugs-curated/dataset/unchecked_low_level_calls/0xa46edd6a9a93feec36576ee5048146870ea2c3ae.sol#15)
Reference: https://github.com/crytic/slither/wiki/Detector-Documentation#missing-zero-address-validation

EBU.transfer(address,address,address[],uint256[]) (../smartbugs-curated/dataset/unchecked_low_level_calls/0xa46edd6a9a93feec36576ee5048146870ea2c3ae.sol#10-18) has external calls inside a loop: caddress.call(id,from,_tos[i],v[i]) (../smartbugs-curated/dataset/unchecked_low_level_calls/0xa46edd6a9a93feec36576ee5048146870ea2c3ae.sol#15)
Reference: https://github.com/crytic/slither/wiki/Detector-Documentation/#calls-inside-a-loop

solc-0.4.26 is an outdated solc version. Use a more recent version (at least 0.8.0), if possible.
Reference: https://github.com/crytic/slither/wiki/Detector-Documentation#incorrect-versions-of-solidity

Low level call in EBU.transfer(address,address,address[],uint256[]) (../smartbugs-curated/dataset/unchecked_low_level_calls/0xa46edd6a9a93feec36576ee5048146870ea2c3ae.sol#10-18):
	- caddress.call(id,from,_tos[i],v[i]) (../smartbugs-curated/dataset/unchecked_low_level_calls/0xa46edd6a9a93feec36576ee5048146870ea2c3ae.sol#15)
Reference: https://github.com/crytic/slither/wiki/Detector-Documentation#low-level-calls

Parameter EBU.transfer(address,address,address[],uint256[])._tos (../smartbugs-curated/dataset/unchecked_low_level_calls/0xa46edd6a9a93feec36576ee5048146870ea2c3ae.sol#10) is not in mixedCase
Reference: https://github.com/crytic/slither/wiki/Detector-Documentation#conformance-to-solidity-naming-conventions

transfer(address,address,address[],uint256[]) should be declared external:
	- EBU.transfer(address,address,address[],uint256[]) (../smartbugs-curated/dataset/unchecked_low_level_calls/0xa46edd6a9a93feec36576ee5048146870ea2c3ae.sol#10-18)
Reference: https://github.com/crytic/slither/wiki/Detector-Documentation#public-function-that-could-be-declared-external
../smartbugs-curated/dataset/unchecked_low_level_calls/0xa46edd6a9a93feec36576ee5048146870ea2c3ae.sol analyzed (1 contracts with 95 detectors), 8 result(s) found

Error running slither
0xa46edd6a9a93feec36576ee5048146870ea2c3ae.sol
Getting Solidity AST...
Running TIPS...
0xa46edd6a9a93feec36576ee5048146870ea2c3ae.sol
failing to repair the unchecked call defect in charnum:409 in type2
0.003526926040649414


