mythril.mythril.mythril_config [INFO]: Creating mythril data directory 
mythril.mythril.mythril_config [INFO]: No config file found. Creating default: /root/.mythril/config.ini 
mythril.mythril.mythril_config [INFO]: Infura key not provided, so onchain access is disabled. Use --infura-id <INFURA_ID> or set it in the environment variable INFURA_ID or in the ~/.mythril/config.ini file 
mythril.support.signatures [INFO]: Using signature database at /root/.mythril/signatures.db
mythril.laser.ethereum.svm [INFO]: LASER EVM initialized with dynamic loader: <mythril.support.loader.DynLoader object at 0x7506e637bd00>
mythril.laser.ethereum.strategy.extensions.bounded_loops [INFO]: Loaded search strategy extension: Loop bounds (limit = 3)
mythril.laser.plugin.loader [INFO]: Loading laser plugin: coverage
mythril.laser.plugin.loader [INFO]: Loading laser plugin: mutation-pruner
mythril.laser.plugin.loader [INFO]: Loading laser plugin: call-depth-limit
mythril.laser.plugin.loader [INFO]: Loading laser plugin: instruction-profiler
mythril.laser.plugin.loader [INFO]: Loading laser plugin: dependency-pruner
mythril.laser.plugin.loader [INFO]: Instrumenting symbolic vm with plugin: coverage
mythril.laser.plugin.loader [INFO]: Instrumenting symbolic vm with plugin: mutation-pruner
mythril.laser.plugin.loader [INFO]: Instrumenting symbolic vm with plugin: call-depth-limit
mythril.laser.plugin.loader [INFO]: Instrumenting symbolic vm with plugin: instruction-profiler
mythril.laser.plugin.loader [INFO]: Instrumenting symbolic vm with plugin: dependency-pruner
mythril.laser.ethereum.svm [DEBUG]: Starting LASER execution
mythril.laser.ethereum.svm [INFO]: Starting message call transaction to 0
mythril.laser.ethereum.svm [INFO]: Starting message call transaction, iteration: 0, 1 initial states
mythril.laser.ethereum.instructions [DEBUG]: Evaluating PUSH1 at 0
mythril.laser.ethereum.instructions [DEBUG]: Evaluating PUSH1 at 1
mythril.laser.ethereum.instructions [DEBUG]: Evaluating MSTORE at 2
mythril.laser.ethereum.instructions [DEBUG]: Evaluating PUSH1 at 3
mythril.laser.ethereum.instructions [DEBUG]: Evaluating CALLDATASIZE at 4
mythril.laser.ethereum.instructions [DEBUG]: Evaluating LT at 5
mythril.laser.ethereum.instructions [DEBUG]: Evaluating PUSH2 at 6
mythril.analysis.module.base [DEBUG]: Entering analysis module: TxOrigin
mythril.analysis.module.base [DEBUG]: Exiting analysis module: TxOrigin
mythril.analysis.module.base [DEBUG]: Entering analysis module: IntegerArithmetics
mythril.analysis.module.base [DEBUG]: Exiting analysis module: IntegerArithmetics
mythril.laser.ethereum.instructions [DEBUG]: Evaluating JUMPI at 7
mythril.laser.ethereum.instructions [DEBUG]: Evaluating PUSH4 at 8
mythril.laser.ethereum.instructions [DEBUG]: Evaluating JUMPDEST at 29
mythril.laser.ethereum.instructions [DEBUG]: Evaluating PUSH29 at 9
mythril.laser.ethereum.instructions [DEBUG]: Evaluating PUSH1 at 30
mythril.laser.ethereum.instructions [DEBUG]: Evaluating PUSH1 at 10
mythril.laser.ethereum.instructions [DEBUG]: Evaluating DUP1 at 31
mythril.laser.ethereum.instructions [DEBUG]: Evaluating CALLDATALOAD at 11
mythril.laser.ethereum.instructions [DEBUG]: Evaluating REVERT at 32
mythril.laser.ethereum.svm [DEBUG]: Ending transaction MessageCallTransaction 1 from sender_1 to                                        0x0.
mythril.laser.ethereum.instructions [DEBUG]: Evaluating DIV at 12
mythril.laser.ethereum.instructions [DEBUG]: Evaluating AND at 13
mythril.laser.ethereum.instructions [DEBUG]: Evaluating PUSH4 at 14
mythril.laser.ethereum.instructions [DEBUG]: Evaluating DUP2 at 15
mythril.laser.ethereum.instructions [DEBUG]: Evaluating EQ at 16
mythril.laser.ethereum.instructions [DEBUG]: Evaluating PUSH2 at 17
mythril.analysis.module.base [DEBUG]: Entering analysis module: TxOrigin
mythril.analysis.module.base [DEBUG]: Exiting analysis module: TxOrigin
mythril.analysis.module.base [DEBUG]: Entering analysis module: IntegerArithmetics
mythril.analysis.module.base [DEBUG]: Exiting analysis module: IntegerArithmetics
mythril.laser.ethereum.instructions [DEBUG]: Evaluating JUMPI at 18
mythril.laser.ethereum.instructions [DEBUG]: Evaluating DUP1 at 19
mythril.laser.ethereum.instructions [DEBUG]: Evaluating JUMPDEST at 33
mythril.laser.ethereum.instructions [DEBUG]: Evaluating PUSH4 at 20
mythril.laser.ethereum.instructions [DEBUG]: Evaluating CALLVALUE at 34
mythril.laser.ethereum.instructions [DEBUG]: Evaluating EQ at 21
mythril.laser.ethereum.instructions [DEBUG]: Evaluating DUP1 at 35
mythril.laser.ethereum.instructions [DEBUG]: Evaluating PUSH2 at 22
mythril.laser.ethereum.instructions [DEBUG]: Evaluating ISZERO at 36
mythril.analysis.module.base [DEBUG]: Entering analysis module: TxOrigin
mythril.analysis.module.base [DEBUG]: Exiting analysis module: TxOrigin
mythril.analysis.module.base [DEBUG]: Entering analysis module: IntegerArithmetics
mythril.analysis.module.base [DEBUG]: Exiting analysis module: IntegerArithmetics
mythril.laser.ethereum.instructions [DEBUG]: Evaluating JUMPI at 23
mythril.laser.ethereum.svm [DEBUG]: - Entering function MAIN:unknown
mythril.laser.ethereum.instructions [DEBUG]: Evaluating PUSH2 at 37
mythril.laser.ethereum.instructions [DEBUG]: Evaluating DUP1 at 24
mythril.laser.ethereum.instructions [DEBUG]: Evaluating JUMPDEST at 49
mythril.analysis.module.base [DEBUG]: Entering analysis module: TxOrigin
mythril.analysis.module.base [DEBUG]: Exiting analysis module: TxOrigin
mythril.analysis.module.base [DEBUG]: Entering analysis module: IntegerArithmetics
mythril.analysis.module.base [DEBUG]: Exiting analysis module: IntegerArithmetics
mythril.laser.ethereum.instructions [DEBUG]: Evaluating JUMPI at 38
mythril.laser.ethereum.instructions [DEBUG]: Evaluating PUSH4 at 25
mythril.laser.ethereum.instructions [DEBUG]: Evaluating PUSH2 at 50
mythril.laser.ethereum.instructions [DEBUG]: Evaluating PUSH1 at 39
mythril.laser.ethereum.instructions [DEBUG]: Evaluating JUMPDEST at 42
mythril.laser.ethereum.instructions [DEBUG]: Evaluating EQ at 26
mythril.laser.ethereum.instructions [DEBUG]: Evaluating PUSH2 at 51
mythril.laser.ethereum.instructions [DEBUG]: Evaluating DUP1 at 40
mythril.laser.ethereum.instructions [DEBUG]: Evaluating POP at 43
mythril.laser.ethereum.instructions [DEBUG]: Evaluating PUSH2 at 27
mythril.laser.ethereum.instructions [DEBUG]: Evaluating JUMP at 52
mythril.laser.ethereum.instructions [DEBUG]: Evaluating REVERT at 41
mythril.laser.ethereum.svm [DEBUG]: Ending transaction MessageCallTransaction 1 from sender_1 to                                        0x0.
mythril.laser.ethereum.instructions [DEBUG]: Evaluating PUSH2 at 44
mythril.analysis.module.base [DEBUG]: Entering analysis module: TxOrigin
mythril.analysis.module.base [DEBUG]: Exiting analysis module: TxOrigin
mythril.analysis.module.base [DEBUG]: Entering analysis module: IntegerArithmetics
mythril.analysis.module.base [DEBUG]: Exiting analysis module: IntegerArithmetics
mythril.laser.ethereum.instructions [DEBUG]: Evaluating JUMPI at 28
mythril.laser.ethereum.svm [DEBUG]: - Entering function MAIN:unknown
mythril.laser.ethereum.instructions [DEBUG]: Evaluating JUMPDEST at 153
mythril.laser.ethereum.instructions [DEBUG]: Evaluating PUSH2 at 45
mythril.laser.ethereum.instructions [DEBUG]: Evaluating JUMPDEST at 29
mythril.laser.ethereum.instructions [DEBUG]: Evaluating JUMPDEST at 53
mythril.laser.ethereum.instructions [DEBUG]: Evaluating CALLER at 154
mythril.laser.ethereum.instructions [DEBUG]: Evaluating JUMP at 46
mythril.laser.ethereum.instructions [DEBUG]: Evaluating PUSH1 at 30
mythril.laser.ethereum.instructions [DEBUG]: Evaluating CALLVALUE at 54
mythril.laser.ethereum.instructions [DEBUG]: Evaluating PUSH1 at 155
mythril.laser.ethereum.instructions [DEBUG]: Evaluating JUMPDEST at 87
mythril.laser.ethereum.instructions [DEBUG]: Evaluating DUP1 at 31
mythril.laser.ethereum.instructions [DEBUG]: Evaluating DUP1 at 55
mythril.laser.ethereum.instructions [DEBUG]: Evaluating SWAP1 at 156
mythril.laser.ethereum.instructions [DEBUG]: Evaluating CALLER at 88
mythril.laser.ethereum.instructions [DEBUG]: Evaluating REVERT at 32
mythril.laser.ethereum.svm [DEBUG]: Ending transaction MessageCallTransaction 1 from sender_1 to                                        0x0.
mythril.laser.ethereum.instructions [DEBUG]: Evaluating ISZERO at 56
mythril.laser.ethereum.instructions [DEBUG]: Evaluating DUP2 at 157
mythril.laser.ethereum.instructions [DEBUG]: Evaluating PUSH1 at 89
mythril.laser.ethereum.instructions [DEBUG]: Evaluating PUSH2 at 57
mythril.laser.ethereum.instructions [DEBUG]: Evaluating MSTORE at 158
mythril.laser.ethereum.instructions [DEBUG]: Evaluating DUP2 at 90
mythril.analysis.module.base [DEBUG]: Entering analysis module: TxOrigin
mythril.analysis.module.base [DEBUG]: Exiting analysis module: TxOrigin
mythril.analysis.module.base [DEBUG]: Entering analysis module: IntegerArithmetics
mythril.analysis.module.base [DEBUG]: Exiting analysis module: IntegerArithmetics
mythril.laser.ethereum.instructions [DEBUG]: Evaluating JUMPI at 58
mythril.laser.ethereum.instructions [DEBUG]: Evaluating PUSH1 at 159
mythril.laser.ethereum.instructions [DEBUG]: Evaluating DUP2 at 91
mythril.laser.ethereum.instructions [DEBUG]: Evaluating PUSH1 at 59
mythril.laser.ethereum.instructions [DEBUG]: Evaluating JUMPDEST at 62
mythril.laser.ethereum.instructions [DEBUG]: Evaluating DUP2 at 160
mythril.laser.ethereum.instructions [DEBUG]: Evaluating MSTORE at 92
mythril.laser.ethereum.instructions [DEBUG]: Evaluating DUP1 at 60
mythril.laser.ethereum.instructions [DEBUG]: Evaluating POP at 63
mythril.laser.ethereum.instructions [DEBUG]: Evaluating SWAP1 at 161
mythril.laser.ethereum.instructions [DEBUG]: Evaluating PUSH1 at 93
mythril.laser.ethereum.instructions [DEBUG]: Evaluating REVERT at 61
mythril.laser.ethereum.svm [DEBUG]: Ending transaction MessageCallTransaction 1 from sender_1 to                                        0x0.
mythril.laser.ethereum.instructions [DEBUG]: Evaluating PUSH2 at 64
mythril.laser.ethereum.instructions [DEBUG]: Evaluating MSTORE at 162
mythril.laser.ethereum.instructions [DEBUG]: Evaluating DUP2 at 94
mythril.laser.ethereum.instructions [DEBUG]: Evaluating PUSH20 at 65
mythril.laser.ethereum.instructions [DEBUG]: Evaluating PUSH1 at 163
mythril.laser.ethereum.instructions [DEBUG]: Evaluating SWAP1 at 95
mythril.laser.ethereum.instructions [DEBUG]: Evaluating PUSH1 at 66
mythril.laser.ethereum.instructions [DEBUG]: Evaluating SWAP1 at 164
mythril.laser.ethereum.instructions [DEBUG]: Evaluating MSTORE at 96
mythril.laser.ethereum.instructions [DEBUG]: Evaluating CALLDATALOAD at 67
mythril.laser.ethereum.instructions [DEBUG]: Evaluating SHA3 at 165
mythril.laser.ethereum.instructions [DEBUG]: Evaluating PUSH1 at 97
mythril.laser.ethereum.instructions [DEBUG]: Evaluating AND at 68
mythril.laser.ethereum.instructions [DEBUG]: Evaluating DUP1 at 166
mythril.laser.ethereum.instructions [DEBUG]: Evaluating DUP1 at 98
mythril.laser.ethereum.instructions [DEBUG]: Evaluating PUSH2 at 69
mythril.laser.ethereum.instructions [DEBUG]: Evaluating SLOAD at 167
mythril.laser.ethereum.instructions [DEBUG]: Evaluating DUP3 at 99
mythril.laser.ethereum.instructions [DEBUG]: Evaluating JUMP at 70
mythril.laser.ethereum.instructions [DEBUG]: Evaluating CALLVALUE at 168
mythril.laser.ethereum.instructions [DEBUG]: Evaluating SHA3 at 100
mythril.laser.ethereum.instructions [DEBUG]: Evaluating JUMPDEST at 173
mythril.analysis.module.base [DEBUG]: Entering analysis module: IntegerArithmetics
mythril.analysis.module.base [DEBUG]: Exiting analysis module: IntegerArithmetics
mythril.laser.ethereum.instructions [DEBUG]: Evaluating ADD at 169
mythril.laser.ethereum.instructions [DEBUG]: Evaluating SLOAD at 101
mythril.laser.ethereum.instructions [DEBUG]: Evaluating PUSH20 at 174
mythril.laser.ethereum.instructions [DEBUG]: Evaluating SWAP1 at 170
mythril.laser.ethereum.instructions [DEBUG]: Evaluating SWAP1 at 102
mythril.laser.ethereum.instructions [DEBUG]: Evaluating AND at 175
mythril.analysis.module.base [DEBUG]: Entering analysis module: ArbitraryStorage
mythril.analysis.module.base [DEBUG]: Exiting analysis module: ArbitraryStorage
mythril.analysis.module.base [DEBUG]: Entering analysis module: IntegerArithmetics
mythril.analysis.module.base [DEBUG]: Exiting analysis module: IntegerArithmetics
mythril.analysis.module.base [DEBUG]: Entering analysis module: StateChangeAfterCall
mythril.analysis.module.base [DEBUG]: Exiting analysis module: StateChangeAfterCall
mythril.laser.ethereum.instructions [DEBUG]: Evaluating SSTORE at 171
mythril.laser.ethereum.instructions [DEBUG]: Evaluating MLOAD at 103
mythril.laser.ethereum.instructions [DEBUG]: Evaluating PUSH1 at 176
mythril.laser.ethereum.instructions [DEBUG]: Evaluating JUMP at 172
mythril.laser.ethereum.instructions [DEBUG]: Evaluating SWAP1 at 104
mythril.laser.ethereum.instructions [DEBUG]: Evaluating SWAP1 at 177
mythril.laser.ethereum.instructions [DEBUG]: Evaluating JUMPDEST at 47
mythril.laser.ethereum.instructions [DEBUG]: Evaluating SWAP2 at 105
mythril.laser.ethereum.instructions [DEBUG]: Evaluating DUP2 at 178
mythril.analysis.module.base [DEBUG]: Entering analysis module: IntegerArithmetics
mythril.analysis.module.base [DEBUG]: Exiting analysis module: IntegerArithmetics
mythril.analysis.module.base [DEBUG]: Entering analysis module: UncheckedRetval
mythril.analysis.module.base [DEBUG]: Exiting analysis module: UncheckedRetval
mythril.laser.ethereum.instructions [DEBUG]: Evaluating STOP at 48
mythril.laser.ethereum.svm [DEBUG]: Ending transaction MessageCallTransaction 1 from sender_1 to                                        0x0.
mythril.laser.ethereum.instructions [DEBUG]: Evaluating DUP2 at 106
mythril.laser.ethereum.instructions [DEBUG]: Evaluating MSTORE at 179
mythril.laser.ethereum.instructions [DEBUG]: Evaluating DUP2 at 107
mythril.laser.ethereum.instructions [DEBUG]: Evaluating PUSH1 at 180
mythril.laser.ethereum.instructions [DEBUG]: Evaluating DUP2 at 108
mythril.laser.ethereum.instructions [DEBUG]: Evaluating DUP2 at 181
mythril.laser.ethereum.instructions [DEBUG]: Evaluating DUP6 at 109
mythril.laser.ethereum.instructions [DEBUG]: Evaluating SWAP1 at 182
mythril.laser.ethereum.instructions [DEBUG]: Evaluating DUP8 at 110
mythril.laser.ethereum.instructions [DEBUG]: Evaluating MSTORE at 183
mythril.laser.ethereum.instructions [DEBUG]: Evaluating GAS at 111
mythril.laser.ethereum.instructions [DEBUG]: Evaluating PUSH1 at 184
mythril.laser.ethereum.instructions [DEBUG]: Evaluating CALLER at 112
mythril.laser.ethereum.instructions [DEBUG]: Evaluating SWAP1 at 185
mythril.laser.ethereum.instructions [DEBUG]: Evaluating PUSH1 at 113
mythril.laser.ethereum.instructions [DEBUG]: Evaluating SHA3 at 186
mythril.laser.ethereum.instructions [DEBUG]: Evaluating MSTORE at 114
mythril.laser.ethereum.instructions [DEBUG]: Evaluating SLOAD at 187
mythril.laser.ethereum.instructions [DEBUG]: Evaluating PUSH1 at 115
mythril.laser.ethereum.instructions [DEBUG]: Evaluating SWAP1 at 188
mythril.laser.ethereum.instructions [DEBUG]: Evaluating PUSH1 at 116
mythril.laser.ethereum.instructions [DEBUG]: Evaluating JUMP at 189
mythril.laser.ethereum.instructions [DEBUG]: Evaluating MSTORE at 117
mythril.laser.ethereum.instructions [DEBUG]: Evaluating JUMPDEST at 71
mythril.laser.ethereum.instructions [DEBUG]: Evaluating PUSH1 at 118
mythril.laser.ethereum.instructions [DEBUG]: Evaluating PUSH1 at 72
mythril.laser.ethereum.instructions [DEBUG]: Evaluating PUSH1 at 119
mythril.laser.ethereum.instructions [DEBUG]: Evaluating DUP1 at 73
mythril.laser.ethereum.instructions [DEBUG]: Evaluating PUSH1 at 120
mythril.laser.ethereum.instructions [DEBUG]: Evaluating MLOAD at 74
mythril.laser.ethereum.instructions [DEBUG]: Evaluating SHA3 at 121
mythril.laser.ethereum.instructions [DEBUG]: Evaluating SWAP2 at 75
mythril.analysis.module.base [DEBUG]: Entering analysis module: ArbitraryStorage
mythril.analysis.module.base [DEBUG]: Exiting analysis module: ArbitraryStorage
mythril.analysis.module.base [DEBUG]: Entering analysis module: IntegerArithmetics
mythril.analysis.module.base [DEBUG]: Exiting analysis module: IntegerArithmetics
mythril.analysis.module.base [DEBUG]: Entering analysis module: StateChangeAfterCall
mythril.analysis.module.base [DEBUG]: Exiting analysis module: StateChangeAfterCall
mythril.laser.ethereum.instructions [DEBUG]: Evaluating SSTORE at 122
mythril.laser.ethereum.instructions [DEBUG]: Evaluating DUP3 at 76
mythril.analysis.module.base [DEBUG]: Entering analysis module: IntegerArithmetics
mythril.analysis.module.base [DEBUG]: Exiting analysis module: IntegerArithmetics
mythril.analysis.module.base [DEBUG]: Entering analysis module: StateChangeAfterCall
mythril.analysis.module.base [DEBUG]: Exiting analysis module: StateChangeAfterCall
mythril.laser.ethereum.instructions [DEBUG]: Evaluating CALL at 123
mythril.laser.ethereum.call [DEBUG]: Symbolic call encountered
mythril.laser.ethereum.call [DEBUG]: CALL to: sender_1
mythril.laser.ethereum.instructions [DEBUG]: The call is related to ether transfer between accounts
mythril.analysis.module.base [DEBUG]: Entering analysis module: EtherThief
mythril.analysis.module.base [DEBUG]: Exiting analysis module: EtherThief
mythril.analysis.module.base [DEBUG]: Entering analysis module: UncheckedRetval
mythril.analysis.module.modules.unchecked_retval [DEBUG]: End of call, extracting retval
mythril.analysis.module.base [DEBUG]: Exiting analysis module: UncheckedRetval
mythril.laser.ethereum.instructions [DEBUG]: Evaluating MSTORE at 77
mythril.laser.ethereum.instructions [DEBUG]: Evaluating SWAP3 at 124
mythril.laser.ethereum.instructions [DEBUG]: Evaluating MLOAD at 78
mythril.laser.ethereum.instructions [DEBUG]: Evaluating POP at 125
mythril.laser.ethereum.instructions [DEBUG]: Evaluating SWAP1 at 79
mythril.laser.ethereum.instructions [DEBUG]: Evaluating POP at 126
mythril.laser.ethereum.instructions [DEBUG]: Evaluating DUP2 at 80
mythril.laser.ethereum.instructions [DEBUG]: Evaluating POP at 127
mythril.laser.ethereum.instructions [DEBUG]: Evaluating SWAP1 at 81
mythril.laser.ethereum.instructions [DEBUG]: Evaluating ISZERO at 128
mythril.analysis.module.base [DEBUG]: Entering analysis module: IntegerArithmetics
mythril.analysis.module.base [DEBUG]: Exiting analysis module: IntegerArithmetics
mythril.laser.ethereum.instructions [DEBUG]: Evaluating SUB at 82
mythril.laser.ethereum.instructions [DEBUG]: Evaluating ISZERO at 129
mythril.laser.ethereum.instructions [DEBUG]: Evaluating PUSH1 at 83
mythril.laser.ethereum.instructions [DEBUG]: Evaluating PUSH2 at 130
mythril.analysis.module.base [DEBUG]: Entering analysis module: IntegerArithmetics
mythril.analysis.module.base [DEBUG]: Exiting analysis module: IntegerArithmetics
mythril.laser.ethereum.instructions [DEBUG]: Evaluating ADD at 84
mythril.analysis.module.base [DEBUG]: Entering analysis module: TxOrigin
mythril.analysis.module.base [DEBUG]: Exiting analysis module: TxOrigin
mythril.analysis.module.base [DEBUG]: Entering analysis module: IntegerArithmetics
mythril.analysis.module.base [DEBUG]: Exiting analysis module: IntegerArithmetics
mythril.laser.ethereum.instructions [DEBUG]: Evaluating JUMPI at 131
mythril.laser.ethereum.instructions [DEBUG]: Evaluating SWAP1 at 85
mythril.laser.ethereum.instructions [DEBUG]: Evaluating PUSH1 at 132
mythril.laser.ethereum.instructions [DEBUG]: Evaluating JUMPDEST at 135
mythril.analysis.module.base [DEBUG]: Entering analysis module: IntegerArithmetics
mythril.analysis.module.base [DEBUG]: Exiting analysis module: IntegerArithmetics
mythril.analysis.module.base [DEBUG]: Entering analysis module: UncheckedRetval
mythril.analysis.module.base [DEBUG]: Exiting analysis module: UncheckedRetval
mythril.laser.ethereum.instructions [DEBUG]: Evaluating RETURN at 86
mythril.laser.ethereum.svm [DEBUG]: Ending transaction MessageCallTransaction 1 from sender_1 to                                        0x0.
mythril.laser.ethereum.instructions [DEBUG]: Evaluating DUP1 at 133
mythril.laser.ethereum.instructions [DEBUG]: Evaluating CALLER at 136
mythril.laser.ethereum.instructions [DEBUG]: Evaluating REVERT at 134
mythril.laser.ethereum.svm [DEBUG]: Ending transaction MessageCallTransaction 1 from sender_1 to                                        0x0.
mythril.laser.ethereum.instructions [DEBUG]: Evaluating PUSH1 at 137
mythril.laser.ethereum.instructions [DEBUG]: Evaluating SWAP1 at 138
mythril.laser.ethereum.instructions [DEBUG]: Evaluating DUP2 at 139
mythril.laser.ethereum.instructions [DEBUG]: Evaluating POP at 140
mythril.laser.ethereum.instructions [DEBUG]: Evaluating POP at 141
mythril.laser.ethereum.instructions [DEBUG]: Evaluating PUSH1 at 142
mythril.laser.ethereum.instructions [DEBUG]: Evaluating DUP2 at 143
mythril.laser.ethereum.instructions [DEBUG]: Evaluating SWAP1 at 144
mythril.laser.ethereum.instructions [DEBUG]: Evaluating POP at 145
mythril.laser.ethereum.instructions [DEBUG]: Evaluating POP at 146
mythril.laser.ethereum.instructions [DEBUG]: Evaluating PUSH1 at 147
mythril.laser.ethereum.instructions [DEBUG]: Evaluating DUP2 at 148
mythril.laser.ethereum.instructions [DEBUG]: Evaluating POP at 149
mythril.laser.ethereum.instructions [DEBUG]: Evaluating POP at 150
mythril.laser.ethereum.instructions [DEBUG]: Evaluating POP at 151
mythril.laser.ethereum.instructions [DEBUG]: Evaluating JUMP at 152
mythril.laser.ethereum.instructions [DEBUG]: Evaluating JUMPDEST at 47
mythril.analysis.module.base [DEBUG]: Entering analysis module: IntegerArithmetics
mythril.analysis.module.base [DEBUG]: Exiting analysis module: IntegerArithmetics
mythril.analysis.module.base [DEBUG]: Entering analysis module: UncheckedRetval
mythril.analysis.module.base [DEBUG]: Exiting analysis module: UncheckedRetval
mythril.laser.ethereum.instructions [DEBUG]: Evaluating STOP at 48
mythril.laser.ethereum.svm [DEBUG]: Ending transaction MessageCallTransaction 1 from sender_1 to                                        0x0.
mythril.laser.plugin.plugins.coverage.coverage_plugin [INFO]: Number of new instructions covered in tx 0: 190
mythril.laser.ethereum.svm [INFO]: Starting message call transaction, iteration: 1, 2 initial states
mythril.laser.ethereum.instructions [DEBUG]: Evaluating PUSH1 at 0
mythril.laser.ethereum.instructions [DEBUG]: Evaluating PUSH1 at 0
mythril.laser.ethereum.instructions [DEBUG]: Evaluating PUSH1 at 1
mythril.laser.ethereum.instructions [DEBUG]: Evaluating PUSH1 at 1
mythril.laser.ethereum.instructions [DEBUG]: Evaluating MSTORE at 2
mythril.laser.ethereum.instructions [DEBUG]: Evaluating MSTORE at 2
mythril.laser.ethereum.instructions [DEBUG]: Evaluating PUSH1 at 3
mythril.laser.ethereum.instructions [DEBUG]: Evaluating PUSH1 at 3
mythril.laser.ethereum.instructions [DEBUG]: Evaluating CALLDATASIZE at 4
mythril.laser.ethereum.instructions [DEBUG]: Evaluating CALLDATASIZE at 4
mythril.laser.ethereum.instructions [DEBUG]: Evaluating LT at 5
mythril.laser.ethereum.instructions [DEBUG]: Evaluating LT at 5
mythril.laser.ethereum.instructions [DEBUG]: Evaluating PUSH2 at 6
mythril.laser.ethereum.instructions [DEBUG]: Evaluating PUSH2 at 6
mythril.analysis.module.base [DEBUG]: Entering analysis module: TxOrigin
mythril.analysis.module.base [DEBUG]: Exiting analysis module: TxOrigin
mythril.analysis.module.base [DEBUG]: Entering analysis module: IntegerArithmetics
mythril.analysis.module.base [DEBUG]: Exiting analysis module: IntegerArithmetics
mythril.laser.ethereum.instructions [DEBUG]: Evaluating JUMPI at 7
mythril.analysis.module.base [DEBUG]: Entering analysis module: TxOrigin
mythril.analysis.module.base [DEBUG]: Exiting analysis module: TxOrigin
mythril.analysis.module.base [DEBUG]: Entering analysis module: IntegerArithmetics
mythril.analysis.module.base [DEBUG]: Exiting analysis module: IntegerArithmetics
mythril.laser.ethereum.instructions [DEBUG]: Evaluating JUMPI at 7
mythril.laser.ethereum.instructions [DEBUG]: Evaluating PUSH4 at 8
mythril.laser.ethereum.instructions [DEBUG]: Evaluating JUMPDEST at 29
mythril.laser.ethereum.instructions [DEBUG]: Evaluating PUSH4 at 8
mythril.laser.ethereum.instructions [DEBUG]: Evaluating JUMPDEST at 29
mythril.laser.ethereum.instructions [DEBUG]: Evaluating PUSH29 at 9
mythril.laser.ethereum.instructions [DEBUG]: Evaluating PUSH1 at 30
mythril.laser.ethereum.instructions [DEBUG]: Evaluating PUSH29 at 9
mythril.laser.ethereum.instructions [DEBUG]: Evaluating PUSH1 at 30
mythril.laser.ethereum.instructions [DEBUG]: Evaluating PUSH1 at 10
mythril.laser.ethereum.instructions [DEBUG]: Evaluating DUP1 at 31
mythril.laser.ethereum.instructions [DEBUG]: Evaluating PUSH1 at 10
mythril.laser.ethereum.instructions [DEBUG]: Evaluating DUP1 at 31
mythril.laser.ethereum.instructions [DEBUG]: Evaluating CALLDATALOAD at 11
mythril.laser.ethereum.instructions [DEBUG]: Evaluating REVERT at 32
mythril.laser.ethereum.svm [DEBUG]: Ending transaction MessageCallTransaction 2 from sender_2 to                                        0x0.
mythril.laser.ethereum.instructions [DEBUG]: Evaluating CALLDATALOAD at 11
mythril.laser.ethereum.instructions [DEBUG]: Evaluating REVERT at 32
mythril.laser.ethereum.svm [DEBUG]: Ending transaction MessageCallTransaction 3 from sender_3 to                                        0x0.
mythril.laser.ethereum.instructions [DEBUG]: Evaluating DIV at 12
mythril.laser.ethereum.instructions [DEBUG]: Evaluating DIV at 12
mythril.laser.ethereum.instructions [DEBUG]: Evaluating AND at 13
mythril.laser.ethereum.instructions [DEBUG]: Evaluating AND at 13
mythril.laser.ethereum.instructions [DEBUG]: Evaluating PUSH4 at 14
mythril.laser.ethereum.instructions [DEBUG]: Evaluating PUSH4 at 14
mythril.laser.ethereum.instructions [DEBUG]: Evaluating DUP2 at 15
mythril.laser.ethereum.instructions [DEBUG]: Evaluating DUP2 at 15
mythril.laser.ethereum.instructions [DEBUG]: Evaluating EQ at 16
mythril.laser.ethereum.instructions [DEBUG]: Evaluating EQ at 16
mythril.laser.ethereum.instructions [DEBUG]: Evaluating PUSH2 at 17
mythril.laser.ethereum.instructions [DEBUG]: Evaluating PUSH2 at 17
mythril.analysis.module.base [DEBUG]: Entering analysis module: TxOrigin
mythril.analysis.module.base [DEBUG]: Exiting analysis module: TxOrigin
mythril.analysis.module.base [DEBUG]: Entering analysis module: IntegerArithmetics
mythril.analysis.module.base [DEBUG]: Exiting analysis module: IntegerArithmetics
mythril.laser.ethereum.instructions [DEBUG]: Evaluating JUMPI at 18
mythril.analysis.module.base [DEBUG]: Entering analysis module: TxOrigin
mythril.analysis.module.base [DEBUG]: Exiting analysis module: TxOrigin
mythril.analysis.module.base [DEBUG]: Entering analysis module: IntegerArithmetics
mythril.analysis.module.base [DEBUG]: Exiting analysis module: IntegerArithmetics
mythril.laser.ethereum.instructions [DEBUG]: Evaluating JUMPI at 18
mythril.laser.ethereum.instructions [DEBUG]: Evaluating DUP1 at 19
mythril.laser.ethereum.instructions [DEBUG]: Evaluating JUMPDEST at 33
mythril.laser.ethereum.instructions [DEBUG]: Evaluating DUP1 at 19
mythril.laser.ethereum.instructions [DEBUG]: Evaluating JUMPDEST at 33
mythril.laser.ethereum.instructions [DEBUG]: Evaluating PUSH4 at 20
mythril.laser.ethereum.instructions [DEBUG]: Evaluating CALLVALUE at 34
mythril.laser.ethereum.instructions [DEBUG]: Evaluating PUSH4 at 20
mythril.laser.ethereum.instructions [DEBUG]: Evaluating CALLVALUE at 34
mythril.laser.ethereum.instructions [DEBUG]: Evaluating EQ at 21
mythril.laser.ethereum.instructions [DEBUG]: Evaluating DUP1 at 35
mythril.laser.ethereum.instructions [DEBUG]: Evaluating EQ at 21
mythril.laser.ethereum.instructions [DEBUG]: Evaluating DUP1 at 35
mythril.laser.ethereum.instructions [DEBUG]: Evaluating PUSH2 at 22
mythril.laser.ethereum.instructions [DEBUG]: Evaluating ISZERO at 36
mythril.laser.ethereum.instructions [DEBUG]: Evaluating PUSH2 at 22
mythril.laser.ethereum.instructions [DEBUG]: Evaluating ISZERO at 36
mythril.analysis.module.base [DEBUG]: Entering analysis module: TxOrigin
mythril.analysis.module.base [DEBUG]: Exiting analysis module: TxOrigin
mythril.analysis.module.base [DEBUG]: Entering analysis module: IntegerArithmetics
mythril.analysis.module.base [DEBUG]: Exiting analysis module: IntegerArithmetics
mythril.laser.ethereum.instructions [DEBUG]: Evaluating JUMPI at 23
mythril.laser.ethereum.svm [DEBUG]: - Entering function MAIN:unknown
mythril.laser.ethereum.instructions [DEBUG]: Evaluating PUSH2 at 37
mythril.analysis.module.base [DEBUG]: Entering analysis module: TxOrigin
mythril.analysis.module.base [DEBUG]: Exiting analysis module: TxOrigin
mythril.analysis.module.base [DEBUG]: Entering analysis module: IntegerArithmetics
mythril.analysis.module.base [DEBUG]: Exiting analysis module: IntegerArithmetics
mythril.laser.ethereum.instructions [DEBUG]: Evaluating JUMPI at 23
mythril.laser.ethereum.svm [DEBUG]: - Entering function MAIN:unknown
mythril.laser.ethereum.instructions [DEBUG]: Evaluating PUSH2 at 37
mythril.laser.ethereum.instructions [DEBUG]: Evaluating DUP1 at 24
mythril.laser.ethereum.instructions [DEBUG]: Evaluating JUMPDEST at 49
mythril.analysis.module.base [DEBUG]: Entering analysis module: TxOrigin
mythril.analysis.module.base [DEBUG]: Exiting analysis module: TxOrigin
mythril.analysis.module.base [DEBUG]: Entering analysis module: IntegerArithmetics
mythril.analysis.module.base [DEBUG]: Exiting analysis module: IntegerArithmetics
mythril.laser.ethereum.instructions [DEBUG]: Evaluating JUMPI at 38
mythril.laser.ethereum.instructions [DEBUG]: Evaluating DUP1 at 24
mythril.laser.ethereum.instructions [DEBUG]: Evaluating JUMPDEST at 49
mythril.analysis.module.base [DEBUG]: Entering analysis module: TxOrigin
mythril.analysis.module.base [DEBUG]: Exiting analysis module: TxOrigin
mythril.analysis.module.base [DEBUG]: Entering analysis module: IntegerArithmetics
mythril.analysis.module.base [DEBUG]: Exiting analysis module: IntegerArithmetics
mythril.laser.ethereum.instructions [DEBUG]: Evaluating JUMPI at 38
mythril.laser.ethereum.instructions [DEBUG]: Evaluating PUSH4 at 25
mythril.laser.ethereum.instructions [DEBUG]: Evaluating PUSH2 at 50
mythril.laser.ethereum.instructions [DEBUG]: Evaluating PUSH1 at 39
mythril.laser.ethereum.instructions [DEBUG]: Evaluating JUMPDEST at 42
mythril.laser.ethereum.instructions [DEBUG]: Evaluating PUSH4 at 25
mythril.laser.ethereum.instructions [DEBUG]: Evaluating PUSH2 at 50
mythril.laser.ethereum.instructions [DEBUG]: Evaluating PUSH1 at 39
mythril.laser.ethereum.instructions [DEBUG]: Evaluating JUMPDEST at 42
mythril.laser.ethereum.instructions [DEBUG]: Evaluating EQ at 26
mythril.laser.ethereum.instructions [DEBUG]: Evaluating PUSH2 at 51
mythril.laser.ethereum.instructions [DEBUG]: Evaluating DUP1 at 40
mythril.laser.ethereum.instructions [DEBUG]: Evaluating POP at 43
mythril.laser.ethereum.instructions [DEBUG]: Evaluating EQ at 26
mythril.laser.ethereum.instructions [DEBUG]: Evaluating PUSH2 at 51
mythril.laser.ethereum.instructions [DEBUG]: Evaluating DUP1 at 40
mythril.laser.ethereum.instructions [DEBUG]: Evaluating POP at 43
mythril.laser.ethereum.instructions [DEBUG]: Evaluating PUSH2 at 27
mythril.laser.ethereum.instructions [DEBUG]: Evaluating JUMP at 52
mythril.laser.ethereum.instructions [DEBUG]: Evaluating REVERT at 41
mythril.laser.ethereum.svm [DEBUG]: Ending transaction MessageCallTransaction 2 from sender_2 to                                        0x0.
mythril.laser.ethereum.instructions [DEBUG]: Evaluating PUSH2 at 44
mythril.laser.ethereum.instructions [DEBUG]: Evaluating PUSH2 at 27
mythril.laser.ethereum.instructions [DEBUG]: Evaluating JUMP at 52
mythril.laser.ethereum.instructions [DEBUG]: Evaluating REVERT at 41
mythril.laser.ethereum.svm [DEBUG]: Ending transaction MessageCallTransaction 3 from sender_3 to                                        0x0.
mythril.laser.ethereum.instructions [DEBUG]: Evaluating PUSH2 at 44
mythril.analysis.module.base [DEBUG]: Entering analysis module: TxOrigin
mythril.analysis.module.base [DEBUG]: Exiting analysis module: TxOrigin
mythril.analysis.module.base [DEBUG]: Entering analysis module: IntegerArithmetics
mythril.analysis.module.base [DEBUG]: Exiting analysis module: IntegerArithmetics
mythril.laser.ethereum.instructions [DEBUG]: Evaluating JUMPI at 28
mythril.laser.plugin.plugins.dependency_pruner [DEBUG]: Skipping state: Storage slots {keccak256_512(Concat(sender_1, 0))} not read in block at address 86, function
mythril.laser.ethereum.svm [DEBUG]: - Entering function MAIN:unknown
mythril.laser.ethereum.instructions [DEBUG]: Evaluating JUMPDEST at 153
mythril.laser.ethereum.instructions [DEBUG]: Evaluating PUSH2 at 45
mythril.analysis.module.base [DEBUG]: Entering analysis module: TxOrigin
mythril.analysis.module.base [DEBUG]: Exiting analysis module: TxOrigin
mythril.analysis.module.base [DEBUG]: Entering analysis module: IntegerArithmetics
mythril.analysis.module.base [DEBUG]: Exiting analysis module: IntegerArithmetics
mythril.laser.ethereum.instructions [DEBUG]: Evaluating JUMPI at 28
mythril.laser.plugin.plugins.dependency_pruner [DEBUG]: Skipping state: Storage slots {keccak256_512(Concat(sender_1, 0))} not read in block at address 86, function
mythril.laser.ethereum.svm [DEBUG]: - Entering function MAIN:unknown
mythril.laser.ethereum.instructions [DEBUG]: Evaluating JUMPDEST at 153
mythril.laser.ethereum.instructions [DEBUG]: Evaluating PUSH2 at 45
mythril.laser.ethereum.instructions [DEBUG]: Evaluating JUMPDEST at 53
mythril.laser.ethereum.instructions [DEBUG]: Evaluating CALLER at 154
mythril.laser.ethereum.instructions [DEBUG]: Evaluating JUMP at 46
mythril.laser.ethereum.instructions [DEBUG]: Evaluating JUMPDEST at 53
mythril.laser.ethereum.instructions [DEBUG]: Evaluating CALLER at 154
mythril.laser.ethereum.instructions [DEBUG]: Evaluating JUMP at 46
mythril.laser.ethereum.instructions [DEBUG]: Evaluating CALLVALUE at 54
mythril.laser.ethereum.instructions [DEBUG]: Evaluating PUSH1 at 155
mythril.laser.ethereum.instructions [DEBUG]: Evaluating JUMPDEST at 87
mythril.laser.ethereum.instructions [DEBUG]: Evaluating CALLVALUE at 54
mythril.laser.ethereum.instructions [DEBUG]: Evaluating PUSH1 at 155
mythril.laser.ethereum.instructions [DEBUG]: Evaluating JUMPDEST at 87
mythril.laser.ethereum.instructions [DEBUG]: Evaluating DUP1 at 55
mythril.laser.ethereum.instructions [DEBUG]: Evaluating SWAP1 at 156
mythril.laser.ethereum.instructions [DEBUG]: Evaluating CALLER at 88
mythril.laser.ethereum.instructions [DEBUG]: Evaluating DUP1 at 55
mythril.laser.ethereum.instructions [DEBUG]: Evaluating SWAP1 at 156
mythril.laser.ethereum.instructions [DEBUG]: Evaluating CALLER at 88
mythril.laser.ethereum.instructions [DEBUG]: Evaluating ISZERO at 56
mythril.laser.ethereum.instructions [DEBUG]: Evaluating DUP2 at 157
mythril.laser.ethereum.instructions [DEBUG]: Evaluating PUSH1 at 89
mythril.laser.ethereum.instructions [DEBUG]: Evaluating ISZERO at 56
mythril.laser.ethereum.instructions [DEBUG]: Evaluating DUP2 at 157
mythril.laser.ethereum.instructions [DEBUG]: Evaluating PUSH1 at 89
mythril.laser.ethereum.instructions [DEBUG]: Evaluating PUSH2 at 57
mythril.laser.ethereum.instructions [DEBUG]: Evaluating MSTORE at 158
mythril.laser.ethereum.instructions [DEBUG]: Evaluating DUP2 at 90
mythril.laser.ethereum.instructions [DEBUG]: Evaluating PUSH2 at 57
mythril.laser.ethereum.instructions [DEBUG]: Evaluating MSTORE at 158
mythril.laser.ethereum.instructions [DEBUG]: Evaluating DUP2 at 90
mythril.analysis.module.base [DEBUG]: Entering analysis module: TxOrigin
mythril.analysis.module.base [DEBUG]: Exiting analysis module: TxOrigin
mythril.analysis.module.base [DEBUG]: Entering analysis module: IntegerArithmetics
mythril.analysis.module.base [DEBUG]: Exiting analysis module: IntegerArithmetics
mythril.laser.ethereum.instructions [DEBUG]: Evaluating JUMPI at 58
mythril.laser.ethereum.instructions [DEBUG]: Evaluating PUSH1 at 159
mythril.laser.ethereum.instructions [DEBUG]: Evaluating DUP2 at 91
mythril.analysis.module.base [DEBUG]: Entering analysis module: TxOrigin
mythril.analysis.module.base [DEBUG]: Exiting analysis module: TxOrigin
mythril.analysis.module.base [DEBUG]: Entering analysis module: IntegerArithmetics
mythril.analysis.module.base [DEBUG]: Exiting analysis module: IntegerArithmetics
mythril.laser.ethereum.instructions [DEBUG]: Evaluating JUMPI at 58
mythril.laser.ethereum.instructions [DEBUG]: Evaluating PUSH1 at 159
mythril.laser.ethereum.instructions [DEBUG]: Evaluating DUP2 at 91
mythril.laser.ethereum.instructions [DEBUG]: Evaluating PUSH1 at 59
mythril.laser.ethereum.instructions [DEBUG]: Evaluating JUMPDEST at 62
mythril.laser.ethereum.instructions [DEBUG]: Evaluating DUP2 at 160
mythril.laser.ethereum.instructions [DEBUG]: Evaluating MSTORE at 92
mythril.laser.ethereum.instructions [DEBUG]: Evaluating PUSH1 at 59
mythril.laser.ethereum.instructions [DEBUG]: Evaluating JUMPDEST at 62
mythril.laser.ethereum.instructions [DEBUG]: Evaluating DUP2 at 160
mythril.laser.ethereum.instructions [DEBUG]: Evaluating MSTORE at 92
mythril.laser.ethereum.instructions [DEBUG]: Evaluating DUP1 at 60
mythril.laser.ethereum.instructions [DEBUG]: Evaluating POP at 63
mythril.laser.ethereum.instructions [DEBUG]: Evaluating SWAP1 at 161
mythril.laser.ethereum.instructions [DEBUG]: Evaluating PUSH1 at 93
mythril.laser.ethereum.instructions [DEBUG]: Evaluating DUP1 at 60
mythril.laser.ethereum.instructions [DEBUG]: Evaluating POP at 63
mythril.laser.ethereum.instructions [DEBUG]: Evaluating SWAP1 at 161
mythril.laser.ethereum.instructions [DEBUG]: Evaluating PUSH1 at 93
mythril.laser.ethereum.instructions [DEBUG]: Evaluating REVERT at 61
mythril.laser.ethereum.svm [DEBUG]: Ending transaction MessageCallTransaction 2 from sender_2 to                                        0x0.
mythril.laser.ethereum.instructions [DEBUG]: Evaluating PUSH2 at 64
mythril.laser.ethereum.instructions [DEBUG]: Evaluating MSTORE at 162
mythril.laser.ethereum.instructions [DEBUG]: Evaluating DUP2 at 94
mythril.laser.ethereum.instructions [DEBUG]: Evaluating REVERT at 61
mythril.laser.ethereum.svm [DEBUG]: Ending transaction MessageCallTransaction 3 from sender_3 to                                        0x0.
mythril.laser.ethereum.instructions [DEBUG]: Evaluating PUSH2 at 64
mythril.laser.ethereum.instructions [DEBUG]: Evaluating MSTORE at 162
mythril.laser.ethereum.instructions [DEBUG]: Evaluating DUP2 at 94
mythril.laser.ethereum.instructions [DEBUG]: Evaluating PUSH20 at 65
mythril.laser.ethereum.instructions [DEBUG]: Evaluating PUSH1 at 163
mythril.laser.ethereum.instructions [DEBUG]: Evaluating SWAP1 at 95
mythril.laser.ethereum.instructions [DEBUG]: Evaluating PUSH20 at 65
mythril.laser.ethereum.instructions [DEBUG]: Evaluating PUSH1 at 163
mythril.laser.ethereum.instructions [DEBUG]: Evaluating SWAP1 at 95
mythril.laser.ethereum.instructions [DEBUG]: Evaluating PUSH1 at 66
mythril.laser.ethereum.instructions [DEBUG]: Evaluating SWAP1 at 164
mythril.laser.ethereum.instructions [DEBUG]: Evaluating MSTORE at 96
mythril.laser.ethereum.instructions [DEBUG]: Evaluating PUSH1 at 66
mythril.laser.ethereum.instructions [DEBUG]: Evaluating SWAP1 at 164
mythril.laser.ethereum.instructions [DEBUG]: Evaluating MSTORE at 96
mythril.laser.ethereum.instructions [DEBUG]: Evaluating CALLDATALOAD at 67
mythril.laser.ethereum.instructions [DEBUG]: Evaluating SHA3 at 165
mythril.laser.ethereum.instructions [DEBUG]: Evaluating PUSH1 at 97
mythril.laser.ethereum.instructions [DEBUG]: Evaluating CALLDATALOAD at 67
mythril.laser.ethereum.instructions [DEBUG]: Evaluating SHA3 at 165
mythril.laser.ethereum.instructions [DEBUG]: Evaluating PUSH1 at 97
mythril.laser.ethereum.instructions [DEBUG]: Evaluating AND at 68
mythril.laser.ethereum.instructions [DEBUG]: Evaluating DUP1 at 166
mythril.laser.ethereum.instructions [DEBUG]: Evaluating DUP1 at 98
mythril.laser.ethereum.instructions [DEBUG]: Evaluating AND at 68
mythril.laser.ethereum.instructions [DEBUG]: Evaluating DUP1 at 166
mythril.laser.ethereum.instructions [DEBUG]: Evaluating DUP1 at 98
mythril.laser.ethereum.instructions [DEBUG]: Evaluating PUSH2 at 69
mythril.laser.ethereum.instructions [DEBUG]: Evaluating SLOAD at 167
mythril.laser.ethereum.instructions [DEBUG]: Evaluating DUP3 at 99
mythril.laser.ethereum.instructions [DEBUG]: Evaluating PUSH2 at 69
mythril.laser.ethereum.instructions [DEBUG]: Evaluating SLOAD at 167
mythril.laser.ethereum.instructions [DEBUG]: Evaluating DUP3 at 99
mythril.laser.ethereum.instructions [DEBUG]: Evaluating JUMP at 70
mythril.laser.ethereum.instructions [DEBUG]: Evaluating CALLVALUE at 168
mythril.laser.ethereum.instructions [DEBUG]: Evaluating SHA3 at 100
mythril.laser.ethereum.instructions [DEBUG]: Evaluating JUMP at 70
mythril.laser.ethereum.instructions [DEBUG]: Evaluating CALLVALUE at 168
mythril.laser.ethereum.instructions [DEBUG]: Evaluating SHA3 at 100
mythril.laser.ethereum.instructions [DEBUG]: Evaluating JUMPDEST at 173
mythril.analysis.module.base [DEBUG]: Entering analysis module: IntegerArithmetics
mythril.analysis.module.base [DEBUG]: Exiting analysis module: IntegerArithmetics
mythril.laser.ethereum.instructions [DEBUG]: Evaluating ADD at 169
mythril.laser.ethereum.instructions [DEBUG]: Evaluating SLOAD at 101
mythril.laser.ethereum.instructions [DEBUG]: Evaluating JUMPDEST at 173
mythril.analysis.module.base [DEBUG]: Entering analysis module: IntegerArithmetics
mythril.analysis.module.base [DEBUG]: Exiting analysis module: IntegerArithmetics
mythril.laser.ethereum.instructions [DEBUG]: Evaluating ADD at 169
mythril.laser.ethereum.instructions [DEBUG]: Evaluating SLOAD at 101
mythril.laser.ethereum.instructions [DEBUG]: Evaluating PUSH20 at 174
mythril.laser.ethereum.instructions [DEBUG]: Evaluating SWAP1 at 170
mythril.laser.ethereum.instructions [DEBUG]: Evaluating SWAP1 at 102
mythril.laser.ethereum.instructions [DEBUG]: Evaluating PUSH20 at 174
mythril.laser.ethereum.instructions [DEBUG]: Evaluating SWAP1 at 170
mythril.laser.ethereum.instructions [DEBUG]: Evaluating SWAP1 at 102
mythril.laser.ethereum.instructions [DEBUG]: Evaluating AND at 175
mythril.analysis.module.base [DEBUG]: Entering analysis module: ArbitraryStorage
mythril.analysis.module.base [DEBUG]: Exiting analysis module: ArbitraryStorage
mythril.analysis.module.base [DEBUG]: Entering analysis module: IntegerArithmetics
mythril.analysis.module.base [DEBUG]: Exiting analysis module: IntegerArithmetics
mythril.analysis.module.base [DEBUG]: Entering analysis module: StateChangeAfterCall
mythril.analysis.module.base [DEBUG]: Exiting analysis module: StateChangeAfterCall
mythril.laser.ethereum.instructions [DEBUG]: Evaluating SSTORE at 171
mythril.laser.ethereum.instructions [DEBUG]: Evaluating MLOAD at 103
mythril.laser.ethereum.instructions [DEBUG]: Evaluating AND at 175
mythril.analysis.module.base [DEBUG]: Entering analysis module: ArbitraryStorage
mythril.analysis.module.base [DEBUG]: Exiting analysis module: ArbitraryStorage
mythril.analysis.module.base [DEBUG]: Entering analysis module: IntegerArithmetics
mythril.analysis.module.base [DEBUG]: Exiting analysis module: IntegerArithmetics
mythril.analysis.module.base [DEBUG]: Entering analysis module: StateChangeAfterCall
mythril.analysis.module.base [DEBUG]: Exiting analysis module: StateChangeAfterCall
mythril.laser.ethereum.instructions [DEBUG]: Evaluating SSTORE at 171
mythril.laser.ethereum.instructions [DEBUG]: Evaluating MLOAD at 103
mythril.laser.ethereum.instructions [DEBUG]: Evaluating PUSH1 at 176
mythril.laser.ethereum.instructions [DEBUG]: Evaluating JUMP at 172
mythril.laser.ethereum.instructions [DEBUG]: Evaluating SWAP1 at 104
mythril.laser.ethereum.instructions [DEBUG]: Evaluating PUSH1 at 176
mythril.laser.ethereum.instructions [DEBUG]: Evaluating JUMP at 172
mythril.laser.ethereum.instructions [DEBUG]: Evaluating SWAP1 at 104
mythril.laser.ethereum.instructions [DEBUG]: Evaluating SWAP1 at 177
mythril.laser.ethereum.instructions [DEBUG]: Evaluating JUMPDEST at 47
mythril.laser.ethereum.instructions [DEBUG]: Evaluating SWAP2 at 105
mythril.laser.ethereum.instructions [DEBUG]: Evaluating SWAP1 at 177
mythril.laser.ethereum.instructions [DEBUG]: Evaluating JUMPDEST at 47
mythril.laser.ethereum.instructions [DEBUG]: Evaluating SWAP2 at 105
mythril.laser.ethereum.instructions [DEBUG]: Evaluating DUP2 at 178
mythril.analysis.module.base [DEBUG]: Entering analysis module: IntegerArithmetics
mythril.support.model [DEBUG]: Timeout/Error encountered while solving expression using z3
mythril.analysis.module.base [DEBUG]: Exiting analysis module: IntegerArithmetics
mythril.analysis.module.base [DEBUG]: Entering analysis module: UncheckedRetval
mythril.analysis.module.base [DEBUG]: Exiting analysis module: UncheckedRetval
mythril.laser.ethereum.instructions [DEBUG]: Evaluating STOP at 48
mythril.laser.ethereum.svm [DEBUG]: Ending transaction MessageCallTransaction 2 from sender_2 to                                        0x0.
mythril.laser.ethereum.instructions [DEBUG]: Evaluating DUP2 at 106
mythril.laser.ethereum.instructions [DEBUG]: Evaluating DUP2 at 178
mythril.analysis.module.base [DEBUG]: Entering analysis module: IntegerArithmetics
mythril.analysis.module.base [DEBUG]: Exiting analysis module: IntegerArithmetics
mythril.analysis.module.base [DEBUG]: Entering analysis module: UncheckedRetval
mythril.analysis.module.base [DEBUG]: Exiting analysis module: UncheckedRetval
mythril.laser.ethereum.instructions [DEBUG]: Evaluating STOP at 48
mythril.laser.ethereum.svm [DEBUG]: Ending transaction MessageCallTransaction 3 from sender_3 to                                        0x0.
mythril.laser.ethereum.instructions [DEBUG]: Evaluating DUP2 at 106
mythril.laser.ethereum.instructions [DEBUG]: Evaluating MSTORE at 179
mythril.laser.ethereum.instructions [DEBUG]: Evaluating DUP2 at 107
mythril.laser.ethereum.instructions [DEBUG]: Evaluating MSTORE at 179
mythril.laser.ethereum.instructions [DEBUG]: Evaluating DUP2 at 107
mythril.laser.ethereum.instructions [DEBUG]: Evaluating PUSH1 at 180
mythril.laser.ethereum.instructions [DEBUG]: Evaluating DUP2 at 108
mythril.laser.ethereum.instructions [DEBUG]: Evaluating PUSH1 at 180
mythril.laser.ethereum.instructions [DEBUG]: Evaluating DUP2 at 108
mythril.laser.ethereum.instructions [DEBUG]: Evaluating DUP2 at 181
mythril.laser.ethereum.instructions [DEBUG]: Evaluating DUP6 at 109
mythril.laser.ethereum.instructions [DEBUG]: Evaluating DUP2 at 181
mythril.laser.ethereum.instructions [DEBUG]: Evaluating DUP6 at 109
mythril.laser.ethereum.instructions [DEBUG]: Evaluating SWAP1 at 182
mythril.laser.ethereum.instructions [DEBUG]: Evaluating DUP8 at 110
mythril.laser.ethereum.instructions [DEBUG]: Evaluating SWAP1 at 182
mythril.laser.ethereum.instructions [DEBUG]: Evaluating DUP8 at 110
mythril.laser.ethereum.instructions [DEBUG]: Evaluating MSTORE at 183
mythril.laser.ethereum.instructions [DEBUG]: Evaluating GAS at 111
mythril.laser.ethereum.instructions [DEBUG]: Evaluating MSTORE at 183
mythril.laser.ethereum.instructions [DEBUG]: Evaluating GAS at 111
mythril.laser.ethereum.instructions [DEBUG]: Evaluating PUSH1 at 184
mythril.laser.ethereum.instructions [DEBUG]: Evaluating CALLER at 112
mythril.laser.ethereum.instructions [DEBUG]: Evaluating PUSH1 at 184
mythril.laser.ethereum.instructions [DEBUG]: Evaluating CALLER at 112
mythril.laser.ethereum.instructions [DEBUG]: Evaluating SWAP1 at 185
mythril.laser.ethereum.instructions [DEBUG]: Evaluating PUSH1 at 113
mythril.laser.ethereum.instructions [DEBUG]: Evaluating SWAP1 at 185
mythril.laser.ethereum.instructions [DEBUG]: Evaluating PUSH1 at 113
mythril.laser.ethereum.instructions [DEBUG]: Evaluating SHA3 at 186
mythril.laser.ethereum.instructions [DEBUG]: Evaluating MSTORE at 114
mythril.laser.ethereum.instructions [DEBUG]: Evaluating SHA3 at 186
mythril.laser.ethereum.instructions [DEBUG]: Evaluating MSTORE at 114
mythril.laser.ethereum.instructions [DEBUG]: Evaluating SLOAD at 187
mythril.laser.ethereum.instructions [DEBUG]: Evaluating PUSH1 at 115
mythril.laser.ethereum.instructions [DEBUG]: Evaluating SLOAD at 187
mythril.laser.ethereum.instructions [DEBUG]: Evaluating PUSH1 at 115
mythril.laser.ethereum.instructions [DEBUG]: Evaluating SWAP1 at 188
mythril.laser.ethereum.instructions [DEBUG]: Evaluating PUSH1 at 116
mythril.laser.ethereum.instructions [DEBUG]: Evaluating SWAP1 at 188
mythril.laser.ethereum.instructions [DEBUG]: Evaluating PUSH1 at 116
mythril.laser.ethereum.instructions [DEBUG]: Evaluating JUMP at 189
mythril.laser.ethereum.instructions [DEBUG]: Evaluating MSTORE at 117
mythril.laser.ethereum.instructions [DEBUG]: Evaluating JUMP at 189
mythril.laser.ethereum.instructions [DEBUG]: Evaluating MSTORE at 117
mythril.laser.ethereum.instructions [DEBUG]: Evaluating JUMPDEST at 71
mythril.laser.ethereum.instructions [DEBUG]: Evaluating PUSH1 at 118
mythril.laser.ethereum.instructions [DEBUG]: Evaluating JUMPDEST at 71
mythril.laser.ethereum.instructions [DEBUG]: Evaluating PUSH1 at 118
mythril.laser.ethereum.instructions [DEBUG]: Evaluating PUSH1 at 72
mythril.laser.ethereum.instructions [DEBUG]: Evaluating PUSH1 at 119
mythril.laser.ethereum.instructions [DEBUG]: Evaluating PUSH1 at 72
mythril.laser.ethereum.instructions [DEBUG]: Evaluating PUSH1 at 119
mythril.laser.ethereum.instructions [DEBUG]: Evaluating DUP1 at 73
mythril.laser.ethereum.instructions [DEBUG]: Evaluating PUSH1 at 120
mythril.laser.ethereum.instructions [DEBUG]: Evaluating DUP1 at 73
mythril.laser.ethereum.instructions [DEBUG]: Evaluating PUSH1 at 120
mythril.laser.ethereum.instructions [DEBUG]: Evaluating MLOAD at 74
mythril.laser.ethereum.instructions [DEBUG]: Evaluating SHA3 at 121
mythril.laser.ethereum.instructions [DEBUG]: Evaluating MLOAD at 74
mythril.laser.ethereum.instructions [DEBUG]: Evaluating SHA3 at 121
mythril.laser.ethereum.instructions [DEBUG]: Evaluating SWAP2 at 75
mythril.analysis.module.base [DEBUG]: Entering analysis module: ArbitraryStorage
mythril.analysis.module.base [DEBUG]: Exiting analysis module: ArbitraryStorage
mythril.analysis.module.base [DEBUG]: Entering analysis module: IntegerArithmetics
mythril.analysis.module.base [DEBUG]: Exiting analysis module: IntegerArithmetics
mythril.analysis.module.base [DEBUG]: Entering analysis module: StateChangeAfterCall
mythril.analysis.module.base [DEBUG]: Exiting analysis module: StateChangeAfterCall
mythril.laser.ethereum.instructions [DEBUG]: Evaluating SSTORE at 122
mythril.laser.ethereum.instructions [DEBUG]: Evaluating SWAP2 at 75
mythril.analysis.module.base [DEBUG]: Entering analysis module: ArbitraryStorage
mythril.analysis.module.base [DEBUG]: Exiting analysis module: ArbitraryStorage
mythril.analysis.module.base [DEBUG]: Entering analysis module: IntegerArithmetics
mythril.analysis.module.base [DEBUG]: Exiting analysis module: IntegerArithmetics
mythril.analysis.module.base [DEBUG]: Entering analysis module: StateChangeAfterCall
mythril.analysis.module.base [DEBUG]: Exiting analysis module: StateChangeAfterCall
mythril.laser.ethereum.instructions [DEBUG]: Evaluating SSTORE at 122
mythril.laser.ethereum.instructions [DEBUG]: Evaluating DUP3 at 76
mythril.analysis.module.base [DEBUG]: Entering analysis module: IntegerArithmetics
mythril.analysis.module.base [DEBUG]: Exiting analysis module: IntegerArithmetics
mythril.analysis.module.base [DEBUG]: Entering analysis module: StateChangeAfterCall
mythril.analysis.module.base [DEBUG]: Exiting analysis module: StateChangeAfterCall
mythril.laser.ethereum.instructions [DEBUG]: Evaluating CALL at 123
mythril.laser.ethereum.call [DEBUG]: Symbolic call encountered
mythril.laser.ethereum.call [DEBUG]: CALL to: sender_2
mythril.laser.ethereum.instructions [DEBUG]: The call is related to ether transfer between accounts
mythril.analysis.module.base [DEBUG]: Entering analysis module: EtherThief
mythril.support.model [DEBUG]: Timeout/Error encountered while solving expression using z3
mythril.analysis.module.base [DEBUG]: Exiting analysis module: EtherThief
mythril.analysis.module.base [DEBUG]: Entering analysis module: UncheckedRetval
mythril.analysis.module.modules.unchecked_retval [DEBUG]: End of call, extracting retval
mythril.analysis.module.base [DEBUG]: Exiting analysis module: UncheckedRetval
mythril.laser.ethereum.instructions [DEBUG]: Evaluating DUP3 at 76
mythril.analysis.module.base [DEBUG]: Entering analysis module: IntegerArithmetics
mythril.analysis.module.base [DEBUG]: Exiting analysis module: IntegerArithmetics
mythril.analysis.module.base [DEBUG]: Entering analysis module: StateChangeAfterCall
mythril.analysis.module.base [DEBUG]: Exiting analysis module: StateChangeAfterCall
mythril.laser.ethereum.instructions [DEBUG]: Evaluating CALL at 123
mythril.laser.ethereum.call [DEBUG]: Symbolic call encountered
mythril.laser.ethereum.call [DEBUG]: CALL to: sender_3
mythril.laser.ethereum.instructions [DEBUG]: The call is related to ether transfer between accounts
mythril.analysis.module.base [DEBUG]: Entering analysis module: EtherThief
mythril.analysis.module.base [DEBUG]: Exiting analysis module: EtherThief
mythril.analysis.module.base [DEBUG]: Entering analysis module: UncheckedRetval
mythril.analysis.module.modules.unchecked_retval [DEBUG]: End of call, extracting retval
mythril.analysis.module.base [DEBUG]: Exiting analysis module: UncheckedRetval
mythril.laser.ethereum.instructions [DEBUG]: Evaluating MSTORE at 77
mythril.laser.ethereum.instructions [DEBUG]: Evaluating SWAP3 at 124
mythril.laser.ethereum.instructions [DEBUG]: Evaluating MSTORE at 77
mythril.laser.ethereum.instructions [DEBUG]: Evaluating SWAP3 at 124
mythril.laser.ethereum.instructions [DEBUG]: Evaluating MLOAD at 78
mythril.laser.ethereum.instructions [DEBUG]: Evaluating POP at 125
mythril.laser.ethereum.instructions [DEBUG]: Evaluating MLOAD at 78
mythril.laser.ethereum.instructions [DEBUG]: Evaluating POP at 125
mythril.laser.ethereum.instructions [DEBUG]: Evaluating SWAP1 at 79
mythril.laser.ethereum.instructions [DEBUG]: Evaluating POP at 126
mythril.laser.ethereum.instructions [DEBUG]: Evaluating SWAP1 at 79
mythril.laser.ethereum.instructions [DEBUG]: Evaluating POP at 126
mythril.laser.ethereum.instructions [DEBUG]: Evaluating DUP2 at 80
mythril.laser.ethereum.instructions [DEBUG]: Evaluating POP at 127
mythril.laser.ethereum.instructions [DEBUG]: Evaluating DUP2 at 80
mythril.laser.ethereum.instructions [DEBUG]: Evaluating POP at 127
mythril.laser.ethereum.instructions [DEBUG]: Evaluating SWAP1 at 81
mythril.laser.ethereum.instructions [DEBUG]: Evaluating ISZERO at 128
mythril.laser.ethereum.instructions [DEBUG]: Evaluating SWAP1 at 81
mythril.laser.ethereum.instructions [DEBUG]: Evaluating ISZERO at 128
mythril.analysis.module.base [DEBUG]: Entering analysis module: IntegerArithmetics
mythril.analysis.module.base [DEBUG]: Exiting analysis module: IntegerArithmetics
mythril.laser.ethereum.instructions [DEBUG]: Evaluating SUB at 82
mythril.laser.ethereum.instructions [DEBUG]: Evaluating ISZERO at 129
mythril.analysis.module.base [DEBUG]: Entering analysis module: IntegerArithmetics
mythril.analysis.module.base [DEBUG]: Exiting analysis module: IntegerArithmetics
mythril.laser.ethereum.instructions [DEBUG]: Evaluating SUB at 82
mythril.laser.ethereum.instructions [DEBUG]: Evaluating ISZERO at 129
mythril.laser.ethereum.instructions [DEBUG]: Evaluating PUSH1 at 83
mythril.laser.ethereum.instructions [DEBUG]: Evaluating PUSH2 at 130
mythril.laser.ethereum.instructions [DEBUG]: Evaluating PUSH1 at 83
mythril.laser.ethereum.instructions [DEBUG]: Evaluating PUSH2 at 130
mythril.analysis.module.base [DEBUG]: Entering analysis module: IntegerArithmetics
mythril.analysis.module.base [DEBUG]: Exiting analysis module: IntegerArithmetics
mythril.laser.ethereum.instructions [DEBUG]: Evaluating ADD at 84
mythril.analysis.module.base [DEBUG]: Entering analysis module: TxOrigin
mythril.analysis.module.base [DEBUG]: Exiting analysis module: TxOrigin
mythril.analysis.module.base [DEBUG]: Entering analysis module: IntegerArithmetics
mythril.analysis.module.base [DEBUG]: Exiting analysis module: IntegerArithmetics
mythril.laser.ethereum.instructions [DEBUG]: Evaluating JUMPI at 131
mythril.analysis.module.base [DEBUG]: Entering analysis module: IntegerArithmetics
mythril.analysis.module.base [DEBUG]: Exiting analysis module: IntegerArithmetics
mythril.laser.ethereum.instructions [DEBUG]: Evaluating ADD at 84
mythril.analysis.module.base [DEBUG]: Entering analysis module: TxOrigin
mythril.analysis.module.base [DEBUG]: Exiting analysis module: TxOrigin
mythril.analysis.module.base [DEBUG]: Entering analysis module: IntegerArithmetics
mythril.analysis.module.base [DEBUG]: Exiting analysis module: IntegerArithmetics
mythril.laser.ethereum.instructions [DEBUG]: Evaluating JUMPI at 131
mythril.laser.ethereum.instructions [DEBUG]: Evaluating SWAP1 at 85
mythril.laser.ethereum.instructions [DEBUG]: Evaluating PUSH1 at 132
mythril.laser.ethereum.instructions [DEBUG]: Evaluating JUMPDEST at 135
mythril.laser.ethereum.instructions [DEBUG]: Evaluating SWAP1 at 85
mythril.laser.ethereum.instructions [DEBUG]: Evaluating PUSH1 at 132
mythril.laser.ethereum.instructions [DEBUG]: Evaluating JUMPDEST at 135
mythril.analysis.module.base [DEBUG]: Entering analysis module: IntegerArithmetics
mythril.analysis.module.base [DEBUG]: Exiting analysis module: IntegerArithmetics
mythril.analysis.module.base [DEBUG]: Entering analysis module: UncheckedRetval
mythril.analysis.module.base [DEBUG]: Exiting analysis module: UncheckedRetval
mythril.laser.ethereum.instructions [DEBUG]: Evaluating RETURN at 86
mythril.laser.ethereum.svm [DEBUG]: Ending transaction MessageCallTransaction 2 from sender_2 to                                        0x0.
mythril.laser.ethereum.instructions [DEBUG]: Evaluating DUP1 at 133
mythril.laser.ethereum.instructions [DEBUG]: Evaluating CALLER at 136
mythril.analysis.module.base [DEBUG]: Entering analysis module: IntegerArithmetics
mythril.analysis.module.base [DEBUG]: Exiting analysis module: IntegerArithmetics
mythril.analysis.module.base [DEBUG]: Entering analysis module: UncheckedRetval
mythril.analysis.module.base [DEBUG]: Exiting analysis module: UncheckedRetval
mythril.laser.ethereum.instructions [DEBUG]: Evaluating RETURN at 86
mythril.laser.ethereum.svm [DEBUG]: Ending transaction MessageCallTransaction 3 from sender_3 to                                        0x0.
mythril.laser.ethereum.instructions [DEBUG]: Evaluating DUP1 at 133
mythril.laser.ethereum.instructions [DEBUG]: Evaluating CALLER at 136
mythril.laser.ethereum.instructions [DEBUG]: Evaluating REVERT at 134
mythril.laser.ethereum.svm [DEBUG]: Ending transaction MessageCallTransaction 2 from sender_2 to                                        0x0.
mythril.laser.ethereum.instructions [DEBUG]: Evaluating PUSH1 at 137
mythril.laser.ethereum.instructions [DEBUG]: Evaluating REVERT at 134
mythril.laser.ethereum.svm [DEBUG]: Ending transaction MessageCallTransaction 3 from sender_3 to                                        0x0.
mythril.laser.ethereum.instructions [DEBUG]: Evaluating PUSH1 at 137
mythril.laser.ethereum.instructions [DEBUG]: Evaluating SWAP1 at 138
mythril.laser.ethereum.instructions [DEBUG]: Evaluating SWAP1 at 138
mythril.laser.ethereum.instructions [DEBUG]: Evaluating DUP2 at 139
mythril.laser.ethereum.instructions [DEBUG]: Evaluating DUP2 at 139
mythril.laser.ethereum.instructions [DEBUG]: Evaluating POP at 140
mythril.laser.ethereum.instructions [DEBUG]: Evaluating POP at 140
mythril.laser.ethereum.instructions [DEBUG]: Evaluating POP at 141
mythril.laser.ethereum.instructions [DEBUG]: Evaluating POP at 141
mythril.laser.ethereum.instructions [DEBUG]: Evaluating PUSH1 at 142
mythril.laser.ethereum.instructions [DEBUG]: Evaluating PUSH1 at 142
mythril.laser.ethereum.instructions [DEBUG]: Evaluating DUP2 at 143
mythril.laser.ethereum.instructions [DEBUG]: Evaluating DUP2 at 143
mythril.laser.ethereum.instructions [DEBUG]: Evaluating SWAP1 at 144
mythril.laser.ethereum.instructions [DEBUG]: Evaluating SWAP1 at 144
mythril.laser.ethereum.instructions [DEBUG]: Evaluating POP at 145
mythril.laser.ethereum.instructions [DEBUG]: Evaluating POP at 145
mythril.laser.ethereum.instructions [DEBUG]: Evaluating POP at 146
mythril.laser.ethereum.instructions [DEBUG]: Evaluating POP at 146
mythril.laser.ethereum.instructions [DEBUG]: Evaluating PUSH1 at 147
mythril.laser.ethereum.instructions [DEBUG]: Evaluating PUSH1 at 147
mythril.laser.ethereum.instructions [DEBUG]: Evaluating DUP2 at 148
mythril.laser.ethereum.instructions [DEBUG]: Evaluating DUP2 at 148
mythril.laser.ethereum.instructions [DEBUG]: Evaluating POP at 149
mythril.laser.ethereum.instructions [DEBUG]: Evaluating POP at 149
mythril.laser.ethereum.instructions [DEBUG]: Evaluating POP at 150
mythril.laser.ethereum.instructions [DEBUG]: Evaluating POP at 150
mythril.laser.ethereum.instructions [DEBUG]: Evaluating POP at 151
mythril.laser.ethereum.instructions [DEBUG]: Evaluating POP at 151
mythril.laser.ethereum.instructions [DEBUG]: Evaluating JUMP at 152
mythril.laser.ethereum.instructions [DEBUG]: Evaluating JUMP at 152
mythril.laser.ethereum.instructions [DEBUG]: Evaluating JUMPDEST at 47
mythril.laser.ethereum.instructions [DEBUG]: Evaluating JUMPDEST at 47
mythril.analysis.module.base [DEBUG]: Entering analysis module: IntegerArithmetics
mythril.analysis.module.base [DEBUG]: Exiting analysis module: IntegerArithmetics
mythril.analysis.module.base [DEBUG]: Entering analysis module: UncheckedRetval
mythril.analysis.module.base [DEBUG]: Exiting analysis module: UncheckedRetval
mythril.laser.ethereum.instructions [DEBUG]: Evaluating STOP at 48
mythril.laser.ethereum.svm [DEBUG]: Ending transaction MessageCallTransaction 2 from sender_2 to                                        0x0.
mythril.analysis.module.base [DEBUG]: Entering analysis module: IntegerArithmetics
mythril.analysis.module.base [DEBUG]: Exiting analysis module: IntegerArithmetics
mythril.analysis.module.base [DEBUG]: Entering analysis module: UncheckedRetval
mythril.analysis.module.base [DEBUG]: Exiting analysis module: UncheckedRetval
mythril.laser.ethereum.instructions [DEBUG]: Evaluating STOP at 48
mythril.laser.ethereum.svm [DEBUG]: Ending transaction MessageCallTransaction 3 from sender_3 to                                        0x0.
mythril.laser.plugin.plugins.coverage.coverage_plugin [INFO]: Number of new instructions covered in tx 1: 0
mythril.laser.ethereum.svm [INFO]: Finished symbolic execution
mythril.laser.plugin.plugins.coverage.coverage_plugin [INFO]: Achieved 99.48% coverage for code: 6080604052600436106100565763ffffffff7c01000000000000000000000000000000000000000000000000000000006000350416635fd8c710811461005b578063c0e317fb14610072578063f8b2cb4f1461007a575b600080fd5b34801561006757600080fd5b506100706100ba565b005b61007061010b565b34801561008657600080fd5b506100a873ffffffffffffffffffffffffffffffffffffffff60043516610122565b60408051918252519081900360200190f35b33600081815260208190526040808220549051909181818185875a3360005260006020526000604060002055f19250505015156100f657600080fd5b33600090815050602081905050604081505050565b336000908152602081905260409020805434019055565b73ffffffffffffffffffffffffffffffffffffffff16600090815260208190526040902054905600
mythril.laser.plugin.plugins.instruction_profiler [INFO]: Total: 4.006967782974243 s
[ADD         ]   0.1153 %,  nr      6,  total   0.0046 s,  avg   0.0008 s,  min   0.0004 s,  max   0.0012 s
[AND         ]   0.2290 %,  nr      9,  total   0.0092 s,  avg   0.0010 s,  min   0.0006 s,  max   0.0034 s
[CALL        ]   0.2865 %,  nr      3,  total   0.0115 s,  avg   0.0038 s,  min   0.0024 s,  max   0.0056 s
[CALLDATALOAD]   2.4438 %,  nr      6,  total   0.0979 s,  avg   0.0163 s,  min   0.0136 s,  max   0.0243 s
[CALLDATASIZE]   0.0634 %,  nr      3,  total   0.0025 s,  avg   0.0008 s,  min   0.0007 s,  max   0.0011 s
[CALLER      ]   0.4803 %,  nr     12,  total   0.0192 s,  avg   0.0016 s,  min   0.0004 s,  max   0.0070 s
[CALLVALUE   ]   0.1268 %,  nr      9,  total   0.0051 s,  avg   0.0006 s,  min   0.0005 s,  max   0.0009 s
[DIV         ]   0.0713 %,  nr      3,  total   0.0029 s,  avg   0.0010 s,  min   0.0009 s,  max   0.0010 s
[DUP1        ]   0.8494 %,  nr     34,  total   0.0340 s,  avg   0.0010 s,  min   0.0005 s,  max   0.0054 s
[DUP2        ]   1.7989 %,  nr     45,  total   0.0721 s,  avg   0.0016 s,  min   0.0003 s,  max   0.0071 s
[DUP3        ]   0.1805 %,  nr      6,  total   0.0072 s,  avg   0.0012 s,  min   0.0005 s,  max   0.0033 s
[DUP6        ]   0.3157 %,  nr      3,  total   0.0126 s,  avg   0.0042 s,  min   0.0005 s,  max   0.0062 s
[DUP8        ]   0.2835 %,  nr      3,  total   0.0114 s,  avg   0.0038 s,  min   0.0006 s,  max   0.0056 s
[EQ          ]   0.1337 %,  nr      9,  total   0.0054 s,  avg   0.0006 s,  min   0.0006 s,  max   0.0007 s
[GAS         ]   0.4632 %,  nr      3,  total   0.0186 s,  avg   0.0062 s,  min   0.0008 s,  max   0.0095 s
[ISZERO      ]   0.2050 %,  nr     12,  total   0.0082 s,  avg   0.0007 s,  min   0.0004 s,  max   0.0009 s
[JUMP        ]   1.0199 %,  nr     18,  total   0.0409 s,  avg   0.0023 s,  min   0.0009 s,  max   0.0123 s
[JUMPDEST    ]   0.9719 %,  nr     40,  total   0.0389 s,  avg   0.0010 s,  min   0.0003 s,  max   0.0053 s
[JUMPI       ]   1.2198 %,  nr     21,  total   0.0489 s,  avg   0.0023 s,  min   0.0011 s,  max   0.0043 s
[LT          ]   0.0634 %,  nr      3,  total   0.0025 s,  avg   0.0008 s,  min   0.0007 s,  max   0.0011 s
[MLOAD       ]   8.5787 %,  nr      9,  total   0.3437 s,  avg   0.0382 s,  min   0.0096 s,  max   0.1550 s
[MSTORE      ]  38.6484 %,  nr     30,  total   1.5486 s,  avg   0.0516 s,  min   0.0066 s,  max   0.2264 s
[POP         ]   0.4724 %,  nr     36,  total   0.0189 s,  avg   0.0005 s,  min   0.0003 s,  max   0.0012 s
[PUSH1       ]   4.2650 %,  nr     88,  total   0.1709 s,  avg   0.0019 s,  min   0.0003 s,  max   0.0111 s
[PUSH2       ]   0.6472 %,  nr     39,  total   0.0259 s,  avg   0.0007 s,  min   0.0003 s,  max   0.0014 s
[PUSH20      ]   0.1639 %,  nr      6,  total   0.0066 s,  avg   0.0011 s,  min   0.0006 s,  max   0.0025 s
[PUSH29      ]   0.0600 %,  nr      3,  total   0.0024 s,  avg   0.0008 s,  min   0.0006 s,  max   0.0012 s
[PUSH4       ]   0.2400 %,  nr     12,  total   0.0096 s,  avg   0.0008 s,  min   0.0005 s,  max   0.0017 s
[SHA3        ]  32.8150 %,  nr     12,  total   1.3149 s,  avg   0.1096 s,  min   0.0313 s,  max   0.2975 s
[SLOAD       ]   0.5216 %,  nr      9,  total   0.0209 s,  avg   0.0023 s,  min   0.0007 s,  max   0.0097 s
[SSTORE      ]   0.3069 %,  nr      6,  total   0.0123 s,  avg   0.0020 s,  min   0.0006 s,  max   0.0047 s
[SUB         ]   0.0347 %,  nr      3,  total   0.0014 s,  avg   0.0005 s,  min   0.0004 s,  max   0.0006 s
[SWAP1       ]   1.5885 %,  nr     48,  total   0.0636 s,  avg   0.0013 s,  min   0.0003 s,  max   0.0076 s
[SWAP2       ]   0.2861 %,  nr      6,  total   0.0115 s,  avg   0.0019 s,  min   0.0005 s,  max   0.0055 s
[SWAP3       ]   0.0503 %,  nr      3,  total   0.0020 s,  avg   0.0007 s,  min   0.0006 s,  max   0.0008 s

mythril.analysis.security [INFO]: Starting analysis
mythril.analysis.security [DEBUG]: Retrieving results for Caller can write to arbitrary storage locations
mythril.analysis.security [DEBUG]: Retrieving results for Delegatecall to a user-specified address
mythril.analysis.security [DEBUG]: Retrieving results for Control flow depends on tx.origin
mythril.analysis.security [DEBUG]: Retrieving results for Any sender can withdraw ETH from the contract account
mythril.analysis.security [DEBUG]: Retrieving results for Integer overflow or underflow
mythril.analysis.security [DEBUG]: Retrieving results for State change after an external call
mythril.analysis.security [DEBUG]: Retrieving results for Contract can be accidentally killed by anyone
mythril.analysis.security [DEBUG]: Retrieving results for Return value of an external call is not checked
mythril.mythril.mythril_analyzer [INFO]: Solver statistics: 
Query count: 93 
Solver time: 32.82184433937073
{"error": null, "issues": [], "success": true}
