 ______     __         __  __     ______     __     __  __     __    __    
/\  ___\   /\ \       /\ \_\ \   /\  ___\   /\ \   /\ \/\ \   /\ "-./  \   
\ \  __\   \ \ \____  \ \____ \  \ \___  \  \ \ \  \ \ \_\ \  \ \ \-./\ \  
 \ \_____\  \ \_____\  \/\_____\  \/\_____\  \ \_\  \ \_____\  \ \_\ \ \_\ 
  \/_____/   \/_____/   \/_____/   \/_____/   \/_/   \/_____/   \/_/  \/_/ 
                                                                           
Compiling source code...
Retrieving bytecode for contract 'HomeyJar'.
Please wait. Scanning bytecode for bugs...
Running Osiris...
Finished running Osiris. Execution time 22.602432250976562 seconds. Code coverage 99.8%.
Running Oyente...
Finished running Oyente. Execution time 0.8039355278015137 seconds. Code coverage 55.9%.
Running Mythril...
Finished running Mythril. Execution time 29.19261360168457 seconds. Code coverage 65.31%.
Detected 1 bug(s):
--> Detected 'leaking ether' bug at program counter address 680 (0x2a8) using Mythril with a code coverage of 65.31%.
Exporting original control-flow graph...
Recovering control-flow graph...
Recovered 100% of the control-flow graph
Number of execution paths accessing storage: 7
Runtime bytecode size: 741 bytes (original: 705 bytes) 5.1063829787234045% increase.
Metadata: 0xa165627a7a723058202fdbb49d81c280e16a611c5a992984b508b99371928fe7677f53d5fd40fbaaec0029
Exporting patched control-flow graph...
