mythril.mythril.mythril_config [INFO]: Creating mythril data directory 
mythril.mythril.mythril_config [INFO]: No config file found. Creating default: /root/.mythril/config.ini 
mythril.mythril.mythril_config [INFO]: Infura key not provided, so onchain access is disabled. Use --infura-id <INFURA_ID> or set it in the environment variable INFURA_ID or in the ~/.mythril/config.ini file 
mythril.support.signatures [INFO]: Using signature database at /root/.mythril/signatures.db
mythril.laser.ethereum.svm [INFO]: LASER EVM initialized with dynamic loader: <mythril.support.loader.DynLoader object at 0x733cd006cdc0>
mythril.laser.ethereum.strategy.extensions.bounded_loops [INFO]: Loaded search strategy extension: Loop bounds (limit = 3)
mythril.laser.plugin.loader [INFO]: Loading laser plugin: coverage
mythril.laser.plugin.loader [INFO]: Loading laser plugin: mutation-pruner
mythril.laser.plugin.loader [INFO]: Loading laser plugin: call-depth-limit
mythril.laser.plugin.loader [INFO]: Loading laser plugin: instruction-profiler
mythril.laser.plugin.loader [INFO]: Loading laser plugin: dependency-pruner
mythril.laser.plugin.loader [INFO]: Instrumenting symbolic vm with plugin: coverage
mythril.laser.plugin.loader [INFO]: Instrumenting symbolic vm with plugin: mutation-pruner
mythril.laser.plugin.loader [INFO]: Instrumenting symbolic vm with plugin: call-depth-limit
mythril.laser.plugin.loader [INFO]: Instrumenting symbolic vm with plugin: instruction-profiler
mythril.laser.plugin.loader [INFO]: Instrumenting symbolic vm with plugin: dependency-pruner
mythril.laser.ethereum.svm [DEBUG]: Starting LASER execution
mythril.laser.ethereum.svm [INFO]: Starting message call transaction to 0
mythril.laser.ethereum.svm [INFO]: Starting message call transaction, iteration: 0, 1 initial states
mythril.laser.ethereum.instructions [DEBUG]: Evaluating PUSH1 at 0
mythril.laser.ethereum.instructions [DEBUG]: Evaluating PUSH1 at 1
mythril.laser.ethereum.instructions [DEBUG]: Evaluating MSTORE at 2
mythril.laser.ethereum.instructions [DEBUG]: Evaluating PUSH1 at 3
mythril.laser.ethereum.instructions [DEBUG]: Evaluating CALLDATASIZE at 4
mythril.laser.ethereum.instructions [DEBUG]: Evaluating LT at 5
mythril.laser.ethereum.instructions [DEBUG]: Evaluating PUSH2 at 6
mythril.analysis.module.base [DEBUG]: Entering analysis module: TxOrigin
mythril.analysis.module.base [DEBUG]: Exiting analysis module: TxOrigin
mythril.analysis.module.base [DEBUG]: Entering analysis module: IntegerArithmetics
mythril.analysis.module.base [DEBUG]: Exiting analysis module: IntegerArithmetics
mythril.laser.ethereum.instructions [DEBUG]: Evaluating JUMPI at 7
mythril.laser.ethereum.instructions [DEBUG]: Evaluating PUSH1 at 8
mythril.laser.ethereum.instructions [DEBUG]: Evaluating JUMPDEST at 25
mythril.laser.ethereum.instructions [DEBUG]: Evaluating CALLDATALOAD at 9
mythril.analysis.module.base [DEBUG]: Entering analysis module: IntegerArithmetics
mythril.analysis.module.base [DEBUG]: Exiting analysis module: IntegerArithmetics
mythril.analysis.module.base [DEBUG]: Entering analysis module: UncheckedRetval
mythril.analysis.module.base [DEBUG]: Exiting analysis module: UncheckedRetval
mythril.laser.ethereum.instructions [DEBUG]: Evaluating STOP at 26
mythril.laser.ethereum.svm [DEBUG]: Ending transaction MessageCallTransaction 1 from sender_1 to                                        0x0.
mythril.laser.ethereum.instructions [DEBUG]: Evaluating PUSH29 at 10
mythril.laser.ethereum.instructions [DEBUG]: Evaluating SWAP1 at 11
mythril.laser.ethereum.instructions [DEBUG]: Evaluating DIV at 12
mythril.laser.ethereum.instructions [DEBUG]: Evaluating PUSH4 at 13
mythril.laser.ethereum.instructions [DEBUG]: Evaluating AND at 14
mythril.laser.ethereum.instructions [DEBUG]: Evaluating DUP1 at 15
mythril.laser.ethereum.instructions [DEBUG]: Evaluating PUSH4 at 16
mythril.laser.ethereum.instructions [DEBUG]: Evaluating EQ at 17
mythril.laser.ethereum.instructions [DEBUG]: Evaluating PUSH2 at 18
mythril.analysis.module.base [DEBUG]: Entering analysis module: TxOrigin
mythril.analysis.module.base [DEBUG]: Exiting analysis module: TxOrigin
mythril.analysis.module.base [DEBUG]: Entering analysis module: IntegerArithmetics
mythril.analysis.module.base [DEBUG]: Exiting analysis module: IntegerArithmetics
mythril.laser.ethereum.instructions [DEBUG]: Evaluating JUMPI at 19
mythril.laser.ethereum.svm [DEBUG]: - Entering function MAIN:unknown
mythril.laser.ethereum.instructions [DEBUG]: Evaluating DUP1 at 20
mythril.laser.ethereum.instructions [DEBUG]: Evaluating JUMPDEST at 27
mythril.laser.ethereum.instructions [DEBUG]: Evaluating PUSH4 at 21
mythril.laser.ethereum.instructions [DEBUG]: Evaluating CALLVALUE at 28
mythril.laser.ethereum.instructions [DEBUG]: Evaluating EQ at 22
mythril.laser.ethereum.instructions [DEBUG]: Evaluating DUP1 at 29
mythril.laser.ethereum.instructions [DEBUG]: Evaluating PUSH2 at 23
mythril.laser.ethereum.instructions [DEBUG]: Evaluating ISZERO at 30
mythril.analysis.module.base [DEBUG]: Entering analysis module: TxOrigin
mythril.analysis.module.base [DEBUG]: Exiting analysis module: TxOrigin
mythril.analysis.module.base [DEBUG]: Entering analysis module: IntegerArithmetics
mythril.analysis.module.base [DEBUG]: Exiting analysis module: IntegerArithmetics
mythril.laser.ethereum.instructions [DEBUG]: Evaluating JUMPI at 24
mythril.laser.ethereum.svm [DEBUG]: - Entering function MAIN:unknown
mythril.laser.ethereum.instructions [DEBUG]: Evaluating PUSH2 at 31
mythril.laser.ethereum.instructions [DEBUG]: Evaluating JUMPDEST at 25
mythril.laser.ethereum.instructions [DEBUG]: Evaluating JUMPDEST at 43
mythril.analysis.module.base [DEBUG]: Entering analysis module: TxOrigin
mythril.analysis.module.base [DEBUG]: Exiting analysis module: TxOrigin
mythril.analysis.module.base [DEBUG]: Entering analysis module: IntegerArithmetics
mythril.analysis.module.base [DEBUG]: Exiting analysis module: IntegerArithmetics
mythril.laser.ethereum.instructions [DEBUG]: Evaluating JUMPI at 32
mythril.analysis.module.base [DEBUG]: Entering analysis module: IntegerArithmetics
mythril.analysis.module.base [DEBUG]: Exiting analysis module: IntegerArithmetics
mythril.analysis.module.base [DEBUG]: Entering analysis module: UncheckedRetval
mythril.analysis.module.base [DEBUG]: Exiting analysis module: UncheckedRetval
mythril.laser.ethereum.instructions [DEBUG]: Evaluating STOP at 26
mythril.laser.ethereum.svm [DEBUG]: Ending transaction MessageCallTransaction 1 from sender_1 to                                        0x0.
mythril.laser.ethereum.instructions [DEBUG]: Evaluating CALLVALUE at 44
mythril.laser.ethereum.instructions [DEBUG]: Evaluating PUSH1 at 33
mythril.laser.ethereum.instructions [DEBUG]: Evaluating JUMPDEST at 36
mythril.laser.ethereum.instructions [DEBUG]: Evaluating DUP1 at 45
mythril.laser.ethereum.instructions [DEBUG]: Evaluating DUP1 at 34
mythril.laser.ethereum.instructions [DEBUG]: Evaluating POP at 37
mythril.laser.ethereum.instructions [DEBUG]: Evaluating ISZERO at 46
mythril.laser.ethereum.instructions [DEBUG]: Evaluating REVERT at 35
mythril.laser.ethereum.svm [DEBUG]: Ending transaction MessageCallTransaction 1 from sender_1 to                                        0x0.
mythril.laser.ethereum.instructions [DEBUG]: Evaluating PUSH2 at 38
mythril.laser.ethereum.instructions [DEBUG]: Evaluating PUSH2 at 47
mythril.laser.ethereum.instructions [DEBUG]: Evaluating PUSH2 at 39
mythril.analysis.module.base [DEBUG]: Entering analysis module: TxOrigin
mythril.analysis.module.base [DEBUG]: Exiting analysis module: TxOrigin
mythril.analysis.module.base [DEBUG]: Entering analysis module: IntegerArithmetics
mythril.analysis.module.base [DEBUG]: Exiting analysis module: IntegerArithmetics
mythril.laser.ethereum.instructions [DEBUG]: Evaluating JUMPI at 48
mythril.laser.ethereum.instructions [DEBUG]: Evaluating JUMP at 40
mythril.laser.ethereum.instructions [DEBUG]: Evaluating PUSH1 at 49
mythril.laser.ethereum.instructions [DEBUG]: Evaluating JUMPDEST at 52
mythril.laser.ethereum.instructions [DEBUG]: Evaluating JUMPDEST at 59
mythril.laser.ethereum.instructions [DEBUG]: Evaluating DUP1 at 50
mythril.laser.ethereum.instructions [DEBUG]: Evaluating POP at 53
mythril.laser.ethereum.instructions [DEBUG]: Evaluating PUSH1 at 60
mythril.laser.ethereum.instructions [DEBUG]: Evaluating REVERT at 51
mythril.laser.ethereum.svm [DEBUG]: Ending transaction MessageCallTransaction 1 from sender_1 to                                        0x0.
mythril.laser.ethereum.instructions [DEBUG]: Evaluating PUSH2 at 54
mythril.laser.ethereum.instructions [DEBUG]: Evaluating DUP1 at 61
mythril.laser.ethereum.instructions [DEBUG]: Evaluating PUSH2 at 55
mythril.laser.ethereum.instructions [DEBUG]: Evaluating SWAP1 at 62
mythril.laser.ethereum.instructions [DEBUG]: Evaluating JUMP at 56
mythril.laser.ethereum.instructions [DEBUG]: Evaluating SLOAD at 63
mythril.laser.ethereum.instructions [DEBUG]: Evaluating JUMPDEST at 141
mythril.laser.ethereum.instructions [DEBUG]: Evaluating SWAP1 at 64
mythril.laser.ethereum.instructions [DEBUG]: Evaluating CALLER at 142
mythril.laser.ethereum.instructions [DEBUG]: Evaluating PUSH2 at 65
mythril.laser.ethereum.instructions [DEBUG]: Evaluating PUSH1 at 143
mythril.analysis.module.base [DEBUG]: Entering analysis module: IntegerArithmetics
mythril.analysis.module.base [DEBUG]: Exiting analysis module: IntegerArithmetics
mythril.laser.ethereum.instructions [DEBUG]: Evaluating EXP at 66
mythril.laser.ethereum.instructions [DEBUG]: Evaluating DUP1 at 144
mythril.laser.ethereum.instructions [DEBUG]: Evaluating SWAP1 at 67
mythril.laser.ethereum.instructions [DEBUG]: Evaluating PUSH2 at 145
mythril.laser.ethereum.instructions [DEBUG]: Evaluating DIV at 68
mythril.analysis.module.base [DEBUG]: Entering analysis module: IntegerArithmetics
mythril.analysis.module.base [DEBUG]: Exiting analysis module: IntegerArithmetics
mythril.laser.ethereum.instructions [DEBUG]: Evaluating EXP at 146
mythril.laser.ethereum.instructions [DEBUG]: Evaluating PUSH20 at 69
mythril.laser.ethereum.instructions [DEBUG]: Evaluating DUP2 at 147
mythril.laser.ethereum.instructions [DEBUG]: Evaluating AND at 70
mythril.laser.ethereum.instructions [DEBUG]: Evaluating SLOAD at 148
mythril.laser.ethereum.instructions [DEBUG]: Evaluating PUSH20 at 71
mythril.laser.ethereum.instructions [DEBUG]: Evaluating DUP2 at 149
mythril.laser.ethereum.instructions [DEBUG]: Evaluating AND at 72
mythril.laser.ethereum.instructions [DEBUG]: Evaluating PUSH20 at 150
mythril.laser.ethereum.instructions [DEBUG]: Evaluating CALLER at 73
mythril.analysis.module.base [DEBUG]: Entering analysis module: IntegerArithmetics
mythril.analysis.module.base [DEBUG]: Exiting analysis module: IntegerArithmetics
mythril.laser.ethereum.instructions [DEBUG]: Evaluating MUL at 151
mythril.laser.ethereum.instructions [DEBUG]: Evaluating PUSH20 at 74
mythril.laser.ethereum.instructions [DEBUG]: Evaluating NOT at 152
mythril.laser.ethereum.instructions [DEBUG]: Evaluating AND at 75
mythril.laser.ethereum.instructions [DEBUG]: Evaluating AND at 153
mythril.laser.ethereum.instructions [DEBUG]: Evaluating EQ at 76
mythril.laser.ethereum.instructions [DEBUG]: Evaluating SWAP1 at 154
mythril.laser.ethereum.instructions [DEBUG]: Evaluating ISZERO at 77
mythril.laser.ethereum.instructions [DEBUG]: Evaluating DUP4 at 155
mythril.laser.ethereum.instructions [DEBUG]: Evaluating ISZERO at 78
mythril.laser.ethereum.instructions [DEBUG]: Evaluating PUSH20 at 156
mythril.laser.ethereum.instructions [DEBUG]: Evaluating PUSH2 at 79
mythril.laser.ethereum.instructions [DEBUG]: Evaluating AND at 157
mythril.analysis.module.base [DEBUG]: Entering analysis module: TxOrigin
mythril.analysis.module.base [DEBUG]: Exiting analysis module: TxOrigin
mythril.analysis.module.base [DEBUG]: Entering analysis module: IntegerArithmetics
mythril.analysis.module.base [DEBUG]: Exiting analysis module: IntegerArithmetics
mythril.laser.ethereum.instructions [DEBUG]: Evaluating JUMPI at 80
mythril.analysis.module.base [DEBUG]: Entering analysis module: IntegerArithmetics
mythril.analysis.module.base [DEBUG]: Exiting analysis module: IntegerArithmetics
mythril.laser.ethereum.instructions [DEBUG]: Evaluating MUL at 158
mythril.laser.ethereum.instructions [DEBUG]: Evaluating PUSH1 at 81
mythril.laser.ethereum.instructions [DEBUG]: Evaluating OR at 159
mythril.laser.ethereum.instructions [DEBUG]: Evaluating DUP1 at 82
mythril.laser.ethereum.instructions [DEBUG]: Evaluating SWAP1 at 160
mythril.laser.ethereum.instructions [DEBUG]: Evaluating REVERT at 83
mythril.laser.ethereum.svm [DEBUG]: Ending transaction MessageCallTransaction 1 from sender_1 to                                        0x0.
mythril.analysis.module.base [DEBUG]: Entering analysis module: ArbitraryStorage
mythril.analysis.module.base [DEBUG]: Exiting analysis module: ArbitraryStorage
mythril.analysis.module.base [DEBUG]: Entering analysis module: IntegerArithmetics
mythril.analysis.module.base [DEBUG]: Exiting analysis module: IntegerArithmetics
mythril.analysis.module.base [DEBUG]: Entering analysis module: StateChangeAfterCall
mythril.analysis.module.base [DEBUG]: Exiting analysis module: StateChangeAfterCall
mythril.laser.ethereum.instructions [DEBUG]: Evaluating SSTORE at 161
mythril.laser.ethereum.instructions [DEBUG]: Evaluating POP at 162
mythril.laser.ethereum.instructions [DEBUG]: Evaluating JUMP at 163
mythril.laser.ethereum.instructions [DEBUG]: Evaluating JUMPDEST at 57
mythril.analysis.module.base [DEBUG]: Entering analysis module: IntegerArithmetics
mythril.analysis.module.base [DEBUG]: Exiting analysis module: IntegerArithmetics
mythril.analysis.module.base [DEBUG]: Entering analysis module: UncheckedRetval
mythril.analysis.module.base [DEBUG]: Exiting analysis module: UncheckedRetval
mythril.laser.ethereum.instructions [DEBUG]: Evaluating STOP at 58
mythril.laser.ethereum.svm [DEBUG]: Ending transaction MessageCallTransaction 1 from sender_1 to                                        0x0.
mythril.laser.plugin.plugins.coverage.coverage_plugin [INFO]: Number of new instructions covered in tx 0: 105
mythril.laser.ethereum.svm [INFO]: Starting message call transaction, iteration: 1, 3 initial states
mythril.laser.ethereum.instructions [DEBUG]: Evaluating PUSH1 at 0
mythril.laser.ethereum.instructions [DEBUG]: Evaluating PUSH1 at 0
mythril.laser.ethereum.instructions [DEBUG]: Evaluating PUSH1 at 0
mythril.laser.ethereum.instructions [DEBUG]: Evaluating PUSH1 at 1
mythril.laser.ethereum.instructions [DEBUG]: Evaluating PUSH1 at 1
mythril.laser.ethereum.instructions [DEBUG]: Evaluating PUSH1 at 1
mythril.laser.ethereum.instructions [DEBUG]: Evaluating MSTORE at 2
mythril.laser.ethereum.instructions [DEBUG]: Evaluating MSTORE at 2
mythril.laser.ethereum.instructions [DEBUG]: Evaluating MSTORE at 2
mythril.laser.ethereum.instructions [DEBUG]: Evaluating PUSH1 at 3
mythril.laser.ethereum.instructions [DEBUG]: Evaluating PUSH1 at 3
mythril.laser.ethereum.instructions [DEBUG]: Evaluating PUSH1 at 3
mythril.laser.ethereum.instructions [DEBUG]: Evaluating CALLDATASIZE at 4
mythril.laser.ethereum.instructions [DEBUG]: Evaluating CALLDATASIZE at 4
mythril.laser.ethereum.instructions [DEBUG]: Evaluating CALLDATASIZE at 4
mythril.laser.ethereum.instructions [DEBUG]: Evaluating LT at 5
mythril.laser.ethereum.instructions [DEBUG]: Evaluating LT at 5
mythril.laser.ethereum.instructions [DEBUG]: Evaluating LT at 5
mythril.laser.ethereum.instructions [DEBUG]: Evaluating PUSH2 at 6
mythril.laser.ethereum.instructions [DEBUG]: Evaluating PUSH2 at 6
mythril.laser.ethereum.instructions [DEBUG]: Evaluating PUSH2 at 6
mythril.analysis.module.base [DEBUG]: Entering analysis module: TxOrigin
mythril.analysis.module.base [DEBUG]: Exiting analysis module: TxOrigin
mythril.analysis.module.base [DEBUG]: Entering analysis module: IntegerArithmetics
mythril.analysis.module.base [DEBUG]: Exiting analysis module: IntegerArithmetics
mythril.laser.ethereum.instructions [DEBUG]: Evaluating JUMPI at 7
mythril.analysis.module.base [DEBUG]: Entering analysis module: TxOrigin
mythril.analysis.module.base [DEBUG]: Exiting analysis module: TxOrigin
mythril.analysis.module.base [DEBUG]: Entering analysis module: IntegerArithmetics
mythril.analysis.module.base [DEBUG]: Exiting analysis module: IntegerArithmetics
mythril.laser.ethereum.instructions [DEBUG]: Evaluating JUMPI at 7
mythril.analysis.module.base [DEBUG]: Entering analysis module: TxOrigin
mythril.analysis.module.base [DEBUG]: Exiting analysis module: TxOrigin
mythril.analysis.module.base [DEBUG]: Entering analysis module: IntegerArithmetics
mythril.analysis.module.base [DEBUG]: Exiting analysis module: IntegerArithmetics
mythril.laser.ethereum.instructions [DEBUG]: Evaluating JUMPI at 7
mythril.laser.ethereum.instructions [DEBUG]: Evaluating PUSH1 at 8
mythril.laser.ethereum.instructions [DEBUG]: Evaluating JUMPDEST at 25
mythril.laser.ethereum.instructions [DEBUG]: Evaluating PUSH1 at 8
mythril.laser.ethereum.instructions [DEBUG]: Evaluating JUMPDEST at 25
mythril.laser.ethereum.instructions [DEBUG]: Evaluating PUSH1 at 8
mythril.laser.ethereum.instructions [DEBUG]: Evaluating JUMPDEST at 25
mythril.laser.ethereum.instructions [DEBUG]: Evaluating CALLDATALOAD at 9
mythril.analysis.module.base [DEBUG]: Entering analysis module: IntegerArithmetics
mythril.analysis.module.base [DEBUG]: Exiting analysis module: IntegerArithmetics
mythril.analysis.module.base [DEBUG]: Entering analysis module: UncheckedRetval
mythril.analysis.module.base [DEBUG]: Exiting analysis module: UncheckedRetval
mythril.laser.ethereum.instructions [DEBUG]: Evaluating STOP at 26
mythril.laser.ethereum.svm [DEBUG]: Ending transaction MessageCallTransaction 2 from sender_2 to                                        0x0.
mythril.laser.ethereum.instructions [DEBUG]: Evaluating CALLDATALOAD at 9
mythril.analysis.module.base [DEBUG]: Entering analysis module: IntegerArithmetics
mythril.analysis.module.base [DEBUG]: Exiting analysis module: IntegerArithmetics
mythril.analysis.module.base [DEBUG]: Entering analysis module: UncheckedRetval
mythril.analysis.module.base [DEBUG]: Exiting analysis module: UncheckedRetval
mythril.laser.ethereum.instructions [DEBUG]: Evaluating STOP at 26
mythril.laser.ethereum.svm [DEBUG]: Ending transaction MessageCallTransaction 3 from sender_3 to                                        0x0.
mythril.laser.ethereum.instructions [DEBUG]: Evaluating CALLDATALOAD at 9
mythril.analysis.module.base [DEBUG]: Entering analysis module: IntegerArithmetics
mythril.analysis.module.base [DEBUG]: Exiting analysis module: IntegerArithmetics
mythril.analysis.module.base [DEBUG]: Entering analysis module: UncheckedRetval
mythril.analysis.module.base [DEBUG]: Exiting analysis module: UncheckedRetval
mythril.laser.ethereum.instructions [DEBUG]: Evaluating STOP at 26
mythril.laser.ethereum.svm [DEBUG]: Ending transaction MessageCallTransaction 4 from sender_4 to                                        0x0.
mythril.laser.ethereum.instructions [DEBUG]: Evaluating PUSH29 at 10
mythril.laser.ethereum.instructions [DEBUG]: Evaluating PUSH29 at 10
mythril.laser.ethereum.instructions [DEBUG]: Evaluating PUSH29 at 10
mythril.laser.ethereum.instructions [DEBUG]: Evaluating SWAP1 at 11
mythril.laser.ethereum.instructions [DEBUG]: Evaluating SWAP1 at 11
mythril.laser.ethereum.instructions [DEBUG]: Evaluating SWAP1 at 11
mythril.laser.ethereum.instructions [DEBUG]: Evaluating DIV at 12
mythril.laser.ethereum.instructions [DEBUG]: Evaluating DIV at 12
mythril.laser.ethereum.instructions [DEBUG]: Evaluating DIV at 12
mythril.laser.ethereum.instructions [DEBUG]: Evaluating PUSH4 at 13
mythril.laser.ethereum.instructions [DEBUG]: Evaluating PUSH4 at 13
mythril.laser.ethereum.instructions [DEBUG]: Evaluating PUSH4 at 13
mythril.laser.ethereum.instructions [DEBUG]: Evaluating AND at 14
mythril.laser.ethereum.instructions [DEBUG]: Evaluating AND at 14
mythril.laser.ethereum.instructions [DEBUG]: Evaluating AND at 14
mythril.laser.ethereum.instructions [DEBUG]: Evaluating DUP1 at 15
mythril.laser.ethereum.instructions [DEBUG]: Evaluating DUP1 at 15
mythril.laser.ethereum.instructions [DEBUG]: Evaluating DUP1 at 15
mythril.laser.ethereum.instructions [DEBUG]: Evaluating PUSH4 at 16
mythril.laser.ethereum.instructions [DEBUG]: Evaluating PUSH4 at 16
mythril.laser.ethereum.instructions [DEBUG]: Evaluating PUSH4 at 16
mythril.laser.ethereum.instructions [DEBUG]: Evaluating EQ at 17
mythril.laser.ethereum.instructions [DEBUG]: Evaluating EQ at 17
mythril.laser.ethereum.instructions [DEBUG]: Evaluating EQ at 17
mythril.laser.ethereum.instructions [DEBUG]: Evaluating PUSH2 at 18
mythril.laser.ethereum.instructions [DEBUG]: Evaluating PUSH2 at 18
mythril.laser.ethereum.instructions [DEBUG]: Evaluating PUSH2 at 18
mythril.analysis.module.base [DEBUG]: Entering analysis module: TxOrigin
mythril.analysis.module.base [DEBUG]: Exiting analysis module: TxOrigin
mythril.analysis.module.base [DEBUG]: Entering analysis module: IntegerArithmetics
mythril.analysis.module.base [DEBUG]: Exiting analysis module: IntegerArithmetics
mythril.laser.ethereum.instructions [DEBUG]: Evaluating JUMPI at 19
mythril.laser.ethereum.svm [DEBUG]: - Entering function MAIN:unknown
mythril.analysis.module.base [DEBUG]: Entering analysis module: TxOrigin
mythril.analysis.module.base [DEBUG]: Exiting analysis module: TxOrigin
mythril.analysis.module.base [DEBUG]: Entering analysis module: IntegerArithmetics
mythril.analysis.module.base [DEBUG]: Exiting analysis module: IntegerArithmetics
mythril.laser.ethereum.instructions [DEBUG]: Evaluating JUMPI at 19
mythril.laser.ethereum.svm [DEBUG]: - Entering function MAIN:unknown
mythril.analysis.module.base [DEBUG]: Entering analysis module: TxOrigin
mythril.analysis.module.base [DEBUG]: Exiting analysis module: TxOrigin
mythril.analysis.module.base [DEBUG]: Entering analysis module: IntegerArithmetics
mythril.analysis.module.base [DEBUG]: Exiting analysis module: IntegerArithmetics
mythril.laser.ethereum.instructions [DEBUG]: Evaluating JUMPI at 19
mythril.laser.ethereum.svm [DEBUG]: - Entering function MAIN:unknown
mythril.laser.ethereum.instructions [DEBUG]: Evaluating DUP1 at 20
mythril.laser.ethereum.instructions [DEBUG]: Evaluating JUMPDEST at 27
mythril.laser.ethereum.instructions [DEBUG]: Evaluating DUP1 at 20
mythril.laser.ethereum.instructions [DEBUG]: Evaluating JUMPDEST at 27
mythril.laser.ethereum.instructions [DEBUG]: Evaluating DUP1 at 20
mythril.laser.ethereum.instructions [DEBUG]: Evaluating JUMPDEST at 27
mythril.laser.ethereum.instructions [DEBUG]: Evaluating PUSH4 at 21
mythril.laser.ethereum.instructions [DEBUG]: Evaluating CALLVALUE at 28
mythril.laser.ethereum.instructions [DEBUG]: Evaluating PUSH4 at 21
mythril.laser.ethereum.instructions [DEBUG]: Evaluating CALLVALUE at 28
mythril.laser.ethereum.instructions [DEBUG]: Evaluating PUSH4 at 21
mythril.laser.ethereum.instructions [DEBUG]: Evaluating CALLVALUE at 28
mythril.laser.ethereum.instructions [DEBUG]: Evaluating EQ at 22
mythril.laser.ethereum.instructions [DEBUG]: Evaluating DUP1 at 29
mythril.laser.ethereum.instructions [DEBUG]: Evaluating EQ at 22
mythril.laser.ethereum.instructions [DEBUG]: Evaluating DUP1 at 29
mythril.laser.ethereum.instructions [DEBUG]: Evaluating EQ at 22
mythril.laser.ethereum.instructions [DEBUG]: Evaluating DUP1 at 29
mythril.laser.ethereum.instructions [DEBUG]: Evaluating PUSH2 at 23
mythril.laser.ethereum.instructions [DEBUG]: Evaluating ISZERO at 30
mythril.laser.ethereum.instructions [DEBUG]: Evaluating PUSH2 at 23
mythril.laser.ethereum.instructions [DEBUG]: Evaluating ISZERO at 30
mythril.laser.ethereum.instructions [DEBUG]: Evaluating PUSH2 at 23
mythril.laser.ethereum.instructions [DEBUG]: Evaluating ISZERO at 30
mythril.analysis.module.base [DEBUG]: Entering analysis module: TxOrigin
mythril.analysis.module.base [DEBUG]: Exiting analysis module: TxOrigin
mythril.analysis.module.base [DEBUG]: Entering analysis module: IntegerArithmetics
mythril.analysis.module.base [DEBUG]: Exiting analysis module: IntegerArithmetics
mythril.laser.ethereum.instructions [DEBUG]: Evaluating JUMPI at 24
mythril.laser.plugin.plugins.dependency_pruner [DEBUG]: Skipping state: Storage slots set() not read in block at address 76, function
mythril.laser.ethereum.svm [DEBUG]: - Entering function MAIN:unknown
mythril.laser.ethereum.instructions [DEBUG]: Evaluating PUSH2 at 31
mythril.analysis.module.base [DEBUG]: Entering analysis module: TxOrigin
mythril.analysis.module.base [DEBUG]: Exiting analysis module: TxOrigin
mythril.analysis.module.base [DEBUG]: Entering analysis module: IntegerArithmetics
mythril.analysis.module.base [DEBUG]: Exiting analysis module: IntegerArithmetics
mythril.laser.ethereum.instructions [DEBUG]: Evaluating JUMPI at 24
mythril.laser.plugin.plugins.dependency_pruner [DEBUG]: Skipping state: Storage slots set() not read in block at address 76, function
mythril.laser.ethereum.svm [DEBUG]: - Entering function MAIN:unknown
mythril.laser.ethereum.instructions [DEBUG]: Evaluating PUSH2 at 31
mythril.analysis.module.base [DEBUG]: Entering analysis module: TxOrigin
mythril.analysis.module.base [DEBUG]: Exiting analysis module: TxOrigin
mythril.analysis.module.base [DEBUG]: Entering analysis module: IntegerArithmetics
mythril.analysis.module.base [DEBUG]: Exiting analysis module: IntegerArithmetics
mythril.laser.ethereum.instructions [DEBUG]: Evaluating JUMPI at 24
mythril.laser.plugin.plugins.dependency_pruner [DEBUG]: Skipping state: Storage slots {0} not read in block at address 76, function
mythril.laser.ethereum.svm [DEBUG]: - Entering function MAIN:unknown
mythril.laser.ethereum.instructions [DEBUG]: Evaluating PUSH2 at 31
mythril.laser.ethereum.instructions [DEBUG]: Evaluating JUMPDEST at 43
mythril.analysis.module.base [DEBUG]: Entering analysis module: TxOrigin
mythril.analysis.module.base [DEBUG]: Exiting analysis module: TxOrigin
mythril.analysis.module.base [DEBUG]: Entering analysis module: IntegerArithmetics
mythril.analysis.module.base [DEBUG]: Exiting analysis module: IntegerArithmetics
mythril.laser.ethereum.instructions [DEBUG]: Evaluating JUMPI at 32
mythril.laser.ethereum.instructions [DEBUG]: Evaluating JUMPDEST at 43
mythril.analysis.module.base [DEBUG]: Entering analysis module: TxOrigin
mythril.analysis.module.base [DEBUG]: Exiting analysis module: TxOrigin
mythril.analysis.module.base [DEBUG]: Entering analysis module: IntegerArithmetics
mythril.analysis.module.base [DEBUG]: Exiting analysis module: IntegerArithmetics
mythril.laser.ethereum.instructions [DEBUG]: Evaluating JUMPI at 32
mythril.laser.ethereum.instructions [DEBUG]: Evaluating JUMPDEST at 43
mythril.analysis.module.base [DEBUG]: Entering analysis module: TxOrigin
mythril.analysis.module.base [DEBUG]: Exiting analysis module: TxOrigin
mythril.analysis.module.base [DEBUG]: Entering analysis module: IntegerArithmetics
mythril.analysis.module.base [DEBUG]: Exiting analysis module: IntegerArithmetics
mythril.laser.ethereum.instructions [DEBUG]: Evaluating JUMPI at 32
mythril.laser.ethereum.instructions [DEBUG]: Evaluating CALLVALUE at 44
mythril.laser.ethereum.instructions [DEBUG]: Evaluating PUSH1 at 33
mythril.laser.ethereum.instructions [DEBUG]: Evaluating JUMPDEST at 36
mythril.laser.ethereum.instructions [DEBUG]: Evaluating CALLVALUE at 44
mythril.laser.ethereum.instructions [DEBUG]: Evaluating PUSH1 at 33
mythril.laser.ethereum.instructions [DEBUG]: Evaluating JUMPDEST at 36
mythril.laser.ethereum.instructions [DEBUG]: Evaluating CALLVALUE at 44
mythril.laser.ethereum.instructions [DEBUG]: Evaluating PUSH1 at 33
mythril.laser.ethereum.instructions [DEBUG]: Evaluating JUMPDEST at 36
mythril.laser.ethereum.instructions [DEBUG]: Evaluating DUP1 at 45
mythril.laser.ethereum.instructions [DEBUG]: Evaluating DUP1 at 34
mythril.laser.ethereum.instructions [DEBUG]: Evaluating POP at 37
mythril.laser.ethereum.instructions [DEBUG]: Evaluating DUP1 at 45
mythril.laser.ethereum.instructions [DEBUG]: Evaluating DUP1 at 34
mythril.laser.ethereum.instructions [DEBUG]: Evaluating POP at 37
mythril.laser.ethereum.instructions [DEBUG]: Evaluating DUP1 at 45
mythril.laser.ethereum.instructions [DEBUG]: Evaluating DUP1 at 34
mythril.laser.ethereum.instructions [DEBUG]: Evaluating POP at 37
mythril.laser.ethereum.instructions [DEBUG]: Evaluating ISZERO at 46
mythril.laser.ethereum.instructions [DEBUG]: Evaluating REVERT at 35
mythril.laser.ethereum.svm [DEBUG]: Ending transaction MessageCallTransaction 2 from sender_2 to                                        0x0.
mythril.laser.ethereum.instructions [DEBUG]: Evaluating PUSH2 at 38
mythril.laser.ethereum.instructions [DEBUG]: Evaluating ISZERO at 46
mythril.laser.ethereum.instructions [DEBUG]: Evaluating REVERT at 35
mythril.laser.ethereum.svm [DEBUG]: Ending transaction MessageCallTransaction 3 from sender_3 to                                        0x0.
mythril.laser.ethereum.instructions [DEBUG]: Evaluating PUSH2 at 38
mythril.laser.ethereum.instructions [DEBUG]: Evaluating ISZERO at 46
mythril.laser.ethereum.instructions [DEBUG]: Evaluating REVERT at 35
mythril.laser.ethereum.svm [DEBUG]: Ending transaction MessageCallTransaction 4 from sender_4 to                                        0x0.
mythril.laser.ethereum.instructions [DEBUG]: Evaluating PUSH2 at 38
mythril.laser.ethereum.instructions [DEBUG]: Evaluating PUSH2 at 47
mythril.laser.ethereum.instructions [DEBUG]: Evaluating PUSH2 at 39
mythril.laser.ethereum.instructions [DEBUG]: Evaluating PUSH2 at 47
mythril.laser.ethereum.instructions [DEBUG]: Evaluating PUSH2 at 39
mythril.laser.ethereum.instructions [DEBUG]: Evaluating PUSH2 at 47
mythril.laser.ethereum.instructions [DEBUG]: Evaluating PUSH2 at 39
mythril.analysis.module.base [DEBUG]: Entering analysis module: TxOrigin
mythril.analysis.module.base [DEBUG]: Exiting analysis module: TxOrigin
mythril.analysis.module.base [DEBUG]: Entering analysis module: IntegerArithmetics
mythril.analysis.module.base [DEBUG]: Exiting analysis module: IntegerArithmetics
mythril.laser.ethereum.instructions [DEBUG]: Evaluating JUMPI at 48
mythril.laser.ethereum.instructions [DEBUG]: Evaluating JUMP at 40
mythril.analysis.module.base [DEBUG]: Entering analysis module: TxOrigin
mythril.analysis.module.base [DEBUG]: Exiting analysis module: TxOrigin
mythril.analysis.module.base [DEBUG]: Entering analysis module: IntegerArithmetics
mythril.analysis.module.base [DEBUG]: Exiting analysis module: IntegerArithmetics
mythril.laser.ethereum.instructions [DEBUG]: Evaluating JUMPI at 48
mythril.laser.ethereum.instructions [DEBUG]: Evaluating JUMP at 40
mythril.analysis.module.base [DEBUG]: Entering analysis module: TxOrigin
mythril.analysis.module.base [DEBUG]: Exiting analysis module: TxOrigin
mythril.analysis.module.base [DEBUG]: Entering analysis module: IntegerArithmetics
mythril.analysis.module.base [DEBUG]: Exiting analysis module: IntegerArithmetics
mythril.laser.ethereum.instructions [DEBUG]: Evaluating JUMPI at 48
mythril.laser.ethereum.instructions [DEBUG]: Evaluating JUMP at 40
mythril.laser.ethereum.instructions [DEBUG]: Evaluating PUSH1 at 49
mythril.laser.ethereum.instructions [DEBUG]: Evaluating JUMPDEST at 52
mythril.laser.ethereum.instructions [DEBUG]: Evaluating JUMPDEST at 59
mythril.laser.ethereum.instructions [DEBUG]: Evaluating PUSH1 at 49
mythril.laser.ethereum.instructions [DEBUG]: Evaluating JUMPDEST at 52
mythril.laser.ethereum.instructions [DEBUG]: Evaluating JUMPDEST at 59
mythril.laser.ethereum.instructions [DEBUG]: Evaluating PUSH1 at 49
mythril.laser.ethereum.instructions [DEBUG]: Evaluating JUMPDEST at 52
mythril.laser.ethereum.instructions [DEBUG]: Evaluating JUMPDEST at 59
mythril.laser.ethereum.instructions [DEBUG]: Evaluating DUP1 at 50
mythril.laser.ethereum.instructions [DEBUG]: Evaluating POP at 53
mythril.laser.ethereum.instructions [DEBUG]: Evaluating PUSH1 at 60
mythril.laser.ethereum.instructions [DEBUG]: Evaluating DUP1 at 50
mythril.laser.ethereum.instructions [DEBUG]: Evaluating POP at 53
mythril.laser.ethereum.instructions [DEBUG]: Evaluating PUSH1 at 60
mythril.laser.ethereum.instructions [DEBUG]: Evaluating DUP1 at 50
mythril.laser.ethereum.instructions [DEBUG]: Evaluating POP at 53
mythril.laser.ethereum.instructions [DEBUG]: Evaluating PUSH1 at 60
mythril.laser.ethereum.instructions [DEBUG]: Evaluating REVERT at 51
mythril.laser.ethereum.svm [DEBUG]: Ending transaction MessageCallTransaction 2 from sender_2 to                                        0x0.
mythril.laser.ethereum.instructions [DEBUG]: Evaluating PUSH2 at 54
mythril.laser.ethereum.instructions [DEBUG]: Evaluating DUP1 at 61
mythril.laser.ethereum.instructions [DEBUG]: Evaluating REVERT at 51
mythril.laser.ethereum.svm [DEBUG]: Ending transaction MessageCallTransaction 3 from sender_3 to                                        0x0.
mythril.laser.ethereum.instructions [DEBUG]: Evaluating PUSH2 at 54
mythril.laser.ethereum.instructions [DEBUG]: Evaluating DUP1 at 61
mythril.laser.ethereum.instructions [DEBUG]: Evaluating REVERT at 51
mythril.laser.ethereum.svm [DEBUG]: Ending transaction MessageCallTransaction 4 from sender_4 to                                        0x0.
mythril.laser.ethereum.instructions [DEBUG]: Evaluating PUSH2 at 54
mythril.laser.ethereum.instructions [DEBUG]: Evaluating DUP1 at 61
mythril.laser.ethereum.instructions [DEBUG]: Evaluating PUSH2 at 55
mythril.laser.ethereum.instructions [DEBUG]: Evaluating SWAP1 at 62
mythril.laser.ethereum.instructions [DEBUG]: Evaluating PUSH2 at 55
mythril.laser.ethereum.instructions [DEBUG]: Evaluating SWAP1 at 62
mythril.laser.ethereum.instructions [DEBUG]: Evaluating PUSH2 at 55
mythril.laser.ethereum.instructions [DEBUG]: Evaluating SWAP1 at 62
mythril.laser.ethereum.instructions [DEBUG]: Evaluating JUMP at 56
mythril.laser.ethereum.instructions [DEBUG]: Evaluating SLOAD at 63
mythril.laser.ethereum.instructions [DEBUG]: Evaluating JUMP at 56
mythril.laser.ethereum.instructions [DEBUG]: Evaluating SLOAD at 63
mythril.laser.ethereum.instructions [DEBUG]: Evaluating JUMP at 56
mythril.laser.ethereum.instructions [DEBUG]: Evaluating SLOAD at 63
mythril.laser.ethereum.instructions [DEBUG]: Evaluating JUMPDEST at 141
mythril.laser.ethereum.instructions [DEBUG]: Evaluating SWAP1 at 64
mythril.laser.ethereum.instructions [DEBUG]: Evaluating JUMPDEST at 141
mythril.laser.ethereum.instructions [DEBUG]: Evaluating SWAP1 at 64
mythril.laser.ethereum.instructions [DEBUG]: Evaluating JUMPDEST at 141
mythril.laser.ethereum.instructions [DEBUG]: Evaluating SWAP1 at 64
mythril.laser.ethereum.instructions [DEBUG]: Evaluating CALLER at 142
mythril.laser.ethereum.instructions [DEBUG]: Evaluating PUSH2 at 65
mythril.laser.ethereum.instructions [DEBUG]: Evaluating CALLER at 142
mythril.laser.ethereum.instructions [DEBUG]: Evaluating PUSH2 at 65
mythril.laser.ethereum.instructions [DEBUG]: Evaluating CALLER at 142
mythril.laser.ethereum.instructions [DEBUG]: Evaluating PUSH2 at 65
mythril.laser.ethereum.instructions [DEBUG]: Evaluating PUSH1 at 143
mythril.analysis.module.base [DEBUG]: Entering analysis module: IntegerArithmetics
mythril.analysis.module.base [DEBUG]: Exiting analysis module: IntegerArithmetics
mythril.laser.ethereum.instructions [DEBUG]: Evaluating EXP at 66
mythril.laser.ethereum.instructions [DEBUG]: Evaluating PUSH1 at 143
mythril.analysis.module.base [DEBUG]: Entering analysis module: IntegerArithmetics
mythril.analysis.module.base [DEBUG]: Exiting analysis module: IntegerArithmetics
mythril.laser.ethereum.instructions [DEBUG]: Evaluating EXP at 66
mythril.laser.ethereum.instructions [DEBUG]: Evaluating PUSH1 at 143
mythril.analysis.module.base [DEBUG]: Entering analysis module: IntegerArithmetics
mythril.analysis.module.base [DEBUG]: Exiting analysis module: IntegerArithmetics
mythril.laser.ethereum.instructions [DEBUG]: Evaluating EXP at 66
mythril.laser.ethereum.instructions [DEBUG]: Evaluating DUP1 at 144
mythril.laser.ethereum.instructions [DEBUG]: Evaluating SWAP1 at 67
mythril.laser.ethereum.instructions [DEBUG]: Evaluating DUP1 at 144
mythril.laser.ethereum.instructions [DEBUG]: Evaluating SWAP1 at 67
mythril.laser.ethereum.instructions [DEBUG]: Evaluating DUP1 at 144
mythril.laser.ethereum.instructions [DEBUG]: Evaluating SWAP1 at 67
mythril.laser.ethereum.instructions [DEBUG]: Evaluating PUSH2 at 145
mythril.laser.ethereum.instructions [DEBUG]: Evaluating DIV at 68
mythril.laser.ethereum.instructions [DEBUG]: Evaluating PUSH2 at 145
mythril.laser.ethereum.instructions [DEBUG]: Evaluating DIV at 68
mythril.laser.ethereum.instructions [DEBUG]: Evaluating PUSH2 at 145
mythril.laser.ethereum.instructions [DEBUG]: Evaluating DIV at 68
mythril.analysis.module.base [DEBUG]: Entering analysis module: IntegerArithmetics
mythril.analysis.module.base [DEBUG]: Exiting analysis module: IntegerArithmetics
mythril.laser.ethereum.instructions [DEBUG]: Evaluating EXP at 146
mythril.laser.ethereum.instructions [DEBUG]: Evaluating PUSH20 at 69
mythril.analysis.module.base [DEBUG]: Entering analysis module: IntegerArithmetics
mythril.analysis.module.base [DEBUG]: Exiting analysis module: IntegerArithmetics
mythril.laser.ethereum.instructions [DEBUG]: Evaluating EXP at 146
mythril.laser.ethereum.instructions [DEBUG]: Evaluating PUSH20 at 69
mythril.analysis.module.base [DEBUG]: Entering analysis module: IntegerArithmetics
mythril.analysis.module.base [DEBUG]: Exiting analysis module: IntegerArithmetics
mythril.laser.ethereum.instructions [DEBUG]: Evaluating EXP at 146
mythril.laser.ethereum.instructions [DEBUG]: Evaluating PUSH20 at 69
mythril.laser.ethereum.instructions [DEBUG]: Evaluating DUP2 at 147
mythril.laser.ethereum.instructions [DEBUG]: Evaluating AND at 70
mythril.laser.ethereum.instructions [DEBUG]: Evaluating DUP2 at 147
mythril.laser.ethereum.instructions [DEBUG]: Evaluating AND at 70
mythril.laser.ethereum.instructions [DEBUG]: Evaluating DUP2 at 147
mythril.laser.ethereum.instructions [DEBUG]: Evaluating AND at 70
mythril.laser.ethereum.instructions [DEBUG]: Evaluating SLOAD at 148
mythril.laser.ethereum.instructions [DEBUG]: Evaluating PUSH20 at 71
mythril.laser.ethereum.instructions [DEBUG]: Evaluating SLOAD at 148
mythril.laser.ethereum.instructions [DEBUG]: Evaluating PUSH20 at 71
mythril.laser.ethereum.instructions [DEBUG]: Evaluating SLOAD at 148
mythril.laser.ethereum.instructions [DEBUG]: Evaluating PUSH20 at 71
mythril.laser.ethereum.instructions [DEBUG]: Evaluating DUP2 at 149
mythril.laser.ethereum.instructions [DEBUG]: Evaluating AND at 72
mythril.laser.ethereum.instructions [DEBUG]: Evaluating DUP2 at 149
mythril.laser.ethereum.instructions [DEBUG]: Evaluating AND at 72
mythril.laser.ethereum.instructions [DEBUG]: Evaluating DUP2 at 149
mythril.laser.ethereum.instructions [DEBUG]: Evaluating AND at 72
mythril.laser.ethereum.instructions [DEBUG]: Evaluating PUSH20 at 150
mythril.laser.ethereum.instructions [DEBUG]: Evaluating CALLER at 73
mythril.laser.ethereum.instructions [DEBUG]: Evaluating PUSH20 at 150
mythril.laser.ethereum.instructions [DEBUG]: Evaluating CALLER at 73
mythril.laser.ethereum.instructions [DEBUG]: Evaluating PUSH20 at 150
mythril.laser.ethereum.instructions [DEBUG]: Evaluating CALLER at 73
mythril.analysis.module.base [DEBUG]: Entering analysis module: IntegerArithmetics
mythril.analysis.module.base [DEBUG]: Exiting analysis module: IntegerArithmetics
mythril.laser.ethereum.instructions [DEBUG]: Evaluating MUL at 151
mythril.laser.ethereum.instructions [DEBUG]: Evaluating PUSH20 at 74
mythril.analysis.module.base [DEBUG]: Entering analysis module: IntegerArithmetics
mythril.analysis.module.base [DEBUG]: Exiting analysis module: IntegerArithmetics
mythril.laser.ethereum.instructions [DEBUG]: Evaluating MUL at 151
mythril.laser.ethereum.instructions [DEBUG]: Evaluating PUSH20 at 74
mythril.analysis.module.base [DEBUG]: Entering analysis module: IntegerArithmetics
mythril.analysis.module.base [DEBUG]: Exiting analysis module: IntegerArithmetics
mythril.laser.ethereum.instructions [DEBUG]: Evaluating MUL at 151
mythril.laser.ethereum.instructions [DEBUG]: Evaluating PUSH20 at 74
mythril.laser.ethereum.instructions [DEBUG]: Evaluating NOT at 152
mythril.laser.ethereum.instructions [DEBUG]: Evaluating AND at 75
mythril.laser.ethereum.instructions [DEBUG]: Evaluating NOT at 152
mythril.laser.ethereum.instructions [DEBUG]: Evaluating AND at 75
mythril.laser.ethereum.instructions [DEBUG]: Evaluating NOT at 152
mythril.laser.ethereum.instructions [DEBUG]: Evaluating AND at 75
mythril.laser.ethereum.instructions [DEBUG]: Evaluating AND at 153
mythril.laser.ethereum.instructions [DEBUG]: Evaluating EQ at 76
mythril.laser.ethereum.instructions [DEBUG]: Evaluating AND at 153
mythril.laser.ethereum.instructions [DEBUG]: Evaluating EQ at 76
mythril.laser.ethereum.instructions [DEBUG]: Evaluating AND at 153
mythril.laser.ethereum.instructions [DEBUG]: Evaluating EQ at 76
mythril.laser.ethereum.instructions [DEBUG]: Evaluating SWAP1 at 154
mythril.laser.ethereum.instructions [DEBUG]: Evaluating ISZERO at 77
mythril.laser.ethereum.instructions [DEBUG]: Evaluating SWAP1 at 154
mythril.laser.ethereum.instructions [DEBUG]: Evaluating ISZERO at 77
mythril.laser.ethereum.instructions [DEBUG]: Evaluating SWAP1 at 154
mythril.laser.ethereum.instructions [DEBUG]: Evaluating ISZERO at 77
mythril.laser.ethereum.instructions [DEBUG]: Evaluating DUP4 at 155
mythril.laser.ethereum.instructions [DEBUG]: Evaluating ISZERO at 78
mythril.laser.ethereum.instructions [DEBUG]: Evaluating DUP4 at 155
mythril.laser.ethereum.instructions [DEBUG]: Evaluating ISZERO at 78
mythril.laser.ethereum.instructions [DEBUG]: Evaluating DUP4 at 155
mythril.laser.ethereum.instructions [DEBUG]: Evaluating ISZERO at 78
mythril.laser.ethereum.instructions [DEBUG]: Evaluating PUSH20 at 156
mythril.laser.ethereum.instructions [DEBUG]: Evaluating PUSH2 at 79
mythril.laser.ethereum.instructions [DEBUG]: Evaluating PUSH20 at 156
mythril.laser.ethereum.instructions [DEBUG]: Evaluating PUSH2 at 79
mythril.laser.ethereum.instructions [DEBUG]: Evaluating PUSH20 at 156
mythril.laser.ethereum.instructions [DEBUG]: Evaluating PUSH2 at 79
mythril.laser.ethereum.instructions [DEBUG]: Evaluating AND at 157
mythril.analysis.module.base [DEBUG]: Entering analysis module: TxOrigin
mythril.analysis.module.base [DEBUG]: Exiting analysis module: TxOrigin
mythril.analysis.module.base [DEBUG]: Entering analysis module: IntegerArithmetics
mythril.analysis.module.base [DEBUG]: Exiting analysis module: IntegerArithmetics
mythril.laser.ethereum.instructions [DEBUG]: Evaluating JUMPI at 80
mythril.laser.ethereum.instructions [DEBUG]: Evaluating AND at 157
mythril.analysis.module.base [DEBUG]: Entering analysis module: TxOrigin
mythril.analysis.module.base [DEBUG]: Exiting analysis module: TxOrigin
mythril.analysis.module.base [DEBUG]: Entering analysis module: IntegerArithmetics
mythril.analysis.module.base [DEBUG]: Exiting analysis module: IntegerArithmetics
mythril.laser.ethereum.instructions [DEBUG]: Evaluating JUMPI at 80
mythril.laser.ethereum.instructions [DEBUG]: Evaluating AND at 157
mythril.analysis.module.base [DEBUG]: Entering analysis module: TxOrigin
mythril.analysis.module.base [DEBUG]: Exiting analysis module: TxOrigin
mythril.analysis.module.base [DEBUG]: Entering analysis module: IntegerArithmetics
mythril.analysis.module.base [DEBUG]: Exiting analysis module: IntegerArithmetics
mythril.laser.ethereum.instructions [DEBUG]: Evaluating JUMPI at 80
mythril.analysis.module.base [DEBUG]: Entering analysis module: IntegerArithmetics
mythril.analysis.module.base [DEBUG]: Exiting analysis module: IntegerArithmetics
mythril.laser.ethereum.instructions [DEBUG]: Evaluating MUL at 158
mythril.laser.ethereum.instructions [DEBUG]: Evaluating PUSH1 at 81
mythril.analysis.module.base [DEBUG]: Entering analysis module: IntegerArithmetics
mythril.analysis.module.base [DEBUG]: Exiting analysis module: IntegerArithmetics
mythril.laser.ethereum.instructions [DEBUG]: Evaluating MUL at 158
mythril.laser.ethereum.instructions [DEBUG]: Evaluating PUSH1 at 81
mythril.analysis.module.base [DEBUG]: Entering analysis module: IntegerArithmetics
mythril.analysis.module.base [DEBUG]: Exiting analysis module: IntegerArithmetics
mythril.laser.ethereum.instructions [DEBUG]: Evaluating MUL at 158
mythril.laser.ethereum.instructions [DEBUG]: Evaluating PUSH1 at 81
mythril.laser.ethereum.instructions [DEBUG]: Evaluating JUMPDEST at 84
mythril.laser.ethereum.instructions [DEBUG]: Evaluating OR at 159
mythril.laser.ethereum.instructions [DEBUG]: Evaluating DUP1 at 82
mythril.laser.ethereum.instructions [DEBUG]: Evaluating OR at 159
mythril.laser.ethereum.instructions [DEBUG]: Evaluating DUP1 at 82
mythril.laser.ethereum.instructions [DEBUG]: Evaluating OR at 159
mythril.laser.ethereum.instructions [DEBUG]: Evaluating DUP1 at 82
mythril.laser.ethereum.instructions [DEBUG]: Evaluating PUSH1 at 85
mythril.laser.ethereum.instructions [DEBUG]: Evaluating SWAP1 at 160
mythril.laser.ethereum.instructions [DEBUG]: Evaluating REVERT at 83
mythril.laser.ethereum.svm [DEBUG]: Ending transaction MessageCallTransaction 2 from sender_2 to                                        0x0.
mythril.laser.ethereum.instructions [DEBUG]: Evaluating SWAP1 at 160
mythril.laser.ethereum.instructions [DEBUG]: Evaluating REVERT at 83
mythril.laser.ethereum.svm [DEBUG]: Ending transaction MessageCallTransaction 3 from sender_3 to                                        0x0.
mythril.laser.ethereum.instructions [DEBUG]: Evaluating SWAP1 at 160
mythril.laser.ethereum.instructions [DEBUG]: Evaluating REVERT at 83
mythril.laser.ethereum.svm [DEBUG]: Ending transaction MessageCallTransaction 4 from sender_4 to                                        0x0.
mythril.laser.ethereum.instructions [DEBUG]: Evaluating DUP1 at 86
mythril.analysis.module.base [DEBUG]: Entering analysis module: ArbitraryStorage
mythril.analysis.module.base [DEBUG]: Exiting analysis module: ArbitraryStorage
mythril.analysis.module.base [DEBUG]: Entering analysis module: IntegerArithmetics
mythril.analysis.module.base [DEBUG]: Exiting analysis module: IntegerArithmetics
mythril.analysis.module.base [DEBUG]: Entering analysis module: StateChangeAfterCall
mythril.analysis.module.base [DEBUG]: Exiting analysis module: StateChangeAfterCall
mythril.laser.ethereum.instructions [DEBUG]: Evaluating SSTORE at 161
mythril.analysis.module.base [DEBUG]: Entering analysis module: ArbitraryStorage
mythril.analysis.module.base [DEBUG]: Exiting analysis module: ArbitraryStorage
mythril.analysis.module.base [DEBUG]: Entering analysis module: IntegerArithmetics
mythril.analysis.module.base [DEBUG]: Exiting analysis module: IntegerArithmetics
mythril.analysis.module.base [DEBUG]: Entering analysis module: StateChangeAfterCall
mythril.analysis.module.base [DEBUG]: Exiting analysis module: StateChangeAfterCall
mythril.laser.ethereum.instructions [DEBUG]: Evaluating SSTORE at 161
mythril.analysis.module.base [DEBUG]: Entering analysis module: ArbitraryStorage
mythril.analysis.module.base [DEBUG]: Exiting analysis module: ArbitraryStorage
mythril.analysis.module.base [DEBUG]: Entering analysis module: IntegerArithmetics
mythril.analysis.module.base [DEBUG]: Exiting analysis module: IntegerArithmetics
mythril.analysis.module.base [DEBUG]: Entering analysis module: StateChangeAfterCall
mythril.analysis.module.base [DEBUG]: Exiting analysis module: StateChangeAfterCall
mythril.laser.ethereum.instructions [DEBUG]: Evaluating SSTORE at 161
mythril.laser.ethereum.instructions [DEBUG]: Evaluating SWAP1 at 87
mythril.laser.ethereum.instructions [DEBUG]: Evaluating POP at 162
mythril.laser.ethereum.instructions [DEBUG]: Evaluating POP at 162
mythril.laser.ethereum.instructions [DEBUG]: Evaluating POP at 162
mythril.laser.ethereum.instructions [DEBUG]: Evaluating SLOAD at 88
mythril.laser.ethereum.instructions [DEBUG]: Evaluating JUMP at 163
mythril.laser.ethereum.instructions [DEBUG]: Evaluating JUMP at 163
mythril.laser.ethereum.instructions [DEBUG]: Evaluating JUMP at 163
mythril.laser.ethereum.instructions [DEBUG]: Evaluating SWAP1 at 89
mythril.laser.ethereum.instructions [DEBUG]: Evaluating JUMPDEST at 57
mythril.laser.ethereum.instructions [DEBUG]: Evaluating JUMPDEST at 57
mythril.laser.ethereum.instructions [DEBUG]: Evaluating JUMPDEST at 57
mythril.laser.ethereum.instructions [DEBUG]: Evaluating PUSH2 at 90
mythril.analysis.module.base [DEBUG]: Entering analysis module: IntegerArithmetics
mythril.analysis.module.base [DEBUG]: Exiting analysis module: IntegerArithmetics
mythril.analysis.module.base [DEBUG]: Entering analysis module: UncheckedRetval
mythril.analysis.module.base [DEBUG]: Exiting analysis module: UncheckedRetval
mythril.laser.ethereum.instructions [DEBUG]: Evaluating STOP at 58
mythril.laser.ethereum.svm [DEBUG]: Ending transaction MessageCallTransaction 2 from sender_2 to                                        0x0.
mythril.analysis.module.base [DEBUG]: Entering analysis module: IntegerArithmetics
mythril.analysis.module.base [DEBUG]: Exiting analysis module: IntegerArithmetics
mythril.analysis.module.base [DEBUG]: Entering analysis module: UncheckedRetval
mythril.analysis.module.base [DEBUG]: Exiting analysis module: UncheckedRetval
mythril.laser.ethereum.instructions [DEBUG]: Evaluating STOP at 58
mythril.laser.ethereum.svm [DEBUG]: Ending transaction MessageCallTransaction 3 from sender_3 to                                        0x0.
mythril.analysis.module.base [DEBUG]: Entering analysis module: IntegerArithmetics
mythril.analysis.module.base [DEBUG]: Exiting analysis module: IntegerArithmetics
mythril.analysis.module.base [DEBUG]: Entering analysis module: UncheckedRetval
mythril.analysis.module.base [DEBUG]: Exiting analysis module: UncheckedRetval
mythril.laser.ethereum.instructions [DEBUG]: Evaluating STOP at 58
mythril.laser.ethereum.svm [DEBUG]: Ending transaction MessageCallTransaction 4 from sender_4 to                                        0x0.
mythril.analysis.module.base [DEBUG]: Entering analysis module: IntegerArithmetics
mythril.analysis.module.base [DEBUG]: Exiting analysis module: IntegerArithmetics
mythril.laser.ethereum.instructions [DEBUG]: Evaluating EXP at 91
mythril.laser.ethereum.instructions [DEBUG]: Evaluating SWAP1 at 92
mythril.laser.ethereum.instructions [DEBUG]: Evaluating DIV at 93
mythril.laser.ethereum.instructions [DEBUG]: Evaluating PUSH20 at 94
mythril.laser.ethereum.instructions [DEBUG]: Evaluating AND at 95
mythril.laser.ethereum.instructions [DEBUG]: Evaluating PUSH20 at 96
mythril.laser.ethereum.instructions [DEBUG]: Evaluating AND at 97
mythril.laser.ethereum.instructions [DEBUG]: Evaluating PUSH2 at 98
mythril.laser.ethereum.instructions [DEBUG]: Evaluating ADDRESS at 99
mythril.laser.ethereum.instructions [DEBUG]: Evaluating PUSH20 at 100
mythril.laser.ethereum.instructions [DEBUG]: Evaluating AND at 101
mythril.laser.ethereum.instructions [DEBUG]: Evaluating BALANCE at 102
mythril.laser.ethereum.instructions [DEBUG]: Evaluating SWAP1 at 103
mythril.laser.ethereum.instructions [DEBUG]: Evaluating DUP2 at 104
mythril.laser.ethereum.instructions [DEBUG]: Evaluating ISZERO at 105
mythril.analysis.module.base [DEBUG]: Entering analysis module: IntegerArithmetics
mythril.analysis.module.base [DEBUG]: Exiting analysis module: IntegerArithmetics
mythril.laser.ethereum.instructions [DEBUG]: Evaluating MUL at 106
mythril.laser.ethereum.instructions [DEBUG]: Evaluating SWAP1 at 107
mythril.laser.ethereum.instructions [DEBUG]: Evaluating PUSH1 at 108
mythril.laser.ethereum.instructions [DEBUG]: Evaluating MLOAD at 109
mythril.laser.ethereum.instructions [DEBUG]: Evaluating PUSH1 at 110
mythril.laser.ethereum.instructions [DEBUG]: Evaluating PUSH1 at 111
mythril.laser.ethereum.instructions [DEBUG]: Evaluating MLOAD at 112
mythril.laser.ethereum.instructions [DEBUG]: Evaluating DUP1 at 113
mythril.laser.ethereum.instructions [DEBUG]: Evaluating DUP4 at 114
mythril.analysis.module.base [DEBUG]: Entering analysis module: IntegerArithmetics
mythril.analysis.module.base [DEBUG]: Exiting analysis module: IntegerArithmetics
mythril.laser.ethereum.instructions [DEBUG]: Evaluating SUB at 115
mythril.laser.ethereum.instructions [DEBUG]: Evaluating DUP2 at 116
mythril.laser.ethereum.instructions [DEBUG]: Evaluating DUP6 at 117
mythril.laser.ethereum.instructions [DEBUG]: Evaluating DUP9 at 118
mythril.laser.ethereum.instructions [DEBUG]: Evaluating DUP9 at 119
mythril.analysis.module.base [DEBUG]: Entering analysis module: IntegerArithmetics
mythril.analysis.module.base [DEBUG]: Exiting analysis module: IntegerArithmetics
mythril.analysis.module.base [DEBUG]: Entering analysis module: StateChangeAfterCall
mythril.analysis.module.base [DEBUG]: Exiting analysis module: StateChangeAfterCall
mythril.laser.ethereum.instructions [DEBUG]: Evaluating CALL at 120
mythril.laser.ethereum.call [DEBUG]: Symbolic call encountered
mythril.laser.ethereum.call [DEBUG]: CALL to: Concat(0, Extract(159, 0, sender_1))
mythril.laser.ethereum.instructions [DEBUG]: The call is related to ether transfer between accounts
mythril.analysis.module.base [DEBUG]: Entering analysis module: EtherThief
mythril.analysis.module.base [DEBUG]: Exiting analysis module: EtherThief
mythril.analysis.module.base [DEBUG]: Entering analysis module: UncheckedRetval
mythril.analysis.module.modules.unchecked_retval [DEBUG]: End of call, extracting retval
mythril.analysis.module.base [DEBUG]: Exiting analysis module: UncheckedRetval
mythril.laser.ethereum.instructions [DEBUG]: Evaluating SWAP4 at 121
mythril.laser.ethereum.instructions [DEBUG]: Evaluating POP at 122
mythril.laser.ethereum.instructions [DEBUG]: Evaluating POP at 123
mythril.laser.ethereum.instructions [DEBUG]: Evaluating POP at 124
mythril.laser.ethereum.instructions [DEBUG]: Evaluating POP at 125
mythril.laser.ethereum.instructions [DEBUG]: Evaluating ISZERO at 126
mythril.laser.ethereum.instructions [DEBUG]: Evaluating DUP1 at 127
mythril.laser.ethereum.instructions [DEBUG]: Evaluating ISZERO at 128
mythril.laser.ethereum.instructions [DEBUG]: Evaluating PUSH2 at 129
mythril.analysis.module.base [DEBUG]: Entering analysis module: TxOrigin
mythril.analysis.module.base [DEBUG]: Exiting analysis module: TxOrigin
mythril.analysis.module.base [DEBUG]: Entering analysis module: IntegerArithmetics
mythril.analysis.module.base [DEBUG]: Exiting analysis module: IntegerArithmetics
mythril.laser.ethereum.instructions [DEBUG]: Evaluating JUMPI at 130
mythril.laser.ethereum.instructions [DEBUG]: Evaluating RETURNDATASIZE at 131
mythril.laser.ethereum.instructions [DEBUG]: No last_return_data found, adding an unconstrained bitvec to the stack
mythril.laser.ethereum.instructions [DEBUG]: Evaluating JUMPDEST at 138
mythril.laser.ethereum.instructions [DEBUG]: Evaluating PUSH1 at 132
mythril.laser.ethereum.instructions [DEBUG]: Evaluating POP at 139
mythril.laser.ethereum.instructions [DEBUG]: Evaluating DUP1 at 133
mythril.laser.ethereum.instructions [DEBUG]: Evaluating JUMP at 140
mythril.laser.ethereum.instructions [DEBUG]: Evaluating RETURNDATACOPY at 134
mythril.laser.ethereum.instructions [DEBUG]: Unsupported symbolic max_length offset in RETURNDATACOPY
mythril.laser.ethereum.instructions [DEBUG]: Evaluating JUMPDEST at 41
mythril.laser.ethereum.instructions [DEBUG]: Evaluating RETURNDATASIZE at 135
mythril.laser.ethereum.instructions [DEBUG]: No last_return_data found, adding an unconstrained bitvec to the stack
mythril.analysis.module.base [DEBUG]: Entering analysis module: IntegerArithmetics
mythril.analysis.module.base [DEBUG]: Exiting analysis module: IntegerArithmetics
mythril.analysis.module.base [DEBUG]: Entering analysis module: UncheckedRetval
mythril.analysis.module.base [DEBUG]: Exiting analysis module: UncheckedRetval
mythril.laser.ethereum.instructions [DEBUG]: Evaluating STOP at 42
mythril.laser.ethereum.svm [DEBUG]: Ending transaction MessageCallTransaction 4 from sender_4 to                                        0x0.
mythril.laser.ethereum.instructions [DEBUG]: Evaluating PUSH1 at 136
mythril.laser.ethereum.instructions [DEBUG]: Evaluating REVERT at 137
mythril.laser.ethereum.instructions [DEBUG]: Return with symbolic length or offset. Not supported
mythril.laser.ethereum.svm [DEBUG]: Ending transaction MessageCallTransaction 4 from sender_4 to                                        0x0.
mythril.laser.plugin.plugins.coverage.coverage_plugin [INFO]: Number of new instructions covered in tx 1: 59
mythril.laser.ethereum.svm [INFO]: Finished symbolic execution
mythril.laser.plugin.plugins.coverage.coverage_plugin [INFO]: Achieved 99.39% coverage for code: 60806040526004361061004c576000357c0100000000000000000000000000000000000000000000000000000000900463ffffffff1680633ccfd60b1461004e578063a8b0086514610065575b005b34801561005a57600080fd5b5061006361007c565b005b34801561007157600080fd5b5061007a610158565b005b6000809054906101000a900473ffffffffffffffffffffffffffffffffffffffff1673ffffffffffffffffffffffffffffffffffffffff163373ffffffffffffffffffffffffffffffffffffffff161415156100d757600080fd5b6000809054906101000a900473ffffffffffffffffffffffffffffffffffffffff1673ffffffffffffffffffffffffffffffffffffffff166108fc3073ffffffffffffffffffffffffffffffffffffffff16319081150290604051600060405180830381858888f19350505050158015610155573d6000803e3d6000fd5b50565b336000806101000a81548173ffffffffffffffffffffffffffffffffffffffff021916908373ffffffffffffffffffffffffffffffffffffffff1602179055505600
mythril.laser.plugin.plugins.instruction_profiler [INFO]: Total: 0.4942793846130371 s
[ADDRESS     ]   0.0884 %,  nr      1,  total   0.0004 s,  avg   0.0004 s,  min   0.0004 s,  max   0.0004 s
[AND         ]   3.5367 %,  nr     27,  total   0.0175 s,  avg   0.0006 s,  min   0.0005 s,  max   0.0020 s
[BALANCE     ]   0.1384 %,  nr      1,  total   0.0007 s,  avg   0.0007 s,  min   0.0007 s,  max   0.0007 s
[CALL        ]   1.2470 %,  nr      1,  total   0.0062 s,  avg   0.0062 s,  min   0.0062 s,  max   0.0062 s
[CALLDATALOAD]  10.4860 %,  nr      4,  total   0.0518 s,  avg   0.0130 s,  min   0.0126 s,  max   0.0133 s
[CALLDATASIZE]   0.4125 %,  nr      4,  total   0.0020 s,  avg   0.0005 s,  min   0.0004 s,  max   0.0006 s
[CALLER      ]   0.7140 %,  nr      8,  total   0.0035 s,  avg   0.0004 s,  min   0.0004 s,  max   0.0005 s
[CALLVALUE   ]   1.2401 %,  nr      8,  total   0.0061 s,  avg   0.0008 s,  min   0.0005 s,  max   0.0020 s
[DIV         ]   1.4296 %,  nr      9,  total   0.0071 s,  avg   0.0008 s,  min   0.0007 s,  max   0.0009 s
[DUP1        ]   4.6328 %,  nr     40,  total   0.0229 s,  avg   0.0006 s,  min   0.0004 s,  max   0.0016 s
[DUP2        ]   1.0187 %,  nr     10,  total   0.0050 s,  avg   0.0005 s,  min   0.0004 s,  max   0.0007 s
[DUP4        ]   0.5570 %,  nr      5,  total   0.0028 s,  avg   0.0006 s,  min   0.0005 s,  max   0.0007 s
[DUP6        ]   0.1039 %,  nr      1,  total   0.0005 s,  avg   0.0005 s,  min   0.0005 s,  max   0.0005 s
[DUP9        ]   0.1915 %,  nr      2,  total   0.0009 s,  avg   0.0005 s,  min   0.0005 s,  max   0.0005 s
[EQ          ]   1.4295 %,  nr     12,  total   0.0071 s,  avg   0.0006 s,  min   0.0005 s,  max   0.0007 s
[EXP         ]   1.2013 %,  nr      9,  total   0.0059 s,  avg   0.0007 s,  min   0.0006 s,  max   0.0009 s
[ISZERO      ]   2.8218 %,  nr     19,  total   0.0139 s,  avg   0.0007 s,  min   0.0006 s,  max   0.0010 s
[JUMP        ]   3.9747 %,  nr     13,  total   0.0196 s,  avg   0.0015 s,  min   0.0009 s,  max   0.0026 s
[JUMPDEST    ]   4.7227 %,  nr     36,  total   0.0233 s,  avg   0.0006 s,  min   0.0004 s,  max   0.0016 s
[JUMPI       ]  11.0443 %,  nr     25,  total   0.0546 s,  avg   0.0022 s,  min   0.0015 s,  max   0.0042 s
[LT          ]   0.5114 %,  nr      4,  total   0.0025 s,  avg   0.0006 s,  min   0.0005 s,  max   0.0008 s
[MLOAD       ]   5.3294 %,  nr      2,  total   0.0263 s,  avg   0.0132 s,  min   0.0130 s,  max   0.0133 s
[MSTORE      ]  16.1239 %,  nr      4,  total   0.0797 s,  avg   0.0199 s,  min   0.0180 s,  max   0.0232 s
[MUL         ]   1.3547 %,  nr      9,  total   0.0067 s,  avg   0.0007 s,  min   0.0005 s,  max   0.0013 s
[NOT         ]   0.4362 %,  nr      4,  total   0.0022 s,  avg   0.0005 s,  min   0.0005 s,  max   0.0006 s
[OR          ]   0.6346 %,  nr      4,  total   0.0031 s,  avg   0.0008 s,  min   0.0005 s,  max   0.0011 s
[POP         ]   1.7594 %,  nr     17,  total   0.0087 s,  avg   0.0005 s,  min   0.0004 s,  max   0.0007 s
[PUSH1       ]   6.0465 %,  nr     42,  total   0.0299 s,  avg   0.0007 s,  min   0.0004 s,  max   0.0017 s
[PUSH2       ]   6.0763 %,  nr     51,  total   0.0300 s,  avg   0.0006 s,  min   0.0004 s,  max   0.0017 s
[PUSH20      ]   2.4204 %,  nr     23,  total   0.0120 s,  avg   0.0005 s,  min   0.0005 s,  max   0.0008 s
[PUSH29      ]   0.7626 %,  nr      4,  total   0.0038 s,  avg   0.0009 s,  min   0.0006 s,  max   0.0014 s
[PUSH4       ]   1.6879 %,  nr     12,  total   0.0083 s,  avg   0.0007 s,  min   0.0004 s,  max   0.0022 s
[RETURNDATACOPY]   0.1176 %,  nr      1,  total   0.0006 s,  avg   0.0006 s,  min   0.0006 s,  max   0.0006 s
[RETURNDATASIZE]   0.3517 %,  nr      2,  total   0.0017 s,  avg   0.0009 s,  min   0.0005 s,  max   0.0012 s
[SLOAD       ]   1.4530 %,  nr      9,  total   0.0072 s,  avg   0.0008 s,  min   0.0006 s,  max   0.0011 s
[SSTORE      ]   0.6161 %,  nr      4,  total   0.0030 s,  avg   0.0008 s,  min   0.0007 s,  max   0.0009 s
[SUB         ]   0.1910 %,  nr      1,  total   0.0009 s,  avg   0.0009 s,  min   0.0009 s,  max   0.0009 s
[SWAP1       ]   2.8968 %,  nr     29,  total   0.0143 s,  avg   0.0005 s,  min   0.0004 s,  max   0.0007 s
[SWAP4       ]   0.2395 %,  nr      1,  total   0.0012 s,  avg   0.0012 s,  min   0.0012 s,  max   0.0012 s

mythril.analysis.security [INFO]: Starting analysis
mythril.analysis.security [DEBUG]: Retrieving results for Caller can write to arbitrary storage locations
mythril.analysis.security [DEBUG]: Retrieving results for Delegatecall to a user-specified address
mythril.analysis.security [DEBUG]: Retrieving results for Control flow depends on tx.origin
mythril.analysis.security [DEBUG]: Retrieving results for Any sender can withdraw ETH from the contract account
mythril.analysis.security [DEBUG]: Retrieving results for Integer overflow or underflow
mythril.analysis.security [DEBUG]: Retrieving results for State change after an external call
mythril.analysis.security [DEBUG]: Retrieving results for Contract can be accidentally killed by anyone
mythril.analysis.security [DEBUG]: Retrieving results for Return value of an external call is not checked
mythril.mythril.mythril_analyzer [INFO]: Solver statistics: 
Query count: 86 
Solver time: 5.669848918914795
{"error": null, "issues": [{"address": 319, "contract": "MAIN", "description": "Any sender can withdraw Ether from the contract account.\nArbitrary senders other than the contract creator can profitably extract Ether from the contract account. Verify the business logic carefully and make sure that appropriate security controls are in place to prevent unexpected loss of funds.", "function": "withdraw()", "max_gas_used": 38295, "min_gas_used": 3354, "severity": "High", "sourceMap": 319, "swc-id": "105", "title": "Unprotected Ether Withdrawal", "tx_sequence": {"initialState": {"accounts": {"0x0": {"balance": "0x804004800401", "code": "60806040526004361061004c576000357c0100000000000000000000000000000000000000000000000000000000900463ffffffff1680633ccfd60b1461004e578063a8b0086514610065575b005b34801561005a57600080fd5b5061006361007c565b005b34801561007157600080fd5b5061007a610158565b005b6000809054906101000a900473ffffffffffffffffffffffffffffffffffffffff1673ffffffffffffffffffffffffffffffffffffffff163373ffffffffffffffffffffffffffffffffffffffff161415156100d757600080fd5b6000809054906101000a900473ffffffffffffffffffffffffffffffffffffffff1673ffffffffffffffffffffffffffffffffffffffff166108fc3073ffffffffffffffffffffffffffffffffffffffff16319081150290604051600060405180830381858888f19350505050158015610155573d6000803e3d6000fd5b50565b336000806101000a81548173ffffffffffffffffffffffffffffffffffffffff021916908373ffffffffffffffffffffffffffffffffffffffff1602179055505600", "nonce": 0, "storage": "{}"}, "0xdeadbeefdeadbeefdeadbeefdeadbeefdeadbeef": {"balance": "0x100002010010000", "code": "", "nonce": 0, "storage": "{}"}}}, "steps": [{"address": "0x0", "calldata": "0xa8b00865", "input": "0xa8b00865", "name": "unknown", "origin": "0xdeadbeefdeadbeefdeadbeefdeadbeefdeadbeef", "value": "0x0"}, {"address": "0x0", "calldata": "0x3ccfd60b", "input": "0x3ccfd60b", "name": "withdraw()", "origin": "0xdeadbeefdeadbeefdeadbeefdeadbeefdeadbeef", "value": "0x0"}]}}], "success": true}
