Getting Slither report...
Switched global version to 0.4.26



'solc --version' running
'solc ../smartbugs-curated/dataset/unchecked_low_level_calls/0x9d06cbafa865037a01d322d3f4222fa3e04e5488.sol --combined-json abi,ast,bin,bin-runtime,srcmap,srcmap-runtime,userdoc,devdoc,hashes,compact-format --allow-paths .,/home/mokita/sc_study/temp/smartbugs-curated/dataset/unchecked_low_level_calls' running
Compilation warnings/errors on ../smartbugs-curated/dataset/unchecked_low_level_calls/0x9d06cbafa865037a01d322d3f4222fa3e04e5488.sol:
../smartbugs-curated/dataset/unchecked_low_level_calls/0x9d06cbafa865037a01d322d3f4222fa3e04e5488.sol:83:13: Warning: "throw" is deprecated in favour of "revert()", "require()" and "assert()".
            throw;
            ^---^
../smartbugs-curated/dataset/unchecked_low_level_calls/0x9d06cbafa865037a01d322d3f4222fa3e04e5488.sol:21:1: Warning: Source file does not specify required compiler version!Consider adding "pragma solidity ^0.4.26;"
contract Delta {     
^ (Relevant source part starts here and spans across multiple lines).
../smartbugs-curated/dataset/unchecked_low_level_calls/0x9d06cbafa865037a01d322d3f4222fa3e04e5488.sol:43:9: Warning: This declaration shadows an existing declaration.
        uint tokens_buy = msg.value*10**18/token_price;
        ^-------------^
../smartbugs-curated/dataset/unchecked_low_level_calls/0x9d06cbafa865037a01d322d3f4222fa3e04e5488.sol:38:5: The shadowed declaration is here:
    function tokens_buy() payable returns (bool) {         
    ^ (Relevant source part starts here and spans across multiple lines).

../smartbugs-curated/dataset/unchecked_low_level_calls/0x9d06cbafa865037a01d322d3f4222fa3e04e5488.sol:24:25: Warning: This looks like an address but has an invalid checksum. If this is not used as an address, please prepend '00'. Correct checksummed address: '0x788C45Dd60aE4dBE5055b5Ac02384D5dc84677b0'. For more information please see https://solidity.readthedocs.io/en/develop/types.html#address-literals
	address public owner = 0x788c45dd60ae4dbe5055b5ac02384d5dc84677b0;	
	                       ^----------------------------------------^
../smartbugs-curated/dataset/unchecked_low_level_calls/0x9d06cbafa865037a01d322d3f4222fa3e04e5488.sol:47:27: Warning: "sha3" has been deprecated in favour of "keccak256"
        if(!c.call(bytes4(sha3("transferFrom(address,address,uint256)")),owner, msg.sender,tokens_buy)){
                          ^-------------------------------------------^
../smartbugs-curated/dataset/unchecked_low_level_calls/0x9d06cbafa865037a01d322d3f4222fa3e04e5488.sol:53:9: Warning: Failure condition of 'send' ignored. Consider using 'transfer' instead.
        owner2.send(sum2);
        ^---------------^
../smartbugs-curated/dataset/unchecked_low_level_calls/0x9d06cbafa865037a01d322d3f4222fa3e04e5488.sol:61:21: Warning: Using contract member "balance" inherited from the address type is deprecated. Convert the contract to "address" type to access the member, for example use "address(contract).balance" instead.
          balance = this.balance;
                    ^----------^
../smartbugs-curated/dataset/unchecked_low_level_calls/0x9d06cbafa865037a01d322d3f4222fa3e04e5488.sol:64:11: Warning: Failure condition of 'send' ignored. Consider using 'transfer' instead.
          owner.send(balance);
          ^-----------------^
../smartbugs-curated/dataset/unchecked_low_level_calls/0x9d06cbafa865037a01d322d3f4222fa3e04e5488.sol:31:2: Warning: No visibility specified. Defaulting to "public". 
	function() payable {        
 ^ (Relevant source part starts here and spans across multiple lines).
../smartbugs-curated/dataset/unchecked_low_level_calls/0x9d06cbafa865037a01d322d3f4222fa3e04e5488.sol:38:5: Warning: No visibility specified. Defaulting to "public". 
    function tokens_buy() payable returns (bool) {         
    ^ (Relevant source part starts here and spans across multiple lines).
../smartbugs-curated/dataset/unchecked_low_level_calls/0x9d06cbafa865037a01d322d3f4222fa3e04e5488.sol:59:7: Warning: No visibility specified. Defaulting to "public". 
      function withdraw(uint256 _amount) onlyOwner returns (bool result) {
      ^ (Relevant source part starts here and spans across multiple lines).
../smartbugs-curated/dataset/unchecked_low_level_calls/0x9d06cbafa865037a01d322d3f4222fa3e04e5488.sol:69:7: Warning: No visibility specified. Defaulting to "public". 
      function change_token_price(uint256 _token_price) onlyOwner returns (bool result) {
      ^ (Relevant source part starts here and spans across multiple lines).
../smartbugs-curated/dataset/unchecked_low_level_calls/0x9d06cbafa865037a01d322d3f4222fa3e04e5488.sol:75:7: Warning: No visibility specified. Defaulting to "public". 
      function change_active(uint256 _active) onlyOwner returns (bool result) {
      ^ (Relevant source part starts here and spans across multiple lines).


Delta.tokens_buy() (../smartbugs-curated/dataset/unchecked_low_level_calls/0x9d06cbafa865037a01d322d3f4222fa3e04e5488.sol#38-56) ignores return value by owner2.send(sum2) (../smartbugs-curated/dataset/unchecked_low_level_calls/0x9d06cbafa865037a01d322d3f4222fa3e04e5488.sol#53)
Delta.withdraw(uint256) (../smartbugs-curated/dataset/unchecked_low_level_calls/0x9d06cbafa865037a01d322d3f4222fa3e04e5488.sol#59-66) ignores return value by owner.send(balance) (../smartbugs-curated/dataset/unchecked_low_level_calls/0x9d06cbafa865037a01d322d3f4222fa3e04e5488.sol#64)
Reference: https://github.com/crytic/slither/wiki/Detector-Documentation#unchecked-send

Delta.tokens_buy().tokens_buy (../smartbugs-curated/dataset/unchecked_low_level_calls/0x9d06cbafa865037a01d322d3f4222fa3e04e5488.sol#43) shadows:
	- Delta.tokens_buy() (../smartbugs-curated/dataset/unchecked_low_level_calls/0x9d06cbafa865037a01d322d3f4222fa3e04e5488.sol#38-56) (function)
Reference: https://github.com/crytic/slither/wiki/Detector-Documentation#local-variable-shadowing

Delta.change_token_price(uint256) (../smartbugs-curated/dataset/unchecked_low_level_calls/0x9d06cbafa865037a01d322d3f4222fa3e04e5488.sol#69-72) should emit an event for: 
	- token_price = _token_price (../smartbugs-curated/dataset/unchecked_low_level_calls/0x9d06cbafa865037a01d322d3f4222fa3e04e5488.sol#70) 
Delta.change_active(uint256) (../smartbugs-curated/dataset/unchecked_low_level_calls/0x9d06cbafa865037a01d322d3f4222fa3e04e5488.sol#75-78) should emit an event for: 
	- active = _active (../smartbugs-curated/dataset/unchecked_low_level_calls/0x9d06cbafa865037a01d322d3f4222fa3e04e5488.sol#76) 
Reference: https://github.com/crytic/slither/wiki/Detector-Documentation#missing-events-arithmetic

Deprecated standard detected ! c.call(bytes4(sha3()(transferFrom(address,address,uint256))),owner,msg.sender,tokens_buy) (../smartbugs-curated/dataset/unchecked_low_level_calls/0x9d06cbafa865037a01d322d3f4222fa3e04e5488.sol#47):
	- Usage of "sha3()" should be replaced with "keccak256()"
Deprecated standard detected THROW (../smartbugs-curated/dataset/unchecked_low_level_calls/0x9d06cbafa865037a01d322d3f4222fa3e04e5488.sol#83):
	- Usage of "throw" should be replaced with "revert()"
Reference: https://github.com/crytic/slither/wiki/Detector-Documentation#deprecated-standards

solc-0.4.26 is an outdated solc version. Use a more recent version (at least 0.8.0), if possible.
Reference: https://github.com/crytic/slither/wiki/Detector-Documentation#incorrect-versions-of-solidity

Low level call in Delta.tokens_buy() (../smartbugs-curated/dataset/unchecked_low_level_calls/0x9d06cbafa865037a01d322d3f4222fa3e04e5488.sol#38-56):
	- ! c.call(bytes4(sha3()(transferFrom(address,address,uint256))),owner,msg.sender,tokens_buy) (../smartbugs-curated/dataset/unchecked_low_level_calls/0x9d06cbafa865037a01d322d3f4222fa3e04e5488.sol#47)
Reference: https://github.com/crytic/slither/wiki/Detector-Documentation#low-level-calls

Function Delta.tokens_buy() (../smartbugs-curated/dataset/unchecked_low_level_calls/0x9d06cbafa865037a01d322d3f4222fa3e04e5488.sol#38-56) is not in mixedCase
Parameter Delta.withdraw(uint256)._amount (../smartbugs-curated/dataset/unchecked_low_level_calls/0x9d06cbafa865037a01d322d3f4222fa3e04e5488.sol#59) is not in mixedCase
Function Delta.change_token_price(uint256) (../smartbugs-curated/dataset/unchecked_low_level_calls/0x9d06cbafa865037a01d322d3f4222fa3e04e5488.sol#69-72) is not in mixedCase
Parameter Delta.change_token_price(uint256)._token_price (../smartbugs-curated/dataset/unchecked_low_level_calls/0x9d06cbafa865037a01d322d3f4222fa3e04e5488.sol#69) is not in mixedCase
Function Delta.change_active(uint256) (../smartbugs-curated/dataset/unchecked_low_level_calls/0x9d06cbafa865037a01d322d3f4222fa3e04e5488.sol#75-78) is not in mixedCase
Parameter Delta.change_active(uint256)._active (../smartbugs-curated/dataset/unchecked_low_level_calls/0x9d06cbafa865037a01d322d3f4222fa3e04e5488.sol#75) is not in mixedCase
Variable Delta.token_price (../smartbugs-curated/dataset/unchecked_low_level_calls/0x9d06cbafa865037a01d322d3f4222fa3e04e5488.sol#28) is not in mixedCase
Reference: https://github.com/crytic/slither/wiki/Detector-Documentation#conformance-to-solidity-naming-conventions

Delta.c (../smartbugs-curated/dataset/unchecked_low_level_calls/0x9d06cbafa865037a01d322d3f4222fa3e04e5488.sol#23) should be constant 
Delta.owner (../smartbugs-curated/dataset/unchecked_low_level_calls/0x9d06cbafa865037a01d322d3f4222fa3e04e5488.sol#24) should be constant 
Delta.owner2 (../smartbugs-curated/dataset/unchecked_low_level_calls/0x9d06cbafa865037a01d322d3f4222fa3e04e5488.sol#25) should be constant 
Reference: https://github.com/crytic/slither/wiki/Detector-Documentation#state-variables-that-could-be-declared-constant
../smartbugs-curated/dataset/unchecked_low_level_calls/0x9d06cbafa865037a01d322d3f4222fa3e04e5488.sol analyzed (1 contracts with 95 detectors), 19 result(s) found

Error running slither
0x9d06cbafa865037a01d322d3f4222fa3e04e5488.sol
Getting Solidity AST...
Running TIPS...
0x9d06cbafa865037a01d322d3f4222fa3e04e5488.sol
0.008921384811401367


