Getting Slither report...
Switched global version to 0.4.26



'solc --version' running
'solc ../smartbugs-curated/dataset/time_manipulation/roulette.sol --combined-json abi,ast,bin,bin-runtime,srcmap,srcmap-runtime,userdoc,devdoc,hashes,compact-format --allow-paths .,/home/mokita/sc_study/temp/smartbugs-curated/dataset/time_manipulation' running
Compilation warnings/errors on ../smartbugs-curated/dataset/time_manipulation/roulette.sol:
../smartbugs-curated/dataset/time_manipulation/roulette.sol:8:1: Warning: Source file does not specify required compiler version!Consider adding "pragma solidity ^0.4.26;"
contract Roulette {
^ (Relevant source part starts here and spans across multiple lines).
../smartbugs-curated/dataset/time_manipulation/roulette.sol:21:33: Warning: Using contract member "balance" inherited from the address type is deprecated. Convert the contract to "address" type to access the member, for example use "address(contract).balance" instead.
            msg.sender.transfer(this.balance);
                                ^----------^


Roulette.fallback() (../smartbugs-curated/dataset/time_manipulation/roulette.sol#14-23) sends eth to arbitrary user
	Dangerous calls:
	- msg.sender.transfer(this.balance) (../smartbugs-curated/dataset/time_manipulation/roulette.sol#21)
Reference: https://github.com/crytic/slither/wiki/Detector-Documentation#functions-that-send-ether-to-arbitrary-destinations

Roulette.fallback() (../smartbugs-curated/dataset/time_manipulation/roulette.sol#14-23) uses a weak PRNG: "now % 15 == 0 (../smartbugs-curated/dataset/time_manipulation/roulette.sol#20)" 
Reference: https://github.com/crytic/slither/wiki/Detector-Documentation#weak-PRNG

Roulette.fallback() (../smartbugs-curated/dataset/time_manipulation/roulette.sol#14-23) uses a dangerous strict equality:
	- now % 15 == 0 (../smartbugs-curated/dataset/time_manipulation/roulette.sol#20)
Reference: https://github.com/crytic/slither/wiki/Detector-Documentation#dangerous-strict-equalities

Roulette.fallback() (../smartbugs-curated/dataset/time_manipulation/roulette.sol#14-23) uses timestamp for comparisons
	Dangerous comparisons:
	- require(bool)(now != pastBlockTime) (../smartbugs-curated/dataset/time_manipulation/roulette.sol#17)
	- now % 15 == 0 (../smartbugs-curated/dataset/time_manipulation/roulette.sol#20)
Reference: https://github.com/crytic/slither/wiki/Detector-Documentation#block-timestamp

solc-0.4.26 is an outdated solc version. Use a more recent version (at least 0.8.0), if possible.
Reference: https://github.com/crytic/slither/wiki/Detector-Documentation#incorrect-versions-of-solidity
../smartbugs-curated/dataset/time_manipulation/roulette.sol analyzed (1 contracts with 95 detectors), 5 result(s) found

Error running slither
roulette.sol
Getting Solidity AST...
Running TIPS...
roulette.sol
0.0008232593536376953


