mythril.mythril.mythril_config [INFO]: Creating mythril data directory 
mythril.mythril.mythril_config [INFO]: No config file found. Creating default: /root/.mythril/config.ini 
mythril.mythril.mythril_config [INFO]: Infura key not provided, so onchain access is disabled. Use --infura-id <INFURA_ID> or set it in the environment variable INFURA_ID or in the ~/.mythril/config.ini file 
mythril.support.signatures [INFO]: Using signature database at /root/.mythril/signatures.db
mythril.laser.ethereum.svm [INFO]: LASER EVM initialized with dynamic loader: <mythril.support.loader.DynLoader object at 0x732c26f704c0>
mythril.laser.ethereum.strategy.extensions.bounded_loops [INFO]: Loaded search strategy extension: Loop bounds (limit = 3)
mythril.laser.plugin.loader [INFO]: Loading laser plugin: coverage
mythril.laser.plugin.loader [INFO]: Loading laser plugin: mutation-pruner
mythril.laser.plugin.loader [INFO]: Loading laser plugin: call-depth-limit
mythril.laser.plugin.loader [INFO]: Loading laser plugin: instruction-profiler
mythril.laser.plugin.loader [INFO]: Loading laser plugin: dependency-pruner
mythril.laser.plugin.loader [INFO]: Instrumenting symbolic vm with plugin: coverage
mythril.laser.plugin.loader [INFO]: Instrumenting symbolic vm with plugin: mutation-pruner
mythril.laser.plugin.loader [INFO]: Instrumenting symbolic vm with plugin: call-depth-limit
mythril.laser.plugin.loader [INFO]: Instrumenting symbolic vm with plugin: instruction-profiler
mythril.laser.plugin.loader [INFO]: Instrumenting symbolic vm with plugin: dependency-pruner
mythril.laser.ethereum.svm [DEBUG]: Starting LASER execution
mythril.laser.ethereum.svm [INFO]: Starting message call transaction to 0
mythril.laser.ethereum.svm [INFO]: Starting message call transaction, iteration: 0, 1 initial states
mythril.laser.ethereum.instructions [DEBUG]: Evaluating PUSH1 at 0
mythril.laser.ethereum.instructions [DEBUG]: Evaluating PUSH1 at 1
mythril.laser.ethereum.instructions [DEBUG]: Evaluating MSTORE at 2
mythril.laser.ethereum.instructions [DEBUG]: Evaluating PUSH1 at 3
mythril.laser.ethereum.instructions [DEBUG]: Evaluating CALLDATASIZE at 4
mythril.laser.ethereum.instructions [DEBUG]: Evaluating LT at 5
mythril.laser.ethereum.instructions [DEBUG]: Evaluating PUSH2 at 6
mythril.analysis.module.base [DEBUG]: Entering analysis module: TxOrigin
mythril.analysis.module.base [DEBUG]: Exiting analysis module: TxOrigin
mythril.analysis.module.base [DEBUG]: Entering analysis module: IntegerArithmetics
mythril.analysis.module.base [DEBUG]: Exiting analysis module: IntegerArithmetics
mythril.laser.ethereum.instructions [DEBUG]: Evaluating JUMPI at 7
mythril.laser.ethereum.instructions [DEBUG]: Evaluating PUSH4 at 8
mythril.laser.ethereum.instructions [DEBUG]: Evaluating JUMPDEST at 21
mythril.laser.ethereum.instructions [DEBUG]: Evaluating PUSH1 at 9
mythril.laser.ethereum.instructions [DEBUG]: Evaluating PUSH1 at 22
mythril.laser.ethereum.instructions [DEBUG]: Evaluating PUSH1 at 10
mythril.laser.ethereum.instructions [DEBUG]: Evaluating DUP1 at 23
mythril.analysis.module.base [DEBUG]: Entering analysis module: IntegerArithmetics
mythril.analysis.module.base [DEBUG]: Exiting analysis module: IntegerArithmetics
mythril.laser.ethereum.instructions [DEBUG]: Evaluating EXP at 11
mythril.laser.ethereum.instructions [DEBUG]: Evaluating REVERT at 24
mythril.laser.ethereum.svm [DEBUG]: Ending transaction MessageCallTransaction 1 from sender_1 to                                        0x0.
mythril.laser.ethereum.instructions [DEBUG]: Evaluating PUSH1 at 12
mythril.laser.ethereum.instructions [DEBUG]: Evaluating CALLDATALOAD at 13
mythril.laser.ethereum.instructions [DEBUG]: Evaluating DIV at 14
mythril.laser.ethereum.instructions [DEBUG]: Evaluating AND at 15
mythril.laser.ethereum.instructions [DEBUG]: Evaluating PUSH4 at 16
mythril.laser.ethereum.instructions [DEBUG]: Evaluating DUP2 at 17
mythril.laser.ethereum.instructions [DEBUG]: Evaluating EQ at 18
mythril.laser.ethereum.instructions [DEBUG]: Evaluating PUSH2 at 19
mythril.analysis.module.base [DEBUG]: Entering analysis module: TxOrigin
mythril.analysis.module.base [DEBUG]: Exiting analysis module: TxOrigin
mythril.analysis.module.base [DEBUG]: Entering analysis module: IntegerArithmetics
mythril.analysis.module.base [DEBUG]: Exiting analysis module: IntegerArithmetics
mythril.laser.ethereum.instructions [DEBUG]: Evaluating JUMPI at 20
mythril.laser.ethereum.instructions [DEBUG]: Evaluating JUMPDEST at 21
mythril.laser.ethereum.instructions [DEBUG]: Evaluating JUMPDEST at 25
mythril.laser.ethereum.instructions [DEBUG]: Evaluating PUSH1 at 22
mythril.laser.ethereum.instructions [DEBUG]: Evaluating CALLVALUE at 26
mythril.laser.ethereum.instructions [DEBUG]: Evaluating DUP1 at 23
mythril.laser.ethereum.instructions [DEBUG]: Evaluating DUP1 at 27
mythril.laser.ethereum.instructions [DEBUG]: Evaluating REVERT at 24
mythril.laser.ethereum.svm [DEBUG]: Ending transaction MessageCallTransaction 1 from sender_1 to                                        0x0.
mythril.laser.ethereum.instructions [DEBUG]: Evaluating ISZERO at 28
mythril.laser.ethereum.instructions [DEBUG]: Evaluating PUSH2 at 29
mythril.analysis.module.base [DEBUG]: Entering analysis module: TxOrigin
mythril.analysis.module.base [DEBUG]: Exiting analysis module: TxOrigin
mythril.analysis.module.base [DEBUG]: Entering analysis module: IntegerArithmetics
mythril.analysis.module.base [DEBUG]: Exiting analysis module: IntegerArithmetics
mythril.laser.ethereum.instructions [DEBUG]: Evaluating JUMPI at 30
mythril.laser.ethereum.instructions [DEBUG]: Evaluating PUSH1 at 31
mythril.laser.ethereum.instructions [DEBUG]: Evaluating JUMPDEST at 34
mythril.laser.ethereum.instructions [DEBUG]: Evaluating DUP1 at 32
mythril.laser.ethereum.instructions [DEBUG]: Evaluating POP at 35
mythril.laser.ethereum.instructions [DEBUG]: Evaluating REVERT at 33
mythril.laser.ethereum.svm [DEBUG]: Ending transaction MessageCallTransaction 1 from sender_1 to                                        0x0.
mythril.laser.ethereum.instructions [DEBUG]: Evaluating PUSH2 at 36
mythril.laser.ethereum.instructions [DEBUG]: Evaluating PUSH2 at 37
mythril.laser.ethereum.instructions [DEBUG]: Evaluating JUMP at 38
mythril.laser.ethereum.instructions [DEBUG]: Evaluating JUMPDEST at 57
mythril.laser.ethereum.instructions [DEBUG]: Evaluating PUSH1 at 58
mythril.laser.ethereum.instructions [DEBUG]: Evaluating DUP1 at 59
mythril.laser.ethereum.instructions [DEBUG]: Evaluating MLOAD at 60
mythril.laser.ethereum.instructions [DEBUG]: Evaluating PUSH32 at 61
mythril.laser.ethereum.instructions [DEBUG]: Evaluating DUP2 at 62
mythril.laser.ethereum.instructions [DEBUG]: Evaluating MSTORE at 63
mythril.laser.ethereum.instructions [DEBUG]: Evaluating PUSH32 at 64
mythril.laser.ethereum.instructions [DEBUG]: Evaluating PUSH1 at 65
mythril.laser.ethereum.instructions [DEBUG]: Evaluating DUP3 at 66
mythril.analysis.module.base [DEBUG]: Entering analysis module: IntegerArithmetics
mythril.analysis.module.base [DEBUG]: Exiting analysis module: IntegerArithmetics
mythril.laser.ethereum.instructions [DEBUG]: Evaluating ADD at 67
mythril.laser.ethereum.instructions [DEBUG]: Evaluating MSTORE at 68
mythril.laser.ethereum.instructions [DEBUG]: Evaluating DUP2 at 69
mythril.laser.ethereum.instructions [DEBUG]: Evaluating MLOAD at 70
mythril.laser.ethereum.instructions [DEBUG]: Evaluating PUSH1 at 71
mythril.laser.ethereum.instructions [DEBUG]: Evaluating SWAP3 at 72
mythril.laser.ethereum.instructions [DEBUG]: Evaluating PUSH20 at 73
mythril.laser.ethereum.instructions [DEBUG]: Evaluating SWAP3 at 74
mythril.laser.ethereum.instructions [DEBUG]: Evaluating DUP5 at 75
mythril.laser.ethereum.instructions [DEBUG]: Evaluating SWAP3 at 76
mythril.laser.ethereum.instructions [DEBUG]: Evaluating PUSH20 at 77
mythril.laser.ethereum.instructions [DEBUG]: Evaluating SWAP3 at 78
mythril.laser.ethereum.instructions [DEBUG]: Evaluating PUSH1 at 79
mythril.laser.ethereum.instructions [DEBUG]: Evaluating SWAP3 at 80
mythril.laser.ethereum.instructions [DEBUG]: Evaluating DUP7 at 81
mythril.laser.ethereum.instructions [DEBUG]: Evaluating SWAP3 at 82
mythril.laser.ethereum.instructions [DEBUG]: Evaluating DUP2 at 83
mythril.laser.ethereum.instructions [DEBUG]: Evaluating DUP4 at 84
mythril.analysis.module.base [DEBUG]: Entering analysis module: IntegerArithmetics
mythril.analysis.module.base [DEBUG]: Exiting analysis module: IntegerArithmetics
mythril.laser.ethereum.instructions [DEBUG]: Evaluating ADD at 85
mythril.laser.ethereum.instructions [DEBUG]: Evaluating SWAP3 at 86
mythril.laser.ethereum.instructions [DEBUG]: Evaluating DUP8 at 87
mythril.laser.ethereum.instructions [DEBUG]: Evaluating SWAP3 at 88
mythril.laser.ethereum.instructions [DEBUG]: Evaluating DUP3 at 89
mythril.laser.ethereum.instructions [DEBUG]: Evaluating SWAP1 at 90
mythril.analysis.module.base [DEBUG]: Entering analysis module: IntegerArithmetics
mythril.analysis.module.base [DEBUG]: Exiting analysis module: IntegerArithmetics
mythril.laser.ethereum.instructions [DEBUG]: Evaluating SUB at 91
mythril.analysis.module.base [DEBUG]: Entering analysis module: IntegerArithmetics
mythril.analysis.module.base [DEBUG]: Exiting analysis module: IntegerArithmetics
mythril.laser.ethereum.instructions [DEBUG]: Evaluating ADD at 92
mythril.laser.ethereum.instructions [DEBUG]: Evaluating DUP2 at 93
mythril.laser.ethereum.instructions [DEBUG]: Evaluating DUP4 at 94
mythril.laser.ethereum.instructions [DEBUG]: Evaluating DUP7 at 95
mythril.laser.ethereum.instructions [DEBUG]: Evaluating GAS at 96
mythril.analysis.module.base [DEBUG]: Entering analysis module: IntegerArithmetics
mythril.analysis.module.base [DEBUG]: Exiting analysis module: IntegerArithmetics
mythril.analysis.module.base [DEBUG]: Entering analysis module: StateChangeAfterCall
mythril.analysis.module.base [DEBUG]: Exiting analysis module: StateChangeAfterCall
mythril.laser.ethereum.instructions [DEBUG]: Evaluating CALL at 97
mythril.laser.ethereum.instructions [DEBUG]: Could not determine required parameters for call, putting fresh symbol on the stack. 
Cannot load from the chain when eth is None
mythril.analysis.module.base [DEBUG]: Entering analysis module: EtherThief
mythril.analysis.module.base [DEBUG]: Exiting analysis module: EtherThief
mythril.analysis.module.base [DEBUG]: Entering analysis module: UncheckedRetval
mythril.analysis.module.modules.unchecked_retval [DEBUG]: End of call, extracting retval
mythril.analysis.module.base [DEBUG]: Exiting analysis module: UncheckedRetval
mythril.laser.ethereum.instructions [DEBUG]: Evaluating PUSH2 at 98
mythril.laser.ethereum.instructions [DEBUG]: Evaluating PUSH2 at 99
mythril.laser.ethereum.instructions [DEBUG]: Evaluating JUMP at 100
mythril.laser.ethereum.instructions [DEBUG]: Evaluating JUMPDEST at 203
mythril.laser.ethereum.instructions [DEBUG]: Evaluating DUP2 at 204
mythril.laser.ethereum.instructions [DEBUG]: Evaluating ISZERO at 205
mythril.laser.ethereum.instructions [DEBUG]: Evaluating ISZERO at 206
mythril.laser.ethereum.instructions [DEBUG]: Evaluating SWAP1 at 207
mythril.analysis.module.base [DEBUG]: Entering analysis module: TxOrigin
mythril.analysis.module.base [DEBUG]: Exiting analysis module: TxOrigin
mythril.analysis.module.base [DEBUG]: Entering analysis module: IntegerArithmetics
mythril.analysis.module.base [DEBUG]: Exiting analysis module: IntegerArithmetics
mythril.laser.ethereum.instructions [DEBUG]: Evaluating JUMPI at 208
mythril.laser.ethereum.instructions [DEBUG]: Evaluating PUSH1 at 209
mythril.laser.ethereum.instructions [DEBUG]: Evaluating JUMPDEST at 101
mythril.laser.ethereum.instructions [DEBUG]: Evaluating DUP1 at 210
mythril.laser.ethereum.instructions [DEBUG]: Evaluating SWAP2 at 102
mythril.laser.ethereum.instructions [DEBUG]: Evaluating REVERT at 211
mythril.laser.ethereum.svm [DEBUG]: Ending transaction MessageCallTransaction 1 from sender_1 to                                        0x0.
mythril.laser.ethereum.instructions [DEBUG]: Evaluating POP at 103
mythril.laser.ethereum.instructions [DEBUG]: Evaluating POP at 104
mythril.laser.ethereum.instructions [DEBUG]: Evaluating POP at 105
mythril.laser.ethereum.instructions [DEBUG]: Evaluating DUP4 at 106
mythril.laser.ethereum.instructions [DEBUG]: Evaluating PUSH20 at 107
mythril.laser.ethereum.instructions [DEBUG]: Evaluating AND at 108
mythril.laser.ethereum.instructions [DEBUG]: Evaluating PUSH1 at 109
mythril.laser.ethereum.instructions [DEBUG]: Evaluating MLOAD at 110
mythril.laser.ethereum.instructions [DEBUG]: Evaluating DUP1 at 111
mythril.laser.ethereum.instructions [DEBUG]: Evaluating DUP1 at 112
mythril.laser.ethereum.instructions [DEBUG]: Evaluating PUSH32 at 113
mythril.laser.ethereum.instructions [DEBUG]: Evaluating DUP2 at 114
mythril.laser.ethereum.instructions [DEBUG]: Evaluating MSTORE at 115
mythril.laser.ethereum.instructions [DEBUG]: Evaluating POP at 116
mythril.laser.ethereum.instructions [DEBUG]: Evaluating PUSH1 at 117
mythril.analysis.module.base [DEBUG]: Entering analysis module: IntegerArithmetics
mythril.analysis.module.base [DEBUG]: Exiting analysis module: IntegerArithmetics
mythril.laser.ethereum.instructions [DEBUG]: Evaluating ADD at 118
mythril.laser.ethereum.instructions [DEBUG]: Evaluating SWAP1 at 119
mythril.laser.ethereum.instructions [DEBUG]: Evaluating POP at 120
mythril.laser.ethereum.instructions [DEBUG]: Evaluating PUSH1 at 121
mythril.laser.ethereum.instructions [DEBUG]: Evaluating MLOAD at 122
mythril.laser.ethereum.instructions [DEBUG]: Evaluating DUP1 at 123
mythril.laser.ethereum.instructions [DEBUG]: Evaluating SWAP2 at 124
mythril.analysis.module.base [DEBUG]: Entering analysis module: IntegerArithmetics
mythril.analysis.module.base [DEBUG]: Exiting analysis module: IntegerArithmetics
mythril.laser.ethereum.instructions [DEBUG]: Evaluating SUB at 125
mythril.laser.ethereum.instructions [DEBUG]: Evaluating SWAP1 at 126
mythril.laser.ethereum.instructions [DEBUG]: Evaluating SHA3 at 127
mythril.laser.ethereum.instructions [DEBUG]: Evaluating PUSH1 at 128
mythril.laser.ethereum.instructions [DEBUG]: Evaluating PUSH1 at 129
mythril.analysis.module.base [DEBUG]: Entering analysis module: IntegerArithmetics
mythril.analysis.module.base [DEBUG]: Exiting analysis module: IntegerArithmetics
mythril.laser.ethereum.instructions [DEBUG]: Evaluating EXP at 130
mythril.laser.ethereum.instructions [DEBUG]: Evaluating SWAP1 at 131
mythril.laser.ethereum.instructions [DEBUG]: Evaluating DIV at 132
mythril.laser.ethereum.instructions [DEBUG]: Evaluating DUP4 at 133
mythril.laser.ethereum.instructions [DEBUG]: Evaluating DUP4 at 134
mythril.laser.ethereum.instructions [DEBUG]: Evaluating PUSH1 at 135
mythril.laser.ethereum.instructions [DEBUG]: Evaluating MLOAD at 136
mythril.laser.ethereum.instructions [DEBUG]: Evaluating DUP4 at 137
mythril.laser.ethereum.instructions [DEBUG]: Evaluating PUSH4 at 138
mythril.laser.ethereum.instructions [DEBUG]: Evaluating AND at 139
mythril.laser.ethereum.instructions [DEBUG]: Evaluating PUSH1 at 140
mythril.laser.ethereum.instructions [DEBUG]: Evaluating PUSH1 at 141
mythril.analysis.module.base [DEBUG]: Entering analysis module: IntegerArithmetics
mythril.analysis.module.base [DEBUG]: Exiting analysis module: IntegerArithmetics
mythril.laser.ethereum.instructions [DEBUG]: Evaluating EXP at 142
mythril.analysis.module.base [DEBUG]: Entering analysis module: IntegerArithmetics
mythril.analysis.module.base [DEBUG]: Exiting analysis module: IntegerArithmetics
mythril.laser.ethereum.instructions [DEBUG]: Evaluating MUL at 143
mythril.laser.ethereum.instructions [DEBUG]: Evaluating DUP2 at 144
mythril.laser.ethereum.instructions [DEBUG]: Evaluating MSTORE at 145
mythril.laser.ethereum.instructions [DEBUG]: Evaluating PUSH1 at 146
mythril.analysis.module.base [DEBUG]: Entering analysis module: IntegerArithmetics
mythril.analysis.module.base [DEBUG]: Exiting analysis module: IntegerArithmetics
mythril.laser.ethereum.instructions [DEBUG]: Evaluating ADD at 147
mythril.laser.ethereum.instructions [DEBUG]: Evaluating DUP1 at 148
mythril.laser.ethereum.instructions [DEBUG]: Evaluating DUP4 at 149
mythril.laser.ethereum.instructions [DEBUG]: Evaluating PUSH20 at 150
mythril.laser.ethereum.instructions [DEBUG]: Evaluating AND at 151
mythril.laser.ethereum.instructions [DEBUG]: Evaluating PUSH20 at 152
mythril.laser.ethereum.instructions [DEBUG]: Evaluating AND at 153
mythril.laser.ethereum.instructions [DEBUG]: Evaluating DUP2 at 154
mythril.laser.ethereum.instructions [DEBUG]: Evaluating MSTORE at 155
mythril.laser.ethereum.instructions [DEBUG]: Evaluating PUSH1 at 156
mythril.analysis.module.base [DEBUG]: Entering analysis module: IntegerArithmetics
mythril.analysis.module.base [DEBUG]: Exiting analysis module: IntegerArithmetics
mythril.laser.ethereum.instructions [DEBUG]: Evaluating ADD at 157
mythril.laser.ethereum.instructions [DEBUG]: Evaluating DUP3 at 158
mythril.laser.ethereum.instructions [DEBUG]: Evaluating DUP2 at 159
mythril.laser.ethereum.instructions [DEBUG]: Evaluating MSTORE at 160
mythril.laser.ethereum.instructions [DEBUG]: Evaluating PUSH1 at 161
mythril.analysis.module.base [DEBUG]: Entering analysis module: IntegerArithmetics
mythril.analysis.module.base [DEBUG]: Exiting analysis module: IntegerArithmetics
mythril.laser.ethereum.instructions [DEBUG]: Evaluating ADD at 162
mythril.laser.ethereum.instructions [DEBUG]: Evaluating SWAP3 at 163
mythril.laser.ethereum.instructions [DEBUG]: Evaluating POP at 164
mythril.laser.ethereum.instructions [DEBUG]: Evaluating POP at 165
mythril.laser.ethereum.instructions [DEBUG]: Evaluating POP at 166
mythril.laser.ethereum.instructions [DEBUG]: Evaluating PUSH1 at 167
mythril.laser.ethereum.instructions [DEBUG]: Evaluating PUSH1 at 168
mythril.laser.ethereum.instructions [DEBUG]: Evaluating MLOAD at 169
mythril.laser.ethereum.instructions [DEBUG]: Evaluating DUP1 at 170
mythril.laser.ethereum.instructions [DEBUG]: Evaluating DUP4 at 171
mythril.analysis.module.base [DEBUG]: Entering analysis module: IntegerArithmetics
mythril.analysis.module.base [DEBUG]: Exiting analysis module: IntegerArithmetics
mythril.laser.ethereum.instructions [DEBUG]: Evaluating SUB at 172
mythril.laser.ethereum.instructions [DEBUG]: Evaluating DUP2 at 173
mythril.laser.ethereum.instructions [DEBUG]: Evaluating PUSH1 at 174
mythril.laser.ethereum.instructions [DEBUG]: Evaluating DUP8 at 175
mythril.laser.ethereum.instructions [DEBUG]: Evaluating GAS at 176
mythril.analysis.module.base [DEBUG]: Entering analysis module: IntegerArithmetics
mythril.analysis.module.base [DEBUG]: Exiting analysis module: IntegerArithmetics
mythril.analysis.module.base [DEBUG]: Entering analysis module: StateChangeAfterCall
mythril.analysis.module.base [DEBUG]: Exiting analysis module: StateChangeAfterCall
mythril.laser.ethereum.instructions [DEBUG]: Evaluating CALL at 177
mythril.laser.ethereum.instructions [DEBUG]: Could not determine required parameters for call, putting fresh symbol on the stack. 
Cannot load from the chain when eth is None
mythril.analysis.module.base [DEBUG]: Entering analysis module: EtherThief
mythril.analysis.module.base [DEBUG]: Exiting analysis module: EtherThief
mythril.analysis.module.base [DEBUG]: Entering analysis module: UncheckedRetval
mythril.analysis.module.modules.unchecked_retval [DEBUG]: End of call, extracting retval
mythril.analysis.module.base [DEBUG]: Exiting analysis module: UncheckedRetval
mythril.laser.ethereum.instructions [DEBUG]: Evaluating SWAP3 at 178
mythril.laser.ethereum.instructions [DEBUG]: Evaluating POP at 179
mythril.laser.ethereum.instructions [DEBUG]: Evaluating POP at 180
mythril.laser.ethereum.instructions [DEBUG]: Evaluating POP at 181
mythril.laser.ethereum.instructions [DEBUG]: Evaluating ISZERO at 182
mythril.laser.ethereum.instructions [DEBUG]: Evaluating ISZERO at 183
mythril.laser.ethereum.instructions [DEBUG]: Evaluating PUSH2 at 184
mythril.analysis.module.base [DEBUG]: Entering analysis module: TxOrigin
mythril.analysis.module.base [DEBUG]: Exiting analysis module: TxOrigin
mythril.analysis.module.base [DEBUG]: Entering analysis module: IntegerArithmetics
mythril.analysis.module.base [DEBUG]: Exiting analysis module: IntegerArithmetics
mythril.laser.ethereum.instructions [DEBUG]: Evaluating JUMPI at 185
mythril.laser.ethereum.instructions [DEBUG]: Evaluating PUSH1 at 186
mythril.laser.ethereum.instructions [DEBUG]: Evaluating JUMPDEST at 191
mythril.laser.ethereum.instructions [DEBUG]: Evaluating SWAP5 at 187
mythril.laser.ethereum.instructions [DEBUG]: Evaluating PUSH1 at 192
mythril.laser.ethereum.instructions [DEBUG]: Evaluating POP at 188
mythril.laser.ethereum.instructions [DEBUG]: Evaluating SWAP5 at 193
mythril.laser.ethereum.instructions [DEBUG]: Evaluating PUSH2 at 189
mythril.laser.ethereum.instructions [DEBUG]: Evaluating POP at 194
mythril.laser.ethereum.instructions [DEBUG]: Evaluating JUMP at 190
mythril.laser.ethereum.instructions [DEBUG]: Evaluating JUMPDEST at 195
mythril.laser.ethereum.instructions [DEBUG]: Evaluating JUMPDEST at 195
mythril.laser.ethereum.instructions [DEBUG]: Evaluating POP at 196
mythril.laser.ethereum.instructions [DEBUG]: Evaluating POP at 196
mythril.laser.ethereum.instructions [DEBUG]: Evaluating POP at 197
mythril.laser.ethereum.instructions [DEBUG]: Evaluating POP at 197
mythril.laser.ethereum.instructions [DEBUG]: Evaluating POP at 198
mythril.laser.ethereum.instructions [DEBUG]: Evaluating POP at 198
mythril.laser.ethereum.instructions [DEBUG]: Evaluating POP at 199
mythril.laser.ethereum.instructions [DEBUG]: Evaluating POP at 199
mythril.laser.ethereum.instructions [DEBUG]: Evaluating SWAP1 at 200
mythril.laser.ethereum.instructions [DEBUG]: Evaluating SWAP1 at 200
mythril.laser.ethereum.instructions [DEBUG]: Evaluating JUMP at 201
mythril.laser.ethereum.instructions [DEBUG]: Evaluating JUMP at 201
mythril.laser.ethereum.instructions [DEBUG]: Evaluating JUMPDEST at 39
mythril.laser.ethereum.instructions [DEBUG]: Evaluating JUMPDEST at 39
mythril.laser.ethereum.instructions [DEBUG]: Evaluating PUSH1 at 40
mythril.laser.ethereum.instructions [DEBUG]: Evaluating PUSH1 at 40
mythril.laser.ethereum.instructions [DEBUG]: Evaluating DUP1 at 41
mythril.laser.ethereum.instructions [DEBUG]: Evaluating DUP1 at 41
mythril.laser.ethereum.instructions [DEBUG]: Evaluating MLOAD at 42
mythril.laser.ethereum.instructions [DEBUG]: Evaluating MLOAD at 42
mythril.laser.ethereum.instructions [DEBUG]: Evaluating SWAP2 at 43
mythril.laser.ethereum.instructions [DEBUG]: Evaluating SWAP2 at 43
mythril.laser.ethereum.instructions [DEBUG]: Evaluating ISZERO at 44
mythril.laser.ethereum.instructions [DEBUG]: Evaluating ISZERO at 44
mythril.laser.ethereum.instructions [DEBUG]: Evaluating ISZERO at 45
mythril.laser.ethereum.instructions [DEBUG]: Evaluating ISZERO at 45
mythril.laser.ethereum.instructions [DEBUG]: Evaluating DUP3 at 46
mythril.laser.ethereum.instructions [DEBUG]: Evaluating DUP3 at 46
mythril.laser.ethereum.instructions [DEBUG]: Evaluating MSTORE at 47
mythril.laser.ethereum.instructions [DEBUG]: Evaluating MSTORE at 47
mythril.laser.ethereum.instructions [DEBUG]: Evaluating MLOAD at 48
mythril.laser.ethereum.instructions [DEBUG]: Evaluating MLOAD at 48
mythril.laser.ethereum.instructions [DEBUG]: Evaluating SWAP1 at 49
mythril.laser.ethereum.instructions [DEBUG]: Evaluating SWAP1 at 49
mythril.laser.ethereum.instructions [DEBUG]: Evaluating DUP2 at 50
mythril.laser.ethereum.instructions [DEBUG]: Evaluating DUP2 at 50
mythril.laser.ethereum.instructions [DEBUG]: Evaluating SWAP1 at 51
mythril.laser.ethereum.instructions [DEBUG]: Evaluating SWAP1 at 51
mythril.analysis.module.base [DEBUG]: Entering analysis module: IntegerArithmetics
mythril.analysis.module.base [DEBUG]: Exiting analysis module: IntegerArithmetics
mythril.laser.ethereum.instructions [DEBUG]: Evaluating SUB at 52
mythril.analysis.module.base [DEBUG]: Entering analysis module: IntegerArithmetics
mythril.analysis.module.base [DEBUG]: Exiting analysis module: IntegerArithmetics
mythril.laser.ethereum.instructions [DEBUG]: Evaluating SUB at 52
mythril.laser.ethereum.instructions [DEBUG]: Evaluating PUSH1 at 53
mythril.laser.ethereum.instructions [DEBUG]: Evaluating PUSH1 at 53
mythril.analysis.module.base [DEBUG]: Entering analysis module: IntegerArithmetics
mythril.analysis.module.base [DEBUG]: Exiting analysis module: IntegerArithmetics
mythril.laser.ethereum.instructions [DEBUG]: Evaluating ADD at 54
mythril.analysis.module.base [DEBUG]: Entering analysis module: IntegerArithmetics
mythril.analysis.module.base [DEBUG]: Exiting analysis module: IntegerArithmetics
mythril.laser.ethereum.instructions [DEBUG]: Evaluating ADD at 54
mythril.laser.ethereum.instructions [DEBUG]: Evaluating SWAP1 at 55
mythril.laser.ethereum.instructions [DEBUG]: Evaluating SWAP1 at 55
mythril.analysis.module.base [DEBUG]: Entering analysis module: IntegerArithmetics
mythril.analysis.module.base [DEBUG]: Exiting analysis module: IntegerArithmetics
mythril.analysis.module.base [DEBUG]: Entering analysis module: UncheckedRetval
mythril.analysis.module.base [DEBUG]: Exiting analysis module: UncheckedRetval
mythril.laser.ethereum.instructions [DEBUG]: Evaluating RETURN at 56
mythril.laser.ethereum.svm [DEBUG]: Ending transaction MessageCallTransaction 1 from sender_1 to                                        0x0.
mythril.analysis.module.base [DEBUG]: Entering analysis module: IntegerArithmetics
mythril.analysis.module.base [DEBUG]: Exiting analysis module: IntegerArithmetics
mythril.analysis.module.base [DEBUG]: Entering analysis module: UncheckedRetval
mythril.analysis.module.base [DEBUG]: Exiting analysis module: UncheckedRetval
mythril.laser.ethereum.instructions [DEBUG]: Evaluating RETURN at 56
mythril.laser.ethereum.svm [DEBUG]: Ending transaction MessageCallTransaction 1 from sender_1 to                                        0x0.
mythril.laser.plugin.plugins.coverage.coverage_plugin [INFO]: Number of new instructions covered in tx 0: 211
mythril.laser.ethereum.svm [INFO]: Starting message call transaction, iteration: 1, 2 initial states
mythril.laser.ethereum.instructions [DEBUG]: Evaluating PUSH1 at 0
mythril.laser.ethereum.instructions [DEBUG]: Evaluating PUSH1 at 0
mythril.laser.ethereum.instructions [DEBUG]: Evaluating PUSH1 at 1
mythril.laser.ethereum.instructions [DEBUG]: Evaluating PUSH1 at 1
mythril.laser.ethereum.instructions [DEBUG]: Evaluating MSTORE at 2
mythril.laser.ethereum.instructions [DEBUG]: Evaluating MSTORE at 2
mythril.laser.ethereum.instructions [DEBUG]: Evaluating PUSH1 at 3
mythril.laser.ethereum.instructions [DEBUG]: Evaluating PUSH1 at 3
mythril.laser.ethereum.instructions [DEBUG]: Evaluating CALLDATASIZE at 4
mythril.laser.ethereum.instructions [DEBUG]: Evaluating CALLDATASIZE at 4
mythril.laser.ethereum.instructions [DEBUG]: Evaluating LT at 5
mythril.laser.ethereum.instructions [DEBUG]: Evaluating LT at 5
mythril.laser.ethereum.instructions [DEBUG]: Evaluating PUSH2 at 6
mythril.laser.ethereum.instructions [DEBUG]: Evaluating PUSH2 at 6
mythril.analysis.module.base [DEBUG]: Entering analysis module: TxOrigin
mythril.analysis.module.base [DEBUG]: Exiting analysis module: TxOrigin
mythril.analysis.module.base [DEBUG]: Entering analysis module: IntegerArithmetics
mythril.analysis.module.base [DEBUG]: Exiting analysis module: IntegerArithmetics
mythril.laser.ethereum.instructions [DEBUG]: Evaluating JUMPI at 7
mythril.analysis.module.base [DEBUG]: Entering analysis module: TxOrigin
mythril.analysis.module.base [DEBUG]: Exiting analysis module: TxOrigin
mythril.analysis.module.base [DEBUG]: Entering analysis module: IntegerArithmetics
mythril.analysis.module.base [DEBUG]: Exiting analysis module: IntegerArithmetics
mythril.laser.ethereum.instructions [DEBUG]: Evaluating JUMPI at 7
mythril.laser.ethereum.instructions [DEBUG]: Evaluating PUSH4 at 8
mythril.laser.ethereum.instructions [DEBUG]: Evaluating JUMPDEST at 21
mythril.laser.ethereum.instructions [DEBUG]: Evaluating PUSH4 at 8
mythril.laser.ethereum.instructions [DEBUG]: Evaluating JUMPDEST at 21
mythril.laser.ethereum.instructions [DEBUG]: Evaluating PUSH1 at 9
mythril.laser.ethereum.instructions [DEBUG]: Evaluating PUSH1 at 22
mythril.laser.ethereum.instructions [DEBUG]: Evaluating PUSH1 at 9
mythril.laser.ethereum.instructions [DEBUG]: Evaluating PUSH1 at 22
mythril.laser.ethereum.instructions [DEBUG]: Evaluating PUSH1 at 10
mythril.laser.ethereum.instructions [DEBUG]: Evaluating DUP1 at 23
mythril.laser.ethereum.instructions [DEBUG]: Evaluating PUSH1 at 10
mythril.laser.ethereum.instructions [DEBUG]: Evaluating DUP1 at 23
mythril.analysis.module.base [DEBUG]: Entering analysis module: IntegerArithmetics
mythril.analysis.module.base [DEBUG]: Exiting analysis module: IntegerArithmetics
mythril.laser.ethereum.instructions [DEBUG]: Evaluating EXP at 11
mythril.laser.ethereum.instructions [DEBUG]: Evaluating REVERT at 24
mythril.laser.ethereum.svm [DEBUG]: Ending transaction MessageCallTransaction 2 from sender_2 to                                        0x0.
mythril.analysis.module.base [DEBUG]: Entering analysis module: IntegerArithmetics
mythril.analysis.module.base [DEBUG]: Exiting analysis module: IntegerArithmetics
mythril.laser.ethereum.instructions [DEBUG]: Evaluating EXP at 11
mythril.laser.ethereum.instructions [DEBUG]: Evaluating REVERT at 24
mythril.laser.ethereum.svm [DEBUG]: Ending transaction MessageCallTransaction 3 from sender_3 to                                        0x0.
mythril.laser.ethereum.instructions [DEBUG]: Evaluating PUSH1 at 12
mythril.laser.ethereum.instructions [DEBUG]: Evaluating PUSH1 at 12
mythril.laser.ethereum.instructions [DEBUG]: Evaluating CALLDATALOAD at 13
mythril.laser.ethereum.instructions [DEBUG]: Evaluating CALLDATALOAD at 13
mythril.laser.ethereum.instructions [DEBUG]: Evaluating DIV at 14
mythril.laser.ethereum.instructions [DEBUG]: Evaluating DIV at 14
mythril.laser.ethereum.instructions [DEBUG]: Evaluating AND at 15
mythril.laser.ethereum.instructions [DEBUG]: Evaluating AND at 15
mythril.laser.ethereum.instructions [DEBUG]: Evaluating PUSH4 at 16
mythril.laser.ethereum.instructions [DEBUG]: Evaluating PUSH4 at 16
mythril.laser.ethereum.instructions [DEBUG]: Evaluating DUP2 at 17
mythril.laser.ethereum.instructions [DEBUG]: Evaluating DUP2 at 17
mythril.laser.ethereum.instructions [DEBUG]: Evaluating EQ at 18
mythril.laser.ethereum.instructions [DEBUG]: Evaluating EQ at 18
mythril.laser.ethereum.instructions [DEBUG]: Evaluating PUSH2 at 19
mythril.laser.ethereum.instructions [DEBUG]: Evaluating PUSH2 at 19
mythril.analysis.module.base [DEBUG]: Entering analysis module: TxOrigin
mythril.analysis.module.base [DEBUG]: Exiting analysis module: TxOrigin
mythril.analysis.module.base [DEBUG]: Entering analysis module: IntegerArithmetics
mythril.analysis.module.base [DEBUG]: Exiting analysis module: IntegerArithmetics
mythril.laser.ethereum.instructions [DEBUG]: Evaluating JUMPI at 20
mythril.laser.plugin.plugins.dependency_pruner [DEBUG]: Skipping state: Storage slots set() not read in block at address 39, function
mythril.analysis.module.base [DEBUG]: Entering analysis module: TxOrigin
mythril.analysis.module.base [DEBUG]: Exiting analysis module: TxOrigin
mythril.analysis.module.base [DEBUG]: Entering analysis module: IntegerArithmetics
mythril.analysis.module.base [DEBUG]: Exiting analysis module: IntegerArithmetics
mythril.laser.ethereum.instructions [DEBUG]: Evaluating JUMPI at 20
mythril.laser.plugin.plugins.dependency_pruner [DEBUG]: Skipping state: Storage slots set() not read in block at address 39, function
mythril.laser.ethereum.instructions [DEBUG]: Evaluating JUMPDEST at 25
mythril.laser.ethereum.instructions [DEBUG]: Evaluating JUMPDEST at 25
mythril.laser.ethereum.instructions [DEBUG]: Evaluating CALLVALUE at 26
mythril.laser.ethereum.instructions [DEBUG]: Evaluating CALLVALUE at 26
mythril.laser.ethereum.instructions [DEBUG]: Evaluating DUP1 at 27
mythril.laser.ethereum.instructions [DEBUG]: Evaluating DUP1 at 27
mythril.laser.ethereum.instructions [DEBUG]: Evaluating ISZERO at 28
mythril.laser.ethereum.instructions [DEBUG]: Evaluating ISZERO at 28
mythril.laser.ethereum.instructions [DEBUG]: Evaluating PUSH2 at 29
mythril.laser.ethereum.instructions [DEBUG]: Evaluating PUSH2 at 29
mythril.analysis.module.base [DEBUG]: Entering analysis module: TxOrigin
mythril.analysis.module.base [DEBUG]: Exiting analysis module: TxOrigin
mythril.analysis.module.base [DEBUG]: Entering analysis module: IntegerArithmetics
mythril.analysis.module.base [DEBUG]: Exiting analysis module: IntegerArithmetics
mythril.laser.ethereum.instructions [DEBUG]: Evaluating JUMPI at 30
mythril.analysis.module.base [DEBUG]: Entering analysis module: TxOrigin
mythril.analysis.module.base [DEBUG]: Exiting analysis module: TxOrigin
mythril.analysis.module.base [DEBUG]: Entering analysis module: IntegerArithmetics
mythril.analysis.module.base [DEBUG]: Exiting analysis module: IntegerArithmetics
mythril.laser.ethereum.instructions [DEBUG]: Evaluating JUMPI at 30
mythril.laser.ethereum.instructions [DEBUG]: Evaluating PUSH1 at 31
mythril.laser.ethereum.instructions [DEBUG]: Evaluating JUMPDEST at 34
mythril.laser.ethereum.instructions [DEBUG]: Evaluating PUSH1 at 31
mythril.laser.ethereum.instructions [DEBUG]: Evaluating JUMPDEST at 34
mythril.laser.ethereum.instructions [DEBUG]: Evaluating DUP1 at 32
mythril.laser.ethereum.instructions [DEBUG]: Evaluating POP at 35
mythril.laser.ethereum.instructions [DEBUG]: Evaluating DUP1 at 32
mythril.laser.ethereum.instructions [DEBUG]: Evaluating POP at 35
mythril.laser.ethereum.instructions [DEBUG]: Evaluating REVERT at 33
mythril.laser.ethereum.svm [DEBUG]: Ending transaction MessageCallTransaction 2 from sender_2 to                                        0x0.
mythril.laser.ethereum.instructions [DEBUG]: Evaluating PUSH2 at 36
mythril.laser.ethereum.instructions [DEBUG]: Evaluating REVERT at 33
mythril.laser.ethereum.svm [DEBUG]: Ending transaction MessageCallTransaction 3 from sender_3 to                                        0x0.
mythril.laser.ethereum.instructions [DEBUG]: Evaluating PUSH2 at 36
mythril.laser.ethereum.instructions [DEBUG]: Evaluating PUSH2 at 37
mythril.laser.ethereum.instructions [DEBUG]: Evaluating PUSH2 at 37
mythril.laser.ethereum.instructions [DEBUG]: Evaluating JUMP at 38
mythril.laser.ethereum.instructions [DEBUG]: Evaluating JUMP at 38
mythril.laser.ethereum.instructions [DEBUG]: Evaluating JUMPDEST at 57
mythril.laser.ethereum.instructions [DEBUG]: Evaluating JUMPDEST at 57
mythril.laser.ethereum.instructions [DEBUG]: Evaluating PUSH1 at 58
mythril.laser.ethereum.instructions [DEBUG]: Evaluating PUSH1 at 58
mythril.laser.ethereum.instructions [DEBUG]: Evaluating DUP1 at 59
mythril.laser.ethereum.instructions [DEBUG]: Evaluating DUP1 at 59
mythril.laser.ethereum.instructions [DEBUG]: Evaluating MLOAD at 60
mythril.laser.ethereum.instructions [DEBUG]: Evaluating MLOAD at 60
mythril.laser.ethereum.instructions [DEBUG]: Evaluating PUSH32 at 61
mythril.laser.ethereum.instructions [DEBUG]: Evaluating PUSH32 at 61
mythril.laser.ethereum.instructions [DEBUG]: Evaluating DUP2 at 62
mythril.laser.ethereum.instructions [DEBUG]: Evaluating DUP2 at 62
mythril.laser.ethereum.instructions [DEBUG]: Evaluating MSTORE at 63
mythril.laser.ethereum.instructions [DEBUG]: Evaluating MSTORE at 63
mythril.laser.ethereum.instructions [DEBUG]: Evaluating PUSH32 at 64
mythril.laser.ethereum.instructions [DEBUG]: Evaluating PUSH32 at 64
mythril.laser.ethereum.instructions [DEBUG]: Evaluating PUSH1 at 65
mythril.laser.ethereum.instructions [DEBUG]: Evaluating PUSH1 at 65
mythril.laser.ethereum.instructions [DEBUG]: Evaluating DUP3 at 66
mythril.laser.ethereum.instructions [DEBUG]: Evaluating DUP3 at 66
mythril.analysis.module.base [DEBUG]: Entering analysis module: IntegerArithmetics
mythril.analysis.module.base [DEBUG]: Exiting analysis module: IntegerArithmetics
mythril.laser.ethereum.instructions [DEBUG]: Evaluating ADD at 67
mythril.analysis.module.base [DEBUG]: Entering analysis module: IntegerArithmetics
mythril.analysis.module.base [DEBUG]: Exiting analysis module: IntegerArithmetics
mythril.laser.ethereum.instructions [DEBUG]: Evaluating ADD at 67
mythril.laser.ethereum.instructions [DEBUG]: Evaluating MSTORE at 68
mythril.laser.ethereum.instructions [DEBUG]: Evaluating MSTORE at 68
mythril.laser.ethereum.instructions [DEBUG]: Evaluating DUP2 at 69
mythril.laser.ethereum.instructions [DEBUG]: Evaluating DUP2 at 69
mythril.laser.ethereum.instructions [DEBUG]: Evaluating MLOAD at 70
mythril.laser.ethereum.instructions [DEBUG]: Evaluating MLOAD at 70
mythril.laser.ethereum.instructions [DEBUG]: Evaluating PUSH1 at 71
mythril.laser.ethereum.instructions [DEBUG]: Evaluating PUSH1 at 71
mythril.laser.ethereum.instructions [DEBUG]: Evaluating SWAP3 at 72
mythril.laser.ethereum.instructions [DEBUG]: Evaluating SWAP3 at 72
mythril.laser.ethereum.instructions [DEBUG]: Evaluating PUSH20 at 73
mythril.laser.ethereum.instructions [DEBUG]: Evaluating PUSH20 at 73
mythril.laser.ethereum.instructions [DEBUG]: Evaluating SWAP3 at 74
mythril.laser.ethereum.instructions [DEBUG]: Evaluating SWAP3 at 74
mythril.laser.ethereum.instructions [DEBUG]: Evaluating DUP5 at 75
mythril.laser.ethereum.instructions [DEBUG]: Evaluating DUP5 at 75
mythril.laser.ethereum.instructions [DEBUG]: Evaluating SWAP3 at 76
mythril.laser.ethereum.instructions [DEBUG]: Evaluating SWAP3 at 76
mythril.laser.ethereum.instructions [DEBUG]: Evaluating PUSH20 at 77
mythril.laser.ethereum.instructions [DEBUG]: Evaluating PUSH20 at 77
mythril.laser.ethereum.instructions [DEBUG]: Evaluating SWAP3 at 78
mythril.laser.ethereum.instructions [DEBUG]: Evaluating SWAP3 at 78
mythril.laser.ethereum.instructions [DEBUG]: Evaluating PUSH1 at 79
mythril.laser.ethereum.instructions [DEBUG]: Evaluating PUSH1 at 79
mythril.laser.ethereum.instructions [DEBUG]: Evaluating SWAP3 at 80
mythril.laser.ethereum.instructions [DEBUG]: Evaluating SWAP3 at 80
mythril.laser.ethereum.instructions [DEBUG]: Evaluating DUP7 at 81
mythril.laser.ethereum.instructions [DEBUG]: Evaluating DUP7 at 81
mythril.laser.ethereum.instructions [DEBUG]: Evaluating SWAP3 at 82
mythril.laser.ethereum.instructions [DEBUG]: Evaluating SWAP3 at 82
mythril.laser.ethereum.instructions [DEBUG]: Evaluating DUP2 at 83
mythril.laser.ethereum.instructions [DEBUG]: Evaluating DUP2 at 83
mythril.laser.ethereum.instructions [DEBUG]: Evaluating DUP4 at 84
mythril.laser.ethereum.instructions [DEBUG]: Evaluating DUP4 at 84
mythril.analysis.module.base [DEBUG]: Entering analysis module: IntegerArithmetics
mythril.analysis.module.base [DEBUG]: Exiting analysis module: IntegerArithmetics
mythril.laser.ethereum.instructions [DEBUG]: Evaluating ADD at 85
mythril.analysis.module.base [DEBUG]: Entering analysis module: IntegerArithmetics
mythril.analysis.module.base [DEBUG]: Exiting analysis module: IntegerArithmetics
mythril.laser.ethereum.instructions [DEBUG]: Evaluating ADD at 85
mythril.laser.ethereum.instructions [DEBUG]: Evaluating SWAP3 at 86
mythril.laser.ethereum.instructions [DEBUG]: Evaluating SWAP3 at 86
mythril.laser.ethereum.instructions [DEBUG]: Evaluating DUP8 at 87
mythril.laser.ethereum.instructions [DEBUG]: Evaluating DUP8 at 87
mythril.laser.ethereum.instructions [DEBUG]: Evaluating SWAP3 at 88
mythril.laser.ethereum.instructions [DEBUG]: Evaluating SWAP3 at 88
mythril.laser.ethereum.instructions [DEBUG]: Evaluating DUP3 at 89
mythril.laser.ethereum.instructions [DEBUG]: Evaluating DUP3 at 89
mythril.laser.ethereum.instructions [DEBUG]: Evaluating SWAP1 at 90
mythril.laser.ethereum.instructions [DEBUG]: Evaluating SWAP1 at 90
mythril.analysis.module.base [DEBUG]: Entering analysis module: IntegerArithmetics
mythril.analysis.module.base [DEBUG]: Exiting analysis module: IntegerArithmetics
mythril.laser.ethereum.instructions [DEBUG]: Evaluating SUB at 91
mythril.analysis.module.base [DEBUG]: Entering analysis module: IntegerArithmetics
mythril.analysis.module.base [DEBUG]: Exiting analysis module: IntegerArithmetics
mythril.laser.ethereum.instructions [DEBUG]: Evaluating SUB at 91
mythril.analysis.module.base [DEBUG]: Entering analysis module: IntegerArithmetics
mythril.analysis.module.base [DEBUG]: Exiting analysis module: IntegerArithmetics
mythril.laser.ethereum.instructions [DEBUG]: Evaluating ADD at 92
mythril.analysis.module.base [DEBUG]: Entering analysis module: IntegerArithmetics
mythril.analysis.module.base [DEBUG]: Exiting analysis module: IntegerArithmetics
mythril.laser.ethereum.instructions [DEBUG]: Evaluating ADD at 92
mythril.laser.ethereum.instructions [DEBUG]: Evaluating DUP2 at 93
mythril.laser.ethereum.instructions [DEBUG]: Evaluating DUP2 at 93
mythril.laser.ethereum.instructions [DEBUG]: Evaluating DUP4 at 94
mythril.laser.ethereum.instructions [DEBUG]: Evaluating DUP4 at 94
mythril.laser.ethereum.instructions [DEBUG]: Evaluating DUP7 at 95
mythril.laser.ethereum.instructions [DEBUG]: Evaluating DUP7 at 95
mythril.laser.ethereum.instructions [DEBUG]: Evaluating GAS at 96
mythril.laser.ethereum.instructions [DEBUG]: Evaluating GAS at 96
mythril.analysis.module.base [DEBUG]: Entering analysis module: IntegerArithmetics
mythril.analysis.module.base [DEBUG]: Exiting analysis module: IntegerArithmetics
mythril.analysis.module.base [DEBUG]: Entering analysis module: StateChangeAfterCall
mythril.analysis.module.base [DEBUG]: Exiting analysis module: StateChangeAfterCall
mythril.laser.ethereum.instructions [DEBUG]: Evaluating CALL at 97
mythril.laser.ethereum.instructions [DEBUG]: Could not determine required parameters for call, putting fresh symbol on the stack. 
Cannot load from the chain when eth is None
mythril.analysis.module.base [DEBUG]: Entering analysis module: EtherThief
mythril.analysis.module.base [DEBUG]: Exiting analysis module: EtherThief
mythril.analysis.module.base [DEBUG]: Entering analysis module: UncheckedRetval
mythril.analysis.module.modules.unchecked_retval [DEBUG]: End of call, extracting retval
mythril.analysis.module.base [DEBUG]: Exiting analysis module: UncheckedRetval
mythril.analysis.module.base [DEBUG]: Entering analysis module: IntegerArithmetics
mythril.analysis.module.base [DEBUG]: Exiting analysis module: IntegerArithmetics
mythril.analysis.module.base [DEBUG]: Entering analysis module: StateChangeAfterCall
mythril.analysis.module.base [DEBUG]: Exiting analysis module: StateChangeAfterCall
mythril.laser.ethereum.instructions [DEBUG]: Evaluating CALL at 97
mythril.laser.ethereum.instructions [DEBUG]: Could not determine required parameters for call, putting fresh symbol on the stack. 
Cannot load from the chain when eth is None
mythril.analysis.module.base [DEBUG]: Entering analysis module: EtherThief
mythril.analysis.module.base [DEBUG]: Exiting analysis module: EtherThief
mythril.analysis.module.base [DEBUG]: Entering analysis module: UncheckedRetval
mythril.analysis.module.modules.unchecked_retval [DEBUG]: End of call, extracting retval
mythril.analysis.module.base [DEBUG]: Exiting analysis module: UncheckedRetval
mythril.laser.ethereum.instructions [DEBUG]: Evaluating PUSH2 at 98
mythril.laser.ethereum.instructions [DEBUG]: Evaluating PUSH2 at 98
mythril.laser.ethereum.instructions [DEBUG]: Evaluating PUSH2 at 99
mythril.laser.ethereum.instructions [DEBUG]: Evaluating PUSH2 at 99
mythril.laser.ethereum.instructions [DEBUG]: Evaluating JUMP at 100
mythril.laser.ethereum.instructions [DEBUG]: Evaluating JUMP at 100
mythril.laser.ethereum.instructions [DEBUG]: Evaluating JUMPDEST at 203
mythril.laser.ethereum.instructions [DEBUG]: Evaluating JUMPDEST at 203
mythril.laser.ethereum.instructions [DEBUG]: Evaluating DUP2 at 204
mythril.laser.ethereum.instructions [DEBUG]: Evaluating DUP2 at 204
mythril.laser.ethereum.instructions [DEBUG]: Evaluating ISZERO at 205
mythril.laser.ethereum.instructions [DEBUG]: Evaluating ISZERO at 205
mythril.laser.ethereum.instructions [DEBUG]: Evaluating ISZERO at 206
mythril.laser.ethereum.instructions [DEBUG]: Evaluating ISZERO at 206
mythril.laser.ethereum.instructions [DEBUG]: Evaluating SWAP1 at 207
mythril.laser.ethereum.instructions [DEBUG]: Evaluating SWAP1 at 207
mythril.analysis.module.base [DEBUG]: Entering analysis module: TxOrigin
mythril.analysis.module.base [DEBUG]: Exiting analysis module: TxOrigin
mythril.analysis.module.base [DEBUG]: Entering analysis module: IntegerArithmetics
mythril.analysis.module.base [DEBUG]: Exiting analysis module: IntegerArithmetics
mythril.laser.ethereum.instructions [DEBUG]: Evaluating JUMPI at 208
mythril.analysis.module.base [DEBUG]: Entering analysis module: TxOrigin
mythril.analysis.module.base [DEBUG]: Exiting analysis module: TxOrigin
mythril.analysis.module.base [DEBUG]: Entering analysis module: IntegerArithmetics
mythril.analysis.module.base [DEBUG]: Exiting analysis module: IntegerArithmetics
mythril.laser.ethereum.instructions [DEBUG]: Evaluating JUMPI at 208
mythril.laser.ethereum.instructions [DEBUG]: Evaluating PUSH1 at 209
mythril.laser.ethereum.instructions [DEBUG]: Evaluating JUMPDEST at 101
mythril.laser.ethereum.instructions [DEBUG]: Evaluating PUSH1 at 209
mythril.laser.ethereum.instructions [DEBUG]: Evaluating JUMPDEST at 101
mythril.laser.ethereum.instructions [DEBUG]: Evaluating DUP1 at 210
mythril.laser.ethereum.instructions [DEBUG]: Evaluating SWAP2 at 102
mythril.laser.ethereum.instructions [DEBUG]: Evaluating DUP1 at 210
mythril.laser.ethereum.instructions [DEBUG]: Evaluating SWAP2 at 102
mythril.laser.ethereum.instructions [DEBUG]: Evaluating REVERT at 211
mythril.laser.ethereum.svm [DEBUG]: Ending transaction MessageCallTransaction 2 from sender_2 to                                        0x0.
mythril.laser.ethereum.instructions [DEBUG]: Evaluating POP at 103
mythril.laser.ethereum.instructions [DEBUG]: Evaluating REVERT at 211
mythril.laser.ethereum.svm [DEBUG]: Ending transaction MessageCallTransaction 3 from sender_3 to                                        0x0.
mythril.laser.ethereum.instructions [DEBUG]: Evaluating POP at 103
mythril.laser.ethereum.instructions [DEBUG]: Evaluating POP at 104
mythril.laser.ethereum.instructions [DEBUG]: Evaluating POP at 104
mythril.laser.ethereum.instructions [DEBUG]: Evaluating POP at 105
mythril.laser.ethereum.instructions [DEBUG]: Evaluating POP at 105
mythril.laser.ethereum.instructions [DEBUG]: Evaluating DUP4 at 106
mythril.laser.ethereum.instructions [DEBUG]: Evaluating DUP4 at 106
mythril.laser.ethereum.instructions [DEBUG]: Evaluating PUSH20 at 107
mythril.laser.ethereum.instructions [DEBUG]: Evaluating PUSH20 at 107
mythril.laser.ethereum.instructions [DEBUG]: Evaluating AND at 108
mythril.laser.ethereum.instructions [DEBUG]: Evaluating AND at 108
mythril.laser.ethereum.instructions [DEBUG]: Evaluating PUSH1 at 109
mythril.laser.ethereum.instructions [DEBUG]: Evaluating PUSH1 at 109
mythril.laser.ethereum.instructions [DEBUG]: Evaluating MLOAD at 110
mythril.laser.ethereum.instructions [DEBUG]: Evaluating MLOAD at 110
mythril.laser.ethereum.instructions [DEBUG]: Evaluating DUP1 at 111
mythril.laser.ethereum.instructions [DEBUG]: Evaluating DUP1 at 111
mythril.laser.ethereum.instructions [DEBUG]: Evaluating DUP1 at 112
mythril.laser.ethereum.instructions [DEBUG]: Evaluating DUP1 at 112
mythril.laser.ethereum.instructions [DEBUG]: Evaluating PUSH32 at 113
mythril.laser.ethereum.instructions [DEBUG]: Evaluating PUSH32 at 113
mythril.laser.ethereum.instructions [DEBUG]: Evaluating DUP2 at 114
mythril.laser.ethereum.instructions [DEBUG]: Evaluating DUP2 at 114
mythril.laser.ethereum.instructions [DEBUG]: Evaluating MSTORE at 115
mythril.laser.ethereum.instructions [DEBUG]: Evaluating MSTORE at 115
mythril.laser.ethereum.instructions [DEBUG]: Evaluating POP at 116
mythril.laser.ethereum.instructions [DEBUG]: Evaluating POP at 116
mythril.laser.ethereum.instructions [DEBUG]: Evaluating PUSH1 at 117
mythril.laser.ethereum.instructions [DEBUG]: Evaluating PUSH1 at 117
mythril.analysis.module.base [DEBUG]: Entering analysis module: IntegerArithmetics
mythril.analysis.module.base [DEBUG]: Exiting analysis module: IntegerArithmetics
mythril.laser.ethereum.instructions [DEBUG]: Evaluating ADD at 118
mythril.analysis.module.base [DEBUG]: Entering analysis module: IntegerArithmetics
mythril.analysis.module.base [DEBUG]: Exiting analysis module: IntegerArithmetics
mythril.laser.ethereum.instructions [DEBUG]: Evaluating ADD at 118
mythril.laser.ethereum.instructions [DEBUG]: Evaluating SWAP1 at 119
mythril.laser.ethereum.instructions [DEBUG]: Evaluating SWAP1 at 119
mythril.laser.ethereum.instructions [DEBUG]: Evaluating POP at 120
mythril.laser.ethereum.instructions [DEBUG]: Evaluating POP at 120
mythril.laser.ethereum.instructions [DEBUG]: Evaluating PUSH1 at 121
mythril.laser.ethereum.instructions [DEBUG]: Evaluating PUSH1 at 121
mythril.laser.ethereum.instructions [DEBUG]: Evaluating MLOAD at 122
mythril.laser.ethereum.instructions [DEBUG]: Evaluating MLOAD at 122
mythril.laser.ethereum.instructions [DEBUG]: Evaluating DUP1 at 123
mythril.laser.ethereum.instructions [DEBUG]: Evaluating DUP1 at 123
mythril.laser.ethereum.instructions [DEBUG]: Evaluating SWAP2 at 124
mythril.laser.ethereum.instructions [DEBUG]: Evaluating SWAP2 at 124
mythril.analysis.module.base [DEBUG]: Entering analysis module: IntegerArithmetics
mythril.analysis.module.base [DEBUG]: Exiting analysis module: IntegerArithmetics
mythril.laser.ethereum.instructions [DEBUG]: Evaluating SUB at 125
mythril.analysis.module.base [DEBUG]: Entering analysis module: IntegerArithmetics
mythril.analysis.module.base [DEBUG]: Exiting analysis module: IntegerArithmetics
mythril.laser.ethereum.instructions [DEBUG]: Evaluating SUB at 125
mythril.laser.ethereum.instructions [DEBUG]: Evaluating SWAP1 at 126
mythril.laser.ethereum.instructions [DEBUG]: Evaluating SWAP1 at 126
mythril.laser.ethereum.instructions [DEBUG]: Evaluating SHA3 at 127
mythril.laser.ethereum.instructions [DEBUG]: Evaluating SHA3 at 127
mythril.laser.ethereum.instructions [DEBUG]: Evaluating PUSH1 at 128
mythril.laser.ethereum.instructions [DEBUG]: Evaluating PUSH1 at 128
mythril.laser.ethereum.instructions [DEBUG]: Evaluating PUSH1 at 129
mythril.laser.ethereum.instructions [DEBUG]: Evaluating PUSH1 at 129
mythril.analysis.module.base [DEBUG]: Entering analysis module: IntegerArithmetics
mythril.analysis.module.base [DEBUG]: Exiting analysis module: IntegerArithmetics
mythril.laser.ethereum.instructions [DEBUG]: Evaluating EXP at 130
mythril.analysis.module.base [DEBUG]: Entering analysis module: IntegerArithmetics
mythril.analysis.module.base [DEBUG]: Exiting analysis module: IntegerArithmetics
mythril.laser.ethereum.instructions [DEBUG]: Evaluating EXP at 130
mythril.laser.ethereum.instructions [DEBUG]: Evaluating SWAP1 at 131
mythril.laser.ethereum.instructions [DEBUG]: Evaluating SWAP1 at 131
mythril.laser.ethereum.instructions [DEBUG]: Evaluating DIV at 132
mythril.laser.ethereum.instructions [DEBUG]: Evaluating DIV at 132
mythril.laser.ethereum.instructions [DEBUG]: Evaluating DUP4 at 133
mythril.laser.ethereum.instructions [DEBUG]: Evaluating DUP4 at 133
mythril.laser.ethereum.instructions [DEBUG]: Evaluating DUP4 at 134
mythril.laser.ethereum.instructions [DEBUG]: Evaluating DUP4 at 134
mythril.laser.ethereum.instructions [DEBUG]: Evaluating PUSH1 at 135
mythril.laser.ethereum.instructions [DEBUG]: Evaluating PUSH1 at 135
mythril.laser.ethereum.instructions [DEBUG]: Evaluating MLOAD at 136
mythril.laser.ethereum.instructions [DEBUG]: Evaluating MLOAD at 136
mythril.laser.ethereum.instructions [DEBUG]: Evaluating DUP4 at 137
mythril.laser.ethereum.instructions [DEBUG]: Evaluating DUP4 at 137
mythril.laser.ethereum.instructions [DEBUG]: Evaluating PUSH4 at 138
mythril.laser.ethereum.instructions [DEBUG]: Evaluating PUSH4 at 138
mythril.laser.ethereum.instructions [DEBUG]: Evaluating AND at 139
mythril.laser.ethereum.instructions [DEBUG]: Evaluating AND at 139
mythril.laser.ethereum.instructions [DEBUG]: Evaluating PUSH1 at 140
mythril.laser.ethereum.instructions [DEBUG]: Evaluating PUSH1 at 140
mythril.laser.ethereum.instructions [DEBUG]: Evaluating PUSH1 at 141
mythril.laser.ethereum.instructions [DEBUG]: Evaluating PUSH1 at 141
mythril.analysis.module.base [DEBUG]: Entering analysis module: IntegerArithmetics
mythril.analysis.module.base [DEBUG]: Exiting analysis module: IntegerArithmetics
mythril.laser.ethereum.instructions [DEBUG]: Evaluating EXP at 142
mythril.analysis.module.base [DEBUG]: Entering analysis module: IntegerArithmetics
mythril.analysis.module.base [DEBUG]: Exiting analysis module: IntegerArithmetics
mythril.laser.ethereum.instructions [DEBUG]: Evaluating EXP at 142
mythril.analysis.module.base [DEBUG]: Entering analysis module: IntegerArithmetics
mythril.analysis.module.base [DEBUG]: Exiting analysis module: IntegerArithmetics
mythril.laser.ethereum.instructions [DEBUG]: Evaluating MUL at 143
mythril.analysis.module.base [DEBUG]: Entering analysis module: IntegerArithmetics
mythril.analysis.module.base [DEBUG]: Exiting analysis module: IntegerArithmetics
mythril.laser.ethereum.instructions [DEBUG]: Evaluating MUL at 143
mythril.laser.ethereum.instructions [DEBUG]: Evaluating DUP2 at 144
mythril.laser.ethereum.instructions [DEBUG]: Evaluating DUP2 at 144
mythril.laser.ethereum.instructions [DEBUG]: Evaluating MSTORE at 145
mythril.laser.ethereum.instructions [DEBUG]: Evaluating MSTORE at 145
mythril.laser.ethereum.instructions [DEBUG]: Evaluating PUSH1 at 146
mythril.laser.ethereum.instructions [DEBUG]: Evaluating PUSH1 at 146
mythril.analysis.module.base [DEBUG]: Entering analysis module: IntegerArithmetics
mythril.analysis.module.base [DEBUG]: Exiting analysis module: IntegerArithmetics
mythril.laser.ethereum.instructions [DEBUG]: Evaluating ADD at 147
mythril.analysis.module.base [DEBUG]: Entering analysis module: IntegerArithmetics
mythril.analysis.module.base [DEBUG]: Exiting analysis module: IntegerArithmetics
mythril.laser.ethereum.instructions [DEBUG]: Evaluating ADD at 147
mythril.laser.ethereum.instructions [DEBUG]: Evaluating DUP1 at 148
mythril.laser.ethereum.instructions [DEBUG]: Evaluating DUP1 at 148
mythril.laser.ethereum.instructions [DEBUG]: Evaluating DUP4 at 149
mythril.laser.ethereum.instructions [DEBUG]: Evaluating DUP4 at 149
mythril.laser.ethereum.instructions [DEBUG]: Evaluating PUSH20 at 150
mythril.laser.ethereum.instructions [DEBUG]: Evaluating PUSH20 at 150
mythril.laser.ethereum.instructions [DEBUG]: Evaluating AND at 151
mythril.laser.ethereum.instructions [DEBUG]: Evaluating AND at 151
mythril.laser.ethereum.instructions [DEBUG]: Evaluating PUSH20 at 152
mythril.laser.ethereum.instructions [DEBUG]: Evaluating PUSH20 at 152
mythril.laser.ethereum.instructions [DEBUG]: Evaluating AND at 153
mythril.laser.ethereum.instructions [DEBUG]: Evaluating AND at 153
mythril.laser.ethereum.instructions [DEBUG]: Evaluating DUP2 at 154
mythril.laser.ethereum.instructions [DEBUG]: Evaluating DUP2 at 154
mythril.laser.ethereum.instructions [DEBUG]: Evaluating MSTORE at 155
mythril.laser.ethereum.instructions [DEBUG]: Evaluating MSTORE at 155
mythril.laser.ethereum.instructions [DEBUG]: Evaluating PUSH1 at 156
mythril.laser.ethereum.instructions [DEBUG]: Evaluating PUSH1 at 156
mythril.analysis.module.base [DEBUG]: Entering analysis module: IntegerArithmetics
mythril.analysis.module.base [DEBUG]: Exiting analysis module: IntegerArithmetics
mythril.laser.ethereum.instructions [DEBUG]: Evaluating ADD at 157
mythril.analysis.module.base [DEBUG]: Entering analysis module: IntegerArithmetics
mythril.analysis.module.base [DEBUG]: Exiting analysis module: IntegerArithmetics
mythril.laser.ethereum.instructions [DEBUG]: Evaluating ADD at 157
mythril.laser.ethereum.instructions [DEBUG]: Evaluating DUP3 at 158
mythril.laser.ethereum.instructions [DEBUG]: Evaluating DUP3 at 158
mythril.laser.ethereum.instructions [DEBUG]: Evaluating DUP2 at 159
mythril.laser.ethereum.instructions [DEBUG]: Evaluating DUP2 at 159
mythril.laser.ethereum.instructions [DEBUG]: Evaluating MSTORE at 160
mythril.laser.ethereum.instructions [DEBUG]: Evaluating MSTORE at 160
mythril.laser.ethereum.instructions [DEBUG]: Evaluating PUSH1 at 161
mythril.laser.ethereum.instructions [DEBUG]: Evaluating PUSH1 at 161
mythril.analysis.module.base [DEBUG]: Entering analysis module: IntegerArithmetics
mythril.analysis.module.base [DEBUG]: Exiting analysis module: IntegerArithmetics
mythril.laser.ethereum.instructions [DEBUG]: Evaluating ADD at 162
mythril.analysis.module.base [DEBUG]: Entering analysis module: IntegerArithmetics
mythril.analysis.module.base [DEBUG]: Exiting analysis module: IntegerArithmetics
mythril.laser.ethereum.instructions [DEBUG]: Evaluating ADD at 162
mythril.laser.ethereum.instructions [DEBUG]: Evaluating SWAP3 at 163
mythril.laser.ethereum.instructions [DEBUG]: Evaluating SWAP3 at 163
mythril.laser.ethereum.instructions [DEBUG]: Evaluating POP at 164
mythril.laser.ethereum.instructions [DEBUG]: Evaluating POP at 164
mythril.laser.ethereum.instructions [DEBUG]: Evaluating POP at 165
mythril.laser.ethereum.instructions [DEBUG]: Evaluating POP at 165
mythril.laser.ethereum.instructions [DEBUG]: Evaluating POP at 166
mythril.laser.ethereum.instructions [DEBUG]: Evaluating POP at 166
mythril.laser.ethereum.instructions [DEBUG]: Evaluating PUSH1 at 167
mythril.laser.ethereum.instructions [DEBUG]: Evaluating PUSH1 at 167
mythril.laser.ethereum.instructions [DEBUG]: Evaluating PUSH1 at 168
mythril.laser.ethereum.instructions [DEBUG]: Evaluating PUSH1 at 168
mythril.laser.ethereum.instructions [DEBUG]: Evaluating MLOAD at 169
mythril.laser.ethereum.instructions [DEBUG]: Evaluating MLOAD at 169
mythril.laser.ethereum.instructions [DEBUG]: Evaluating DUP1 at 170
mythril.laser.ethereum.instructions [DEBUG]: Evaluating DUP1 at 170
mythril.laser.ethereum.instructions [DEBUG]: Evaluating DUP4 at 171
mythril.laser.ethereum.instructions [DEBUG]: Evaluating DUP4 at 171
mythril.analysis.module.base [DEBUG]: Entering analysis module: IntegerArithmetics
mythril.analysis.module.base [DEBUG]: Exiting analysis module: IntegerArithmetics
mythril.laser.ethereum.instructions [DEBUG]: Evaluating SUB at 172
mythril.analysis.module.base [DEBUG]: Entering analysis module: IntegerArithmetics
mythril.analysis.module.base [DEBUG]: Exiting analysis module: IntegerArithmetics
mythril.laser.ethereum.instructions [DEBUG]: Evaluating SUB at 172
mythril.laser.ethereum.instructions [DEBUG]: Evaluating DUP2 at 173
mythril.laser.ethereum.instructions [DEBUG]: Evaluating DUP2 at 173
mythril.laser.ethereum.instructions [DEBUG]: Evaluating PUSH1 at 174
mythril.laser.ethereum.instructions [DEBUG]: Evaluating PUSH1 at 174
mythril.laser.ethereum.instructions [DEBUG]: Evaluating DUP8 at 175
mythril.laser.ethereum.instructions [DEBUG]: Evaluating DUP8 at 175
mythril.laser.ethereum.instructions [DEBUG]: Evaluating GAS at 176
mythril.laser.ethereum.instructions [DEBUG]: Evaluating GAS at 176
mythril.analysis.module.base [DEBUG]: Entering analysis module: IntegerArithmetics
mythril.analysis.module.base [DEBUG]: Exiting analysis module: IntegerArithmetics
mythril.analysis.module.base [DEBUG]: Entering analysis module: StateChangeAfterCall
mythril.analysis.module.base [DEBUG]: Exiting analysis module: StateChangeAfterCall
mythril.laser.ethereum.instructions [DEBUG]: Evaluating CALL at 177
mythril.laser.ethereum.instructions [DEBUG]: Could not determine required parameters for call, putting fresh symbol on the stack. 
Cannot load from the chain when eth is None
mythril.analysis.module.base [DEBUG]: Entering analysis module: EtherThief
mythril.analysis.module.base [DEBUG]: Exiting analysis module: EtherThief
mythril.analysis.module.base [DEBUG]: Entering analysis module: UncheckedRetval
mythril.analysis.module.modules.unchecked_retval [DEBUG]: End of call, extracting retval
mythril.analysis.module.base [DEBUG]: Exiting analysis module: UncheckedRetval
mythril.analysis.module.base [DEBUG]: Entering analysis module: IntegerArithmetics
mythril.analysis.module.base [DEBUG]: Exiting analysis module: IntegerArithmetics
mythril.analysis.module.base [DEBUG]: Entering analysis module: StateChangeAfterCall
mythril.analysis.module.base [DEBUG]: Exiting analysis module: StateChangeAfterCall
mythril.laser.ethereum.instructions [DEBUG]: Evaluating CALL at 177
mythril.laser.ethereum.instructions [DEBUG]: Could not determine required parameters for call, putting fresh symbol on the stack. 
Cannot load from the chain when eth is None
mythril.analysis.module.base [DEBUG]: Entering analysis module: EtherThief
mythril.analysis.module.base [DEBUG]: Exiting analysis module: EtherThief
mythril.analysis.module.base [DEBUG]: Entering analysis module: UncheckedRetval
mythril.analysis.module.modules.unchecked_retval [DEBUG]: End of call, extracting retval
mythril.analysis.module.base [DEBUG]: Exiting analysis module: UncheckedRetval
mythril.laser.ethereum.instructions [DEBUG]: Evaluating SWAP3 at 178
mythril.laser.ethereum.instructions [DEBUG]: Evaluating SWAP3 at 178
mythril.laser.ethereum.instructions [DEBUG]: Evaluating POP at 179
mythril.laser.ethereum.instructions [DEBUG]: Evaluating POP at 179
mythril.laser.ethereum.instructions [DEBUG]: Evaluating POP at 180
mythril.laser.ethereum.instructions [DEBUG]: Evaluating POP at 180
mythril.laser.ethereum.instructions [DEBUG]: Evaluating POP at 181
mythril.laser.ethereum.instructions [DEBUG]: Evaluating POP at 181
mythril.laser.ethereum.instructions [DEBUG]: Evaluating ISZERO at 182
mythril.laser.ethereum.instructions [DEBUG]: Evaluating ISZERO at 182
mythril.laser.ethereum.instructions [DEBUG]: Evaluating ISZERO at 183
mythril.laser.ethereum.instructions [DEBUG]: Evaluating ISZERO at 183
mythril.laser.ethereum.instructions [DEBUG]: Evaluating PUSH2 at 184
mythril.laser.ethereum.instructions [DEBUG]: Evaluating PUSH2 at 184
mythril.analysis.module.base [DEBUG]: Entering analysis module: TxOrigin
mythril.analysis.module.base [DEBUG]: Exiting analysis module: TxOrigin
mythril.analysis.module.base [DEBUG]: Entering analysis module: IntegerArithmetics
mythril.analysis.module.base [DEBUG]: Exiting analysis module: IntegerArithmetics
mythril.laser.ethereum.instructions [DEBUG]: Evaluating JUMPI at 185
mythril.analysis.module.base [DEBUG]: Entering analysis module: TxOrigin
mythril.analysis.module.base [DEBUG]: Exiting analysis module: TxOrigin
mythril.analysis.module.base [DEBUG]: Entering analysis module: IntegerArithmetics
mythril.analysis.module.base [DEBUG]: Exiting analysis module: IntegerArithmetics
mythril.laser.ethereum.instructions [DEBUG]: Evaluating JUMPI at 185
mythril.laser.ethereum.instructions [DEBUG]: Evaluating PUSH1 at 186
mythril.laser.ethereum.instructions [DEBUG]: Evaluating JUMPDEST at 191
mythril.laser.ethereum.instructions [DEBUG]: Evaluating PUSH1 at 186
mythril.laser.ethereum.instructions [DEBUG]: Evaluating JUMPDEST at 191
mythril.laser.ethereum.instructions [DEBUG]: Evaluating SWAP5 at 187
mythril.laser.ethereum.instructions [DEBUG]: Evaluating PUSH1 at 192
mythril.laser.ethereum.instructions [DEBUG]: Evaluating SWAP5 at 187
mythril.laser.ethereum.instructions [DEBUG]: Evaluating PUSH1 at 192
mythril.laser.ethereum.instructions [DEBUG]: Evaluating POP at 188
mythril.laser.ethereum.instructions [DEBUG]: Evaluating SWAP5 at 193
mythril.laser.ethereum.instructions [DEBUG]: Evaluating POP at 188
mythril.laser.ethereum.instructions [DEBUG]: Evaluating SWAP5 at 193
mythril.laser.ethereum.instructions [DEBUG]: Evaluating PUSH2 at 189
mythril.laser.ethereum.instructions [DEBUG]: Evaluating POP at 194
mythril.laser.ethereum.instructions [DEBUG]: Evaluating PUSH2 at 189
mythril.laser.ethereum.instructions [DEBUG]: Evaluating POP at 194
mythril.laser.ethereum.instructions [DEBUG]: Evaluating JUMP at 190
mythril.laser.ethereum.instructions [DEBUG]: Evaluating JUMPDEST at 195
mythril.laser.ethereum.instructions [DEBUG]: Evaluating JUMP at 190
mythril.laser.ethereum.instructions [DEBUG]: Evaluating JUMPDEST at 195
mythril.laser.ethereum.instructions [DEBUG]: Evaluating JUMPDEST at 195
mythril.laser.ethereum.instructions [DEBUG]: Evaluating POP at 196
mythril.laser.ethereum.instructions [DEBUG]: Evaluating JUMPDEST at 195
mythril.laser.ethereum.instructions [DEBUG]: Evaluating POP at 196
mythril.laser.ethereum.instructions [DEBUG]: Evaluating POP at 196
mythril.laser.ethereum.instructions [DEBUG]: Evaluating POP at 197
mythril.laser.ethereum.instructions [DEBUG]: Evaluating POP at 196
mythril.laser.ethereum.instructions [DEBUG]: Evaluating POP at 197
mythril.laser.ethereum.instructions [DEBUG]: Evaluating POP at 197
mythril.laser.ethereum.instructions [DEBUG]: Evaluating POP at 198
mythril.laser.ethereum.instructions [DEBUG]: Evaluating POP at 197
mythril.laser.ethereum.instructions [DEBUG]: Evaluating POP at 198
mythril.laser.ethereum.instructions [DEBUG]: Evaluating POP at 198
mythril.laser.ethereum.instructions [DEBUG]: Evaluating POP at 199
mythril.laser.ethereum.instructions [DEBUG]: Evaluating POP at 198
mythril.laser.ethereum.instructions [DEBUG]: Evaluating POP at 199
mythril.laser.ethereum.instructions [DEBUG]: Evaluating POP at 199
mythril.laser.ethereum.instructions [DEBUG]: Evaluating SWAP1 at 200
mythril.laser.ethereum.instructions [DEBUG]: Evaluating POP at 199
mythril.laser.ethereum.instructions [DEBUG]: Evaluating SWAP1 at 200
mythril.laser.ethereum.instructions [DEBUG]: Evaluating SWAP1 at 200
mythril.laser.ethereum.instructions [DEBUG]: Evaluating JUMP at 201
mythril.laser.ethereum.instructions [DEBUG]: Evaluating SWAP1 at 200
mythril.laser.ethereum.instructions [DEBUG]: Evaluating JUMP at 201
mythril.laser.ethereum.instructions [DEBUG]: Evaluating JUMP at 201
mythril.laser.ethereum.instructions [DEBUG]: Evaluating JUMPDEST at 39
mythril.laser.ethereum.instructions [DEBUG]: Evaluating JUMP at 201
mythril.laser.ethereum.instructions [DEBUG]: Evaluating JUMPDEST at 39
mythril.laser.ethereum.instructions [DEBUG]: Evaluating JUMPDEST at 39
mythril.laser.ethereum.instructions [DEBUG]: Evaluating PUSH1 at 40
mythril.laser.ethereum.instructions [DEBUG]: Evaluating JUMPDEST at 39
mythril.laser.ethereum.instructions [DEBUG]: Evaluating PUSH1 at 40
mythril.laser.ethereum.instructions [DEBUG]: Evaluating PUSH1 at 40
mythril.laser.ethereum.instructions [DEBUG]: Evaluating DUP1 at 41
mythril.laser.ethereum.instructions [DEBUG]: Evaluating PUSH1 at 40
mythril.laser.ethereum.instructions [DEBUG]: Evaluating DUP1 at 41
mythril.laser.ethereum.instructions [DEBUG]: Evaluating DUP1 at 41
mythril.laser.ethereum.instructions [DEBUG]: Evaluating MLOAD at 42
mythril.laser.ethereum.instructions [DEBUG]: Evaluating DUP1 at 41
mythril.laser.ethereum.instructions [DEBUG]: Evaluating MLOAD at 42
mythril.laser.ethereum.instructions [DEBUG]: Evaluating MLOAD at 42
mythril.laser.ethereum.instructions [DEBUG]: Evaluating SWAP2 at 43
mythril.laser.ethereum.instructions [DEBUG]: Evaluating MLOAD at 42
mythril.laser.ethereum.instructions [DEBUG]: Evaluating SWAP2 at 43
mythril.laser.ethereum.instructions [DEBUG]: Evaluating SWAP2 at 43
mythril.laser.ethereum.instructions [DEBUG]: Evaluating ISZERO at 44
mythril.laser.ethereum.instructions [DEBUG]: Evaluating SWAP2 at 43
mythril.laser.ethereum.instructions [DEBUG]: Evaluating ISZERO at 44
mythril.laser.ethereum.instructions [DEBUG]: Evaluating ISZERO at 44
mythril.laser.ethereum.instructions [DEBUG]: Evaluating ISZERO at 45
mythril.laser.ethereum.instructions [DEBUG]: Evaluating ISZERO at 44
mythril.laser.ethereum.instructions [DEBUG]: Evaluating ISZERO at 45
mythril.laser.ethereum.instructions [DEBUG]: Evaluating ISZERO at 45
mythril.laser.ethereum.instructions [DEBUG]: Evaluating DUP3 at 46
mythril.laser.ethereum.instructions [DEBUG]: Evaluating ISZERO at 45
mythril.laser.ethereum.instructions [DEBUG]: Evaluating DUP3 at 46
mythril.laser.ethereum.instructions [DEBUG]: Evaluating DUP3 at 46
mythril.laser.ethereum.instructions [DEBUG]: Evaluating MSTORE at 47
mythril.laser.ethereum.instructions [DEBUG]: Evaluating DUP3 at 46
mythril.laser.ethereum.instructions [DEBUG]: Evaluating MSTORE at 47
mythril.laser.ethereum.instructions [DEBUG]: Evaluating MSTORE at 47
mythril.laser.ethereum.instructions [DEBUG]: Evaluating MLOAD at 48
mythril.laser.ethereum.instructions [DEBUG]: Evaluating MSTORE at 47
mythril.laser.ethereum.instructions [DEBUG]: Evaluating MLOAD at 48
mythril.laser.ethereum.instructions [DEBUG]: Evaluating MLOAD at 48
mythril.laser.ethereum.instructions [DEBUG]: Evaluating SWAP1 at 49
mythril.laser.ethereum.instructions [DEBUG]: Evaluating MLOAD at 48
mythril.laser.ethereum.instructions [DEBUG]: Evaluating SWAP1 at 49
mythril.laser.ethereum.instructions [DEBUG]: Evaluating SWAP1 at 49
mythril.laser.ethereum.instructions [DEBUG]: Evaluating DUP2 at 50
mythril.laser.ethereum.instructions [DEBUG]: Evaluating SWAP1 at 49
mythril.laser.ethereum.instructions [DEBUG]: Evaluating DUP2 at 50
mythril.laser.ethereum.instructions [DEBUG]: Evaluating DUP2 at 50
mythril.laser.ethereum.instructions [DEBUG]: Evaluating SWAP1 at 51
mythril.laser.ethereum.instructions [DEBUG]: Evaluating DUP2 at 50
mythril.laser.ethereum.instructions [DEBUG]: Evaluating SWAP1 at 51
mythril.laser.ethereum.instructions [DEBUG]: Evaluating SWAP1 at 51
mythril.analysis.module.base [DEBUG]: Entering analysis module: IntegerArithmetics
mythril.analysis.module.base [DEBUG]: Exiting analysis module: IntegerArithmetics
mythril.laser.ethereum.instructions [DEBUG]: Evaluating SUB at 52
mythril.laser.ethereum.instructions [DEBUG]: Evaluating SWAP1 at 51
mythril.analysis.module.base [DEBUG]: Entering analysis module: IntegerArithmetics
mythril.analysis.module.base [DEBUG]: Exiting analysis module: IntegerArithmetics
mythril.laser.ethereum.instructions [DEBUG]: Evaluating SUB at 52
mythril.analysis.module.base [DEBUG]: Entering analysis module: IntegerArithmetics
mythril.analysis.module.base [DEBUG]: Exiting analysis module: IntegerArithmetics
mythril.laser.ethereum.instructions [DEBUG]: Evaluating SUB at 52
mythril.laser.ethereum.instructions [DEBUG]: Evaluating PUSH1 at 53
mythril.analysis.module.base [DEBUG]: Entering analysis module: IntegerArithmetics
mythril.analysis.module.base [DEBUG]: Exiting analysis module: IntegerArithmetics
mythril.laser.ethereum.instructions [DEBUG]: Evaluating SUB at 52
mythril.laser.ethereum.instructions [DEBUG]: Evaluating PUSH1 at 53
mythril.laser.ethereum.instructions [DEBUG]: Evaluating PUSH1 at 53
mythril.analysis.module.base [DEBUG]: Entering analysis module: IntegerArithmetics
mythril.analysis.module.base [DEBUG]: Exiting analysis module: IntegerArithmetics
mythril.laser.ethereum.instructions [DEBUG]: Evaluating ADD at 54
mythril.laser.ethereum.instructions [DEBUG]: Evaluating PUSH1 at 53
mythril.analysis.module.base [DEBUG]: Entering analysis module: IntegerArithmetics
mythril.analysis.module.base [DEBUG]: Exiting analysis module: IntegerArithmetics
mythril.laser.ethereum.instructions [DEBUG]: Evaluating ADD at 54
mythril.analysis.module.base [DEBUG]: Entering analysis module: IntegerArithmetics
mythril.analysis.module.base [DEBUG]: Exiting analysis module: IntegerArithmetics
mythril.laser.ethereum.instructions [DEBUG]: Evaluating ADD at 54
mythril.laser.ethereum.instructions [DEBUG]: Evaluating SWAP1 at 55
mythril.analysis.module.base [DEBUG]: Entering analysis module: IntegerArithmetics
mythril.analysis.module.base [DEBUG]: Exiting analysis module: IntegerArithmetics
mythril.laser.ethereum.instructions [DEBUG]: Evaluating ADD at 54
mythril.laser.ethereum.instructions [DEBUG]: Evaluating SWAP1 at 55
mythril.laser.ethereum.instructions [DEBUG]: Evaluating SWAP1 at 55
mythril.analysis.module.base [DEBUG]: Entering analysis module: IntegerArithmetics
mythril.analysis.module.base [DEBUG]: Exiting analysis module: IntegerArithmetics
mythril.analysis.module.base [DEBUG]: Entering analysis module: UncheckedRetval
mythril.analysis.module.base [DEBUG]: Exiting analysis module: UncheckedRetval
mythril.laser.ethereum.instructions [DEBUG]: Evaluating RETURN at 56
mythril.laser.ethereum.svm [DEBUG]: Ending transaction MessageCallTransaction 2 from sender_2 to                                        0x0.
mythril.laser.ethereum.instructions [DEBUG]: Evaluating SWAP1 at 55
mythril.analysis.module.base [DEBUG]: Entering analysis module: IntegerArithmetics
mythril.analysis.module.base [DEBUG]: Exiting analysis module: IntegerArithmetics
mythril.analysis.module.base [DEBUG]: Entering analysis module: UncheckedRetval
mythril.analysis.module.base [DEBUG]: Exiting analysis module: UncheckedRetval
mythril.laser.ethereum.instructions [DEBUG]: Evaluating RETURN at 56
mythril.laser.ethereum.svm [DEBUG]: Ending transaction MessageCallTransaction 3 from sender_3 to                                        0x0.
mythril.analysis.module.base [DEBUG]: Entering analysis module: IntegerArithmetics
mythril.analysis.module.base [DEBUG]: Exiting analysis module: IntegerArithmetics
mythril.analysis.module.base [DEBUG]: Entering analysis module: UncheckedRetval
mythril.analysis.module.base [DEBUG]: Exiting analysis module: UncheckedRetval
mythril.laser.ethereum.instructions [DEBUG]: Evaluating RETURN at 56
mythril.laser.ethereum.svm [DEBUG]: Ending transaction MessageCallTransaction 2 from sender_2 to                                        0x0.
mythril.analysis.module.base [DEBUG]: Entering analysis module: IntegerArithmetics
mythril.analysis.module.base [DEBUG]: Exiting analysis module: IntegerArithmetics
mythril.analysis.module.base [DEBUG]: Entering analysis module: UncheckedRetval
mythril.analysis.module.base [DEBUG]: Exiting analysis module: UncheckedRetval
mythril.laser.ethereum.instructions [DEBUG]: Evaluating RETURN at 56
mythril.laser.ethereum.svm [DEBUG]: Ending transaction MessageCallTransaction 3 from sender_3 to                                        0x0.
mythril.laser.plugin.plugins.coverage.coverage_plugin [INFO]: Number of new instructions covered in tx 1: 0
mythril.laser.ethereum.svm [INFO]: Finished symbolic execution
mythril.laser.plugin.plugins.coverage.coverage_plugin [INFO]: Achieved 99.53% coverage for code: 6080604052600436106100275763ffffffff60e060020a6000350416638a4068dd811461002c575b600080fd5b34801561003857600080fd5b50610041610055565b604080519115158252519081900360200190f35b604080517f726567697374657200000000000000000000000000000000000000000000000081527f43656e747261546f6b656e000000000000000000000000000000000000000000602082015281516000927396a65609a7b84e8842732deb08f56c3e21ac6f8a92849273aa27f8c1160886aacba64b2319d8d5469ef2af79926001928692818301928792829003018183865af16100f16101cb565b915050508373ffffffffffffffffffffffffffffffffffffffff1660405180807f7472616e7366657228616464726573732c75696e7432353629000000000000008152506019019050604051809103902060e060020a900483836040518363ffffffff1660e060020a028152600401808373ffffffffffffffffffffffffffffffffffffffff1673ffffffffffffffffffffffffffffffffffffffff168152602001828152602001925050506000604051808303816000875af19250505015156101be57600094506101c3565b600194505b505050509056005b8115159057600080fd
mythril.laser.plugin.plugins.instruction_profiler [INFO]: Total: 1.132131814956665 s
[ADD         ]   0.9932 %,  nr     27,  total   0.0112 s,  avg   0.0004 s,  min   0.0003 s,  max   0.0008 s
[AND         ]   0.4719 %,  nr     15,  total   0.0053 s,  avg   0.0004 s,  min   0.0003 s,  max   0.0007 s
[CALL        ]  11.6325 %,  nr      6,  total   0.1317 s,  avg   0.0219 s,  min   0.0200 s,  max   0.0241 s
[CALLDATALOAD]   2.3392 %,  nr      3,  total   0.0265 s,  avg   0.0088 s,  min   0.0080 s,  max   0.0102 s
[CALLDATASIZE]   0.1114 %,  nr      3,  total   0.0013 s,  avg   0.0004 s,  min   0.0003 s,  max   0.0007 s
[CALLVALUE   ]   0.0699 %,  nr      3,  total   0.0008 s,  avg   0.0003 s,  min   0.0003 s,  max   0.0003 s
[DIV         ]   0.2988 %,  nr      6,  total   0.0034 s,  avg   0.0006 s,  min   0.0004 s,  max   0.0008 s
[DUP1        ]   1.2696 %,  nr     37,  total   0.0144 s,  avg   0.0004 s,  min   0.0002 s,  max   0.0006 s
[DUP2        ]   1.3094 %,  nr     39,  total   0.0148 s,  avg   0.0004 s,  min   0.0003 s,  max   0.0012 s
[DUP3        ]   0.4604 %,  nr     15,  total   0.0052 s,  avg   0.0003 s,  min   0.0002 s,  max   0.0005 s
[DUP4        ]   0.8364 %,  nr     24,  total   0.0095 s,  avg   0.0004 s,  min   0.0003 s,  max   0.0016 s
[DUP5        ]   0.0727 %,  nr      3,  total   0.0008 s,  avg   0.0003 s,  min   0.0003 s,  max   0.0003 s
[DUP7        ]   0.1435 %,  nr      6,  total   0.0016 s,  avg   0.0003 s,  min   0.0003 s,  max   0.0003 s
[DUP8        ]   0.1476 %,  nr      6,  total   0.0017 s,  avg   0.0003 s,  min   0.0003 s,  max   0.0003 s
[EQ          ]   0.1016 %,  nr      3,  total   0.0011 s,  avg   0.0004 s,  min   0.0003 s,  max   0.0004 s
[EXP         ]   0.3721 %,  nr      9,  total   0.0042 s,  avg   0.0005 s,  min   0.0004 s,  max   0.0008 s
[GAS         ]   0.1597 %,  nr      6,  total   0.0018 s,  avg   0.0003 s,  min   0.0003 s,  max   0.0003 s
[ISZERO      ]   0.9874 %,  nr     27,  total   0.0112 s,  avg   0.0004 s,  min   0.0004 s,  max   0.0005 s
[JUMP        ]   0.8777 %,  nr     15,  total   0.0099 s,  avg   0.0007 s,  min   0.0005 s,  max   0.0011 s
[JUMPDEST    ]   1.1074 %,  nr     34,  total   0.0125 s,  avg   0.0004 s,  min   0.0002 s,  max   0.0008 s
[JUMPI       ]   1.7037 %,  nr     15,  total   0.0193 s,  avg   0.0013 s,  min   0.0009 s,  max   0.0018 s
[LT          ]   0.1370 %,  nr      3,  total   0.0016 s,  avg   0.0005 s,  min   0.0003 s,  max   0.0008 s
[MLOAD       ]  26.5320 %,  nr     30,  total   0.3004 s,  avg   0.0100 s,  min   0.0087 s,  max   0.0167 s
[MSTORE      ]  34.3467 %,  nr     27,  total   0.3888 s,  avg   0.0144 s,  min   0.0106 s,  max   0.0209 s
[MUL         ]   0.1298 %,  nr      3,  total   0.0015 s,  avg   0.0005 s,  min   0.0004 s,  max   0.0007 s
[POP         ]   1.9790 %,  nr     66,  total   0.0224 s,  avg   0.0003 s,  min   0.0002 s,  max   0.0015 s
[PUSH1       ]   3.8620 %,  nr    100,  total   0.0437 s,  avg   0.0004 s,  min   0.0003 s,  max   0.0010 s
[PUSH2       ]   0.9197 %,  nr     27,  total   0.0104 s,  avg   0.0004 s,  min   0.0003 s,  max   0.0009 s
[PUSH20      ]   0.5219 %,  nr     15,  total   0.0059 s,  avg   0.0004 s,  min   0.0003 s,  max   0.0013 s
[PUSH32      ]   0.4302 %,  nr      9,  total   0.0049 s,  avg   0.0005 s,  min   0.0003 s,  max   0.0008 s
[PUSH4       ]   0.4170 %,  nr      9,  total   0.0047 s,  avg   0.0005 s,  min   0.0003 s,  max   0.0013 s
[SHA3        ]   2.2298 %,  nr      3,  total   0.0252 s,  avg   0.0084 s,  min   0.0079 s,  max   0.0092 s
[SUB         ]   0.4695 %,  nr     15,  total   0.0053 s,  avg   0.0004 s,  min   0.0003 s,  max   0.0004 s
[SWAP1       ]   1.1406 %,  nr     39,  total   0.0129 s,  avg   0.0003 s,  min   0.0003 s,  max   0.0006 s
[SWAP2       ]   0.4020 %,  nr     12,  total   0.0046 s,  avg   0.0004 s,  min   0.0003 s,  max   0.0005 s
[SWAP3       ]   0.8692 %,  nr     30,  total   0.0098 s,  avg   0.0003 s,  min   0.0003 s,  max   0.0009 s
[SWAP5       ]   0.1477 %,  nr      6,  total   0.0017 s,  avg   0.0003 s,  min   0.0002 s,  max   0.0004 s

mythril.analysis.security [INFO]: Starting analysis
mythril.analysis.security [DEBUG]: Retrieving results for Caller can write to arbitrary storage locations
mythril.analysis.security [DEBUG]: Retrieving results for Delegatecall to a user-specified address
mythril.analysis.security [DEBUG]: Retrieving results for Control flow depends on tx.origin
mythril.analysis.security [DEBUG]: Retrieving results for Any sender can withdraw ETH from the contract account
mythril.analysis.security [DEBUG]: Retrieving results for Integer overflow or underflow
mythril.analysis.security [DEBUG]: Retrieving results for State change after an external call
mythril.analysis.security [DEBUG]: Retrieving results for Contract can be accidentally killed by anyone
mythril.analysis.security [DEBUG]: Retrieving results for Return value of an external call is not checked
mythril.mythril.mythril_analyzer [INFO]: Solver statistics: 
Query count: 83 
Solver time: 4.050628423690796
{"error": null, "issues": [], "success": true}
