Getting Slither report...
Switched global version to 0.4.26



'solc --version' running
'solc ../smartbugs-curated/dataset/reentrancy/0x4e73b32ed6c35f570686b89848e5f39f20ecc106.sol --combined-json abi,ast,bin,bin-runtime,srcmap,srcmap-runtime,userdoc,devdoc,hashes,compact-format --allow-paths .,/home/mokita/sc_study/temp/smartbugs-curated/dataset/reentrancy' running
Compilation warnings/errors on ../smartbugs-curated/dataset/reentrancy/0x4e73b32ed6c35f570686b89848e5f39f20ecc106.sol:
../smartbugs-curated/dataset/reentrancy/0x4e73b32ed6c35f570686b89848e5f39f20ecc106.sol:8:1: Warning: Source file does not specify required compiler version!Consider adding "pragma solidity ^0.4.26;"
contract PRIVATE_ETH_CELL
^ (Relevant source part starts here and spans across multiple lines).


LogFile (../smartbugs-curated/dataset/reentrancy/0x4e73b32ed6c35f570686b89848e5f39f20ecc106.sol#72-96) contract sets array length with a user-controlled value:
	- History.push(LastMsg) (../smartbugs-curated/dataset/reentrancy/0x4e73b32ed6c35f570686b89848e5f39f20ecc106.sol#93)
Reference: https://github.com/crytic/slither/wiki/Detector-Documentation#array-length-assignment

Reentrancy in PRIVATE_ETH_CELL.Collect(uint256) (../smartbugs-curated/dataset/reentrancy/0x4e73b32ed6c35f570686b89848e5f39f20ecc106.sol#46-59):
	External calls:
	- msg.sender.call.value(_am)() (../smartbugs-curated/dataset/reentrancy/0x4e73b32ed6c35f570686b89848e5f39f20ecc106.sol#53)
	State variables written after the call(s):
	- balances[msg.sender] -= _am (../smartbugs-curated/dataset/reentrancy/0x4e73b32ed6c35f570686b89848e5f39f20ecc106.sol#55)
	PRIVATE_ETH_CELL.balances (../smartbugs-curated/dataset/reentrancy/0x4e73b32ed6c35f570686b89848e5f39f20ecc106.sol#10) can be used in cross function reentrancies:
	- PRIVATE_ETH_CELL.Collect(uint256) (../smartbugs-curated/dataset/reentrancy/0x4e73b32ed6c35f570686b89848e5f39f20ecc106.sol#46-59)
	- PRIVATE_ETH_CELL.Deposit() (../smartbugs-curated/dataset/reentrancy/0x4e73b32ed6c35f570686b89848e5f39f20ecc106.sol#38-44)
	- PRIVATE_ETH_CELL.balances (../smartbugs-curated/dataset/reentrancy/0x4e73b32ed6c35f570686b89848e5f39f20ecc106.sol#10)
Reference: https://github.com/crytic/slither/wiki/Detector-Documentation#reentrancy-vulnerabilities

solc-0.4.26 is an outdated solc version. Use a more recent version (at least 0.8.0), if possible.
Reference: https://github.com/crytic/slither/wiki/Detector-Documentation#incorrect-versions-of-solidity

Low level call in PRIVATE_ETH_CELL.Collect(uint256) (../smartbugs-curated/dataset/reentrancy/0x4e73b32ed6c35f570686b89848e5f39f20ecc106.sol#46-59):
	- msg.sender.call.value(_am)() (../smartbugs-curated/dataset/reentrancy/0x4e73b32ed6c35f570686b89848e5f39f20ecc106.sol#53)
Reference: https://github.com/crytic/slither/wiki/Detector-Documentation#low-level-calls

Contract PRIVATE_ETH_CELL (../smartbugs-curated/dataset/reentrancy/0x4e73b32ed6c35f570686b89848e5f39f20ecc106.sol#8-68) is not in CapWords
Function PRIVATE_ETH_CELL.SetMinSum(uint256) (../smartbugs-curated/dataset/reentrancy/0x4e73b32ed6c35f570686b89848e5f39f20ecc106.sol#18-23) is not in mixedCase
Parameter PRIVATE_ETH_CELL.SetMinSum(uint256)._val (../smartbugs-curated/dataset/reentrancy/0x4e73b32ed6c35f570686b89848e5f39f20ecc106.sol#18) is not in mixedCase
Function PRIVATE_ETH_CELL.SetLogFile(address) (../smartbugs-curated/dataset/reentrancy/0x4e73b32ed6c35f570686b89848e5f39f20ecc106.sol#25-30) is not in mixedCase
Parameter PRIVATE_ETH_CELL.SetLogFile(address)._log (../smartbugs-curated/dataset/reentrancy/0x4e73b32ed6c35f570686b89848e5f39f20ecc106.sol#25) is not in mixedCase
Function PRIVATE_ETH_CELL.Initialized() (../smartbugs-curated/dataset/reentrancy/0x4e73b32ed6c35f570686b89848e5f39f20ecc106.sol#32-36) is not in mixedCase
Function PRIVATE_ETH_CELL.Deposit() (../smartbugs-curated/dataset/reentrancy/0x4e73b32ed6c35f570686b89848e5f39f20ecc106.sol#38-44) is not in mixedCase
Function PRIVATE_ETH_CELL.Collect(uint256) (../smartbugs-curated/dataset/reentrancy/0x4e73b32ed6c35f570686b89848e5f39f20ecc106.sol#46-59) is not in mixedCase
Parameter PRIVATE_ETH_CELL.Collect(uint256)._am (../smartbugs-curated/dataset/reentrancy/0x4e73b32ed6c35f570686b89848e5f39f20ecc106.sol#46) is not in mixedCase
Variable PRIVATE_ETH_CELL.MinSum (../smartbugs-curated/dataset/reentrancy/0x4e73b32ed6c35f570686b89848e5f39f20ecc106.sol#12) is not in mixedCase
Variable PRIVATE_ETH_CELL.Log (../smartbugs-curated/dataset/reentrancy/0x4e73b32ed6c35f570686b89848e5f39f20ecc106.sol#14) is not in mixedCase
Function LogFile.AddMessage(address,uint256,string) (../smartbugs-curated/dataset/reentrancy/0x4e73b32ed6c35f570686b89848e5f39f20ecc106.sol#86-94) is not in mixedCase
Parameter LogFile.AddMessage(address,uint256,string)._adr (../smartbugs-curated/dataset/reentrancy/0x4e73b32ed6c35f570686b89848e5f39f20ecc106.sol#86) is not in mixedCase
Parameter LogFile.AddMessage(address,uint256,string)._val (../smartbugs-curated/dataset/reentrancy/0x4e73b32ed6c35f570686b89848e5f39f20ecc106.sol#86) is not in mixedCase
Parameter LogFile.AddMessage(address,uint256,string)._data (../smartbugs-curated/dataset/reentrancy/0x4e73b32ed6c35f570686b89848e5f39f20ecc106.sol#86) is not in mixedCase
Variable LogFile.History (../smartbugs-curated/dataset/reentrancy/0x4e73b32ed6c35f570686b89848e5f39f20ecc106.sol#82) is not in mixedCase
Variable LogFile.LastMsg (../smartbugs-curated/dataset/reentrancy/0x4e73b32ed6c35f570686b89848e5f39f20ecc106.sol#84) is not in mixedCase
Reference: https://github.com/crytic/slither/wiki/Detector-Documentation#conformance-to-solidity-naming-conventions

AddMessage(address,uint256,string) should be declared external:
	- LogFile.AddMessage(address,uint256,string) (../smartbugs-curated/dataset/reentrancy/0x4e73b32ed6c35f570686b89848e5f39f20ecc106.sol#86-94)
Reference: https://github.com/crytic/slither/wiki/Detector-Documentation#public-function-that-could-be-declared-external
../smartbugs-curated/dataset/reentrancy/0x4e73b32ed6c35f570686b89848e5f39f20ecc106.sol analyzed (2 contracts with 95 detectors), 22 result(s) found

Error running slither
0x4e73b32ed6c35f570686b89848e5f39f20ecc106.sol
Getting Solidity AST...
Running TIPS...
0x4e73b32ed6c35f570686b89848e5f39f20ecc106.sol
0.013398170471191406


