 ______     __         __  __     ______     __     __  __     __    __    
/\  ___\   /\ \       /\ \_\ \   /\  ___\   /\ \   /\ \/\ \   /\ "-./  \   
\ \  __\   \ \ \____  \ \____ \  \ \___  \  \ \ \  \ \ \_\ \  \ \ \-./\ \  
 \ \_____\  \ \_____\  \/\_____\  \/\_____\  \ \_\  \ \_____\  \ \_\ \ \_\ 
  \/_____/   \/_____/   \/_____/   \/_____/   \/_/   \/_____/   \/_/  \/_/ 
                                                                           
Compiling source code...
Retrieving bytecode for contract 'Proxy'.
Please wait. Scanning bytecode for bugs...
Running Osiris...
Finished running Osiris. Execution time 22.931153535842896 seconds. Code coverage 99.6%.
Running Oyente...
Finished running Oyente. Execution time 1.3070626258850098 seconds. Code coverage 35.6%.
Running Mythril...
Finished running Mythril. Execution time 123.58338189125061 seconds. Code coverage 94.8%.
Detected 1 bug(s):
--> Detected 'unhandled exception' bug at program counter address 453 (0x1c5) using Mythril with a code coverage of 94.8%.
Exporting original control-flow graph...
Recovering control-flow graph...
Recovered 100% of the control-flow graph
Number of execution paths accessing storage: 2
Deployment bytecode size: 59 bytes (original: 59 bytes) 0.0% increase.
Runtime bytecode size: 474 bytes (original: 462 bytes) 2.5974025974025974% increase.
Metadata: 0xa165627a7a7230582081c82e3032ec7c8d252dd54562379e158824b868bf5bf4c9cfefdfc9c4c9a5180029
Exporting patched control-flow graph...
