Getting Slither report...
Switched global version to 0.4.26



'solc --version' running
'solc ../smartbugs-curated/dataset/access_control/mapping_write.sol --combined-json abi,ast,bin,bin-runtime,srcmap,srcmap-runtime,userdoc,devdoc,hashes,compact-format --allow-paths .,/home/mokita/sc_study/temp/smartbugs-curated/dataset/access_control' running
Compilation warnings/errors on ../smartbugs-curated/dataset/access_control/mapping_write.sol:
../smartbugs-curated/dataset/access_control/mapping_write.sol:10:2: Warning: Source file does not specify required compiler version!Consider adding "pragma solidity ^0.4.26;"
 contract Map {
 ^ (Relevant source part starts here and spans across multiple lines).


Map (../smartbugs-curated/dataset/access_control/mapping_write.sol#10-29) contract sets array length with a user-controlled value:
	- map.length = key + 1 (../smartbugs-curated/dataset/access_control/mapping_write.sol#16)
Reference: https://github.com/crytic/slither/wiki/Detector-Documentation#array-length-assignment

Map.owner (../smartbugs-curated/dataset/access_control/mapping_write.sol#11) is never initialized. It is used in:
	- Map.withdraw() (../smartbugs-curated/dataset/access_control/mapping_write.sol#25-28)
Reference: https://github.com/crytic/slither/wiki/Detector-Documentation#uninitialized-state-variables

solc-0.4.26 is an outdated solc version. Use a more recent version (at least 0.8.0), if possible.
Reference: https://github.com/crytic/slither/wiki/Detector-Documentation#incorrect-versions-of-solidity

Map.owner (../smartbugs-curated/dataset/access_control/mapping_write.sol#11) should be constant 
Reference: https://github.com/crytic/slither/wiki/Detector-Documentation#state-variables-that-could-be-declared-constant
../smartbugs-curated/dataset/access_control/mapping_write.sol analyzed (1 contracts with 95 detectors), 4 result(s) found

Error running slither
mapping_write.sol
Getting Solidity AST...
Running TIPS...
mapping_write.sol
0.0008630752563476562


