==== External Call To User-Supplied Address ====
SWC ID: 107
Severity: Low
Contract: ETH_VAULT
Function name: CashOut(uint256)
PC address: 467
Estimated Gas Usage: 23087 - 154014
A call to a user-supplied address is executed.
An external message call to an address specified by the caller is executed. Note that the callee account might contain arbitrary code and could re-enter any function within this contract. Reentering the contract in an intermediate state may lead to unexpected behaviour. Make sure that no state modifications are executed after this call and/or reentrancy guards are in place.
--------------------
In file: ../results/smartbugs/sGuard/reentrancy/0x8c7777c45481dba411450c228cb692ac3d550344/0x8c7777c45481dba411450c228cb692ac3d550344.sol:63

msg.sender.call.value(_am)()

--------------------
Initial State:

Account: [CREATOR], balance: 0x0, nonce:0, storage:{}
Account: [ATTACKER], balance: 0x100000, nonce:0, storage:{}

Transaction Sequence:

Caller: [CREATOR], calldata: , decoded_data: , value: 0x0
Caller: [ATTACKER], function: CashOut(uint256), txdata: 0x9ffa0711, value: 0x0

==== State access after external call ====
SWC ID: 107
Severity: Medium
Contract: ETH_VAULT
Function name: CashOut(uint256)
PC address: 543
Estimated Gas Usage: 23087 - 154014
Read of persistent state following external call
The contract account state is accessed after an external call to a user defined address. To prevent reentrancy issues, consider accessing the state only before the call, especially if the callee is untrusted. Alternatively, a reentrancy lock can be used to prevent untrusted callees from re-entering the contract in an intermediate state.
--------------------
In file: ../results/smartbugs/sGuard/reentrancy/0x8c7777c45481dba411450c228cb692ac3d550344/0x8c7777c45481dba411450c228cb692ac3d550344.sol:65

balances[msg.sender]

--------------------
Initial State:

Account: [CREATOR], balance: 0x0, nonce:0, storage:{}
Account: [ATTACKER], balance: 0x10000000000000, nonce:0, storage:{}

Transaction Sequence:

Caller: [CREATOR], calldata: , decoded_data: , value: 0x0
Caller: [ATTACKER], function: CashOut(uint256), txdata: 0x9ffa0711, value: 0x0

==== State access after external call ====
SWC ID: 107
Severity: Medium
Contract: ETH_VAULT
Function name: CashOut(uint256)
PC address: 615
Estimated Gas Usage: 23087 - 154014
Write to persistent state following external call
The contract account state is accessed after an external call to a user defined address. To prevent reentrancy issues, consider accessing the state only before the call, especially if the callee is untrusted. Alternatively, a reentrancy lock can be used to prevent untrusted callees from re-entering the contract in an intermediate state.
--------------------
In file: ../results/smartbugs/sGuard/reentrancy/0x8c7777c45481dba411450c228cb692ac3d550344/0x8c7777c45481dba411450c228cb692ac3d550344.sol:65

balances[msg.sender] = sub_uint256(balances[msg.sender], _am)

--------------------
Initial State:

Account: [CREATOR], balance: 0x0, nonce:0, storage:{}
Account: [ATTACKER], balance: 0x10000000000000, nonce:0, storage:{}

Transaction Sequence:

Caller: [CREATOR], calldata: , decoded_data: , value: 0x0
Caller: [ATTACKER], function: CashOut(uint256), txdata: 0x9ffa0711, value: 0x0

==== State access after external call ====
SWC ID: 107
Severity: Medium
Contract: ETH_VAULT
Function name: CashOut(uint256)
PC address: 622
Estimated Gas Usage: 23087 - 154014
Read of persistent state following external call
The contract account state is accessed after an external call to a user defined address. To prevent reentrancy issues, consider accessing the state only before the call, especially if the callee is untrusted. Alternatively, a reentrancy lock can be used to prevent untrusted callees from re-entering the contract in an intermediate state.
--------------------
In file: ../results/smartbugs/sGuard/reentrancy/0x8c7777c45481dba411450c228cb692ac3d550344/0x8c7777c45481dba411450c228cb692ac3d550344.sol:66

TransferLog

--------------------
Initial State:

Account: [CREATOR], balance: 0x0, nonce:0, storage:{}
Account: [ATTACKER], balance: 0x10000000000000, nonce:0, storage:{}

Transaction Sequence:

Caller: [CREATOR], calldata: , decoded_data: , value: 0x0
Caller: [ATTACKER], function: CashOut(uint256), txdata: 0x9ffa0711, value: 0x0

==== External Call To User-Supplied Address ====
SWC ID: 107
Severity: Low
Contract: ETH_VAULT
Function name: CashOut(uint256)
PC address: 873
Estimated Gas Usage: 23087 - 154014
A call to a user-supplied address is executed.
An external message call to an address specified by the caller is executed. Note that the callee account might contain arbitrary code and could re-enter any function within this contract. Reentering the contract in an intermediate state may lead to unexpected behaviour. Make sure that no state modifications are executed after this call and/or reentrancy guards are in place.
--------------------
In file: ../results/smartbugs/sGuard/reentrancy/0x8c7777c45481dba411450c228cb692ac3d550344/0x8c7777c45481dba411450c228cb692ac3d550344.sol:66

TransferLog.AddMessage(msg.sender,_am,"CashOut")

--------------------
Initial State:

Account: [CREATOR], balance: 0x20, nonce:0, storage:{}
Account: [ATTACKER], balance: 0x0, nonce:0, storage:{}

Transaction Sequence:

Caller: [CREATOR], calldata: 9f9f9f9f9f9f9f9f9f9f9f9fdeadbeefdeadbeefdeadbeefdeadbeefdeadbeef, decoded_data: , value: 0x0
Caller: [CREATOR], function: CashOut(uint256), txdata: 0x9ffa0711, value: 0x0

==== Multiple Calls in a Single Transaction ====
SWC ID: 113
Severity: Low
Contract: ETH_VAULT
Function name: CashOut(uint256)
PC address: 873
Estimated Gas Usage: 23087 - 154014
Multiple calls are executed in the same transaction.
This call is executed following another call within the same transaction. It is possible that the call never gets executed if a prior call fails permanently. This might be caused intentionally by a malicious callee. If possible, refactor the code such that each transaction only executes one external call or make sure that all callees can be trusted (i.e. they’re part of your own codebase).
--------------------
In file: ../results/smartbugs/sGuard/reentrancy/0x8c7777c45481dba411450c228cb692ac3d550344/0x8c7777c45481dba411450c228cb692ac3d550344.sol:66

TransferLog.AddMessage(msg.sender,_am,"CashOut")

--------------------
Initial State:

Account: [CREATOR], balance: 0x0, nonce:0, storage:{}
Account: [ATTACKER], balance: 0x80000000000000, nonce:0, storage:{}

Transaction Sequence:

Caller: [CREATOR], calldata: , decoded_data: , value: 0x0
Caller: [ATTACKER], function: CashOut(uint256), txdata: 0x9ffa0711, value: 0x0

==== State access after external call ====
SWC ID: 107
Severity: Medium
Contract: ETH_VAULT
Function name: CashOut(uint256)
PC address: 873
Estimated Gas Usage: 23087 - 154014
Write to persistent state following external call
The contract account state is accessed after an external call to a user defined address. To prevent reentrancy issues, consider accessing the state only before the call, especially if the callee is untrusted. Alternatively, a reentrancy lock can be used to prevent untrusted callees from re-entering the contract in an intermediate state.
--------------------
In file: ../results/smartbugs/sGuard/reentrancy/0x8c7777c45481dba411450c228cb692ac3d550344/0x8c7777c45481dba411450c228cb692ac3d550344.sol:66

TransferLog.AddMessage(msg.sender,_am,"CashOut")

--------------------
Initial State:

Account: [CREATOR], balance: 0x0, nonce:0, storage:{}
Account: [ATTACKER], balance: 0x10000000000000, nonce:0, storage:{}

Transaction Sequence:

Caller: [CREATOR], calldata: , decoded_data: , value: 0x0
Caller: [ATTACKER], function: CashOut(uint256), txdata: 0x9ffa0711, value: 0x0

==== State access after external call ====
SWC ID: 107
Severity: Medium
Contract: ETH_VAULT
Function name: CashOut(uint256)
PC address: 907
Estimated Gas Usage: 23087 - 154014
Read of persistent state following external call
The contract account state is accessed after an external call to a user defined address. To prevent reentrancy issues, consider accessing the state only before the call, especially if the callee is untrusted. Alternatively, a reentrancy lock can be used to prevent untrusted callees from re-entering the contract in an intermediate state.
--------------------
In file: ../results/smartbugs/sGuard/reentrancy/0x8c7777c45481dba411450c228cb692ac3d550344/0x8c7777c45481dba411450c228cb692ac3d550344.sol:15

locked_ = false

--------------------
Initial State:

Account: [CREATOR], balance: 0x0, nonce:0, storage:{}
Account: [ATTACKER], balance: 0x10000000000000, nonce:0, storage:{}

Transaction Sequence:

Caller: [CREATOR], calldata: , decoded_data: , value: 0x0
Caller: [ATTACKER], function: CashOut(uint256), txdata: 0x9ffa0711, value: 0x0

==== State access after external call ====
SWC ID: 107
Severity: Medium
Contract: ETH_VAULT
Function name: CashOut(uint256)
PC address: 921
Estimated Gas Usage: 23087 - 154014
Write to persistent state following external call
The contract account state is accessed after an external call to a user defined address. To prevent reentrancy issues, consider accessing the state only before the call, especially if the callee is untrusted. Alternatively, a reentrancy lock can be used to prevent untrusted callees from re-entering the contract in an intermediate state.
--------------------
In file: ../results/smartbugs/sGuard/reentrancy/0x8c7777c45481dba411450c228cb692ac3d550344/0x8c7777c45481dba411450c228cb692ac3d550344.sol:15

locked_ = false

--------------------
Initial State:

Account: [CREATOR], balance: 0x0, nonce:0, storage:{}
Account: [ATTACKER], balance: 0x10000000000000, nonce:0, storage:{}

Transaction Sequence:

Caller: [CREATOR], calldata: , decoded_data: , value: 0x0
Caller: [ATTACKER], function: CashOut(uint256), txdata: 0x9ffa0711, value: 0x0

==== External Call To User-Supplied Address ====
SWC ID: 107
Severity: Low
Contract: ETH_VAULT
Function name: Deposit()
PC address: 1385
Estimated Gas Usage: 22197 - 118748
A call to a user-supplied address is executed.
An external message call to an address specified by the caller is executed. Note that the callee account might contain arbitrary code and could re-enter any function within this contract. Reentering the contract in an intermediate state may lead to unexpected behaviour. Make sure that no state modifications are executed after this call and/or reentrancy guards are in place.
--------------------
In file: ../results/smartbugs/sGuard/reentrancy/0x8c7777c45481dba411450c228cb692ac3d550344/0x8c7777c45481dba411450c228cb692ac3d550344.sol:52

TransferLog.AddMessage(msg.sender,msg.value,"Deposit")

--------------------
Initial State:

Account: [CREATOR], balance: 0x0, nonce:0, storage:{}
Account: [ATTACKER], balance: 0x0, nonce:0, storage:{}

Transaction Sequence:

Caller: [CREATOR], calldata: 8c8c8c8c8c8c8c8c8c8c8c8cdeadbeefdeadbeefdeadbeefdeadbeefdeadbeef, decoded_data: , value: 0x0
Caller: [SOMEGUY], function: Deposit(), txdata: 0xed21248c, value: 0xde0b6b3a7640001

==== State access after external call ====
SWC ID: 107
Severity: Medium
Contract: ETH_VAULT
Function name: Deposit()
PC address: 1418
Estimated Gas Usage: 22197 - 118748
Read of persistent state following external call
The contract account state is accessed after an external call to a user defined address. To prevent reentrancy issues, consider accessing the state only before the call, especially if the callee is untrusted. Alternatively, a reentrancy lock can be used to prevent untrusted callees from re-entering the contract in an intermediate state.
--------------------
In file: ../results/smartbugs/sGuard/reentrancy/0x8c7777c45481dba411450c228cb692ac3d550344/0x8c7777c45481dba411450c228cb692ac3d550344.sol:15

locked_ = false

--------------------
Initial State:

Account: [CREATOR], balance: 0x0, nonce:0, storage:{}
Account: [ATTACKER], balance: 0x521007bff347e0000, nonce:0, storage:{}

Transaction Sequence:

Caller: [CREATOR], calldata: 8c8c8c8c8c8c8c8c8c8c8c8cdeadbeefdeadbeefdeadbeefdeadbeefdeadbeef, decoded_data: , value: 0x0
Caller: [ATTACKER], function: Deposit(), txdata: 0xed21248c, value: 0xde0b6b3a7640001

==== State access after external call ====
SWC ID: 107
Severity: Medium
Contract: ETH_VAULT
Function name: Deposit()
PC address: 1432
Estimated Gas Usage: 22197 - 118748
Write to persistent state following external call
The contract account state is accessed after an external call to a user defined address. To prevent reentrancy issues, consider accessing the state only before the call, especially if the callee is untrusted. Alternatively, a reentrancy lock can be used to prevent untrusted callees from re-entering the contract in an intermediate state.
--------------------
In file: ../results/smartbugs/sGuard/reentrancy/0x8c7777c45481dba411450c228cb692ac3d550344/0x8c7777c45481dba411450c228cb692ac3d550344.sol:15

locked_ = false

--------------------
Initial State:

Account: [CREATOR], balance: 0x0, nonce:0, storage:{}
Account: [ATTACKER], balance: 0x521007bff347e0000, nonce:0, storage:{}

Transaction Sequence:

Caller: [CREATOR], calldata: 8c8c8c8c8c8c8c8c8c8c8c8cdeadbeefdeadbeefdeadbeefdeadbeefdeadbeef, decoded_data: , value: 0x0
Caller: [ATTACKER], function: Deposit(), txdata: 0xed21248c, value: 0xde0b6b3a7640001


