 ______     __         __  __     ______     __     __  __     __    __    
/\  ___\   /\ \       /\ \_\ \   /\  ___\   /\ \   /\ \/\ \   /\ "-./  \   
\ \  __\   \ \ \____  \ \____ \  \ \___  \  \ \ \  \ \ \_\ \  \ \ \-./\ \  
 \ \_____\  \ \_____\  \/\_____\  \/\_____\  \ \_\  \ \_____\  \ \_\ \ \_\ 
  \/_____/   \/_____/   \/_____/   \/_____/   \/_/   \/_____/   \/_/  \/_/ 
                                                                           
Compiling source code...
Retrieving bytecode for contract 'Reentrance'.
Please wait. Scanning bytecode for bugs...
Running Osiris...
Finished running Osiris. Execution time 1.1158628463745117 seconds. Code coverage 99.4%.
Running Oyente...
Finished running Oyente. Execution time 1.695302963256836 seconds. Code coverage 97.7%.
Running Mythril...
Finished running Mythril. Execution time 17.56419324874878 seconds. Code coverage 99.44%.
Detected 2 bug(s):
--> Detected 'reentrancy' bug at program counter address 214 (0xd6) using Oyente with a code coverage of 97.7%.
--> Detected 'overflow' (ADD) bug at program counter address 266 (0x10a) using Osiris with a code coverage of 99.4%.
Exporting original control-flow graph...
Recovering control-flow graph...
Recovered 100% of the control-flow graph
Number of execution paths accessing storage: 4
Deployment bytecode size: 32 bytes (original: 32 bytes) 0.0% increase.
Runtime bytecode size: 409 bytes (original: 311 bytes) 31.511254019292604% increase.
Metadata: 0xa165627a7a72305820cf5f2e8d0fe6870f18f000b0569ccf1858575cb3e7dfa67443b12b1a6030dddc0029
Exporting patched control-flow graph...
