 ______     __         __  __     ______     __     __  __     __    __    
/\  ___\   /\ \       /\ \_\ \   /\  ___\   /\ \   /\ \/\ \   /\ "-./  \   
\ \  __\   \ \ \____  \ \____ \  \ \___  \  \ \ \  \ \ \_\ \  \ \ \-./\ \  
 \ \_____\  \ \_____\  \/\_____\  \/\_____\  \ \_\  \ \_____\  \ \_\ \ \_\ 
  \/_____/   \/_____/   \/_____/   \/_____/   \/_/   \/_____/   \/_/  \/_/ 
                                                                           
Compiling source code...
Retrieving bytecode for contract 'CryptoRoulette'.
Please wait. Scanning bytecode for bugs...
Running Osiris...
Finished running Osiris. Execution time 2.678255796432495 seconds. Code coverage 99.8%.
Running Oyente...
Finished running Oyente. Execution time 1.6465637683868408 seconds. Code coverage 62.9%.
Running Mythril...
Finished running Mythril. Execution time 15.872214078903198 seconds. Code coverage 89.29%.
Detected 2 bug(s):
--> Detected 'overflow' (ADD) bug at program counter address 456 (0x1c8) using Osiris with a code coverage of 99.8%.
--> Detected 'overflow' (ADD) bug at program counter address 547 (0x223) using Osiris with a code coverage of 99.8%.
Exporting original control-flow graph...
Recovering control-flow graph...
Recovered 100% of the control-flow graph
Error: Deployment bytecode is not valid! No CODECOPY instruction found inside deployment bytecode!
