mythril.mythril.mythril_config [INFO]: Creating mythril data directory 
mythril.mythril.mythril_config [INFO]: No config file found. Creating default: /root/.mythril/config.ini 
mythril.mythril.mythril_config [INFO]: Infura key not provided, so onchain access is disabled. Use --infura-id <INFURA_ID> or set it in the environment variable INFURA_ID or in the ~/.mythril/config.ini file 
mythril.support.signatures [INFO]: Using signature database at /root/.mythril/signatures.db
mythril.laser.ethereum.svm [INFO]: LASER EVM initialized with dynamic loader: <mythril.support.loader.DynLoader object at 0x7041abf85a60>
mythril.laser.ethereum.strategy.extensions.bounded_loops [INFO]: Loaded search strategy extension: Loop bounds (limit = 3)
mythril.laser.plugin.loader [INFO]: Loading laser plugin: coverage
mythril.laser.plugin.loader [INFO]: Loading laser plugin: mutation-pruner
mythril.laser.plugin.loader [INFO]: Loading laser plugin: call-depth-limit
mythril.laser.plugin.loader [INFO]: Loading laser plugin: instruction-profiler
mythril.laser.plugin.loader [INFO]: Loading laser plugin: dependency-pruner
mythril.laser.plugin.loader [INFO]: Instrumenting symbolic vm with plugin: coverage
mythril.laser.plugin.loader [INFO]: Instrumenting symbolic vm with plugin: mutation-pruner
mythril.laser.plugin.loader [INFO]: Instrumenting symbolic vm with plugin: call-depth-limit
mythril.laser.plugin.loader [INFO]: Instrumenting symbolic vm with plugin: instruction-profiler
mythril.laser.plugin.loader [INFO]: Instrumenting symbolic vm with plugin: dependency-pruner
mythril.laser.ethereum.svm [DEBUG]: Starting LASER execution
mythril.laser.ethereum.svm [INFO]: Starting message call transaction to 0
mythril.laser.ethereum.svm [INFO]: Starting message call transaction, iteration: 0, 1 initial states
mythril.laser.ethereum.instructions [DEBUG]: Evaluating PUSH1 at 0
mythril.laser.ethereum.instructions [DEBUG]: Evaluating PUSH1 at 1
mythril.laser.ethereum.instructions [DEBUG]: Evaluating MSTORE at 2
mythril.laser.ethereum.instructions [DEBUG]: Evaluating PUSH1 at 3
mythril.laser.ethereum.instructions [DEBUG]: Evaluating CALLDATASIZE at 4
mythril.laser.ethereum.instructions [DEBUG]: Evaluating LT at 5
mythril.laser.ethereum.instructions [DEBUG]: Evaluating PUSH1 at 6
mythril.analysis.module.base [DEBUG]: Entering analysis module: TxOrigin
mythril.analysis.module.base [DEBUG]: Exiting analysis module: TxOrigin
mythril.analysis.module.base [DEBUG]: Entering analysis module: IntegerArithmetics
mythril.analysis.module.base [DEBUG]: Exiting analysis module: IntegerArithmetics
mythril.laser.ethereum.instructions [DEBUG]: Evaluating JUMPI at 7
mythril.laser.ethereum.instructions [DEBUG]: Evaluating PUSH4 at 8
mythril.laser.ethereum.instructions [DEBUG]: Evaluating JUMPDEST at 24
mythril.laser.ethereum.instructions [DEBUG]: Evaluating PUSH29 at 9
mythril.laser.ethereum.instructions [DEBUG]: Evaluating PUSH1 at 25
mythril.laser.ethereum.instructions [DEBUG]: Evaluating PUSH1 at 10
mythril.laser.ethereum.instructions [DEBUG]: Evaluating DUP1 at 26
mythril.laser.ethereum.instructions [DEBUG]: Evaluating CALLDATALOAD at 11
mythril.laser.ethereum.instructions [DEBUG]: Evaluating REVERT at 27
mythril.laser.ethereum.svm [DEBUG]: Ending transaction MessageCallTransaction 1 from sender_1 to                                        0x0.
mythril.laser.ethereum.instructions [DEBUG]: Evaluating DIV at 12
mythril.laser.ethereum.instructions [DEBUG]: Evaluating AND at 13
mythril.laser.ethereum.instructions [DEBUG]: Evaluating PUSH4 at 14
mythril.laser.ethereum.instructions [DEBUG]: Evaluating DUP2 at 15
mythril.laser.ethereum.instructions [DEBUG]: Evaluating EQ at 16
mythril.laser.ethereum.instructions [DEBUG]: Evaluating PUSH1 at 17
mythril.analysis.module.base [DEBUG]: Entering analysis module: TxOrigin
mythril.analysis.module.base [DEBUG]: Exiting analysis module: TxOrigin
mythril.analysis.module.base [DEBUG]: Entering analysis module: IntegerArithmetics
mythril.analysis.module.base [DEBUG]: Exiting analysis module: IntegerArithmetics
mythril.laser.ethereum.instructions [DEBUG]: Evaluating JUMPI at 18
mythril.laser.ethereum.instructions [DEBUG]: Evaluating DUP1 at 19
mythril.laser.ethereum.instructions [DEBUG]: Evaluating JUMPDEST at 28
mythril.laser.ethereum.instructions [DEBUG]: Evaluating PUSH4 at 20
mythril.laser.ethereum.instructions [DEBUG]: Evaluating CALLVALUE at 29
mythril.laser.ethereum.instructions [DEBUG]: Evaluating EQ at 21
mythril.laser.ethereum.instructions [DEBUG]: Evaluating DUP1 at 30
mythril.laser.ethereum.instructions [DEBUG]: Evaluating PUSH1 at 22
mythril.laser.ethereum.instructions [DEBUG]: Evaluating ISZERO at 31
mythril.analysis.module.base [DEBUG]: Entering analysis module: TxOrigin
mythril.analysis.module.base [DEBUG]: Exiting analysis module: TxOrigin
mythril.analysis.module.base [DEBUG]: Entering analysis module: IntegerArithmetics
mythril.analysis.module.base [DEBUG]: Exiting analysis module: IntegerArithmetics
mythril.laser.ethereum.instructions [DEBUG]: Evaluating JUMPI at 23
mythril.laser.ethereum.svm [DEBUG]: - Entering function MAIN:unknown
mythril.laser.ethereum.instructions [DEBUG]: Evaluating PUSH1 at 32
mythril.laser.ethereum.instructions [DEBUG]: Evaluating JUMPDEST at 24
mythril.laser.ethereum.instructions [DEBUG]: Evaluating JUMPDEST at 58
mythril.analysis.module.base [DEBUG]: Entering analysis module: TxOrigin
mythril.analysis.module.base [DEBUG]: Exiting analysis module: TxOrigin
mythril.analysis.module.base [DEBUG]: Entering analysis module: IntegerArithmetics
mythril.analysis.module.base [DEBUG]: Exiting analysis module: IntegerArithmetics
mythril.laser.ethereum.instructions [DEBUG]: Evaluating JUMPI at 33
mythril.laser.ethereum.instructions [DEBUG]: Evaluating PUSH1 at 25
mythril.laser.ethereum.instructions [DEBUG]: Evaluating CALLVALUE at 59
mythril.laser.ethereum.instructions [DEBUG]: Evaluating PUSH1 at 34
mythril.laser.ethereum.instructions [DEBUG]: Evaluating JUMPDEST at 37
mythril.laser.ethereum.instructions [DEBUG]: Evaluating DUP1 at 26
mythril.laser.ethereum.instructions [DEBUG]: Evaluating DUP1 at 60
mythril.laser.ethereum.instructions [DEBUG]: Evaluating DUP1 at 35
mythril.laser.ethereum.instructions [DEBUG]: Evaluating POP at 38
mythril.laser.ethereum.instructions [DEBUG]: Evaluating REVERT at 27
mythril.laser.ethereum.svm [DEBUG]: Ending transaction MessageCallTransaction 1 from sender_1 to                                        0x0.
mythril.laser.ethereum.instructions [DEBUG]: Evaluating ISZERO at 61
mythril.laser.ethereum.instructions [DEBUG]: Evaluating REVERT at 36
mythril.laser.ethereum.svm [DEBUG]: Ending transaction MessageCallTransaction 1 from sender_1 to                                        0x0.
mythril.laser.ethereum.instructions [DEBUG]: Evaluating PUSH1 at 39
mythril.laser.ethereum.instructions [DEBUG]: Evaluating PUSH1 at 62
mythril.laser.ethereum.instructions [DEBUG]: Evaluating PUSH1 at 40
mythril.analysis.module.base [DEBUG]: Entering analysis module: TxOrigin
mythril.analysis.module.base [DEBUG]: Exiting analysis module: TxOrigin
mythril.analysis.module.base [DEBUG]: Entering analysis module: IntegerArithmetics
mythril.analysis.module.base [DEBUG]: Exiting analysis module: IntegerArithmetics
mythril.laser.ethereum.instructions [DEBUG]: Evaluating JUMPI at 63
mythril.laser.ethereum.instructions [DEBUG]: Evaluating JUMP at 41
mythril.laser.ethereum.instructions [DEBUG]: Evaluating PUSH1 at 64
mythril.laser.ethereum.instructions [DEBUG]: Evaluating JUMPDEST at 67
mythril.laser.ethereum.instructions [DEBUG]: Evaluating JUMPDEST at 76
mythril.laser.ethereum.instructions [DEBUG]: Evaluating DUP1 at 65
mythril.laser.ethereum.instructions [DEBUG]: Evaluating POP at 68
mythril.laser.ethereum.instructions [DEBUG]: Evaluating PUSH1 at 77
mythril.laser.ethereum.instructions [DEBUG]: Evaluating REVERT at 66
mythril.laser.ethereum.svm [DEBUG]: Ending transaction MessageCallTransaction 1 from sender_1 to                                        0x0.
mythril.laser.ethereum.instructions [DEBUG]: Evaluating PUSH1 at 69
mythril.laser.ethereum.instructions [DEBUG]: Evaluating SLOAD at 78
mythril.laser.ethereum.instructions [DEBUG]: Evaluating PUSH1 at 70
mythril.laser.ethereum.instructions [DEBUG]: Evaluating DUP2 at 79
mythril.laser.ethereum.instructions [DEBUG]: Evaluating CALLDATALOAD at 71
mythril.laser.ethereum.instructions [DEBUG]: Evaluating JUMP at 80
mythril.laser.ethereum.instructions [DEBUG]: Evaluating PUSH1 at 72
mythril.laser.ethereum.instructions [DEBUG]: Evaluating JUMPDEST at 42
mythril.laser.ethereum.instructions [DEBUG]: Evaluating JUMP at 73
mythril.laser.ethereum.instructions [DEBUG]: Evaluating PUSH1 at 43
mythril.laser.ethereum.instructions [DEBUG]: Evaluating JUMPDEST at 81
mythril.laser.ethereum.instructions [DEBUG]: Evaluating DUP1 at 44
mythril.laser.ethereum.instructions [DEBUG]: Evaluating PUSH1 at 82
mythril.laser.ethereum.instructions [DEBUG]: Evaluating MLOAD at 45
mythril.laser.ethereum.instructions [DEBUG]: Evaluating DUP1 at 83
mythril.laser.ethereum.instructions [DEBUG]: Evaluating SWAP2 at 46
mythril.laser.ethereum.instructions [DEBUG]: Evaluating SLOAD at 84
mythril.laser.ethereum.instructions [DEBUG]: Evaluating DUP3 at 47
mythril.laser.ethereum.instructions [DEBUG]: Evaluating SWAP2 at 85
mythril.laser.ethereum.instructions [DEBUG]: Evaluating MSTORE at 48
mythril.laser.ethereum.instructions [DEBUG]: Evaluating SWAP1 at 86
mythril.laser.ethereum.instructions [DEBUG]: Evaluating MLOAD at 49
mythril.laser.ethereum.instructions [DEBUG]: Evaluating SWAP2 at 87
mythril.laser.ethereum.instructions [DEBUG]: Evaluating SWAP1 at 50
mythril.laser.ethereum.instructions [DEBUG]: Evaluating PUSH2 at 88
mythril.laser.ethereum.instructions [DEBUG]: Evaluating DUP2 at 51
mythril.laser.ethereum.instructions [DEBUG]: Evaluating PUSH2 at 89
mythril.laser.ethereum.instructions [DEBUG]: Evaluating SWAP1 at 52
mythril.laser.ethereum.instructions [DEBUG]: Evaluating JUMP at 90
mythril.analysis.module.base [DEBUG]: Entering analysis module: IntegerArithmetics
mythril.analysis.module.base [DEBUG]: Exiting analysis module: IntegerArithmetics
mythril.laser.ethereum.instructions [DEBUG]: Evaluating SUB at 53
mythril.laser.ethereum.instructions [DEBUG]: Evaluating JUMPDEST at 97
mythril.laser.ethereum.instructions [DEBUG]: Evaluating PUSH1 at 54
mythril.laser.ethereum.instructions [DEBUG]: Evaluating DUP3 at 98
mythril.analysis.module.base [DEBUG]: Entering analysis module: IntegerArithmetics
mythril.analysis.module.base [DEBUG]: Exiting analysis module: IntegerArithmetics
mythril.laser.ethereum.instructions [DEBUG]: Evaluating ADD at 55
mythril.laser.ethereum.instructions [DEBUG]: Evaluating DUP3 at 99
mythril.laser.ethereum.instructions [DEBUG]: Evaluating SWAP1 at 56
mythril.laser.ethereum.instructions [DEBUG]: Evaluating LT at 100
mythril.analysis.module.base [DEBUG]: Entering analysis module: IntegerArithmetics
mythril.analysis.module.base [DEBUG]: Exiting analysis module: IntegerArithmetics
mythril.analysis.module.base [DEBUG]: Entering analysis module: UncheckedRetval
mythril.analysis.module.base [DEBUG]: Exiting analysis module: UncheckedRetval
mythril.laser.ethereum.instructions [DEBUG]: Evaluating RETURN at 57
mythril.laser.ethereum.svm [DEBUG]: Ending transaction MessageCallTransaction 1 from sender_1 to                                        0x0.
mythril.laser.ethereum.instructions [DEBUG]: Evaluating ISZERO at 101
mythril.laser.ethereum.instructions [DEBUG]: Evaluating SWAP1 at 102
mythril.analysis.module.base [DEBUG]: Entering analysis module: TxOrigin
mythril.analysis.module.base [DEBUG]: Exiting analysis module: TxOrigin
mythril.analysis.module.base [DEBUG]: Entering analysis module: IntegerArithmetics
mythril.analysis.module.base [DEBUG]: Exiting analysis module: IntegerArithmetics
mythril.laser.ethereum.instructions [DEBUG]: Evaluating JUMPI at 103
mythril.laser.ethereum.instructions [DEBUG]: Evaluating PUSH1 at 104
mythril.laser.ethereum.instructions [DEBUG]: Evaluating JUMPDEST at 91
mythril.laser.ethereum.instructions [DEBUG]: Evaluating DUP1 at 105
mythril.analysis.module.base [DEBUG]: Entering analysis module: IntegerArithmetics
mythril.analysis.module.base [DEBUG]: Exiting analysis module: IntegerArithmetics
mythril.laser.ethereum.instructions [DEBUG]: Evaluating SUB at 92
mythril.laser.ethereum.instructions [DEBUG]: Evaluating REVERT at 106
mythril.laser.ethereum.svm [DEBUG]: Ending transaction MessageCallTransaction 1 from sender_1 to                                        0x0.
mythril.laser.ethereum.instructions [DEBUG]: Evaluating SWAP1 at 93
mythril.analysis.module.base [DEBUG]: Entering analysis module: ArbitraryStorage
mythril.analysis.module.base [DEBUG]: Exiting analysis module: ArbitraryStorage
mythril.analysis.module.base [DEBUG]: Entering analysis module: IntegerArithmetics
mythril.analysis.module.base [DEBUG]: Exiting analysis module: IntegerArithmetics
mythril.analysis.module.base [DEBUG]: Entering analysis module: StateChangeAfterCall
mythril.analysis.module.base [DEBUG]: Exiting analysis module: StateChangeAfterCall
mythril.laser.ethereum.instructions [DEBUG]: Evaluating SSTORE at 94
mythril.laser.ethereum.instructions [DEBUG]: Evaluating JUMP at 95
mythril.laser.ethereum.instructions [DEBUG]: Evaluating JUMPDEST at 74
mythril.analysis.module.base [DEBUG]: Entering analysis module: IntegerArithmetics
mythril.analysis.module.base [DEBUG]: Exiting analysis module: IntegerArithmetics
mythril.analysis.module.base [DEBUG]: Entering analysis module: UncheckedRetval
mythril.analysis.module.base [DEBUG]: Exiting analysis module: UncheckedRetval
mythril.laser.ethereum.instructions [DEBUG]: Evaluating STOP at 75
mythril.laser.ethereum.svm [DEBUG]: Ending transaction MessageCallTransaction 1 from sender_1 to                                        0x0.
mythril.laser.plugin.plugins.coverage.coverage_plugin [INFO]: Number of new instructions covered in tx 0: 106
mythril.laser.ethereum.svm [INFO]: Starting message call transaction, iteration: 1, 1 initial states
mythril.laser.ethereum.instructions [DEBUG]: Evaluating PUSH1 at 0
mythril.laser.ethereum.instructions [DEBUG]: Evaluating PUSH1 at 1
mythril.laser.ethereum.instructions [DEBUG]: Evaluating MSTORE at 2
mythril.laser.ethereum.instructions [DEBUG]: Evaluating PUSH1 at 3
mythril.laser.ethereum.instructions [DEBUG]: Evaluating CALLDATASIZE at 4
mythril.laser.ethereum.instructions [DEBUG]: Evaluating LT at 5
mythril.laser.ethereum.instructions [DEBUG]: Evaluating PUSH1 at 6
mythril.analysis.module.base [DEBUG]: Entering analysis module: TxOrigin
mythril.analysis.module.base [DEBUG]: Exiting analysis module: TxOrigin
mythril.analysis.module.base [DEBUG]: Entering analysis module: IntegerArithmetics
mythril.analysis.module.base [DEBUG]: Exiting analysis module: IntegerArithmetics
mythril.laser.ethereum.instructions [DEBUG]: Evaluating JUMPI at 7
mythril.laser.ethereum.instructions [DEBUG]: Evaluating PUSH4 at 8
mythril.laser.ethereum.instructions [DEBUG]: Evaluating JUMPDEST at 24
mythril.laser.ethereum.instructions [DEBUG]: Evaluating PUSH29 at 9
mythril.laser.ethereum.instructions [DEBUG]: Evaluating PUSH1 at 25
mythril.laser.ethereum.instructions [DEBUG]: Evaluating PUSH1 at 10
mythril.laser.ethereum.instructions [DEBUG]: Evaluating DUP1 at 26
mythril.laser.ethereum.instructions [DEBUG]: Evaluating CALLDATALOAD at 11
mythril.laser.ethereum.instructions [DEBUG]: Evaluating REVERT at 27
mythril.laser.ethereum.svm [DEBUG]: Ending transaction MessageCallTransaction 2 from sender_2 to                                        0x0.
mythril.laser.ethereum.instructions [DEBUG]: Evaluating DIV at 12
mythril.laser.ethereum.instructions [DEBUG]: Evaluating AND at 13
mythril.laser.ethereum.instructions [DEBUG]: Evaluating PUSH4 at 14
mythril.laser.ethereum.instructions [DEBUG]: Evaluating DUP2 at 15
mythril.laser.ethereum.instructions [DEBUG]: Evaluating EQ at 16
mythril.laser.ethereum.instructions [DEBUG]: Evaluating PUSH1 at 17
mythril.analysis.module.base [DEBUG]: Entering analysis module: TxOrigin
mythril.analysis.module.base [DEBUG]: Exiting analysis module: TxOrigin
mythril.analysis.module.base [DEBUG]: Entering analysis module: IntegerArithmetics
mythril.analysis.module.base [DEBUG]: Exiting analysis module: IntegerArithmetics
mythril.laser.ethereum.instructions [DEBUG]: Evaluating JUMPI at 18
mythril.laser.ethereum.instructions [DEBUG]: Evaluating DUP1 at 19
mythril.laser.ethereum.instructions [DEBUG]: Evaluating JUMPDEST at 28
mythril.laser.ethereum.instructions [DEBUG]: Evaluating PUSH4 at 20
mythril.laser.ethereum.instructions [DEBUG]: Evaluating CALLVALUE at 29
mythril.laser.ethereum.instructions [DEBUG]: Evaluating EQ at 21
mythril.laser.ethereum.instructions [DEBUG]: Evaluating DUP1 at 30
mythril.laser.ethereum.instructions [DEBUG]: Evaluating PUSH1 at 22
mythril.laser.ethereum.instructions [DEBUG]: Evaluating ISZERO at 31
mythril.analysis.module.base [DEBUG]: Entering analysis module: TxOrigin
mythril.analysis.module.base [DEBUG]: Exiting analysis module: TxOrigin
mythril.analysis.module.base [DEBUG]: Entering analysis module: IntegerArithmetics
mythril.analysis.module.base [DEBUG]: Exiting analysis module: IntegerArithmetics
mythril.laser.ethereum.instructions [DEBUG]: Evaluating JUMPI at 23
mythril.laser.plugin.plugins.dependency_pruner [DEBUG]: Skipping state: Storage slots {0} not read in block at address 72, function
mythril.laser.ethereum.svm [DEBUG]: - Entering function MAIN:unknown
mythril.laser.ethereum.instructions [DEBUG]: Evaluating PUSH1 at 32
mythril.laser.ethereum.instructions [DEBUG]: Evaluating JUMPDEST at 58
mythril.analysis.module.base [DEBUG]: Entering analysis module: TxOrigin
mythril.analysis.module.base [DEBUG]: Exiting analysis module: TxOrigin
mythril.analysis.module.base [DEBUG]: Entering analysis module: IntegerArithmetics
mythril.analysis.module.base [DEBUG]: Exiting analysis module: IntegerArithmetics
mythril.laser.ethereum.instructions [DEBUG]: Evaluating JUMPI at 33
mythril.laser.ethereum.instructions [DEBUG]: Evaluating CALLVALUE at 59
mythril.laser.ethereum.instructions [DEBUG]: Evaluating PUSH1 at 34
mythril.laser.ethereum.instructions [DEBUG]: Evaluating JUMPDEST at 37
mythril.laser.ethereum.instructions [DEBUG]: Evaluating DUP1 at 60
mythril.laser.ethereum.instructions [DEBUG]: Evaluating DUP1 at 35
mythril.laser.ethereum.instructions [DEBUG]: Evaluating POP at 38
mythril.laser.ethereum.instructions [DEBUG]: Evaluating ISZERO at 61
mythril.laser.ethereum.instructions [DEBUG]: Evaluating REVERT at 36
mythril.laser.ethereum.svm [DEBUG]: Ending transaction MessageCallTransaction 2 from sender_2 to                                        0x0.
mythril.laser.ethereum.instructions [DEBUG]: Evaluating PUSH1 at 39
mythril.laser.ethereum.instructions [DEBUG]: Evaluating PUSH1 at 62
mythril.laser.ethereum.instructions [DEBUG]: Evaluating PUSH1 at 40
mythril.analysis.module.base [DEBUG]: Entering analysis module: TxOrigin
mythril.analysis.module.base [DEBUG]: Exiting analysis module: TxOrigin
mythril.analysis.module.base [DEBUG]: Entering analysis module: IntegerArithmetics
mythril.analysis.module.base [DEBUG]: Exiting analysis module: IntegerArithmetics
mythril.laser.ethereum.instructions [DEBUG]: Evaluating JUMPI at 63
mythril.laser.ethereum.instructions [DEBUG]: Evaluating JUMP at 41
mythril.laser.ethereum.instructions [DEBUG]: Evaluating PUSH1 at 64
mythril.laser.ethereum.instructions [DEBUG]: Evaluating JUMPDEST at 67
mythril.laser.ethereum.instructions [DEBUG]: Evaluating JUMPDEST at 76
mythril.laser.ethereum.instructions [DEBUG]: Evaluating DUP1 at 65
mythril.laser.ethereum.instructions [DEBUG]: Evaluating POP at 68
mythril.laser.ethereum.instructions [DEBUG]: Evaluating PUSH1 at 77
mythril.laser.ethereum.instructions [DEBUG]: Evaluating REVERT at 66
mythril.laser.ethereum.svm [DEBUG]: Ending transaction MessageCallTransaction 2 from sender_2 to                                        0x0.
mythril.laser.ethereum.instructions [DEBUG]: Evaluating PUSH1 at 69
mythril.laser.ethereum.instructions [DEBUG]: Evaluating SLOAD at 78
mythril.laser.ethereum.instructions [DEBUG]: Evaluating PUSH1 at 70
mythril.laser.ethereum.instructions [DEBUG]: Evaluating DUP2 at 79
mythril.laser.ethereum.instructions [DEBUG]: Evaluating CALLDATALOAD at 71
mythril.laser.ethereum.instructions [DEBUG]: Evaluating JUMP at 80
mythril.laser.ethereum.instructions [DEBUG]: Evaluating PUSH1 at 72
mythril.laser.ethereum.instructions [DEBUG]: Evaluating JUMPDEST at 42
mythril.laser.ethereum.instructions [DEBUG]: Evaluating JUMP at 73
mythril.laser.ethereum.instructions [DEBUG]: Evaluating PUSH1 at 43
mythril.laser.ethereum.instructions [DEBUG]: Evaluating JUMPDEST at 81
mythril.laser.ethereum.instructions [DEBUG]: Evaluating DUP1 at 44
mythril.laser.ethereum.instructions [DEBUG]: Evaluating PUSH1 at 82
mythril.laser.ethereum.instructions [DEBUG]: Evaluating MLOAD at 45
mythril.laser.ethereum.instructions [DEBUG]: Evaluating DUP1 at 83
mythril.laser.ethereum.instructions [DEBUG]: Evaluating SWAP2 at 46
mythril.laser.ethereum.instructions [DEBUG]: Evaluating SLOAD at 84
mythril.laser.ethereum.instructions [DEBUG]: Evaluating DUP3 at 47
mythril.laser.ethereum.instructions [DEBUG]: Evaluating SWAP2 at 85
mythril.laser.ethereum.instructions [DEBUG]: Evaluating MSTORE at 48
mythril.laser.ethereum.instructions [DEBUG]: Evaluating SWAP1 at 86
mythril.laser.ethereum.instructions [DEBUG]: Evaluating MLOAD at 49
mythril.laser.ethereum.instructions [DEBUG]: Evaluating SWAP2 at 87
mythril.laser.ethereum.instructions [DEBUG]: Evaluating SWAP1 at 50
mythril.laser.ethereum.instructions [DEBUG]: Evaluating PUSH2 at 88
mythril.laser.ethereum.instructions [DEBUG]: Evaluating DUP2 at 51
mythril.laser.ethereum.instructions [DEBUG]: Evaluating PUSH2 at 89
mythril.laser.ethereum.instructions [DEBUG]: Evaluating SWAP1 at 52
mythril.laser.ethereum.instructions [DEBUG]: Evaluating JUMP at 90
mythril.analysis.module.base [DEBUG]: Entering analysis module: IntegerArithmetics
mythril.analysis.module.base [DEBUG]: Exiting analysis module: IntegerArithmetics
mythril.laser.ethereum.instructions [DEBUG]: Evaluating SUB at 53
mythril.laser.ethereum.instructions [DEBUG]: Evaluating JUMPDEST at 97
mythril.laser.ethereum.instructions [DEBUG]: Evaluating PUSH1 at 54
mythril.laser.ethereum.instructions [DEBUG]: Evaluating DUP3 at 98
mythril.analysis.module.base [DEBUG]: Entering analysis module: IntegerArithmetics
mythril.analysis.module.base [DEBUG]: Exiting analysis module: IntegerArithmetics
mythril.laser.ethereum.instructions [DEBUG]: Evaluating ADD at 55
mythril.laser.ethereum.instructions [DEBUG]: Evaluating DUP3 at 99
mythril.laser.ethereum.instructions [DEBUG]: Evaluating SWAP1 at 56
mythril.laser.ethereum.instructions [DEBUG]: Evaluating LT at 100
mythril.analysis.module.base [DEBUG]: Entering analysis module: IntegerArithmetics
mythril.analysis.module.base [DEBUG]: Exiting analysis module: IntegerArithmetics
mythril.analysis.module.base [DEBUG]: Entering analysis module: UncheckedRetval
mythril.analysis.module.base [DEBUG]: Exiting analysis module: UncheckedRetval
mythril.laser.ethereum.instructions [DEBUG]: Evaluating RETURN at 57
mythril.laser.ethereum.svm [DEBUG]: Ending transaction MessageCallTransaction 2 from sender_2 to                                        0x0.
mythril.laser.ethereum.instructions [DEBUG]: Evaluating ISZERO at 101
mythril.laser.ethereum.instructions [DEBUG]: Evaluating SWAP1 at 102
mythril.analysis.module.base [DEBUG]: Entering analysis module: TxOrigin
mythril.analysis.module.base [DEBUG]: Exiting analysis module: TxOrigin
mythril.analysis.module.base [DEBUG]: Entering analysis module: IntegerArithmetics
mythril.analysis.module.base [DEBUG]: Exiting analysis module: IntegerArithmetics
mythril.laser.ethereum.instructions [DEBUG]: Evaluating JUMPI at 103
mythril.laser.ethereum.instructions [DEBUG]: Evaluating PUSH1 at 104
mythril.laser.ethereum.instructions [DEBUG]: Evaluating JUMPDEST at 91
mythril.laser.ethereum.instructions [DEBUG]: Evaluating DUP1 at 105
mythril.analysis.module.base [DEBUG]: Entering analysis module: IntegerArithmetics
mythril.analysis.module.base [DEBUG]: Exiting analysis module: IntegerArithmetics
mythril.laser.ethereum.instructions [DEBUG]: Evaluating SUB at 92
mythril.laser.ethereum.instructions [DEBUG]: Evaluating REVERT at 106
mythril.laser.ethereum.svm [DEBUG]: Ending transaction MessageCallTransaction 2 from sender_2 to                                        0x0.
mythril.laser.ethereum.instructions [DEBUG]: Evaluating SWAP1 at 93
mythril.analysis.module.base [DEBUG]: Entering analysis module: ArbitraryStorage
mythril.analysis.module.base [DEBUG]: Exiting analysis module: ArbitraryStorage
mythril.analysis.module.base [DEBUG]: Entering analysis module: IntegerArithmetics
mythril.analysis.module.base [DEBUG]: Exiting analysis module: IntegerArithmetics
mythril.analysis.module.base [DEBUG]: Entering analysis module: StateChangeAfterCall
mythril.analysis.module.base [DEBUG]: Exiting analysis module: StateChangeAfterCall
mythril.laser.ethereum.instructions [DEBUG]: Evaluating SSTORE at 94
mythril.laser.ethereum.instructions [DEBUG]: Evaluating JUMP at 95
mythril.laser.ethereum.instructions [DEBUG]: Evaluating JUMPDEST at 74
mythril.analysis.module.base [DEBUG]: Entering analysis module: IntegerArithmetics
mythril.analysis.module.base [DEBUG]: Exiting analysis module: IntegerArithmetics
mythril.analysis.module.base [DEBUG]: Entering analysis module: UncheckedRetval
mythril.analysis.module.base [DEBUG]: Exiting analysis module: UncheckedRetval
mythril.laser.ethereum.instructions [DEBUG]: Evaluating STOP at 75
mythril.laser.ethereum.svm [DEBUG]: Ending transaction MessageCallTransaction 2 from sender_2 to                                        0x0.
mythril.laser.plugin.plugins.coverage.coverage_plugin [INFO]: Number of new instructions covered in tx 1: 0
mythril.laser.ethereum.svm [INFO]: Finished symbolic execution
mythril.laser.plugin.plugins.coverage.coverage_plugin [INFO]: Achieved 99.07% coverage for code: 60806040526004361060485763ffffffff7c010000000000000000000000000000000000000000000000000000000060003504166306661abd8114604d578063a444f5e9146071575b600080fd5b348015605857600080fd5b50605f6088565b60408051918252519081900360200190f35b348015607c57600080fd5b506086600435608e565b005b60005481565b6000805491909161009d6100a3565b03905556005b828210159057600080fd
mythril.laser.plugin.plugins.instruction_profiler [INFO]: Total: 0.18382740020751953 s
[ADD         ]   0.3563 %,  nr      2,  total   0.0007 s,  avg   0.0003 s,  min   0.0003 s,  max   0.0003 s
[AND         ]   0.4145 %,  nr      2,  total   0.0008 s,  avg   0.0004 s,  min   0.0003 s,  max   0.0005 s
[CALLDATALOAD]  15.4194 %,  nr      4,  total   0.0283 s,  avg   0.0071 s,  min   0.0067 s,  max   0.0077 s
[CALLDATASIZE]   0.4615 %,  nr      2,  total   0.0008 s,  avg   0.0004 s,  min   0.0004 s,  max   0.0005 s
[CALLVALUE   ]   0.9978 %,  nr      4,  total   0.0018 s,  avg   0.0005 s,  min   0.0003 s,  max   0.0009 s
[DIV         ]   0.6817 %,  nr      2,  total   0.0013 s,  avg   0.0006 s,  min   0.0005 s,  max   0.0007 s
[DUP1        ]   4.4084 %,  nr     19,  total   0.0081 s,  avg   0.0004 s,  min   0.0002 s,  max   0.0016 s
[DUP2        ]   0.9040 %,  nr      6,  total   0.0017 s,  avg   0.0003 s,  min   0.0002 s,  max   0.0004 s
[DUP3        ]   0.9232 %,  nr      6,  total   0.0017 s,  avg   0.0003 s,  min   0.0002 s,  max   0.0004 s
[EQ          ]   0.7862 %,  nr      4,  total   0.0014 s,  avg   0.0004 s,  min   0.0003 s,  max   0.0006 s
[ISZERO      ]   1.6784 %,  nr      6,  total   0.0031 s,  avg   0.0005 s,  min   0.0003 s,  max   0.0007 s
[JUMP        ]   3.3746 %,  nr     10,  total   0.0062 s,  avg   0.0006 s,  min   0.0005 s,  max   0.0009 s
[JUMPDEST    ]   4.1255 %,  nr     23,  total   0.0076 s,  avg   0.0003 s,  min   0.0002 s,  max   0.0015 s
[JUMPI       ]   7.6804 %,  nr     12,  total   0.0141 s,  avg   0.0012 s,  min   0.0009 s,  max   0.0020 s
[LT          ]   0.8961 %,  nr      4,  total   0.0016 s,  avg   0.0004 s,  min   0.0003 s,  max   0.0005 s
[MLOAD       ]  17.2842 %,  nr      4,  total   0.0318 s,  avg   0.0079 s,  min   0.0078 s,  max   0.0081 s
[MSTORE      ]  21.6556 %,  nr      4,  total   0.0398 s,  avg   0.0100 s,  min   0.0051 s,  max   0.0162 s
[POP         ]   0.7061 %,  nr      4,  total   0.0013 s,  avg   0.0003 s,  min   0.0002 s,  max   0.0006 s
[PUSH1       ]   9.7677 %,  nr     45,  total   0.0180 s,  avg   0.0004 s,  min   0.0002 s,  max   0.0009 s
[PUSH2       ]   0.6522 %,  nr      4,  total   0.0012 s,  avg   0.0003 s,  min   0.0003 s,  max   0.0003 s
[PUSH29      ]   0.3035 %,  nr      2,  total   0.0006 s,  avg   0.0003 s,  min   0.0003 s,  max   0.0003 s
[PUSH4       ]   1.4404 %,  nr      6,  total   0.0026 s,  avg   0.0004 s,  min   0.0003 s,  max   0.0007 s
[SLOAD       ]   0.8792 %,  nr      4,  total   0.0016 s,  avg   0.0004 s,  min   0.0004 s,  max   0.0005 s
[SSTORE      ]   0.4171 %,  nr      2,  total   0.0008 s,  avg   0.0004 s,  min   0.0003 s,  max   0.0004 s
[SUB         ]   0.7583 %,  nr      4,  total   0.0014 s,  avg   0.0003 s,  min   0.0003 s,  max   0.0004 s
[SWAP1       ]   1.9596 %,  nr     12,  total   0.0036 s,  avg   0.0003 s,  min   0.0002 s,  max   0.0004 s
[SWAP2       ]   1.0681 %,  nr      6,  total   0.0020 s,  avg   0.0003 s,  min   0.0003 s,  max   0.0004 s

mythril.analysis.security [INFO]: Starting analysis
mythril.analysis.security [DEBUG]: Retrieving results for Caller can write to arbitrary storage locations
mythril.analysis.security [DEBUG]: Retrieving results for Delegatecall to a user-specified address
mythril.analysis.security [DEBUG]: Retrieving results for Control flow depends on tx.origin
mythril.analysis.security [DEBUG]: Retrieving results for Any sender can withdraw ETH from the contract account
mythril.analysis.security [DEBUG]: Retrieving results for Integer overflow or underflow
mythril.analysis.security [DEBUG]: Retrieving results for State change after an external call
mythril.analysis.security [DEBUG]: Retrieving results for Contract can be accidentally killed by anyone
mythril.analysis.security [DEBUG]: Retrieving results for Return value of an external call is not checked
mythril.mythril.mythril_analyzer [INFO]: Solver statistics: 
Query count: 34 
Solver time: 1.632469892501831
{"error": null, "issues": [], "success": true}
