mythril.mythril.mythril_config [INFO]: Creating mythril data directory 
mythril.mythril.mythril_config [INFO]: No config file found. Creating default: /root/.mythril/config.ini 
mythril.mythril.mythril_config [INFO]: Infura key not provided, so onchain access is disabled. Use --infura-id <INFURA_ID> or set it in the environment variable INFURA_ID or in the ~/.mythril/config.ini file 
mythril.support.signatures [INFO]: Using signature database at /root/.mythril/signatures.db
mythril.laser.ethereum.svm [INFO]: LASER EVM initialized with dynamic loader: <mythril.support.loader.DynLoader object at 0x732c62d73eb0>
mythril.laser.ethereum.strategy.extensions.bounded_loops [INFO]: Loaded search strategy extension: Loop bounds (limit = 3)
mythril.laser.plugin.loader [INFO]: Loading laser plugin: coverage
mythril.laser.plugin.loader [INFO]: Loading laser plugin: mutation-pruner
mythril.laser.plugin.loader [INFO]: Loading laser plugin: call-depth-limit
mythril.laser.plugin.loader [INFO]: Loading laser plugin: instruction-profiler
mythril.laser.plugin.loader [INFO]: Loading laser plugin: dependency-pruner
mythril.laser.plugin.loader [INFO]: Instrumenting symbolic vm with plugin: coverage
mythril.laser.plugin.loader [INFO]: Instrumenting symbolic vm with plugin: mutation-pruner
mythril.laser.plugin.loader [INFO]: Instrumenting symbolic vm with plugin: call-depth-limit
mythril.laser.plugin.loader [INFO]: Instrumenting symbolic vm with plugin: instruction-profiler
mythril.laser.plugin.loader [INFO]: Instrumenting symbolic vm with plugin: dependency-pruner
mythril.laser.ethereum.svm [DEBUG]: Starting LASER execution
mythril.laser.ethereum.svm [INFO]: Starting message call transaction to 0
mythril.laser.ethereum.svm [INFO]: Starting message call transaction, iteration: 0, 1 initial states
mythril.laser.ethereum.instructions [DEBUG]: Evaluating PUSH1 at 0
mythril.laser.ethereum.instructions [DEBUG]: Evaluating PUSH1 at 1
mythril.laser.ethereum.instructions [DEBUG]: Evaluating MSTORE at 2
mythril.laser.ethereum.instructions [DEBUG]: Evaluating PUSH1 at 3
mythril.laser.ethereum.instructions [DEBUG]: Evaluating CALLDATASIZE at 4
mythril.laser.ethereum.instructions [DEBUG]: Evaluating LT at 5
mythril.laser.ethereum.instructions [DEBUG]: Evaluating PUSH2 at 6
mythril.analysis.module.base [DEBUG]: Entering analysis module: TxOrigin
mythril.analysis.module.base [DEBUG]: Exiting analysis module: TxOrigin
mythril.analysis.module.base [DEBUG]: Entering analysis module: IntegerArithmetics
mythril.analysis.module.base [DEBUG]: Exiting analysis module: IntegerArithmetics
mythril.laser.ethereum.instructions [DEBUG]: Evaluating JUMPI at 7
mythril.laser.ethereum.instructions [DEBUG]: Evaluating PUSH1 at 8
mythril.laser.ethereum.instructions [DEBUG]: Evaluating JUMPDEST at 25
mythril.laser.ethereum.instructions [DEBUG]: Evaluating CALLDATALOAD at 9
mythril.analysis.module.base [DEBUG]: Entering analysis module: IntegerArithmetics
mythril.analysis.module.base [DEBUG]: Exiting analysis module: IntegerArithmetics
mythril.analysis.module.base [DEBUG]: Entering analysis module: UncheckedRetval
mythril.analysis.module.base [DEBUG]: Exiting analysis module: UncheckedRetval
mythril.laser.ethereum.instructions [DEBUG]: Evaluating STOP at 26
mythril.laser.ethereum.svm [DEBUG]: Ending transaction MessageCallTransaction 1 from sender_1 to                                        0x0.
mythril.laser.ethereum.instructions [DEBUG]: Evaluating PUSH29 at 10
mythril.laser.ethereum.instructions [DEBUG]: Evaluating SWAP1 at 11
mythril.laser.ethereum.instructions [DEBUG]: Evaluating DIV at 12
mythril.laser.ethereum.instructions [DEBUG]: Evaluating PUSH4 at 13
mythril.laser.ethereum.instructions [DEBUG]: Evaluating AND at 14
mythril.laser.ethereum.instructions [DEBUG]: Evaluating DUP1 at 15
mythril.laser.ethereum.instructions [DEBUG]: Evaluating PUSH4 at 16
mythril.laser.ethereum.instructions [DEBUG]: Evaluating EQ at 17
mythril.laser.ethereum.instructions [DEBUG]: Evaluating PUSH2 at 18
mythril.analysis.module.base [DEBUG]: Entering analysis module: TxOrigin
mythril.analysis.module.base [DEBUG]: Exiting analysis module: TxOrigin
mythril.analysis.module.base [DEBUG]: Entering analysis module: IntegerArithmetics
mythril.analysis.module.base [DEBUG]: Exiting analysis module: IntegerArithmetics
mythril.laser.ethereum.instructions [DEBUG]: Evaluating JUMPI at 19
mythril.laser.ethereum.svm [DEBUG]: - Entering function MAIN:unknown
mythril.laser.ethereum.instructions [DEBUG]: Evaluating DUP1 at 20
mythril.laser.ethereum.instructions [DEBUG]: Evaluating JUMPDEST at 27
mythril.laser.ethereum.instructions [DEBUG]: Evaluating PUSH4 at 21
mythril.laser.ethereum.instructions [DEBUG]: Evaluating CALLVALUE at 28
mythril.laser.ethereum.instructions [DEBUG]: Evaluating EQ at 22
mythril.laser.ethereum.instructions [DEBUG]: Evaluating DUP1 at 29
mythril.laser.ethereum.instructions [DEBUG]: Evaluating PUSH2 at 23
mythril.laser.ethereum.instructions [DEBUG]: Evaluating ISZERO at 30
mythril.analysis.module.base [DEBUG]: Entering analysis module: TxOrigin
mythril.analysis.module.base [DEBUG]: Exiting analysis module: TxOrigin
mythril.analysis.module.base [DEBUG]: Entering analysis module: IntegerArithmetics
mythril.analysis.module.base [DEBUG]: Exiting analysis module: IntegerArithmetics
mythril.laser.ethereum.instructions [DEBUG]: Evaluating JUMPI at 24
mythril.laser.ethereum.svm [DEBUG]: - Entering function MAIN:unknown
mythril.laser.ethereum.instructions [DEBUG]: Evaluating PUSH2 at 31
mythril.laser.ethereum.instructions [DEBUG]: Evaluating JUMPDEST at 25
mythril.laser.ethereum.instructions [DEBUG]: Evaluating JUMPDEST at 64
mythril.analysis.module.base [DEBUG]: Entering analysis module: TxOrigin
mythril.analysis.module.base [DEBUG]: Exiting analysis module: TxOrigin
mythril.analysis.module.base [DEBUG]: Entering analysis module: IntegerArithmetics
mythril.analysis.module.base [DEBUG]: Exiting analysis module: IntegerArithmetics
mythril.laser.ethereum.instructions [DEBUG]: Evaluating JUMPI at 32
mythril.analysis.module.base [DEBUG]: Entering analysis module: IntegerArithmetics
mythril.analysis.module.base [DEBUG]: Exiting analysis module: IntegerArithmetics
mythril.analysis.module.base [DEBUG]: Entering analysis module: UncheckedRetval
mythril.analysis.module.base [DEBUG]: Exiting analysis module: UncheckedRetval
mythril.laser.ethereum.instructions [DEBUG]: Evaluating STOP at 26
mythril.laser.ethereum.svm [DEBUG]: Ending transaction MessageCallTransaction 1 from sender_1 to                                        0x0.
mythril.laser.ethereum.instructions [DEBUG]: Evaluating CALLVALUE at 65
mythril.laser.ethereum.instructions [DEBUG]: Evaluating PUSH1 at 33
mythril.laser.ethereum.instructions [DEBUG]: Evaluating JUMPDEST at 36
mythril.laser.ethereum.instructions [DEBUG]: Evaluating DUP1 at 66
mythril.laser.ethereum.instructions [DEBUG]: Evaluating DUP1 at 34
mythril.laser.ethereum.instructions [DEBUG]: Evaluating POP at 37
mythril.laser.ethereum.instructions [DEBUG]: Evaluating ISZERO at 67
mythril.laser.ethereum.instructions [DEBUG]: Evaluating REVERT at 35
mythril.laser.ethereum.svm [DEBUG]: Ending transaction MessageCallTransaction 1 from sender_1 to                                        0x0.
mythril.laser.ethereum.instructions [DEBUG]: Evaluating PUSH2 at 38
mythril.laser.ethereum.instructions [DEBUG]: Evaluating PUSH2 at 68
mythril.laser.ethereum.instructions [DEBUG]: Evaluating PUSH2 at 39
mythril.analysis.module.base [DEBUG]: Entering analysis module: TxOrigin
mythril.analysis.module.base [DEBUG]: Exiting analysis module: TxOrigin
mythril.analysis.module.base [DEBUG]: Entering analysis module: IntegerArithmetics
mythril.analysis.module.base [DEBUG]: Exiting analysis module: IntegerArithmetics
mythril.laser.ethereum.instructions [DEBUG]: Evaluating JUMPI at 69
mythril.laser.ethereum.instructions [DEBUG]: Evaluating JUMP at 40
mythril.laser.ethereum.instructions [DEBUG]: Evaluating PUSH1 at 70
mythril.laser.ethereum.instructions [DEBUG]: Evaluating JUMPDEST at 73
mythril.laser.ethereum.instructions [DEBUG]: Evaluating JUMPDEST at 102
mythril.laser.ethereum.instructions [DEBUG]: Evaluating DUP1 at 71
mythril.laser.ethereum.instructions [DEBUG]: Evaluating POP at 74
mythril.laser.ethereum.instructions [DEBUG]: Evaluating PUSH1 at 103
mythril.laser.ethereum.instructions [DEBUG]: Evaluating REVERT at 72
mythril.laser.ethereum.svm [DEBUG]: Ending transaction MessageCallTransaction 1 from sender_1 to                                        0x0.
mythril.laser.ethereum.instructions [DEBUG]: Evaluating PUSH2 at 75
mythril.laser.ethereum.instructions [DEBUG]: Evaluating DUP1 at 104
mythril.laser.ethereum.instructions [DEBUG]: Evaluating PUSH1 at 76
mythril.laser.ethereum.instructions [DEBUG]: Evaluating SWAP1 at 105
mythril.laser.ethereum.instructions [DEBUG]: Evaluating DUP1 at 77
mythril.laser.ethereum.instructions [DEBUG]: Evaluating SLOAD at 106
mythril.laser.ethereum.instructions [DEBUG]: Evaluating CALLDATASIZE at 78
mythril.laser.ethereum.instructions [DEBUG]: Evaluating SWAP1 at 107
mythril.analysis.module.base [DEBUG]: Entering analysis module: IntegerArithmetics
mythril.analysis.module.base [DEBUG]: Exiting analysis module: IntegerArithmetics
mythril.laser.ethereum.instructions [DEBUG]: Evaluating SUB at 79
mythril.laser.ethereum.instructions [DEBUG]: Evaluating PUSH2 at 108
mythril.laser.ethereum.instructions [DEBUG]: Evaluating DUP2 at 80
mythril.analysis.module.base [DEBUG]: Entering analysis module: IntegerArithmetics
mythril.analysis.module.base [DEBUG]: Exiting analysis module: IntegerArithmetics
mythril.laser.ethereum.instructions [DEBUG]: Evaluating EXP at 109
mythril.analysis.module.base [DEBUG]: Entering analysis module: IntegerArithmetics
mythril.analysis.module.base [DEBUG]: Exiting analysis module: IntegerArithmetics
mythril.laser.ethereum.instructions [DEBUG]: Evaluating ADD at 81
mythril.laser.ethereum.instructions [DEBUG]: Evaluating SWAP1 at 110
mythril.laser.ethereum.instructions [DEBUG]: Evaluating SWAP1 at 82
mythril.laser.ethereum.instructions [DEBUG]: Evaluating DIV at 111
mythril.laser.ethereum.instructions [DEBUG]: Evaluating DUP1 at 83
mythril.laser.ethereum.instructions [DEBUG]: Evaluating PUSH20 at 112
mythril.laser.ethereum.instructions [DEBUG]: Evaluating DUP1 at 84
mythril.laser.ethereum.instructions [DEBUG]: Evaluating AND at 113
mythril.laser.ethereum.instructions [DEBUG]: Evaluating CALLDATALOAD at 85
mythril.laser.ethereum.instructions [DEBUG]: Evaluating DUP2 at 114
mythril.laser.ethereum.instructions [DEBUG]: Evaluating PUSH20 at 86
mythril.laser.ethereum.instructions [DEBUG]: Evaluating JUMP at 115
mythril.laser.ethereum.instructions [DEBUG]: Evaluating AND at 87
mythril.laser.ethereum.instructions [DEBUG]: Evaluating JUMPDEST at 41
mythril.laser.ethereum.instructions [DEBUG]: Evaluating SWAP1 at 88
mythril.laser.ethereum.instructions [DEBUG]: Evaluating PUSH1 at 42
mythril.laser.ethereum.instructions [DEBUG]: Evaluating PUSH1 at 89
mythril.laser.ethereum.instructions [DEBUG]: Evaluating MLOAD at 43
mythril.analysis.module.base [DEBUG]: Entering analysis module: IntegerArithmetics
mythril.analysis.module.base [DEBUG]: Exiting analysis module: IntegerArithmetics
mythril.laser.ethereum.instructions [DEBUG]: Evaluating ADD at 90
mythril.laser.ethereum.instructions [DEBUG]: Evaluating DUP1 at 44
mythril.laser.ethereum.instructions [DEBUG]: Evaluating SWAP1 at 91
mythril.laser.ethereum.instructions [DEBUG]: Evaluating DUP3 at 45
mythril.laser.ethereum.instructions [DEBUG]: Evaluating SWAP3 at 92
mythril.laser.ethereum.instructions [DEBUG]: Evaluating PUSH20 at 46
mythril.laser.ethereum.instructions [DEBUG]: Evaluating SWAP2 at 93
mythril.laser.ethereum.instructions [DEBUG]: Evaluating AND at 47
mythril.laser.ethereum.instructions [DEBUG]: Evaluating SWAP1 at 94
mythril.laser.ethereum.instructions [DEBUG]: Evaluating PUSH20 at 48
mythril.laser.ethereum.instructions [DEBUG]: Evaluating POP at 95
mythril.laser.ethereum.instructions [DEBUG]: Evaluating AND at 49
mythril.laser.ethereum.instructions [DEBUG]: Evaluating POP at 96
mythril.laser.ethereum.instructions [DEBUG]: Evaluating DUP2 at 50
mythril.laser.ethereum.instructions [DEBUG]: Evaluating POP at 97
mythril.laser.ethereum.instructions [DEBUG]: Evaluating MSTORE at 51
mythril.laser.ethereum.instructions [DEBUG]: Evaluating PUSH2 at 98
mythril.laser.ethereum.instructions [DEBUG]: Evaluating PUSH1 at 52
mythril.laser.ethereum.instructions [DEBUG]: Evaluating JUMP at 99
mythril.analysis.module.base [DEBUG]: Entering analysis module: IntegerArithmetics
mythril.analysis.module.base [DEBUG]: Exiting analysis module: IntegerArithmetics
mythril.laser.ethereum.instructions [DEBUG]: Evaluating ADD at 53
mythril.laser.ethereum.instructions [DEBUG]: Evaluating JUMPDEST at 116
mythril.laser.ethereum.instructions [DEBUG]: Evaluating SWAP2 at 54
mythril.laser.ethereum.instructions [DEBUG]: Evaluating PUSH1 at 117
mythril.laser.ethereum.instructions [DEBUG]: Evaluating POP at 55
mythril.laser.ethereum.instructions [DEBUG]: Evaluating DUP1 at 118
mythril.laser.ethereum.instructions [DEBUG]: Evaluating POP at 56
mythril.laser.ethereum.instructions [DEBUG]: Evaluating SWAP1 at 119
mythril.laser.ethereum.instructions [DEBUG]: Evaluating PUSH1 at 57
mythril.laser.ethereum.instructions [DEBUG]: Evaluating SLOAD at 120
mythril.laser.ethereum.instructions [DEBUG]: Evaluating MLOAD at 58
mythril.laser.ethereum.instructions [DEBUG]: Evaluating SWAP1 at 121
mythril.laser.ethereum.instructions [DEBUG]: Evaluating DUP1 at 59
mythril.laser.ethereum.instructions [DEBUG]: Evaluating PUSH2 at 122
mythril.laser.ethereum.instructions [DEBUG]: Evaluating SWAP2 at 60
mythril.analysis.module.base [DEBUG]: Entering analysis module: IntegerArithmetics
mythril.analysis.module.base [DEBUG]: Exiting analysis module: IntegerArithmetics
mythril.laser.ethereum.instructions [DEBUG]: Evaluating EXP at 123
mythril.analysis.module.base [DEBUG]: Entering analysis module: IntegerArithmetics
mythril.analysis.module.base [DEBUG]: Exiting analysis module: IntegerArithmetics
mythril.laser.ethereum.instructions [DEBUG]: Evaluating SUB at 61
mythril.laser.ethereum.instructions [DEBUG]: Evaluating SWAP1 at 124
mythril.laser.ethereum.instructions [DEBUG]: Evaluating SWAP1 at 62
mythril.laser.ethereum.instructions [DEBUG]: Evaluating DIV at 125
mythril.analysis.module.base [DEBUG]: Entering analysis module: IntegerArithmetics
mythril.analysis.module.base [DEBUG]: Exiting analysis module: IntegerArithmetics
mythril.analysis.module.base [DEBUG]: Entering analysis module: UncheckedRetval
mythril.analysis.module.base [DEBUG]: Exiting analysis module: UncheckedRetval
mythril.laser.ethereum.instructions [DEBUG]: Evaluating RETURN at 63
mythril.laser.ethereum.svm [DEBUG]: Ending transaction MessageCallTransaction 1 from sender_1 to                                        0x0.
mythril.laser.ethereum.instructions [DEBUG]: Evaluating PUSH20 at 126
mythril.laser.ethereum.instructions [DEBUG]: Evaluating AND at 127
mythril.laser.ethereum.instructions [DEBUG]: Evaluating PUSH20 at 128
mythril.laser.ethereum.instructions [DEBUG]: Evaluating AND at 129
mythril.laser.ethereum.instructions [DEBUG]: Evaluating ORIGIN at 130
mythril.analysis.module.base [DEBUG]: Entering analysis module: TxOrigin
mythril.analysis.module.base [DEBUG]: Exiting analysis module: TxOrigin
mythril.laser.ethereum.instructions [DEBUG]: Evaluating PUSH20 at 131
mythril.laser.ethereum.instructions [DEBUG]: Evaluating AND at 132
mythril.laser.ethereum.instructions [DEBUG]: Evaluating EQ at 133
mythril.laser.ethereum.instructions [DEBUG]: Evaluating ISZERO at 134
mythril.laser.ethereum.instructions [DEBUG]: Evaluating ISZERO at 135
mythril.laser.ethereum.instructions [DEBUG]: Evaluating PUSH2 at 136
mythril.analysis.module.base [DEBUG]: Entering analysis module: TxOrigin
mythril.analysis.module.base [DEBUG]: Exiting analysis module: TxOrigin
mythril.analysis.module.base [DEBUG]: Entering analysis module: IntegerArithmetics
mythril.analysis.module.base [DEBUG]: Exiting analysis module: IntegerArithmetics
mythril.laser.ethereum.instructions [DEBUG]: Evaluating JUMPI at 137
mythril.laser.ethereum.instructions [DEBUG]: Evaluating PUSH1 at 138
mythril.laser.ethereum.instructions [DEBUG]: Evaluating DUP1 at 139
mythril.laser.ethereum.instructions [DEBUG]: Evaluating REVERT at 140
mythril.laser.ethereum.svm [DEBUG]: Ending transaction MessageCallTransaction 1 from sender_1 to                                        0x0.
mythril.laser.plugin.plugins.coverage.coverage_plugin [INFO]: Number of new instructions covered in tx 0: 139
mythril.laser.ethereum.svm [INFO]: Starting message call transaction, iteration: 1, 2 initial states
mythril.laser.ethereum.instructions [DEBUG]: Evaluating PUSH1 at 0
mythril.laser.ethereum.instructions [DEBUG]: Evaluating PUSH1 at 0
mythril.laser.ethereum.instructions [DEBUG]: Evaluating PUSH1 at 1
mythril.laser.ethereum.instructions [DEBUG]: Evaluating PUSH1 at 1
mythril.laser.ethereum.instructions [DEBUG]: Evaluating MSTORE at 2
mythril.laser.ethereum.instructions [DEBUG]: Evaluating MSTORE at 2
mythril.laser.ethereum.instructions [DEBUG]: Evaluating PUSH1 at 3
mythril.laser.ethereum.instructions [DEBUG]: Evaluating PUSH1 at 3
mythril.laser.ethereum.instructions [DEBUG]: Evaluating CALLDATASIZE at 4
mythril.laser.ethereum.instructions [DEBUG]: Evaluating CALLDATASIZE at 4
mythril.laser.ethereum.instructions [DEBUG]: Evaluating LT at 5
mythril.laser.ethereum.instructions [DEBUG]: Evaluating LT at 5
mythril.laser.ethereum.instructions [DEBUG]: Evaluating PUSH2 at 6
mythril.laser.ethereum.instructions [DEBUG]: Evaluating PUSH2 at 6
mythril.analysis.module.base [DEBUG]: Entering analysis module: TxOrigin
mythril.analysis.module.base [DEBUG]: Exiting analysis module: TxOrigin
mythril.analysis.module.base [DEBUG]: Entering analysis module: IntegerArithmetics
mythril.analysis.module.base [DEBUG]: Exiting analysis module: IntegerArithmetics
mythril.laser.ethereum.instructions [DEBUG]: Evaluating JUMPI at 7
mythril.analysis.module.base [DEBUG]: Entering analysis module: TxOrigin
mythril.analysis.module.base [DEBUG]: Exiting analysis module: TxOrigin
mythril.analysis.module.base [DEBUG]: Entering analysis module: IntegerArithmetics
mythril.analysis.module.base [DEBUG]: Exiting analysis module: IntegerArithmetics
mythril.laser.ethereum.instructions [DEBUG]: Evaluating JUMPI at 7
mythril.laser.ethereum.instructions [DEBUG]: Evaluating PUSH1 at 8
mythril.laser.ethereum.instructions [DEBUG]: Evaluating JUMPDEST at 25
mythril.laser.ethereum.instructions [DEBUG]: Evaluating PUSH1 at 8
mythril.laser.ethereum.instructions [DEBUG]: Evaluating JUMPDEST at 25
mythril.laser.ethereum.instructions [DEBUG]: Evaluating CALLDATALOAD at 9
mythril.analysis.module.base [DEBUG]: Entering analysis module: IntegerArithmetics
mythril.analysis.module.base [DEBUG]: Exiting analysis module: IntegerArithmetics
mythril.analysis.module.base [DEBUG]: Entering analysis module: UncheckedRetval
mythril.analysis.module.base [DEBUG]: Exiting analysis module: UncheckedRetval
mythril.laser.ethereum.instructions [DEBUG]: Evaluating STOP at 26
mythril.laser.ethereum.svm [DEBUG]: Ending transaction MessageCallTransaction 2 from sender_2 to                                        0x0.
mythril.laser.ethereum.instructions [DEBUG]: Evaluating CALLDATALOAD at 9
mythril.analysis.module.base [DEBUG]: Entering analysis module: IntegerArithmetics
mythril.analysis.module.base [DEBUG]: Exiting analysis module: IntegerArithmetics
mythril.analysis.module.base [DEBUG]: Entering analysis module: UncheckedRetval
mythril.analysis.module.base [DEBUG]: Exiting analysis module: UncheckedRetval
mythril.laser.ethereum.instructions [DEBUG]: Evaluating STOP at 26
mythril.laser.ethereum.svm [DEBUG]: Ending transaction MessageCallTransaction 3 from sender_3 to                                        0x0.
mythril.laser.ethereum.instructions [DEBUG]: Evaluating PUSH29 at 10
mythril.laser.ethereum.instructions [DEBUG]: Evaluating PUSH29 at 10
mythril.laser.ethereum.instructions [DEBUG]: Evaluating SWAP1 at 11
mythril.laser.ethereum.instructions [DEBUG]: Evaluating SWAP1 at 11
mythril.laser.ethereum.instructions [DEBUG]: Evaluating DIV at 12
mythril.laser.ethereum.instructions [DEBUG]: Evaluating DIV at 12
mythril.laser.ethereum.instructions [DEBUG]: Evaluating PUSH4 at 13
mythril.laser.ethereum.instructions [DEBUG]: Evaluating PUSH4 at 13
mythril.laser.ethereum.instructions [DEBUG]: Evaluating AND at 14
mythril.laser.ethereum.instructions [DEBUG]: Evaluating AND at 14
mythril.laser.ethereum.instructions [DEBUG]: Evaluating DUP1 at 15
mythril.laser.ethereum.instructions [DEBUG]: Evaluating DUP1 at 15
mythril.laser.ethereum.instructions [DEBUG]: Evaluating PUSH4 at 16
mythril.laser.ethereum.instructions [DEBUG]: Evaluating PUSH4 at 16
mythril.laser.ethereum.instructions [DEBUG]: Evaluating EQ at 17
mythril.laser.ethereum.instructions [DEBUG]: Evaluating EQ at 17
mythril.laser.ethereum.instructions [DEBUG]: Evaluating PUSH2 at 18
mythril.laser.ethereum.instructions [DEBUG]: Evaluating PUSH2 at 18
mythril.analysis.module.base [DEBUG]: Entering analysis module: TxOrigin
mythril.analysis.module.base [DEBUG]: Exiting analysis module: TxOrigin
mythril.analysis.module.base [DEBUG]: Entering analysis module: IntegerArithmetics
mythril.analysis.module.base [DEBUG]: Exiting analysis module: IntegerArithmetics
mythril.laser.ethereum.instructions [DEBUG]: Evaluating JUMPI at 19
mythril.laser.ethereum.svm [DEBUG]: - Entering function MAIN:unknown
mythril.analysis.module.base [DEBUG]: Entering analysis module: TxOrigin
mythril.analysis.module.base [DEBUG]: Exiting analysis module: TxOrigin
mythril.analysis.module.base [DEBUG]: Entering analysis module: IntegerArithmetics
mythril.analysis.module.base [DEBUG]: Exiting analysis module: IntegerArithmetics
mythril.laser.ethereum.instructions [DEBUG]: Evaluating JUMPI at 19
mythril.laser.ethereum.svm [DEBUG]: - Entering function MAIN:unknown
mythril.laser.ethereum.instructions [DEBUG]: Evaluating DUP1 at 20
mythril.laser.ethereum.instructions [DEBUG]: Evaluating JUMPDEST at 27
mythril.laser.ethereum.instructions [DEBUG]: Evaluating DUP1 at 20
mythril.laser.ethereum.instructions [DEBUG]: Evaluating JUMPDEST at 27
mythril.laser.ethereum.instructions [DEBUG]: Evaluating PUSH4 at 21
mythril.laser.ethereum.instructions [DEBUG]: Evaluating CALLVALUE at 28
mythril.laser.ethereum.instructions [DEBUG]: Evaluating PUSH4 at 21
mythril.laser.ethereum.instructions [DEBUG]: Evaluating CALLVALUE at 28
mythril.laser.ethereum.instructions [DEBUG]: Evaluating EQ at 22
mythril.laser.ethereum.instructions [DEBUG]: Evaluating DUP1 at 29
mythril.laser.ethereum.instructions [DEBUG]: Evaluating EQ at 22
mythril.laser.ethereum.instructions [DEBUG]: Evaluating DUP1 at 29
mythril.laser.ethereum.instructions [DEBUG]: Evaluating PUSH2 at 23
mythril.laser.ethereum.instructions [DEBUG]: Evaluating ISZERO at 30
mythril.laser.ethereum.instructions [DEBUG]: Evaluating PUSH2 at 23
mythril.laser.ethereum.instructions [DEBUG]: Evaluating ISZERO at 30
mythril.analysis.module.base [DEBUG]: Entering analysis module: TxOrigin
mythril.analysis.module.base [DEBUG]: Exiting analysis module: TxOrigin
mythril.analysis.module.base [DEBUG]: Entering analysis module: IntegerArithmetics
mythril.analysis.module.base [DEBUG]: Exiting analysis module: IntegerArithmetics
mythril.laser.ethereum.instructions [DEBUG]: Evaluating JUMPI at 24
mythril.laser.plugin.plugins.dependency_pruner [DEBUG]: Skipping state: Storage slots set() not read in block at address 76, function
mythril.laser.ethereum.svm [DEBUG]: - Entering function MAIN:unknown
mythril.laser.ethereum.instructions [DEBUG]: Evaluating PUSH2 at 31
mythril.analysis.module.base [DEBUG]: Entering analysis module: TxOrigin
mythril.analysis.module.base [DEBUG]: Exiting analysis module: TxOrigin
mythril.analysis.module.base [DEBUG]: Entering analysis module: IntegerArithmetics
mythril.analysis.module.base [DEBUG]: Exiting analysis module: IntegerArithmetics
mythril.laser.ethereum.instructions [DEBUG]: Evaluating JUMPI at 24
mythril.laser.plugin.plugins.dependency_pruner [DEBUG]: Skipping state: Storage slots set() not read in block at address 76, function
mythril.laser.ethereum.svm [DEBUG]: - Entering function MAIN:unknown
mythril.laser.ethereum.instructions [DEBUG]: Evaluating PUSH2 at 31
mythril.laser.ethereum.instructions [DEBUG]: Evaluating JUMPDEST at 64
mythril.analysis.module.base [DEBUG]: Entering analysis module: TxOrigin
mythril.analysis.module.base [DEBUG]: Exiting analysis module: TxOrigin
mythril.analysis.module.base [DEBUG]: Entering analysis module: IntegerArithmetics
mythril.analysis.module.base [DEBUG]: Exiting analysis module: IntegerArithmetics
mythril.laser.ethereum.instructions [DEBUG]: Evaluating JUMPI at 32
mythril.laser.ethereum.instructions [DEBUG]: Evaluating JUMPDEST at 64
mythril.analysis.module.base [DEBUG]: Entering analysis module: TxOrigin
mythril.analysis.module.base [DEBUG]: Exiting analysis module: TxOrigin
mythril.analysis.module.base [DEBUG]: Entering analysis module: IntegerArithmetics
mythril.analysis.module.base [DEBUG]: Exiting analysis module: IntegerArithmetics
mythril.laser.ethereum.instructions [DEBUG]: Evaluating JUMPI at 32
mythril.laser.ethereum.instructions [DEBUG]: Evaluating CALLVALUE at 65
mythril.laser.ethereum.instructions [DEBUG]: Evaluating PUSH1 at 33
mythril.laser.ethereum.instructions [DEBUG]: Evaluating JUMPDEST at 36
mythril.laser.ethereum.instructions [DEBUG]: Evaluating CALLVALUE at 65
mythril.laser.ethereum.instructions [DEBUG]: Evaluating PUSH1 at 33
mythril.laser.ethereum.instructions [DEBUG]: Evaluating JUMPDEST at 36
mythril.laser.ethereum.instructions [DEBUG]: Evaluating DUP1 at 66
mythril.laser.ethereum.instructions [DEBUG]: Evaluating DUP1 at 34
mythril.laser.ethereum.instructions [DEBUG]: Evaluating POP at 37
mythril.laser.ethereum.instructions [DEBUG]: Evaluating DUP1 at 66
mythril.laser.ethereum.instructions [DEBUG]: Evaluating DUP1 at 34
mythril.laser.ethereum.instructions [DEBUG]: Evaluating POP at 37
mythril.laser.ethereum.instructions [DEBUG]: Evaluating ISZERO at 67
mythril.laser.ethereum.instructions [DEBUG]: Evaluating REVERT at 35
mythril.laser.ethereum.svm [DEBUG]: Ending transaction MessageCallTransaction 2 from sender_2 to                                        0x0.
mythril.laser.ethereum.instructions [DEBUG]: Evaluating PUSH2 at 38
mythril.laser.ethereum.instructions [DEBUG]: Evaluating ISZERO at 67
mythril.laser.ethereum.instructions [DEBUG]: Evaluating REVERT at 35
mythril.laser.ethereum.svm [DEBUG]: Ending transaction MessageCallTransaction 3 from sender_3 to                                        0x0.
mythril.laser.ethereum.instructions [DEBUG]: Evaluating PUSH2 at 38
mythril.laser.ethereum.instructions [DEBUG]: Evaluating PUSH2 at 68
mythril.laser.ethereum.instructions [DEBUG]: Evaluating PUSH2 at 39
mythril.laser.ethereum.instructions [DEBUG]: Evaluating PUSH2 at 68
mythril.laser.ethereum.instructions [DEBUG]: Evaluating PUSH2 at 39
mythril.analysis.module.base [DEBUG]: Entering analysis module: TxOrigin
mythril.analysis.module.base [DEBUG]: Exiting analysis module: TxOrigin
mythril.analysis.module.base [DEBUG]: Entering analysis module: IntegerArithmetics
mythril.analysis.module.base [DEBUG]: Exiting analysis module: IntegerArithmetics
mythril.laser.ethereum.instructions [DEBUG]: Evaluating JUMPI at 69
mythril.laser.ethereum.instructions [DEBUG]: Evaluating JUMP at 40
mythril.analysis.module.base [DEBUG]: Entering analysis module: TxOrigin
mythril.analysis.module.base [DEBUG]: Exiting analysis module: TxOrigin
mythril.analysis.module.base [DEBUG]: Entering analysis module: IntegerArithmetics
mythril.analysis.module.base [DEBUG]: Exiting analysis module: IntegerArithmetics
mythril.laser.ethereum.instructions [DEBUG]: Evaluating JUMPI at 69
mythril.laser.ethereum.instructions [DEBUG]: Evaluating JUMP at 40
mythril.laser.ethereum.instructions [DEBUG]: Evaluating PUSH1 at 70
mythril.laser.ethereum.instructions [DEBUG]: Evaluating JUMPDEST at 73
mythril.laser.ethereum.instructions [DEBUG]: Evaluating JUMPDEST at 102
mythril.laser.ethereum.instructions [DEBUG]: Evaluating PUSH1 at 70
mythril.laser.ethereum.instructions [DEBUG]: Evaluating JUMPDEST at 73
mythril.laser.ethereum.instructions [DEBUG]: Evaluating JUMPDEST at 102
mythril.laser.ethereum.instructions [DEBUG]: Evaluating DUP1 at 71
mythril.laser.ethereum.instructions [DEBUG]: Evaluating POP at 74
mythril.laser.ethereum.instructions [DEBUG]: Evaluating PUSH1 at 103
mythril.laser.ethereum.instructions [DEBUG]: Evaluating DUP1 at 71
mythril.laser.ethereum.instructions [DEBUG]: Evaluating POP at 74
mythril.laser.ethereum.instructions [DEBUG]: Evaluating PUSH1 at 103
mythril.laser.ethereum.instructions [DEBUG]: Evaluating REVERT at 72
mythril.laser.ethereum.svm [DEBUG]: Ending transaction MessageCallTransaction 2 from sender_2 to                                        0x0.
mythril.laser.ethereum.instructions [DEBUG]: Evaluating PUSH2 at 75
mythril.laser.ethereum.instructions [DEBUG]: Evaluating DUP1 at 104
mythril.laser.ethereum.instructions [DEBUG]: Evaluating REVERT at 72
mythril.laser.ethereum.svm [DEBUG]: Ending transaction MessageCallTransaction 3 from sender_3 to                                        0x0.
mythril.laser.ethereum.instructions [DEBUG]: Evaluating PUSH2 at 75
mythril.laser.ethereum.instructions [DEBUG]: Evaluating DUP1 at 104
mythril.laser.ethereum.instructions [DEBUG]: Evaluating PUSH1 at 76
mythril.laser.ethereum.instructions [DEBUG]: Evaluating SWAP1 at 105
mythril.laser.ethereum.instructions [DEBUG]: Evaluating PUSH1 at 76
mythril.laser.ethereum.instructions [DEBUG]: Evaluating SWAP1 at 105
mythril.laser.ethereum.instructions [DEBUG]: Evaluating DUP1 at 77
mythril.laser.ethereum.instructions [DEBUG]: Evaluating SLOAD at 106
mythril.laser.ethereum.instructions [DEBUG]: Evaluating DUP1 at 77
mythril.laser.ethereum.instructions [DEBUG]: Evaluating SLOAD at 106
mythril.laser.ethereum.instructions [DEBUG]: Evaluating CALLDATASIZE at 78
mythril.laser.ethereum.instructions [DEBUG]: Evaluating SWAP1 at 107
mythril.laser.ethereum.instructions [DEBUG]: Evaluating CALLDATASIZE at 78
mythril.laser.ethereum.instructions [DEBUG]: Evaluating SWAP1 at 107
mythril.analysis.module.base [DEBUG]: Entering analysis module: IntegerArithmetics
mythril.analysis.module.base [DEBUG]: Exiting analysis module: IntegerArithmetics
mythril.laser.ethereum.instructions [DEBUG]: Evaluating SUB at 79
mythril.laser.ethereum.instructions [DEBUG]: Evaluating PUSH2 at 108
mythril.analysis.module.base [DEBUG]: Entering analysis module: IntegerArithmetics
mythril.analysis.module.base [DEBUG]: Exiting analysis module: IntegerArithmetics
mythril.laser.ethereum.instructions [DEBUG]: Evaluating SUB at 79
mythril.laser.ethereum.instructions [DEBUG]: Evaluating PUSH2 at 108
mythril.laser.ethereum.instructions [DEBUG]: Evaluating DUP2 at 80
mythril.analysis.module.base [DEBUG]: Entering analysis module: IntegerArithmetics
mythril.analysis.module.base [DEBUG]: Exiting analysis module: IntegerArithmetics
mythril.laser.ethereum.instructions [DEBUG]: Evaluating EXP at 109
mythril.laser.ethereum.instructions [DEBUG]: Evaluating DUP2 at 80
mythril.analysis.module.base [DEBUG]: Entering analysis module: IntegerArithmetics
mythril.analysis.module.base [DEBUG]: Exiting analysis module: IntegerArithmetics
mythril.laser.ethereum.instructions [DEBUG]: Evaluating EXP at 109
mythril.analysis.module.base [DEBUG]: Entering analysis module: IntegerArithmetics
mythril.analysis.module.base [DEBUG]: Exiting analysis module: IntegerArithmetics
mythril.laser.ethereum.instructions [DEBUG]: Evaluating ADD at 81
mythril.laser.ethereum.instructions [DEBUG]: Evaluating SWAP1 at 110
mythril.analysis.module.base [DEBUG]: Entering analysis module: IntegerArithmetics
mythril.analysis.module.base [DEBUG]: Exiting analysis module: IntegerArithmetics
mythril.laser.ethereum.instructions [DEBUG]: Evaluating ADD at 81
mythril.laser.ethereum.instructions [DEBUG]: Evaluating SWAP1 at 110
mythril.laser.ethereum.instructions [DEBUG]: Evaluating SWAP1 at 82
mythril.laser.ethereum.instructions [DEBUG]: Evaluating DIV at 111
mythril.laser.ethereum.instructions [DEBUG]: Evaluating SWAP1 at 82
mythril.laser.ethereum.instructions [DEBUG]: Evaluating DIV at 111
mythril.laser.ethereum.instructions [DEBUG]: Evaluating DUP1 at 83
mythril.laser.ethereum.instructions [DEBUG]: Evaluating PUSH20 at 112
mythril.laser.ethereum.instructions [DEBUG]: Evaluating DUP1 at 83
mythril.laser.ethereum.instructions [DEBUG]: Evaluating PUSH20 at 112
mythril.laser.ethereum.instructions [DEBUG]: Evaluating DUP1 at 84
mythril.laser.ethereum.instructions [DEBUG]: Evaluating AND at 113
mythril.laser.ethereum.instructions [DEBUG]: Evaluating DUP1 at 84
mythril.laser.ethereum.instructions [DEBUG]: Evaluating AND at 113
mythril.laser.ethereum.instructions [DEBUG]: Evaluating CALLDATALOAD at 85
mythril.laser.ethereum.instructions [DEBUG]: Evaluating DUP2 at 114
mythril.laser.ethereum.instructions [DEBUG]: Evaluating CALLDATALOAD at 85
mythril.laser.ethereum.instructions [DEBUG]: Evaluating DUP2 at 114
mythril.laser.ethereum.instructions [DEBUG]: Evaluating PUSH20 at 86
mythril.laser.ethereum.instructions [DEBUG]: Evaluating JUMP at 115
mythril.laser.ethereum.instructions [DEBUG]: Evaluating PUSH20 at 86
mythril.laser.ethereum.instructions [DEBUG]: Evaluating JUMP at 115
mythril.laser.ethereum.instructions [DEBUG]: Evaluating AND at 87
mythril.laser.ethereum.instructions [DEBUG]: Evaluating JUMPDEST at 41
mythril.laser.ethereum.instructions [DEBUG]: Evaluating AND at 87
mythril.laser.ethereum.instructions [DEBUG]: Evaluating JUMPDEST at 41
mythril.laser.ethereum.instructions [DEBUG]: Evaluating SWAP1 at 88
mythril.laser.ethereum.instructions [DEBUG]: Evaluating PUSH1 at 42
mythril.laser.ethereum.instructions [DEBUG]: Evaluating SWAP1 at 88
mythril.laser.ethereum.instructions [DEBUG]: Evaluating PUSH1 at 42
mythril.laser.ethereum.instructions [DEBUG]: Evaluating PUSH1 at 89
mythril.laser.ethereum.instructions [DEBUG]: Evaluating MLOAD at 43
mythril.laser.ethereum.instructions [DEBUG]: Evaluating PUSH1 at 89
mythril.laser.ethereum.instructions [DEBUG]: Evaluating MLOAD at 43
mythril.analysis.module.base [DEBUG]: Entering analysis module: IntegerArithmetics
mythril.analysis.module.base [DEBUG]: Exiting analysis module: IntegerArithmetics
mythril.laser.ethereum.instructions [DEBUG]: Evaluating ADD at 90
mythril.laser.ethereum.instructions [DEBUG]: Evaluating DUP1 at 44
mythril.analysis.module.base [DEBUG]: Entering analysis module: IntegerArithmetics
mythril.analysis.module.base [DEBUG]: Exiting analysis module: IntegerArithmetics
mythril.laser.ethereum.instructions [DEBUG]: Evaluating ADD at 90
mythril.laser.ethereum.instructions [DEBUG]: Evaluating DUP1 at 44
mythril.laser.ethereum.instructions [DEBUG]: Evaluating SWAP1 at 91
mythril.laser.ethereum.instructions [DEBUG]: Evaluating DUP3 at 45
mythril.laser.ethereum.instructions [DEBUG]: Evaluating SWAP1 at 91
mythril.laser.ethereum.instructions [DEBUG]: Evaluating DUP3 at 45
mythril.laser.ethereum.instructions [DEBUG]: Evaluating SWAP3 at 92
mythril.laser.ethereum.instructions [DEBUG]: Evaluating PUSH20 at 46
mythril.laser.ethereum.instructions [DEBUG]: Evaluating SWAP3 at 92
mythril.laser.ethereum.instructions [DEBUG]: Evaluating PUSH20 at 46
mythril.laser.ethereum.instructions [DEBUG]: Evaluating SWAP2 at 93
mythril.laser.ethereum.instructions [DEBUG]: Evaluating AND at 47
mythril.laser.ethereum.instructions [DEBUG]: Evaluating SWAP2 at 93
mythril.laser.ethereum.instructions [DEBUG]: Evaluating AND at 47
mythril.laser.ethereum.instructions [DEBUG]: Evaluating SWAP1 at 94
mythril.laser.ethereum.instructions [DEBUG]: Evaluating PUSH20 at 48
mythril.laser.ethereum.instructions [DEBUG]: Evaluating SWAP1 at 94
mythril.laser.ethereum.instructions [DEBUG]: Evaluating PUSH20 at 48
mythril.laser.ethereum.instructions [DEBUG]: Evaluating POP at 95
mythril.laser.ethereum.instructions [DEBUG]: Evaluating AND at 49
mythril.laser.ethereum.instructions [DEBUG]: Evaluating POP at 95
mythril.laser.ethereum.instructions [DEBUG]: Evaluating AND at 49
mythril.laser.ethereum.instructions [DEBUG]: Evaluating POP at 96
mythril.laser.ethereum.instructions [DEBUG]: Evaluating DUP2 at 50
mythril.laser.ethereum.instructions [DEBUG]: Evaluating POP at 96
mythril.laser.ethereum.instructions [DEBUG]: Evaluating DUP2 at 50
mythril.laser.ethereum.instructions [DEBUG]: Evaluating POP at 97
mythril.laser.ethereum.instructions [DEBUG]: Evaluating MSTORE at 51
mythril.laser.ethereum.instructions [DEBUG]: Evaluating POP at 97
mythril.laser.ethereum.instructions [DEBUG]: Evaluating MSTORE at 51
mythril.laser.ethereum.instructions [DEBUG]: Evaluating PUSH2 at 98
mythril.laser.ethereum.instructions [DEBUG]: Evaluating PUSH1 at 52
mythril.laser.ethereum.instructions [DEBUG]: Evaluating PUSH2 at 98
mythril.laser.ethereum.instructions [DEBUG]: Evaluating PUSH1 at 52
mythril.laser.ethereum.instructions [DEBUG]: Evaluating JUMP at 99
mythril.analysis.module.base [DEBUG]: Entering analysis module: IntegerArithmetics
mythril.analysis.module.base [DEBUG]: Exiting analysis module: IntegerArithmetics
mythril.laser.ethereum.instructions [DEBUG]: Evaluating ADD at 53
mythril.laser.ethereum.instructions [DEBUG]: Evaluating JUMP at 99
mythril.analysis.module.base [DEBUG]: Entering analysis module: IntegerArithmetics
mythril.analysis.module.base [DEBUG]: Exiting analysis module: IntegerArithmetics
mythril.laser.ethereum.instructions [DEBUG]: Evaluating ADD at 53
mythril.laser.ethereum.instructions [DEBUG]: Evaluating JUMPDEST at 116
mythril.laser.ethereum.instructions [DEBUG]: Evaluating SWAP2 at 54
mythril.laser.ethereum.instructions [DEBUG]: Evaluating JUMPDEST at 116
mythril.laser.ethereum.instructions [DEBUG]: Evaluating SWAP2 at 54
mythril.laser.ethereum.instructions [DEBUG]: Evaluating PUSH1 at 117
mythril.laser.ethereum.instructions [DEBUG]: Evaluating POP at 55
mythril.laser.ethereum.instructions [DEBUG]: Evaluating PUSH1 at 117
mythril.laser.ethereum.instructions [DEBUG]: Evaluating POP at 55
mythril.laser.ethereum.instructions [DEBUG]: Evaluating DUP1 at 118
mythril.laser.ethereum.instructions [DEBUG]: Evaluating POP at 56
mythril.laser.ethereum.instructions [DEBUG]: Evaluating DUP1 at 118
mythril.laser.ethereum.instructions [DEBUG]: Evaluating POP at 56
mythril.laser.ethereum.instructions [DEBUG]: Evaluating SWAP1 at 119
mythril.laser.ethereum.instructions [DEBUG]: Evaluating PUSH1 at 57
mythril.laser.ethereum.instructions [DEBUG]: Evaluating SWAP1 at 119
mythril.laser.ethereum.instructions [DEBUG]: Evaluating PUSH1 at 57
mythril.laser.ethereum.instructions [DEBUG]: Evaluating SLOAD at 120
mythril.laser.ethereum.instructions [DEBUG]: Evaluating MLOAD at 58
mythril.laser.ethereum.instructions [DEBUG]: Evaluating SLOAD at 120
mythril.laser.ethereum.instructions [DEBUG]: Evaluating MLOAD at 58
mythril.laser.ethereum.instructions [DEBUG]: Evaluating SWAP1 at 121
mythril.laser.ethereum.instructions [DEBUG]: Evaluating DUP1 at 59
mythril.laser.ethereum.instructions [DEBUG]: Evaluating SWAP1 at 121
mythril.laser.ethereum.instructions [DEBUG]: Evaluating DUP1 at 59
mythril.laser.ethereum.instructions [DEBUG]: Evaluating PUSH2 at 122
mythril.laser.ethereum.instructions [DEBUG]: Evaluating SWAP2 at 60
mythril.laser.ethereum.instructions [DEBUG]: Evaluating PUSH2 at 122
mythril.laser.ethereum.instructions [DEBUG]: Evaluating SWAP2 at 60
mythril.analysis.module.base [DEBUG]: Entering analysis module: IntegerArithmetics
mythril.analysis.module.base [DEBUG]: Exiting analysis module: IntegerArithmetics
mythril.laser.ethereum.instructions [DEBUG]: Evaluating EXP at 123
mythril.analysis.module.base [DEBUG]: Entering analysis module: IntegerArithmetics
mythril.analysis.module.base [DEBUG]: Exiting analysis module: IntegerArithmetics
mythril.laser.ethereum.instructions [DEBUG]: Evaluating SUB at 61
mythril.analysis.module.base [DEBUG]: Entering analysis module: IntegerArithmetics
mythril.analysis.module.base [DEBUG]: Exiting analysis module: IntegerArithmetics
mythril.laser.ethereum.instructions [DEBUG]: Evaluating EXP at 123
mythril.analysis.module.base [DEBUG]: Entering analysis module: IntegerArithmetics
mythril.analysis.module.base [DEBUG]: Exiting analysis module: IntegerArithmetics
mythril.laser.ethereum.instructions [DEBUG]: Evaluating SUB at 61
mythril.laser.ethereum.instructions [DEBUG]: Evaluating SWAP1 at 124
mythril.laser.ethereum.instructions [DEBUG]: Evaluating SWAP1 at 62
mythril.laser.ethereum.instructions [DEBUG]: Evaluating SWAP1 at 124
mythril.laser.ethereum.instructions [DEBUG]: Evaluating SWAP1 at 62
mythril.laser.ethereum.instructions [DEBUG]: Evaluating DIV at 125
mythril.analysis.module.base [DEBUG]: Entering analysis module: IntegerArithmetics
mythril.analysis.module.base [DEBUG]: Exiting analysis module: IntegerArithmetics
mythril.analysis.module.base [DEBUG]: Entering analysis module: UncheckedRetval
mythril.analysis.module.base [DEBUG]: Exiting analysis module: UncheckedRetval
mythril.laser.ethereum.instructions [DEBUG]: Evaluating RETURN at 63
mythril.laser.ethereum.svm [DEBUG]: Ending transaction MessageCallTransaction 2 from sender_2 to                                        0x0.
mythril.laser.ethereum.instructions [DEBUG]: Evaluating DIV at 125
mythril.analysis.module.base [DEBUG]: Entering analysis module: IntegerArithmetics
mythril.analysis.module.base [DEBUG]: Exiting analysis module: IntegerArithmetics
mythril.analysis.module.base [DEBUG]: Entering analysis module: UncheckedRetval
mythril.analysis.module.base [DEBUG]: Exiting analysis module: UncheckedRetval
mythril.laser.ethereum.instructions [DEBUG]: Evaluating RETURN at 63
mythril.laser.ethereum.svm [DEBUG]: Ending transaction MessageCallTransaction 3 from sender_3 to                                        0x0.
mythril.laser.ethereum.instructions [DEBUG]: Evaluating PUSH20 at 126
mythril.laser.ethereum.instructions [DEBUG]: Evaluating PUSH20 at 126
mythril.laser.ethereum.instructions [DEBUG]: Evaluating AND at 127
mythril.laser.ethereum.instructions [DEBUG]: Evaluating AND at 127
mythril.laser.ethereum.instructions [DEBUG]: Evaluating PUSH20 at 128
mythril.laser.ethereum.instructions [DEBUG]: Evaluating PUSH20 at 128
mythril.laser.ethereum.instructions [DEBUG]: Evaluating AND at 129
mythril.laser.ethereum.instructions [DEBUG]: Evaluating AND at 129
mythril.laser.ethereum.instructions [DEBUG]: Evaluating ORIGIN at 130
mythril.analysis.module.base [DEBUG]: Entering analysis module: TxOrigin
mythril.analysis.module.base [DEBUG]: Exiting analysis module: TxOrigin
mythril.laser.ethereum.instructions [DEBUG]: Evaluating ORIGIN at 130
mythril.analysis.module.base [DEBUG]: Entering analysis module: TxOrigin
mythril.analysis.module.base [DEBUG]: Exiting analysis module: TxOrigin
mythril.laser.ethereum.instructions [DEBUG]: Evaluating PUSH20 at 131
mythril.laser.ethereum.instructions [DEBUG]: Evaluating PUSH20 at 131
mythril.laser.ethereum.instructions [DEBUG]: Evaluating AND at 132
mythril.laser.ethereum.instructions [DEBUG]: Evaluating AND at 132
mythril.laser.ethereum.instructions [DEBUG]: Evaluating EQ at 133
mythril.laser.ethereum.instructions [DEBUG]: Evaluating EQ at 133
mythril.laser.ethereum.instructions [DEBUG]: Evaluating ISZERO at 134
mythril.laser.ethereum.instructions [DEBUG]: Evaluating ISZERO at 134
mythril.laser.ethereum.instructions [DEBUG]: Evaluating ISZERO at 135
mythril.laser.ethereum.instructions [DEBUG]: Evaluating ISZERO at 135
mythril.laser.ethereum.instructions [DEBUG]: Evaluating PUSH2 at 136
mythril.laser.ethereum.instructions [DEBUG]: Evaluating PUSH2 at 136
mythril.analysis.module.base [DEBUG]: Entering analysis module: TxOrigin
mythril.analysis.module.base [DEBUG]: Exiting analysis module: TxOrigin
mythril.analysis.module.base [DEBUG]: Entering analysis module: IntegerArithmetics
mythril.analysis.module.base [DEBUG]: Exiting analysis module: IntegerArithmetics
mythril.laser.ethereum.instructions [DEBUG]: Evaluating JUMPI at 137
mythril.analysis.module.base [DEBUG]: Entering analysis module: TxOrigin
mythril.analysis.module.base [DEBUG]: Exiting analysis module: TxOrigin
mythril.analysis.module.base [DEBUG]: Entering analysis module: IntegerArithmetics
mythril.analysis.module.base [DEBUG]: Exiting analysis module: IntegerArithmetics
mythril.laser.ethereum.instructions [DEBUG]: Evaluating JUMPI at 137
mythril.laser.ethereum.instructions [DEBUG]: Evaluating PUSH1 at 138
mythril.laser.ethereum.instructions [DEBUG]: Evaluating PUSH1 at 138
mythril.laser.ethereum.instructions [DEBUG]: Evaluating DUP1 at 139
mythril.laser.ethereum.instructions [DEBUG]: Evaluating DUP1 at 139
mythril.laser.ethereum.instructions [DEBUG]: Evaluating REVERT at 140
mythril.laser.ethereum.svm [DEBUG]: Ending transaction MessageCallTransaction 2 from sender_2 to                                        0x0.
mythril.laser.ethereum.instructions [DEBUG]: Evaluating REVERT at 140
mythril.laser.ethereum.svm [DEBUG]: Ending transaction MessageCallTransaction 3 from sender_3 to                                        0x0.
mythril.laser.plugin.plugins.coverage.coverage_plugin [INFO]: Number of new instructions covered in tx 1: 0
mythril.laser.ethereum.svm [INFO]: Finished symbolic execution
mythril.laser.plugin.plugins.coverage.coverage_plugin [INFO]: Achieved 73.16% coverage for code: 60806040526004361061004c576000357c0100000000000000000000000000000000000000000000000000000000900463ffffffff1680638da5cb5b1461004e578063fa09e630146100a5575b005b34801561005a57600080fd5b506100636100e8565b604051808273ffffffffffffffffffffffffffffffffffffffff1673ffffffffffffffffffffffffffffffffffffffff16815260200191505060405180910390f35b3480156100b157600080fd5b506100e6600480360381019080803573ffffffffffffffffffffffffffffffffffffffff16906020019092919050505061010d565b005b6000809054906101000a900473ffffffffffffffffffffffffffffffffffffffff1681565b6000809054906101000a900473ffffffffffffffffffffffffffffffffffffffff1673ffffffffffffffffffffffffffffffffffffffff163273ffffffffffffffffffffffffffffffffffffffff1614151561016857600080fd5b8073ffffffffffffffffffffffffffffffffffffffff166108fc3073ffffffffffffffffffffffffffffffffffffffff16319081150290604051600060405180830381858888f193505050501580156101c5573d6000803e3d6000fd5b50505600
mythril.laser.plugin.plugins.instruction_profiler [INFO]: Total: 0.6512506008148193 s
[ADD         ]   1.0744 %,  nr      9,  total   0.0070 s,  avg   0.0008 s,  min   0.0006 s,  max   0.0011 s
[AND         ]   2.4267 %,  nr     24,  total   0.0158 s,  avg   0.0007 s,  min   0.0006 s,  max   0.0009 s
[CALLDATALOAD]  14.8583 %,  nr      6,  total   0.0968 s,  avg   0.0161 s,  min   0.0152 s,  max   0.0178 s
[CALLDATASIZE]   0.5428 %,  nr      6,  total   0.0035 s,  avg   0.0006 s,  min   0.0005 s,  max   0.0006 s
[CALLVALUE   ]   0.6974 %,  nr      6,  total   0.0045 s,  avg   0.0008 s,  min   0.0006 s,  max   0.0012 s
[DIV         ]   1.3239 %,  nr      9,  total   0.0086 s,  avg   0.0010 s,  min   0.0008 s,  max   0.0012 s
[DUP1        ]   4.3496 %,  nr     42,  total   0.0283 s,  avg   0.0007 s,  min   0.0005 s,  max   0.0028 s
[DUP2        ]   0.8923 %,  nr      9,  total   0.0058 s,  avg   0.0006 s,  min   0.0005 s,  max   0.0008 s
[DUP3        ]   0.2867 %,  nr      3,  total   0.0019 s,  avg   0.0006 s,  min   0.0006 s,  max   0.0007 s
[EQ          ]   0.8966 %,  nr      9,  total   0.0058 s,  avg   0.0006 s,  min   0.0006 s,  max   0.0007 s
[EXP         ]   0.6744 %,  nr      6,  total   0.0044 s,  avg   0.0007 s,  min   0.0007 s,  max   0.0008 s
[ISZERO      ]   1.5853 %,  nr     12,  total   0.0103 s,  avg   0.0009 s,  min   0.0007 s,  max   0.0010 s
[JUMP        ]   1.9985 %,  nr      9,  total   0.0130 s,  avg   0.0014 s,  min   0.0011 s,  max   0.0020 s
[JUMPDEST    ]   2.4419 %,  nr     25,  total   0.0159 s,  avg   0.0006 s,  min   0.0005 s,  max   0.0011 s
[JUMPI       ]   6.6695 %,  nr     18,  total   0.0434 s,  avg   0.0024 s,  min   0.0019 s,  max   0.0048 s
[LT          ]   0.3201 %,  nr      3,  total   0.0021 s,  avg   0.0007 s,  min   0.0007 s,  max   0.0007 s
[MLOAD       ]  17.3345 %,  nr      6,  total   0.1129 s,  avg   0.0188 s,  min   0.0182 s,  max   0.0194 s
[MSTORE      ]  20.7100 %,  nr      6,  total   0.1349 s,  avg   0.0225 s,  min   0.0217 s,  max   0.0238 s
[ORIGIN      ]   0.2669 %,  nr      3,  total   0.0017 s,  avg   0.0006 s,  min   0.0006 s,  max   0.0006 s
[POP         ]   1.9047 %,  nr     21,  total   0.0124 s,  avg   0.0006 s,  min   0.0005 s,  max   0.0008 s
[PUSH1       ]   5.5881 %,  nr     42,  total   0.0364 s,  avg   0.0009 s,  min   0.0006 s,  max   0.0036 s
[PUSH2       ]   3.8218 %,  nr     36,  total   0.0249 s,  avg   0.0007 s,  min   0.0006 s,  max   0.0012 s
[PUSH20      ]   2.1615 %,  nr     21,  total   0.0141 s,  avg   0.0007 s,  min   0.0006 s,  max   0.0009 s
[PUSH29      ]   0.4609 %,  nr      3,  total   0.0030 s,  avg   0.0010 s,  min   0.0007 s,  max   0.0012 s
[PUSH4       ]   0.8653 %,  nr      9,  total   0.0056 s,  avg   0.0006 s,  min   0.0006 s,  max   0.0007 s
[SLOAD       ]   0.7530 %,  nr      6,  total   0.0049 s,  avg   0.0008 s,  min   0.0007 s,  max   0.0010 s
[SUB         ]   0.6187 %,  nr      6,  total   0.0040 s,  avg   0.0007 s,  min   0.0006 s,  max   0.0008 s
[SWAP1       ]   3.3533 %,  nr     36,  total   0.0218 s,  avg   0.0006 s,  min   0.0005 s,  max   0.0009 s
[SWAP2       ]   0.8514 %,  nr      9,  total   0.0055 s,  avg   0.0006 s,  min   0.0005 s,  max   0.0008 s
[SWAP3       ]   0.2715 %,  nr      3,  total   0.0018 s,  avg   0.0006 s,  min   0.0006 s,  max   0.0006 s

mythril.analysis.security [INFO]: Starting analysis
mythril.analysis.security [DEBUG]: Retrieving results for Caller can write to arbitrary storage locations
mythril.analysis.security [DEBUG]: Retrieving results for Delegatecall to a user-specified address
mythril.analysis.security [DEBUG]: Retrieving results for Control flow depends on tx.origin
mythril.analysis.security [DEBUG]: Retrieving results for Any sender can withdraw ETH from the contract account
mythril.analysis.security [DEBUG]: Retrieving results for Integer overflow or underflow
mythril.analysis.security [DEBUG]: Retrieving results for State change after an external call
mythril.analysis.security [DEBUG]: Retrieving results for Contract can be accidentally killed by anyone
mythril.analysis.security [DEBUG]: Retrieving results for Return value of an external call is not checked
mythril.mythril.mythril_analyzer [INFO]: Solver statistics: 
Query count: 46 
Solver time: 2.601367473602295
{"error": null, "issues": [{"address": 355, "contract": "MAIN", "description": "Use of tx.origin as a part of authorization control.\nThe tx.origin environment variable has been found to influence a control flow decision. Note that using tx.origin as a security control might cause a situation where a user inadvertently authorizes a smart contract to perform an action on their behalf. It is recommended to use msg.sender instead.", "function": "withdrawAll(address)", "max_gas_used": 1498, "min_gas_used": 1073, "severity": "Low", "sourceMap": 355, "swc-id": "115", "title": "Dependence on tx.origin", "tx_sequence": {"initialState": {"accounts": {"0x0": {"balance": "0x0", "code": "60806040526004361061004c576000357c0100000000000000000000000000000000000000000000000000000000900463ffffffff1680638da5cb5b1461004e578063fa09e630146100a5575b005b34801561005a57600080fd5b506100636100e8565b604051808273ffffffffffffffffffffffffffffffffffffffff1673ffffffffffffffffffffffffffffffffffffffff16815260200191505060405180910390f35b3480156100b157600080fd5b506100e6600480360381019080803573ffffffffffffffffffffffffffffffffffffffff16906020019092919050505061010d565b005b6000809054906101000a900473ffffffffffffffffffffffffffffffffffffffff1681565b6000809054906101000a900473ffffffffffffffffffffffffffffffffffffffff1673ffffffffffffffffffffffffffffffffffffffff163273ffffffffffffffffffffffffffffffffffffffff1614151561016857600080fd5b8073ffffffffffffffffffffffffffffffffffffffff166108fc3073ffffffffffffffffffffffffffffffffffffffff16319081150290604051600060405180830381858888f193505050501580156101c5573d6000803e3d6000fd5b50505600", "nonce": 0, "storage": "{}"}, "0xdeadbeefdeadbeefdeadbeefdeadbeefdeadbeef": {"balance": "0x0", "code": "", "nonce": 0, "storage": "{}"}}}, "steps": [{"address": "0x0", "calldata": "0xfa09e630", "input": "0xfa09e630", "name": "withdrawAll(address)", "origin": "0xaffeaffeaffeaffeaffeaffeaffeaffeaffeaffe", "value": "0x0"}]}}], "success": true}
