 ______     __         __  __     ______     __     __  __     __    __    
/\  ___\   /\ \       /\ \_\ \   /\  ___\   /\ \   /\ \/\ \   /\ "-./  \   
\ \  __\   \ \ \____  \ \____ \  \ \___  \  \ \ \  \ \ \_\ \  \ \ \-./\ \  
 \ \_____\  \ \_____\  \/\_____\  \/\_____\  \ \_\  \ \_____\  \ \_\ \ \_\ 
  \/_____/   \/_____/   \/_____/   \/_____/   \/_/   \/_____/   \/_/  \/_/ 
                                                                           
Compiling source code...
Retrieving bytecode for contract 'W_WALLET'.
Please wait. Scanning bytecode for bugs...
Running Osiris...
Finished running Osiris. Execution time 1.771488904953003 seconds. Code coverage 99.8%.
Running Oyente...
Finished running Oyente. Execution time 2.335451364517212 seconds. Code coverage 60.6%.
Running Mythril...
Finished running Mythril. Execution time 122.99543571472168 seconds. Code coverage 99.77%.
Detected 1 bug(s):
--> Detected 'underflow' (SUB) bug at program counter address 576 (0x240) using Osiris with a code coverage of 99.8%.
Exporting original control-flow graph...
Recovering control-flow graph...
Recovered 100% of the control-flow graph
Number of execution paths accessing storage: 11
Deployment bytecode size: 92 bytes (original: 92 bytes) 0.0% increase.
Runtime bytecode size: 798 bytes (original: 785 bytes) 1.6560509554140128% increase.
Metadata: 0xa165627a7a72305820524ca7acc610b14414ee969f6b7fe530561a602a99aec4e514338de8ada3b6210029
Exporting patched control-flow graph...
