Getting Slither report...
Switched global version to 0.4.26



'solc --version' running
'solc ../smartbugs-curated/dataset/short_addresses/short_address_example.sol --combined-json abi,ast,bin,bin-runtime,srcmap,srcmap-runtime,userdoc,devdoc,hashes,compact-format --allow-paths .,/home/mokita/sc_study/temp/smartbugs-curated/dataset/short_addresses' running
Compilation warnings/errors on ../smartbugs-curated/dataset/short_addresses/short_address_example.sol:
../smartbugs-curated/dataset/short_addresses/short_address_example.sol:13:6: Warning: Defining constructors as functions with the same name as the contract is deprecated. Use "constructor(...) { ... }" instead.
     function MyToken() {
     ^ (Relevant source part starts here and spans across multiple lines).
../smartbugs-curated/dataset/short_addresses/short_address_example.sol:8:2: Warning: Source file does not specify required compiler version!Consider adding "pragma solidity ^0.4.26;"
 contract MyToken {
 ^ (Relevant source part starts here and spans across multiple lines).
../smartbugs-curated/dataset/short_addresses/short_address_example.sol:21:10: Warning: Invoking events without "emit" prefix is deprecated.
         Transfer(msg.sender, to, amount);
         ^------------------------------^
../smartbugs-curated/dataset/short_addresses/short_address_example.sol:13:6: Warning: No visibility specified. Defaulting to "public". 
     function MyToken() {
     ^ (Relevant source part starts here and spans across multiple lines).
../smartbugs-curated/dataset/short_addresses/short_address_example.sol:17:6: Warning: No visibility specified. Defaulting to "public". 
     function sendCoin(address to, uint amount) returns(bool sufficient) {
     ^ (Relevant source part starts here and spans across multiple lines).
../smartbugs-curated/dataset/short_addresses/short_address_example.sol:25:6: Warning: No visibility specified. Defaulting to "public". 
     function getBalance(address addr) constant returns(uint) {
     ^ (Relevant source part starts here and spans across multiple lines).


solc-0.4.26 is an outdated solc version. Use a more recent version (at least 0.8.0), if possible.
Reference: https://github.com/crytic/slither/wiki/Detector-Documentation#incorrect-versions-of-solidity
../smartbugs-curated/dataset/short_addresses/short_address_example.sol analyzed (1 contracts with 95 detectors), 1 result(s) found

Error running slither
short_address_example.sol
Getting Solidity AST...
Running TIPS...
short_address_example.sol
0.0015239715576171875


