[INFO] compiled with solc ver. 0.4.25
[INFO] all funcs : 590
[INFO] reachable : 150

[INFO] Violate CEI: true
[INFO] msg.sender = this possible: true
[STEP] Run analyzer
[STEP] Collect fix targets
    (IO, (ClockAuctionBase/_bid/[uint256_uint256]), 1285, (price - auctioneerCut)),
    (IO, (ClockAuctionBase/_computeCurrentPrice/[uint256_uint256_uint256_uint256]), 1381, (int256(_endingPrice) - int256(_startingPrice))),
    (IO, (ClockAuctionBase/_computeCurrentPrice/[uint256_uint256_uint256_uint256]), 1386, (totalPriceChange * int256(_secondsPassed))),
    (IO, (ClockAuctionBase/_computeCurrentPrice/[uint256_uint256_uint256_uint256]), 1390, (int256(_startingPrice) + currentPriceChange)),
    (IO, (ClockAuctionBase/_computeCut/[uint256]), 1404, (_price * ownerCut)),
    (IO, (PandaAuction/bidOnSiringAuction/[uint256_uint256]), 2181, (currentPrice + autoBirthFee)),
    (IO, (PandaBase/_createPanda/[uint256_uint256_uint256_uint256[2]_address]), 447, ((cooldownIndex / 10) + 1)),
    (IO, (PandaBase/_createPanda/[uint256_uint256_uint256_uint256[2]_address]), 449, (cooldownIndex - 1)),
    (IO, (PandaBase/_transfer/[address_address_uint256]), 392, (ownershipTokenCount[_to] + 1)),
    (IO, (PandaBase/_transfer/[address_address_uint256]), 397, (ownershipTokenCount[_from] - 1)),
    (IO, (PandaBreeding/_breedWith/[uint256_uint256_address]), 1020, (pregnantPandas + 1)),
    (IO, (PandaBreeding/_isValidMatingPair/[struct PandaBase.Panda_uint256_struct PandaBase.Panda_uint256]), 953, (geneScience.getSex(_matron.genes) + geneScience.getSex(_sire.genes))),
    (IO, (PandaBreeding/_triggerCooldown/[struct PandaBase.Panda]), 852, ((cooldowns[_kitten.cooldownIndex] / secondsPerBlock) + block.number)),
    (IO, (PandaBreeding/giveBirth/[uint256_uint256[2]_uint256[2]]), 1122, (((geneScience.getPureFromGene(matron.genes) + geneScience.getPureFromGene(sire.genes)) / 2) + _factors[0])),
    (IO, (PandaBreeding/giveBirth/[uint256_uint256[2]_uint256[2]]), 1122, (geneScience.getPureFromGene(matron.genes) + geneScience.getPureFromGene(sire.genes))),
    (IO, (PandaBreeding/giveBirth/[uint256_uint256[2]_uint256[2]]), 1123, ((parentGen + 1) * _factors[1])),
    (IO, (PandaBreeding/giveBirth/[uint256_uint256[2]_uint256[2]]), 1123, (parentGen + 1)),
    (IO, (PandaBreeding/giveBirth/[uint256_uint256[2]_uint256[2]]), 1124, ((parentGen + 1) * _factors[1])),
    (IO, (PandaBreeding/giveBirth/[uint256_uint256[2]_uint256[2]]), 1124, (parentGen + 1)),
    (IO, (PandaBreeding/giveBirth/[uint256_uint256[2]_uint256[2]]), 1131, (block.number - 2)),
    (IO, (PandaBreeding/giveBirth/[uint256_uint256[2]_uint256[2]]), 1134, (parentGen + 1)),
    (IO, (PandaBreeding/giveBirth/[uint256_uint256[2]_uint256[2]]), 1148, (pregnantPandas - 1)),
    (IO, (PandaCore/withdrawBalance/[]), 2463, ((pregnantPandas + 1) * autoBirthFee)),
    (IO, (PandaCore/withdrawBalance/[]), 2463, (pregnantPandas + 1)),
    (IO, (PandaMinting/_computeNextGen0Price/[]), 2300, (avePrice + (avePrice / 2))),
    (IO, (PandaOwnership/tokensOfOwner/[address]), 733, (catId + 1)),
    (IO, (PandaOwnership/totalSupply/[]), 697, (pandas.length - 1)),
    (IO, (SaleClockAuction/averageGen0SalePrice/[]), 1831, (sum + lastGen0SalePrices[i])),
    (IO, (SaleClockAuction/bid/[uint256]), 1789, (gen0SaleCount + 1)),
    (ETH_LEAK, (ClockAuction/withdrawBalance/[]), 1496, res = nftAddress.send(this.balance);),
    (ETH_LEAK, (ClockAuctionBase/_bid/[uint256_uint256]), 1295, seller.transfer(sellerProceeds);),
    (ETH_LEAK, (ClockAuctionBase/_bid/[uint256_uint256]), 1307, msg.sender.transfer(bidExcess);),
    (ETH_LEAK, (PandaBreeding/giveBirth/[uint256_uint256[2]_uint256[2]]), 1152, msg.sender.send(autoBirthFee);),
    (ETH_LEAK, (PandaCore/withdrawBalance/[]), 2467, cfoAddress.send((balance - subtractFees));),
    (RE_EL, (ClockAuction/withdrawBalance/[]), 1496, res = nftAddress.send(this.balance);),
    (RE_EL, (ClockAuctionBase/_bid/[uint256_uint256]), 1295, seller.transfer(sellerProceeds);),
    (RE_EL, (ClockAuctionBase/_bid/[uint256_uint256]), 1307, msg.sender.transfer(bidExcess);),
    (RE_EL, (PandaBreeding/giveBirth/[uint256_uint256[2]_uint256[2]]), 1152, msg.sender.send(autoBirthFee);),
    (RE_EL, (PandaCore/withdrawBalance/[]), 2467, cfoAddress.send((balance - subtractFees));)

[INFO] # of basic patch components : 56
[INFO] extracted components
[
InsertLine (392, assume(((ownershipTokenCount[_to] + 1) >= ownershipTokenCount[_to]));),
InsertLine (397, assume((ownershipTokenCount[_from] >= 1));),
InsertLine (447, assume((((cooldownIndex / 10) + 1) >= (cooldownIndex / 10)));),
InsertLine (449, assume((cooldownIndex >= 1));),
InsertLine (697, assume((pandas.length >= 1));),
InsertLine (733, assume(((catId + 1) >= catId));),
InsertLine (852, assume((((cooldowns[_kitten.cooldownIndex] / secondsPerBlock) + block.number) >= (cooldowns[_kitten.cooldownIndex] / secondsPerBlock)));),
InsertLine (953, assume(((geneScience.getSex(_matron.genes) + geneScience.getSex(_sire.genes)) >= geneScience.getSex(_matron.genes)));),
InsertLine (1020, assume(((pregnantPandas + 1) >= pregnantPandas));),
InsertLine (1122, assume(((((geneScience.getPureFromGene(matron.genes) + geneScience.getPureFromGene(sire.genes)) / 2) + _factors[0]) >= ((geneScience.getPureFromGene(matron.genes) + geneScience.getPureFromGene(sire.genes)) / 2)));),
InsertLine (1122, assume(((geneScience.getPureFromGene(matron.genes) + geneScience.getPureFromGene(sire.genes)) >= geneScience.getPureFromGene(matron.genes)));),
InsertLine (1123, assume((((parentGen + 1) == 0) || ((((parentGen + 1) * _factors[1]) / (parentGen + 1)) == _factors[1])));),
InsertLine (1123, assume(((parentGen + 1) >= parentGen));),
InsertLine (1124, assume((((parentGen + 1) == 0) || ((((parentGen + 1) * _factors[1]) / (parentGen + 1)) == _factors[1])));),
InsertLine (1124, assume(((parentGen + 1) >= parentGen));),
InsertLine (1131, assume((block.number >= 2));),
InsertLine (1134, assume(((parentGen + 1) >= parentGen));),
InsertLine (1148, assume((pregnantPandas >= 1));),
InsertLine (1285, assume((price >= auctioneerCut));),
InsertLine (1381, assume((int256(_endingPrice) >= int256(_startingPrice)));),
InsertLine (1386, assume(((totalPriceChange == 0) || (((totalPriceChange * int256(_secondsPassed)) / totalPriceChange) == int256(_secondsPassed))));),
InsertLine (1390, assume(((int256(_startingPrice) + currentPriceChange) >= int256(_startingPrice)));),
InsertLine (1404, assume(((_price == 0) || (((_price * ownerCut) / _price) == ownerCut)));),
InsertLine (1789, assume(((gen0SaleCount + 1) >= gen0SaleCount));),
InsertLine (1831, assume(((sum + lastGen0SalePrices[i]) >= sum));),
InsertLine (2181, assume(((currentPrice + autoBirthFee) >= currentPrice));),
InsertLine (2300, assume(((avePrice + (avePrice / 2)) >= avePrice));),
InsertLine (2463, assume((((pregnantPandas + 1) == 0) || ((((pregnantPandas + 1) * autoBirthFee) / (pregnantPandas + 1)) == autoBirthFee)));),
InsertLine (2463, assume(((pregnantPandas + 1) >= pregnantPandas));),
Replace (468, (_generation <= 1), (_generation >= 1)),
Replace (2181, (msg.value >= (currentPrice + autoBirthFee)), (msg.value <= (currentPrice + autoBirthFee))),
Add onlyCEO to (PandaCore, approve, [address, uint256]) (line 651),
Add onlyCFO to (PandaCore, approve, [address, uint256]) (line 651),
Add onlyCLevel to (PandaCore, approve, [address, uint256]) (line 651),
Add onlyCOO to (PandaCore, approve, [address, uint256]) (line 651),
Add onlyCEO to (PandaCore, approveSiring, [address, uint256]) (line 867),
Add onlyCFO to (PandaCore, approveSiring, [address, uint256]) (line 867),
Add onlyCLevel to (PandaCore, approveSiring, [address, uint256]) (line 867),
Add onlyCOO to (PandaCore, approveSiring, [address, uint256]) (line 867),
Add onlyCFO to (PandaCore, setCEO, [address]) (line 168),
Add onlyCLevel to (PandaCore, setCEO, [address]) (line 168),
Add onlyCOO to (PandaCore, setCEO, [address]) (line 168),
Add onlyCFO to (PandaCore, setCFO, [address]) (line 176),
Add onlyCLevel to (PandaCore, setCFO, [address]) (line 176),
Add onlyCOO to (PandaCore, setCFO, [address]) (line 176),
Add onlyCFO to (PandaCore, setCOO, [address]) (line 184),
Add onlyCLevel to (PandaCore, setCOO, [address]) (line 184),
Add onlyCOO to (PandaCore, setCOO, [address]) (line 184),
Add onlyCFO to (PandaCore, setNewAddress, [address]) (line 2395),
Add onlyCLevel to (PandaCore, setNewAddress, [address]) (line 2395),
Add onlyCOO to (PandaCore, setNewAddress, [address]) (line 2395),
Add onlyCEO to (PandaCore, withdrawBalance, []) (line 2460),
Add onlyCLevel to (PandaCore, withdrawBalance, []) (line 2460),
Add onlyCOO to (PandaCore, withdrawBalance, []) (line 2460),
AtomLst [
Add @nonReentrant to (PandaCore, init, []) (line 2379)
Add @nonReentrant to (PandaCore, createWizzPanda, [uint256[2], uint256, address]) (line 2228)
Add @nonReentrant to (PandaCore, createPanda, [uint256[2], uint256, uint256]) (line 2240)
Add @nonReentrant to (PandaCore, createGen0Auction, [uint256]) (line 2277)
Add @nonReentrant to (PandaCore, switchSaleAuctionERC20For, [address, uint256]) (line 2128)
Add @nonReentrant to (PandaCore, withdrawAuctionBalances, []) (line 2191)
Add @nonReentrant to (PandaCore, withdrawERC20Balance, [address, address]) (line 2197)
Add @nonReentrant to (PandaCore, giveBirth, [uint256, uint256[2], uint256[2]]) (line 1091)
Add @nonReentrant to (PandaCore, @fallback, []) (line 2405)
Add @nonReentrant to (PandaCore, createSaleAuction, [uint256, uint256, uint256, uint256]) (line 2071)
Add @nonReentrant to (PandaCore, createSaleAuctionERC20, [uint256, address, uint256, uint256, uint256]) (line 2103)
Add @nonReentrant to (PandaCore, createSiringAuction, [uint256, uint256, uint256, uint256]) (line 2141)
Add @nonReentrant to (PandaCore, bidOnSiringAuction, [uint256, uint256]) (line 2169)
Add @nonReentrant to (PandaCore, approveSiring, [address, uint256]) (line 867)
Add @nonReentrant to (PandaCore, breedWithAuto, [uint256, uint256]) (line 1033)
Add @nonReentrant to (PandaCore, approve, [address, uint256]) (line 651)
Add @nonReentrant to (PandaCore, transferFrom, [address, address, uint256]) (line 676)
],
AtomLst [
Add @nonReentrant to (PandaCore, switchSaleAuctionERC20For, [address, uint256]) (line 2128)
Add @nonReentrant to (PandaCore, init, []) (line 2379)
Add @nonReentrant to (PandaCore, setNewAddress, [address]) (line 2395)
Add @nonReentrant to (PandaCore, @fallback, []) (line 2405)
Add @nonReentrant to (PandaCore, unpause, []) (line 2449)
Add @nonReentrant to (PandaCore, withdrawBalance, []) (line 2460)
Add @nonReentrant to (PandaCore, createWizzPanda, [uint256[2], uint256, address]) (line 2228)
Add @nonReentrant to (PandaCore, createPanda, [uint256[2], uint256, uint256]) (line 2240)
Add @nonReentrant to (PandaCore, createGen0Auction, [uint256]) (line 2277)
Add @nonReentrant to (PandaCore, setSaleAuctionAddress, [address]) (line 2032)
Add @nonReentrant to (PandaCore, setSaleAuctionERC20Address, [address]) (line 2042)
Add @nonReentrant to (PandaCore, setSiringAuctionAddress, [address]) (line 2054)
Add @nonReentrant to (PandaCore, createSaleAuction, [uint256, uint256, uint256, uint256]) (line 2071)
Add @nonReentrant to (PandaCore, createSaleAuctionERC20, [uint256, address, uint256, uint256, uint256]) (line 2103)
Add @nonReentrant to (PandaCore, createSiringAuction, [uint256, uint256, uint256, uint256]) (line 2141)
Add @nonReentrant to (PandaCore, bidOnSiringAuction, [uint256, uint256]) (line 2169)
Add @nonReentrant to (PandaCore, withdrawAuctionBalances, []) (line 2191)
Add @nonReentrant to (PandaCore, withdrawERC20Balance, [address, address]) (line 2197)
Add @nonReentrant to (PandaCore, setGeneScienceAddress, [address]) (line 815)
Add @nonReentrant to (PandaCore, approveSiring, [address, uint256]) (line 867)
Add @nonReentrant to (PandaCore, setAutoBirthFee, [uint256]) (line 877)
Add @nonReentrant to (PandaCore, breedWithAuto, [uint256, uint256]) (line 1033)
Add @nonReentrant to (PandaCore, giveBirth, [uint256, uint256[2], uint256[2]]) (line 1091)
Add @nonReentrant to (PandaCore, transfer, [address, uint256]) (line 619)
Add @nonReentrant to (PandaCore, approve, [address, uint256]) (line 651)
Add @nonReentrant to (PandaCore, transferFrom, [address, address, uint256]) (line 676)
Add @nonReentrant to (PandaCore, setTotalWizzPandaOf, [uint256, uint256]) (line 378)
Add @nonReentrant to (PandaCore, setSecondsPerBlock, [uint256]) (line 507)
Add @nonReentrant to (PandaCore, setCEO, [address]) (line 168)
Add @nonReentrant to (PandaCore, setCFO, [address]) (line 176)
Add @nonReentrant to (PandaCore, setCOO, [address]) (line 184)
Add @nonReentrant to (PandaCore, pause, []) (line 206)
]
]
