smartbugs/dataset/unchecked_low_level_calls/0x9d06cbafa865037a01d322d3f4222fa3e04e5488.sol:83:13: Warning: "throw" is deprecated in favour of "revert()", "require()" and "assert()".
            throw;
            ^---^
smartbugs/dataset/unchecked_low_level_calls/0x9d06cbafa865037a01d322d3f4222fa3e04e5488.sol:21:1: Warning: Source file does not specify required compiler version!Consider adding "pragma solidity ^0.4.24;"
contract Delta {     
^ (Relevant source part starts here and spans across multiple lines).
smartbugs/dataset/unchecked_low_level_calls/0x9d06cbafa865037a01d322d3f4222fa3e04e5488.sol:43:9: Warning: This declaration shadows an existing declaration.
        uint tokens_buy = msg.value*10**18/token_price;
        ^-------------^
smartbugs/dataset/unchecked_low_level_calls/0x9d06cbafa865037a01d322d3f4222fa3e04e5488.sol:38:5: The shadowed declaration is here:
    function tokens_buy() payable returns (bool) {         
    ^ (Relevant source part starts here and spans across multiple lines).

smartbugs/dataset/unchecked_low_level_calls/0x9d06cbafa865037a01d322d3f4222fa3e04e5488.sol:24:25: Warning: This looks like an address but has an invalid checksum. If this is not used as an address, please prepend '00'. Correct checksummed address: '0x788C45Dd60aE4dBE5055b5Ac02384D5dc84677b0'. For more information please see https://solidity.readthedocs.io/en/develop/types.html#address-literals
	address public owner = 0x788c45dd60ae4dbe5055b5ac02384d5dc84677b0;	
	                       ^----------------------------------------^
smartbugs/dataset/unchecked_low_level_calls/0x9d06cbafa865037a01d322d3f4222fa3e04e5488.sol:47:27: Warning: "sha3" has been deprecated in favour of "keccak256"
        if(!c.call(bytes4(sha3("transferFrom(address,address,uint256)")),owner, msg.sender,tokens_buy)){
                          ^-------------------------------------------^
smartbugs/dataset/unchecked_low_level_calls/0x9d06cbafa865037a01d322d3f4222fa3e04e5488.sol:53:9: Warning: Failure condition of 'send' ignored. Consider using 'transfer' instead.
        owner2.send(sum2);
        ^---------------^
smartbugs/dataset/unchecked_low_level_calls/0x9d06cbafa865037a01d322d3f4222fa3e04e5488.sol:61:21: Warning: Using contract member "balance" inherited from the address type is deprecated. Convert the contract to "address" type to access the member, for example use "address(contract).balance" instead.
          balance = this.balance;
                    ^----------^
smartbugs/dataset/unchecked_low_level_calls/0x9d06cbafa865037a01d322d3f4222fa3e04e5488.sol:64:11: Warning: Failure condition of 'send' ignored. Consider using 'transfer' instead.
          owner.send(balance);
          ^-----------------^
smartbugs/dataset/unchecked_low_level_calls/0x9d06cbafa865037a01d322d3f4222fa3e04e5488.sol:31:2: Warning: No visibility specified. Defaulting to "public". 
	function() payable {        
 ^ (Relevant source part starts here and spans across multiple lines).
smartbugs/dataset/unchecked_low_level_calls/0x9d06cbafa865037a01d322d3f4222fa3e04e5488.sol:38:5: Warning: No visibility specified. Defaulting to "public". 
    function tokens_buy() payable returns (bool) {         
    ^ (Relevant source part starts here and spans across multiple lines).
smartbugs/dataset/unchecked_low_level_calls/0x9d06cbafa865037a01d322d3f4222fa3e04e5488.sol:59:7: Warning: No visibility specified. Defaulting to "public". 
      function withdraw(uint256 _amount) onlyOwner returns (bool result) {
      ^ (Relevant source part starts here and spans across multiple lines).
smartbugs/dataset/unchecked_low_level_calls/0x9d06cbafa865037a01d322d3f4222fa3e04e5488.sol:69:7: Warning: No visibility specified. Defaulting to "public". 
      function change_token_price(uint256 _token_price) onlyOwner returns (bool result) {
      ^ (Relevant source part starts here and spans across multiple lines).
smartbugs/dataset/unchecked_low_level_calls/0x9d06cbafa865037a01d322d3f4222fa3e04e5488.sol:75:7: Warning: No visibility specified. Defaulting to "public". 
      function change_active(uint256 _active) onlyOwner returns (bool result) {
      ^ (Relevant source part starts here and spans across multiple lines).
