 ______     __         __  __     ______     __     __  __     __    __    
/\  ___\   /\ \       /\ \_\ \   /\  ___\   /\ \   /\ \/\ \   /\ "-./  \   
\ \  __\   \ \ \____  \ \____ \  \ \___  \  \ \ \  \ \ \_\ \  \ \ \-./\ \  
 \ \_____\  \ \_____\  \/\_____\  \/\_____\  \ \_\  \ \_____\  \ \_\ \ \_\ 
  \/_____/   \/_____/   \/_____/   \/_____/   \/_/   \/_____/   \/_/  \/_/ 
                                                                           
Compiling source code...
Retrieving bytecode for contract 'SimpleDAO'.
Please wait. Scanning bytecode for bugs...
Running Osiris...
Finished running Osiris. Execution time 1.430819034576416 seconds. Code coverage 93.7%.
Running Oyente...
Finished running Oyente. Execution time 1.9839801788330078 seconds. Code coverage 93.7%.
Running Mythril...
Finished running Mythril. Execution time 16.699276447296143 seconds. Code coverage 93.68%.
Detected 5 bug(s):
--> Detected 'overflow' (ADD) bug at program counter address 265 (0x109) using Osiris with a code coverage of 93.7%.
--> Detected 'reentrancy' bug at program counter address 334 (0x14e) using Oyente with a code coverage of 93.7%.
--> Detected 'leaking ether' bug at program counter address 334 (0x14e) using Mythril with a code coverage of 93.68%.
--> Detected 'unhandled exception' bug at program counter address 334 (0x14e) using Mythril with a code coverage of 93.68%.
--> Detected 'underflow' (SUB) bug at program counter address 363 (0x16b) using Osiris with a code coverage of 93.7%.
Exporting original control-flow graph...
Recovering control-flow graph...
Recovered 93% of the control-flow graph
Number of execution paths accessing storage: 5
Deployment bytecode size: 35 bytes (original: 31 bytes) 12.903225806451614% increase.
Runtime bytecode size: 586 bytes (original: 426 bytes) 37.55868544600939% increase.
Metadata: 0xa165627a7a723058202c5ffa5cf99fad9ab0c5ca080e2cb5fc3153f9fd3c5344d8be296c0c6dbd8da40029
Exporting patched control-flow graph...
