[INFO] compiled with solc ver. 0.4.25
[INFO] all funcs : 7
[INFO] reachable : 6

[INFO] Violate CEI: true
[INFO] msg.sender = this possible: false
[STEP] Run analyzer
[STEP] Collect fix targets
    (IO, (W_WALLET/Collect/[uint256]), 31, (acc.balance - _am)),
    (IO, (W_WALLET/Put/[uint256]), 16, (acc.balance + msg.value)),
    (ETH_LEAK, (W_WALLET/Collect/[uint256]), 29, msg.sender.call.value(_am)()),
    (RE_EL, (W_WALLET/Collect/[uint256]), 29, msg.sender.call.value(_am)())

[INFO] # of basic patch components : 6
[INFO] extracted components
[
InsertLine (16, assume(((acc.balance + msg.value) >= acc.balance));),
InsertLine (31, assume((acc.balance >= _am));),
Replace (26, (acc.balance >= _am), (acc.balance < _am)),
AtomLst [
Move ([31] -> 29)
ElseRevert (line 33)
],
AtomLst [
Add @nonReentrant to (W_WALLET, Put, [uint256]) (line 11)
Add @nonReentrant to (W_WALLET, Collect, [uint256]) (line 21)
],
AtomLst [
Add @nonReentrant to (W_WALLET, Put, [uint256]) (line 11)
Add @nonReentrant to (W_WALLET, Collect, [uint256]) (line 21)
Add @nonReentrant to (W_WALLET, @fallback, []) (line 37)
]
]
- New best candidate, iter 1, 271.311167955s : results/reentrancy/0x7b368c4e805c3870b6c49a3f1f49f69af8662cf3/candidates/cand_4/patch.sol
