 ______     __         __  __     ______     __     __  __     __    __    
/\  ___\   /\ \       /\ \_\ \   /\  ___\   /\ \   /\ \/\ \   /\ "-./  \   
\ \  __\   \ \ \____  \ \____ \  \ \___  \  \ \ \  \ \ \_\ \  \ \ \-./\ \  
 \ \_____\  \ \_____\  \/\_____\  \/\_____\  \ \_\  \ \_____\  \ \_\ \ \_\ 
  \/_____/   \/_____/   \/_____/   \/_____/   \/_/   \/_____/   \/_/  \/_/ 
                                                                           
Compiling source code...
Retrieving bytecode for contract 'Lotto'.
Please wait. Scanning bytecode for bugs...
Running Osiris...
Finished running Osiris. Execution time 0.5769574642181396 seconds. Code coverage 99.6%.
Running Oyente...
Finished running Oyente. Execution time 0.5651557445526123 seconds. Code coverage 99.6%.
Running Mythril...
Finished running Mythril. Execution time 3.228489637374878 seconds. Code coverage 99.65%.
Detected 2 bug(s):
--> Detected 'leaking ether' bug at program counter address 339 (0x153) using Mythril with a code coverage of 99.65%.
--> Detected 'unhandled exception' bug at program counter address 339 (0x153) using Mythril with a code coverage of 99.65%.
Exporting original control-flow graph...
Recovering control-flow graph...
Recovered 100% of the control-flow graph
Number of execution paths accessing storage: 6
Runtime bytecode size: 533 bytes (original: 485 bytes) 9.896907216494846% increase.
Metadata: 0xa165627a7a723058204c238999fa5194bb15181bcee2d4c2f6760279bbbbb6f8e7783e15c3476289ab0029
Exporting patched control-flow graph...
