smartbugs/dataset/bad_randomness/etheraffle.sol:55:5: Warning: Defining constructors as functions with the same name as the contract is deprecated. Use "constructor(...) { ... }" instead.
    function Ethraffle_v4b() public {
    ^ (Relevant source part starts here and spans across multiple lines).
smartbugs/dataset/bad_randomness/etheraffle.sol:82:13: Warning: Invoking events without "emit" prefix is deprecated.
            TicketPurchase(raffleId, msg.sender, currTicket);
            ^----------------------------------------------^
smartbugs/dataset/bad_randomness/etheraffle.sol:104:28: Warning: This function only accepts a single "bytes" argument. Please use "abi.encodePacked(...)" or a similar function to encode the data.
        bytes32 randHash = keccak256(seed1, seed2, seed3);
                           ^----------------------------^
smartbugs/dataset/bad_randomness/etheraffle.sol:108:9: Warning: Invoking events without "emit" prefix is deprecated.
        RaffleResult(raffleId, winningNumber, winningAddress, seed1, seed2, seed3, randHash);
        ^----------------------------------------------------------------------------------^
smartbugs/dataset/bad_randomness/etheraffle.sol:133:17: Warning: Invoking events without "emit" prefix is deprecated.
                TicketRefund(raffleId, msg.sender, i);
                ^-----------------------------------^
smartbugs/dataset/bad_randomness/etheraffle.sol:149:21: Warning: Invoking events without "emit" prefix is deprecated.
                    TicketRefund(raffleId, contestants[i].addr, i);
                    ^--------------------------------------------^
smartbugs/dataset/bad_randomness/etheraffle.sol:154:13: Warning: Invoking events without "emit" prefix is deprecated.
            RaffleResult(raffleId, totalTickets, address(0), address(0), address(0), 0, 0);
            ^----------------------------------------------------------------------------^
FATAL ERROR: Ineffective mark-compacts near heap limit Allocation failed - JavaScript heap out of memory
 1: 0x8fb090 node::Abort() [node]
 2: 0x8fb0dc  [node]
 3: 0xb0336e v8::Utils::ReportOOMFailure(v8::internal::Isolate*, char const*, bool) [node]
 4: 0xb035a4 v8::internal::V8::FatalProcessOutOfMemory(v8::internal::Isolate*, char const*, bool) [node]
 5: 0xef7602  [node]
 6: 0xef7708 v8::internal::Heap::CheckIneffectiveMarkCompact(unsigned long, double) [node]
 7: 0xf037e2 v8::internal::Heap::PerformGarbageCollection(v8::internal::GarbageCollector, v8::GCCallbackFlags) [node]
 8: 0xf04114 v8::internal::Heap::CollectGarbage(v8::internal::AllocationSpace, v8::internal::GarbageCollectionReason, v8::GCCallbackFlags) [node]
 9: 0xf06d81 v8::internal::Heap::AllocateRawWithRetryOrFail(int, v8::internal::AllocationSpace, v8::internal::AllocationAlignment) [node]
10: 0xecfe76 v8::internal::Factory::AllocateRawArray(int, v8::internal::PretenureFlag) [node]
11: 0xed06fa v8::internal::Factory::NewFixedArrayWithFiller(v8::internal::Heap::RootListIndex, int, v8::internal::Object*, v8::internal::PretenureFlag) [node]
12: 0xed0cb7 v8::internal::Factory::NewUninitializedFixedArray(int, v8::internal::PretenureFlag) [node]
13: 0xe92430  [node]
14: 0xe926ef  [node]
15: 0x100949e v8::internal::JSObject::AddDataElement(v8::internal::Handle<v8::internal::JSObject>, unsigned int, v8::internal::Handle<v8::internal::Object>, v8::internal::PropertyAttributes, v8::internal::ShouldThrow) [node]
16: 0x1022c02 v8::internal::Object::AddDataProperty(v8::internal::LookupIterator*, v8::internal::Handle<v8::internal::Object>, v8::internal::PropertyAttributes, v8::internal::ShouldThrow, v8::internal::Object::StoreFromKeyed) [node]
17: 0x103d71d v8::internal::Object::SetProperty(v8::internal::LookupIterator*, v8::internal::Handle<v8::internal::Object>, v8::internal::LanguageMode, v8::internal::Object::StoreFromKeyed) [node]
18: 0x1198815 v8::internal::Runtime::SetObjectProperty(v8::internal::Isolate*, v8::internal::Handle<v8::internal::Object>, v8::internal::Handle<v8::internal::Object>, v8::internal::Handle<v8::internal::Object>, v8::internal::LanguageMode) [node]
19: 0x1199970 v8::internal::Runtime_SetProperty(int, v8::internal::Object**, v8::internal::Isolate*) [node]
20: 0x17fe7c7dbf1d 
Aborted (core dumped)
npm ERR! code ELIFECYCLE
npm ERR! errno 134
npm ERR! symEvm@1.0.0 dev: `node src/index.js "smartbugs/dataset/bad_randomness/etheraffle.sol" "results/bad_randomness" "Ethraffle_v4b"`
npm ERR! Exit status 134
npm ERR! 
npm ERR! Failed at the symEvm@1.0.0 dev script.
npm ERR! This is probably not a problem with npm. There is likely additional logging output above.

npm ERR! A complete log of this run can be found in:
npm ERR!     /root/.npm/_logs/2024-04-16T17_50_04_256Z-debug.log
