Getting Slither report...
Switched global version to 0.4.26



'solc --version' running
'solc ../smartbugs-curated/dataset/unchecked_low_level_calls/0xa1fceeff3acc57d257b917e30c4df661401d6431.sol --combined-json abi,ast,bin,bin-runtime,srcmap,srcmap-runtime,userdoc,devdoc,hashes,compact-format --allow-paths .,/home/mokita/sc_study/temp/smartbugs-curated/dataset/unchecked_low_level_calls' running
Compilation warnings/errors on ../smartbugs-curated/dataset/unchecked_low_level_calls/0xa1fceeff3acc57d257b917e30c4df661401d6431.sol:
../smartbugs-curated/dataset/unchecked_low_level_calls/0xa1fceeff3acc57d257b917e30c4df661401d6431.sol:10:5: Warning: Defining constructors as functions with the same name as the contract is deprecated. Use "constructor(...) { ... }" instead.
    function AirDropContract() public {
    ^ (Relevant source part starts here and spans across multiple lines).
../smartbugs-curated/dataset/unchecked_low_level_calls/0xa1fceeff3acc57d257b917e30c4df661401d6431.sol:8:1: Warning: Source file does not specify required compiler version!Consider adding "pragma solidity ^0.4.26;"
contract AirDropContract{
^ (Relevant source part starts here and spans across multiple lines).
../smartbugs-curated/dataset/unchecked_low_level_calls/0xa1fceeff3acc57d257b917e30c4df661401d6431.sol:30:13: Warning: Return value of low-level calls not used.
            contract_address.call(id, msg.sender, tos[i], vs[i]);
            ^--------------------------------------------------^


AirDropContract.transfer(address,address[],uint256[]) (../smartbugs-curated/dataset/unchecked_low_level_calls/0xa1fceeff3acc57d257b917e30c4df661401d6431.sol#19-33) ignores return value by contract_address.call(id,msg.sender,tos[i],vs[i]) (../smartbugs-curated/dataset/unchecked_low_level_calls/0xa1fceeff3acc57d257b917e30c4df661401d6431.sol#30)
Reference: https://github.com/crytic/slither/wiki/Detector-Documentation#unchecked-low-level-calls

AirDropContract.transfer(address,address[],uint256[]) (../smartbugs-curated/dataset/unchecked_low_level_calls/0xa1fceeff3acc57d257b917e30c4df661401d6431.sol#19-33) has external calls inside a loop: contract_address.call(id,msg.sender,tos[i],vs[i]) (../smartbugs-curated/dataset/unchecked_low_level_calls/0xa1fceeff3acc57d257b917e30c4df661401d6431.sol#30)
Reference: https://github.com/crytic/slither/wiki/Detector-Documentation/#calls-inside-a-loop

solc-0.4.26 is an outdated solc version. Use a more recent version (at least 0.8.0), if possible.
Reference: https://github.com/crytic/slither/wiki/Detector-Documentation#incorrect-versions-of-solidity

Low level call in AirDropContract.transfer(address,address[],uint256[]) (../smartbugs-curated/dataset/unchecked_low_level_calls/0xa1fceeff3acc57d257b917e30c4df661401d6431.sol#19-33):
	- contract_address.call(id,msg.sender,tos[i],vs[i]) (../smartbugs-curated/dataset/unchecked_low_level_calls/0xa1fceeff3acc57d257b917e30c4df661401d6431.sol#30)
Reference: https://github.com/crytic/slither/wiki/Detector-Documentation#low-level-calls

Parameter AirDropContract.transfer(address,address[],uint256[]).contract_address (../smartbugs-curated/dataset/unchecked_low_level_calls/0xa1fceeff3acc57d257b917e30c4df661401d6431.sol#19) is not in mixedCase
Reference: https://github.com/crytic/slither/wiki/Detector-Documentation#conformance-to-solidity-naming-conventions

transfer(address,address[],uint256[]) should be declared external:
	- AirDropContract.transfer(address,address[],uint256[]) (../smartbugs-curated/dataset/unchecked_low_level_calls/0xa1fceeff3acc57d257b917e30c4df661401d6431.sol#19-33)
Reference: https://github.com/crytic/slither/wiki/Detector-Documentation#public-function-that-could-be-declared-external
../smartbugs-curated/dataset/unchecked_low_level_calls/0xa1fceeff3acc57d257b917e30c4df661401d6431.sol analyzed (1 contracts with 95 detectors), 6 result(s) found

Error running slither
0xa1fceeff3acc57d257b917e30c4df661401d6431.sol
Getting Solidity AST...
Running TIPS...
0xa1fceeff3acc57d257b917e30c4df661401d6431.sol
failing to repair the unchecked call defect in charnum:743 in type2
0.005868434906005859


