smartbugs/dataset/arithmetic/overflow_single_tx.sol:11:1: Warning: Source file does not specify required compiler version!Consider adding "pragma solidity ^0.4.24;"
contract IntegerOverflowSingleTransaction {
^ (Relevant source part starts here and spans across multiple lines).
smartbugs/dataset/arithmetic/overflow_single_tx.sol:35:9: Warning: Unused local variable.
        uint res = count + input;
        ^------^
smartbugs/dataset/arithmetic/overflow_single_tx.sol:41:9: Warning: Unused local variable.
        uint res = count * input;
        ^------^
smartbugs/dataset/arithmetic/overflow_single_tx.sol:47:9: Warning: Unused local variable.
       	uint res = count - input;
       	^------^
smartbugs/dataset/arithmetic/overflow_single_tx.sol:33:5: Warning: Function state mutability can be restricted to view
    function overflowlocalonly(uint256 input) public {
    ^ (Relevant source part starts here and spans across multiple lines).
smartbugs/dataset/arithmetic/overflow_single_tx.sol:39:5: Warning: Function state mutability can be restricted to view
    function overflowmulocalonly(uint256 input) public {
    ^ (Relevant source part starts here and spans across multiple lines).
smartbugs/dataset/arithmetic/overflow_single_tx.sol:45:5: Warning: Function state mutability can be restricted to view
    function underflowlocalonly(uint256 input) public {
    ^ (Relevant source part starts here and spans across multiple lines).
