 ______     __         __  __     ______     __     __  __     __    __    
/\  ___\   /\ \       /\ \_\ \   /\  ___\   /\ \   /\ \/\ \   /\ "-./  \   
\ \  __\   \ \ \____  \ \____ \  \ \___  \  \ \ \  \ \ \_\ \  \ \ \-./\ \  
 \ \_____\  \ \_____\  \/\_____\  \/\_____\  \ \_\  \ \_____\  \ \_\ \ \_\ 
  \/_____/   \/_____/   \/_____/   \/_____/   \/_/   \/_____/   \/_/  \/_/ 
                                                                           
Compiling source code...
Error: Solidity compilation failed!
smartbugs/dataset/access_control/parity_wallet_bug_1.sol:18:1: : Source file requires different compiler version (current compiler is 0.4.12+commit.194ff033.Linux.g++ - note that nightly builds are considered to be strictly less than the released version
pragma solidity 0.4.9; /* originally ^0.4.9, but doesn't compile with ^0.4.11 */
^--------------------^

smartbugs/dataset/access_control/parity_wallet_bug_1.sol:264:3: : Variable is shadowed in inline assembly by an instruction of the same name
  function create(uint _value, bytes _code) internal returns (address o_addr) {
  ^
Spanning multiple lines.

smartbugs/dataset/access_control/parity_wallet_bug_1.sol:267:13: : Identifier not found.
      jumpi(invalidJumpLabel, iszero(extcodesize(o_addr)))
            ^--------------^

smartbugs/dataset/access_control/parity_wallet_bug_1.sol:267:7: : Jump instructions are low-level EVM features that can lead to incorrect stack access. Because of that they are discouraged. Please consider using "switch" or "for" statements instead.
      jumpi(invalidJumpLabel, iszero(extcodesize(o_addr)))
      ^---^

smartbugs/dataset/access_control/parity_wallet_bug_1.sol:377:37: : This looks like an address but has an invalid checksum. If this is not used as an address, please prepend '00'.
  address constant _walletLibrary = 0xcafecafecafecafecafecafecafecafecafecafe;
                                    ^----------------------------------------^

smartbugs/dataset/access_control/parity_wallet_bug_1.sol:417:14: : Unbalanced stack at the end of a block: 1 surplus item(s).
    assembly {
             ^
Spanning multiple lines.

smartbugs/dataset/access_control/parity_wallet_bug_1.sol:437:7: : Return value of low-level calls not used.
      _walletLibrary.delegatecall(msg.data); //it should have whitelisted specific methods that the user is allowed to call
      ^-----------------------------------^

smartbugs/dataset/access_control/parity_wallet_bug_1.sol:456:37: : This looks like an address but has an invalid checksum. If this is not used as an address, please prepend '00'.
  address constant _walletLibrary = 0xcafecafecafecafecafecafecafecafecafecafe;
                                    ^----------------------------------------^

Error: The compilation did not produce any output!
Please check the source code!
