Compilation warnings/errors on smartbugs/dataset/unchecked_low_level_calls/0x958a8f594101d2c0485a52319f29b2647f2ebc06.sol:
smartbugs/dataset/unchecked_low_level_calls/0x958a8f594101d2c0485a52319f29b2647f2ebc06.sol:28:5: Warning: Defining constructors as functions with the same name as the contract is deprecated. Use "constructor(...) { ... }" instead.
    function Owned() {
    ^ (Relevant source part starts here and spans across multiple lines).
smartbugs/dataset/unchecked_low_level_calls/0x958a8f594101d2c0485a52319f29b2647f2ebc06.sol:93:5: Warning: Defining constructors as functions with the same name as the contract is deprecated. Use "constructor(...) { ... }" instead.
    function Marriage(address _owner) {
    ^ (Relevant source part starts here and spans across multiple lines).
smartbugs/dataset/unchecked_low_level_calls/0x958a8f594101d2c0485a52319f29b2647f2ebc06.sol:55:9: Warning: Return value of low-level calls not used.
        _dst.call.value(_value)(_data);
        ^----------------------------^
smartbugs/dataset/unchecked_low_level_calls/0x958a8f594101d2c0485a52319f29b2647f2ebc06.sol:88:17: Warning: "sha3" has been deprecated in favour of "keccak256"
        require(sha3(marriageStatus) == sha3("Married"));
                ^------------------^
smartbugs/dataset/unchecked_low_level_calls/0x958a8f594101d2c0485a52319f29b2647f2ebc06.sol:88:17: Warning: This function only accepts a single "bytes" argument. Please use "abi.encodePacked(...)" or a similar function to encode the data.
        require(sha3(marriageStatus) == sha3("Married"));
                ^------------------^
smartbugs/dataset/unchecked_low_level_calls/0x958a8f594101d2c0485a52319f29b2647f2ebc06.sol:88:17: Warning: The provided argument of type string storage ref is not implicitly convertible to expected type bytes memory.
        require(sha3(marriageStatus) == sha3("Married"));
                ^------------------^
smartbugs/dataset/unchecked_low_level_calls/0x958a8f594101d2c0485a52319f29b2647f2ebc06.sol:88:41: Warning: "sha3" has been deprecated in favour of "keccak256"
        require(sha3(marriageStatus) == sha3("Married"));
                                        ^-------------^
smartbugs/dataset/unchecked_low_level_calls/0x958a8f594101d2c0485a52319f29b2647f2ebc06.sol:119:9: Warning: Invoking events without "emit" prefix is deprecated.
        MajorEvent("Marrigage", vows, url);
        ^--------------------------------^
smartbugs/dataset/unchecked_low_level_calls/0x958a8f594101d2c0485a52319f29b2647f2ebc06.sol:133:9: Warning: Invoking events without "emit" prefix is deprecated.
        MajorEvent(name, description, url);
        ^--------------------------------^
smartbugs/dataset/unchecked_low_level_calls/0x958a8f594101d2c0485a52319f29b2647f2ebc06.sol:138:28: Warning: Using contract member "balance" inherited from the address type is deprecated. Convert the contract to "address" type to access the member, for example use "address(contract).balance" instead.
            owner.transfer(this.balance);
                           ^----------^
smartbugs/dataset/unchecked_low_level_calls/0x958a8f594101d2c0485a52319f29b2647f2ebc06.sol:141:9: Warning: Invoking events without "emit" prefix is deprecated.
        MessageSent(nameFrom, text, url, msg.value);
        ^-----------------------------------------^
smartbugs/dataset/unchecked_low_level_calls/0x958a8f594101d2c0485a52319f29b2647f2ebc06.sol:28:5: Warning: No visibility specified. Defaulting to "public". 
    function Owned() {
    ^ (Relevant source part starts here and spans across multiple lines).
smartbugs/dataset/unchecked_low_level_calls/0x958a8f594101d2c0485a52319f29b2647f2ebc06.sol:37:5: Warning: No visibility specified. Defaulting to "public". 
    function changeOwner(address _newOwner) onlyOwner {
    ^ (Relevant source part starts here and spans across multiple lines).
smartbugs/dataset/unchecked_low_level_calls/0x958a8f594101d2c0485a52319f29b2647f2ebc06.sol:44:5: Warning: No visibility specified. Defaulting to "public". 
    function acceptOwnership() {
    ^ (Relevant source part starts here and spans across multiple lines).
smartbugs/dataset/unchecked_low_level_calls/0x958a8f594101d2c0485a52319f29b2647f2ebc06.sol:53:5: Warning: No visibility specified. Defaulting to "public". 
    function execute(address _dst, uint _value, bytes _data) onlyOwner {
    ^ (Relevant source part starts here and spans across multiple lines).
smartbugs/dataset/unchecked_low_level_calls/0x958a8f594101d2c0485a52319f29b2647f2ebc06.sol:93:5: Warning: No visibility specified. Defaulting to "public". 
    function Marriage(address _owner) {
    ^ (Relevant source part starts here and spans across multiple lines).
smartbugs/dataset/unchecked_low_level_calls/0x958a8f594101d2c0485a52319f29b2647f2ebc06.sol:106:5: Warning: No visibility specified. Defaulting to "public". 
    function createMarriage(
    ^ (Relevant source part starts here and spans across multiple lines).
smartbugs/dataset/unchecked_low_level_calls/0x958a8f594101d2c0485a52319f29b2647f2ebc06.sol:123:5: Warning: No visibility specified. Defaulting to "public". 
    function setStatus(string status, string url) onlyOwner
    ^ (Relevant source part starts here and spans across multiple lines).
smartbugs/dataset/unchecked_low_level_calls/0x958a8f594101d2c0485a52319f29b2647f2ebc06.sol:130:5: Warning: No visibility specified. Defaulting to "public". 
    function setMajorEvent(string name, string description, string url) onlyOwner areMarried
    ^ (Relevant source part starts here and spans across multiple lines).
smartbugs/dataset/unchecked_low_level_calls/0x958a8f594101d2c0485a52319f29b2647f2ebc06.sol:136:5: Warning: No visibility specified. Defaulting to "public". 
    function sendMessage(string nameFrom, string text, string url) payable areMarried {
    ^ (Relevant source part starts here and spans across multiple lines).

smartbugs/dataset/unchecked_low_level_calls/0x958a8f594101d2c0485a52319f29b2647f2ebc06.sol analyzed (2 contracts)
