Getting Slither report...
Switched global version to 0.4.26



'solc --version' running
'solc ../smartbugs-curated/dataset/reentrancy/0xcead721ef5b11f1a7b530171aab69b16c5e66b6e.sol --combined-json abi,ast,bin,bin-runtime,srcmap,srcmap-runtime,userdoc,devdoc,hashes,compact-format --allow-paths .,/home/mokita/sc_study/temp/smartbugs-curated/dataset/reentrancy' running
Compilation warnings/errors on ../smartbugs-curated/dataset/reentrancy/0xcead721ef5b11f1a7b530171aab69b16c5e66b6e.sol:
../smartbugs-curated/dataset/reentrancy/0xcead721ef5b11f1a7b530171aab69b16c5e66b6e.sol:14:9: Warning: Use of the "var" keyword is deprecated.
        var acc = Acc[msg.sender];
        ^-----^
../smartbugs-curated/dataset/reentrancy/0xcead721ef5b11f1a7b530171aab69b16c5e66b6e.sol:24:9: Warning: Use of the "var" keyword is deprecated.
        var acc = Acc[msg.sender];
        ^-----^
../smartbugs-curated/dataset/reentrancy/0xcead721ef5b11f1a7b530171aab69b16c5e66b6e.sol:55:5: Warning: Defining constructors as functions with the same name as the contract is deprecated. Use "constructor(...) { ... }" instead.
    function WALLET(address log) public{
    ^ (Relevant source part starts here and spans across multiple lines).
../smartbugs-curated/dataset/reentrancy/0xcead721ef5b11f1a7b530171aab69b16c5e66b6e.sol:8:1: Warning: Source file does not specify required compiler version!Consider adding "pragma solidity ^0.4.26;"
contract WALLET
^ (Relevant source part starts here and spans across multiple lines).


Log (../smartbugs-curated/dataset/reentrancy/0xcead721ef5b11f1a7b530171aab69b16c5e66b6e.sol#61-85) contract sets array length with a user-controlled value:
	- History.push(LastMsg) (../smartbugs-curated/dataset/reentrancy/0xcead721ef5b11f1a7b530171aab69b16c5e66b6e.sol#82)
Reference: https://github.com/crytic/slither/wiki/Detector-Documentation#array-length-assignment

Reentrancy in WALLET.Collect(uint256) (../smartbugs-curated/dataset/reentrancy/0xcead721ef5b11f1a7b530171aab69b16c5e66b6e.sol#20-34):
	External calls:
	- msg.sender.call.value(_am)() (../smartbugs-curated/dataset/reentrancy/0xcead721ef5b11f1a7b530171aab69b16c5e66b6e.sol#28)
	State variables written after the call(s):
	- acc.balance -= _am (../smartbugs-curated/dataset/reentrancy/0xcead721ef5b11f1a7b530171aab69b16c5e66b6e.sol#30)
	WALLET.Acc (../smartbugs-curated/dataset/reentrancy/0xcead721ef5b11f1a7b530171aab69b16c5e66b6e.sol#49) can be used in cross function reentrancies:
	- WALLET.Acc (../smartbugs-curated/dataset/reentrancy/0xcead721ef5b11f1a7b530171aab69b16c5e66b6e.sol#49)
	- WALLET.Collect(uint256) (../smartbugs-curated/dataset/reentrancy/0xcead721ef5b11f1a7b530171aab69b16c5e66b6e.sol#20-34)
	- WALLET.Put(uint256) (../smartbugs-curated/dataset/reentrancy/0xcead721ef5b11f1a7b530171aab69b16c5e66b6e.sol#10-18)
Reference: https://github.com/crytic/slither/wiki/Detector-Documentation#reentrancy-vulnerabilities

WALLET.Put(uint256) (../smartbugs-curated/dataset/reentrancy/0xcead721ef5b11f1a7b530171aab69b16c5e66b6e.sol#10-18) uses timestamp for comparisons
	Dangerous comparisons:
	- _unlockTime > now (../smartbugs-curated/dataset/reentrancy/0xcead721ef5b11f1a7b530171aab69b16c5e66b6e.sol#16)
WALLET.Collect(uint256) (../smartbugs-curated/dataset/reentrancy/0xcead721ef5b11f1a7b530171aab69b16c5e66b6e.sol#20-34) uses timestamp for comparisons
	Dangerous comparisons:
	- acc.balance >= MinSum && acc.balance >= _am && now > acc.unlockTime (../smartbugs-curated/dataset/reentrancy/0xcead721ef5b11f1a7b530171aab69b16c5e66b6e.sol#25)
Reference: https://github.com/crytic/slither/wiki/Detector-Documentation#block-timestamp

solc-0.4.26 is an outdated solc version. Use a more recent version (at least 0.8.0), if possible.
Reference: https://github.com/crytic/slither/wiki/Detector-Documentation#incorrect-versions-of-solidity

Low level call in WALLET.Collect(uint256) (../smartbugs-curated/dataset/reentrancy/0xcead721ef5b11f1a7b530171aab69b16c5e66b6e.sol#20-34):
	- msg.sender.call.value(_am)() (../smartbugs-curated/dataset/reentrancy/0xcead721ef5b11f1a7b530171aab69b16c5e66b6e.sol#28)
Reference: https://github.com/crytic/slither/wiki/Detector-Documentation#low-level-calls

Function WALLET.Put(uint256) (../smartbugs-curated/dataset/reentrancy/0xcead721ef5b11f1a7b530171aab69b16c5e66b6e.sol#10-18) is not in mixedCase
Parameter WALLET.Put(uint256)._unlockTime (../smartbugs-curated/dataset/reentrancy/0xcead721ef5b11f1a7b530171aab69b16c5e66b6e.sol#10) is not in mixedCase
Function WALLET.Collect(uint256) (../smartbugs-curated/dataset/reentrancy/0xcead721ef5b11f1a7b530171aab69b16c5e66b6e.sol#20-34) is not in mixedCase
Parameter WALLET.Collect(uint256)._am (../smartbugs-curated/dataset/reentrancy/0xcead721ef5b11f1a7b530171aab69b16c5e66b6e.sol#20) is not in mixedCase
Variable WALLET.Acc (../smartbugs-curated/dataset/reentrancy/0xcead721ef5b11f1a7b530171aab69b16c5e66b6e.sol#49) is not in mixedCase
Variable WALLET.LogFile (../smartbugs-curated/dataset/reentrancy/0xcead721ef5b11f1a7b530171aab69b16c5e66b6e.sol#51) is not in mixedCase
Variable WALLET.MinSum (../smartbugs-curated/dataset/reentrancy/0xcead721ef5b11f1a7b530171aab69b16c5e66b6e.sol#53) is not in mixedCase
Function Log.AddMessage(address,uint256,string) (../smartbugs-curated/dataset/reentrancy/0xcead721ef5b11f1a7b530171aab69b16c5e66b6e.sol#75-83) is not in mixedCase
Parameter Log.AddMessage(address,uint256,string)._adr (../smartbugs-curated/dataset/reentrancy/0xcead721ef5b11f1a7b530171aab69b16c5e66b6e.sol#75) is not in mixedCase
Parameter Log.AddMessage(address,uint256,string)._val (../smartbugs-curated/dataset/reentrancy/0xcead721ef5b11f1a7b530171aab69b16c5e66b6e.sol#75) is not in mixedCase
Parameter Log.AddMessage(address,uint256,string)._data (../smartbugs-curated/dataset/reentrancy/0xcead721ef5b11f1a7b530171aab69b16c5e66b6e.sol#75) is not in mixedCase
Variable Log.History (../smartbugs-curated/dataset/reentrancy/0xcead721ef5b11f1a7b530171aab69b16c5e66b6e.sol#71) is not in mixedCase
Variable Log.LastMsg (../smartbugs-curated/dataset/reentrancy/0xcead721ef5b11f1a7b530171aab69b16c5e66b6e.sol#73) is not in mixedCase
Reference: https://github.com/crytic/slither/wiki/Detector-Documentation#conformance-to-solidity-naming-conventions

WALLET.MinSum (../smartbugs-curated/dataset/reentrancy/0xcead721ef5b11f1a7b530171aab69b16c5e66b6e.sol#53) should be constant 
Reference: https://github.com/crytic/slither/wiki/Detector-Documentation#state-variables-that-could-be-declared-constant

AddMessage(address,uint256,string) should be declared external:
	- Log.AddMessage(address,uint256,string) (../smartbugs-curated/dataset/reentrancy/0xcead721ef5b11f1a7b530171aab69b16c5e66b6e.sol#75-83)
Reference: https://github.com/crytic/slither/wiki/Detector-Documentation#public-function-that-could-be-declared-external
../smartbugs-curated/dataset/reentrancy/0xcead721ef5b11f1a7b530171aab69b16c5e66b6e.sol analyzed (2 contracts with 95 detectors), 21 result(s) found

Error running slither
0xcead721ef5b11f1a7b530171aab69b16c5e66b6e.sol
Getting Solidity AST...
Running TIPS...
0xcead721ef5b11f1a7b530171aab69b16c5e66b6e.sol
0.014130353927612305


