mythril.mythril.mythril_config [INFO]: Creating mythril data directory 
mythril.mythril.mythril_config [INFO]: No config file found. Creating default: /root/.mythril/config.ini 
mythril.mythril.mythril_config [INFO]: Infura key not provided, so onchain access is disabled. Use --infura-id <INFURA_ID> or set it in the environment variable INFURA_ID or in the ~/.mythril/config.ini file 
mythril.support.signatures [INFO]: Using signature database at /root/.mythril/signatures.db
mythril.laser.ethereum.svm [INFO]: LASER EVM initialized with dynamic loader: <mythril.support.loader.DynLoader object at 0x79fe6936fdf0>
mythril.laser.ethereum.strategy.extensions.bounded_loops [INFO]: Loaded search strategy extension: Loop bounds (limit = 3)
mythril.laser.plugin.loader [INFO]: Loading laser plugin: coverage
mythril.laser.plugin.loader [INFO]: Loading laser plugin: mutation-pruner
mythril.laser.plugin.loader [INFO]: Loading laser plugin: call-depth-limit
mythril.laser.plugin.loader [INFO]: Loading laser plugin: instruction-profiler
mythril.laser.plugin.loader [INFO]: Loading laser plugin: dependency-pruner
mythril.laser.plugin.loader [INFO]: Instrumenting symbolic vm with plugin: coverage
mythril.laser.plugin.loader [INFO]: Instrumenting symbolic vm with plugin: mutation-pruner
mythril.laser.plugin.loader [INFO]: Instrumenting symbolic vm with plugin: call-depth-limit
mythril.laser.plugin.loader [INFO]: Instrumenting symbolic vm with plugin: instruction-profiler
mythril.laser.plugin.loader [INFO]: Instrumenting symbolic vm with plugin: dependency-pruner
mythril.laser.ethereum.svm [DEBUG]: Starting LASER execution
mythril.laser.ethereum.svm [INFO]: Starting message call transaction to 0
mythril.laser.ethereum.svm [INFO]: Starting message call transaction, iteration: 0, 1 initial states
mythril.laser.ethereum.instructions [DEBUG]: Evaluating PUSH1 at 0
mythril.laser.ethereum.instructions [DEBUG]: Evaluating PUSH1 at 1
mythril.laser.ethereum.instructions [DEBUG]: Evaluating MSTORE at 2
mythril.laser.ethereum.instructions [DEBUG]: Evaluating PUSH1 at 3
mythril.laser.ethereum.instructions [DEBUG]: Evaluating CALLDATASIZE at 4
mythril.laser.ethereum.instructions [DEBUG]: Evaluating LT at 5
mythril.laser.ethereum.instructions [DEBUG]: Evaluating PUSH2 at 6
mythril.analysis.module.base [DEBUG]: Entering analysis module: TxOrigin
mythril.analysis.module.base [DEBUG]: Exiting analysis module: TxOrigin
mythril.analysis.module.base [DEBUG]: Entering analysis module: IntegerArithmetics
mythril.analysis.module.base [DEBUG]: Exiting analysis module: IntegerArithmetics
mythril.laser.ethereum.instructions [DEBUG]: Evaluating JUMPI at 7
mythril.laser.ethereum.instructions [DEBUG]: Evaluating PUSH4 at 8
mythril.laser.ethereum.instructions [DEBUG]: Evaluating JUMPDEST at 24
mythril.laser.ethereum.instructions [DEBUG]: Evaluating PUSH29 at 9
mythril.laser.ethereum.instructions [DEBUG]: Evaluating PUSH1 at 25
mythril.laser.ethereum.instructions [DEBUG]: Evaluating PUSH1 at 10
mythril.laser.ethereum.instructions [DEBUG]: Evaluating DUP1 at 26
mythril.laser.ethereum.instructions [DEBUG]: Evaluating CALLDATALOAD at 11
mythril.laser.ethereum.instructions [DEBUG]: Evaluating REVERT at 27
mythril.laser.ethereum.svm [DEBUG]: Ending transaction MessageCallTransaction 1 from sender_1 to                                        0x0.
mythril.laser.ethereum.instructions [DEBUG]: Evaluating DIV at 12
mythril.laser.ethereum.instructions [DEBUG]: Evaluating AND at 13
mythril.laser.ethereum.instructions [DEBUG]: Evaluating PUSH4 at 14
mythril.laser.ethereum.instructions [DEBUG]: Evaluating DUP2 at 15
mythril.laser.ethereum.instructions [DEBUG]: Evaluating EQ at 16
mythril.laser.ethereum.instructions [DEBUG]: Evaluating PUSH2 at 17
mythril.analysis.module.base [DEBUG]: Entering analysis module: TxOrigin
mythril.analysis.module.base [DEBUG]: Exiting analysis module: TxOrigin
mythril.analysis.module.base [DEBUG]: Entering analysis module: IntegerArithmetics
mythril.analysis.module.base [DEBUG]: Exiting analysis module: IntegerArithmetics
mythril.laser.ethereum.instructions [DEBUG]: Evaluating JUMPI at 18
mythril.laser.ethereum.instructions [DEBUG]: Evaluating DUP1 at 19
mythril.laser.ethereum.instructions [DEBUG]: Evaluating JUMPDEST at 28
mythril.laser.ethereum.instructions [DEBUG]: Evaluating PUSH4 at 20
mythril.laser.ethereum.instructions [DEBUG]: Evaluating CALLVALUE at 29
mythril.laser.ethereum.instructions [DEBUG]: Evaluating EQ at 21
mythril.laser.ethereum.instructions [DEBUG]: Evaluating DUP1 at 30
mythril.laser.ethereum.instructions [DEBUG]: Evaluating PUSH2 at 22
mythril.laser.ethereum.instructions [DEBUG]: Evaluating ISZERO at 31
mythril.analysis.module.base [DEBUG]: Entering analysis module: TxOrigin
mythril.analysis.module.base [DEBUG]: Exiting analysis module: TxOrigin
mythril.analysis.module.base [DEBUG]: Entering analysis module: IntegerArithmetics
mythril.analysis.module.base [DEBUG]: Exiting analysis module: IntegerArithmetics
mythril.laser.ethereum.instructions [DEBUG]: Evaluating JUMPI at 23
mythril.laser.ethereum.svm [DEBUG]: - Entering function MAIN:unknown
mythril.laser.ethereum.instructions [DEBUG]: Evaluating PUSH2 at 32
mythril.laser.ethereum.instructions [DEBUG]: Evaluating JUMPDEST at 24
mythril.laser.ethereum.instructions [DEBUG]: Evaluating JUMPDEST at 58
mythril.analysis.module.base [DEBUG]: Entering analysis module: TxOrigin
mythril.analysis.module.base [DEBUG]: Exiting analysis module: TxOrigin
mythril.analysis.module.base [DEBUG]: Entering analysis module: IntegerArithmetics
mythril.analysis.module.base [DEBUG]: Exiting analysis module: IntegerArithmetics
mythril.laser.ethereum.instructions [DEBUG]: Evaluating JUMPI at 33
mythril.laser.ethereum.instructions [DEBUG]: Evaluating PUSH1 at 25
mythril.laser.ethereum.instructions [DEBUG]: Evaluating CALLVALUE at 59
mythril.laser.ethereum.instructions [DEBUG]: Evaluating PUSH1 at 34
mythril.laser.ethereum.instructions [DEBUG]: Evaluating JUMPDEST at 37
mythril.laser.ethereum.instructions [DEBUG]: Evaluating DUP1 at 26
mythril.laser.ethereum.instructions [DEBUG]: Evaluating DUP1 at 60
mythril.laser.ethereum.instructions [DEBUG]: Evaluating DUP1 at 35
mythril.laser.ethereum.instructions [DEBUG]: Evaluating POP at 38
mythril.laser.ethereum.instructions [DEBUG]: Evaluating REVERT at 27
mythril.laser.ethereum.svm [DEBUG]: Ending transaction MessageCallTransaction 1 from sender_1 to                                        0x0.
mythril.laser.ethereum.instructions [DEBUG]: Evaluating ISZERO at 61
mythril.laser.ethereum.instructions [DEBUG]: Evaluating REVERT at 36
mythril.laser.ethereum.svm [DEBUG]: Ending transaction MessageCallTransaction 1 from sender_1 to                                        0x0.
mythril.laser.ethereum.instructions [DEBUG]: Evaluating PUSH2 at 39
mythril.laser.ethereum.instructions [DEBUG]: Evaluating PUSH2 at 62
mythril.laser.ethereum.instructions [DEBUG]: Evaluating PUSH2 at 40
mythril.analysis.module.base [DEBUG]: Entering analysis module: TxOrigin
mythril.analysis.module.base [DEBUG]: Exiting analysis module: TxOrigin
mythril.analysis.module.base [DEBUG]: Entering analysis module: IntegerArithmetics
mythril.analysis.module.base [DEBUG]: Exiting analysis module: IntegerArithmetics
mythril.laser.ethereum.instructions [DEBUG]: Evaluating JUMPI at 63
mythril.laser.ethereum.instructions [DEBUG]: Evaluating JUMP at 41
mythril.laser.ethereum.instructions [DEBUG]: Evaluating PUSH1 at 64
mythril.laser.ethereum.instructions [DEBUG]: Evaluating JUMPDEST at 67
mythril.laser.ethereum.instructions [DEBUG]: Evaluating JUMPDEST at 137
mythril.laser.ethereum.instructions [DEBUG]: Evaluating DUP1 at 65
mythril.laser.ethereum.instructions [DEBUG]: Evaluating POP at 68
mythril.laser.ethereum.instructions [DEBUG]: Evaluating PUSH32 at 138
mythril.laser.ethereum.instructions [DEBUG]: Evaluating REVERT at 66
mythril.laser.ethereum.svm [DEBUG]: Ending transaction MessageCallTransaction 1 from sender_1 to                                        0x0.
mythril.laser.ethereum.instructions [DEBUG]: Evaluating PUSH1 at 69
mythril.laser.ethereum.instructions [DEBUG]: Evaluating DUP2 at 139
mythril.laser.ethereum.instructions [DEBUG]: Evaluating DUP1 at 70
mythril.laser.ethereum.instructions [DEBUG]: Evaluating JUMP at 140
mythril.laser.ethereum.instructions [DEBUG]: Evaluating MLOAD at 71
mythril.laser.ethereum.instructions [DEBUG]: Evaluating JUMPDEST at 42
mythril.laser.ethereum.instructions [DEBUG]: Evaluating PUSH1 at 72
mythril.laser.ethereum.instructions [DEBUG]: Evaluating PUSH1 at 43
mythril.laser.ethereum.instructions [DEBUG]: Evaluating PUSH1 at 73
mythril.laser.ethereum.instructions [DEBUG]: Evaluating DUP1 at 44
mythril.laser.ethereum.instructions [DEBUG]: Evaluating DUP1 at 74
mythril.laser.ethereum.instructions [DEBUG]: Evaluating MLOAD at 45
mythril.laser.ethereum.instructions [DEBUG]: Evaluating CALLDATALOAD at 75
mythril.laser.ethereum.instructions [DEBUG]: Evaluating SWAP2 at 46
mythril.laser.ethereum.instructions [DEBUG]: Evaluating DUP1 at 76
mythril.laser.ethereum.instructions [DEBUG]: Evaluating DUP3 at 47
mythril.laser.ethereum.instructions [DEBUG]: Evaluating DUP3 at 77
mythril.laser.ethereum.instructions [DEBUG]: Evaluating MSTORE at 48
mythril.analysis.module.base [DEBUG]: Entering analysis module: IntegerArithmetics
mythril.analysis.module.base [DEBUG]: Exiting analysis module: IntegerArithmetics
mythril.laser.ethereum.instructions [DEBUG]: Evaluating ADD at 78
mythril.laser.ethereum.instructions [DEBUG]: Evaluating MLOAD at 49
mythril.laser.ethereum.instructions [DEBUG]: Evaluating CALLDATALOAD at 79
mythril.laser.ethereum.instructions [DEBUG]: Evaluating SWAP1 at 50
mythril.laser.ethereum.instructions [DEBUG]: Evaluating PUSH1 at 80
mythril.laser.ethereum.instructions [DEBUG]: Evaluating DUP2 at 51
mythril.laser.ethereum.instructions [DEBUG]: Evaluating DUP2 at 81
mythril.laser.ethereum.instructions [DEBUG]: Evaluating SWAP1 at 52
mythril.analysis.module.base [DEBUG]: Entering analysis module: IntegerArithmetics
mythril.analysis.module.base [DEBUG]: Exiting analysis module: IntegerArithmetics
mythril.laser.ethereum.instructions [DEBUG]: Evaluating ADD at 82
mythril.analysis.module.base [DEBUG]: Entering analysis module: IntegerArithmetics
mythril.analysis.module.base [DEBUG]: Exiting analysis module: IntegerArithmetics
mythril.laser.ethereum.instructions [DEBUG]: Evaluating SUB at 53
mythril.laser.ethereum.instructions [DEBUG]: Evaluating DUP5 at 83
mythril.laser.ethereum.instructions [DEBUG]: Evaluating PUSH1 at 54
mythril.laser.ethereum.instructions [DEBUG]: Evaluating SWAP1 at 84
mythril.analysis.module.base [DEBUG]: Entering analysis module: IntegerArithmetics
mythril.analysis.module.base [DEBUG]: Exiting analysis module: IntegerArithmetics
mythril.laser.ethereum.instructions [DEBUG]: Evaluating ADD at 55
mythril.laser.ethereum.instructions [DEBUG]: Evaluating DIV at 85
mythril.laser.ethereum.instructions [DEBUG]: Evaluating SWAP1 at 56
mythril.laser.ethereum.instructions [DEBUG]: Evaluating DUP5 at 86
mythril.analysis.module.base [DEBUG]: Entering analysis module: IntegerArithmetics
mythril.analysis.module.base [DEBUG]: Exiting analysis module: IntegerArithmetics
mythril.analysis.module.base [DEBUG]: Entering analysis module: UncheckedRetval
mythril.analysis.module.base [DEBUG]: Exiting analysis module: UncheckedRetval
mythril.laser.ethereum.instructions [DEBUG]: Evaluating RETURN at 57
mythril.laser.ethereum.svm [DEBUG]: Ending transaction MessageCallTransaction 1 from sender_1 to                                        0x0.
mythril.analysis.module.base [DEBUG]: Entering analysis module: IntegerArithmetics
mythril.analysis.module.base [DEBUG]: Exiting analysis module: IntegerArithmetics
mythril.laser.ethereum.instructions [DEBUG]: Evaluating MUL at 87
mythril.laser.ethereum.instructions [DEBUG]: Evaluating DUP6 at 88
mythril.analysis.module.base [DEBUG]: Entering analysis module: IntegerArithmetics
mythril.analysis.module.base [DEBUG]: Exiting analysis module: IntegerArithmetics
mythril.laser.ethereum.instructions [DEBUG]: Evaluating ADD at 89
mythril.laser.ethereum.instructions [DEBUG]: Evaluating DUP5 at 90
mythril.analysis.module.base [DEBUG]: Entering analysis module: IntegerArithmetics
mythril.analysis.module.base [DEBUG]: Exiting analysis module: IntegerArithmetics
mythril.laser.ethereum.instructions [DEBUG]: Evaluating ADD at 91
mythril.laser.ethereum.instructions [DEBUG]: Evaluating SWAP1 at 92
mythril.laser.ethereum.instructions [DEBUG]: Evaluating SWAP6 at 93
mythril.laser.ethereum.instructions [DEBUG]: Evaluating MSTORE at 94
mythril.laser.ethereum.instructions [DEBUG]: Evaluating DUP5 at 95
mythril.laser.ethereum.instructions [DEBUG]: Evaluating DUP5 at 96
mythril.laser.ethereum.instructions [DEBUG]: Evaluating MSTORE at 97
mythril.laser.ethereum.instructions [DEBUG]: Evaluating PUSH2 at 98
mythril.laser.ethereum.instructions [DEBUG]: Evaluating SWAP5 at 99
mythril.laser.ethereum.instructions [DEBUG]: Evaluating CALLDATASIZE at 100
mythril.laser.ethereum.instructions [DEBUG]: Evaluating SWAP5 at 101
mythril.laser.ethereum.instructions [DEBUG]: Evaluating SWAP3 at 102
mythril.laser.ethereum.instructions [DEBUG]: Evaluating SWAP4 at 103
mythril.laser.ethereum.instructions [DEBUG]: Evaluating PUSH1 at 104
mythril.laser.ethereum.instructions [DEBUG]: Evaluating SWAP4 at 105
mythril.laser.ethereum.instructions [DEBUG]: Evaluating SWAP3 at 106
mythril.laser.ethereum.instructions [DEBUG]: Evaluating DUP5 at 107
mythril.analysis.module.base [DEBUG]: Entering analysis module: IntegerArithmetics
mythril.analysis.module.base [DEBUG]: Exiting analysis module: IntegerArithmetics
mythril.laser.ethereum.instructions [DEBUG]: Evaluating ADD at 108
mythril.laser.ethereum.instructions [DEBUG]: Evaluating SWAP2 at 109
mythril.laser.ethereum.instructions [DEBUG]: Evaluating SWAP1 at 110
mythril.laser.ethereum.instructions [DEBUG]: Evaluating DUP2 at 111
mythril.laser.ethereum.instructions [DEBUG]: Evaluating SWAP1 at 112
mythril.laser.ethereum.instructions [DEBUG]: Evaluating DUP5 at 113
mythril.analysis.module.base [DEBUG]: Entering analysis module: IntegerArithmetics
mythril.analysis.module.base [DEBUG]: Exiting analysis module: IntegerArithmetics
mythril.laser.ethereum.instructions [DEBUG]: Evaluating ADD at 114
mythril.laser.ethereum.instructions [DEBUG]: Evaluating DUP4 at 115
mythril.laser.ethereum.instructions [DEBUG]: Evaluating DUP3 at 116
mythril.laser.ethereum.instructions [DEBUG]: Evaluating DUP1 at 117
mythril.laser.ethereum.instructions [DEBUG]: Evaluating DUP3 at 118
mythril.laser.ethereum.instructions [DEBUG]: Evaluating DUP5 at 119
mythril.laser.ethereum.instructions [DEBUG]: Evaluating CALLDATACOPY at 120
mythril.laser.ethereum.instructions [DEBUG]: Unsupported symbolic calldata offset in CALLDATACOPY
mythril.laser.ethereum.instructions [DEBUG]: Unsupported symbolic size in CALLDATACOPY
mythril.laser.ethereum.instructions [DEBUG]: Evaluating POP at 121
mythril.laser.ethereum.instructions [DEBUG]: Evaluating SWAP5 at 122
mythril.laser.ethereum.instructions [DEBUG]: Evaluating SWAP8 at 123
mythril.laser.ethereum.instructions [DEBUG]: Evaluating POP at 124
mythril.laser.ethereum.instructions [DEBUG]: Evaluating PUSH2 at 125
mythril.laser.ethereum.instructions [DEBUG]: Evaluating SWAP7 at 126
mythril.laser.ethereum.instructions [DEBUG]: Evaluating POP at 127
mythril.laser.ethereum.instructions [DEBUG]: Evaluating POP at 128
mythril.laser.ethereum.instructions [DEBUG]: Evaluating POP at 129
mythril.laser.ethereum.instructions [DEBUG]: Evaluating POP at 130
mythril.laser.ethereum.instructions [DEBUG]: Evaluating POP at 131
mythril.laser.ethereum.instructions [DEBUG]: Evaluating POP at 132
mythril.laser.ethereum.instructions [DEBUG]: Evaluating POP at 133
mythril.laser.ethereum.instructions [DEBUG]: Evaluating JUMP at 134
mythril.laser.ethereum.instructions [DEBUG]: Evaluating JUMPDEST at 141
mythril.laser.ethereum.instructions [DEBUG]: Evaluating DUP1 at 142
mythril.laser.ethereum.instructions [DEBUG]: Evaluating PUSH1 at 143
mythril.laser.ethereum.instructions [DEBUG]: Evaluating MLOAD at 144
mythril.laser.ethereum.instructions [DEBUG]: Evaluating DUP1 at 145
mythril.laser.ethereum.instructions [DEBUG]: Evaluating DUP3 at 146
mythril.laser.ethereum.instructions [DEBUG]: Evaluating DUP1 at 147
mythril.laser.ethereum.instructions [DEBUG]: Evaluating MLOAD at 148
mythril.laser.ethereum.instructions [DEBUG]: Evaluating SWAP1 at 149
mythril.laser.ethereum.instructions [DEBUG]: Evaluating PUSH1 at 150
mythril.analysis.module.base [DEBUG]: Entering analysis module: IntegerArithmetics
mythril.analysis.module.base [DEBUG]: Exiting analysis module: IntegerArithmetics
mythril.laser.ethereum.instructions [DEBUG]: Evaluating ADD at 151
mythril.laser.ethereum.instructions [DEBUG]: Evaluating SWAP1 at 152
mythril.laser.ethereum.instructions [DEBUG]: Evaluating DUP1 at 153
mythril.laser.ethereum.instructions [DEBUG]: Evaluating DUP4 at 154
mythril.laser.ethereum.instructions [DEBUG]: Evaluating DUP4 at 155
mythril.laser.ethereum.instructions [DEBUG]: Evaluating JUMPDEST at 156
mythril.laser.ethereum.instructions [DEBUG]: Evaluating PUSH1 at 157
mythril.laser.ethereum.instructions [DEBUG]: Evaluating DUP4 at 158
mythril.laser.ethereum.instructions [DEBUG]: Evaluating LT at 159
mythril.laser.ethereum.instructions [DEBUG]: Evaluating PUSH2 at 160
mythril.analysis.module.base [DEBUG]: Entering analysis module: TxOrigin
mythril.analysis.module.base [DEBUG]: Exiting analysis module: TxOrigin
mythril.analysis.module.base [DEBUG]: Entering analysis module: IntegerArithmetics
mythril.analysis.module.base [DEBUG]: Exiting analysis module: IntegerArithmetics
mythril.laser.ethereum.instructions [DEBUG]: Evaluating JUMPI at 161
mythril.laser.ethereum.instructions [DEBUG]: Evaluating DUP1 at 162
mythril.laser.ethereum.instructions [DEBUG]: Evaluating JUMPDEST at 180
mythril.laser.ethereum.instructions [DEBUG]: Evaluating MLOAD at 163
mythril.laser.ethereum.instructions [DEBUG]: Evaluating MLOAD at 181
mythril.laser.ethereum.instructions [DEBUG]: Evaluating DUP3 at 164
mythril.laser.ethereum.instructions [DEBUG]: Evaluating DUP2 at 182
mythril.laser.ethereum.instructions [DEBUG]: Evaluating MSTORE at 165
mythril.laser.ethereum.instructions [DEBUG]: Evaluating MLOAD at 183
mythril.laser.ethereum.instructions [DEBUG]: Evaluating PUSH1 at 166
mythril.laser.ethereum.instructions [DEBUG]: Evaluating PUSH1 at 184
mythril.laser.ethereum.instructions [DEBUG]: Evaluating NOT at 167
mythril.laser.ethereum.instructions [DEBUG]: Evaluating SWAP4 at 185
mythril.laser.ethereum.instructions [DEBUG]: Evaluating SWAP1 at 168
mythril.laser.ethereum.instructions [DEBUG]: Evaluating SWAP1 at 186
mythril.laser.ethereum.instructions [DEBUG]: Evaluating SWAP3 at 169
mythril.laser.ethereum.instructions [DEBUG]: Evaluating SWAP4 at 187
mythril.analysis.module.base [DEBUG]: Entering analysis module: IntegerArithmetics
mythril.analysis.module.base [DEBUG]: Exiting analysis module: IntegerArithmetics
mythril.laser.ethereum.instructions [DEBUG]: Evaluating ADD at 170
mythril.analysis.module.base [DEBUG]: Entering analysis module: IntegerArithmetics
mythril.analysis.module.base [DEBUG]: Exiting analysis module: IntegerArithmetics
mythril.laser.ethereum.instructions [DEBUG]: Evaluating SUB at 188
mythril.laser.ethereum.instructions [DEBUG]: Evaluating SWAP2 at 171
mythril.laser.ethereum.instructions [DEBUG]: Evaluating PUSH2 at 189
mythril.laser.ethereum.instructions [DEBUG]: Evaluating PUSH1 at 172
mythril.analysis.module.base [DEBUG]: Entering analysis module: IntegerArithmetics
mythril.analysis.module.base [DEBUG]: Exiting analysis module: IntegerArithmetics
mythril.laser.ethereum.instructions [DEBUG]: Evaluating EXP at 190
mythril.laser.ethereum.instructions [DEBUG]: Evaluating SWAP2 at 173
mythril.laser.ethereum.instructions [DEBUG]: Evaluating PUSH1 at 191
mythril.laser.ethereum.instructions [DEBUG]: Evaluating DUP3 at 174
mythril.laser.ethereum.instructions [DEBUG]: Evaluating NOT at 192
mythril.analysis.module.base [DEBUG]: Entering analysis module: IntegerArithmetics
mythril.analysis.module.base [DEBUG]: Exiting analysis module: IntegerArithmetics
mythril.laser.ethereum.instructions [DEBUG]: Evaluating ADD at 175
mythril.analysis.module.base [DEBUG]: Entering analysis module: IntegerArithmetics
mythril.analysis.module.base [DEBUG]: Exiting analysis module: IntegerArithmetics
mythril.laser.ethereum.instructions [DEBUG]: Evaluating ADD at 193
mythril.laser.ethereum.instructions [DEBUG]: Evaluating SWAP2 at 176
mythril.laser.ethereum.instructions [DEBUG]: Evaluating DUP1 at 194
mythril.analysis.module.base [DEBUG]: Entering analysis module: IntegerArithmetics
mythril.analysis.module.base [DEBUG]: Exiting analysis module: IntegerArithmetics
mythril.laser.ethereum.instructions [DEBUG]: Evaluating ADD at 177
mythril.laser.ethereum.instructions [DEBUG]: Evaluating NOT at 195
mythril.laser.ethereum.instructions [DEBUG]: Evaluating PUSH2 at 178
mythril.laser.ethereum.instructions [DEBUG]: Evaluating SWAP1 at 196
mythril.laser.ethereum.instructions [DEBUG]: Evaluating JUMP at 179
mythril.laser.ethereum.instructions [DEBUG]: Evaluating SWAP2 at 197
mythril.laser.ethereum.instructions [DEBUG]: Evaluating JUMPDEST at 156
mythril.laser.ethereum.instructions [DEBUG]: Evaluating AND at 198
mythril.laser.ethereum.instructions [DEBUG]: Evaluating PUSH1 at 157
mythril.laser.ethereum.instructions [DEBUG]: Evaluating SWAP3 at 199
mythril.laser.ethereum.instructions [DEBUG]: Evaluating DUP4 at 158
mythril.laser.ethereum.instructions [DEBUG]: Evaluating AND at 200
mythril.laser.ethereum.instructions [DEBUG]: Evaluating LT at 159
mythril.laser.ethereum.instructions [DEBUG]: Evaluating SWAP2 at 201
mythril.laser.ethereum.instructions [DEBUG]: Evaluating PUSH2 at 160
mythril.laser.ethereum.instructions [DEBUG]: Evaluating SWAP1 at 202
mythril.analysis.module.base [DEBUG]: Entering analysis module: TxOrigin
mythril.analysis.module.base [DEBUG]: Exiting analysis module: TxOrigin
mythril.analysis.module.base [DEBUG]: Entering analysis module: IntegerArithmetics
mythril.analysis.module.base [DEBUG]: Exiting analysis module: IntegerArithmetics
mythril.laser.ethereum.instructions [DEBUG]: Evaluating JUMPI at 161
mythril.laser.ethereum.instructions [DEBUG]: Evaluating SWAP2 at 203
mythril.laser.ethereum.instructions [DEBUG]: Evaluating DUP1 at 162
mythril.laser.ethereum.instructions [DEBUG]: Evaluating JUMPDEST at 180
mythril.laser.ethereum.instructions [DEBUG]: Evaluating OR at 204
mythril.laser.ethereum.instructions [DEBUG]: Evaluating MLOAD at 163
mythril.laser.ethereum.instructions [DEBUG]: Evaluating MLOAD at 181
mythril.laser.ethereum.instructions [DEBUG]: Evaluating SWAP1 at 205
mythril.laser.ethereum.instructions [DEBUG]: Evaluating DUP3 at 164
mythril.laser.ethereum.instructions [DEBUG]: Evaluating DUP2 at 182
mythril.laser.ethereum.instructions [DEBUG]: Evaluating MSTORE at 206
mythril.laser.ethereum.instructions [DEBUG]: Evaluating MSTORE at 165
mythril.laser.ethereum.instructions [DEBUG]: Evaluating MLOAD at 183
mythril.laser.ethereum.instructions [DEBUG]: Evaluating PUSH1 at 207
mythril.laser.ethereum.instructions [DEBUG]: Evaluating PUSH1 at 166
mythril.laser.ethereum.instructions [DEBUG]: Evaluating PUSH1 at 184
mythril.laser.ethereum.instructions [DEBUG]: Evaluating MLOAD at 208
mythril.laser.ethereum.instructions [DEBUG]: Evaluating NOT at 167
mythril.laser.ethereum.instructions [DEBUG]: Evaluating SWAP4 at 185
mythril.laser.ethereum.instructions [DEBUG]: Evaluating SWAP3 at 209
mythril.laser.ethereum.instructions [DEBUG]: Evaluating SWAP1 at 168
mythril.laser.ethereum.instructions [DEBUG]: Evaluating SWAP1 at 186
mythril.analysis.module.base [DEBUG]: Entering analysis module: IntegerArithmetics
mythril.analysis.module.base [DEBUG]: Exiting analysis module: IntegerArithmetics
mythril.laser.ethereum.instructions [DEBUG]: Evaluating ADD at 210
mythril.laser.ethereum.instructions [DEBUG]: Evaluating SWAP3 at 169
mythril.laser.ethereum.instructions [DEBUG]: Evaluating SWAP4 at 187
mythril.laser.ethereum.instructions [DEBUG]: Evaluating DUP3 at 211
mythril.analysis.module.base [DEBUG]: Entering analysis module: IntegerArithmetics
mythril.analysis.module.base [DEBUG]: Exiting analysis module: IntegerArithmetics
mythril.laser.ethereum.instructions [DEBUG]: Evaluating ADD at 170
mythril.analysis.module.base [DEBUG]: Entering analysis module: IntegerArithmetics
mythril.analysis.module.base [DEBUG]: Exiting analysis module: IntegerArithmetics
mythril.laser.ethereum.instructions [DEBUG]: Evaluating SUB at 188
mythril.laser.ethereum.instructions [DEBUG]: Evaluating SWAP1 at 212
mythril.laser.ethereum.instructions [DEBUG]: Evaluating SWAP2 at 171
mythril.laser.ethereum.instructions [DEBUG]: Evaluating PUSH2 at 189
mythril.analysis.module.base [DEBUG]: Entering analysis module: IntegerArithmetics
mythril.analysis.module.base [DEBUG]: Exiting analysis module: IntegerArithmetics
mythril.laser.ethereum.instructions [DEBUG]: Evaluating SUB at 213
mythril.laser.ethereum.instructions [DEBUG]: Evaluating PUSH1 at 172
mythril.analysis.module.base [DEBUG]: Entering analysis module: IntegerArithmetics
mythril.analysis.module.base [DEBUG]: Exiting analysis module: IntegerArithmetics
mythril.laser.ethereum.instructions [DEBUG]: Evaluating EXP at 190
mythril.laser.ethereum.instructions [DEBUG]: Evaluating SWAP1 at 214
mythril.laser.ethereum.instructions [DEBUG]: Evaluating SWAP2 at 173
mythril.laser.ethereum.instructions [DEBUG]: Evaluating PUSH1 at 191
mythril.laser.ethereum.instructions [DEBUG]: Evaluating SWAP2 at 215
mythril.laser.ethereum.instructions [DEBUG]: Evaluating DUP3 at 174
mythril.laser.ethereum.instructions [DEBUG]: Evaluating NOT at 192
mythril.laser.ethereum.instructions [DEBUG]: Evaluating SHA3 at 216
mythril.analysis.module.base [DEBUG]: Entering analysis module: IntegerArithmetics
mythril.analysis.module.base [DEBUG]: Exiting analysis module: IntegerArithmetics
mythril.laser.ethereum.instructions [DEBUG]: Evaluating ADD at 175
mythril.analysis.module.base [DEBUG]: Entering analysis module: IntegerArithmetics
mythril.analysis.module.base [DEBUG]: Exiting analysis module: IntegerArithmetics
mythril.laser.ethereum.instructions [DEBUG]: Evaluating ADD at 193
mythril.laser.ethereum.instructions [DEBUG]: Evaluating SWAP2 at 176
mythril.laser.ethereum.instructions [DEBUG]: Evaluating DUP1 at 194
mythril.analysis.module.base [DEBUG]: Entering analysis module: IntegerArithmetics
mythril.analysis.module.base [DEBUG]: Exiting analysis module: IntegerArithmetics
mythril.laser.ethereum.instructions [DEBUG]: Evaluating ADD at 177
mythril.laser.ethereum.instructions [DEBUG]: Evaluating NOT at 195
mythril.laser.ethereum.instructions [DEBUG]: Evaluating PUSH2 at 178
mythril.laser.ethereum.instructions [DEBUG]: Evaluating SWAP1 at 196
mythril.laser.ethereum.instructions [DEBUG]: Evaluating JUMP at 179
mythril.laser.ethereum.instructions [DEBUG]: Evaluating SWAP2 at 197
mythril.laser.ethereum.instructions [DEBUG]: Evaluating JUMPDEST at 156
mythril.laser.ethereum.instructions [DEBUG]: Evaluating AND at 198
mythril.laser.ethereum.instructions [DEBUG]: Evaluating PUSH1 at 157
mythril.laser.ethereum.instructions [DEBUG]: Evaluating SWAP3 at 199
mythril.laser.ethereum.instructions [DEBUG]: Evaluating DUP4 at 158
mythril.laser.ethereum.instructions [DEBUG]: Evaluating AND at 200
mythril.laser.ethereum.instructions [DEBUG]: Evaluating LT at 159
mythril.laser.ethereum.instructions [DEBUG]: Evaluating SWAP2 at 201
mythril.laser.ethereum.instructions [DEBUG]: Evaluating PUSH2 at 160
mythril.laser.ethereum.instructions [DEBUG]: Evaluating SWAP1 at 202
mythril.analysis.module.base [DEBUG]: Entering analysis module: TxOrigin
mythril.analysis.module.base [DEBUG]: Exiting analysis module: TxOrigin
mythril.analysis.module.base [DEBUG]: Entering analysis module: IntegerArithmetics
mythril.analysis.module.base [DEBUG]: Exiting analysis module: IntegerArithmetics
mythril.laser.ethereum.instructions [DEBUG]: Evaluating JUMPI at 161
mythril.laser.ethereum.instructions [DEBUG]: Evaluating SWAP2 at 203
mythril.laser.ethereum.instructions [DEBUG]: Evaluating DUP1 at 162
mythril.laser.ethereum.instructions [DEBUG]: Evaluating JUMPDEST at 180
mythril.laser.ethereum.instructions [DEBUG]: Evaluating OR at 204
mythril.laser.ethereum.instructions [DEBUG]: Evaluating MLOAD at 163
mythril.laser.ethereum.instructions [DEBUG]: Evaluating MLOAD at 181
mythril.laser.ethereum.instructions [DEBUG]: Evaluating SWAP1 at 205
mythril.laser.ethereum.instructions [DEBUG]: Evaluating DUP3 at 164
mythril.laser.ethereum.instructions [DEBUG]: Evaluating DUP2 at 182
mythril.laser.ethereum.instructions [DEBUG]: Evaluating MSTORE at 206
mythril.laser.ethereum.instructions [DEBUG]: Evaluating MSTORE at 165
mythril.laser.ethereum.instructions [DEBUG]: Evaluating MLOAD at 183
mythril.laser.ethereum.instructions [DEBUG]: Evaluating PUSH1 at 207
mythril.laser.ethereum.instructions [DEBUG]: Evaluating PUSH1 at 166
mythril.laser.ethereum.instructions [DEBUG]: Evaluating PUSH1 at 184
mythril.laser.ethereum.instructions [DEBUG]: Evaluating MLOAD at 208
mythril.laser.ethereum.instructions [DEBUG]: Evaluating NOT at 167
mythril.laser.ethereum.instructions [DEBUG]: Evaluating SWAP4 at 185
mythril.laser.ethereum.instructions [DEBUG]: Evaluating SWAP3 at 209
mythril.laser.ethereum.instructions [DEBUG]: Evaluating SWAP1 at 168
mythril.laser.ethereum.instructions [DEBUG]: Evaluating SWAP1 at 186
mythril.analysis.module.base [DEBUG]: Entering analysis module: IntegerArithmetics
mythril.analysis.module.base [DEBUG]: Exiting analysis module: IntegerArithmetics
mythril.laser.ethereum.instructions [DEBUG]: Evaluating ADD at 210
mythril.laser.ethereum.instructions [DEBUG]: Evaluating SWAP3 at 169
mythril.laser.ethereum.instructions [DEBUG]: Evaluating SWAP4 at 187
mythril.laser.ethereum.instructions [DEBUG]: Evaluating DUP3 at 211
mythril.analysis.module.base [DEBUG]: Entering analysis module: IntegerArithmetics
mythril.analysis.module.base [DEBUG]: Exiting analysis module: IntegerArithmetics
mythril.laser.ethereum.instructions [DEBUG]: Evaluating ADD at 170
mythril.analysis.module.base [DEBUG]: Entering analysis module: IntegerArithmetics
mythril.analysis.module.base [DEBUG]: Exiting analysis module: IntegerArithmetics
mythril.laser.ethereum.instructions [DEBUG]: Evaluating SUB at 188
mythril.laser.ethereum.instructions [DEBUG]: Evaluating SWAP1 at 212
mythril.laser.ethereum.instructions [DEBUG]: Evaluating SWAP2 at 171
mythril.laser.ethereum.instructions [DEBUG]: Evaluating PUSH2 at 189
mythril.analysis.module.base [DEBUG]: Entering analysis module: IntegerArithmetics
mythril.analysis.module.base [DEBUG]: Exiting analysis module: IntegerArithmetics
mythril.laser.ethereum.instructions [DEBUG]: Evaluating SUB at 213
mythril.laser.ethereum.instructions [DEBUG]: Evaluating PUSH1 at 172
mythril.analysis.module.base [DEBUG]: Entering analysis module: IntegerArithmetics
mythril.analysis.module.base [DEBUG]: Exiting analysis module: IntegerArithmetics
mythril.laser.ethereum.instructions [DEBUG]: Evaluating EXP at 190
mythril.laser.ethereum.instructions [DEBUG]: Evaluating SWAP1 at 214
mythril.laser.ethereum.instructions [DEBUG]: Evaluating SWAP2 at 173
mythril.laser.ethereum.instructions [DEBUG]: Evaluating PUSH1 at 191
mythril.laser.ethereum.instructions [DEBUG]: Evaluating SWAP2 at 215
mythril.laser.ethereum.instructions [DEBUG]: Evaluating DUP3 at 174
mythril.laser.ethereum.instructions [DEBUG]: Evaluating NOT at 192
mythril.laser.ethereum.instructions [DEBUG]: Evaluating SHA3 at 216
mythril.analysis.module.base [DEBUG]: Entering analysis module: IntegerArithmetics
mythril.analysis.module.base [DEBUG]: Exiting analysis module: IntegerArithmetics
mythril.laser.ethereum.instructions [DEBUG]: Evaluating ADD at 175
mythril.analysis.module.base [DEBUG]: Entering analysis module: IntegerArithmetics
mythril.analysis.module.base [DEBUG]: Exiting analysis module: IntegerArithmetics
mythril.laser.ethereum.instructions [DEBUG]: Evaluating ADD at 193
mythril.laser.ethereum.instructions [DEBUG]: Evaluating SWAP2 at 176
mythril.laser.ethereum.instructions [DEBUG]: Evaluating DUP1 at 194
mythril.analysis.module.base [DEBUG]: Entering analysis module: IntegerArithmetics
mythril.analysis.module.base [DEBUG]: Exiting analysis module: IntegerArithmetics
mythril.laser.ethereum.instructions [DEBUG]: Evaluating ADD at 177
mythril.laser.ethereum.instructions [DEBUG]: Evaluating NOT at 195
mythril.laser.ethereum.instructions [DEBUG]: Evaluating PUSH2 at 178
mythril.laser.ethereum.instructions [DEBUG]: Evaluating SWAP1 at 196
mythril.laser.ethereum.instructions [DEBUG]: Evaluating JUMP at 179
mythril.laser.ethereum.instructions [DEBUG]: Evaluating SWAP2 at 197
mythril.laser.ethereum.strategy.extensions.bounded_loops [DEBUG]: Loop bound reached, skipping state
mythril.laser.ethereum.instructions [DEBUG]: Evaluating AND at 198
mythril.laser.ethereum.instructions [DEBUG]: Evaluating SWAP3 at 199
mythril.laser.ethereum.instructions [DEBUG]: Evaluating AND at 200
mythril.laser.ethereum.instructions [DEBUG]: Evaluating SWAP2 at 201
mythril.laser.ethereum.instructions [DEBUG]: Evaluating SWAP1 at 202
mythril.laser.ethereum.instructions [DEBUG]: Evaluating SWAP2 at 203
mythril.laser.ethereum.instructions [DEBUG]: Evaluating OR at 204
mythril.laser.ethereum.instructions [DEBUG]: Evaluating SWAP1 at 205
mythril.laser.ethereum.instructions [DEBUG]: Evaluating MSTORE at 206
mythril.laser.ethereum.instructions [DEBUG]: Evaluating PUSH1 at 207
mythril.laser.ethereum.instructions [DEBUG]: Evaluating MLOAD at 208
mythril.laser.ethereum.instructions [DEBUG]: Evaluating SWAP3 at 209
mythril.analysis.module.base [DEBUG]: Entering analysis module: IntegerArithmetics
mythril.analysis.module.base [DEBUG]: Exiting analysis module: IntegerArithmetics
mythril.laser.ethereum.instructions [DEBUG]: Evaluating ADD at 210
mythril.laser.ethereum.instructions [DEBUG]: Evaluating DUP3 at 211
mythril.laser.ethereum.instructions [DEBUG]: Evaluating SWAP1 at 212
mythril.analysis.module.base [DEBUG]: Entering analysis module: IntegerArithmetics
mythril.analysis.module.base [DEBUG]: Exiting analysis module: IntegerArithmetics
mythril.laser.ethereum.instructions [DEBUG]: Evaluating SUB at 213
mythril.laser.ethereum.instructions [DEBUG]: Evaluating SWAP1 at 214
mythril.laser.ethereum.instructions [DEBUG]: Evaluating SWAP2 at 215
mythril.laser.ethereum.instructions [DEBUG]: Evaluating SHA3 at 216
mythril.laser.ethereum.instructions [DEBUG]: Evaluating PUSH32 at 217
mythril.laser.ethereum.instructions [DEBUG]: Evaluating EQ at 218
mythril.laser.ethereum.instructions [DEBUG]: Evaluating SWAP3 at 219
mythril.laser.ethereum.instructions [DEBUG]: Evaluating POP at 220
mythril.laser.ethereum.instructions [DEBUG]: Evaluating PUSH2 at 221
mythril.laser.ethereum.instructions [DEBUG]: Evaluating SWAP2 at 222
mythril.laser.ethereum.instructions [DEBUG]: Evaluating POP at 223
mythril.laser.ethereum.instructions [DEBUG]: Evaluating POP at 224
mythril.analysis.module.base [DEBUG]: Entering analysis module: TxOrigin
mythril.analysis.module.base [DEBUG]: Exiting analysis module: TxOrigin
mythril.analysis.module.base [DEBUG]: Entering analysis module: IntegerArithmetics
mythril.analysis.module.base [DEBUG]: Exiting analysis module: IntegerArithmetics
mythril.laser.ethereum.instructions [DEBUG]: Evaluating JUMPI at 225
mythril.laser.ethereum.instructions [DEBUG]: Evaluating PUSH1 at 226
mythril.laser.ethereum.instructions [DEBUG]: Evaluating DUP1 at 227
mythril.laser.ethereum.instructions [DEBUG]: Evaluating REVERT at 228
mythril.laser.ethereum.svm [DEBUG]: Ending transaction MessageCallTransaction 1 from sender_1 to                                        0x0.
mythril.laser.plugin.plugins.coverage.coverage_plugin [INFO]: Number of new instructions covered in tx 0: 227
mythril.laser.ethereum.svm [INFO]: Finished symbolic execution
mythril.laser.plugin.plugins.coverage.coverage_plugin [INFO]: Achieved 84.70% coverage for code: 60806040526004361061004b5763ffffffff7c010000000000000000000000000000000000000000000000000000000060003504166309bd5a60811461005057806376fe1e9214610077575b600080fd5b34801561005c57600080fd5b506100656100d2565b60408051918252519081900360200190f35b34801561008357600080fd5b506040805160206004803580820135601f81018490048402850184019095528484526100d09436949293602493928401919081908401838280828437509497506100f69650505050505050565b005b7fb5b5b97fafd9855eec9b41f74dfb6c38f5951141f9a3ecd7f44d5479b630ee0a81565b806040518082805190602001908083835b602083106101265780518252601f199092019160209182019101610107565b5181516020939093036101000a600019018019909116921691909117905260405192018290039091207fb5b5b97fafd9855eec9b41f74dfb6c38f5951141f9a3ecd7f44d5479b630ee0a14925061017f91505057600080fd5b6040513390600090683635c9adc5dea000009082818181858883f193505050501580156101b0573d6000803e3d6000fd5b50505600
mythril.laser.plugin.plugins.instruction_profiler [INFO]: Total: 2.1660192012786865 s
[ADD         ]   1.4274 %,  nr     23,  total   0.0309 s,  avg   0.0013 s,  min   0.0007 s,  max   0.0019 s
[AND         ]   0.3585 %,  nr      7,  total   0.0078 s,  avg   0.0011 s,  min   0.0006 s,  max   0.0015 s
[CALLDATACOPY]  17.4639 %,  nr      1,  total   0.3783 s,  avg   0.3783 s,  min   0.3783 s,  max   0.3783 s
[CALLDATALOAD]   4.4161 %,  nr      3,  total   0.0957 s,  avg   0.0319 s,  min   0.0288 s,  max   0.0370 s
[CALLDATASIZE]   0.1013 %,  nr      2,  total   0.0022 s,  avg   0.0011 s,  min   0.0011 s,  max   0.0011 s
[CALLVALUE   ]   0.1025 %,  nr      2,  total   0.0022 s,  avg   0.0011 s,  min   0.0011 s,  max   0.0011 s
[DIV         ]   0.1924 %,  nr      2,  total   0.0042 s,  avg   0.0021 s,  min   0.0019 s,  max   0.0022 s
[DUP1        ]   1.4451 %,  nr     23,  total   0.0313 s,  avg   0.0014 s,  min   0.0005 s,  max   0.0060 s
[DUP2        ]   0.3632 %,  nr      8,  total   0.0079 s,  avg   0.0010 s,  min   0.0006 s,  max   0.0012 s
[DUP3        ]   0.6448 %,  nr     14,  total   0.0140 s,  avg   0.0010 s,  min   0.0005 s,  max   0.0016 s
[DUP4        ]   0.3215 %,  nr      6,  total   0.0070 s,  avg   0.0012 s,  min   0.0011 s,  max   0.0014 s
[DUP5        ]   0.4092 %,  nr      8,  total   0.0089 s,  avg   0.0011 s,  min   0.0010 s,  max   0.0013 s
[DUP6        ]   0.0542 %,  nr      1,  total   0.0012 s,  avg   0.0012 s,  min   0.0012 s,  max   0.0012 s
[EQ          ]   0.2479 %,  nr      3,  total   0.0054 s,  avg   0.0018 s,  min   0.0012 s,  max   0.0029 s
[EXP         ]   0.2374 %,  nr      3,  total   0.0051 s,  avg   0.0017 s,  min   0.0010 s,  max   0.0021 s
[ISZERO      ]   0.1453 %,  nr      2,  total   0.0031 s,  avg   0.0016 s,  min   0.0014 s,  max   0.0017 s
[JUMP        ]   0.6129 %,  nr      6,  total   0.0133 s,  avg   0.0022 s,  min   0.0015 s,  max   0.0033 s
[JUMPDEST    ]   0.8108 %,  nr     15,  total   0.0176 s,  avg   0.0012 s,  min   0.0008 s,  max   0.0015 s
[JUMPI       ]   2.6322 %,  nr      9,  total   0.0570 s,  avg   0.0063 s,  min   0.0036 s,  max   0.0217 s
[LT          ]   0.2516 %,  nr      4,  total   0.0054 s,  avg   0.0014 s,  min   0.0012 s,  max   0.0016 s
[MLOAD       ]  36.0909 %,  nr     17,  total   0.7817 s,  avg   0.0460 s,  min   0.0187 s,  max   0.0728 s
[MSTORE      ]  13.0637 %,  nr     10,  total   0.2830 s,  avg   0.0283 s,  min   0.0175 s,  max   0.0406 s
[MUL         ]   0.0832 %,  nr      1,  total   0.0018 s,  avg   0.0018 s,  min   0.0018 s,  max   0.0018 s
[NOT         ]   0.4980 %,  nr      9,  total   0.0108 s,  avg   0.0012 s,  min   0.0006 s,  max   0.0016 s
[OR          ]   0.1478 %,  nr      3,  total   0.0032 s,  avg   0.0011 s,  min   0.0006 s,  max   0.0015 s
[POP         ]   1.0683 %,  nr     14,  total   0.0231 s,  avg   0.0017 s,  min   0.0009 s,  max   0.0044 s
[PUSH1       ]   2.1697 %,  nr     36,  total   0.0470 s,  avg   0.0013 s,  min   0.0005 s,  max   0.0058 s
[PUSH2       ]   1.3563 %,  nr     19,  total   0.0294 s,  avg   0.0015 s,  min   0.0006 s,  max   0.0056 s
[PUSH29      ]   0.0616 %,  nr      1,  total   0.0013 s,  avg   0.0013 s,  min   0.0013 s,  max   0.0013 s
[PUSH32      ]   0.1703 %,  nr      2,  total   0.0037 s,  avg   0.0018 s,  min   0.0011 s,  max   0.0026 s
[PUSH4       ]   0.2110 %,  nr      3,  total   0.0046 s,  avg   0.0015 s,  min   0.0012 s,  max   0.0020 s
[SHA3        ]   8.4665 %,  nr      3,  total   0.1834 s,  avg   0.0611 s,  min   0.0482 s,  max   0.0860 s
[SUB         ]   0.4621 %,  nr      7,  total   0.0100 s,  avg   0.0014 s,  min   0.0007 s,  max   0.0022 s
[SWAP1       ]   1.3533 %,  nr     30,  total   0.0293 s,  avg   0.0010 s,  min   0.0005 s,  max   0.0019 s
[SWAP2       ]   1.2357 %,  nr     24,  total   0.0268 s,  avg   0.0011 s,  min   0.0005 s,  max   0.0048 s
[SWAP3       ]   0.6192 %,  nr     12,  total   0.0134 s,  avg   0.0011 s,  min   0.0005 s,  max   0.0022 s
[SWAP4       ]   0.3976 %,  nr      8,  total   0.0086 s,  avg   0.0011 s,  min   0.0005 s,  max   0.0015 s
[SWAP5       ]   0.1664 %,  nr      3,  total   0.0036 s,  avg   0.0012 s,  min   0.0012 s,  max   0.0012 s
[SWAP6       ]   0.0469 %,  nr      1,  total   0.0010 s,  avg   0.0010 s,  min   0.0010 s,  max   0.0010 s
[SWAP7       ]   0.0462 %,  nr      1,  total   0.0010 s,  avg   0.0010 s,  min   0.0010 s,  max   0.0010 s
[SWAP8       ]   0.0472 %,  nr      1,  total   0.0010 s,  avg   0.0010 s,  min   0.0010 s,  max   0.0010 s

mythril.analysis.security [INFO]: Starting analysis
mythril.analysis.security [DEBUG]: Retrieving results for Caller can write to arbitrary storage locations
mythril.analysis.security [DEBUG]: Retrieving results for Delegatecall to a user-specified address
mythril.analysis.security [DEBUG]: Retrieving results for Control flow depends on tx.origin
mythril.analysis.security [DEBUG]: Retrieving results for Any sender can withdraw ETH from the contract account
mythril.analysis.security [DEBUG]: Retrieving results for Integer overflow or underflow
mythril.analysis.security [DEBUG]: Retrieving results for State change after an external call
mythril.analysis.security [DEBUG]: Retrieving results for Contract can be accidentally killed by anyone
mythril.analysis.security [DEBUG]: Retrieving results for Return value of an external call is not checked
mythril.mythril.mythril_analyzer [INFO]: Solver statistics: 
Query count: 24 
Solver time: 9.387564897537231
{"error": null, "issues": [], "success": true}
