[INFO] compiled with solc ver. 0.4.25
[INFO] all funcs : 3
[INFO] reachable : 3

[INFO] Violate CEI: true
[INFO] msg.sender = this possible: false
[STEP] Run analyzer
[STEP] Collect fix targets
    (IO, (ReentrancyDAO/deposit/[]), 25, (credit[msg.sender] + msg.value)),
    (IO, (ReentrancyDAO/deposit/[]), 26, (balance + msg.value)),
    (IO, (ReentrancyDAO/withdrawAll/[]), 16, (balance - oCredit)),
    (ETH_LEAK, (ReentrancyDAO/withdrawAll/[]), 18, callResult = msg.sender.call.value(oCredit)();),
    (RE_EL, (ReentrancyDAO/withdrawAll/[]), 18, callResult = msg.sender.call.value(oCredit)();)

[INFO] # of basic patch components : 5
[INFO] extracted components
[
InsertLine (16, assume((balance >= oCredit));),
InsertLine (25, assume(((credit[msg.sender] + msg.value) >= credit[msg.sender]));),
InsertLine (26, assume(((balance + msg.value) >= balance));),
AtomLst [
Move ([20] -> 18)
],
AtomLst [
Add @nonReentrant to (ReentrancyDAO, withdrawAll, []) (line 13)
Add @nonReentrant to (ReentrancyDAO, deposit, []) (line 24)
]
]
- New best candidate, iter 1, 233.991687059s : results/reentrancy/reentrancy_dao/candidates/cand_4/patch.sol
