Getting Slither report...
Switched global version to 0.4.26



'solc --version' running
'solc ../smartbugs-curated/dataset/arithmetic/integer_overflow_benign_1.sol --combined-json abi,ast,bin,bin-runtime,srcmap,srcmap-runtime,userdoc,devdoc,hashes,compact-format --allow-paths .,/home/mokita/sc_study/temp/smartbugs-curated/dataset/arithmetic' running
Compilation warnings/errors on ../smartbugs-curated/dataset/arithmetic/integer_overflow_benign_1.sol:
../smartbugs-curated/dataset/arithmetic/integer_overflow_benign_1.sol:11:1: Warning: Source file does not specify required compiler version!Consider adding "pragma solidity ^0.4.26;"
contract IntegerOverflowBenign1 {
^ (Relevant source part starts here and spans across multiple lines).
../smartbugs-curated/dataset/arithmetic/integer_overflow_benign_1.sol:16:9: Warning: Unused local variable.
        uint res = count - input;
        ^------^
../smartbugs-curated/dataset/arithmetic/integer_overflow_benign_1.sol:14:5: Warning: Function state mutability can be restricted to view
    function run(uint256 input) public {
    ^ (Relevant source part starts here and spans across multiple lines).


solc-0.4.26 is an outdated solc version. Use a more recent version (at least 0.8.0), if possible.
Reference: https://github.com/crytic/slither/wiki/Detector-Documentation#incorrect-versions-of-solidity

IntegerOverflowBenign1.count (../smartbugs-curated/dataset/arithmetic/integer_overflow_benign_1.sol#12) should be constant 
Reference: https://github.com/crytic/slither/wiki/Detector-Documentation#state-variables-that-could-be-declared-constant
../smartbugs-curated/dataset/arithmetic/integer_overflow_benign_1.sol analyzed (1 contracts with 95 detectors), 2 result(s) found

Error running slither
integer_overflow_benign_1.sol
Getting Solidity AST...
Running TIPS...
integer_overflow_benign_1.sol
0.0003807544708251953


