 ______     __         __  __     ______     __     __  __     __    __    
/\  ___\   /\ \       /\ \_\ \   /\  ___\   /\ \   /\ \/\ \   /\ "-./  \   
\ \  __\   \ \ \____  \ \____ \  \ \___  \  \ \ \  \ \ \_\ \  \ \ \-./\ \  
 \ \_____\  \ \_____\  \/\_____\  \/\_____\  \ \_\  \ \_____\  \ \_\ \ \_\ 
  \/_____/   \/_____/   \/_____/   \/_____/   \/_/   \/_____/   \/_/  \/_/ 
                                                                           
Compiling source code...
Retrieving bytecode for contract 'MY_BANK'.
Please wait. Scanning bytecode for bugs...
Running Osiris...
Finished running Osiris. Execution time 1.0522971153259277 seconds. Code coverage 99.8%.
Running Oyente...
Finished running Oyente. Execution time 1.5647144317626953 seconds. Code coverage 66.6%.
Running Mythril...
Finished running Mythril. Execution time 122.17784976959229 seconds. Code coverage 99.77%.
Detected 1 bug(s):
--> Detected 'underflow' (SUB) bug at program counter address 576 (0x240) using Osiris with a code coverage of 99.8%.
Exporting original control-flow graph...
Recovering control-flow graph...
Recovered 100% of the control-flow graph
Number of execution paths accessing storage: 11
Runtime bytecode size: 798 bytes (original: 785 bytes) 1.6560509554140128% increase.
Metadata: 0xa165627a7a72305820f558ee3b9de9cb5fd1ec64870df46e1b2f0333464b7d03e731fbfd966386e0d00029
Exporting patched control-flow graph...
