 ______     __         __  __     ______     __     __  __     __    __    
/\  ___\   /\ \       /\ \_\ \   /\  ___\   /\ \   /\ \/\ \   /\ "-./  \   
\ \  __\   \ \ \____  \ \____ \  \ \___  \  \ \ \  \ \ \_\ \  \ \ \-./\ \  
 \ \_____\  \ \_____\  \/\_____\  \/\_____\  \ \_\  \ \_____\  \ \_\ \ \_\ 
  \/_____/   \/_____/   \/_____/   \/_____/   \/_/   \/_____/   \/_/  \/_/ 
                                                                           
Compiling source code...
Retrieving bytecode for contract 'WhaleGiveaway2'.
Please wait. Scanning bytecode for bugs...
Running Osiris...
Finished running Osiris. Execution time 21.807612895965576 seconds. Code coverage 99.8%.
Running Oyente...
Finished running Oyente. Execution time 1.5111751556396484 seconds. Code coverage 55.9%.
Running Mythril...
Finished running Mythril. Execution time 43.399653911590576 seconds. Code coverage 65.31%.
Detected 1 bug(s):
--> Detected 'leaking ether' bug at program counter address 518 (0x206) using Mythril with a code coverage of 65.31%.
Exporting original control-flow graph...
Recovering control-flow graph...
Recovered 100% of the control-flow graph
Number of execution paths accessing storage: 7
Deployment bytecode size: 54 bytes (original: 50 bytes) 8.0% increase.
Runtime bytecode size: 741 bytes (original: 705 bytes) 5.1063829787234045% increase.
Metadata: 0xa165627a7a7230582090d33d74cf4dd2f2c91150679e132700dee66760ccb50fc0a1382bf2e6d6376c0029
Exporting patched control-flow graph...
