 ______     __         __  __     ______     __     __  __     __    __    
/\  ___\   /\ \       /\ \_\ \   /\  ___\   /\ \   /\ \/\ \   /\ "-./  \   
\ \  __\   \ \ \____  \ \____ \  \ \___  \  \ \ \  \ \ \_\ \  \ \ \-./\ \  
 \ \_____\  \ \_____\  \/\_____\  \/\_____\  \ \_\  \ \_____\  \ \_\ \ \_\ 
  \/_____/   \/_____/   \/_____/   \/_____/   \/_/   \/_____/   \/_/  \/_/ 
                                                                           
Compiling source code...
Retrieving bytecode for contract 'SendBack'.
Please wait. Scanning bytecode for bugs...
Running Osiris...
Finished running Osiris. Execution time 0.9424591064453125 seconds. Code coverage 98.8%.
Running Oyente...
Finished running Oyente. Execution time 1.4249427318572998 seconds. Code coverage 98.8%.
Running Mythril...
Finished running Mythril. Execution time 3.991368293762207 seconds. Code coverage 98.84%.
Detected 1 bug(s):
--> Detected 'unhandled exception' bug at program counter address 130 (0x82) using Mythril with a code coverage of 98.84%.
Exporting original control-flow graph...
Recovering control-flow graph...
Recovered 100% of the control-flow graph
Number of execution paths accessing storage: 1
Deployment bytecode size: 30 bytes (original: 30 bytes) 0.0% increase.
Runtime bytecode size: 150 bytes (original: 139 bytes) 7.913669064748202% increase.
Metadata: 0xa165627a7a72305820bb2717bd135c39c4e627174fa0753176f6720a3a08f65604d8259b82361590b30029
Exporting patched control-flow graph...
