mythril.mythril.mythril_config [INFO]: Creating mythril data directory 
mythril.mythril.mythril_config [INFO]: No config file found. Creating default: /root/.mythril/config.ini 
mythril.mythril.mythril_config [INFO]: Infura key not provided, so onchain access is disabled. Use --infura-id <INFURA_ID> or set it in the environment variable INFURA_ID or in the ~/.mythril/config.ini file 
mythril.support.signatures [INFO]: Using signature database at /root/.mythril/signatures.db
mythril.laser.ethereum.svm [INFO]: LASER EVM initialized with dynamic loader: <mythril.support.loader.DynLoader object at 0x74fca3388a00>
mythril.laser.ethereum.strategy.extensions.bounded_loops [INFO]: Loaded search strategy extension: Loop bounds (limit = 3)
mythril.laser.plugin.loader [INFO]: Loading laser plugin: coverage
mythril.laser.plugin.loader [INFO]: Loading laser plugin: mutation-pruner
mythril.laser.plugin.loader [INFO]: Loading laser plugin: call-depth-limit
mythril.laser.plugin.loader [INFO]: Loading laser plugin: instruction-profiler
mythril.laser.plugin.loader [INFO]: Loading laser plugin: dependency-pruner
mythril.laser.plugin.loader [INFO]: Instrumenting symbolic vm with plugin: coverage
mythril.laser.plugin.loader [INFO]: Instrumenting symbolic vm with plugin: mutation-pruner
mythril.laser.plugin.loader [INFO]: Instrumenting symbolic vm with plugin: call-depth-limit
mythril.laser.plugin.loader [INFO]: Instrumenting symbolic vm with plugin: instruction-profiler
mythril.laser.plugin.loader [INFO]: Instrumenting symbolic vm with plugin: dependency-pruner
mythril.laser.ethereum.svm [DEBUG]: Starting LASER execution
mythril.laser.ethereum.svm [INFO]: Starting message call transaction to 0
mythril.laser.ethereum.svm [INFO]: Starting message call transaction, iteration: 0, 1 initial states
mythril.laser.ethereum.instructions [DEBUG]: Evaluating PUSH1 at 0
mythril.laser.ethereum.instructions [DEBUG]: Evaluating PUSH1 at 1
mythril.laser.ethereum.instructions [DEBUG]: Evaluating MSTORE at 2
mythril.laser.ethereum.instructions [DEBUG]: Evaluating PUSH1 at 3
mythril.laser.ethereum.instructions [DEBUG]: Evaluating CALLDATASIZE at 4
mythril.laser.ethereum.instructions [DEBUG]: Evaluating LT at 5
mythril.laser.ethereum.instructions [DEBUG]: Evaluating PUSH1 at 6
mythril.analysis.module.base [DEBUG]: Entering analysis module: TxOrigin
mythril.analysis.module.base [DEBUG]: Exiting analysis module: TxOrigin
mythril.analysis.module.base [DEBUG]: Entering analysis module: IntegerArithmetics
mythril.analysis.module.base [DEBUG]: Exiting analysis module: IntegerArithmetics
mythril.laser.ethereum.instructions [DEBUG]: Evaluating JUMPI at 7
mythril.laser.ethereum.instructions [DEBUG]: Evaluating PUSH4 at 8
mythril.laser.ethereum.instructions [DEBUG]: Evaluating JUMPDEST at 24
mythril.laser.ethereum.instructions [DEBUG]: Evaluating PUSH29 at 9
mythril.laser.ethereum.instructions [DEBUG]: Evaluating PUSH1 at 25
mythril.laser.ethereum.instructions [DEBUG]: Evaluating PUSH1 at 10
mythril.laser.ethereum.instructions [DEBUG]: Evaluating DUP1 at 26
mythril.laser.ethereum.instructions [DEBUG]: Evaluating CALLDATALOAD at 11
mythril.laser.ethereum.instructions [DEBUG]: Evaluating REVERT at 27
mythril.laser.ethereum.svm [DEBUG]: Ending transaction MessageCallTransaction 1 from sender_1 to                                        0x0.
mythril.laser.ethereum.instructions [DEBUG]: Evaluating DIV at 12
mythril.laser.ethereum.instructions [DEBUG]: Evaluating AND at 13
mythril.laser.ethereum.instructions [DEBUG]: Evaluating PUSH4 at 14
mythril.laser.ethereum.instructions [DEBUG]: Evaluating DUP2 at 15
mythril.laser.ethereum.instructions [DEBUG]: Evaluating EQ at 16
mythril.laser.ethereum.instructions [DEBUG]: Evaluating PUSH1 at 17
mythril.analysis.module.base [DEBUG]: Entering analysis module: TxOrigin
mythril.analysis.module.base [DEBUG]: Exiting analysis module: TxOrigin
mythril.analysis.module.base [DEBUG]: Entering analysis module: IntegerArithmetics
mythril.analysis.module.base [DEBUG]: Exiting analysis module: IntegerArithmetics
mythril.laser.ethereum.instructions [DEBUG]: Evaluating JUMPI at 18
mythril.laser.ethereum.instructions [DEBUG]: Evaluating DUP1 at 19
mythril.laser.ethereum.instructions [DEBUG]: Evaluating JUMPDEST at 28
mythril.laser.ethereum.instructions [DEBUG]: Evaluating PUSH4 at 20
mythril.laser.ethereum.instructions [DEBUG]: Evaluating CALLVALUE at 29
mythril.laser.ethereum.instructions [DEBUG]: Evaluating EQ at 21
mythril.laser.ethereum.instructions [DEBUG]: Evaluating DUP1 at 30
mythril.laser.ethereum.instructions [DEBUG]: Evaluating PUSH1 at 22
mythril.laser.ethereum.instructions [DEBUG]: Evaluating ISZERO at 31
mythril.analysis.module.base [DEBUG]: Entering analysis module: TxOrigin
mythril.analysis.module.base [DEBUG]: Exiting analysis module: TxOrigin
mythril.analysis.module.base [DEBUG]: Entering analysis module: IntegerArithmetics
mythril.analysis.module.base [DEBUG]: Exiting analysis module: IntegerArithmetics
mythril.laser.ethereum.instructions [DEBUG]: Evaluating JUMPI at 23
mythril.laser.ethereum.svm [DEBUG]: - Entering function MAIN:unknown
mythril.laser.ethereum.instructions [DEBUG]: Evaluating PUSH1 at 32
mythril.laser.ethereum.instructions [DEBUG]: Evaluating JUMPDEST at 24
mythril.laser.ethereum.instructions [DEBUG]: Evaluating JUMPDEST at 58
mythril.analysis.module.base [DEBUG]: Entering analysis module: TxOrigin
mythril.analysis.module.base [DEBUG]: Exiting analysis module: TxOrigin
mythril.analysis.module.base [DEBUG]: Entering analysis module: IntegerArithmetics
mythril.analysis.module.base [DEBUG]: Exiting analysis module: IntegerArithmetics
mythril.laser.ethereum.instructions [DEBUG]: Evaluating JUMPI at 33
mythril.laser.ethereum.instructions [DEBUG]: Evaluating PUSH1 at 25
mythril.laser.ethereum.instructions [DEBUG]: Evaluating CALLVALUE at 59
mythril.laser.ethereum.instructions [DEBUG]: Evaluating PUSH1 at 34
mythril.laser.ethereum.instructions [DEBUG]: Evaluating JUMPDEST at 37
mythril.laser.ethereum.instructions [DEBUG]: Evaluating DUP1 at 26
mythril.laser.ethereum.instructions [DEBUG]: Evaluating DUP1 at 60
mythril.laser.ethereum.instructions [DEBUG]: Evaluating DUP1 at 35
mythril.laser.ethereum.instructions [DEBUG]: Evaluating POP at 38
mythril.laser.ethereum.instructions [DEBUG]: Evaluating REVERT at 27
mythril.laser.ethereum.svm [DEBUG]: Ending transaction MessageCallTransaction 1 from sender_1 to                                        0x0.
mythril.laser.ethereum.instructions [DEBUG]: Evaluating ISZERO at 61
mythril.laser.ethereum.instructions [DEBUG]: Evaluating REVERT at 36
mythril.laser.ethereum.svm [DEBUG]: Ending transaction MessageCallTransaction 1 from sender_1 to                                        0x0.
mythril.laser.ethereum.instructions [DEBUG]: Evaluating PUSH1 at 39
mythril.laser.ethereum.instructions [DEBUG]: Evaluating PUSH1 at 62
mythril.laser.ethereum.instructions [DEBUG]: Evaluating PUSH1 at 40
mythril.analysis.module.base [DEBUG]: Entering analysis module: TxOrigin
mythril.analysis.module.base [DEBUG]: Exiting analysis module: TxOrigin
mythril.analysis.module.base [DEBUG]: Entering analysis module: IntegerArithmetics
mythril.analysis.module.base [DEBUG]: Exiting analysis module: IntegerArithmetics
mythril.laser.ethereum.instructions [DEBUG]: Evaluating JUMPI at 63
mythril.laser.ethereum.instructions [DEBUG]: Evaluating JUMP at 41
mythril.laser.ethereum.instructions [DEBUG]: Evaluating PUSH1 at 64
mythril.laser.ethereum.instructions [DEBUG]: Evaluating JUMPDEST at 67
mythril.laser.ethereum.instructions [DEBUG]: Evaluating JUMPDEST at 76
mythril.laser.ethereum.instructions [DEBUG]: Evaluating DUP1 at 65
mythril.laser.ethereum.instructions [DEBUG]: Evaluating POP at 68
mythril.laser.ethereum.instructions [DEBUG]: Evaluating PUSH1 at 77
mythril.laser.ethereum.instructions [DEBUG]: Evaluating REVERT at 66
mythril.laser.ethereum.svm [DEBUG]: Ending transaction MessageCallTransaction 1 from sender_1 to                                        0x0.
mythril.laser.ethereum.instructions [DEBUG]: Evaluating PUSH1 at 69
mythril.laser.ethereum.instructions [DEBUG]: Evaluating SLOAD at 78
mythril.laser.ethereum.instructions [DEBUG]: Evaluating PUSH1 at 70
mythril.laser.ethereum.instructions [DEBUG]: Evaluating DUP2 at 79
mythril.laser.ethereum.instructions [DEBUG]: Evaluating CALLDATALOAD at 71
mythril.laser.ethereum.instructions [DEBUG]: Evaluating JUMP at 80
mythril.laser.ethereum.instructions [DEBUG]: Evaluating PUSH1 at 72
mythril.laser.ethereum.instructions [DEBUG]: Evaluating JUMPDEST at 42
mythril.laser.ethereum.instructions [DEBUG]: Evaluating JUMP at 73
mythril.laser.ethereum.instructions [DEBUG]: Evaluating PUSH1 at 43
mythril.laser.ethereum.instructions [DEBUG]: Evaluating JUMPDEST at 81
mythril.laser.ethereum.instructions [DEBUG]: Evaluating DUP1 at 44
mythril.laser.ethereum.instructions [DEBUG]: Evaluating POP at 82
mythril.laser.ethereum.instructions [DEBUG]: Evaluating MLOAD at 45
mythril.laser.ethereum.instructions [DEBUG]: Evaluating JUMP at 83
mythril.laser.ethereum.instructions [DEBUG]: Evaluating SWAP2 at 46
mythril.laser.ethereum.instructions [DEBUG]: Evaluating JUMPDEST at 74
mythril.laser.ethereum.instructions [DEBUG]: Evaluating DUP3 at 47
mythril.analysis.module.base [DEBUG]: Entering analysis module: IntegerArithmetics
mythril.analysis.module.base [DEBUG]: Exiting analysis module: IntegerArithmetics
mythril.analysis.module.base [DEBUG]: Entering analysis module: UncheckedRetval
mythril.analysis.module.base [DEBUG]: Exiting analysis module: UncheckedRetval
mythril.laser.ethereum.instructions [DEBUG]: Evaluating STOP at 75
mythril.laser.ethereum.svm [DEBUG]: Ending transaction MessageCallTransaction 1 from sender_1 to                                        0x0.
mythril.laser.ethereum.instructions [DEBUG]: Evaluating MSTORE at 48
mythril.laser.ethereum.instructions [DEBUG]: Evaluating MLOAD at 49
mythril.laser.ethereum.instructions [DEBUG]: Evaluating SWAP1 at 50
mythril.laser.ethereum.instructions [DEBUG]: Evaluating DUP2 at 51
mythril.laser.ethereum.instructions [DEBUG]: Evaluating SWAP1 at 52
mythril.analysis.module.base [DEBUG]: Entering analysis module: IntegerArithmetics
mythril.analysis.module.base [DEBUG]: Exiting analysis module: IntegerArithmetics
mythril.laser.ethereum.instructions [DEBUG]: Evaluating SUB at 53
mythril.laser.ethereum.instructions [DEBUG]: Evaluating PUSH1 at 54
mythril.analysis.module.base [DEBUG]: Entering analysis module: IntegerArithmetics
mythril.analysis.module.base [DEBUG]: Exiting analysis module: IntegerArithmetics
mythril.laser.ethereum.instructions [DEBUG]: Evaluating ADD at 55
mythril.laser.ethereum.instructions [DEBUG]: Evaluating SWAP1 at 56
mythril.analysis.module.base [DEBUG]: Entering analysis module: IntegerArithmetics
mythril.analysis.module.base [DEBUG]: Exiting analysis module: IntegerArithmetics
mythril.analysis.module.base [DEBUG]: Entering analysis module: UncheckedRetval
mythril.analysis.module.base [DEBUG]: Exiting analysis module: UncheckedRetval
mythril.laser.ethereum.instructions [DEBUG]: Evaluating RETURN at 57
mythril.laser.ethereum.svm [DEBUG]: Ending transaction MessageCallTransaction 1 from sender_1 to                                        0x0.
mythril.laser.plugin.plugins.coverage.coverage_plugin [INFO]: Number of new instructions covered in tx 0: 84
mythril.laser.ethereum.svm [INFO]: Finished symbolic execution
mythril.laser.plugin.plugins.coverage.coverage_plugin [INFO]: Achieved 98.82% coverage for code: 60806040526004361060485763ffffffff7c010000000000000000000000000000000000000000000000000000000060003504166306661abd8114604d578063a444f5e9146071575b600080fd5b348015605857600080fd5b50605f6088565b60408051918252519081900360200190f35b348015607c57600080fd5b506086600435608e565b005b60005481565b505600
mythril.laser.plugin.plugins.instruction_profiler [INFO]: Total: 0.13864374160766602 s
[ADD         ]   0.3627 %,  nr      1,  total   0.0005 s,  avg   0.0005 s,  min   0.0005 s,  max   0.0005 s
[AND         ]   0.2351 %,  nr      1,  total   0.0003 s,  avg   0.0003 s,  min   0.0003 s,  max   0.0003 s
[CALLDATALOAD]  19.4038 %,  nr      2,  total   0.0269 s,  avg   0.0135 s,  min   0.0069 s,  max   0.0200 s
[CALLDATASIZE]   0.2351 %,  nr      1,  total   0.0003 s,  avg   0.0003 s,  min   0.0003 s,  max   0.0003 s
[CALLVALUE   ]   0.4738 %,  nr      2,  total   0.0007 s,  avg   0.0003 s,  min   0.0003 s,  max   0.0004 s
[DIV         ]   0.3389 %,  nr      1,  total   0.0005 s,  avg   0.0005 s,  min   0.0005 s,  max   0.0005 s
[DUP1        ]   2.4802 %,  nr      8,  total   0.0034 s,  avg   0.0004 s,  min   0.0002 s,  max   0.0011 s
[DUP2        ]   1.2538 %,  nr      3,  total   0.0017 s,  avg   0.0006 s,  min   0.0002 s,  max   0.0010 s
[DUP3        ]   0.4437 %,  nr      1,  total   0.0006 s,  avg   0.0006 s,  min   0.0006 s,  max   0.0006 s
[EQ          ]   0.4098 %,  nr      2,  total   0.0006 s,  avg   0.0003 s,  min   0.0003 s,  max   0.0003 s
[ISZERO      ]   0.8894 %,  nr      2,  total   0.0012 s,  avg   0.0006 s,  min   0.0004 s,  max   0.0009 s
[JUMP        ]   5.4888 %,  nr      4,  total   0.0076 s,  avg   0.0019 s,  min   0.0009 s,  max   0.0038 s
[JUMPDEST    ]   5.4375 %,  nr     10,  total   0.0075 s,  avg   0.0008 s,  min   0.0002 s,  max   0.0030 s
[JUMPI       ]   4.2173 %,  nr      5,  total   0.0058 s,  avg   0.0012 s,  min   0.0008 s,  max   0.0021 s
[LT          ]   0.2156 %,  nr      1,  total   0.0003 s,  avg   0.0003 s,  min   0.0003 s,  max   0.0003 s
[MLOAD       ]  22.5759 %,  nr      2,  total   0.0313 s,  avg   0.0157 s,  min   0.0154 s,  max   0.0159 s
[MSTORE      ]  20.1754 %,  nr      2,  total   0.0280 s,  avg   0.0140 s,  min   0.0091 s,  max   0.0188 s
[POP         ]   1.8276 %,  nr      3,  total   0.0025 s,  avg   0.0008 s,  min   0.0003 s,  max   0.0018 s
[PUSH1       ]   9.0995 %,  nr     21,  total   0.0126 s,  avg   0.0006 s,  min   0.0002 s,  max   0.0014 s
[PUSH29      ]   0.2005 %,  nr      1,  total   0.0003 s,  avg   0.0003 s,  min   0.0003 s,  max   0.0003 s
[PUSH4       ]   0.8079 %,  nr      3,  total   0.0011 s,  avg   0.0004 s,  min   0.0003 s,  max   0.0006 s
[SLOAD       ]   0.9420 %,  nr      1,  total   0.0013 s,  avg   0.0013 s,  min   0.0013 s,  max   0.0013 s
[SUB         ]   0.9664 %,  nr      1,  total   0.0013 s,  avg   0.0013 s,  min   0.0013 s,  max   0.0013 s
[SWAP1       ]   1.1859 %,  nr      3,  total   0.0016 s,  avg   0.0005 s,  min   0.0004 s,  max   0.0007 s
[SWAP2       ]   0.3333 %,  nr      1,  total   0.0005 s,  avg   0.0005 s,  min   0.0005 s,  max   0.0005 s

mythril.analysis.security [INFO]: Starting analysis
mythril.analysis.security [DEBUG]: Retrieving results for Caller can write to arbitrary storage locations
mythril.analysis.security [DEBUG]: Retrieving results for Delegatecall to a user-specified address
mythril.analysis.security [DEBUG]: Retrieving results for Control flow depends on tx.origin
mythril.analysis.security [DEBUG]: Retrieving results for Any sender can withdraw ETH from the contract account
mythril.analysis.security [DEBUG]: Retrieving results for Integer overflow or underflow
mythril.analysis.security [DEBUG]: Retrieving results for State change after an external call
mythril.analysis.security [DEBUG]: Retrieving results for Contract can be accidentally killed by anyone
mythril.analysis.security [DEBUG]: Retrieving results for Return value of an external call is not checked
mythril.mythril.mythril_analyzer [INFO]: Solver statistics: 
Query count: 14 
Solver time: 0.08292913436889648
{"error": null, "issues": [], "success": true}
