 ______     __         __  __     ______     __     __  __     __    __    
/\  ___\   /\ \       /\ \_\ \   /\  ___\   /\ \   /\ \/\ \   /\ "-./  \   
\ \  __\   \ \ \____  \ \____ \  \ \___  \  \ \ \  \ \ \_\ \  \ \ \-./\ \  
 \ \_____\  \ \_____\  \/\_____\  \/\_____\  \ \_\  \ \_____\  \ \_\ \ \_\ 
  \/_____/   \/_____/   \/_____/   \/_____/   \/_/   \/_____/   \/_/  \/_/ 
                                                                           
Compiling source code...
Retrieving bytecode for contract 'ReturnValue'.
Please wait. Scanning bytecode for bugs...
Running Osiris...
Finished running Osiris. Execution time 1.0769133567810059 seconds. Code coverage 99.1%.
Running Oyente...
Finished running Oyente. Execution time 1.2071194648742676 seconds. Code coverage 96.5%.
Running Mythril...
Finished running Mythril. Execution time 6.143739700317383 seconds. Code coverage 99.13%.
Detected 1 bug(s):
--> Detected 'unhandled exception' bug at program counter address 263 (0x107) using Mythril with a code coverage of 99.13%.
Exporting original control-flow graph...
Recovering control-flow graph...
Recovered 100% of the control-flow graph
Number of execution paths accessing storage: 0
Deployment bytecode size: 32 bytes (original: 32 bytes) 0.0% increase.
Runtime bytecode size: 282 bytes (original: 270 bytes) 4.444444444444444% increase.
Metadata: 0xa165627a7a72305820710748969d33907d0116d9e94702e176e1baf20006c2bd92476a70deb8e42f2d0029
Exporting patched control-flow graph...
