mythril.mythril.mythril_config [INFO]: Creating mythril data directory 
mythril.mythril.mythril_config [INFO]: No config file found. Creating default: /root/.mythril/config.ini 
mythril.mythril.mythril_config [INFO]: Infura key not provided, so onchain access is disabled. Use --infura-id <INFURA_ID> or set it in the environment variable INFURA_ID or in the ~/.mythril/config.ini file 
mythril.support.signatures [INFO]: Using signature database at /root/.mythril/signatures.db
mythril.laser.ethereum.svm [INFO]: LASER EVM initialized with dynamic loader: <mythril.support.loader.DynLoader object at 0x7c9121f5de80>
mythril.laser.ethereum.strategy.extensions.bounded_loops [INFO]: Loaded search strategy extension: Loop bounds (limit = 3)
mythril.laser.plugin.loader [INFO]: Loading laser plugin: coverage
mythril.laser.plugin.loader [INFO]: Loading laser plugin: mutation-pruner
mythril.laser.plugin.loader [INFO]: Loading laser plugin: call-depth-limit
mythril.laser.plugin.loader [INFO]: Loading laser plugin: instruction-profiler
mythril.laser.plugin.loader [INFO]: Loading laser plugin: dependency-pruner
mythril.laser.plugin.loader [INFO]: Instrumenting symbolic vm with plugin: coverage
mythril.laser.plugin.loader [INFO]: Instrumenting symbolic vm with plugin: mutation-pruner
mythril.laser.plugin.loader [INFO]: Instrumenting symbolic vm with plugin: call-depth-limit
mythril.laser.plugin.loader [INFO]: Instrumenting symbolic vm with plugin: instruction-profiler
mythril.laser.plugin.loader [INFO]: Instrumenting symbolic vm with plugin: dependency-pruner
mythril.laser.ethereum.svm [DEBUG]: Starting LASER execution
mythril.laser.ethereum.svm [INFO]: Starting message call transaction to 0
mythril.laser.ethereum.svm [INFO]: Starting message call transaction, iteration: 0, 1 initial states
mythril.laser.ethereum.instructions [DEBUG]: Evaluating PUSH1 at 0
mythril.laser.ethereum.instructions [DEBUG]: Evaluating PUSH1 at 1
mythril.laser.ethereum.instructions [DEBUG]: Evaluating MSTORE at 2
mythril.laser.ethereum.instructions [DEBUG]: Evaluating PUSH1 at 3
mythril.laser.ethereum.instructions [DEBUG]: Evaluating CALLDATASIZE at 4
mythril.laser.ethereum.instructions [DEBUG]: Evaluating LT at 5
mythril.laser.ethereum.instructions [DEBUG]: Evaluating PUSH2 at 6
mythril.analysis.module.base [DEBUG]: Entering analysis module: TxOrigin
mythril.analysis.module.base [DEBUG]: Exiting analysis module: TxOrigin
mythril.analysis.module.base [DEBUG]: Entering analysis module: IntegerArithmetics
mythril.analysis.module.base [DEBUG]: Exiting analysis module: IntegerArithmetics
mythril.laser.ethereum.instructions [DEBUG]: Evaluating JUMPI at 7
mythril.laser.ethereum.instructions [DEBUG]: Evaluating PUSH4 at 8
mythril.laser.ethereum.instructions [DEBUG]: Evaluating JUMPDEST at 24
mythril.laser.ethereum.instructions [DEBUG]: Evaluating PUSH29 at 9
mythril.laser.ethereum.instructions [DEBUG]: Evaluating PUSH1 at 25
mythril.laser.ethereum.instructions [DEBUG]: Evaluating PUSH1 at 10
mythril.laser.ethereum.instructions [DEBUG]: Evaluating DUP1 at 26
mythril.laser.ethereum.instructions [DEBUG]: Evaluating CALLDATALOAD at 11
mythril.laser.ethereum.instructions [DEBUG]: Evaluating REVERT at 27
mythril.laser.ethereum.svm [DEBUG]: Ending transaction MessageCallTransaction 1 from sender_1 to                                        0x0.
mythril.laser.ethereum.instructions [DEBUG]: Evaluating DIV at 12
mythril.laser.ethereum.instructions [DEBUG]: Evaluating AND at 13
mythril.laser.ethereum.instructions [DEBUG]: Evaluating PUSH4 at 14
mythril.laser.ethereum.instructions [DEBUG]: Evaluating DUP2 at 15
mythril.laser.ethereum.instructions [DEBUG]: Evaluating EQ at 16
mythril.laser.ethereum.instructions [DEBUG]: Evaluating PUSH2 at 17
mythril.analysis.module.base [DEBUG]: Entering analysis module: TxOrigin
mythril.analysis.module.base [DEBUG]: Exiting analysis module: TxOrigin
mythril.analysis.module.base [DEBUG]: Entering analysis module: IntegerArithmetics
mythril.analysis.module.base [DEBUG]: Exiting analysis module: IntegerArithmetics
mythril.laser.ethereum.instructions [DEBUG]: Evaluating JUMPI at 18
mythril.laser.ethereum.instructions [DEBUG]: Evaluating DUP1 at 19
mythril.laser.ethereum.instructions [DEBUG]: Evaluating JUMPDEST at 28
mythril.laser.ethereum.instructions [DEBUG]: Evaluating PUSH4 at 20
mythril.laser.ethereum.instructions [DEBUG]: Evaluating CALLVALUE at 29
mythril.laser.ethereum.instructions [DEBUG]: Evaluating EQ at 21
mythril.laser.ethereum.instructions [DEBUG]: Evaluating DUP1 at 30
mythril.laser.ethereum.instructions [DEBUG]: Evaluating PUSH2 at 22
mythril.laser.ethereum.instructions [DEBUG]: Evaluating ISZERO at 31
mythril.analysis.module.base [DEBUG]: Entering analysis module: TxOrigin
mythril.analysis.module.base [DEBUG]: Exiting analysis module: TxOrigin
mythril.analysis.module.base [DEBUG]: Entering analysis module: IntegerArithmetics
mythril.analysis.module.base [DEBUG]: Exiting analysis module: IntegerArithmetics
mythril.laser.ethereum.instructions [DEBUG]: Evaluating JUMPI at 23
mythril.laser.ethereum.svm [DEBUG]: - Entering function MAIN:unknown
mythril.laser.ethereum.instructions [DEBUG]: Evaluating PUSH2 at 32
mythril.laser.ethereum.instructions [DEBUG]: Evaluating JUMPDEST at 24
mythril.laser.ethereum.instructions [DEBUG]: Evaluating JUMPDEST at 44
mythril.analysis.module.base [DEBUG]: Entering analysis module: TxOrigin
mythril.analysis.module.base [DEBUG]: Exiting analysis module: TxOrigin
mythril.analysis.module.base [DEBUG]: Entering analysis module: IntegerArithmetics
mythril.analysis.module.base [DEBUG]: Exiting analysis module: IntegerArithmetics
mythril.laser.ethereum.instructions [DEBUG]: Evaluating JUMPI at 33
mythril.laser.ethereum.instructions [DEBUG]: Evaluating PUSH1 at 25
mythril.laser.ethereum.instructions [DEBUG]: Evaluating CALLVALUE at 45
mythril.laser.ethereum.instructions [DEBUG]: Evaluating PUSH1 at 34
mythril.laser.ethereum.instructions [DEBUG]: Evaluating JUMPDEST at 37
mythril.laser.ethereum.instructions [DEBUG]: Evaluating DUP1 at 26
mythril.laser.ethereum.instructions [DEBUG]: Evaluating DUP1 at 46
mythril.laser.ethereum.instructions [DEBUG]: Evaluating DUP1 at 35
mythril.laser.ethereum.instructions [DEBUG]: Evaluating POP at 38
mythril.laser.ethereum.instructions [DEBUG]: Evaluating REVERT at 27
mythril.laser.ethereum.svm [DEBUG]: Ending transaction MessageCallTransaction 1 from sender_1 to                                        0x0.
mythril.laser.ethereum.instructions [DEBUG]: Evaluating ISZERO at 47
mythril.laser.ethereum.instructions [DEBUG]: Evaluating REVERT at 36
mythril.laser.ethereum.svm [DEBUG]: Ending transaction MessageCallTransaction 1 from sender_1 to                                        0x0.
mythril.laser.ethereum.instructions [DEBUG]: Evaluating PUSH2 at 39
mythril.laser.ethereum.instructions [DEBUG]: Evaluating PUSH2 at 48
mythril.laser.ethereum.instructions [DEBUG]: Evaluating PUSH2 at 40
mythril.analysis.module.base [DEBUG]: Entering analysis module: TxOrigin
mythril.analysis.module.base [DEBUG]: Exiting analysis module: TxOrigin
mythril.analysis.module.base [DEBUG]: Entering analysis module: IntegerArithmetics
mythril.analysis.module.base [DEBUG]: Exiting analysis module: IntegerArithmetics
mythril.laser.ethereum.instructions [DEBUG]: Evaluating JUMPI at 49
mythril.laser.ethereum.instructions [DEBUG]: Evaluating JUMP at 41
mythril.laser.ethereum.instructions [DEBUG]: Evaluating PUSH1 at 50
mythril.laser.ethereum.instructions [DEBUG]: Evaluating JUMPDEST at 53
mythril.laser.ethereum.instructions [DEBUG]: Evaluating JUMPDEST at 64
mythril.laser.ethereum.instructions [DEBUG]: Evaluating DUP1 at 51
mythril.laser.ethereum.instructions [DEBUG]: Evaluating POP at 54
mythril.laser.ethereum.instructions [DEBUG]: Evaluating CALLER at 65
mythril.laser.ethereum.instructions [DEBUG]: Evaluating REVERT at 52
mythril.laser.ethereum.svm [DEBUG]: Ending transaction MessageCallTransaction 1 from sender_1 to                                        0x0.
mythril.laser.ethereum.instructions [DEBUG]: Evaluating PUSH2 at 55
mythril.laser.ethereum.instructions [DEBUG]: Evaluating PUSH1 at 66
mythril.laser.ethereum.instructions [DEBUG]: Evaluating PUSH20 at 56
mythril.laser.ethereum.instructions [DEBUG]: Evaluating DUP2 at 67
mythril.laser.ethereum.instructions [DEBUG]: Evaluating PUSH1 at 57
mythril.laser.ethereum.instructions [DEBUG]: Evaluating DUP2 at 68
mythril.laser.ethereum.instructions [DEBUG]: Evaluating CALLDATALOAD at 58
mythril.laser.ethereum.instructions [DEBUG]: Evaluating MSTORE at 69
mythril.laser.ethereum.instructions [DEBUG]: Evaluating AND at 59
mythril.laser.ethereum.instructions [DEBUG]: Evaluating PUSH1 at 70
mythril.laser.ethereum.instructions [DEBUG]: Evaluating PUSH1 at 60
mythril.laser.ethereum.instructions [DEBUG]: Evaluating DUP2 at 71
mythril.laser.ethereum.instructions [DEBUG]: Evaluating CALLDATALOAD at 61
mythril.laser.ethereum.instructions [DEBUG]: Evaluating DUP2 at 72
mythril.laser.ethereum.instructions [DEBUG]: Evaluating PUSH2 at 62
mythril.laser.ethereum.instructions [DEBUG]: Evaluating MSTORE at 73
mythril.laser.ethereum.instructions [DEBUG]: Evaluating JUMP at 63
mythril.laser.ethereum.instructions [DEBUG]: Evaluating PUSH1 at 74
mythril.laser.ethereum.instructions [DEBUG]: Evaluating JUMPDEST at 143
mythril.laser.ethereum.instructions [DEBUG]: Evaluating DUP1 at 75
mythril.laser.ethereum.instructions [DEBUG]: Evaluating CALLER at 144
mythril.laser.ethereum.instructions [DEBUG]: Evaluating DUP4 at 76
mythril.laser.ethereum.instructions [DEBUG]: Evaluating PUSH1 at 145
mythril.laser.ethereum.instructions [DEBUG]: Evaluating SHA3 at 77
mythril.laser.ethereum.instructions [DEBUG]: Evaluating SWAP1 at 146
mythril.laser.ethereum.instructions [DEBUG]: Evaluating SLOAD at 78
mythril.laser.ethereum.instructions [DEBUG]: Evaluating DUP2 at 147
mythril.laser.ethereum.instructions [DEBUG]: Evaluating SWAP1 at 79
mythril.laser.ethereum.instructions [DEBUG]: Evaluating MSTORE at 148
mythril.laser.ethereum.instructions [DEBUG]: Evaluating MLOAD at 80
mythril.laser.ethereum.instructions [DEBUG]: Evaluating PUSH1 at 149
mythril.laser.ethereum.instructions [DEBUG]: Evaluating SWAP1 at 81
mythril.laser.ethereum.instructions [DEBUG]: Evaluating DUP2 at 150
mythril.laser.ethereum.instructions [DEBUG]: Evaluating SWAP4 at 82
mythril.laser.ethereum.instructions [DEBUG]: Evaluating SWAP1 at 151
mythril.laser.ethereum.instructions [DEBUG]: Evaluating SWAP2 at 83
mythril.laser.ethereum.instructions [DEBUG]: Evaluating MSTORE at 152
mythril.laser.ethereum.instructions [DEBUG]: Evaluating DUP5 at 84
mythril.laser.ethereum.instructions [DEBUG]: Evaluating PUSH1 at 153
mythril.laser.ethereum.instructions [DEBUG]: Evaluating SWAP2 at 85
mythril.laser.ethereum.instructions [DEBUG]: Evaluating SWAP1 at 154
mythril.laser.ethereum.instructions [DEBUG]: Evaluating DUP1 at 86
mythril.laser.ethereum.instructions [DEBUG]: Evaluating SHA3 at 155
mythril.laser.ethereum.instructions [DEBUG]: Evaluating DUP3 at 87
mythril.laser.ethereum.instructions [DEBUG]: Evaluating SLOAD at 156
mythril.analysis.module.base [DEBUG]: Entering analysis module: IntegerArithmetics
mythril.analysis.module.base [DEBUG]: Exiting analysis module: IntegerArithmetics
mythril.laser.ethereum.instructions [DEBUG]: Evaluating ADD at 88
mythril.laser.ethereum.instructions [DEBUG]: Evaluating DUP2 at 157
mythril.laser.ethereum.instructions [DEBUG]: Evaluating SWAP2 at 89
mythril.laser.ethereum.instructions [DEBUG]: Evaluating GT at 158
mythril.laser.ethereum.instructions [DEBUG]: Evaluating DUP6 at 90
mythril.laser.ethereum.instructions [DEBUG]: Evaluating PUSH2 at 159
mythril.laser.ethereum.instructions [DEBUG]: Evaluating SWAP2 at 91
mythril.analysis.module.base [DEBUG]: Entering analysis module: TxOrigin
mythril.analysis.module.base [DEBUG]: Exiting analysis module: TxOrigin
mythril.analysis.module.base [DEBUG]: Entering analysis module: IntegerArithmetics
mythril.analysis.module.base [DEBUG]: Exiting analysis module: IntegerArithmetics
mythril.laser.ethereum.instructions [DEBUG]: Evaluating JUMPI at 160
mythril.laser.ethereum.instructions [DEBUG]: Evaluating SWAP1 at 92
mythril.laser.ethereum.instructions [DEBUG]: Evaluating PUSH20 at 161
mythril.laser.ethereum.instructions [DEBUG]: Evaluating JUMPDEST at 194
mythril.laser.ethereum.instructions [DEBUG]: Evaluating DUP2 at 93
mythril.laser.ethereum.instructions [DEBUG]: Evaluating DUP3 at 162
mythril.laser.ethereum.instructions [DEBUG]: Evaluating POP at 195
mythril.laser.ethereum.instructions [DEBUG]: Evaluating DUP6 at 94
mythril.laser.ethereum.instructions [DEBUG]: Evaluating AND at 163
mythril.laser.ethereum.instructions [DEBUG]: Evaluating POP at 196
mythril.laser.ethereum.instructions [DEBUG]: Evaluating DUP8 at 95
mythril.laser.ethereum.instructions [DEBUG]: Evaluating PUSH1 at 164
mythril.laser.ethereum.instructions [DEBUG]: Evaluating JUMP at 197
mythril.laser.ethereum.instructions [DEBUG]: Evaluating GAS at 96
mythril.laser.ethereum.instructions [DEBUG]: Evaluating SWAP1 at 165
mythril.laser.ethereum.instructions [DEBUG]: Evaluating JUMPDEST at 42
mythril.laser.ethereum.instructions [DEBUG]: Evaluating CALLER at 97
mythril.laser.ethereum.instructions [DEBUG]: Evaluating DUP2 at 166
mythril.analysis.module.base [DEBUG]: Entering analysis module: IntegerArithmetics
mythril.analysis.module.base [DEBUG]: Exiting analysis module: IntegerArithmetics
mythril.analysis.module.base [DEBUG]: Entering analysis module: UncheckedRetval
mythril.analysis.module.base [DEBUG]: Exiting analysis module: UncheckedRetval
mythril.laser.ethereum.instructions [DEBUG]: Evaluating STOP at 43
mythril.laser.ethereum.svm [DEBUG]: Ending transaction MessageCallTransaction 1 from sender_1 to                                        0x0.
mythril.laser.ethereum.instructions [DEBUG]: Evaluating PUSH1 at 98
mythril.laser.ethereum.instructions [DEBUG]: Evaluating MSTORE at 167
mythril.laser.ethereum.instructions [DEBUG]: Evaluating MSTORE at 99
mythril.laser.ethereum.instructions [DEBUG]: Evaluating PUSH1 at 168
mythril.laser.ethereum.instructions [DEBUG]: Evaluating PUSH1 at 100
mythril.laser.ethereum.instructions [DEBUG]: Evaluating DUP2 at 169
mythril.laser.ethereum.instructions [DEBUG]: Evaluating PUSH1 at 101
mythril.laser.ethereum.instructions [DEBUG]: Evaluating SWAP1 at 170
mythril.laser.ethereum.instructions [DEBUG]: Evaluating MSTORE at 102
mythril.laser.ethereum.instructions [DEBUG]: Evaluating MSTORE at 171
mythril.laser.ethereum.instructions [DEBUG]: Evaluating PUSH1 at 103
mythril.laser.ethereum.instructions [DEBUG]: Evaluating PUSH1 at 172
mythril.laser.ethereum.instructions [DEBUG]: Evaluating PUSH1 at 104
mythril.laser.ethereum.instructions [DEBUG]: Evaluating DUP1 at 173
mythril.laser.ethereum.instructions [DEBUG]: Evaluating PUSH1 at 105
mythril.laser.ethereum.instructions [DEBUG]: Evaluating DUP3 at 174
mythril.laser.ethereum.instructions [DEBUG]: Evaluating SHA3 at 106
mythril.laser.ethereum.instructions [DEBUG]: Evaluating SHA3 at 175
mythril.analysis.module.base [DEBUG]: Entering analysis module: ArbitraryStorage
mythril.analysis.module.base [DEBUG]: Exiting analysis module: ArbitraryStorage
mythril.analysis.module.base [DEBUG]: Entering analysis module: IntegerArithmetics
mythril.analysis.module.base [DEBUG]: Exiting analysis module: IntegerArithmetics
mythril.analysis.module.base [DEBUG]: Entering analysis module: StateChangeAfterCall
mythril.analysis.module.base [DEBUG]: Exiting analysis module: StateChangeAfterCall
mythril.laser.ethereum.instructions [DEBUG]: Evaluating SSTORE at 107
mythril.laser.ethereum.instructions [DEBUG]: Evaluating DUP1 at 176
mythril.analysis.module.base [DEBUG]: Entering analysis module: IntegerArithmetics
mythril.analysis.module.base [DEBUG]: Exiting analysis module: IntegerArithmetics
mythril.analysis.module.base [DEBUG]: Entering analysis module: StateChangeAfterCall
mythril.analysis.module.base [DEBUG]: Exiting analysis module: StateChangeAfterCall
mythril.laser.ethereum.instructions [DEBUG]: Evaluating CALL at 108
mythril.laser.ethereum.call [DEBUG]: Symbolic call encountered
mythril.laser.ethereum.call [DEBUG]: CALL to: sender_1
mythril.laser.ethereum.instructions [DEBUG]: The call is related to ether transfer between accounts
mythril.analysis.module.base [DEBUG]: Entering analysis module: EtherThief
mythril.analysis.module.base [DEBUG]: Exiting analysis module: EtherThief
mythril.analysis.module.base [DEBUG]: Entering analysis module: UncheckedRetval
mythril.analysis.module.modules.unchecked_retval [DEBUG]: End of call, extracting retval
mythril.analysis.module.base [DEBUG]: Exiting analysis module: UncheckedRetval
mythril.laser.ethereum.instructions [DEBUG]: Evaluating SLOAD at 177
mythril.laser.ethereum.instructions [DEBUG]: Evaluating SWAP3 at 109
mythril.laser.ethereum.instructions [DEBUG]: Evaluating DUP5 at 178
mythril.laser.ethereum.instructions [DEBUG]: Evaluating POP at 110
mythril.analysis.module.base [DEBUG]: Entering analysis module: IntegerArithmetics
mythril.analysis.module.base [DEBUG]: Exiting analysis module: IntegerArithmetics
mythril.laser.ethereum.instructions [DEBUG]: Evaluating ADD at 179
mythril.laser.ethereum.instructions [DEBUG]: Evaluating POP at 111
mythril.laser.ethereum.instructions [DEBUG]: Evaluating SWAP1 at 180
mythril.laser.ethereum.instructions [DEBUG]: Evaluating POP at 112
mythril.analysis.module.base [DEBUG]: Entering analysis module: ArbitraryStorage
mythril.analysis.module.base [DEBUG]: Exiting analysis module: ArbitraryStorage
mythril.analysis.module.base [DEBUG]: Entering analysis module: IntegerArithmetics
mythril.analysis.module.base [DEBUG]: Exiting analysis module: IntegerArithmetics
mythril.analysis.module.base [DEBUG]: Entering analysis module: StateChangeAfterCall
mythril.analysis.module.base [DEBUG]: Exiting analysis module: StateChangeAfterCall
mythril.laser.ethereum.instructions [DEBUG]: Evaluating SSTORE at 181
mythril.laser.ethereum.instructions [DEBUG]: Evaluating SWAP1 at 113
mythril.laser.ethereum.instructions [DEBUG]: Evaluating CALLER at 182
mythril.laser.ethereum.instructions [DEBUG]: Evaluating POP at 114
mythril.laser.ethereum.instructions [DEBUG]: Evaluating DUP3 at 183
mythril.laser.ethereum.instructions [DEBUG]: Evaluating DUP1 at 115
mythril.laser.ethereum.instructions [DEBUG]: Evaluating MSTORE at 184
mythril.laser.ethereum.instructions [DEBUG]: Evaluating ISZERO at 116
mythril.laser.ethereum.instructions [DEBUG]: Evaluating SWAP1 at 185
mythril.laser.ethereum.instructions [DEBUG]: Evaluating ISZERO at 117
mythril.laser.ethereum.instructions [DEBUG]: Evaluating SHA3 at 186
mythril.laser.ethereum.instructions [DEBUG]: Evaluating PUSH2 at 118
mythril.laser.ethereum.instructions [DEBUG]: Evaluating DUP1 at 187
mythril.analysis.module.base [DEBUG]: Entering analysis module: TxOrigin
mythril.analysis.module.base [DEBUG]: Exiting analysis module: TxOrigin
mythril.analysis.module.base [DEBUG]: Entering analysis module: IntegerArithmetics
mythril.analysis.module.base [DEBUG]: Exiting analysis module: IntegerArithmetics
mythril.laser.ethereum.instructions [DEBUG]: Evaluating JUMPI at 119
mythril.laser.ethereum.instructions [DEBUG]: Evaluating SLOAD at 188
mythril.laser.ethereum.instructions [DEBUG]: Evaluating PUSH1 at 120
mythril.laser.ethereum.instructions [DEBUG]: Evaluating JUMPDEST at 123
mythril.laser.ethereum.instructions [DEBUG]: Evaluating DUP3 at 189
mythril.laser.ethereum.instructions [DEBUG]: Evaluating DUP1 at 121
mythril.laser.ethereum.instructions [DEBUG]: Evaluating POP at 124
mythril.laser.ethereum.instructions [DEBUG]: Evaluating SWAP1 at 190
mythril.laser.ethereum.instructions [DEBUG]: Evaluating REVERT at 122
mythril.laser.ethereum.svm [DEBUG]: Ending transaction MessageCallTransaction 1 from sender_1 to                                        0x0.
mythril.laser.ethereum.instructions [DEBUG]: Evaluating POP at 125
mythril.analysis.module.base [DEBUG]: Entering analysis module: IntegerArithmetics
mythril.analysis.module.base [DEBUG]: Exiting analysis module: IntegerArithmetics
mythril.laser.ethereum.instructions [DEBUG]: Evaluating SUB at 191
mythril.laser.ethereum.instructions [DEBUG]: Evaluating CALLER at 126
mythril.laser.ethereum.instructions [DEBUG]: Evaluating SWAP1 at 192
mythril.laser.ethereum.instructions [DEBUG]: Evaluating PUSH1 at 127
mythril.analysis.module.base [DEBUG]: Entering analysis module: ArbitraryStorage
mythril.analysis.module.base [DEBUG]: Exiting analysis module: ArbitraryStorage
mythril.analysis.module.base [DEBUG]: Entering analysis module: IntegerArithmetics
mythril.analysis.module.base [DEBUG]: Exiting analysis module: IntegerArithmetics
mythril.analysis.module.base [DEBUG]: Entering analysis module: StateChangeAfterCall
mythril.analysis.module.base [DEBUG]: Exiting analysis module: StateChangeAfterCall
mythril.laser.ethereum.instructions [DEBUG]: Evaluating SSTORE at 193
mythril.laser.ethereum.instructions [DEBUG]: Evaluating SWAP1 at 128
mythril.laser.ethereum.instructions [DEBUG]: Evaluating JUMPDEST at 194
mythril.laser.ethereum.instructions [DEBUG]: Evaluating DUP2 at 129
mythril.laser.ethereum.instructions [DEBUG]: Evaluating POP at 195
mythril.laser.ethereum.instructions [DEBUG]: Evaluating POP at 130
mythril.laser.ethereum.instructions [DEBUG]: Evaluating POP at 196
mythril.laser.ethereum.instructions [DEBUG]: Evaluating POP at 131
mythril.laser.ethereum.instructions [DEBUG]: Evaluating JUMP at 197
mythril.laser.ethereum.instructions [DEBUG]: Evaluating PUSH1 at 132
mythril.laser.ethereum.instructions [DEBUG]: Evaluating JUMPDEST at 42
mythril.laser.ethereum.instructions [DEBUG]: Evaluating DUP2 at 133
mythril.analysis.module.base [DEBUG]: Entering analysis module: IntegerArithmetics
mythril.analysis.module.base [DEBUG]: Exiting analysis module: IntegerArithmetics
mythril.analysis.module.base [DEBUG]: Entering analysis module: UncheckedRetval
mythril.analysis.module.base [DEBUG]: Exiting analysis module: UncheckedRetval
mythril.laser.ethereum.instructions [DEBUG]: Evaluating STOP at 43
mythril.laser.ethereum.svm [DEBUG]: Ending transaction MessageCallTransaction 1 from sender_1 to                                        0x0.
mythril.laser.ethereum.instructions [DEBUG]: Evaluating SWAP1 at 134
mythril.laser.ethereum.instructions [DEBUG]: Evaluating POP at 135
mythril.laser.ethereum.instructions [DEBUG]: Evaluating POP at 136
mythril.laser.ethereum.instructions [DEBUG]: Evaluating PUSH1 at 137
mythril.laser.ethereum.instructions [DEBUG]: Evaluating DUP2 at 138
mythril.laser.ethereum.instructions [DEBUG]: Evaluating POP at 139
mythril.laser.ethereum.instructions [DEBUG]: Evaluating POP at 140
mythril.laser.ethereum.instructions [DEBUG]: Evaluating POP at 141
mythril.laser.ethereum.instructions [DEBUG]: Evaluating JUMP at 142
mythril.laser.ethereum.instructions [DEBUG]: Evaluating JUMPDEST at 42
mythril.analysis.module.base [DEBUG]: Entering analysis module: IntegerArithmetics
mythril.analysis.module.base [DEBUG]: Exiting analysis module: IntegerArithmetics
mythril.analysis.module.base [DEBUG]: Entering analysis module: UncheckedRetval
mythril.analysis.module.base [DEBUG]: Exiting analysis module: UncheckedRetval
mythril.laser.ethereum.instructions [DEBUG]: Evaluating STOP at 43
mythril.laser.ethereum.svm [DEBUG]: Ending transaction MessageCallTransaction 1 from sender_1 to                                        0x0.
mythril.laser.plugin.plugins.coverage.coverage_plugin [INFO]: Number of new instructions covered in tx 0: 198
mythril.laser.ethereum.svm [INFO]: Starting message call transaction, iteration: 1, 2 initial states
mythril.laser.ethereum.instructions [DEBUG]: Evaluating PUSH1 at 0
mythril.laser.ethereum.instructions [DEBUG]: Evaluating PUSH1 at 0
mythril.laser.ethereum.instructions [DEBUG]: Evaluating PUSH1 at 1
mythril.laser.ethereum.instructions [DEBUG]: Evaluating PUSH1 at 1
mythril.laser.ethereum.instructions [DEBUG]: Evaluating MSTORE at 2
mythril.laser.ethereum.instructions [DEBUG]: Evaluating MSTORE at 2
mythril.laser.ethereum.instructions [DEBUG]: Evaluating PUSH1 at 3
mythril.laser.ethereum.instructions [DEBUG]: Evaluating PUSH1 at 3
mythril.laser.ethereum.instructions [DEBUG]: Evaluating CALLDATASIZE at 4
mythril.laser.ethereum.instructions [DEBUG]: Evaluating CALLDATASIZE at 4
mythril.laser.ethereum.instructions [DEBUG]: Evaluating LT at 5
mythril.laser.ethereum.instructions [DEBUG]: Evaluating LT at 5
mythril.laser.ethereum.instructions [DEBUG]: Evaluating PUSH2 at 6
mythril.laser.ethereum.instructions [DEBUG]: Evaluating PUSH2 at 6
mythril.analysis.module.base [DEBUG]: Entering analysis module: TxOrigin
mythril.analysis.module.base [DEBUG]: Exiting analysis module: TxOrigin
mythril.analysis.module.base [DEBUG]: Entering analysis module: IntegerArithmetics
mythril.analysis.module.base [DEBUG]: Exiting analysis module: IntegerArithmetics
mythril.laser.ethereum.instructions [DEBUG]: Evaluating JUMPI at 7
mythril.analysis.module.base [DEBUG]: Entering analysis module: TxOrigin
mythril.analysis.module.base [DEBUG]: Exiting analysis module: TxOrigin
mythril.analysis.module.base [DEBUG]: Entering analysis module: IntegerArithmetics
mythril.analysis.module.base [DEBUG]: Exiting analysis module: IntegerArithmetics
mythril.laser.ethereum.instructions [DEBUG]: Evaluating JUMPI at 7
mythril.laser.ethereum.instructions [DEBUG]: Evaluating PUSH4 at 8
mythril.laser.ethereum.instructions [DEBUG]: Evaluating JUMPDEST at 24
mythril.laser.ethereum.instructions [DEBUG]: Evaluating PUSH4 at 8
mythril.laser.ethereum.instructions [DEBUG]: Evaluating JUMPDEST at 24
mythril.laser.ethereum.instructions [DEBUG]: Evaluating PUSH29 at 9
mythril.laser.ethereum.instructions [DEBUG]: Evaluating PUSH1 at 25
mythril.laser.ethereum.instructions [DEBUG]: Evaluating PUSH29 at 9
mythril.laser.ethereum.instructions [DEBUG]: Evaluating PUSH1 at 25
mythril.laser.ethereum.instructions [DEBUG]: Evaluating PUSH1 at 10
mythril.laser.ethereum.instructions [DEBUG]: Evaluating DUP1 at 26
mythril.laser.ethereum.instructions [DEBUG]: Evaluating PUSH1 at 10
mythril.laser.ethereum.instructions [DEBUG]: Evaluating DUP1 at 26
mythril.laser.ethereum.instructions [DEBUG]: Evaluating CALLDATALOAD at 11
mythril.laser.ethereum.instructions [DEBUG]: Evaluating REVERT at 27
mythril.laser.ethereum.svm [DEBUG]: Ending transaction MessageCallTransaction 2 from sender_2 to                                        0x0.
mythril.laser.ethereum.instructions [DEBUG]: Evaluating CALLDATALOAD at 11
mythril.laser.ethereum.instructions [DEBUG]: Evaluating REVERT at 27
mythril.laser.ethereum.svm [DEBUG]: Ending transaction MessageCallTransaction 3 from sender_3 to                                        0x0.
mythril.laser.ethereum.instructions [DEBUG]: Evaluating DIV at 12
mythril.laser.ethereum.instructions [DEBUG]: Evaluating DIV at 12
mythril.laser.ethereum.instructions [DEBUG]: Evaluating AND at 13
mythril.laser.ethereum.instructions [DEBUG]: Evaluating AND at 13
mythril.laser.ethereum.instructions [DEBUG]: Evaluating PUSH4 at 14
mythril.laser.ethereum.instructions [DEBUG]: Evaluating PUSH4 at 14
mythril.laser.ethereum.instructions [DEBUG]: Evaluating DUP2 at 15
mythril.laser.ethereum.instructions [DEBUG]: Evaluating DUP2 at 15
mythril.laser.ethereum.instructions [DEBUG]: Evaluating EQ at 16
mythril.laser.ethereum.instructions [DEBUG]: Evaluating EQ at 16
mythril.laser.ethereum.instructions [DEBUG]: Evaluating PUSH2 at 17
mythril.laser.ethereum.instructions [DEBUG]: Evaluating PUSH2 at 17
mythril.analysis.module.base [DEBUG]: Entering analysis module: TxOrigin
mythril.analysis.module.base [DEBUG]: Exiting analysis module: TxOrigin
mythril.analysis.module.base [DEBUG]: Entering analysis module: IntegerArithmetics
mythril.analysis.module.base [DEBUG]: Exiting analysis module: IntegerArithmetics
mythril.laser.ethereum.instructions [DEBUG]: Evaluating JUMPI at 18
mythril.analysis.module.base [DEBUG]: Entering analysis module: TxOrigin
mythril.analysis.module.base [DEBUG]: Exiting analysis module: TxOrigin
mythril.analysis.module.base [DEBUG]: Entering analysis module: IntegerArithmetics
mythril.analysis.module.base [DEBUG]: Exiting analysis module: IntegerArithmetics
mythril.laser.ethereum.instructions [DEBUG]: Evaluating JUMPI at 18
mythril.laser.ethereum.instructions [DEBUG]: Evaluating DUP1 at 19
mythril.laser.ethereum.instructions [DEBUG]: Evaluating JUMPDEST at 28
mythril.laser.ethereum.instructions [DEBUG]: Evaluating DUP1 at 19
mythril.laser.ethereum.instructions [DEBUG]: Evaluating JUMPDEST at 28
mythril.laser.ethereum.instructions [DEBUG]: Evaluating PUSH4 at 20
mythril.laser.ethereum.instructions [DEBUG]: Evaluating CALLVALUE at 29
mythril.laser.ethereum.instructions [DEBUG]: Evaluating PUSH4 at 20
mythril.laser.ethereum.instructions [DEBUG]: Evaluating CALLVALUE at 29
mythril.laser.ethereum.instructions [DEBUG]: Evaluating EQ at 21
mythril.laser.ethereum.instructions [DEBUG]: Evaluating DUP1 at 30
mythril.laser.ethereum.instructions [DEBUG]: Evaluating EQ at 21
mythril.laser.ethereum.instructions [DEBUG]: Evaluating DUP1 at 30
mythril.laser.ethereum.instructions [DEBUG]: Evaluating PUSH2 at 22
mythril.laser.ethereum.instructions [DEBUG]: Evaluating ISZERO at 31
mythril.laser.ethereum.instructions [DEBUG]: Evaluating PUSH2 at 22
mythril.laser.ethereum.instructions [DEBUG]: Evaluating ISZERO at 31
mythril.analysis.module.base [DEBUG]: Entering analysis module: TxOrigin
mythril.analysis.module.base [DEBUG]: Exiting analysis module: TxOrigin
mythril.analysis.module.base [DEBUG]: Entering analysis module: IntegerArithmetics
mythril.analysis.module.base [DEBUG]: Exiting analysis module: IntegerArithmetics
mythril.laser.ethereum.instructions [DEBUG]: Evaluating JUMPI at 23
mythril.laser.plugin.plugins.dependency_pruner [DEBUG]: Skipping state: Storage slots {keccak256_512(Concat(sender_1, 0)), keccak256_512(Concat(0,
                     If(1_calldatasize <= 16,
                        0,
                        1_calldata[16]),
                     If(1_calldatasize <= 17,
                        0,
                        1_calldata[17]),
                     If(1_calldatasize <= 18,
                        0,
                        1_calldata[18]),
                     If(1_calldatasize <= 19,
                        0,
                        1_calldata[19]),
                     If(1_calldatasize <= 20,
                        0,
                        1_calldata[20]),
                     If(1_calldatasize <= 21,
                        0,
                        1_calldata[21]),
                     If(1_calldatasize <= 22,
                        0,
                        1_calldata[22]),
                     If(1_calldatasize <= 23,
                        0,
                        1_calldata[23]),
                     If(1_calldatasize <= 24,
                        0,
                        1_calldata[24]),
                     If(1_calldatasize <= 25,
                        0,
                        1_calldata[25]),
                     If(1_calldatasize <= 26,
                        0,
                        1_calldata[26]),
                     If(1_calldatasize <= 27,
                        0,
                        1_calldata[27]),
                     If(1_calldatasize <= 28,
                        0,
                        1_calldata[28]),
                     If(1_calldatasize <= 29,
                        0,
                        1_calldata[29]),
                     If(1_calldatasize <= 30,
                        0,
                        1_calldata[30]),
                     If(1_calldatasize <= 31,
                        0,
                        1_calldata[31]),
                     If(1_calldatasize <= 32,
                        0,
                        1_calldata[32]),
                     If(1_calldatasize <= 33,
                        0,
                        1_calldata[33]),
                     If(1_calldatasize <= 34,
                        0,
                        1_calldata[34]),
                     If(1_calldatasize <= 35,
                        0,
                        1_calldata[35]),
                     0))} not read in block at address 75, function
mythril.laser.ethereum.svm [DEBUG]: - Entering function MAIN:unknown
mythril.laser.ethereum.instructions [DEBUG]: Evaluating PUSH2 at 32
mythril.analysis.module.base [DEBUG]: Entering analysis module: TxOrigin
mythril.analysis.module.base [DEBUG]: Exiting analysis module: TxOrigin
mythril.analysis.module.base [DEBUG]: Entering analysis module: IntegerArithmetics
mythril.analysis.module.base [DEBUG]: Exiting analysis module: IntegerArithmetics
mythril.laser.ethereum.instructions [DEBUG]: Evaluating JUMPI at 23
mythril.laser.plugin.plugins.dependency_pruner [DEBUG]: Skipping state: Storage slots {keccak256_512(Concat(sender_1, 0))} not read in block at address 75, function
mythril.laser.ethereum.svm [DEBUG]: - Entering function MAIN:unknown
mythril.laser.ethereum.instructions [DEBUG]: Evaluating PUSH2 at 32
mythril.laser.ethereum.instructions [DEBUG]: Evaluating JUMPDEST at 44
mythril.analysis.module.base [DEBUG]: Entering analysis module: TxOrigin
mythril.analysis.module.base [DEBUG]: Exiting analysis module: TxOrigin
mythril.analysis.module.base [DEBUG]: Entering analysis module: IntegerArithmetics
mythril.analysis.module.base [DEBUG]: Exiting analysis module: IntegerArithmetics
mythril.laser.ethereum.instructions [DEBUG]: Evaluating JUMPI at 33
mythril.laser.ethereum.instructions [DEBUG]: Evaluating JUMPDEST at 44
mythril.analysis.module.base [DEBUG]: Entering analysis module: TxOrigin
mythril.analysis.module.base [DEBUG]: Exiting analysis module: TxOrigin
mythril.analysis.module.base [DEBUG]: Entering analysis module: IntegerArithmetics
mythril.analysis.module.base [DEBUG]: Exiting analysis module: IntegerArithmetics
mythril.laser.ethereum.instructions [DEBUG]: Evaluating JUMPI at 33
mythril.laser.ethereum.instructions [DEBUG]: Evaluating CALLVALUE at 45
mythril.laser.ethereum.instructions [DEBUG]: Evaluating PUSH1 at 34
mythril.laser.ethereum.instructions [DEBUG]: Evaluating JUMPDEST at 37
mythril.laser.ethereum.instructions [DEBUG]: Evaluating CALLVALUE at 45
mythril.laser.ethereum.instructions [DEBUG]: Evaluating PUSH1 at 34
mythril.laser.ethereum.instructions [DEBUG]: Evaluating JUMPDEST at 37
mythril.laser.ethereum.instructions [DEBUG]: Evaluating DUP1 at 46
mythril.laser.ethereum.instructions [DEBUG]: Evaluating DUP1 at 35
mythril.laser.ethereum.instructions [DEBUG]: Evaluating POP at 38
mythril.laser.ethereum.instructions [DEBUG]: Evaluating DUP1 at 46
mythril.laser.ethereum.instructions [DEBUG]: Evaluating DUP1 at 35
mythril.laser.ethereum.instructions [DEBUG]: Evaluating POP at 38
mythril.laser.ethereum.instructions [DEBUG]: Evaluating ISZERO at 47
mythril.laser.ethereum.instructions [DEBUG]: Evaluating REVERT at 36
mythril.laser.ethereum.svm [DEBUG]: Ending transaction MessageCallTransaction 2 from sender_2 to                                        0x0.
mythril.laser.ethereum.instructions [DEBUG]: Evaluating PUSH2 at 39
mythril.laser.ethereum.instructions [DEBUG]: Evaluating ISZERO at 47
mythril.laser.ethereum.instructions [DEBUG]: Evaluating REVERT at 36
mythril.laser.ethereum.svm [DEBUG]: Ending transaction MessageCallTransaction 3 from sender_3 to                                        0x0.
mythril.laser.ethereum.instructions [DEBUG]: Evaluating PUSH2 at 39
mythril.laser.ethereum.instructions [DEBUG]: Evaluating PUSH2 at 48
mythril.laser.ethereum.instructions [DEBUG]: Evaluating PUSH2 at 40
mythril.laser.ethereum.instructions [DEBUG]: Evaluating PUSH2 at 48
mythril.laser.ethereum.instructions [DEBUG]: Evaluating PUSH2 at 40
mythril.analysis.module.base [DEBUG]: Entering analysis module: TxOrigin
mythril.analysis.module.base [DEBUG]: Exiting analysis module: TxOrigin
mythril.analysis.module.base [DEBUG]: Entering analysis module: IntegerArithmetics
mythril.analysis.module.base [DEBUG]: Exiting analysis module: IntegerArithmetics
mythril.laser.ethereum.instructions [DEBUG]: Evaluating JUMPI at 49
mythril.laser.ethereum.instructions [DEBUG]: Evaluating JUMP at 41
mythril.analysis.module.base [DEBUG]: Entering analysis module: TxOrigin
mythril.analysis.module.base [DEBUG]: Exiting analysis module: TxOrigin
mythril.analysis.module.base [DEBUG]: Entering analysis module: IntegerArithmetics
mythril.analysis.module.base [DEBUG]: Exiting analysis module: IntegerArithmetics
mythril.laser.ethereum.instructions [DEBUG]: Evaluating JUMPI at 49
mythril.laser.ethereum.instructions [DEBUG]: Evaluating JUMP at 41
mythril.laser.ethereum.instructions [DEBUG]: Evaluating PUSH1 at 50
mythril.laser.ethereum.instructions [DEBUG]: Evaluating JUMPDEST at 53
mythril.laser.ethereum.instructions [DEBUG]: Evaluating JUMPDEST at 64
mythril.laser.ethereum.instructions [DEBUG]: Evaluating PUSH1 at 50
mythril.laser.ethereum.instructions [DEBUG]: Evaluating JUMPDEST at 53
mythril.laser.ethereum.instructions [DEBUG]: Evaluating JUMPDEST at 64
mythril.laser.ethereum.instructions [DEBUG]: Evaluating DUP1 at 51
mythril.laser.ethereum.instructions [DEBUG]: Evaluating POP at 54
mythril.laser.ethereum.instructions [DEBUG]: Evaluating CALLER at 65
mythril.laser.ethereum.instructions [DEBUG]: Evaluating DUP1 at 51
mythril.laser.ethereum.instructions [DEBUG]: Evaluating POP at 54
mythril.laser.ethereum.instructions [DEBUG]: Evaluating CALLER at 65
mythril.laser.ethereum.instructions [DEBUG]: Evaluating REVERT at 52
mythril.laser.ethereum.svm [DEBUG]: Ending transaction MessageCallTransaction 2 from sender_2 to                                        0x0.
mythril.laser.ethereum.instructions [DEBUG]: Evaluating PUSH2 at 55
mythril.laser.ethereum.instructions [DEBUG]: Evaluating PUSH1 at 66
mythril.laser.ethereum.instructions [DEBUG]: Evaluating REVERT at 52
mythril.laser.ethereum.svm [DEBUG]: Ending transaction MessageCallTransaction 3 from sender_3 to                                        0x0.
mythril.laser.ethereum.instructions [DEBUG]: Evaluating PUSH2 at 55
mythril.laser.ethereum.instructions [DEBUG]: Evaluating PUSH1 at 66
mythril.laser.ethereum.instructions [DEBUG]: Evaluating PUSH20 at 56
mythril.laser.ethereum.instructions [DEBUG]: Evaluating DUP2 at 67
mythril.laser.ethereum.instructions [DEBUG]: Evaluating PUSH20 at 56
mythril.laser.ethereum.instructions [DEBUG]: Evaluating DUP2 at 67
mythril.laser.ethereum.instructions [DEBUG]: Evaluating PUSH1 at 57
mythril.laser.ethereum.instructions [DEBUG]: Evaluating DUP2 at 68
mythril.laser.ethereum.instructions [DEBUG]: Evaluating PUSH1 at 57
mythril.laser.ethereum.instructions [DEBUG]: Evaluating DUP2 at 68
mythril.laser.ethereum.instructions [DEBUG]: Evaluating CALLDATALOAD at 58
mythril.laser.ethereum.instructions [DEBUG]: Evaluating MSTORE at 69
mythril.laser.ethereum.instructions [DEBUG]: Evaluating CALLDATALOAD at 58
mythril.laser.ethereum.instructions [DEBUG]: Evaluating MSTORE at 69
mythril.laser.ethereum.instructions [DEBUG]: Evaluating AND at 59
mythril.laser.ethereum.instructions [DEBUG]: Evaluating PUSH1 at 70
mythril.laser.ethereum.instructions [DEBUG]: Evaluating AND at 59
mythril.laser.ethereum.instructions [DEBUG]: Evaluating PUSH1 at 70
mythril.laser.ethereum.instructions [DEBUG]: Evaluating PUSH1 at 60
mythril.laser.ethereum.instructions [DEBUG]: Evaluating DUP2 at 71
mythril.laser.ethereum.instructions [DEBUG]: Evaluating PUSH1 at 60
mythril.laser.ethereum.instructions [DEBUG]: Evaluating DUP2 at 71
mythril.laser.ethereum.instructions [DEBUG]: Evaluating CALLDATALOAD at 61
mythril.laser.ethereum.instructions [DEBUG]: Evaluating DUP2 at 72
mythril.laser.ethereum.instructions [DEBUG]: Evaluating CALLDATALOAD at 61
mythril.laser.ethereum.instructions [DEBUG]: Evaluating DUP2 at 72
mythril.laser.ethereum.instructions [DEBUG]: Evaluating PUSH2 at 62
mythril.laser.ethereum.instructions [DEBUG]: Evaluating MSTORE at 73
mythril.laser.ethereum.instructions [DEBUG]: Evaluating PUSH2 at 62
mythril.laser.ethereum.instructions [DEBUG]: Evaluating MSTORE at 73
mythril.laser.ethereum.instructions [DEBUG]: Evaluating JUMP at 63
mythril.laser.ethereum.instructions [DEBUG]: Evaluating PUSH1 at 74
mythril.laser.ethereum.instructions [DEBUG]: Evaluating JUMP at 63
mythril.laser.ethereum.instructions [DEBUG]: Evaluating PUSH1 at 74
mythril.laser.ethereum.instructions [DEBUG]: Evaluating JUMPDEST at 143
mythril.laser.ethereum.instructions [DEBUG]: Evaluating DUP1 at 75
mythril.laser.ethereum.instructions [DEBUG]: Evaluating JUMPDEST at 143
mythril.laser.ethereum.instructions [DEBUG]: Evaluating DUP1 at 75
mythril.laser.ethereum.instructions [DEBUG]: Evaluating CALLER at 144
mythril.laser.ethereum.instructions [DEBUG]: Evaluating DUP4 at 76
mythril.laser.ethereum.instructions [DEBUG]: Evaluating CALLER at 144
mythril.laser.ethereum.instructions [DEBUG]: Evaluating DUP4 at 76
mythril.laser.ethereum.instructions [DEBUG]: Evaluating PUSH1 at 145
mythril.laser.ethereum.instructions [DEBUG]: Evaluating SHA3 at 77
mythril.laser.ethereum.instructions [DEBUG]: Evaluating PUSH1 at 145
mythril.laser.ethereum.instructions [DEBUG]: Evaluating SHA3 at 77
mythril.laser.ethereum.instructions [DEBUG]: Evaluating SWAP1 at 146
mythril.laser.ethereum.instructions [DEBUG]: Evaluating SLOAD at 78
mythril.laser.ethereum.instructions [DEBUG]: Evaluating SWAP1 at 146
mythril.laser.ethereum.instructions [DEBUG]: Evaluating SLOAD at 78
mythril.laser.ethereum.instructions [DEBUG]: Evaluating DUP2 at 147
mythril.laser.ethereum.instructions [DEBUG]: Evaluating SWAP1 at 79
mythril.laser.ethereum.instructions [DEBUG]: Evaluating DUP2 at 147
mythril.laser.ethereum.instructions [DEBUG]: Evaluating SWAP1 at 79
mythril.laser.ethereum.instructions [DEBUG]: Evaluating MSTORE at 148
mythril.laser.ethereum.instructions [DEBUG]: Evaluating MLOAD at 80
mythril.laser.ethereum.instructions [DEBUG]: Evaluating MSTORE at 148
mythril.laser.ethereum.instructions [DEBUG]: Evaluating MLOAD at 80
mythril.laser.ethereum.instructions [DEBUG]: Evaluating PUSH1 at 149
mythril.laser.ethereum.instructions [DEBUG]: Evaluating SWAP1 at 81
mythril.laser.ethereum.instructions [DEBUG]: Evaluating PUSH1 at 149
mythril.laser.ethereum.instructions [DEBUG]: Evaluating SWAP1 at 81
mythril.laser.ethereum.instructions [DEBUG]: Evaluating DUP2 at 150
mythril.laser.ethereum.instructions [DEBUG]: Evaluating SWAP4 at 82
mythril.laser.ethereum.instructions [DEBUG]: Evaluating DUP2 at 150
mythril.laser.ethereum.instructions [DEBUG]: Evaluating SWAP4 at 82
mythril.laser.ethereum.instructions [DEBUG]: Evaluating SWAP1 at 151
mythril.laser.ethereum.instructions [DEBUG]: Evaluating SWAP2 at 83
mythril.laser.ethereum.instructions [DEBUG]: Evaluating SWAP1 at 151
mythril.laser.ethereum.instructions [DEBUG]: Evaluating SWAP2 at 83
mythril.laser.ethereum.instructions [DEBUG]: Evaluating MSTORE at 152
mythril.laser.ethereum.instructions [DEBUG]: Evaluating DUP5 at 84
mythril.laser.ethereum.instructions [DEBUG]: Evaluating MSTORE at 152
mythril.laser.ethereum.instructions [DEBUG]: Evaluating DUP5 at 84
mythril.laser.ethereum.instructions [DEBUG]: Evaluating PUSH1 at 153
mythril.laser.ethereum.instructions [DEBUG]: Evaluating SWAP2 at 85
mythril.laser.ethereum.instructions [DEBUG]: Evaluating PUSH1 at 153
mythril.laser.ethereum.instructions [DEBUG]: Evaluating SWAP2 at 85
mythril.laser.ethereum.instructions [DEBUG]: Evaluating SWAP1 at 154
mythril.laser.ethereum.instructions [DEBUG]: Evaluating DUP1 at 86
mythril.laser.ethereum.instructions [DEBUG]: Evaluating SWAP1 at 154
mythril.laser.ethereum.instructions [DEBUG]: Evaluating DUP1 at 86
mythril.laser.ethereum.instructions [DEBUG]: Evaluating SHA3 at 155
mythril.laser.ethereum.instructions [DEBUG]: Evaluating DUP3 at 87
mythril.laser.ethereum.instructions [DEBUG]: Evaluating SHA3 at 155
mythril.laser.ethereum.instructions [DEBUG]: Evaluating DUP3 at 87
mythril.laser.ethereum.instructions [DEBUG]: Evaluating SLOAD at 156
mythril.analysis.module.base [DEBUG]: Entering analysis module: IntegerArithmetics
mythril.analysis.module.base [DEBUG]: Exiting analysis module: IntegerArithmetics
mythril.laser.ethereum.instructions [DEBUG]: Evaluating ADD at 88
mythril.laser.ethereum.instructions [DEBUG]: Evaluating SLOAD at 156
mythril.analysis.module.base [DEBUG]: Entering analysis module: IntegerArithmetics
mythril.analysis.module.base [DEBUG]: Exiting analysis module: IntegerArithmetics
mythril.laser.ethereum.instructions [DEBUG]: Evaluating ADD at 88
mythril.laser.ethereum.instructions [DEBUG]: Evaluating DUP2 at 157
mythril.laser.ethereum.instructions [DEBUG]: Evaluating SWAP2 at 89
mythril.laser.ethereum.instructions [DEBUG]: Evaluating DUP2 at 157
mythril.laser.ethereum.instructions [DEBUG]: Evaluating SWAP2 at 89
mythril.laser.ethereum.instructions [DEBUG]: Evaluating GT at 158
mythril.laser.ethereum.instructions [DEBUG]: Evaluating DUP6 at 90
mythril.laser.ethereum.instructions [DEBUG]: Evaluating GT at 158
mythril.laser.ethereum.instructions [DEBUG]: Evaluating DUP6 at 90
mythril.laser.ethereum.instructions [DEBUG]: Evaluating PUSH2 at 159
mythril.laser.ethereum.instructions [DEBUG]: Evaluating SWAP2 at 91
mythril.laser.ethereum.instructions [DEBUG]: Evaluating PUSH2 at 159
mythril.laser.ethereum.instructions [DEBUG]: Evaluating SWAP2 at 91
mythril.analysis.module.base [DEBUG]: Entering analysis module: TxOrigin
mythril.analysis.module.base [DEBUG]: Exiting analysis module: TxOrigin
mythril.analysis.module.base [DEBUG]: Entering analysis module: IntegerArithmetics
mythril.analysis.module.base [DEBUG]: Exiting analysis module: IntegerArithmetics
mythril.laser.ethereum.instructions [DEBUG]: Evaluating JUMPI at 160
mythril.laser.ethereum.instructions [DEBUG]: Evaluating SWAP1 at 92
mythril.analysis.module.base [DEBUG]: Entering analysis module: TxOrigin
mythril.analysis.module.base [DEBUG]: Exiting analysis module: TxOrigin
mythril.analysis.module.base [DEBUG]: Entering analysis module: IntegerArithmetics
mythril.analysis.module.base [DEBUG]: Exiting analysis module: IntegerArithmetics
mythril.laser.ethereum.instructions [DEBUG]: Evaluating JUMPI at 160
mythril.laser.ethereum.instructions [DEBUG]: Evaluating SWAP1 at 92
mythril.laser.ethereum.instructions [DEBUG]: Evaluating PUSH20 at 161
mythril.laser.ethereum.instructions [DEBUG]: Evaluating JUMPDEST at 194
mythril.laser.ethereum.instructions [DEBUG]: Evaluating DUP2 at 93
mythril.laser.ethereum.instructions [DEBUG]: Evaluating PUSH20 at 161
mythril.laser.ethereum.instructions [DEBUG]: Evaluating JUMPDEST at 194
mythril.laser.ethereum.instructions [DEBUG]: Evaluating DUP2 at 93
mythril.laser.ethereum.instructions [DEBUG]: Evaluating DUP3 at 162
mythril.laser.ethereum.instructions [DEBUG]: Evaluating POP at 195
mythril.laser.ethereum.instructions [DEBUG]: Evaluating DUP6 at 94
mythril.laser.ethereum.instructions [DEBUG]: Evaluating DUP3 at 162
mythril.laser.ethereum.instructions [DEBUG]: Evaluating POP at 195
mythril.laser.ethereum.instructions [DEBUG]: Evaluating DUP6 at 94
mythril.laser.ethereum.instructions [DEBUG]: Evaluating AND at 163
mythril.laser.ethereum.instructions [DEBUG]: Evaluating POP at 196
mythril.laser.ethereum.instructions [DEBUG]: Evaluating DUP8 at 95
mythril.laser.ethereum.instructions [DEBUG]: Evaluating AND at 163
mythril.laser.ethereum.instructions [DEBUG]: Evaluating POP at 196
mythril.laser.ethereum.instructions [DEBUG]: Evaluating DUP8 at 95
mythril.laser.ethereum.instructions [DEBUG]: Evaluating PUSH1 at 164
mythril.laser.ethereum.instructions [DEBUG]: Evaluating JUMP at 197
mythril.laser.ethereum.instructions [DEBUG]: Evaluating GAS at 96
mythril.laser.ethereum.instructions [DEBUG]: Evaluating PUSH1 at 164
mythril.laser.ethereum.instructions [DEBUG]: Evaluating JUMP at 197
mythril.laser.ethereum.instructions [DEBUG]: Evaluating GAS at 96
mythril.laser.ethereum.instructions [DEBUG]: Evaluating SWAP1 at 165
mythril.laser.ethereum.instructions [DEBUG]: Evaluating JUMPDEST at 42
mythril.laser.ethereum.instructions [DEBUG]: Evaluating CALLER at 97
mythril.laser.ethereum.instructions [DEBUG]: Evaluating SWAP1 at 165
mythril.laser.ethereum.instructions [DEBUG]: Evaluating JUMPDEST at 42
mythril.laser.ethereum.instructions [DEBUG]: Evaluating CALLER at 97
mythril.laser.ethereum.instructions [DEBUG]: Evaluating DUP2 at 166
mythril.analysis.module.base [DEBUG]: Entering analysis module: IntegerArithmetics
mythril.analysis.module.base [DEBUG]: Exiting analysis module: IntegerArithmetics
mythril.analysis.module.base [DEBUG]: Entering analysis module: UncheckedRetval
mythril.analysis.module.base [DEBUG]: Exiting analysis module: UncheckedRetval
mythril.laser.ethereum.instructions [DEBUG]: Evaluating STOP at 43
mythril.laser.ethereum.svm [DEBUG]: Ending transaction MessageCallTransaction 2 from sender_2 to                                        0x0.
mythril.laser.ethereum.instructions [DEBUG]: Evaluating PUSH1 at 98
mythril.laser.ethereum.instructions [DEBUG]: Evaluating DUP2 at 166
mythril.analysis.module.base [DEBUG]: Entering analysis module: IntegerArithmetics
mythril.analysis.module.base [DEBUG]: Exiting analysis module: IntegerArithmetics
mythril.analysis.module.base [DEBUG]: Entering analysis module: UncheckedRetval
mythril.analysis.module.base [DEBUG]: Exiting analysis module: UncheckedRetval
mythril.laser.ethereum.instructions [DEBUG]: Evaluating STOP at 43
mythril.laser.ethereum.svm [DEBUG]: Ending transaction MessageCallTransaction 3 from sender_3 to                                        0x0.
mythril.laser.ethereum.instructions [DEBUG]: Evaluating PUSH1 at 98
mythril.laser.ethereum.instructions [DEBUG]: Evaluating MSTORE at 167
mythril.laser.ethereum.instructions [DEBUG]: Evaluating MSTORE at 99
mythril.laser.ethereum.instructions [DEBUG]: Evaluating MSTORE at 167
mythril.laser.ethereum.instructions [DEBUG]: Evaluating MSTORE at 99
mythril.laser.ethereum.instructions [DEBUG]: Evaluating PUSH1 at 168
mythril.laser.ethereum.instructions [DEBUG]: Evaluating PUSH1 at 100
mythril.laser.ethereum.instructions [DEBUG]: Evaluating PUSH1 at 168
mythril.laser.ethereum.instructions [DEBUG]: Evaluating PUSH1 at 100
mythril.laser.ethereum.instructions [DEBUG]: Evaluating DUP2 at 169
mythril.laser.ethereum.instructions [DEBUG]: Evaluating PUSH1 at 101
mythril.laser.ethereum.instructions [DEBUG]: Evaluating DUP2 at 169
mythril.laser.ethereum.instructions [DEBUG]: Evaluating PUSH1 at 101
mythril.laser.ethereum.instructions [DEBUG]: Evaluating SWAP1 at 170
mythril.laser.ethereum.instructions [DEBUG]: Evaluating MSTORE at 102
mythril.laser.ethereum.instructions [DEBUG]: Evaluating SWAP1 at 170
mythril.laser.ethereum.instructions [DEBUG]: Evaluating MSTORE at 102
mythril.laser.ethereum.instructions [DEBUG]: Evaluating MSTORE at 171
mythril.laser.ethereum.instructions [DEBUG]: Evaluating PUSH1 at 103
mythril.laser.ethereum.instructions [DEBUG]: Evaluating MSTORE at 171
mythril.laser.ethereum.instructions [DEBUG]: Evaluating PUSH1 at 103
mythril.laser.ethereum.instructions [DEBUG]: Evaluating PUSH1 at 172
mythril.laser.ethereum.instructions [DEBUG]: Evaluating PUSH1 at 104
mythril.laser.ethereum.instructions [DEBUG]: Evaluating PUSH1 at 172
mythril.laser.ethereum.instructions [DEBUG]: Evaluating PUSH1 at 104
mythril.laser.ethereum.instructions [DEBUG]: Evaluating DUP1 at 173
mythril.laser.ethereum.instructions [DEBUG]: Evaluating PUSH1 at 105
mythril.laser.ethereum.instructions [DEBUG]: Evaluating DUP1 at 173
mythril.laser.ethereum.instructions [DEBUG]: Evaluating PUSH1 at 105
mythril.laser.ethereum.instructions [DEBUG]: Evaluating DUP3 at 174
mythril.laser.ethereum.instructions [DEBUG]: Evaluating SHA3 at 106
mythril.laser.ethereum.instructions [DEBUG]: Evaluating DUP3 at 174
mythril.laser.ethereum.instructions [DEBUG]: Evaluating SHA3 at 106
mythril.laser.ethereum.instructions [DEBUG]: Evaluating SHA3 at 175
mythril.analysis.module.base [DEBUG]: Entering analysis module: ArbitraryStorage
mythril.analysis.module.base [DEBUG]: Exiting analysis module: ArbitraryStorage
mythril.analysis.module.base [DEBUG]: Entering analysis module: IntegerArithmetics
mythril.analysis.module.base [DEBUG]: Exiting analysis module: IntegerArithmetics
mythril.analysis.module.base [DEBUG]: Entering analysis module: StateChangeAfterCall
mythril.analysis.module.base [DEBUG]: Exiting analysis module: StateChangeAfterCall
mythril.laser.ethereum.instructions [DEBUG]: Evaluating SSTORE at 107
mythril.laser.ethereum.instructions [DEBUG]: Evaluating SHA3 at 175
mythril.analysis.module.base [DEBUG]: Entering analysis module: ArbitraryStorage
mythril.analysis.module.base [DEBUG]: Exiting analysis module: ArbitraryStorage
mythril.analysis.module.base [DEBUG]: Entering analysis module: IntegerArithmetics
mythril.analysis.module.base [DEBUG]: Exiting analysis module: IntegerArithmetics
mythril.analysis.module.base [DEBUG]: Entering analysis module: StateChangeAfterCall
mythril.analysis.module.base [DEBUG]: Exiting analysis module: StateChangeAfterCall
mythril.laser.ethereum.instructions [DEBUG]: Evaluating SSTORE at 107
mythril.laser.ethereum.instructions [DEBUG]: Evaluating DUP1 at 176
mythril.analysis.module.base [DEBUG]: Entering analysis module: IntegerArithmetics
mythril.analysis.module.base [DEBUG]: Exiting analysis module: IntegerArithmetics
mythril.analysis.module.base [DEBUG]: Entering analysis module: StateChangeAfterCall
mythril.analysis.module.base [DEBUG]: Exiting analysis module: StateChangeAfterCall
mythril.laser.ethereum.instructions [DEBUG]: Evaluating CALL at 108
mythril.laser.ethereum.call [DEBUG]: Symbolic call encountered
mythril.laser.ethereum.call [DEBUG]: CALL to: sender_2
mythril.laser.ethereum.instructions [DEBUG]: The call is related to ether transfer between accounts
mythril.analysis.module.base [DEBUG]: Entering analysis module: EtherThief
mythril.analysis.module.base [DEBUG]: Exiting analysis module: EtherThief
mythril.analysis.module.base [DEBUG]: Entering analysis module: UncheckedRetval
mythril.analysis.module.modules.unchecked_retval [DEBUG]: End of call, extracting retval
mythril.analysis.module.base [DEBUG]: Exiting analysis module: UncheckedRetval
mythril.laser.ethereum.instructions [DEBUG]: Evaluating DUP1 at 176
mythril.analysis.module.base [DEBUG]: Entering analysis module: IntegerArithmetics
mythril.analysis.module.base [DEBUG]: Exiting analysis module: IntegerArithmetics
mythril.analysis.module.base [DEBUG]: Entering analysis module: StateChangeAfterCall
mythril.analysis.module.base [DEBUG]: Exiting analysis module: StateChangeAfterCall
mythril.laser.ethereum.instructions [DEBUG]: Evaluating CALL at 108
mythril.laser.ethereum.call [DEBUG]: Symbolic call encountered
mythril.laser.ethereum.call [DEBUG]: CALL to: sender_3
mythril.laser.ethereum.instructions [DEBUG]: The call is related to ether transfer between accounts
mythril.analysis.module.base [DEBUG]: Entering analysis module: EtherThief
mythril.analysis.module.base [DEBUG]: Exiting analysis module: EtherThief
mythril.analysis.module.base [DEBUG]: Entering analysis module: UncheckedRetval
mythril.analysis.module.modules.unchecked_retval [DEBUG]: End of call, extracting retval
mythril.analysis.module.base [DEBUG]: Exiting analysis module: UncheckedRetval
mythril.laser.ethereum.instructions [DEBUG]: Evaluating SLOAD at 177
mythril.laser.ethereum.instructions [DEBUG]: Evaluating SWAP3 at 109
mythril.laser.ethereum.instructions [DEBUG]: Evaluating SLOAD at 177
mythril.laser.ethereum.instructions [DEBUG]: Evaluating SWAP3 at 109
mythril.laser.ethereum.instructions [DEBUG]: Evaluating DUP5 at 178
mythril.laser.ethereum.instructions [DEBUG]: Evaluating POP at 110
mythril.laser.ethereum.instructions [DEBUG]: Evaluating DUP5 at 178
mythril.laser.ethereum.instructions [DEBUG]: Evaluating POP at 110
mythril.analysis.module.base [DEBUG]: Entering analysis module: IntegerArithmetics
mythril.analysis.module.base [DEBUG]: Exiting analysis module: IntegerArithmetics
mythril.laser.ethereum.instructions [DEBUG]: Evaluating ADD at 179
mythril.laser.ethereum.instructions [DEBUG]: Evaluating POP at 111
mythril.analysis.module.base [DEBUG]: Entering analysis module: IntegerArithmetics
mythril.analysis.module.base [DEBUG]: Exiting analysis module: IntegerArithmetics
mythril.laser.ethereum.instructions [DEBUG]: Evaluating ADD at 179
mythril.laser.ethereum.instructions [DEBUG]: Evaluating POP at 111
mythril.laser.ethereum.instructions [DEBUG]: Evaluating SWAP1 at 180
mythril.laser.ethereum.instructions [DEBUG]: Evaluating POP at 112
mythril.laser.ethereum.instructions [DEBUG]: Evaluating SWAP1 at 180
mythril.laser.ethereum.instructions [DEBUG]: Evaluating POP at 112
mythril.analysis.module.base [DEBUG]: Entering analysis module: ArbitraryStorage
mythril.analysis.module.base [DEBUG]: Exiting analysis module: ArbitraryStorage
mythril.analysis.module.base [DEBUG]: Entering analysis module: IntegerArithmetics
mythril.analysis.module.base [DEBUG]: Exiting analysis module: IntegerArithmetics
mythril.analysis.module.base [DEBUG]: Entering analysis module: StateChangeAfterCall
mythril.analysis.module.base [DEBUG]: Exiting analysis module: StateChangeAfterCall
mythril.laser.ethereum.instructions [DEBUG]: Evaluating SSTORE at 181
mythril.laser.ethereum.instructions [DEBUG]: Evaluating SWAP1 at 113
mythril.analysis.module.base [DEBUG]: Entering analysis module: ArbitraryStorage
mythril.analysis.module.base [DEBUG]: Exiting analysis module: ArbitraryStorage
mythril.analysis.module.base [DEBUG]: Entering analysis module: IntegerArithmetics
mythril.analysis.module.base [DEBUG]: Exiting analysis module: IntegerArithmetics
mythril.analysis.module.base [DEBUG]: Entering analysis module: StateChangeAfterCall
mythril.analysis.module.base [DEBUG]: Exiting analysis module: StateChangeAfterCall
mythril.laser.ethereum.instructions [DEBUG]: Evaluating SSTORE at 181
mythril.laser.ethereum.instructions [DEBUG]: Evaluating SWAP1 at 113
mythril.laser.ethereum.instructions [DEBUG]: Evaluating CALLER at 182
mythril.laser.ethereum.instructions [DEBUG]: Evaluating POP at 114
mythril.laser.ethereum.instructions [DEBUG]: Evaluating CALLER at 182
mythril.laser.ethereum.instructions [DEBUG]: Evaluating POP at 114
mythril.laser.ethereum.instructions [DEBUG]: Evaluating DUP3 at 183
mythril.laser.ethereum.instructions [DEBUG]: Evaluating DUP1 at 115
mythril.laser.ethereum.instructions [DEBUG]: Evaluating DUP3 at 183
mythril.laser.ethereum.instructions [DEBUG]: Evaluating DUP1 at 115
mythril.laser.ethereum.instructions [DEBUG]: Evaluating MSTORE at 184
mythril.laser.ethereum.instructions [DEBUG]: Evaluating ISZERO at 116
mythril.laser.ethereum.instructions [DEBUG]: Evaluating MSTORE at 184
mythril.laser.ethereum.instructions [DEBUG]: Evaluating ISZERO at 116
mythril.laser.ethereum.instructions [DEBUG]: Evaluating SWAP1 at 185
mythril.laser.ethereum.instructions [DEBUG]: Evaluating ISZERO at 117
mythril.laser.ethereum.instructions [DEBUG]: Evaluating SWAP1 at 185
mythril.laser.ethereum.instructions [DEBUG]: Evaluating ISZERO at 117
mythril.laser.ethereum.instructions [DEBUG]: Evaluating SHA3 at 186
mythril.laser.ethereum.instructions [DEBUG]: Evaluating PUSH2 at 118
mythril.laser.ethereum.instructions [DEBUG]: Evaluating SHA3 at 186
mythril.laser.ethereum.instructions [DEBUG]: Evaluating PUSH2 at 118
mythril.laser.ethereum.instructions [DEBUG]: Evaluating DUP1 at 187
mythril.analysis.module.base [DEBUG]: Entering analysis module: TxOrigin
mythril.analysis.module.base [DEBUG]: Exiting analysis module: TxOrigin
mythril.analysis.module.base [DEBUG]: Entering analysis module: IntegerArithmetics
mythril.analysis.module.base [DEBUG]: Exiting analysis module: IntegerArithmetics
mythril.laser.ethereum.instructions [DEBUG]: Evaluating JUMPI at 119
mythril.laser.ethereum.instructions [DEBUG]: Evaluating DUP1 at 187
mythril.analysis.module.base [DEBUG]: Entering analysis module: TxOrigin
mythril.analysis.module.base [DEBUG]: Exiting analysis module: TxOrigin
mythril.analysis.module.base [DEBUG]: Entering analysis module: IntegerArithmetics
mythril.analysis.module.base [DEBUG]: Exiting analysis module: IntegerArithmetics
mythril.laser.ethereum.instructions [DEBUG]: Evaluating JUMPI at 119
mythril.laser.ethereum.instructions [DEBUG]: Evaluating SLOAD at 188
mythril.laser.ethereum.instructions [DEBUG]: Evaluating PUSH1 at 120
mythril.laser.ethereum.instructions [DEBUG]: Evaluating JUMPDEST at 123
mythril.laser.ethereum.instructions [DEBUG]: Evaluating SLOAD at 188
mythril.laser.ethereum.instructions [DEBUG]: Evaluating PUSH1 at 120
mythril.laser.ethereum.instructions [DEBUG]: Evaluating JUMPDEST at 123
mythril.laser.ethereum.instructions [DEBUG]: Evaluating DUP3 at 189
mythril.laser.ethereum.instructions [DEBUG]: Evaluating DUP1 at 121
mythril.laser.ethereum.instructions [DEBUG]: Evaluating POP at 124
mythril.laser.ethereum.instructions [DEBUG]: Evaluating DUP3 at 189
mythril.laser.ethereum.instructions [DEBUG]: Evaluating DUP1 at 121
mythril.laser.ethereum.instructions [DEBUG]: Evaluating POP at 124
mythril.laser.ethereum.instructions [DEBUG]: Evaluating SWAP1 at 190
mythril.laser.ethereum.instructions [DEBUG]: Evaluating REVERT at 122
mythril.laser.ethereum.svm [DEBUG]: Ending transaction MessageCallTransaction 2 from sender_2 to                                        0x0.
mythril.laser.ethereum.instructions [DEBUG]: Evaluating POP at 125
mythril.laser.ethereum.instructions [DEBUG]: Evaluating SWAP1 at 190
mythril.laser.ethereum.instructions [DEBUG]: Evaluating REVERT at 122
mythril.laser.ethereum.svm [DEBUG]: Ending transaction MessageCallTransaction 3 from sender_3 to                                        0x0.
mythril.laser.ethereum.instructions [DEBUG]: Evaluating POP at 125
mythril.analysis.module.base [DEBUG]: Entering analysis module: IntegerArithmetics
mythril.analysis.module.base [DEBUG]: Exiting analysis module: IntegerArithmetics
mythril.laser.ethereum.instructions [DEBUG]: Evaluating SUB at 191
mythril.laser.ethereum.instructions [DEBUG]: Evaluating CALLER at 126
mythril.analysis.module.base [DEBUG]: Entering analysis module: IntegerArithmetics
mythril.analysis.module.base [DEBUG]: Exiting analysis module: IntegerArithmetics
mythril.laser.ethereum.instructions [DEBUG]: Evaluating SUB at 191
mythril.laser.ethereum.instructions [DEBUG]: Evaluating CALLER at 126
mythril.laser.ethereum.instructions [DEBUG]: Evaluating SWAP1 at 192
mythril.laser.ethereum.instructions [DEBUG]: Evaluating PUSH1 at 127
mythril.laser.ethereum.instructions [DEBUG]: Evaluating SWAP1 at 192
mythril.laser.ethereum.instructions [DEBUG]: Evaluating PUSH1 at 127
mythril.analysis.module.base [DEBUG]: Entering analysis module: ArbitraryStorage
mythril.analysis.module.base [DEBUG]: Exiting analysis module: ArbitraryStorage
mythril.analysis.module.base [DEBUG]: Entering analysis module: IntegerArithmetics
mythril.analysis.module.base [DEBUG]: Exiting analysis module: IntegerArithmetics
mythril.analysis.module.base [DEBUG]: Entering analysis module: StateChangeAfterCall
mythril.analysis.module.base [DEBUG]: Exiting analysis module: StateChangeAfterCall
mythril.laser.ethereum.instructions [DEBUG]: Evaluating SSTORE at 193
mythril.laser.ethereum.instructions [DEBUG]: Evaluating SWAP1 at 128
mythril.analysis.module.base [DEBUG]: Entering analysis module: ArbitraryStorage
mythril.analysis.module.base [DEBUG]: Exiting analysis module: ArbitraryStorage
mythril.analysis.module.base [DEBUG]: Entering analysis module: IntegerArithmetics
mythril.analysis.module.base [DEBUG]: Exiting analysis module: IntegerArithmetics
mythril.analysis.module.base [DEBUG]: Entering analysis module: StateChangeAfterCall
mythril.analysis.module.base [DEBUG]: Exiting analysis module: StateChangeAfterCall
mythril.laser.ethereum.instructions [DEBUG]: Evaluating SSTORE at 193
mythril.laser.ethereum.instructions [DEBUG]: Evaluating SWAP1 at 128
mythril.laser.ethereum.instructions [DEBUG]: Evaluating JUMPDEST at 194
mythril.laser.ethereum.instructions [DEBUG]: Evaluating DUP2 at 129
mythril.laser.ethereum.instructions [DEBUG]: Evaluating JUMPDEST at 194
mythril.laser.ethereum.instructions [DEBUG]: Evaluating DUP2 at 129
mythril.laser.ethereum.instructions [DEBUG]: Evaluating POP at 195
mythril.laser.ethereum.instructions [DEBUG]: Evaluating POP at 130
mythril.laser.ethereum.instructions [DEBUG]: Evaluating POP at 195
mythril.laser.ethereum.instructions [DEBUG]: Evaluating POP at 130
mythril.laser.ethereum.instructions [DEBUG]: Evaluating POP at 196
mythril.laser.ethereum.instructions [DEBUG]: Evaluating POP at 131
mythril.laser.ethereum.instructions [DEBUG]: Evaluating POP at 196
mythril.laser.ethereum.instructions [DEBUG]: Evaluating POP at 131
mythril.laser.ethereum.instructions [DEBUG]: Evaluating JUMP at 197
mythril.laser.ethereum.instructions [DEBUG]: Evaluating PUSH1 at 132
mythril.laser.ethereum.instructions [DEBUG]: Evaluating JUMP at 197
mythril.laser.ethereum.instructions [DEBUG]: Evaluating PUSH1 at 132
mythril.laser.ethereum.instructions [DEBUG]: Evaluating JUMPDEST at 42
mythril.laser.ethereum.instructions [DEBUG]: Evaluating DUP2 at 133
mythril.laser.ethereum.instructions [DEBUG]: Evaluating JUMPDEST at 42
mythril.laser.ethereum.instructions [DEBUG]: Evaluating DUP2 at 133
mythril.analysis.module.base [DEBUG]: Entering analysis module: IntegerArithmetics
mythril.analysis.module.base [DEBUG]: Exiting analysis module: IntegerArithmetics
mythril.analysis.module.base [DEBUG]: Entering analysis module: UncheckedRetval
mythril.analysis.module.base [DEBUG]: Exiting analysis module: UncheckedRetval
mythril.laser.ethereum.instructions [DEBUG]: Evaluating STOP at 43
mythril.laser.ethereum.svm [DEBUG]: Ending transaction MessageCallTransaction 2 from sender_2 to                                        0x0.
mythril.laser.ethereum.instructions [DEBUG]: Evaluating SWAP1 at 134
mythril.analysis.module.base [DEBUG]: Entering analysis module: IntegerArithmetics
mythril.analysis.module.base [DEBUG]: Exiting analysis module: IntegerArithmetics
mythril.analysis.module.base [DEBUG]: Entering analysis module: UncheckedRetval
mythril.analysis.module.base [DEBUG]: Exiting analysis module: UncheckedRetval
mythril.laser.ethereum.instructions [DEBUG]: Evaluating STOP at 43
mythril.laser.ethereum.svm [DEBUG]: Ending transaction MessageCallTransaction 3 from sender_3 to                                        0x0.
mythril.laser.ethereum.instructions [DEBUG]: Evaluating SWAP1 at 134
mythril.laser.ethereum.instructions [DEBUG]: Evaluating POP at 135
mythril.laser.ethereum.instructions [DEBUG]: Evaluating POP at 135
mythril.laser.ethereum.instructions [DEBUG]: Evaluating POP at 136
mythril.laser.ethereum.instructions [DEBUG]: Evaluating POP at 136
mythril.laser.ethereum.instructions [DEBUG]: Evaluating PUSH1 at 137
mythril.laser.ethereum.instructions [DEBUG]: Evaluating PUSH1 at 137
mythril.laser.ethereum.instructions [DEBUG]: Evaluating DUP2 at 138
mythril.laser.ethereum.instructions [DEBUG]: Evaluating DUP2 at 138
mythril.laser.ethereum.instructions [DEBUG]: Evaluating POP at 139
mythril.laser.ethereum.instructions [DEBUG]: Evaluating POP at 139
mythril.laser.ethereum.instructions [DEBUG]: Evaluating POP at 140
mythril.laser.ethereum.instructions [DEBUG]: Evaluating POP at 140
mythril.laser.ethereum.instructions [DEBUG]: Evaluating POP at 141
mythril.laser.ethereum.instructions [DEBUG]: Evaluating POP at 141
mythril.laser.ethereum.instructions [DEBUG]: Evaluating JUMP at 142
mythril.laser.ethereum.instructions [DEBUG]: Evaluating JUMP at 142
mythril.laser.ethereum.instructions [DEBUG]: Evaluating JUMPDEST at 42
mythril.laser.ethereum.instructions [DEBUG]: Evaluating JUMPDEST at 42
mythril.analysis.module.base [DEBUG]: Entering analysis module: IntegerArithmetics
mythril.analysis.module.base [DEBUG]: Exiting analysis module: IntegerArithmetics
mythril.analysis.module.base [DEBUG]: Entering analysis module: UncheckedRetval
mythril.analysis.module.base [DEBUG]: Exiting analysis module: UncheckedRetval
mythril.laser.ethereum.instructions [DEBUG]: Evaluating STOP at 43
mythril.laser.ethereum.svm [DEBUG]: Ending transaction MessageCallTransaction 2 from sender_2 to                                        0x0.
mythril.analysis.module.base [DEBUG]: Entering analysis module: IntegerArithmetics
mythril.analysis.module.base [DEBUG]: Exiting analysis module: IntegerArithmetics
mythril.analysis.module.base [DEBUG]: Entering analysis module: UncheckedRetval
mythril.analysis.module.base [DEBUG]: Exiting analysis module: UncheckedRetval
mythril.laser.ethereum.instructions [DEBUG]: Evaluating STOP at 43
mythril.laser.ethereum.svm [DEBUG]: Ending transaction MessageCallTransaction 3 from sender_3 to                                        0x0.
mythril.laser.plugin.plugins.coverage.coverage_plugin [INFO]: Number of new instructions covered in tx 1: 0
mythril.laser.ethereum.svm [INFO]: Finished symbolic execution
mythril.laser.plugin.plugins.coverage.coverage_plugin [INFO]: Achieved 99.50% coverage for code: 60806040526004361061004b5763ffffffff7c01000000000000000000000000000000000000000000000000000000006000350416635fd8c7108114610050578063a9059cbb14610067575b600080fd5b34801561005c57600080fd5b50610065610098565b005b34801561007357600080fd5b5061006573ffffffffffffffffffffffffffffffffffffffff600435166024356100f6565b336000818152602081815260408083205490519093918491808201918591908185875a3360005260006020526000604060002055f19250505090508015156100df57600080fd5b505033600090815050602081905050604081505050565b3360009081526020819052604090205481116101455773ffffffffffffffffffffffffffffffffffffffff82166000908152602081905260408082208054840190553382529020805482900390555b50505600
mythril.laser.plugin.plugins.instruction_profiler [INFO]: Total: 2.411928653717041 s
[ADD         ]   0.2481 %,  nr      6,  total   0.0060 s,  avg   0.0010 s,  min   0.0005 s,  max   0.0018 s
[AND         ]   0.2636 %,  nr      9,  total   0.0064 s,  avg   0.0007 s,  min   0.0004 s,  max   0.0012 s
[CALL        ]   3.4504 %,  nr      3,  total   0.0832 s,  avg   0.0277 s,  min   0.0137 s,  max   0.0368 s
[CALLDATALOAD]   5.5645 %,  nr      9,  total   0.1342 s,  avg   0.0149 s,  min   0.0089 s,  max   0.0318 s
[CALLDATASIZE]   0.0604 %,  nr      3,  total   0.0015 s,  avg   0.0005 s,  min   0.0004 s,  max   0.0006 s
[CALLER      ]   0.4923 %,  nr     15,  total   0.0119 s,  avg   0.0008 s,  min   0.0003 s,  max   0.0019 s
[CALLVALUE   ]   0.1664 %,  nr      6,  total   0.0040 s,  avg   0.0007 s,  min   0.0003 s,  max   0.0013 s
[DIV         ]   0.1141 %,  nr      3,  total   0.0028 s,  avg   0.0009 s,  min   0.0006 s,  max   0.0012 s
[DUP1        ]   1.3488 %,  nr     40,  total   0.0325 s,  avg   0.0008 s,  min   0.0003 s,  max   0.0034 s
[DUP2        ]   1.3788 %,  nr     42,  total   0.0333 s,  avg   0.0008 s,  min   0.0003 s,  max   0.0019 s
[DUP3        ]   0.6492 %,  nr     15,  total   0.0157 s,  avg   0.0010 s,  min   0.0004 s,  max   0.0027 s
[DUP4        ]   0.0974 %,  nr      3,  total   0.0023 s,  avg   0.0008 s,  min   0.0003 s,  max   0.0015 s
[DUP5        ]   0.3205 %,  nr      6,  total   0.0077 s,  avg   0.0013 s,  min   0.0004 s,  max   0.0020 s
[DUP6        ]   0.1486 %,  nr      6,  total   0.0036 s,  avg   0.0006 s,  min   0.0004 s,  max   0.0010 s
[DUP8        ]   0.0883 %,  nr      3,  total   0.0021 s,  avg   0.0007 s,  min   0.0004 s,  max   0.0009 s
[EQ          ]   0.1318 %,  nr      6,  total   0.0032 s,  avg   0.0005 s,  min   0.0004 s,  max   0.0007 s
[GAS         ]   0.0957 %,  nr      3,  total   0.0023 s,  avg   0.0008 s,  min   0.0004 s,  max   0.0010 s
[GT          ]   0.0881 %,  nr      3,  total   0.0021 s,  avg   0.0007 s,  min   0.0005 s,  max   0.0009 s
[ISZERO      ]   0.5982 %,  nr     12,  total   0.0144 s,  avg   0.0012 s,  min   0.0005 s,  max   0.0019 s
[JUMP        ]   1.0817 %,  nr     15,  total   0.0261 s,  avg   0.0017 s,  min   0.0007 s,  max   0.0031 s
[JUMPDEST    ]   1.1672 %,  nr     40,  total   0.0282 s,  avg   0.0007 s,  min   0.0003 s,  max   0.0021 s
[JUMPI       ]   2.1317 %,  nr     21,  total   0.0514 s,  avg   0.0024 s,  min   0.0011 s,  max   0.0048 s
[LT          ]   0.0641 %,  nr      3,  total   0.0015 s,  avg   0.0005 s,  min   0.0004 s,  max   0.0006 s
[MLOAD       ]   3.4455 %,  nr      3,  total   0.0831 s,  avg   0.0277 s,  min   0.0127 s,  max   0.0366 s
[MSTORE      ]  31.5389 %,  nr     30,  total   0.7607 s,  avg   0.0254 s,  min   0.0075 s,  max   0.0508 s
[POP         ]   2.3480 %,  nr     57,  total   0.0566 s,  avg   0.0010 s,  min   0.0003 s,  max   0.0023 s
[PUSH1       ]   3.3440 %,  nr     85,  total   0.0807 s,  avg   0.0009 s,  min   0.0003 s,  max   0.0030 s
[PUSH2       ]   1.1782 %,  nr     33,  total   0.0284 s,  avg   0.0009 s,  min   0.0003 s,  max   0.0031 s
[PUSH20      ]   0.2354 %,  nr      6,  total   0.0057 s,  avg   0.0009 s,  min   0.0004 s,  max   0.0024 s
[PUSH29      ]   0.0636 %,  nr      3,  total   0.0015 s,  avg   0.0005 s,  min   0.0003 s,  max   0.0006 s
[PUSH4       ]   0.2614 %,  nr      9,  total   0.0063 s,  avg   0.0007 s,  min   0.0003 s,  max   0.0013 s
[SHA3        ]  33.4849 %,  nr     15,  total   0.8076 s,  avg   0.0538 s,  min   0.0238 s,  max   0.0814 s
[SLOAD       ]   0.6611 %,  nr     12,  total   0.0159 s,  avg   0.0013 s,  min   0.0005 s,  max   0.0021 s
[SSTORE      ]   0.5252 %,  nr      9,  total   0.0127 s,  avg   0.0014 s,  min   0.0006 s,  max   0.0023 s
[SUB         ]   0.2511 %,  nr      3,  total   0.0061 s,  avg   0.0020 s,  min   0.0007 s,  max   0.0039 s
[SWAP1       ]   2.1168 %,  nr     45,  total   0.0511 s,  avg   0.0011 s,  min   0.0004 s,  max   0.0054 s
[SWAP2       ]   0.3425 %,  nr     12,  total   0.0083 s,  avg   0.0007 s,  min   0.0004 s,  max   0.0012 s
[SWAP3       ]   0.2129 %,  nr      3,  total   0.0051 s,  avg   0.0017 s,  min   0.0005 s,  max   0.0026 s
[SWAP4       ]   0.2407 %,  nr      3,  total   0.0058 s,  avg   0.0019 s,  min   0.0004 s,  max   0.0042 s

mythril.analysis.security [INFO]: Starting analysis
mythril.analysis.security [DEBUG]: Retrieving results for Caller can write to arbitrary storage locations
mythril.analysis.security [DEBUG]: Retrieving results for Delegatecall to a user-specified address
mythril.analysis.security [DEBUG]: Retrieving results for Control flow depends on tx.origin
mythril.analysis.security [DEBUG]: Retrieving results for Any sender can withdraw ETH from the contract account
mythril.analysis.security [DEBUG]: Retrieving results for Integer overflow or underflow
mythril.analysis.security [DEBUG]: Retrieving results for State change after an external call
mythril.analysis.security [DEBUG]: Retrieving results for Contract can be accidentally killed by anyone
mythril.analysis.security [DEBUG]: Retrieving results for Return value of an external call is not checked
mythril.mythril.mythril_analyzer [INFO]: Solver statistics: 
Query count: 102 
Solver time: 10.539878606796265
{"error": null, "issues": [], "success": true}
