mythril.mythril.mythril_config [INFO]: Creating mythril data directory 
mythril.mythril.mythril_config [INFO]: No config file found. Creating default: /root/.mythril/config.ini 
mythril.mythril.mythril_config [INFO]: Infura key not provided, so onchain access is disabled. Use --infura-id <INFURA_ID> or set it in the environment variable INFURA_ID or in the ~/.mythril/config.ini file 
mythril.support.signatures [INFO]: Using signature database at /root/.mythril/signatures.db
mythril.laser.ethereum.svm [INFO]: LASER EVM initialized with dynamic loader: <mythril.support.loader.DynLoader object at 0x7fb2ff641dc0>
mythril.laser.ethereum.strategy.extensions.bounded_loops [INFO]: Loaded search strategy extension: Loop bounds (limit = 3)
mythril.laser.plugin.loader [INFO]: Loading laser plugin: coverage
mythril.laser.plugin.loader [INFO]: Loading laser plugin: mutation-pruner
mythril.laser.plugin.loader [INFO]: Loading laser plugin: call-depth-limit
mythril.laser.plugin.loader [INFO]: Loading laser plugin: instruction-profiler
mythril.laser.plugin.loader [INFO]: Loading laser plugin: dependency-pruner
mythril.laser.plugin.loader [INFO]: Instrumenting symbolic vm with plugin: coverage
mythril.laser.plugin.loader [INFO]: Instrumenting symbolic vm with plugin: mutation-pruner
mythril.laser.plugin.loader [INFO]: Instrumenting symbolic vm with plugin: call-depth-limit
mythril.laser.plugin.loader [INFO]: Instrumenting symbolic vm with plugin: instruction-profiler
mythril.laser.plugin.loader [INFO]: Instrumenting symbolic vm with plugin: dependency-pruner
mythril.laser.ethereum.svm [DEBUG]: Starting LASER execution
mythril.laser.ethereum.svm [INFO]: Starting message call transaction to 0
mythril.laser.ethereum.svm [INFO]: Starting message call transaction, iteration: 0, 1 initial states
mythril.laser.ethereum.instructions [DEBUG]: Evaluating PUSH1 at 0
mythril.laser.ethereum.instructions [DEBUG]: Evaluating PUSH1 at 1
mythril.laser.ethereum.instructions [DEBUG]: Evaluating MSTORE at 2
mythril.laser.ethereum.instructions [DEBUG]: Evaluating PUSH1 at 3
mythril.laser.ethereum.instructions [DEBUG]: Evaluating CALLDATASIZE at 4
mythril.laser.ethereum.instructions [DEBUG]: Evaluating LT at 5
mythril.laser.ethereum.instructions [DEBUG]: Evaluating PUSH2 at 6
mythril.analysis.module.base [DEBUG]: Entering analysis module: TxOrigin
mythril.analysis.module.base [DEBUG]: Exiting analysis module: TxOrigin
mythril.analysis.module.base [DEBUG]: Entering analysis module: IntegerArithmetics
mythril.analysis.module.base [DEBUG]: Exiting analysis module: IntegerArithmetics
mythril.laser.ethereum.instructions [DEBUG]: Evaluating JUMPI at 7
mythril.laser.ethereum.instructions [DEBUG]: Evaluating PUSH4 at 8
mythril.laser.ethereum.instructions [DEBUG]: Evaluating JUMPDEST at 24
mythril.laser.ethereum.instructions [DEBUG]: Evaluating PUSH29 at 9
mythril.laser.ethereum.instructions [DEBUG]: Evaluating PUSH1 at 25
mythril.laser.ethereum.instructions [DEBUG]: Evaluating PUSH1 at 10
mythril.laser.ethereum.instructions [DEBUG]: Evaluating DUP1 at 26
mythril.laser.ethereum.instructions [DEBUG]: Evaluating CALLDATALOAD at 11
mythril.laser.ethereum.instructions [DEBUG]: Evaluating REVERT at 27
mythril.laser.ethereum.svm [DEBUG]: Ending transaction MessageCallTransaction 1 from sender_1 to                                        0x0.
mythril.laser.ethereum.instructions [DEBUG]: Evaluating DIV at 12
mythril.laser.ethereum.instructions [DEBUG]: Evaluating AND at 13
mythril.laser.ethereum.instructions [DEBUG]: Evaluating PUSH4 at 14
mythril.laser.ethereum.instructions [DEBUG]: Evaluating DUP2 at 15
mythril.laser.ethereum.instructions [DEBUG]: Evaluating EQ at 16
mythril.laser.ethereum.instructions [DEBUG]: Evaluating PUSH2 at 17
mythril.analysis.module.base [DEBUG]: Entering analysis module: TxOrigin
mythril.analysis.module.base [DEBUG]: Exiting analysis module: TxOrigin
mythril.analysis.module.base [DEBUG]: Entering analysis module: IntegerArithmetics
mythril.analysis.module.base [DEBUG]: Exiting analysis module: IntegerArithmetics
mythril.laser.ethereum.instructions [DEBUG]: Evaluating JUMPI at 18
mythril.laser.ethereum.instructions [DEBUG]: Evaluating DUP1 at 19
mythril.laser.ethereum.instructions [DEBUG]: Evaluating JUMPDEST at 28
mythril.laser.ethereum.instructions [DEBUG]: Evaluating PUSH4 at 20
mythril.laser.ethereum.instructions [DEBUG]: Evaluating CALLVALUE at 29
mythril.laser.ethereum.instructions [DEBUG]: Evaluating EQ at 21
mythril.laser.ethereum.instructions [DEBUG]: Evaluating DUP1 at 30
mythril.laser.ethereum.instructions [DEBUG]: Evaluating PUSH2 at 22
mythril.laser.ethereum.instructions [DEBUG]: Evaluating ISZERO at 31
mythril.analysis.module.base [DEBUG]: Entering analysis module: TxOrigin
mythril.analysis.module.base [DEBUG]: Exiting analysis module: TxOrigin
mythril.analysis.module.base [DEBUG]: Entering analysis module: IntegerArithmetics
mythril.analysis.module.base [DEBUG]: Exiting analysis module: IntegerArithmetics
mythril.laser.ethereum.instructions [DEBUG]: Evaluating JUMPI at 23
mythril.laser.ethereum.svm [DEBUG]: - Entering function MAIN:unknown
mythril.laser.ethereum.instructions [DEBUG]: Evaluating PUSH2 at 32
mythril.laser.ethereum.instructions [DEBUG]: Evaluating JUMPDEST at 24
mythril.laser.ethereum.instructions [DEBUG]: Evaluating JUMPDEST at 44
mythril.analysis.module.base [DEBUG]: Entering analysis module: TxOrigin
mythril.analysis.module.base [DEBUG]: Exiting analysis module: TxOrigin
mythril.analysis.module.base [DEBUG]: Entering analysis module: IntegerArithmetics
mythril.analysis.module.base [DEBUG]: Exiting analysis module: IntegerArithmetics
mythril.laser.ethereum.instructions [DEBUG]: Evaluating JUMPI at 33
mythril.laser.ethereum.instructions [DEBUG]: Evaluating PUSH1 at 25
mythril.laser.ethereum.instructions [DEBUG]: Evaluating CALLVALUE at 45
mythril.laser.ethereum.instructions [DEBUG]: Evaluating PUSH1 at 34
mythril.laser.ethereum.instructions [DEBUG]: Evaluating JUMPDEST at 37
mythril.laser.ethereum.instructions [DEBUG]: Evaluating DUP1 at 26
mythril.laser.ethereum.instructions [DEBUG]: Evaluating DUP1 at 46
mythril.laser.ethereum.instructions [DEBUG]: Evaluating DUP1 at 35
mythril.laser.ethereum.instructions [DEBUG]: Evaluating POP at 38
mythril.laser.ethereum.instructions [DEBUG]: Evaluating REVERT at 27
mythril.laser.ethereum.svm [DEBUG]: Ending transaction MessageCallTransaction 1 from sender_1 to                                        0x0.
mythril.laser.ethereum.instructions [DEBUG]: Evaluating ISZERO at 47
mythril.laser.ethereum.instructions [DEBUG]: Evaluating REVERT at 36
mythril.laser.ethereum.svm [DEBUG]: Ending transaction MessageCallTransaction 1 from sender_1 to                                        0x0.
mythril.laser.ethereum.instructions [DEBUG]: Evaluating PUSH2 at 39
mythril.laser.ethereum.instructions [DEBUG]: Evaluating PUSH2 at 48
mythril.laser.ethereum.instructions [DEBUG]: Evaluating PUSH2 at 40
mythril.analysis.module.base [DEBUG]: Entering analysis module: TxOrigin
mythril.analysis.module.base [DEBUG]: Exiting analysis module: TxOrigin
mythril.analysis.module.base [DEBUG]: Entering analysis module: IntegerArithmetics
mythril.analysis.module.base [DEBUG]: Exiting analysis module: IntegerArithmetics
mythril.laser.ethereum.instructions [DEBUG]: Evaluating JUMPI at 49
mythril.laser.ethereum.instructions [DEBUG]: Evaluating JUMP at 41
mythril.laser.ethereum.instructions [DEBUG]: Evaluating PUSH1 at 50
mythril.laser.ethereum.instructions [DEBUG]: Evaluating JUMPDEST at 53
mythril.laser.ethereum.instructions [DEBUG]: Evaluating JUMPDEST at 64
mythril.laser.ethereum.instructions [DEBUG]: Evaluating DUP1 at 51
mythril.laser.ethereum.instructions [DEBUG]: Evaluating POP at 54
mythril.laser.ethereum.instructions [DEBUG]: Evaluating CALLER at 65
mythril.laser.ethereum.instructions [DEBUG]: Evaluating REVERT at 52
mythril.laser.ethereum.svm [DEBUG]: Ending transaction MessageCallTransaction 1 from sender_1 to                                        0x0.
mythril.laser.ethereum.instructions [DEBUG]: Evaluating PUSH2 at 55
mythril.laser.ethereum.instructions [DEBUG]: Evaluating PUSH1 at 66
mythril.laser.ethereum.instructions [DEBUG]: Evaluating PUSH20 at 56
mythril.laser.ethereum.instructions [DEBUG]: Evaluating DUP2 at 67
mythril.laser.ethereum.instructions [DEBUG]: Evaluating PUSH1 at 57
mythril.laser.ethereum.instructions [DEBUG]: Evaluating DUP2 at 68
mythril.laser.ethereum.instructions [DEBUG]: Evaluating CALLDATALOAD at 58
mythril.laser.ethereum.instructions [DEBUG]: Evaluating MSTORE at 69
mythril.laser.ethereum.instructions [DEBUG]: Evaluating AND at 59
mythril.laser.ethereum.instructions [DEBUG]: Evaluating PUSH1 at 70
mythril.laser.ethereum.instructions [DEBUG]: Evaluating PUSH1 at 60
mythril.laser.ethereum.instructions [DEBUG]: Evaluating DUP2 at 71
mythril.laser.ethereum.instructions [DEBUG]: Evaluating CALLDATALOAD at 61
mythril.laser.ethereum.instructions [DEBUG]: Evaluating DUP2 at 72
mythril.laser.ethereum.instructions [DEBUG]: Evaluating PUSH2 at 62
mythril.laser.ethereum.instructions [DEBUG]: Evaluating MSTORE at 73
mythril.laser.ethereum.instructions [DEBUG]: Evaluating JUMP at 63
mythril.laser.ethereum.instructions [DEBUG]: Evaluating PUSH1 at 74
mythril.laser.ethereum.instructions [DEBUG]: Evaluating JUMPDEST at 129
mythril.laser.ethereum.instructions [DEBUG]: Evaluating DUP1 at 75
mythril.laser.ethereum.instructions [DEBUG]: Evaluating CALLER at 130
mythril.laser.ethereum.instructions [DEBUG]: Evaluating DUP4 at 76
mythril.laser.ethereum.instructions [DEBUG]: Evaluating PUSH1 at 131
mythril.laser.ethereum.instructions [DEBUG]: Evaluating SHA3 at 77
mythril.laser.ethereum.instructions [DEBUG]: Evaluating SWAP1 at 132
mythril.laser.ethereum.instructions [DEBUG]: Evaluating SLOAD at 78
mythril.laser.ethereum.instructions [DEBUG]: Evaluating DUP2 at 133
mythril.laser.ethereum.instructions [DEBUG]: Evaluating SWAP1 at 79
mythril.laser.ethereum.instructions [DEBUG]: Evaluating MSTORE at 134
mythril.laser.ethereum.instructions [DEBUG]: Evaluating MLOAD at 80
mythril.laser.ethereum.instructions [DEBUG]: Evaluating PUSH1 at 135
mythril.laser.ethereum.instructions [DEBUG]: Evaluating SWAP1 at 81
mythril.laser.ethereum.instructions [DEBUG]: Evaluating DUP2 at 136
mythril.laser.ethereum.instructions [DEBUG]: Evaluating SWAP4 at 82
mythril.laser.ethereum.instructions [DEBUG]: Evaluating SWAP1 at 137
mythril.laser.ethereum.instructions [DEBUG]: Evaluating SWAP2 at 83
mythril.laser.ethereum.instructions [DEBUG]: Evaluating MSTORE at 138
mythril.laser.ethereum.instructions [DEBUG]: Evaluating DUP5 at 84
mythril.laser.ethereum.instructions [DEBUG]: Evaluating PUSH1 at 139
mythril.laser.ethereum.instructions [DEBUG]: Evaluating SWAP2 at 85
mythril.laser.ethereum.instructions [DEBUG]: Evaluating SWAP1 at 140
mythril.laser.ethereum.instructions [DEBUG]: Evaluating DUP1 at 86
mythril.laser.ethereum.instructions [DEBUG]: Evaluating SHA3 at 141
mythril.laser.ethereum.instructions [DEBUG]: Evaluating DUP3 at 87
mythril.laser.ethereum.instructions [DEBUG]: Evaluating SLOAD at 142
mythril.analysis.module.base [DEBUG]: Entering analysis module: IntegerArithmetics
mythril.analysis.module.base [DEBUG]: Exiting analysis module: IntegerArithmetics
mythril.laser.ethereum.instructions [DEBUG]: Evaluating ADD at 88
mythril.laser.ethereum.instructions [DEBUG]: Evaluating DUP2 at 143
mythril.laser.ethereum.instructions [DEBUG]: Evaluating SWAP2 at 89
mythril.laser.ethereum.instructions [DEBUG]: Evaluating GT at 144
mythril.laser.ethereum.instructions [DEBUG]: Evaluating DUP6 at 90
mythril.laser.ethereum.instructions [DEBUG]: Evaluating PUSH2 at 145
mythril.laser.ethereum.instructions [DEBUG]: Evaluating SWAP2 at 91
mythril.analysis.module.base [DEBUG]: Entering analysis module: TxOrigin
mythril.analysis.module.base [DEBUG]: Exiting analysis module: TxOrigin
mythril.analysis.module.base [DEBUG]: Entering analysis module: IntegerArithmetics
mythril.analysis.module.base [DEBUG]: Exiting analysis module: IntegerArithmetics
mythril.laser.ethereum.instructions [DEBUG]: Evaluating JUMPI at 146
mythril.laser.ethereum.instructions [DEBUG]: Evaluating SWAP1 at 92
mythril.laser.ethereum.instructions [DEBUG]: Evaluating PUSH20 at 147
mythril.laser.ethereum.instructions [DEBUG]: Evaluating JUMPDEST at 180
mythril.laser.ethereum.instructions [DEBUG]: Evaluating DUP2 at 93
mythril.laser.ethereum.instructions [DEBUG]: Evaluating DUP3 at 148
mythril.laser.ethereum.instructions [DEBUG]: Evaluating POP at 181
mythril.laser.ethereum.instructions [DEBUG]: Evaluating DUP6 at 94
mythril.laser.ethereum.instructions [DEBUG]: Evaluating AND at 149
mythril.laser.ethereum.instructions [DEBUG]: Evaluating POP at 182
mythril.laser.ethereum.instructions [DEBUG]: Evaluating DUP8 at 95
mythril.laser.ethereum.instructions [DEBUG]: Evaluating PUSH1 at 150
mythril.laser.ethereum.instructions [DEBUG]: Evaluating JUMP at 183
mythril.laser.ethereum.instructions [DEBUG]: Evaluating GAS at 96
mythril.laser.ethereum.instructions [DEBUG]: Evaluating SWAP1 at 151
mythril.laser.ethereum.instructions [DEBUG]: Evaluating JUMPDEST at 42
mythril.analysis.module.base [DEBUG]: Entering analysis module: IntegerArithmetics
mythril.analysis.module.base [DEBUG]: Exiting analysis module: IntegerArithmetics
mythril.analysis.module.base [DEBUG]: Entering analysis module: StateChangeAfterCall
mythril.analysis.module.base [DEBUG]: Exiting analysis module: StateChangeAfterCall
mythril.laser.ethereum.instructions [DEBUG]: Evaluating CALL at 97
mythril.laser.ethereum.call [DEBUG]: Symbolic call encountered
mythril.laser.ethereum.call [DEBUG]: CALL to: sender_1
mythril.laser.ethereum.instructions [DEBUG]: The call is related to ether transfer between accounts
mythril.analysis.module.base [DEBUG]: Entering analysis module: EtherThief
mythril.analysis.module.base [DEBUG]: Exiting analysis module: EtherThief
mythril.analysis.module.base [DEBUG]: Entering analysis module: UncheckedRetval
mythril.analysis.module.modules.unchecked_retval [DEBUG]: End of call, extracting retval
mythril.analysis.module.base [DEBUG]: Exiting analysis module: UncheckedRetval
mythril.laser.ethereum.instructions [DEBUG]: Evaluating DUP2 at 152
mythril.analysis.module.base [DEBUG]: Entering analysis module: IntegerArithmetics
mythril.analysis.module.base [DEBUG]: Exiting analysis module: IntegerArithmetics
mythril.analysis.module.base [DEBUG]: Entering analysis module: UncheckedRetval
mythril.analysis.module.base [DEBUG]: Exiting analysis module: UncheckedRetval
mythril.laser.ethereum.instructions [DEBUG]: Evaluating STOP at 43
mythril.laser.ethereum.svm [DEBUG]: Ending transaction MessageCallTransaction 1 from sender_1 to                                        0x0.
mythril.laser.ethereum.instructions [DEBUG]: Evaluating SWAP3 at 98
mythril.laser.ethereum.instructions [DEBUG]: Evaluating MSTORE at 153
mythril.laser.ethereum.instructions [DEBUG]: Evaluating POP at 99
mythril.laser.ethereum.instructions [DEBUG]: Evaluating PUSH1 at 154
mythril.laser.ethereum.instructions [DEBUG]: Evaluating POP at 100
mythril.laser.ethereum.instructions [DEBUG]: Evaluating DUP2 at 155
mythril.laser.ethereum.instructions [DEBUG]: Evaluating POP at 101
mythril.laser.ethereum.instructions [DEBUG]: Evaluating SWAP1 at 156
mythril.laser.ethereum.instructions [DEBUG]: Evaluating SWAP1 at 102
mythril.laser.ethereum.instructions [DEBUG]: Evaluating MSTORE at 157
mythril.laser.ethereum.instructions [DEBUG]: Evaluating POP at 103
mythril.laser.ethereum.instructions [DEBUG]: Evaluating PUSH1 at 158
mythril.laser.ethereum.instructions [DEBUG]: Evaluating DUP1 at 104
mythril.laser.ethereum.instructions [DEBUG]: Evaluating DUP1 at 159
mythril.laser.ethereum.instructions [DEBUG]: Evaluating ISZERO at 105
mythril.laser.ethereum.instructions [DEBUG]: Evaluating DUP3 at 160
mythril.laser.ethereum.instructions [DEBUG]: Evaluating ISZERO at 106
mythril.laser.ethereum.instructions [DEBUG]: Evaluating SHA3 at 161
mythril.laser.ethereum.instructions [DEBUG]: Evaluating PUSH2 at 107
mythril.laser.ethereum.instructions [DEBUG]: Evaluating DUP1 at 162
mythril.analysis.module.base [DEBUG]: Entering analysis module: TxOrigin
mythril.analysis.module.base [DEBUG]: Exiting analysis module: TxOrigin
mythril.analysis.module.base [DEBUG]: Entering analysis module: IntegerArithmetics
mythril.analysis.module.base [DEBUG]: Exiting analysis module: IntegerArithmetics
mythril.laser.ethereum.instructions [DEBUG]: Evaluating JUMPI at 108
mythril.laser.ethereum.instructions [DEBUG]: Evaluating SLOAD at 163
mythril.laser.ethereum.instructions [DEBUG]: Evaluating PUSH1 at 109
mythril.laser.ethereum.instructions [DEBUG]: Evaluating JUMPDEST at 112
mythril.laser.ethereum.instructions [DEBUG]: Evaluating DUP5 at 164
mythril.laser.ethereum.instructions [DEBUG]: Evaluating DUP1 at 110
mythril.laser.ethereum.instructions [DEBUG]: Evaluating POP at 113
mythril.analysis.module.base [DEBUG]: Entering analysis module: IntegerArithmetics
mythril.analysis.module.base [DEBUG]: Exiting analysis module: IntegerArithmetics
mythril.laser.ethereum.instructions [DEBUG]: Evaluating ADD at 165
mythril.laser.ethereum.instructions [DEBUG]: Evaluating REVERT at 111
mythril.laser.ethereum.svm [DEBUG]: Ending transaction MessageCallTransaction 1 from sender_1 to                                        0x0.
mythril.laser.ethereum.instructions [DEBUG]: Evaluating POP at 114
mythril.laser.ethereum.instructions [DEBUG]: Evaluating SWAP1 at 166
mythril.laser.ethereum.instructions [DEBUG]: Evaluating CALLER at 115
mythril.analysis.module.base [DEBUG]: Entering analysis module: ArbitraryStorage
mythril.analysis.module.base [DEBUG]: Exiting analysis module: ArbitraryStorage
mythril.analysis.module.base [DEBUG]: Entering analysis module: IntegerArithmetics
mythril.analysis.module.base [DEBUG]: Exiting analysis module: IntegerArithmetics
mythril.analysis.module.base [DEBUG]: Entering analysis module: StateChangeAfterCall
mythril.analysis.module.base [DEBUG]: Exiting analysis module: StateChangeAfterCall
mythril.laser.ethereum.instructions [DEBUG]: Evaluating SSTORE at 167
mythril.laser.ethereum.instructions [DEBUG]: Evaluating PUSH1 at 116
mythril.laser.ethereum.instructions [DEBUG]: Evaluating CALLER at 168
mythril.laser.ethereum.instructions [DEBUG]: Evaluating SWAP1 at 117
mythril.laser.ethereum.instructions [DEBUG]: Evaluating DUP3 at 169
mythril.laser.ethereum.instructions [DEBUG]: Evaluating DUP2 at 118
mythril.laser.ethereum.instructions [DEBUG]: Evaluating MSTORE at 170
mythril.laser.ethereum.instructions [DEBUG]: Evaluating MSTORE at 119
mythril.laser.ethereum.instructions [DEBUG]: Evaluating SWAP1 at 171
mythril.laser.ethereum.instructions [DEBUG]: Evaluating PUSH1 at 120
mythril.laser.ethereum.instructions [DEBUG]: Evaluating SHA3 at 172
mythril.laser.ethereum.instructions [DEBUG]: Evaluating DUP2 at 121
mythril.laser.ethereum.instructions [DEBUG]: Evaluating DUP1 at 173
mythril.laser.ethereum.instructions [DEBUG]: Evaluating SWAP1 at 122
mythril.laser.ethereum.instructions [DEBUG]: Evaluating SLOAD at 174
mythril.laser.ethereum.instructions [DEBUG]: Evaluating MSTORE at 123
mythril.laser.ethereum.instructions [DEBUG]: Evaluating DUP3 at 175
mythril.laser.ethereum.instructions [DEBUG]: Evaluating PUSH1 at 124
mythril.laser.ethereum.instructions [DEBUG]: Evaluating SWAP1 at 176
mythril.laser.ethereum.instructions [DEBUG]: Evaluating DUP2 at 125
mythril.analysis.module.base [DEBUG]: Entering analysis module: IntegerArithmetics
mythril.analysis.module.base [DEBUG]: Exiting analysis module: IntegerArithmetics
mythril.laser.ethereum.instructions [DEBUG]: Evaluating SUB at 177
mythril.laser.ethereum.instructions [DEBUG]: Evaluating SHA3 at 126
mythril.laser.ethereum.instructions [DEBUG]: Evaluating SWAP1 at 178
mythril.analysis.module.base [DEBUG]: Entering analysis module: ArbitraryStorage
mythril.analysis.module.base [DEBUG]: Exiting analysis module: ArbitraryStorage
mythril.analysis.module.base [DEBUG]: Entering analysis module: IntegerArithmetics
mythril.analysis.module.base [DEBUG]: Exiting analysis module: IntegerArithmetics
mythril.analysis.module.base [DEBUG]: Entering analysis module: StateChangeAfterCall
root [DEBUG]: [EXTERNAL_CALLS] Detected state changes at addresses: 224
mythril.analysis.module.base [DEBUG]: Exiting analysis module: StateChangeAfterCall
mythril.laser.ethereum.instructions [DEBUG]: Evaluating SSTORE at 127
mythril.analysis.module.base [DEBUG]: Entering analysis module: ArbitraryStorage
mythril.analysis.module.base [DEBUG]: Exiting analysis module: ArbitraryStorage
mythril.analysis.module.base [DEBUG]: Entering analysis module: IntegerArithmetics
mythril.analysis.module.base [DEBUG]: Exiting analysis module: IntegerArithmetics
mythril.analysis.module.base [DEBUG]: Entering analysis module: StateChangeAfterCall
mythril.analysis.module.base [DEBUG]: Exiting analysis module: StateChangeAfterCall
mythril.laser.ethereum.instructions [DEBUG]: Evaluating SSTORE at 179
mythril.laser.ethereum.instructions [DEBUG]: Evaluating JUMP at 128
mythril.laser.ethereum.instructions [DEBUG]: Evaluating JUMPDEST at 180
mythril.laser.ethereum.instructions [DEBUG]: Evaluating JUMPDEST at 42
mythril.laser.ethereum.instructions [DEBUG]: Evaluating POP at 181
mythril.analysis.module.base [DEBUG]: Entering analysis module: IntegerArithmetics
mythril.analysis.module.base [DEBUG]: Exiting analysis module: IntegerArithmetics
mythril.analysis.module.base [DEBUG]: Entering analysis module: UncheckedRetval
mythril.analysis.module.base [DEBUG]: Exiting analysis module: UncheckedRetval
mythril.laser.ethereum.instructions [DEBUG]: Evaluating STOP at 43
mythril.laser.ethereum.svm [DEBUG]: Ending transaction MessageCallTransaction 1 from sender_1 to                                        0x0.
mythril.laser.ethereum.instructions [DEBUG]: Evaluating POP at 182
mythril.laser.ethereum.instructions [DEBUG]: Evaluating JUMP at 183
mythril.laser.ethereum.instructions [DEBUG]: Evaluating JUMPDEST at 42
mythril.analysis.module.base [DEBUG]: Entering analysis module: IntegerArithmetics
mythril.analysis.module.base [DEBUG]: Exiting analysis module: IntegerArithmetics
mythril.analysis.module.base [DEBUG]: Entering analysis module: UncheckedRetval
mythril.analysis.module.base [DEBUG]: Exiting analysis module: UncheckedRetval
mythril.laser.ethereum.instructions [DEBUG]: Evaluating STOP at 43
mythril.laser.ethereum.svm [DEBUG]: Ending transaction MessageCallTransaction 1 from sender_1 to                                        0x0.
mythril.laser.plugin.plugins.coverage.coverage_plugin [INFO]: Number of new instructions covered in tx 0: 184
mythril.laser.ethereum.svm [INFO]: Starting message call transaction, iteration: 1, 2 initial states
mythril.laser.ethereum.instructions [DEBUG]: Evaluating PUSH1 at 0
mythril.laser.ethereum.instructions [DEBUG]: Evaluating PUSH1 at 0
mythril.laser.ethereum.instructions [DEBUG]: Evaluating PUSH1 at 1
mythril.laser.ethereum.instructions [DEBUG]: Evaluating PUSH1 at 1
mythril.laser.ethereum.instructions [DEBUG]: Evaluating MSTORE at 2
mythril.laser.ethereum.instructions [DEBUG]: Evaluating MSTORE at 2
mythril.laser.ethereum.instructions [DEBUG]: Evaluating PUSH1 at 3
mythril.laser.ethereum.instructions [DEBUG]: Evaluating PUSH1 at 3
mythril.laser.ethereum.instructions [DEBUG]: Evaluating CALLDATASIZE at 4
mythril.laser.ethereum.instructions [DEBUG]: Evaluating CALLDATASIZE at 4
mythril.laser.ethereum.instructions [DEBUG]: Evaluating LT at 5
mythril.laser.ethereum.instructions [DEBUG]: Evaluating LT at 5
mythril.laser.ethereum.instructions [DEBUG]: Evaluating PUSH2 at 6
mythril.laser.ethereum.instructions [DEBUG]: Evaluating PUSH2 at 6
mythril.analysis.module.base [DEBUG]: Entering analysis module: TxOrigin
mythril.analysis.module.base [DEBUG]: Exiting analysis module: TxOrigin
mythril.analysis.module.base [DEBUG]: Entering analysis module: IntegerArithmetics
mythril.analysis.module.base [DEBUG]: Exiting analysis module: IntegerArithmetics
mythril.laser.ethereum.instructions [DEBUG]: Evaluating JUMPI at 7
mythril.analysis.module.base [DEBUG]: Entering analysis module: TxOrigin
mythril.analysis.module.base [DEBUG]: Exiting analysis module: TxOrigin
mythril.analysis.module.base [DEBUG]: Entering analysis module: IntegerArithmetics
mythril.analysis.module.base [DEBUG]: Exiting analysis module: IntegerArithmetics
mythril.laser.ethereum.instructions [DEBUG]: Evaluating JUMPI at 7
mythril.laser.ethereum.instructions [DEBUG]: Evaluating PUSH4 at 8
mythril.laser.ethereum.instructions [DEBUG]: Evaluating JUMPDEST at 24
mythril.laser.ethereum.instructions [DEBUG]: Evaluating PUSH4 at 8
mythril.laser.ethereum.instructions [DEBUG]: Evaluating JUMPDEST at 24
mythril.laser.ethereum.instructions [DEBUG]: Evaluating PUSH29 at 9
mythril.laser.ethereum.instructions [DEBUG]: Evaluating PUSH1 at 25
mythril.laser.ethereum.instructions [DEBUG]: Evaluating PUSH29 at 9
mythril.laser.ethereum.instructions [DEBUG]: Evaluating PUSH1 at 25
mythril.laser.ethereum.instructions [DEBUG]: Evaluating PUSH1 at 10
mythril.laser.ethereum.instructions [DEBUG]: Evaluating DUP1 at 26
mythril.laser.ethereum.instructions [DEBUG]: Evaluating PUSH1 at 10
mythril.laser.ethereum.instructions [DEBUG]: Evaluating DUP1 at 26
mythril.laser.ethereum.instructions [DEBUG]: Evaluating CALLDATALOAD at 11
mythril.laser.ethereum.instructions [DEBUG]: Evaluating REVERT at 27
mythril.laser.ethereum.svm [DEBUG]: Ending transaction MessageCallTransaction 2 from sender_2 to                                        0x0.
mythril.laser.ethereum.instructions [DEBUG]: Evaluating CALLDATALOAD at 11
mythril.laser.ethereum.instructions [DEBUG]: Evaluating REVERT at 27
mythril.laser.ethereum.svm [DEBUG]: Ending transaction MessageCallTransaction 3 from sender_3 to                                        0x0.
mythril.laser.ethereum.instructions [DEBUG]: Evaluating DIV at 12
mythril.laser.ethereum.instructions [DEBUG]: Evaluating DIV at 12
mythril.laser.ethereum.instructions [DEBUG]: Evaluating AND at 13
mythril.laser.ethereum.instructions [DEBUG]: Evaluating AND at 13
mythril.laser.ethereum.instructions [DEBUG]: Evaluating PUSH4 at 14
mythril.laser.ethereum.instructions [DEBUG]: Evaluating PUSH4 at 14
mythril.laser.ethereum.instructions [DEBUG]: Evaluating DUP2 at 15
mythril.laser.ethereum.instructions [DEBUG]: Evaluating DUP2 at 15
mythril.laser.ethereum.instructions [DEBUG]: Evaluating EQ at 16
mythril.laser.ethereum.instructions [DEBUG]: Evaluating EQ at 16
mythril.laser.ethereum.instructions [DEBUG]: Evaluating PUSH2 at 17
mythril.laser.ethereum.instructions [DEBUG]: Evaluating PUSH2 at 17
mythril.analysis.module.base [DEBUG]: Entering analysis module: TxOrigin
mythril.analysis.module.base [DEBUG]: Exiting analysis module: TxOrigin
mythril.analysis.module.base [DEBUG]: Entering analysis module: IntegerArithmetics
mythril.analysis.module.base [DEBUG]: Exiting analysis module: IntegerArithmetics
mythril.laser.ethereum.instructions [DEBUG]: Evaluating JUMPI at 18
mythril.analysis.module.base [DEBUG]: Entering analysis module: TxOrigin
mythril.analysis.module.base [DEBUG]: Exiting analysis module: TxOrigin
mythril.analysis.module.base [DEBUG]: Entering analysis module: IntegerArithmetics
mythril.analysis.module.base [DEBUG]: Exiting analysis module: IntegerArithmetics
mythril.laser.ethereum.instructions [DEBUG]: Evaluating JUMPI at 18
mythril.laser.ethereum.instructions [DEBUG]: Evaluating DUP1 at 19
mythril.laser.ethereum.instructions [DEBUG]: Evaluating JUMPDEST at 28
mythril.laser.ethereum.instructions [DEBUG]: Evaluating DUP1 at 19
mythril.laser.ethereum.instructions [DEBUG]: Evaluating JUMPDEST at 28
mythril.laser.ethereum.instructions [DEBUG]: Evaluating PUSH4 at 20
mythril.laser.ethereum.instructions [DEBUG]: Evaluating CALLVALUE at 29
mythril.laser.ethereum.instructions [DEBUG]: Evaluating PUSH4 at 20
mythril.laser.ethereum.instructions [DEBUG]: Evaluating CALLVALUE at 29
mythril.laser.ethereum.instructions [DEBUG]: Evaluating EQ at 21
mythril.laser.ethereum.instructions [DEBUG]: Evaluating DUP1 at 30
mythril.laser.ethereum.instructions [DEBUG]: Evaluating EQ at 21
mythril.laser.ethereum.instructions [DEBUG]: Evaluating DUP1 at 30
mythril.laser.ethereum.instructions [DEBUG]: Evaluating PUSH2 at 22
mythril.laser.ethereum.instructions [DEBUG]: Evaluating ISZERO at 31
mythril.laser.ethereum.instructions [DEBUG]: Evaluating PUSH2 at 22
mythril.laser.ethereum.instructions [DEBUG]: Evaluating ISZERO at 31
mythril.analysis.module.base [DEBUG]: Entering analysis module: TxOrigin
mythril.analysis.module.base [DEBUG]: Exiting analysis module: TxOrigin
mythril.analysis.module.base [DEBUG]: Entering analysis module: IntegerArithmetics
mythril.analysis.module.base [DEBUG]: Exiting analysis module: IntegerArithmetics
mythril.laser.ethereum.instructions [DEBUG]: Evaluating JUMPI at 23
mythril.laser.plugin.plugins.dependency_pruner [DEBUG]: Skipping state: Storage slots {keccak256_512(Concat(sender_1, 0))} not read in block at address 75, function
mythril.laser.ethereum.svm [DEBUG]: - Entering function MAIN:unknown
mythril.laser.ethereum.instructions [DEBUG]: Evaluating PUSH2 at 32
mythril.analysis.module.base [DEBUG]: Entering analysis module: TxOrigin
mythril.analysis.module.base [DEBUG]: Exiting analysis module: TxOrigin
mythril.analysis.module.base [DEBUG]: Entering analysis module: IntegerArithmetics
mythril.analysis.module.base [DEBUG]: Exiting analysis module: IntegerArithmetics
mythril.laser.ethereum.instructions [DEBUG]: Evaluating JUMPI at 23
mythril.laser.plugin.plugins.dependency_pruner [DEBUG]: Skipping state: Storage slots {keccak256_512(Concat(sender_1, 0)), keccak256_512(Concat(0,
                     If(1_calldatasize <= 16,
                        0,
                        1_calldata[16]),
                     If(1_calldatasize <= 17,
                        0,
                        1_calldata[17]),
                     If(1_calldatasize <= 18,
                        0,
                        1_calldata[18]),
                     If(1_calldatasize <= 19,
                        0,
                        1_calldata[19]),
                     If(1_calldatasize <= 20,
                        0,
                        1_calldata[20]),
                     If(1_calldatasize <= 21,
                        0,
                        1_calldata[21]),
                     If(1_calldatasize <= 22,
                        0,
                        1_calldata[22]),
                     If(1_calldatasize <= 23,
                        0,
                        1_calldata[23]),
                     If(1_calldatasize <= 24,
                        0,
                        1_calldata[24]),
                     If(1_calldatasize <= 25,
                        0,
                        1_calldata[25]),
                     If(1_calldatasize <= 26,
                        0,
                        1_calldata[26]),
                     If(1_calldatasize <= 27,
                        0,
                        1_calldata[27]),
                     If(1_calldatasize <= 28,
                        0,
                        1_calldata[28]),
                     If(1_calldatasize <= 29,
                        0,
                        1_calldata[29]),
                     If(1_calldatasize <= 30,
                        0,
                        1_calldata[30]),
                     If(1_calldatasize <= 31,
                        0,
                        1_calldata[31]),
                     If(1_calldatasize <= 32,
                        0,
                        1_calldata[32]),
                     If(1_calldatasize <= 33,
                        0,
                        1_calldata[33]),
                     If(1_calldatasize <= 34,
                        0,
                        1_calldata[34]),
                     If(1_calldatasize <= 35,
                        0,
                        1_calldata[35]),
                     0))} not read in block at address 75, function
mythril.laser.ethereum.svm [DEBUG]: - Entering function MAIN:unknown
mythril.laser.ethereum.instructions [DEBUG]: Evaluating PUSH2 at 32
mythril.laser.ethereum.instructions [DEBUG]: Evaluating JUMPDEST at 44
mythril.analysis.module.base [DEBUG]: Entering analysis module: TxOrigin
mythril.analysis.module.base [DEBUG]: Exiting analysis module: TxOrigin
mythril.analysis.module.base [DEBUG]: Entering analysis module: IntegerArithmetics
mythril.analysis.module.base [DEBUG]: Exiting analysis module: IntegerArithmetics
mythril.laser.ethereum.instructions [DEBUG]: Evaluating JUMPI at 33
mythril.laser.ethereum.instructions [DEBUG]: Evaluating JUMPDEST at 44
mythril.analysis.module.base [DEBUG]: Entering analysis module: TxOrigin
mythril.analysis.module.base [DEBUG]: Exiting analysis module: TxOrigin
mythril.analysis.module.base [DEBUG]: Entering analysis module: IntegerArithmetics
mythril.analysis.module.base [DEBUG]: Exiting analysis module: IntegerArithmetics
mythril.laser.ethereum.instructions [DEBUG]: Evaluating JUMPI at 33
mythril.laser.ethereum.instructions [DEBUG]: Evaluating CALLVALUE at 45
mythril.laser.ethereum.instructions [DEBUG]: Evaluating PUSH1 at 34
mythril.laser.ethereum.instructions [DEBUG]: Evaluating JUMPDEST at 37
mythril.laser.ethereum.instructions [DEBUG]: Evaluating CALLVALUE at 45
mythril.laser.ethereum.instructions [DEBUG]: Evaluating PUSH1 at 34
mythril.laser.ethereum.instructions [DEBUG]: Evaluating JUMPDEST at 37
mythril.laser.ethereum.instructions [DEBUG]: Evaluating DUP1 at 46
mythril.laser.ethereum.instructions [DEBUG]: Evaluating DUP1 at 35
mythril.laser.ethereum.instructions [DEBUG]: Evaluating POP at 38
mythril.laser.ethereum.instructions [DEBUG]: Evaluating DUP1 at 46
mythril.laser.ethereum.instructions [DEBUG]: Evaluating DUP1 at 35
mythril.laser.ethereum.instructions [DEBUG]: Evaluating POP at 38
mythril.laser.ethereum.instructions [DEBUG]: Evaluating ISZERO at 47
mythril.laser.ethereum.instructions [DEBUG]: Evaluating REVERT at 36
mythril.laser.ethereum.svm [DEBUG]: Ending transaction MessageCallTransaction 2 from sender_2 to                                        0x0.
mythril.laser.ethereum.instructions [DEBUG]: Evaluating PUSH2 at 39
mythril.laser.ethereum.instructions [DEBUG]: Evaluating ISZERO at 47
mythril.laser.ethereum.instructions [DEBUG]: Evaluating REVERT at 36
mythril.laser.ethereum.svm [DEBUG]: Ending transaction MessageCallTransaction 3 from sender_3 to                                        0x0.
mythril.laser.ethereum.instructions [DEBUG]: Evaluating PUSH2 at 39
mythril.laser.ethereum.instructions [DEBUG]: Evaluating PUSH2 at 48
mythril.laser.ethereum.instructions [DEBUG]: Evaluating PUSH2 at 40
mythril.laser.ethereum.instructions [DEBUG]: Evaluating PUSH2 at 48
mythril.laser.ethereum.instructions [DEBUG]: Evaluating PUSH2 at 40
mythril.analysis.module.base [DEBUG]: Entering analysis module: TxOrigin
mythril.analysis.module.base [DEBUG]: Exiting analysis module: TxOrigin
mythril.analysis.module.base [DEBUG]: Entering analysis module: IntegerArithmetics
mythril.analysis.module.base [DEBUG]: Exiting analysis module: IntegerArithmetics
mythril.laser.ethereum.instructions [DEBUG]: Evaluating JUMPI at 49
mythril.laser.ethereum.instructions [DEBUG]: Evaluating JUMP at 41
mythril.analysis.module.base [DEBUG]: Entering analysis module: TxOrigin
mythril.analysis.module.base [DEBUG]: Exiting analysis module: TxOrigin
mythril.analysis.module.base [DEBUG]: Entering analysis module: IntegerArithmetics
mythril.analysis.module.base [DEBUG]: Exiting analysis module: IntegerArithmetics
mythril.laser.ethereum.instructions [DEBUG]: Evaluating JUMPI at 49
mythril.laser.ethereum.instructions [DEBUG]: Evaluating JUMP at 41
mythril.laser.ethereum.instructions [DEBUG]: Evaluating PUSH1 at 50
mythril.laser.ethereum.instructions [DEBUG]: Evaluating JUMPDEST at 53
mythril.laser.ethereum.instructions [DEBUG]: Evaluating JUMPDEST at 64
mythril.laser.ethereum.instructions [DEBUG]: Evaluating PUSH1 at 50
mythril.laser.ethereum.instructions [DEBUG]: Evaluating JUMPDEST at 53
mythril.laser.ethereum.instructions [DEBUG]: Evaluating JUMPDEST at 64
mythril.laser.ethereum.instructions [DEBUG]: Evaluating DUP1 at 51
mythril.laser.ethereum.instructions [DEBUG]: Evaluating POP at 54
mythril.laser.ethereum.instructions [DEBUG]: Evaluating CALLER at 65
mythril.laser.ethereum.instructions [DEBUG]: Evaluating DUP1 at 51
mythril.laser.ethereum.instructions [DEBUG]: Evaluating POP at 54
mythril.laser.ethereum.instructions [DEBUG]: Evaluating CALLER at 65
mythril.laser.ethereum.instructions [DEBUG]: Evaluating REVERT at 52
mythril.laser.ethereum.svm [DEBUG]: Ending transaction MessageCallTransaction 2 from sender_2 to                                        0x0.
mythril.laser.ethereum.instructions [DEBUG]: Evaluating PUSH2 at 55
mythril.laser.ethereum.instructions [DEBUG]: Evaluating PUSH1 at 66
mythril.laser.ethereum.instructions [DEBUG]: Evaluating REVERT at 52
mythril.laser.ethereum.svm [DEBUG]: Ending transaction MessageCallTransaction 3 from sender_3 to                                        0x0.
mythril.laser.ethereum.instructions [DEBUG]: Evaluating PUSH2 at 55
mythril.laser.ethereum.instructions [DEBUG]: Evaluating PUSH1 at 66
mythril.laser.ethereum.instructions [DEBUG]: Evaluating PUSH20 at 56
mythril.laser.ethereum.instructions [DEBUG]: Evaluating DUP2 at 67
mythril.laser.ethereum.instructions [DEBUG]: Evaluating PUSH20 at 56
mythril.laser.ethereum.instructions [DEBUG]: Evaluating DUP2 at 67
mythril.laser.ethereum.instructions [DEBUG]: Evaluating PUSH1 at 57
mythril.laser.ethereum.instructions [DEBUG]: Evaluating DUP2 at 68
mythril.laser.ethereum.instructions [DEBUG]: Evaluating PUSH1 at 57
mythril.laser.ethereum.instructions [DEBUG]: Evaluating DUP2 at 68
mythril.laser.ethereum.instructions [DEBUG]: Evaluating CALLDATALOAD at 58
mythril.laser.ethereum.instructions [DEBUG]: Evaluating MSTORE at 69
mythril.laser.ethereum.instructions [DEBUG]: Evaluating CALLDATALOAD at 58
mythril.laser.ethereum.instructions [DEBUG]: Evaluating MSTORE at 69
mythril.laser.ethereum.instructions [DEBUG]: Evaluating AND at 59
mythril.laser.ethereum.instructions [DEBUG]: Evaluating PUSH1 at 70
mythril.laser.ethereum.instructions [DEBUG]: Evaluating AND at 59
mythril.laser.ethereum.instructions [DEBUG]: Evaluating PUSH1 at 70
mythril.laser.ethereum.instructions [DEBUG]: Evaluating PUSH1 at 60
mythril.laser.ethereum.instructions [DEBUG]: Evaluating DUP2 at 71
mythril.laser.ethereum.instructions [DEBUG]: Evaluating PUSH1 at 60
mythril.laser.ethereum.instructions [DEBUG]: Evaluating DUP2 at 71
mythril.laser.ethereum.instructions [DEBUG]: Evaluating CALLDATALOAD at 61
mythril.laser.ethereum.instructions [DEBUG]: Evaluating DUP2 at 72
mythril.laser.ethereum.instructions [DEBUG]: Evaluating CALLDATALOAD at 61
mythril.laser.ethereum.instructions [DEBUG]: Evaluating DUP2 at 72
mythril.laser.ethereum.instructions [DEBUG]: Evaluating PUSH2 at 62
mythril.laser.ethereum.instructions [DEBUG]: Evaluating MSTORE at 73
mythril.laser.ethereum.instructions [DEBUG]: Evaluating PUSH2 at 62
mythril.laser.ethereum.instructions [DEBUG]: Evaluating MSTORE at 73
mythril.laser.ethereum.instructions [DEBUG]: Evaluating JUMP at 63
mythril.laser.ethereum.instructions [DEBUG]: Evaluating PUSH1 at 74
mythril.laser.ethereum.instructions [DEBUG]: Evaluating JUMP at 63
mythril.laser.ethereum.instructions [DEBUG]: Evaluating PUSH1 at 74
mythril.laser.ethereum.instructions [DEBUG]: Evaluating JUMPDEST at 129
mythril.laser.ethereum.instructions [DEBUG]: Evaluating DUP1 at 75
mythril.laser.ethereum.instructions [DEBUG]: Evaluating JUMPDEST at 129
mythril.laser.ethereum.instructions [DEBUG]: Evaluating DUP1 at 75
mythril.laser.ethereum.instructions [DEBUG]: Evaluating CALLER at 130
mythril.laser.ethereum.instructions [DEBUG]: Evaluating DUP4 at 76
mythril.laser.ethereum.instructions [DEBUG]: Evaluating CALLER at 130
mythril.laser.ethereum.instructions [DEBUG]: Evaluating DUP4 at 76
mythril.laser.ethereum.instructions [DEBUG]: Evaluating PUSH1 at 131
mythril.laser.ethereum.instructions [DEBUG]: Evaluating SHA3 at 77
mythril.laser.ethereum.instructions [DEBUG]: Evaluating PUSH1 at 131
mythril.laser.ethereum.instructions [DEBUG]: Evaluating SHA3 at 77
mythril.laser.ethereum.instructions [DEBUG]: Evaluating SWAP1 at 132
mythril.laser.ethereum.instructions [DEBUG]: Evaluating SLOAD at 78
mythril.laser.ethereum.instructions [DEBUG]: Evaluating SWAP1 at 132
mythril.laser.ethereum.instructions [DEBUG]: Evaluating SLOAD at 78
mythril.laser.ethereum.instructions [DEBUG]: Evaluating DUP2 at 133
mythril.laser.ethereum.instructions [DEBUG]: Evaluating SWAP1 at 79
mythril.laser.ethereum.instructions [DEBUG]: Evaluating DUP2 at 133
mythril.laser.ethereum.instructions [DEBUG]: Evaluating SWAP1 at 79
mythril.laser.ethereum.instructions [DEBUG]: Evaluating MSTORE at 134
mythril.laser.ethereum.instructions [DEBUG]: Evaluating MLOAD at 80
mythril.laser.ethereum.instructions [DEBUG]: Evaluating MSTORE at 134
mythril.laser.ethereum.instructions [DEBUG]: Evaluating MLOAD at 80
mythril.laser.ethereum.instructions [DEBUG]: Evaluating PUSH1 at 135
mythril.laser.ethereum.instructions [DEBUG]: Evaluating SWAP1 at 81
mythril.laser.ethereum.instructions [DEBUG]: Evaluating PUSH1 at 135
mythril.laser.ethereum.instructions [DEBUG]: Evaluating SWAP1 at 81
mythril.laser.ethereum.instructions [DEBUG]: Evaluating DUP2 at 136
mythril.laser.ethereum.instructions [DEBUG]: Evaluating SWAP4 at 82
mythril.laser.ethereum.instructions [DEBUG]: Evaluating DUP2 at 136
mythril.laser.ethereum.instructions [DEBUG]: Evaluating SWAP4 at 82
mythril.laser.ethereum.instructions [DEBUG]: Evaluating SWAP1 at 137
mythril.laser.ethereum.instructions [DEBUG]: Evaluating SWAP2 at 83
mythril.laser.ethereum.instructions [DEBUG]: Evaluating SWAP1 at 137
mythril.laser.ethereum.instructions [DEBUG]: Evaluating SWAP2 at 83
mythril.laser.ethereum.instructions [DEBUG]: Evaluating MSTORE at 138
mythril.laser.ethereum.instructions [DEBUG]: Evaluating DUP5 at 84
mythril.laser.ethereum.instructions [DEBUG]: Evaluating MSTORE at 138
mythril.laser.ethereum.instructions [DEBUG]: Evaluating DUP5 at 84
mythril.laser.ethereum.instructions [DEBUG]: Evaluating PUSH1 at 139
mythril.laser.ethereum.instructions [DEBUG]: Evaluating SWAP2 at 85
mythril.laser.ethereum.instructions [DEBUG]: Evaluating PUSH1 at 139
mythril.laser.ethereum.instructions [DEBUG]: Evaluating SWAP2 at 85
mythril.laser.ethereum.instructions [DEBUG]: Evaluating SWAP1 at 140
mythril.laser.ethereum.instructions [DEBUG]: Evaluating DUP1 at 86
mythril.laser.ethereum.instructions [DEBUG]: Evaluating SWAP1 at 140
mythril.laser.ethereum.instructions [DEBUG]: Evaluating DUP1 at 86
mythril.laser.ethereum.instructions [DEBUG]: Evaluating SHA3 at 141
mythril.laser.ethereum.instructions [DEBUG]: Evaluating DUP3 at 87
mythril.laser.ethereum.instructions [DEBUG]: Evaluating SHA3 at 141
mythril.laser.ethereum.instructions [DEBUG]: Evaluating DUP3 at 87
mythril.laser.ethereum.instructions [DEBUG]: Evaluating SLOAD at 142
mythril.analysis.module.base [DEBUG]: Entering analysis module: IntegerArithmetics
mythril.analysis.module.base [DEBUG]: Exiting analysis module: IntegerArithmetics
mythril.laser.ethereum.instructions [DEBUG]: Evaluating ADD at 88
mythril.laser.ethereum.instructions [DEBUG]: Evaluating SLOAD at 142
mythril.analysis.module.base [DEBUG]: Entering analysis module: IntegerArithmetics
mythril.analysis.module.base [DEBUG]: Exiting analysis module: IntegerArithmetics
mythril.laser.ethereum.instructions [DEBUG]: Evaluating ADD at 88
mythril.laser.ethereum.instructions [DEBUG]: Evaluating DUP2 at 143
mythril.laser.ethereum.instructions [DEBUG]: Evaluating SWAP2 at 89
mythril.laser.ethereum.instructions [DEBUG]: Evaluating DUP2 at 143
mythril.laser.ethereum.instructions [DEBUG]: Evaluating SWAP2 at 89
mythril.laser.ethereum.instructions [DEBUG]: Evaluating GT at 144
mythril.laser.ethereum.instructions [DEBUG]: Evaluating DUP6 at 90
mythril.laser.ethereum.instructions [DEBUG]: Evaluating GT at 144
mythril.laser.ethereum.instructions [DEBUG]: Evaluating DUP6 at 90
mythril.laser.ethereum.instructions [DEBUG]: Evaluating PUSH2 at 145
mythril.laser.ethereum.instructions [DEBUG]: Evaluating SWAP2 at 91
mythril.laser.ethereum.instructions [DEBUG]: Evaluating PUSH2 at 145
mythril.laser.ethereum.instructions [DEBUG]: Evaluating SWAP2 at 91
mythril.analysis.module.base [DEBUG]: Entering analysis module: TxOrigin
mythril.analysis.module.base [DEBUG]: Exiting analysis module: TxOrigin
mythril.analysis.module.base [DEBUG]: Entering analysis module: IntegerArithmetics
mythril.analysis.module.base [DEBUG]: Exiting analysis module: IntegerArithmetics
mythril.laser.ethereum.instructions [DEBUG]: Evaluating JUMPI at 146
mythril.laser.ethereum.instructions [DEBUG]: Evaluating SWAP1 at 92
mythril.analysis.module.base [DEBUG]: Entering analysis module: TxOrigin
mythril.analysis.module.base [DEBUG]: Exiting analysis module: TxOrigin
mythril.analysis.module.base [DEBUG]: Entering analysis module: IntegerArithmetics
mythril.analysis.module.base [DEBUG]: Exiting analysis module: IntegerArithmetics
mythril.laser.ethereum.instructions [DEBUG]: Evaluating JUMPI at 146
mythril.laser.ethereum.instructions [DEBUG]: Evaluating SWAP1 at 92
mythril.laser.ethereum.instructions [DEBUG]: Evaluating PUSH20 at 147
mythril.laser.ethereum.instructions [DEBUG]: Evaluating JUMPDEST at 180
mythril.laser.ethereum.instructions [DEBUG]: Evaluating DUP2 at 93
mythril.laser.ethereum.instructions [DEBUG]: Evaluating PUSH20 at 147
mythril.laser.ethereum.instructions [DEBUG]: Evaluating JUMPDEST at 180
mythril.laser.ethereum.instructions [DEBUG]: Evaluating DUP2 at 93
mythril.laser.ethereum.instructions [DEBUG]: Evaluating DUP3 at 148
mythril.laser.ethereum.instructions [DEBUG]: Evaluating POP at 181
mythril.laser.ethereum.instructions [DEBUG]: Evaluating DUP6 at 94
mythril.laser.ethereum.instructions [DEBUG]: Evaluating DUP3 at 148
mythril.laser.ethereum.instructions [DEBUG]: Evaluating POP at 181
mythril.laser.ethereum.instructions [DEBUG]: Evaluating DUP6 at 94
mythril.laser.ethereum.instructions [DEBUG]: Evaluating AND at 149
mythril.laser.ethereum.instructions [DEBUG]: Evaluating POP at 182
mythril.laser.ethereum.instructions [DEBUG]: Evaluating DUP8 at 95
mythril.laser.ethereum.instructions [DEBUG]: Evaluating AND at 149
mythril.laser.ethereum.instructions [DEBUG]: Evaluating POP at 182
mythril.laser.ethereum.instructions [DEBUG]: Evaluating DUP8 at 95
mythril.laser.ethereum.instructions [DEBUG]: Evaluating PUSH1 at 150
mythril.laser.ethereum.instructions [DEBUG]: Evaluating JUMP at 183
mythril.laser.ethereum.instructions [DEBUG]: Evaluating GAS at 96
mythril.laser.ethereum.instructions [DEBUG]: Evaluating PUSH1 at 150
mythril.laser.ethereum.instructions [DEBUG]: Evaluating JUMP at 183
mythril.laser.ethereum.instructions [DEBUG]: Evaluating GAS at 96
mythril.laser.ethereum.instructions [DEBUG]: Evaluating SWAP1 at 151
mythril.laser.ethereum.instructions [DEBUG]: Evaluating JUMPDEST at 42
mythril.analysis.module.base [DEBUG]: Entering analysis module: IntegerArithmetics
mythril.analysis.module.base [DEBUG]: Exiting analysis module: IntegerArithmetics
mythril.analysis.module.base [DEBUG]: Entering analysis module: StateChangeAfterCall
mythril.analysis.module.base [DEBUG]: Exiting analysis module: StateChangeAfterCall
mythril.laser.ethereum.instructions [DEBUG]: Evaluating CALL at 97
mythril.laser.ethereum.call [DEBUG]: Symbolic call encountered
mythril.laser.ethereum.call [DEBUG]: CALL to: sender_2
mythril.laser.ethereum.instructions [DEBUG]: The call is related to ether transfer between accounts
mythril.analysis.module.base [DEBUG]: Entering analysis module: EtherThief
mythril.analysis.module.base [DEBUG]: Exiting analysis module: EtherThief
mythril.analysis.module.base [DEBUG]: Entering analysis module: UncheckedRetval
mythril.analysis.module.modules.unchecked_retval [DEBUG]: End of call, extracting retval
mythril.analysis.module.base [DEBUG]: Exiting analysis module: UncheckedRetval
mythril.laser.ethereum.instructions [DEBUG]: Evaluating SWAP1 at 151
mythril.laser.ethereum.instructions [DEBUG]: Evaluating JUMPDEST at 42
mythril.analysis.module.base [DEBUG]: Entering analysis module: IntegerArithmetics
mythril.analysis.module.base [DEBUG]: Exiting analysis module: IntegerArithmetics
mythril.analysis.module.base [DEBUG]: Entering analysis module: StateChangeAfterCall
mythril.analysis.module.base [DEBUG]: Exiting analysis module: StateChangeAfterCall
mythril.laser.ethereum.instructions [DEBUG]: Evaluating CALL at 97
mythril.laser.ethereum.call [DEBUG]: Symbolic call encountered
mythril.laser.ethereum.call [DEBUG]: CALL to: sender_3
mythril.laser.ethereum.instructions [DEBUG]: The call is related to ether transfer between accounts
mythril.analysis.module.base [DEBUG]: Entering analysis module: EtherThief
mythril.analysis.module.base [DEBUG]: Exiting analysis module: EtherThief
mythril.analysis.module.base [DEBUG]: Entering analysis module: UncheckedRetval
mythril.analysis.module.modules.unchecked_retval [DEBUG]: End of call, extracting retval
mythril.analysis.module.base [DEBUG]: Exiting analysis module: UncheckedRetval
mythril.laser.ethereum.instructions [DEBUG]: Evaluating DUP2 at 152
mythril.analysis.module.base [DEBUG]: Entering analysis module: IntegerArithmetics
mythril.analysis.module.base [DEBUG]: Exiting analysis module: IntegerArithmetics
mythril.analysis.module.base [DEBUG]: Entering analysis module: UncheckedRetval
mythril.analysis.module.base [DEBUG]: Exiting analysis module: UncheckedRetval
mythril.laser.ethereum.instructions [DEBUG]: Evaluating STOP at 43
mythril.laser.ethereum.svm [DEBUG]: Ending transaction MessageCallTransaction 2 from sender_2 to                                        0x0.
mythril.laser.ethereum.instructions [DEBUG]: Evaluating SWAP3 at 98
mythril.laser.ethereum.instructions [DEBUG]: Evaluating DUP2 at 152
mythril.analysis.module.base [DEBUG]: Entering analysis module: IntegerArithmetics
mythril.analysis.module.base [DEBUG]: Exiting analysis module: IntegerArithmetics
mythril.analysis.module.base [DEBUG]: Entering analysis module: UncheckedRetval
mythril.analysis.module.base [DEBUG]: Exiting analysis module: UncheckedRetval
mythril.laser.ethereum.instructions [DEBUG]: Evaluating STOP at 43
mythril.laser.ethereum.svm [DEBUG]: Ending transaction MessageCallTransaction 3 from sender_3 to                                        0x0.
mythril.laser.ethereum.instructions [DEBUG]: Evaluating SWAP3 at 98
mythril.laser.ethereum.instructions [DEBUG]: Evaluating MSTORE at 153
mythril.laser.ethereum.instructions [DEBUG]: Evaluating POP at 99
mythril.laser.ethereum.instructions [DEBUG]: Evaluating MSTORE at 153
mythril.laser.ethereum.instructions [DEBUG]: Evaluating POP at 99
mythril.laser.ethereum.instructions [DEBUG]: Evaluating PUSH1 at 154
mythril.laser.ethereum.instructions [DEBUG]: Evaluating POP at 100
mythril.laser.ethereum.instructions [DEBUG]: Evaluating PUSH1 at 154
mythril.laser.ethereum.instructions [DEBUG]: Evaluating POP at 100
mythril.laser.ethereum.instructions [DEBUG]: Evaluating DUP2 at 155
mythril.laser.ethereum.instructions [DEBUG]: Evaluating POP at 101
mythril.laser.ethereum.instructions [DEBUG]: Evaluating DUP2 at 155
mythril.laser.ethereum.instructions [DEBUG]: Evaluating POP at 101
mythril.laser.ethereum.instructions [DEBUG]: Evaluating SWAP1 at 156
mythril.laser.ethereum.instructions [DEBUG]: Evaluating SWAP1 at 102
mythril.laser.ethereum.instructions [DEBUG]: Evaluating SWAP1 at 156
mythril.laser.ethereum.instructions [DEBUG]: Evaluating SWAP1 at 102
mythril.laser.ethereum.instructions [DEBUG]: Evaluating MSTORE at 157
mythril.laser.ethereum.instructions [DEBUG]: Evaluating POP at 103
mythril.laser.ethereum.instructions [DEBUG]: Evaluating MSTORE at 157
mythril.laser.ethereum.instructions [DEBUG]: Evaluating POP at 103
mythril.laser.ethereum.instructions [DEBUG]: Evaluating PUSH1 at 158
mythril.laser.ethereum.instructions [DEBUG]: Evaluating DUP1 at 104
mythril.laser.ethereum.instructions [DEBUG]: Evaluating PUSH1 at 158
mythril.laser.ethereum.instructions [DEBUG]: Evaluating DUP1 at 104
mythril.laser.ethereum.instructions [DEBUG]: Evaluating DUP1 at 159
mythril.laser.ethereum.instructions [DEBUG]: Evaluating ISZERO at 105
mythril.laser.ethereum.instructions [DEBUG]: Evaluating DUP1 at 159
mythril.laser.ethereum.instructions [DEBUG]: Evaluating ISZERO at 105
mythril.laser.ethereum.instructions [DEBUG]: Evaluating DUP3 at 160
mythril.laser.ethereum.instructions [DEBUG]: Evaluating ISZERO at 106
mythril.laser.ethereum.instructions [DEBUG]: Evaluating DUP3 at 160
mythril.laser.ethereum.instructions [DEBUG]: Evaluating ISZERO at 106
mythril.laser.ethereum.instructions [DEBUG]: Evaluating SHA3 at 161
mythril.laser.ethereum.instructions [DEBUG]: Evaluating PUSH2 at 107
mythril.laser.ethereum.instructions [DEBUG]: Evaluating SHA3 at 161
mythril.laser.ethereum.instructions [DEBUG]: Evaluating PUSH2 at 107
mythril.laser.ethereum.instructions [DEBUG]: Evaluating DUP1 at 162
mythril.analysis.module.base [DEBUG]: Entering analysis module: TxOrigin
mythril.analysis.module.base [DEBUG]: Exiting analysis module: TxOrigin
mythril.analysis.module.base [DEBUG]: Entering analysis module: IntegerArithmetics
mythril.analysis.module.base [DEBUG]: Exiting analysis module: IntegerArithmetics
mythril.laser.ethereum.instructions [DEBUG]: Evaluating JUMPI at 108
mythril.laser.ethereum.instructions [DEBUG]: Evaluating DUP1 at 162
mythril.analysis.module.base [DEBUG]: Entering analysis module: TxOrigin
mythril.analysis.module.base [DEBUG]: Exiting analysis module: TxOrigin
mythril.analysis.module.base [DEBUG]: Entering analysis module: IntegerArithmetics
mythril.analysis.module.base [DEBUG]: Exiting analysis module: IntegerArithmetics
mythril.laser.ethereum.instructions [DEBUG]: Evaluating JUMPI at 108
mythril.laser.ethereum.instructions [DEBUG]: Evaluating SLOAD at 163
mythril.laser.ethereum.instructions [DEBUG]: Evaluating PUSH1 at 109
mythril.laser.ethereum.instructions [DEBUG]: Evaluating JUMPDEST at 112
mythril.laser.ethereum.instructions [DEBUG]: Evaluating SLOAD at 163
mythril.laser.ethereum.instructions [DEBUG]: Evaluating PUSH1 at 109
mythril.laser.ethereum.instructions [DEBUG]: Evaluating JUMPDEST at 112
mythril.laser.ethereum.instructions [DEBUG]: Evaluating DUP5 at 164
mythril.laser.ethereum.instructions [DEBUG]: Evaluating DUP1 at 110
mythril.laser.ethereum.instructions [DEBUG]: Evaluating POP at 113
mythril.laser.ethereum.instructions [DEBUG]: Evaluating DUP5 at 164
mythril.laser.ethereum.instructions [DEBUG]: Evaluating DUP1 at 110
mythril.laser.ethereum.instructions [DEBUG]: Evaluating POP at 113
mythril.analysis.module.base [DEBUG]: Entering analysis module: IntegerArithmetics
mythril.analysis.module.base [DEBUG]: Exiting analysis module: IntegerArithmetics
mythril.laser.ethereum.instructions [DEBUG]: Evaluating ADD at 165
mythril.laser.ethereum.instructions [DEBUG]: Evaluating REVERT at 111
mythril.laser.ethereum.svm [DEBUG]: Ending transaction MessageCallTransaction 2 from sender_2 to                                        0x0.
mythril.laser.ethereum.instructions [DEBUG]: Evaluating POP at 114
mythril.analysis.module.base [DEBUG]: Entering analysis module: IntegerArithmetics
mythril.analysis.module.base [DEBUG]: Exiting analysis module: IntegerArithmetics
mythril.laser.ethereum.instructions [DEBUG]: Evaluating ADD at 165
mythril.laser.ethereum.instructions [DEBUG]: Evaluating REVERT at 111
mythril.laser.ethereum.svm [DEBUG]: Ending transaction MessageCallTransaction 3 from sender_3 to                                        0x0.
mythril.laser.ethereum.instructions [DEBUG]: Evaluating POP at 114
mythril.laser.ethereum.instructions [DEBUG]: Evaluating SWAP1 at 166
mythril.laser.ethereum.instructions [DEBUG]: Evaluating CALLER at 115
mythril.laser.ethereum.instructions [DEBUG]: Evaluating SWAP1 at 166
mythril.laser.ethereum.instructions [DEBUG]: Evaluating CALLER at 115
mythril.analysis.module.base [DEBUG]: Entering analysis module: ArbitraryStorage
mythril.analysis.module.base [DEBUG]: Exiting analysis module: ArbitraryStorage
mythril.analysis.module.base [DEBUG]: Entering analysis module: IntegerArithmetics
mythril.analysis.module.base [DEBUG]: Exiting analysis module: IntegerArithmetics
mythril.analysis.module.base [DEBUG]: Entering analysis module: StateChangeAfterCall
mythril.analysis.module.base [DEBUG]: Exiting analysis module: StateChangeAfterCall
mythril.laser.ethereum.instructions [DEBUG]: Evaluating SSTORE at 167
mythril.laser.ethereum.instructions [DEBUG]: Evaluating PUSH1 at 116
mythril.analysis.module.base [DEBUG]: Entering analysis module: ArbitraryStorage
mythril.analysis.module.base [DEBUG]: Exiting analysis module: ArbitraryStorage
mythril.analysis.module.base [DEBUG]: Entering analysis module: IntegerArithmetics
mythril.analysis.module.base [DEBUG]: Exiting analysis module: IntegerArithmetics
mythril.analysis.module.base [DEBUG]: Entering analysis module: StateChangeAfterCall
mythril.analysis.module.base [DEBUG]: Exiting analysis module: StateChangeAfterCall
mythril.laser.ethereum.instructions [DEBUG]: Evaluating SSTORE at 167
mythril.laser.ethereum.instructions [DEBUG]: Evaluating PUSH1 at 116
mythril.laser.ethereum.instructions [DEBUG]: Evaluating CALLER at 168
mythril.laser.ethereum.instructions [DEBUG]: Evaluating SWAP1 at 117
mythril.laser.ethereum.instructions [DEBUG]: Evaluating CALLER at 168
mythril.laser.ethereum.instructions [DEBUG]: Evaluating SWAP1 at 117
mythril.laser.ethereum.instructions [DEBUG]: Evaluating DUP3 at 169
mythril.laser.ethereum.instructions [DEBUG]: Evaluating DUP2 at 118
mythril.laser.ethereum.instructions [DEBUG]: Evaluating DUP3 at 169
mythril.laser.ethereum.instructions [DEBUG]: Evaluating DUP2 at 118
mythril.laser.ethereum.instructions [DEBUG]: Evaluating MSTORE at 170
mythril.laser.ethereum.instructions [DEBUG]: Evaluating MSTORE at 119
mythril.laser.ethereum.instructions [DEBUG]: Evaluating MSTORE at 170
mythril.laser.ethereum.instructions [DEBUG]: Evaluating MSTORE at 119
mythril.laser.ethereum.instructions [DEBUG]: Evaluating SWAP1 at 171
mythril.laser.ethereum.instructions [DEBUG]: Evaluating PUSH1 at 120
mythril.laser.ethereum.instructions [DEBUG]: Evaluating SWAP1 at 171
mythril.laser.ethereum.instructions [DEBUG]: Evaluating PUSH1 at 120
mythril.laser.ethereum.instructions [DEBUG]: Evaluating SHA3 at 172
mythril.laser.ethereum.instructions [DEBUG]: Evaluating DUP2 at 121
mythril.laser.ethereum.instructions [DEBUG]: Evaluating SHA3 at 172
mythril.laser.ethereum.instructions [DEBUG]: Evaluating DUP2 at 121
mythril.laser.ethereum.instructions [DEBUG]: Evaluating DUP1 at 173
mythril.laser.ethereum.instructions [DEBUG]: Evaluating SWAP1 at 122
mythril.laser.ethereum.instructions [DEBUG]: Evaluating DUP1 at 173
mythril.laser.ethereum.instructions [DEBUG]: Evaluating SWAP1 at 122
mythril.laser.ethereum.instructions [DEBUG]: Evaluating SLOAD at 174
mythril.laser.ethereum.instructions [DEBUG]: Evaluating MSTORE at 123
mythril.laser.ethereum.instructions [DEBUG]: Evaluating SLOAD at 174
mythril.laser.ethereum.instructions [DEBUG]: Evaluating MSTORE at 123
mythril.laser.ethereum.instructions [DEBUG]: Evaluating DUP3 at 175
mythril.laser.ethereum.instructions [DEBUG]: Evaluating PUSH1 at 124
mythril.laser.ethereum.instructions [DEBUG]: Evaluating DUP3 at 175
mythril.laser.ethereum.instructions [DEBUG]: Evaluating PUSH1 at 124
mythril.laser.ethereum.instructions [DEBUG]: Evaluating SWAP1 at 176
mythril.laser.ethereum.instructions [DEBUG]: Evaluating DUP2 at 125
mythril.laser.ethereum.instructions [DEBUG]: Evaluating SWAP1 at 176
mythril.laser.ethereum.instructions [DEBUG]: Evaluating DUP2 at 125
mythril.analysis.module.base [DEBUG]: Entering analysis module: IntegerArithmetics
mythril.analysis.module.base [DEBUG]: Exiting analysis module: IntegerArithmetics
mythril.laser.ethereum.instructions [DEBUG]: Evaluating SUB at 177
mythril.laser.ethereum.instructions [DEBUG]: Evaluating SHA3 at 126
mythril.analysis.module.base [DEBUG]: Entering analysis module: IntegerArithmetics
mythril.analysis.module.base [DEBUG]: Exiting analysis module: IntegerArithmetics
mythril.laser.ethereum.instructions [DEBUG]: Evaluating SUB at 177
mythril.laser.ethereum.instructions [DEBUG]: Evaluating SHA3 at 126
mythril.laser.ethereum.instructions [DEBUG]: Evaluating SWAP1 at 178
mythril.analysis.module.base [DEBUG]: Entering analysis module: ArbitraryStorage
mythril.analysis.module.base [DEBUG]: Exiting analysis module: ArbitraryStorage
mythril.analysis.module.base [DEBUG]: Entering analysis module: IntegerArithmetics
mythril.analysis.module.base [DEBUG]: Exiting analysis module: IntegerArithmetics
mythril.analysis.module.base [DEBUG]: Entering analysis module: StateChangeAfterCall
root [DEBUG]: [EXTERNAL_CALLS] Detected state changes at addresses: 224
mythril.analysis.module.base [DEBUG]: Exiting analysis module: StateChangeAfterCall
mythril.laser.ethereum.instructions [DEBUG]: Evaluating SSTORE at 127
mythril.laser.ethereum.instructions [DEBUG]: Evaluating SWAP1 at 178
mythril.analysis.module.base [DEBUG]: Entering analysis module: ArbitraryStorage
mythril.analysis.module.base [DEBUG]: Exiting analysis module: ArbitraryStorage
mythril.analysis.module.base [DEBUG]: Entering analysis module: IntegerArithmetics
mythril.analysis.module.base [DEBUG]: Exiting analysis module: IntegerArithmetics
mythril.analysis.module.base [DEBUG]: Entering analysis module: StateChangeAfterCall
root [DEBUG]: [EXTERNAL_CALLS] Detected state changes at addresses: 224
mythril.analysis.module.base [DEBUG]: Exiting analysis module: StateChangeAfterCall
mythril.laser.ethereum.instructions [DEBUG]: Evaluating SSTORE at 127
mythril.analysis.module.base [DEBUG]: Entering analysis module: ArbitraryStorage
mythril.analysis.module.base [DEBUG]: Exiting analysis module: ArbitraryStorage
mythril.analysis.module.base [DEBUG]: Entering analysis module: IntegerArithmetics
mythril.analysis.module.base [DEBUG]: Exiting analysis module: IntegerArithmetics
mythril.analysis.module.base [DEBUG]: Entering analysis module: StateChangeAfterCall
mythril.analysis.module.base [DEBUG]: Exiting analysis module: StateChangeAfterCall
mythril.laser.ethereum.instructions [DEBUG]: Evaluating SSTORE at 179
mythril.laser.ethereum.instructions [DEBUG]: Evaluating JUMP at 128
mythril.analysis.module.base [DEBUG]: Entering analysis module: ArbitraryStorage
mythril.analysis.module.base [DEBUG]: Exiting analysis module: ArbitraryStorage
mythril.analysis.module.base [DEBUG]: Entering analysis module: IntegerArithmetics
mythril.analysis.module.base [DEBUG]: Exiting analysis module: IntegerArithmetics
mythril.analysis.module.base [DEBUG]: Entering analysis module: StateChangeAfterCall
mythril.analysis.module.base [DEBUG]: Exiting analysis module: StateChangeAfterCall
mythril.laser.ethereum.instructions [DEBUG]: Evaluating SSTORE at 179
mythril.laser.ethereum.instructions [DEBUG]: Evaluating JUMP at 128
mythril.laser.ethereum.instructions [DEBUG]: Evaluating JUMPDEST at 180
mythril.laser.ethereum.instructions [DEBUG]: Evaluating JUMPDEST at 42
mythril.laser.ethereum.instructions [DEBUG]: Evaluating JUMPDEST at 180
mythril.laser.ethereum.instructions [DEBUG]: Evaluating JUMPDEST at 42
mythril.laser.ethereum.instructions [DEBUG]: Evaluating POP at 181
mythril.analysis.module.base [DEBUG]: Entering analysis module: IntegerArithmetics
mythril.analysis.module.base [DEBUG]: Exiting analysis module: IntegerArithmetics
mythril.analysis.module.base [DEBUG]: Entering analysis module: UncheckedRetval
mythril.analysis.module.base [DEBUG]: Exiting analysis module: UncheckedRetval
mythril.laser.ethereum.instructions [DEBUG]: Evaluating STOP at 43
mythril.laser.ethereum.svm [DEBUG]: Ending transaction MessageCallTransaction 2 from sender_2 to                                        0x0.
mythril.laser.ethereum.instructions [DEBUG]: Evaluating POP at 181
mythril.analysis.module.base [DEBUG]: Entering analysis module: IntegerArithmetics
mythril.analysis.module.base [DEBUG]: Exiting analysis module: IntegerArithmetics
mythril.analysis.module.base [DEBUG]: Entering analysis module: UncheckedRetval
mythril.analysis.module.base [DEBUG]: Exiting analysis module: UncheckedRetval
mythril.laser.ethereum.instructions [DEBUG]: Evaluating STOP at 43
mythril.laser.ethereum.svm [DEBUG]: Ending transaction MessageCallTransaction 3 from sender_3 to                                        0x0.
mythril.laser.ethereum.instructions [DEBUG]: Evaluating POP at 182
mythril.laser.ethereum.instructions [DEBUG]: Evaluating POP at 182
mythril.laser.ethereum.instructions [DEBUG]: Evaluating JUMP at 183
mythril.laser.ethereum.instructions [DEBUG]: Evaluating JUMP at 183
mythril.laser.ethereum.instructions [DEBUG]: Evaluating JUMPDEST at 42
mythril.laser.ethereum.instructions [DEBUG]: Evaluating JUMPDEST at 42
mythril.analysis.module.base [DEBUG]: Entering analysis module: IntegerArithmetics
mythril.analysis.module.base [DEBUG]: Exiting analysis module: IntegerArithmetics
mythril.analysis.module.base [DEBUG]: Entering analysis module: UncheckedRetval
mythril.analysis.module.base [DEBUG]: Exiting analysis module: UncheckedRetval
mythril.laser.ethereum.instructions [DEBUG]: Evaluating STOP at 43
mythril.laser.ethereum.svm [DEBUG]: Ending transaction MessageCallTransaction 2 from sender_2 to                                        0x0.
mythril.analysis.module.base [DEBUG]: Entering analysis module: IntegerArithmetics
mythril.analysis.module.base [DEBUG]: Exiting analysis module: IntegerArithmetics
mythril.analysis.module.base [DEBUG]: Entering analysis module: UncheckedRetval
mythril.analysis.module.base [DEBUG]: Exiting analysis module: UncheckedRetval
mythril.laser.ethereum.instructions [DEBUG]: Evaluating STOP at 43
mythril.laser.ethereum.svm [DEBUG]: Ending transaction MessageCallTransaction 3 from sender_3 to                                        0x0.
mythril.laser.plugin.plugins.coverage.coverage_plugin [INFO]: Number of new instructions covered in tx 1: 0
mythril.laser.ethereum.svm [INFO]: Finished symbolic execution
mythril.laser.plugin.plugins.coverage.coverage_plugin [INFO]: Achieved 99.46% coverage for code: 60806040526004361061004b5763ffffffff7c01000000000000000000000000000000000000000000000000000000006000350416635fd8c7108114610050578063a9059cbb14610067575b600080fd5b34801561005c57600080fd5b50610065610098565b005b34801561007357600080fd5b5061006573ffffffffffffffffffffffffffffffffffffffff600435166024356100e2565b336000818152602081815260408083205490519093918491808201918591908185875af19250505090508015156100ce57600080fd5b505033600090815260208190526040812055565b3360009081526020819052604090205481116101315773ffffffffffffffffffffffffffffffffffffffff82166000908152602081905260408082208054840190553382529020805482900390555b50505600a165627a7a7230582029076d7160fcd200e4b6b7a4936f6f0e68401c6bd812fefeb07094e26e5fc0f00029
mythril.laser.plugin.plugins.instruction_profiler [INFO]: Total: 1.4721083641052246 s
[ADD         ]   0.2500 %,  nr      6,  total   0.0037 s,  avg   0.0006 s,  min   0.0006 s,  max   0.0007 s
[AND         ]   0.3321 %,  nr      9,  total   0.0049 s,  avg   0.0005 s,  min   0.0005 s,  max   0.0007 s
[CALL        ]   3.1492 %,  nr      3,  total   0.0464 s,  avg   0.0155 s,  min   0.0140 s,  max   0.0175 s
[CALLDATALOAD]   8.1953 %,  nr      9,  total   0.1206 s,  avg   0.0134 s,  min   0.0116 s,  max   0.0160 s
[CALLDATASIZE]   0.0958 %,  nr      3,  total   0.0014 s,  avg   0.0005 s,  min   0.0005 s,  max   0.0005 s
[CALLER      ]   0.4208 %,  nr     12,  total   0.0062 s,  avg   0.0005 s,  min   0.0004 s,  max   0.0006 s
[CALLVALUE   ]   0.2220 %,  nr      6,  total   0.0033 s,  avg   0.0005 s,  min   0.0005 s,  max   0.0007 s
[DIV         ]   0.1541 %,  nr      3,  total   0.0023 s,  avg   0.0008 s,  min   0.0007 s,  max   0.0008 s
[DUP1        ]   1.5676 %,  nr     40,  total   0.0231 s,  avg   0.0006 s,  min   0.0004 s,  max   0.0023 s
[DUP2        ]   1.6567 %,  nr     42,  total   0.0244 s,  avg   0.0006 s,  min   0.0005 s,  max   0.0018 s
[DUP3        ]   0.5570 %,  nr     15,  total   0.0082 s,  avg   0.0005 s,  min   0.0005 s,  max   0.0008 s
[DUP4        ]   0.1126 %,  nr      3,  total   0.0017 s,  avg   0.0006 s,  min   0.0005 s,  max   0.0006 s
[DUP5        ]   0.2790 %,  nr      6,  total   0.0041 s,  avg   0.0007 s,  min   0.0005 s,  max   0.0014 s
[DUP6        ]   0.1980 %,  nr      6,  total   0.0029 s,  avg   0.0005 s,  min   0.0004 s,  max   0.0005 s
[DUP8        ]   0.0993 %,  nr      3,  total   0.0015 s,  avg   0.0005 s,  min   0.0004 s,  max   0.0005 s
[EQ          ]   0.2187 %,  nr      6,  total   0.0032 s,  avg   0.0005 s,  min   0.0005 s,  max   0.0006 s
[GAS         ]   0.1058 %,  nr      3,  total   0.0016 s,  avg   0.0005 s,  min   0.0005 s,  max   0.0005 s
[GT          ]   0.1337 %,  nr      3,  total   0.0020 s,  avg   0.0007 s,  min   0.0006 s,  max   0.0007 s
[ISZERO      ]   0.6139 %,  nr     12,  total   0.0090 s,  avg   0.0008 s,  min   0.0006 s,  max   0.0018 s
[JUMP        ]   1.2111 %,  nr     15,  total   0.0178 s,  avg   0.0012 s,  min   0.0009 s,  max   0.0026 s
[JUMPDEST    ]   1.4357 %,  nr     40,  total   0.0211 s,  avg   0.0005 s,  min   0.0005 s,  max   0.0007 s
[JUMPI       ]   2.6627 %,  nr     21,  total   0.0392 s,  avg   0.0019 s,  min   0.0016 s,  max   0.0023 s
[LT          ]   0.1090 %,  nr      3,  total   0.0016 s,  avg   0.0005 s,  min   0.0005 s,  max   0.0006 s
[MLOAD       ]   3.0471 %,  nr      3,  total   0.0449 s,  avg   0.0150 s,  min   0.0142 s,  max   0.0158 s
[MSTORE      ]  32.3889 %,  nr     30,  total   0.4768 s,  avg   0.0159 s,  min   0.0091 s,  max   0.0239 s
[POP         ]   1.2618 %,  nr     36,  total   0.0186 s,  avg   0.0005 s,  min   0.0004 s,  max   0.0007 s
[PUSH1       ]   2.5069 %,  nr     67,  total   0.0369 s,  avg   0.0006 s,  min   0.0005 s,  max   0.0008 s
[PUSH2       ]   1.2970 %,  nr     33,  total   0.0191 s,  avg   0.0006 s,  min   0.0005 s,  max   0.0008 s
[PUSH20      ]   0.2350 %,  nr      6,  total   0.0035 s,  avg   0.0006 s,  min   0.0005 s,  max   0.0008 s
[PUSH29      ]   0.1032 %,  nr      3,  total   0.0015 s,  avg   0.0005 s,  min   0.0005 s,  max   0.0005 s
[PUSH4       ]   0.3401 %,  nr      9,  total   0.0050 s,  avg   0.0006 s,  min   0.0005 s,  max   0.0008 s
[SHA3        ]  31.5427 %,  nr     15,  total   0.4643 s,  avg   0.0310 s,  min   0.0288 s,  max   0.0338 s
[SLOAD       ]   0.5603 %,  nr     12,  total   0.0082 s,  avg   0.0007 s,  min   0.0006 s,  max   0.0009 s
[SSTORE      ]   0.4040 %,  nr      9,  total   0.0059 s,  avg   0.0007 s,  min   0.0006 s,  max   0.0008 s
[SUB         ]   0.1832 %,  nr      3,  total   0.0027 s,  avg   0.0009 s,  min   0.0007 s,  max   0.0010 s
[SWAP1       ]   1.7184 %,  nr     45,  total   0.0253 s,  avg   0.0006 s,  min   0.0005 s,  max   0.0011 s
[SWAP2       ]   0.4108 %,  nr     12,  total   0.0060 s,  avg   0.0005 s,  min   0.0004 s,  max   0.0006 s
[SWAP3       ]   0.1220 %,  nr      3,  total   0.0018 s,  avg   0.0006 s,  min   0.0005 s,  max   0.0007 s
[SWAP4       ]   0.0981 %,  nr      3,  total   0.0014 s,  avg   0.0005 s,  min   0.0005 s,  max   0.0005 s

mythril.analysis.security [INFO]: Starting analysis
mythril.analysis.security [DEBUG]: Retrieving results for Caller can write to arbitrary storage locations
mythril.analysis.security [DEBUG]: Retrieving results for Delegatecall to a user-specified address
mythril.analysis.security [DEBUG]: Retrieving results for Control flow depends on tx.origin
mythril.analysis.security [DEBUG]: Retrieving results for Any sender can withdraw ETH from the contract account
mythril.analysis.security [DEBUG]: Retrieving results for Integer overflow or underflow
mythril.analysis.security [DEBUG]: Retrieving results for State change after an external call
mythril.analysis.security [DEBUG]: Retrieving results for Contract can be accidentally killed by anyone
mythril.analysis.security [DEBUG]: Retrieving results for Return value of an external call is not checked
mythril.mythril.mythril_analyzer [INFO]: Solver statistics: 
Query count: 108 
Solver time: 8.701388835906982
{"error": null, "issues": [{"address": [188, 224], "contract": "MAIN", "description": "Write to persistent state following external call\nThe contract account state is accessed after an external call to a user defined address. To prevent reentrancy issues, consider accessing the state only before the call, especially if the callee is untrusted. Alternatively, a reentrancy lock can be used to prevent untrusted callees from re-entering the contract in an intermediate state.", "function": "fallback", "max_gas_used": 61443, "min_gas_used": 6875, "severity": "Medium", "sourceMap": [188, 224], "swc-id": "107", "title": "State access after external call", "tx_sequence": {"initialState": {"accounts": {"0x0": {"balance": "0x800000400004021", "code": "60806040526004361061004b5763ffffffff7c01000000000000000000000000000000000000000000000000000000006000350416635fd8c7108114610050578063a9059cbb14610067575b600080fd5b34801561005c57600080fd5b50610065610098565b005b34801561007357600080fd5b5061006573ffffffffffffffffffffffffffffffffffffffff600435166024356100e2565b336000818152602081815260408083205490519093918491808201918591908185875af19250505090508015156100ce57600080fd5b505033600090815260208190526040812055565b3360009081526020819052604090205481116101315773ffffffffffffffffffffffffffffffffffffffff82166000908152602081905260408082208054840190553382529020805482900390555b50505600a165627a7a7230582029076d7160fcd200e4b6b7a4936f6f0e68401c6bd812fefeb07094e26e5fc0f00029", "nonce": 0, "storage": "{}"}, "0xdeadbeefdeadbeefdeadbeefdeadbeefdeadbeef": {"balance": "0x2000000040000001", "code": "", "nonce": 0, "storage": "{}"}}}, "steps": [{"address": "0x0", "calldata": "0xa9059cbb", "input": "0xa9059cbb", "name": "many_msg_babbage(bytes1)", "origin": "0xaaaaaaaaaaaaaaaaaaaaaaaaaaaaaaaaaaaaaaaa", "value": "0x0"}, {"address": "0x0", "calldata": "0x5fd8c710", "input": "0x5fd8c710", "name": "withdrawBalance()", "origin": "0xdeadbeefdeadbeefdeadbeefdeadbeefdeadbeef", "value": "0x0"}]}}], "success": true}
