 ______     __         __  __     ______     __     __  __     __    __    
/\  ___\   /\ \       /\ \_\ \   /\  ___\   /\ \   /\ \/\ \   /\ "-./  \   
\ \  __\   \ \ \____  \ \____ \  \ \___  \  \ \ \  \ \ \_\ \  \ \ \-./\ \  
 \ \_____\  \ \_____\  \/\_____\  \/\_____\  \ \_\  \ \_____\  \ \_\ \ \_\ 
  \/_____/   \/_____/   \/_____/   \/_____/   \/_/   \/_____/   \/_/  \/_/ 
                                                                           
Compiling source code...
Retrieving bytecode for contract 'Wallet'.
Please wait. Scanning bytecode for bugs...
Running Osiris...
Finished running Osiris. Execution time 1.2397687435150146 seconds. Code coverage 99.6%.
Running Oyente...
Finished running Oyente. Execution time 1.8793344497680664 seconds. Code coverage 92.7%.
Running Mythril...
Finished running Mythril. Execution time 17.38334059715271 seconds. Code coverage 82.26%.
Detected 2 bug(s):
--> Detected 'leaking ether' bug at program counter address 222 (0xde) using Mythril with a code coverage of 82.26%.
--> Detected 'underflow' (SUB) bug at program counter address 266 (0x10a) using Osiris with a code coverage of 99.6%.
Exporting original control-flow graph...
Recovering control-flow graph...
Recovered 100% of the control-flow graph
Number of execution paths accessing storage: 5
Deployment bytecode size: 54 bytes (original: 50 bytes) 8.0% increase.
Runtime bytecode size: 476 bytes (original: 427 bytes) 11.475409836065575% increase.
Metadata: 0xa165627a7a72305820adb22d86ffbf217c8335f459d03d3a5f4182b2081c4235792eac61631af2c22e0029
Exporting patched control-flow graph...
