Getting Slither report...
Switched global version to 0.4.26



'solc --version' running
'solc ../smartbugs-curated/dataset/unchecked_low_level_calls/0x89c1b3807d4c67df034fffb62f3509561218d30b.sol --combined-json abi,ast,bin,bin-runtime,srcmap,srcmap-runtime,userdoc,devdoc,hashes,compact-format --allow-paths .,/home/mokita/sc_study/temp/smartbugs-curated/dataset/unchecked_low_level_calls' running
Compilation warnings/errors on ../smartbugs-curated/dataset/unchecked_low_level_calls/0x89c1b3807d4c67df034fffb62f3509561218d30b.sol:
../smartbugs-curated/dataset/unchecked_low_level_calls/0x89c1b3807d4c67df034fffb62f3509561218d30b.sol:50:5: Warning: Defining constructors as functions with the same name as the contract is deprecated. Use "constructor(...) { ... }" instead.
    function TownCrier() public {
    ^ (Relevant source part starts here and spans across multiple lines).
../smartbugs-curated/dataset/unchecked_low_level_calls/0x89c1b3807d4c67df034fffb62f3509561218d30b.sol:94:17: Warning: "throw" is deprecated in favour of "revert()", "require()" and "assert()".
                throw;
                ^---^
../smartbugs-curated/dataset/unchecked_low_level_calls/0x89c1b3807d4c67df034fffb62f3509561218d30b.sol:101:13: Warning: "throw" is deprecated in favour of "revert()", "require()" and "assert()".
            throw;
            ^---^
../smartbugs-curated/dataset/unchecked_low_level_calls/0x89c1b3807d4c67df034fffb62f3509561218d30b.sol:107:17: Warning: "throw" is deprecated in favour of "revert()", "require()" and "assert()".
                throw;
                ^---^
../smartbugs-curated/dataset/unchecked_low_level_calls/0x89c1b3807d4c67df034fffb62f3509561218d30b.sol:118:17: Warning: "throw" is deprecated in favour of "revert()", "require()" and "assert()".
                throw;
                ^---^
../smartbugs-curated/dataset/unchecked_low_level_calls/0x89c1b3807d4c67df034fffb62f3509561218d30b.sol:197:13: Warning: "throw" is deprecated in favour of "revert()", "require()" and "assert()".
            throw;
            ^---^
../smartbugs-curated/dataset/unchecked_low_level_calls/0x89c1b3807d4c67df034fffb62f3509561218d30b.sol:211:17: Warning: "throw" is deprecated in favour of "revert()", "require()" and "assert()".
                throw;
                ^---^
../smartbugs-curated/dataset/unchecked_low_level_calls/0x89c1b3807d4c67df034fffb62f3509561218d30b.sol:8:1: Warning: Source file does not specify required compiler version!Consider adding "pragma solidity ^0.4.26;"
contract TownCrier {
^ (Relevant source part starts here and spans across multiple lines).
../smartbugs-curated/dataset/unchecked_low_level_calls/0x89c1b3807d4c67df034fffb62f3509561218d30b.sol:66:13: Warning: Invoking events without "emit" prefix is deprecated.
            Upgrade(newAddr);
            ^--------------^
../smartbugs-curated/dataset/unchecked_low_level_calls/0x89c1b3807d4c67df034fffb62f3509561218d30b.sol:75:13: Warning: Invoking events without "emit" prefix is deprecated.
            Reset(GAS_PRICE, MIN_FEE, CANCELLATION_FEE);
            ^-----------------------------------------^
../smartbugs-curated/dataset/unchecked_low_level_calls/0x89c1b3807d4c67df034fffb62f3509561218d30b.sol:93:51: Warning: Using contract member "balance" inherited from the address type is deprecated. Convert the contract to "address" type to access the member, for example use "address(contract).balance" instead.
            if (!requests[0].requester.call.value(this.balance)()) {
                                                  ^----------^
../smartbugs-curated/dataset/unchecked_low_level_calls/0x89c1b3807d4c67df034fffb62f3509561218d30b.sol:128:34: Warning: "sha3" has been deprecated in favour of "keccak256"
            bytes32 paramsHash = sha3(requestType, requestData);
                                 ^----------------------------^
../smartbugs-curated/dataset/unchecked_low_level_calls/0x89c1b3807d4c67df034fffb62f3509561218d30b.sol:128:34: Warning: This function only accepts a single "bytes" argument. Please use "abi.encodePacked(...)" or a similar function to encode the data.
            bytes32 paramsHash = sha3(requestType, requestData);
                                 ^----------------------------^
../smartbugs-curated/dataset/unchecked_low_level_calls/0x89c1b3807d4c67df034fffb62f3509561218d30b.sol:136:13: Warning: Invoking events without "emit" prefix is deprecated.
            RequestInfo(requestId, requestType, msg.sender, msg.value, callbackAddr, paramsHash, timestamp, requestData);
            ^----------------------------------------------------------------------------------------------------------^
../smartbugs-curated/dataset/unchecked_low_level_calls/0x89c1b3807d4c67df034fffb62f3509561218d30b.sol:161:13: Warning: Failure condition of 'send' ignored. Consider using 'transfer' instead.
            SGX_ADDRESS.send(CANCELLATION_FEE);
            ^--------------------------------^
../smartbugs-curated/dataset/unchecked_low_level_calls/0x89c1b3807d4c67df034fffb62f3509561218d30b.sol:174:13: Warning: Failure condition of 'send' ignored. Consider using 'transfer' instead.
            SGX_ADDRESS.send(fee);         
            ^-------------------^
../smartbugs-curated/dataset/unchecked_low_level_calls/0x89c1b3807d4c67df034fffb62f3509561218d30b.sol:179:13: Warning: Return value of low-level calls not used.
            requests[requestId].requester.call.gas(2300).value(fee)();
            ^-------------------------------------------------------^
../smartbugs-curated/dataset/unchecked_low_level_calls/0x89c1b3807d4c67df034fffb62f3509561218d30b.sol:184:9: Warning: Invoking events without "emit" prefix is deprecated.
        DeliverInfo(requestId, fee, tx.gasprice, msg.gas, callbackGas, paramsHash, error, respData); // log the response information
        ^-----------------------------------------------------------------------------------------^
../smartbugs-curated/dataset/unchecked_low_level_calls/0x89c1b3807d4c67df034fffb62f3509561218d30b.sol:191:9: Warning: Return value of low-level calls not used.
 ... requests[requestId].callbackAddr.call.gas(callbackGas)(requests[requestId].callbackFID, requestId, error, respData) ... 
     ^-----------------------------------------------------------------------------------------------------------------^
../smartbugs-curated/dataset/unchecked_low_level_calls/0x89c1b3807d4c67df034fffb62f3509561218d30b.sol:214:13: Warning: Invoking events without "emit" prefix is deprecated.
            Cancel(requestId, msg.sender, requests[requestId].requester, requests[requestId].fee, 1);
            ^--------------------------------------------------------------------------------------^
../smartbugs-curated/dataset/unchecked_low_level_calls/0x89c1b3807d4c67df034fffb62f3509561218d30b.sol:217:13: Warning: Invoking events without "emit" prefix is deprecated.
            Cancel(requestId, msg.sender, requests[requestId].requester, fee, -1);
            ^-------------------------------------------------------------------^
../smartbugs-curated/dataset/unchecked_low_level_calls/0x89c1b3807d4c67df034fffb62f3509561218d30b.sol:40:5: Warning: Variable covers a large part of storage and thus makes collisions likely. Either use mappings or dynamic arrays and allow their size to be increased only in small quantities per transaction.
    Request[2**64] public requests;
    ^----------------------------^
../smartbugs-curated/dataset/unchecked_low_level_calls/0x89c1b3807d4c67df034fffb62f3509561218d30b.sol:48:5: Warning: No visibility specified. Defaulting to "public". 
    function () {}
    ^------------^
../smartbugs-curated/dataset/unchecked_low_level_calls/0x89c1b3807d4c67df034fffb62f3509561218d30b.sol:62:5: Warning: No visibility specified. Defaulting to "public". 
    function upgrade(address newAddr) {
    ^ (Relevant source part starts here and spans across multiple lines).
../smartbugs-curated/dataset/unchecked_low_level_calls/0x89c1b3807d4c67df034fffb62f3509561218d30b.sol:184:50: Warning: "msg.gas" has been deprecated in favor of "gasleft()"
        DeliverInfo(requestId, fee, tx.gasprice, msg.gas, callbackGas, paramsHash, error, respData); // log the response information
                                                 ^-----^
../smartbugs-curated/dataset/unchecked_low_level_calls/0x89c1b3807d4c67df034fffb62f3509561218d30b.sol:185:27: Warning: "msg.gas" has been deprecated in favor of "gasleft()"
        if (callbackGas > msg.gas - 5000) {
                          ^-----^
../smartbugs-curated/dataset/unchecked_low_level_calls/0x89c1b3807d4c67df034fffb62f3509561218d30b.sol:186:27: Warning: "msg.gas" has been deprecated in favor of "gasleft()"
            callbackGas = msg.gas - 5000;
                          ^-----^

Traceback (most recent call last):
  File "/home/mokita/sc_study/temp/TIPS/.venv/bin/slither", line 8, in <module>
    sys.exit(main())
  File "/home/mokita/sc_study/temp/TIPS/.venv/lib/python3.10/site-packages/slither/__main__.py", line 753, in main
    main_impl(all_detector_classes=detectors, all_printer_classes=printers)
  File "/home/mokita/sc_study/temp/TIPS/.venv/lib/python3.10/site-packages/slither/__main__.py", line 859, in main_impl
    ) = process_all(filename, args, detector_classes, printer_classes)
  File "/home/mokita/sc_study/temp/TIPS/.venv/lib/python3.10/site-packages/slither/__main__.py", line 107, in process_all
    ) = process_single(compilation, args, detector_classes, printer_classes)
  File "/home/mokita/sc_study/temp/TIPS/.venv/lib/python3.10/site-packages/slither/__main__.py", line 80, in process_single
    slither = Slither(target, ast_format=ast, **vars(args))
  File "/home/mokita/sc_study/temp/TIPS/.venv/lib/python3.10/site-packages/slither/slither.py", line 199, in __init__
    self._init_parsing_and_analyses(kwargs.get("skip_analyze", False))
  File "/home/mokita/sc_study/temp/TIPS/.venv/lib/python3.10/site-packages/slither/slither.py", line 209, in _init_parsing_and_analyses
    raise e
  File "/home/mokita/sc_study/temp/TIPS/.venv/lib/python3.10/site-packages/slither/slither.py", line 205, in _init_parsing_and_analyses
    parser.parse_contracts()
  File "/home/mokita/sc_study/temp/TIPS/.venv/lib/python3.10/site-packages/slither/solc_parsing/slither_compilation_unit_solc.py", line 583, in parse_contracts
    self._analyze_third_part(contracts_to_be_analyzed, libraries)
  File "/home/mokita/sc_study/temp/TIPS/.venv/lib/python3.10/site-packages/slither/solc_parsing/slither_compilation_unit_solc.py", line 694, in _analyze_third_part
    self._analyze_variables_modifiers_functions(contract)
  File "/home/mokita/sc_study/temp/TIPS/.venv/lib/python3.10/site-packages/slither/solc_parsing/slither_compilation_unit_solc.py", line 797, in _analyze_variables_modifiers_functions
    contract.analyze_state_variables()
  File "/home/mokita/sc_study/temp/TIPS/.venv/lib/python3.10/site-packages/slither/solc_parsing/declarations/contract.py", line 605, in analyze_state_variables
    var_parser.analyze(self)
  File "/home/mokita/sc_study/temp/TIPS/.venv/lib/python3.10/site-packages/slither/solc_parsing/variables/variable_declaration.py", line 212, in analyze
    self._variable.type = parse_type(self._elem_to_parse, caller_context)
  File "/home/mokita/sc_study/temp/TIPS/.venv/lib/python3.10/site-packages/slither/solc_parsing/solidity_types/type_parsing.py", line 447, in parse_type
    return ArrayType(array_type, length)
  File "/home/mokita/sc_study/temp/TIPS/.venv/lib/python3.10/site-packages/slither/core/solidity_types/array_type.py", line 32, in __init__
    cf = ConstantFolding(length, "uint256")
  File "/home/mokita/sc_study/temp/TIPS/.venv/lib/python3.10/site-packages/slither/visitors/expression/constants_folding.py", line 52, in __init__
    super().__init__(expression)
  File "/home/mokita/sc_study/temp/TIPS/.venv/lib/python3.10/site-packages/slither/visitors/expression/expression.py", line 30, in __init__
    self._visit_expression(self.expression)
  File "/home/mokita/sc_study/temp/TIPS/.venv/lib/python3.10/site-packages/slither/visitors/expression/expression.py", line 93, in _visit_expression
    self._post_visit(expression)
  File "/home/mokita/sc_study/temp/TIPS/.venv/lib/python3.10/site-packages/slither/visitors/expression/expression.py", line 270, in _post_visit
    self._post_binary_operation(expression)
  File "/home/mokita/sc_study/temp/TIPS/.venv/lib/python3.10/site-packages/slither/visitors/expression/constants_folding.py", line 176, in _post_binary_operation
    raise NotConstant
slither.visitors.expression.constants_folding.NotConstant

Error running slither
Getting Solidity AST...
Running TIPS...


