[INFO] compiled with solc ver. 0.4.25
[INFO] all funcs : 26
[INFO] reachable : 22

[INFO] Violate CEI: false
[INFO] msg.sender = this possible: false
[STEP] Run analyzer
[STEP] Collect fix targets
    (IO, (DrainMe/guessSeed/[uint256]), 118, (seed[0] * seed[1])),
    (IO, (DrainMe/unlockSecret/[]), 86, (block.number - 1)),
    (ETH_LEAK, (DrainMe/claimPrize/[]), 137, winner.transfer(address(this).balance);),
    (ETH_LEAK, (DrainMe/winPrize/[]), 133, owner.call.value(1)();),
    (RE_EL, (DrainMe/claimPrize/[]), 137, winner.transfer(address(this).balance);),
    (RE_EL, (DrainMe/winPrize/[]), 133, owner.call.value(1)();)

[INFO] # of basic patch components : 11
[INFO] extracted components
[
InsertLine (86, assume((block.number >= 1));),
InsertLine (118, assume(((seed[0] == 0) || (((seed[0] * seed[1]) / seed[0]) == seed[1])));),
Change (DrainMe, manipulateSecret, []) to constructor,
Add onlyOwner to (DrainMe, DranMe, []) (line 32),
Add onlyWinner to (DrainMe, DranMe, []) (line 32),
Add onlyOwner to (DrainMe, claimPrize, []) (line 136),
Add onlyOwner to (DrainMe, manipulateSecret, []) (line 77),
Add onlyWinner to (DrainMe, manipulateSecret, []) (line 77),
Add onlyWinner to (DrainMe, winPrize, []) (line 131),
AtomLst [
Add @nonReentrant to (DrainMe, DranMe, []) (line 32)
Add @nonReentrant to (DrainMe, setSecret, [uint256]) (line 59)
Add @nonReentrant to (DrainMe, becomePlayer, []) (line 71)
Add @nonReentrant to (DrainMe, manipulateSecret, []) (line 77)
Add @nonReentrant to (DrainMe, callFirstTarget, []) (line 97)
Add @nonReentrant to (DrainMe, callSecondTarget, []) (line 103)
Add @nonReentrant to (DrainMe, setSeed, [uint256, uint256]) (line 109)
Add @nonReentrant to (DrainMe, addSeed, [uint256]) (line 113)
Add @nonReentrant to (DrainMe, guessSeed, [uint256]) (line 117)
Add @nonReentrant to (DrainMe, checkSecret, []) (line 124)
Add @nonReentrant to (DrainMe, winPrize, []) (line 131)
Add @nonReentrant to (DrainMe, claimPrize, []) (line 136)
Add @nonReentrant to (DrainMe, @fallback, []) (line 142)
],
AtomLst [
Add @nonReentrant to (DrainMe, winPrize, []) (line 131)
Add @nonReentrant to (DrainMe, DranMe, []) (line 32)
Add @nonReentrant to (DrainMe, becomePlayer, []) (line 71)
Add @nonReentrant to (DrainMe, callFirstTarget, []) (line 97)
Add @nonReentrant to (DrainMe, callSecondTarget, []) (line 103)
Add @nonReentrant to (DrainMe, setSeed, [uint256, uint256]) (line 109)
Add @nonReentrant to (DrainMe, addSeed, [uint256]) (line 113)
Add @nonReentrant to (DrainMe, guessSeed, [uint256]) (line 117)
Add @nonReentrant to (DrainMe, checkSecret, []) (line 124)
Add @nonReentrant to (DrainMe, @fallback, []) (line 142)
]
]
