 ______     __         __  __     ______     __     __  __     __    __    
/\  ___\   /\ \       /\ \_\ \   /\  ___\   /\ \   /\ \/\ \   /\ "-./  \   
\ \  __\   \ \ \____  \ \____ \  \ \___  \  \ \ \  \ \ \_\ \  \ \ \-./\ \  
 \ \_____\  \ \_____\  \/\_____\  \/\_____\  \ \_\  \ \_____\  \ \_\ \ \_\ 
  \/_____/   \/_____/   \/_____/   \/_____/   \/_/   \/_____/   \/_/  \/_/ 
                                                                           
Compiling source code...
Retrieving bytecode for contract 'Missing'.
Please wait. Scanning bytecode for bugs...
Running Osiris...
Finished running Osiris. Execution time 1.055389404296875 seconds. Code coverage 99.2%.
Running Oyente...
Finished running Oyente. Execution time 1.1752526760101318 seconds. Code coverage 93.7%.
Running Mythril...
Finished running Mythril. Execution time 6.351242303848267 seconds. Code coverage 99.21%.
Detected 1 bug(s):
--> Detected 'leaking ether' bug at program counter address 228 (0xe4) using Mythril with a code coverage of 99.21%.
Exporting original control-flow graph...
Recovering control-flow graph...
Recovered 100% of the control-flow graph
Number of execution paths accessing storage: 3
Deployment bytecode size: 36 bytes (original: 32 bytes) 12.5% increase.
Runtime bytecode size: 290 bytes (original: 253 bytes) 14.624505928853756% increase.
Metadata: 0xa165627a7a7230582024b240e2efcf6c4c1b2615b11b790ea83637f287689ce0bd02319820c65a52e70029
Exporting patched control-flow graph...
