 ______     __         __  __     ______     __     __  __     __    __    
/\  ___\   /\ \       /\ \_\ \   /\  ___\   /\ \   /\ \/\ \   /\ "-./  \   
\ \  __\   \ \ \____  \ \____ \  \ \___  \  \ \ \  \ \ \_\ \  \ \ \-./\ \  
 \ \_____\  \ \_____\  \/\_____\  \/\_____\  \ \_\  \ \_____\  \ \_\ \ \_\ 
  \/_____/   \/_____/   \/_____/   \/_____/   \/_/   \/_____/   \/_/  \/_/ 
                                                                           
Compiling source code...
Retrieving bytecode for contract 'WhaleGiveaway1'.
Please wait. Scanning bytecode for bugs...
Running Osiris...
Finished running Osiris. Execution time 24.992934226989746 seconds. Code coverage 100.0%.
Running Oyente...
Finished running Oyente. Execution time 1.8233470916748047 seconds. Code coverage 63.5%.
Running Mythril...
Finished running Mythril. Execution time 47.29137563705444 seconds. Code coverage 68.24%.
Detected 1 bug(s):
--> Detected 'leaking ether' bug at program counter address 768 (0x300) using Mythril with a code coverage of 68.24%.
Exporting original control-flow graph...
Recovering control-flow graph...
Recovered 100% of the control-flow graph
Number of execution paths accessing storage: 7
Deployment bytecode size: 61 bytes (original: 57 bytes) 7.017543859649123% increase.
Runtime bytecode size: 821 bytes (original: 785 bytes) 4.585987261146497% increase.
Metadata: 0xa165627a7a72305820399577727b081daffec9a6a3c7e43cbf579307fc31d1198aa80ac093dc709e750029
Exporting patched control-flow graph...
