 ______     __         __  __     ______     __     __  __     __    __    
/\  ___\   /\ \       /\ \_\ \   /\  ___\   /\ \   /\ \/\ \   /\ "-./  \   
\ \  __\   \ \ \____  \ \____ \  \ \___  \  \ \ \  \ \ \_\ \  \ \ \-./\ \  
 \ \_____\  \ \_____\  \/\_____\  \/\_____\  \ \_\  \ \_____\  \ \_\ \ \_\ 
  \/_____/   \/_____/   \/_____/   \/_____/   \/_/   \/_____/   \/_/  \/_/ 
                                                                           
Compiling source code...
Retrieving bytecode for contract 'Pie'.
Please wait. Scanning bytecode for bugs...
Running Osiris...
Finished running Osiris. Execution time 22.85376262664795 seconds. Code coverage 99.8%.
Running Oyente...
Finished running Oyente. Execution time 1.547086238861084 seconds. Code coverage 55.9%.
Running Mythril...
Finished running Mythril. Execution time 39.767789125442505 seconds. Code coverage 65.31%.
Detected 1 bug(s):
--> Detected 'leaking ether' bug at program counter address 680 (0x2a8) using Mythril with a code coverage of 65.31%.
Exporting original control-flow graph...
Recovering control-flow graph...
Recovered 100% of the control-flow graph
Number of execution paths accessing storage: 7
Deployment bytecode size: 54 bytes (original: 50 bytes) 8.0% increase.
Runtime bytecode size: 741 bytes (original: 705 bytes) 5.1063829787234045% increase.
Metadata: 0xa165627a7a7230582071ed6b311bc8d8ccf731a307aee76da0cec160314caab9a5ed6be215313cf2dc0029
Exporting patched control-flow graph...
