 ______     __         __  __     ______     __     __  __     __    __    
/\  ___\   /\ \       /\ \_\ \   /\  ___\   /\ \   /\ \/\ \   /\ "-./  \   
\ \  __\   \ \ \____  \ \____ \  \ \___  \  \ \ \  \ \ \_\ \  \ \ \-./\ \  
 \ \_____\  \ \_____\  \/\_____\  \/\_____\  \ \_\  \ \_____\  \ \_\ \ \_\ 
  \/_____/   \/_____/   \/_____/   \/_____/   \/_/   \/_____/   \/_/  \/_/ 
                                                                           
Compiling source code...
Retrieving bytecode for contract 'U_BANK'.
Please wait. Scanning bytecode for bugs...
Running Osiris...
Finished running Osiris. Execution time 1.6278369426727295 seconds. Code coverage 99.8%.
Running Oyente...
Finished running Oyente. Execution time 2.339395523071289 seconds. Code coverage 60.6%.
Running Mythril...
Finished running Mythril. Execution time 122.82341647148132 seconds. Code coverage 99.77%.
Detected 1 bug(s):
--> Detected 'underflow' (SUB) bug at program counter address 576 (0x240) using Osiris with a code coverage of 99.8%.
Exporting original control-flow graph...
Recovering control-flow graph...
Recovered 100% of the control-flow graph
Number of execution paths accessing storage: 11
Deployment bytecode size: 92 bytes (original: 92 bytes) 0.0% increase.
Runtime bytecode size: 798 bytes (original: 785 bytes) 1.6560509554140128% increase.
Metadata: 0xa165627a7a723058208a970f217f07dde2cce8410bb18b8b01b02973d126f0218badfc94b87aaca66a0029
Exporting patched control-flow graph...
