
> symEvm@1.0.0 dev /sGuard
> node src/index.js "smartbugs/dataset/unchecked_low_level_calls/0x627fa62ccbb1c1b04ffaecd72a53e37fc0e17839.sol" "results/unchecked_low_level_calls/0x627fa62ccbb1c1b04ffaecd72a53e37fc0e17839" "TokenBank"

smartbugs/dataset/unchecked_low_level_calls/0x627fa62ccbb1c1b04ffaecd72a53e37fc0e17839.sol
{ bugFixes:
   { 'R.&8!:.9nP?u3"b(IOn2': 'Holders[_addr] = sub_uint256(Holders[_addr], _wei)',
     '=&k6Bas`KCgRs.dP_ugSC1cP;W_W48Ut>I6oQ(>xi8qTBM)p,Gq':
      ' function WithdrawToHolder(address _addr, uint _wei) nonReentrant_ ',
     '8.HXo5+sHg+Dc&vc|JJF:vl:9Ou""\'[(-L:*OP">0l~WJeV{DD<tB.,(4h|>e;;?svOSb8':
      ' function WitdrawTokenToHolder(address _to,address _token,uint _amount) nonReentrant_ ',
     'nLA8v4hCvLR**!QTobDLfTZ': ' function confirmOwner() nonReentrant_ ',
     '%{v`JxQ/Q2~z-cj)94VF8': 'contract TokenBank is sGuard, ',
     'A\\YE_%}!_T;j"5t!\\': 'contract Ownable\n is sGuard ',
     '.jpH&@.q+pFQ,5Ln8|L}A_yr4YkWwR':
      'Holders[msg.sender] = add_uint256(Holders[msg.sender], msg.value)',
     'huJV%Ug(}e8F,\'-?l4jv/|A^`zmhIZ4tPT': ' function changeOwner(address addr) nonReentrant_ ',
     '[nD|%w(g]2z6X[l\\k': 'contract Token is sGuard, ',
     'ErK{|p".&cgYH-uq5vSEPE+F': ' function initTokenBank() nonReentrant_ ',
     '0:IKbiSVp8ePK2*q^?': ' function Deposit() nonReentrant_ ' },
  source:
   '/*\n * @source: etherscan.io \n * @author: -\n * @vulnerable_at_lines: 44\n */\n\n\nA\\YE_%}!_T;j"5t!\\{\n    address newOwner;\n    address owner = msg.sender;\n    \n    huJV%Ug(}e8F,\'-?l4jv/|A^`zmhIZ4tPT\n    public\n    onlyOwner\n    {\n        newOwner = addr;\n    }\n    \n    nLA8v4hCvLR**!QTobDLfTZ \n    public\n    {\n        if(msg.sender==newOwner)\n        {\n            owner=newOwner;\n        }\n    }\n    \n    modifier onlyOwner\n    {\n        if(owner == msg.sender)_;\n    }\n}\n\n[nD|%w(g]2z6X[l\\k Ownable\n{\n    address owner = msg.sender;\n    function WithdrawToken(address token, uint256 amount,address to)\n    public \n    onlyOwner\n    {\n         // <yes> <report> UNCHECKED_LL_CALLS\n        token.call(bytes4(sha3("transfer(address,uint256)")),to,amount); \n    }\n}\n\n%{v`JxQ/Q2~z-cj)94VF8 Token\n{\n    uint public MinDeposit;\n    mapping (address => uint) public Holders;\n    \n     ///Constructor\n    ErK{|p".&cgYH-uq5vSEPE+F\n    public\n    {\n        owner = msg.sender;\n        MinDeposit = 1 ether;\n    }\n    \n    function()\n    payable\n    {\n        Deposit();\n    }\n   \n    0:IKbiSVp8ePK2*q^? \n    payable\n    {\n        if(msg.value>MinDeposit)\n        {\n            .jpH&@.q+pFQ,5Ln8|L}A_yr4YkWwR;\n        }\n    }\n    \n    8.HXo5+sHg+Dc&vc|JJF:vl:9Ou""\'[(-L:*OP">0l~WJeV{DD<tB.,(4h|>e;;?svOSb8\n    public\n    onlyOwner\n    {\n        if(Holders[_to]>0)\n        {\n            Holders[_to]=0;\n            WithdrawToken(_token,_amount,_to);     \n        }\n    }\n   \n    =&k6Bas`KCgRs.dP_ugSC1cP;W_W48Ut>I6oQ(>xi8qTBM)p,Gq \n    public\n    onlyOwner\n    payable\n    {\n        if(Holders[_addr]>0)\n        {\n            if(_addr.call.value(_wei)())\n            {\n                R.&8!:.9nP?u3"b(IOn2;\n            }\n        }\n    }\n}',
  wrappers: Set { 'sub_uint256', 'nonReentrant_', 'add_uint256' } }
