Getting Slither report...
Switched global version to 0.4.26



'solc --version' running
'solc ../smartbugs-curated/dataset/access_control/unprotected0.sol --combined-json abi,ast,bin,bin-runtime,srcmap,srcmap-runtime,userdoc,devdoc,hashes,compact-format --allow-paths .,/home/mokita/sc_study/temp/smartbugs-curated/dataset/access_control' running
Compilation warnings/errors on ../smartbugs-curated/dataset/access_control/unprotected0.sol:
../smartbugs-curated/dataset/access_control/unprotected0.sol:16:6: Warning: Defining constructors as functions with the same name as the contract is deprecated. Use "constructor(...) { ... }" instead.
     function Unprotected()
     ^ (Relevant source part starts here and spans across multiple lines).
../smartbugs-curated/dataset/access_control/unprotected0.sol:8:2: Warning: Source file does not specify required compiler version!Consider adding "pragma solidity ^0.4.26;"
 contract Unprotected{
 ^ (Relevant source part starts here and spans across multiple lines).


Unprotected.changeOwner(address)._newOwner (../smartbugs-curated/dataset/access_control/unprotected0.sol#24) lacks a zero-check on :
		- owner = _newOwner (../smartbugs-curated/dataset/access_control/unprotected0.sol#27)
Reference: https://github.com/crytic/slither/wiki/Detector-Documentation#missing-zero-address-validation

solc-0.4.26 is an outdated solc version. Use a more recent version (at least 0.8.0), if possible.
Reference: https://github.com/crytic/slither/wiki/Detector-Documentation#incorrect-versions-of-solidity

Parameter Unprotected.changeOwner(address)._newOwner (../smartbugs-curated/dataset/access_control/unprotected0.sol#24) is not in mixedCase
Reference: https://github.com/crytic/slither/wiki/Detector-Documentation#conformance-to-solidity-naming-conventions
../smartbugs-curated/dataset/access_control/unprotected0.sol analyzed (1 contracts with 95 detectors), 3 result(s) found

Error running slither
unprotected0.sol
Getting Solidity AST...
Running TIPS...
unprotected0.sol
0.0004811286926269531


