Getting Slither report...
Switched global version to 0.4.26



'solc --version' running
'solc ../smartbugs-curated/dataset/arithmetic/integer_overflow_multitx_multifunc_feasible.sol --combined-json abi,ast,bin,bin-runtime,srcmap,srcmap-runtime,userdoc,devdoc,hashes,compact-format --allow-paths .,/home/mokita/sc_study/temp/smartbugs-curated/dataset/arithmetic' running
Compilation warnings/errors on ../smartbugs-curated/dataset/arithmetic/integer_overflow_multitx_multifunc_feasible.sol:
../smartbugs-curated/dataset/arithmetic/integer_overflow_multitx_multifunc_feasible.sol:11:1: Warning: Source file does not specify required compiler version!Consider adding "pragma solidity ^0.4.26;"
contract IntegerOverflowMultiTxMultiFuncFeasible {
^ (Relevant source part starts here and spans across multiple lines).
../smartbugs-curated/dataset/arithmetic/integer_overflow_multitx_multifunc_feasible.sol:19:5: Warning: No visibility specified. Defaulting to "public". 
    function run(uint256 input) {
    ^ (Relevant source part starts here and spans across multiple lines).


solc-0.4.26 is an outdated solc version. Use a more recent version (at least 0.8.0), if possible.
Reference: https://github.com/crytic/slither/wiki/Detector-Documentation#incorrect-versions-of-solidity
../smartbugs-curated/dataset/arithmetic/integer_overflow_multitx_multifunc_feasible.sol analyzed (1 contracts with 95 detectors), 1 result(s) found

Error running slither
integer_overflow_multitx_multifunc_feasible.sol
Getting Solidity AST...
Running TIPS...
integer_overflow_multitx_multifunc_feasible.sol
0.0005266666412353516


