Getting Slither report...
Switched global version to 0.4.26



'solc --version' running
'solc ../smartbugs-curated/dataset/other/name_registrar.sol --combined-json abi,ast,bin,bin-runtime,srcmap,srcmap-runtime,userdoc,devdoc,hashes,compact-format --allow-paths .,/home/mokita/sc_study/temp/smartbugs-curated/dataset/other' running
Compilation warnings/errors on ../smartbugs-curated/dataset/other/name_registrar.sol:
../smartbugs-curated/dataset/other/name_registrar.sol:7:1: Warning: Source file does not specify required compiler version!Consider adding "pragma solidity ^0.4.26;"
contract NameRegistrar {
^ (Relevant source part starts here and spans across multiple lines).
../smartbugs-curated/dataset/other/name_registrar.sol:22:9: Warning: Variable is declared as a storage pointer. Use an explicit "storage" keyword to silence this warning.
        NameRecord newRecord;
        ^------------------^
../smartbugs-curated/dataset/other/name_registrar.sol:22:9: Warning: Uninitialized storage pointer. Did you mean '<type> memory newRecord'?
        NameRecord newRecord;
        ^------------------^


NameRegistrar.register(bytes32,address).newRecord (../smartbugs-curated/dataset/other/name_registrar.sol#22) is a storage variable never initialized
Reference: https://github.com/crytic/slither/wiki/Detector-Documentation#uninitialized-storage-variables

solc-0.4.26 is an outdated solc version. Use a more recent version (at least 0.8.0), if possible.
Reference: https://github.com/crytic/slither/wiki/Detector-Documentation#incorrect-versions-of-solidity

Parameter NameRegistrar.register(bytes32,address)._name (../smartbugs-curated/dataset/other/name_registrar.sol#19) is not in mixedCase
Parameter NameRegistrar.register(bytes32,address)._mappedAddress (../smartbugs-curated/dataset/other/name_registrar.sol#19) is not in mixedCase
Reference: https://github.com/crytic/slither/wiki/Detector-Documentation#conformance-to-solidity-naming-conventions

NameRegistrar.unlocked (../smartbugs-curated/dataset/other/name_registrar.sol#9) should be constant 
Reference: https://github.com/crytic/slither/wiki/Detector-Documentation#state-variables-that-could-be-declared-constant
../smartbugs-curated/dataset/other/name_registrar.sol analyzed (1 contracts with 95 detectors), 5 result(s) found

Error running slither
name_registrar.sol
Getting Solidity AST...
Running TIPS...
name_registrar.sol
0.0007121562957763672


