==== Dependence on predictable environment variable ====
SWC ID: 120
Severity: Low
Contract: ETH_FUND
Function name: CashOut(uint256)
PC address: 440
Estimated Gas Usage: 8666 - 29611
A control flow decision is made based on The block.number environment variable.
The block.number environment variable is used to determine a control flow decision. Note that the values of variables like coinbase, gaslimit, block number and timestamp are predictable and can be manipulated by a malicious miner. Also keep in mind that attackers know hashes of earlier blocks. Don't use any of those environment variables as sources of randomness and be aware that use of these variables introduces a certain level of trust into miners.
--------------------
In file: ../results/smartbugs/sGuard/reentrancy/0x941d225236464a25eb18076df7da6a91d0f95e9e/0x941d225236464a25eb18076df7da6a91d0f95e9e.sol:63

if(_am<=balances[msg.sender]&&block.number>lastBlock)
        {
            // <yes> <report> REENTRANCY
            if(msg.sender.call.value(_am)())
            {
                balances[msg.sender] = sub_uint256(balances[msg.sender], _am);
                TransferLog.AddMessage(msg.sender,_am,"CashOut");
            }
        }

--------------------
Initial State:

Account: [CREATOR], balance: 0x0, nonce:0, storage:{}
Account: [ATTACKER], balance: 0x0, nonce:0, storage:{}

Transaction Sequence:

Caller: [CREATOR], calldata: , decoded_data: , value: 0x0
Caller: [SOMEGUY], function: CashOut(uint256), txdata: 0x9ffa0711, value: 0x0

==== External Call To User-Supplied Address ====
SWC ID: 107
Severity: Low
Contract: ETH_FUND
Function name: CashOut(uint256)
PC address: 480
Estimated Gas Usage: 23917 - 154844
A call to a user-supplied address is executed.
An external message call to an address specified by the caller is executed. Note that the callee account might contain arbitrary code and could re-enter any function within this contract. Reentering the contract in an intermediate state may lead to unexpected behaviour. Make sure that no state modifications are executed after this call and/or reentrancy guards are in place.
--------------------
In file: ../results/smartbugs/sGuard/reentrancy/0x941d225236464a25eb18076df7da6a91d0f95e9e/0x941d225236464a25eb18076df7da6a91d0f95e9e.sol:66

msg.sender.call.value(_am)()

--------------------
Initial State:

Account: [CREATOR], balance: 0x0, nonce:0, storage:{}
Account: [ATTACKER], balance: 0x10000000000000000, nonce:0, storage:{}

Transaction Sequence:

Caller: [CREATOR], calldata: , decoded_data: , value: 0x0
Caller: [ATTACKER], function: CashOut(uint256), txdata: 0x9ffa0711, value: 0x0

==== State access after external call ====
SWC ID: 107
Severity: Medium
Contract: ETH_FUND
Function name: CashOut(uint256)
PC address: 556
Estimated Gas Usage: 23917 - 154844
Read of persistent state following external call
The contract account state is accessed after an external call to a user defined address. To prevent reentrancy issues, consider accessing the state only before the call, especially if the callee is untrusted. Alternatively, a reentrancy lock can be used to prevent untrusted callees from re-entering the contract in an intermediate state.
--------------------
In file: ../results/smartbugs/sGuard/reentrancy/0x941d225236464a25eb18076df7da6a91d0f95e9e/0x941d225236464a25eb18076df7da6a91d0f95e9e.sol:68

balances[msg.sender]

--------------------
Initial State:

Account: [CREATOR], balance: 0x0, nonce:0, storage:{}
Account: [ATTACKER], balance: 0x1000000000, nonce:0, storage:{}

Transaction Sequence:

Caller: [CREATOR], calldata: , decoded_data: , value: 0x0
Caller: [ATTACKER], function: CashOut(uint256), txdata: 0x9ffa0711, value: 0x0

==== State access after external call ====
SWC ID: 107
Severity: Medium
Contract: ETH_FUND
Function name: CashOut(uint256)
PC address: 628
Estimated Gas Usage: 23917 - 154844
Write to persistent state following external call
The contract account state is accessed after an external call to a user defined address. To prevent reentrancy issues, consider accessing the state only before the call, especially if the callee is untrusted. Alternatively, a reentrancy lock can be used to prevent untrusted callees from re-entering the contract in an intermediate state.
--------------------
In file: ../results/smartbugs/sGuard/reentrancy/0x941d225236464a25eb18076df7da6a91d0f95e9e/0x941d225236464a25eb18076df7da6a91d0f95e9e.sol:68

balances[msg.sender] = sub_uint256(balances[msg.sender], _am)

--------------------
Initial State:

Account: [CREATOR], balance: 0x0, nonce:0, storage:{}
Account: [ATTACKER], balance: 0x1000000000, nonce:0, storage:{}

Transaction Sequence:

Caller: [CREATOR], calldata: , decoded_data: , value: 0x0
Caller: [ATTACKER], function: CashOut(uint256), txdata: 0x9ffa0711, value: 0x0

==== State access after external call ====
SWC ID: 107
Severity: Medium
Contract: ETH_FUND
Function name: CashOut(uint256)
PC address: 635
Estimated Gas Usage: 23917 - 154844
Read of persistent state following external call
The contract account state is accessed after an external call to a user defined address. To prevent reentrancy issues, consider accessing the state only before the call, especially if the callee is untrusted. Alternatively, a reentrancy lock can be used to prevent untrusted callees from re-entering the contract in an intermediate state.
--------------------
In file: ../results/smartbugs/sGuard/reentrancy/0x941d225236464a25eb18076df7da6a91d0f95e9e/0x941d225236464a25eb18076df7da6a91d0f95e9e.sol:69

TransferLog

--------------------
Initial State:

Account: [CREATOR], balance: 0x0, nonce:0, storage:{}
Account: [ATTACKER], balance: 0x1000000000, nonce:0, storage:{}

Transaction Sequence:

Caller: [CREATOR], calldata: , decoded_data: , value: 0x0
Caller: [ATTACKER], function: CashOut(uint256), txdata: 0x9ffa0711, value: 0x0

==== External Call To User-Supplied Address ====
SWC ID: 107
Severity: Low
Contract: ETH_FUND
Function name: CashOut(uint256)
PC address: 886
Estimated Gas Usage: 23917 - 154844
A call to a user-supplied address is executed.
An external message call to an address specified by the caller is executed. Note that the callee account might contain arbitrary code and could re-enter any function within this contract. Reentering the contract in an intermediate state may lead to unexpected behaviour. Make sure that no state modifications are executed after this call and/or reentrancy guards are in place.
--------------------
In file: ../results/smartbugs/sGuard/reentrancy/0x941d225236464a25eb18076df7da6a91d0f95e9e/0x941d225236464a25eb18076df7da6a91d0f95e9e.sol:69

TransferLog.AddMessage(msg.sender,_am,"CashOut")

--------------------
Initial State:

Account: [CREATOR], balance: 0x0, nonce:0, storage:{}
Account: [ATTACKER], balance: 0x0, nonce:0, storage:{}

Transaction Sequence:

Caller: [CREATOR], calldata: 9f9f9f9f9f9f9f9f9f9f9f9fdeadbeefdeadbeefdeadbeefdeadbeefdeadbeef, decoded_data: , value: 0x0
Caller: [SOMEGUY], function: CashOut(uint256), txdata: 0x9ffa0711, value: 0x0

==== Multiple Calls in a Single Transaction ====
SWC ID: 113
Severity: Low
Contract: ETH_FUND
Function name: CashOut(uint256)
PC address: 886
Estimated Gas Usage: 23917 - 154844
Multiple calls are executed in the same transaction.
This call is executed following another call within the same transaction. It is possible that the call never gets executed if a prior call fails permanently. This might be caused intentionally by a malicious callee. If possible, refactor the code such that each transaction only executes one external call or make sure that all callees can be trusted (i.e. they’re part of your own codebase).
--------------------
In file: ../results/smartbugs/sGuard/reentrancy/0x941d225236464a25eb18076df7da6a91d0f95e9e/0x941d225236464a25eb18076df7da6a91d0f95e9e.sol:69

TransferLog.AddMessage(msg.sender,_am,"CashOut")

--------------------
Initial State:

Account: [CREATOR], balance: 0x0, nonce:0, storage:{}
Account: [ATTACKER], balance: 0x3, nonce:0, storage:{}

Transaction Sequence:

Caller: [CREATOR], calldata: , decoded_data: , value: 0x0
Caller: [ATTACKER], function: CashOut(uint256), txdata: 0x9ffa0711, value: 0x0

==== State access after external call ====
SWC ID: 107
Severity: Medium
Contract: ETH_FUND
Function name: CashOut(uint256)
PC address: 886
Estimated Gas Usage: 23917 - 154844
Write to persistent state following external call
The contract account state is accessed after an external call to a user defined address. To prevent reentrancy issues, consider accessing the state only before the call, especially if the callee is untrusted. Alternatively, a reentrancy lock can be used to prevent untrusted callees from re-entering the contract in an intermediate state.
--------------------
In file: ../results/smartbugs/sGuard/reentrancy/0x941d225236464a25eb18076df7da6a91d0f95e9e/0x941d225236464a25eb18076df7da6a91d0f95e9e.sol:69

TransferLog.AddMessage(msg.sender,_am,"CashOut")

--------------------
Initial State:

Account: [CREATOR], balance: 0x0, nonce:0, storage:{}
Account: [ATTACKER], balance: 0x1000000000, nonce:0, storage:{}

Transaction Sequence:

Caller: [CREATOR], calldata: , decoded_data: , value: 0x0
Caller: [ATTACKER], function: CashOut(uint256), txdata: 0x9ffa0711, value: 0x0

==== State access after external call ====
SWC ID: 107
Severity: Medium
Contract: ETH_FUND
Function name: CashOut(uint256)
PC address: 920
Estimated Gas Usage: 23917 - 154844
Read of persistent state following external call
The contract account state is accessed after an external call to a user defined address. To prevent reentrancy issues, consider accessing the state only before the call, especially if the callee is untrusted. Alternatively, a reentrancy lock can be used to prevent untrusted callees from re-entering the contract in an intermediate state.
--------------------
In file: ../results/smartbugs/sGuard/reentrancy/0x941d225236464a25eb18076df7da6a91d0f95e9e/0x941d225236464a25eb18076df7da6a91d0f95e9e.sol:15

locked_ = false

--------------------
Initial State:

Account: [CREATOR], balance: 0x0, nonce:0, storage:{}
Account: [ATTACKER], balance: 0x1000000000, nonce:0, storage:{}

Transaction Sequence:

Caller: [CREATOR], calldata: , decoded_data: , value: 0x0
Caller: [ATTACKER], function: CashOut(uint256), txdata: 0x9ffa0711, value: 0x0

==== State access after external call ====
SWC ID: 107
Severity: Medium
Contract: ETH_FUND
Function name: CashOut(uint256)
PC address: 934
Estimated Gas Usage: 23917 - 154844
Write to persistent state following external call
The contract account state is accessed after an external call to a user defined address. To prevent reentrancy issues, consider accessing the state only before the call, especially if the callee is untrusted. Alternatively, a reentrancy lock can be used to prevent untrusted callees from re-entering the contract in an intermediate state.
--------------------
In file: ../results/smartbugs/sGuard/reentrancy/0x941d225236464a25eb18076df7da6a91d0f95e9e/0x941d225236464a25eb18076df7da6a91d0f95e9e.sol:15

locked_ = false

--------------------
Initial State:

Account: [CREATOR], balance: 0x0, nonce:0, storage:{}
Account: [ATTACKER], balance: 0x1000000000, nonce:0, storage:{}

Transaction Sequence:

Caller: [CREATOR], calldata: , decoded_data: , value: 0x0
Caller: [ATTACKER], function: CashOut(uint256), txdata: 0x9ffa0711, value: 0x0

==== External Call To User-Supplied Address ====
SWC ID: 107
Severity: Low
Contract: ETH_FUND
Function name: Deposit()
PC address: 1398
Estimated Gas Usage: 27210 - 143761
A call to a user-supplied address is executed.
An external message call to an address specified by the caller is executed. Note that the callee account might contain arbitrary code and could re-enter any function within this contract. Reentering the contract in an intermediate state may lead to unexpected behaviour. Make sure that no state modifications are executed after this call and/or reentrancy guards are in place.
--------------------
In file: ../results/smartbugs/sGuard/reentrancy/0x941d225236464a25eb18076df7da6a91d0f95e9e/0x941d225236464a25eb18076df7da6a91d0f95e9e.sol:54

TransferLog.AddMessage(msg.sender,msg.value,"Deposit")

--------------------
Initial State:

Account: [CREATOR], balance: 0x0, nonce:0, storage:{}
Account: [ATTACKER], balance: 0x227e0fc1bf0b54000, nonce:0, storage:{}

Transaction Sequence:

Caller: [CREATOR], calldata: 8c8c8c8c8c8c8c8c8c8c8c8cdeadbeefdeadbeefdeadbeefdeadbeefdeadbeef, decoded_data: , value: 0x0
Caller: [ATTACKER], function: Deposit(), txdata: 0xed21248c, value: 0xde0b6b3a7640001

==== State access after external call ====
SWC ID: 107
Severity: Medium
Contract: ETH_FUND
Function name: Deposit()
PC address: 1425
Estimated Gas Usage: 27210 - 143761
Write to persistent state following external call
The contract account state is accessed after an external call to a user defined address. To prevent reentrancy issues, consider accessing the state only before the call, especially if the callee is untrusted. Alternatively, a reentrancy lock can be used to prevent untrusted callees from re-entering the contract in an intermediate state.
--------------------
In file: ../results/smartbugs/sGuard/reentrancy/0x941d225236464a25eb18076df7da6a91d0f95e9e/0x941d225236464a25eb18076df7da6a91d0f95e9e.sol:55

lastBlock = block.number

--------------------
Initial State:

Account: [CREATOR], balance: 0x0, nonce:0, storage:{}
Account: [ATTACKER], balance: 0x434a1807c70420000, nonce:0, storage:{}

Transaction Sequence:

Caller: [CREATOR], calldata: 8c8c8c8c8c8c8c8c8c8c8c8cdeadbeefdeadbeefdeadbeefdeadbeefdeadbeef, decoded_data: , value: 0x0
Caller: [ATTACKER], function: Deposit(), txdata: 0xed21248c, value: 0xde0b6b3a7640001

==== State access after external call ====
SWC ID: 107
Severity: Medium
Contract: ETH_FUND
Function name: Deposit()
PC address: 1438
Estimated Gas Usage: 27210 - 143761
Read of persistent state following external call
The contract account state is accessed after an external call to a user defined address. To prevent reentrancy issues, consider accessing the state only before the call, especially if the callee is untrusted. Alternatively, a reentrancy lock can be used to prevent untrusted callees from re-entering the contract in an intermediate state.
--------------------
In file: ../results/smartbugs/sGuard/reentrancy/0x941d225236464a25eb18076df7da6a91d0f95e9e/0x941d225236464a25eb18076df7da6a91d0f95e9e.sol:15

locked_ = false

--------------------
Initial State:

Account: [CREATOR], balance: 0x0, nonce:0, storage:{}
Account: [ATTACKER], balance: 0x434a1807c70420000, nonce:0, storage:{}

Transaction Sequence:

Caller: [CREATOR], calldata: 8c8c8c8c8c8c8c8c8c8c8c8cdeadbeefdeadbeefdeadbeefdeadbeefdeadbeef, decoded_data: , value: 0x0
Caller: [ATTACKER], function: Deposit(), txdata: 0xed21248c, value: 0xde0b6b3a7640001

==== State access after external call ====
SWC ID: 107
Severity: Medium
Contract: ETH_FUND
Function name: Deposit()
PC address: 1452
Estimated Gas Usage: 27210 - 143761
Write to persistent state following external call
The contract account state is accessed after an external call to a user defined address. To prevent reentrancy issues, consider accessing the state only before the call, especially if the callee is untrusted. Alternatively, a reentrancy lock can be used to prevent untrusted callees from re-entering the contract in an intermediate state.
--------------------
In file: ../results/smartbugs/sGuard/reentrancy/0x941d225236464a25eb18076df7da6a91d0f95e9e/0x941d225236464a25eb18076df7da6a91d0f95e9e.sol:15

locked_ = false

--------------------
Initial State:

Account: [CREATOR], balance: 0x0, nonce:0, storage:{}
Account: [ATTACKER], balance: 0x434a1807c70420000, nonce:0, storage:{}

Transaction Sequence:

Caller: [CREATOR], calldata: 8c8c8c8c8c8c8c8c8c8c8c8cdeadbeefdeadbeefdeadbeefdeadbeefdeadbeef, decoded_data: , value: 0x0
Caller: [ATTACKER], function: Deposit(), txdata: 0xed21248c, value: 0xde0b6b3a7640001


