Getting Slither report...
Switched global version to 0.4.26



'solc --version' running
'solc ../smartbugs-curated/dataset/denial_of_service/auction.sol --combined-json abi,ast,bin,bin-runtime,srcmap,srcmap-runtime,userdoc,devdoc,hashes,compact-format --allow-paths .,/home/mokita/sc_study/temp/smartbugs-curated/dataset/denial_of_service' running
Compilation warnings/errors on ../smartbugs-curated/dataset/denial_of_service/auction.sol:
../smartbugs-curated/dataset/denial_of_service/auction.sol:9:1: Warning: Source file does not specify required compiler version!Consider adding "pragma solidity ^0.4.26;"
contract DosAuction {
^ (Relevant source part starts here and spans across multiple lines).
../smartbugs-curated/dataset/denial_of_service/auction.sol:14:3: Warning: No visibility specified. Defaulting to "public". 
  function bid() payable {
  ^ (Relevant source part starts here and spans across multiple lines).


solc-0.4.26 is an outdated solc version. Use a more recent version (at least 0.8.0), if possible.
Reference: https://github.com/crytic/slither/wiki/Detector-Documentation#incorrect-versions-of-solidity

Reentrancy in DosAuction.bid() (../smartbugs-curated/dataset/denial_of_service/auction.sol#14-27):
	External calls:
	- require(bool)(currentFrontrunner.send(currentBid)) (../smartbugs-curated/dataset/denial_of_service/auction.sol#22)
	State variables written after the call(s):
	- currentBid = msg.value (../smartbugs-curated/dataset/denial_of_service/auction.sol#26)
	- currentFrontrunner = msg.sender (../smartbugs-curated/dataset/denial_of_service/auction.sol#25)
Reference: https://github.com/crytic/slither/wiki/Detector-Documentation#reentrancy-vulnerabilities-4
../smartbugs-curated/dataset/denial_of_service/auction.sol analyzed (1 contracts with 95 detectors), 2 result(s) found

Error running slither
auction.sol
Getting Solidity AST...
Running TIPS...
auction.sol
0.0006377696990966797


