Getting Slither report...
Switched global version to 0.4.26



'solc --version' running
'solc ../smartbugs-curated/dataset/denial_of_service/dos_address.sol --combined-json abi,ast,bin,bin-runtime,srcmap,srcmap-runtime,userdoc,devdoc,hashes,compact-format --allow-paths .,/home/mokita/sc_study/temp/smartbugs-curated/dataset/denial_of_service' running
Compilation warnings/errors on ../smartbugs-curated/dataset/denial_of_service/dos_address.sol:
../smartbugs-curated/dataset/denial_of_service/dos_address.sol:8:1: Warning: Source file does not specify required compiler version!Consider adding "pragma solidity ^0.4.26;"
contract DosGas {
^ (Relevant source part starts here and spans across multiple lines).


DosGas (../smartbugs-curated/dataset/denial_of_service/dos_address.sol#8-35) contract sets array length with a user-controlled value:
	- creditorAddresses.push(msg.sender) (../smartbugs-curated/dataset/denial_of_service/dos_address.sol#23)
Reference: https://github.com/crytic/slither/wiki/Detector-Documentation#array-length-assignment

solc-0.4.26 is an outdated solc version. Use a more recent version (at least 0.8.0), if possible.
Reference: https://github.com/crytic/slither/wiki/Detector-Documentation#incorrect-versions-of-solidity
../smartbugs-curated/dataset/denial_of_service/dos_address.sol analyzed (1 contracts with 95 detectors), 2 result(s) found

Error running slither
dos_address.sol
Getting Solidity AST...
Running TIPS...
dos_address.sol
0.001173257827758789


