Getting Slither report...
Switched global version to 0.4.26



'solc --version' running
'solc ../smartbugs-curated/dataset/reentrancy/reentrance.sol --combined-json abi,ast,bin,bin-runtime,srcmap,srcmap-runtime,userdoc,devdoc,hashes,compact-format --allow-paths .,/home/mokita/sc_study/temp/smartbugs-curated/dataset/reentrancy' running
Compilation warnings/errors on ../smartbugs-curated/dataset/reentrancy/reentrance.sol:
../smartbugs-curated/dataset/reentrancy/reentrance.sol:8:1: Warning: Source file does not specify required compiler version!Consider adding "pragma solidity ^0.4.26;"
contract Reentrance {
^ (Relevant source part starts here and spans across multiple lines).


Reentrancy in Reentrance.withdraw(uint256) (../smartbugs-curated/dataset/reentrancy/reentrance.sol#20-28):
	External calls:
	- msg.sender.call.value(_amount)() (../smartbugs-curated/dataset/reentrancy/reentrance.sol#23)
	State variables written after the call(s):
	- balances[msg.sender] -= _amount (../smartbugs-curated/dataset/reentrancy/reentrance.sol#26)
	Reentrance.balances (../smartbugs-curated/dataset/reentrancy/reentrance.sol#10) can be used in cross function reentrancies:
	- Reentrance.balanceOf(address) (../smartbugs-curated/dataset/reentrancy/reentrance.sol#16-18)
	- Reentrance.balances (../smartbugs-curated/dataset/reentrancy/reentrance.sol#10)
	- Reentrance.donate(address) (../smartbugs-curated/dataset/reentrancy/reentrance.sol#12-14)
	- Reentrance.withdraw(uint256) (../smartbugs-curated/dataset/reentrancy/reentrance.sol#20-28)
Reference: https://github.com/crytic/slither/wiki/Detector-Documentation#reentrancy-vulnerabilities

solc-0.4.26 is an outdated solc version. Use a more recent version (at least 0.8.0), if possible.
Reference: https://github.com/crytic/slither/wiki/Detector-Documentation#incorrect-versions-of-solidity

Low level call in Reentrance.withdraw(uint256) (../smartbugs-curated/dataset/reentrancy/reentrance.sol#20-28):
	- msg.sender.call.value(_amount)() (../smartbugs-curated/dataset/reentrancy/reentrance.sol#23)
Reference: https://github.com/crytic/slither/wiki/Detector-Documentation#low-level-calls

Parameter Reentrance.donate(address)._to (../smartbugs-curated/dataset/reentrancy/reentrance.sol#12) is not in mixedCase
Parameter Reentrance.balanceOf(address)._who (../smartbugs-curated/dataset/reentrancy/reentrance.sol#16) is not in mixedCase
Parameter Reentrance.withdraw(uint256)._amount (../smartbugs-curated/dataset/reentrancy/reentrance.sol#20) is not in mixedCase
Reference: https://github.com/crytic/slither/wiki/Detector-Documentation#conformance-to-solidity-naming-conventions

Redundant expression "_amount (../smartbugs-curated/dataset/reentrancy/reentrance.sol#24)" inReentrance (../smartbugs-curated/dataset/reentrancy/reentrance.sol#8-31)
Reference: https://github.com/crytic/slither/wiki/Detector-Documentation#redundant-statements
../smartbugs-curated/dataset/reentrancy/reentrance.sol analyzed (1 contracts with 95 detectors), 7 result(s) found

Error running slither
reentrance.sol
Getting Solidity AST...
Running TIPS...
reentrance.sol
0.0041768550872802734


