[INFO] compiled with solc ver. 0.4.25
[INFO] all funcs : 3
[INFO] reachable : 3

[INFO] Violate CEI: false
[INFO] msg.sender = this possible: false
[STEP] Run analyzer
[STEP] Collect fix targets
    (ETH_LEAK, (Roulette/@fallback/[]), 22, msg.sender.transfer(this.balance);)

[INFO] # of basic patch components : 1
[INFO] extracted components
[
InsertLine (16, assume((smartfix_owner == msg.sender));)
]
- New best candidate, iter 1, 8.35246515274s : results/time_manipulation/roulette/candidates/cand_1/patch.sol
- Solution found, iter 1, 8.35246515274s : results/time_manipulation/roulette/candidates/cand_1/patch.sol
[STEP] Enter Repair Loop

========== Statistics ==========
# Iter                    : 2
# Alarm (orginal)         : 1
# Alarm (patch)           : 0
# Alarm wo leak (patch)   : 0
# Edit (min,max)          : 1, 1
# Patch                   : 1
- First solution          : results/time_manipulation/roulette/candidates/cand_1/patch.sol
- First solution (iter)   : 1
- First solution (time)   : 8.35246515274
# Uncompiled candidate    : 0
# Verifier error          : 0

========== Patch info ==========
- 1, Size: 1., Edit: 1, Iter: 1, Time: 8.35246515274, results/time_manipulation/roulette/candidates/cand_1/patch.sol

Time Elapsed (Real) : 9.22721505165
Time Elapsed (CPU)  : 6.596472
