 ______     __         __  __     ______     __     __  __     __    __    
/\  ___\   /\ \       /\ \_\ \   /\  ___\   /\ \   /\ \/\ \   /\ "-./  \   
\ \  __\   \ \ \____  \ \____ \  \ \___  \  \ \ \  \ \ \_\ \  \ \ \-./\ \  
 \ \_____\  \ \_____\  \/\_____\  \/\_____\  \ \_\  \ \_____\  \ \_\ \ \_\ 
  \/_____/   \/_____/   \/_____/   \/_____/   \/_/   \/_____/   \/_/  \/_/ 
                                                                           
Compiling source code...
Retrieving bytecode for contract 'airPort'.
Please wait. Scanning bytecode for bugs...
Running Osiris...
Finished running Osiris. Execution time 34.7248694896698 seconds. Code coverage 99.7%.
Running Oyente...
Finished running Oyente. Execution time 1.2832813262939453 seconds. Code coverage 15.9%.
Running Mythril...
Finished running Mythril. Execution time 35.34759545326233 seconds. Code coverage 99.31%.
Detected 1 bug(s):
--> Detected 'unhandled exception' bug at program counter address 512 (0x200) using Mythril with a code coverage of 99.31%.
Exporting original control-flow graph...
Recovering control-flow graph...
Recovered 100% of the control-flow graph
Number of execution paths accessing storage: 0
Deployment bytecode size: 32 bytes (original: 32 bytes) 0.0% increase.
Runtime bytecode size: 554 bytes (original: 542 bytes) 2.2140221402214024% increase.
Metadata: 0xa165627a7a723058206f2e9edd63a3122d2e1d49f75925ec123d72c84435541dab21d25ea9089459f60029
Exporting patched control-flow graph...
