 ______     __         __  __     ______     __     __  __     __    __    
/\  ___\   /\ \       /\ \_\ \   /\  ___\   /\ \   /\ \/\ \   /\ "-./  \   
\ \  __\   \ \ \____  \ \____ \  \ \___  \  \ \ \  \ \ \_\ \  \ \ \-./\ \  
 \ \_____\  \ \_____\  \/\_____\  \/\_____\  \ \_\  \ \_____\  \ \_\ \ \_\ 
  \/_____/   \/_____/   \/_____/   \/_____/   \/_/   \/_____/   \/_/  \/_/ 
                                                                           
Compiling source code...
Retrieving bytecode for contract 'IntegerOverflowMultiTxMultiFuncFeasible'.
Please wait. Scanning bytecode for bugs...
Running Osiris...
Finished running Osiris. Execution time 1.0324482917785645 seconds. Code coverage 99.2%.
Running Oyente...
Finished running Oyente. Execution time 1.1942188739776611 seconds. Code coverage 99.2%.
Running Mythril...
Finished running Mythril. Execution time 3.7526767253875732 seconds. Code coverage 99.21%.
Detected 1 bug(s):
--> Detected 'underflow' (SUB) bug at program counter address 189 (0xbd) using Osiris with a code coverage of 99.2%.
Exporting original control-flow graph...
Recovering control-flow graph...
Recovered 100% of the control-flow graph
Number of execution paths accessing storage: 4
Deployment bytecode size: 39 bytes (original: 39 bytes) 0.0% increase.
Runtime bytecode size: 215 bytes (original: 203 bytes) 5.9113300492610845% increase.
Metadata: 0xa165627a7a7230582017e549b7de511504e57b42a931266dbb5bc56b980bfa3a71efe091bf007748ec0029
Exporting patched control-flow graph...
