Getting Slither report...
Switched global version to 0.4.26



'solc --version' running
'solc ../smartbugs-curated/dataset/bad_randomness/lottery.sol --combined-json abi,ast,bin,bin-runtime,srcmap,srcmap-runtime,userdoc,devdoc,hashes,compact-format --allow-paths .,/home/mokita/sc_study/temp/smartbugs-curated/dataset/bad_randomness' running
Compilation warnings/errors on ../smartbugs-curated/dataset/bad_randomness/lottery.sol:
../smartbugs-curated/dataset/bad_randomness/lottery.sol:23:6: Warning: Defining constructors as functions with the same name as the contract is deprecated. Use "constructor(...) { ... }" instead.
     function Lottery() {
     ^ (Relevant source part starts here and spans across multiple lines).
../smartbugs-curated/dataset/bad_randomness/lottery.sol:29:10: Warning: "throw" is deprecated in favour of "revert()", "require()" and "assert()".
         throw;
         ^---^
../smartbugs-curated/dataset/bad_randomness/lottery.sol:47:18: Warning: "throw" is deprecated in favour of "revert()", "require()" and "assert()".
                 throw;
                 ^---^
../smartbugs-curated/dataset/bad_randomness/lottery.sol:54:40: Warning: "throw" is deprecated in favour of "revert()", "require()" and "assert()".
         if(msg.sender != organizer) { throw; }
                                       ^---^
../smartbugs-curated/dataset/bad_randomness/lottery.sol:63:40: Warning: "throw" is deprecated in favour of "revert()", "require()" and "assert()".
         if(msg.sender != organizer) { throw; }
                                       ^---^
../smartbugs-curated/dataset/bad_randomness/lottery.sol:10:2: Warning: Source file does not specify required compiler version!Consider adding "pragma solidity ^0.4.26;"
 contract Lottery {
 ^ (Relevant source part starts here and spans across multiple lines).
../smartbugs-curated/dataset/bad_randomness/lottery.sol:57:14: Warning: Invoking events without "emit" prefix is deprecated.
             GetBet(bets[i].betAmount, bets[i].blockNumber, bets[i].won);
             ^---------------------------------------------------------^
../smartbugs-curated/dataset/bad_randomness/lottery.sol:65:10: Warning: "suicide" has been deprecated in favour of "selfdestruct"
         suicide(organizer);
         ^----------------^
../smartbugs-curated/dataset/bad_randomness/lottery.sol:23:6: Warning: No visibility specified. Defaulting to "public". 
     function Lottery() {
     ^ (Relevant source part starts here and spans across multiple lines).
../smartbugs-curated/dataset/bad_randomness/lottery.sol:28:6: Warning: No visibility specified. Defaulting to "public". 
     function() {
     ^ (Relevant source part starts here and spans across multiple lines).
../smartbugs-curated/dataset/bad_randomness/lottery.sol:33:6: Warning: No visibility specified. Defaulting to "public". 
     function makeBet() {
     ^ (Relevant source part starts here and spans across multiple lines).
../smartbugs-curated/dataset/bad_randomness/lottery.sol:41:24: Warning: "msg.value" used in non-payable function. Do you want to add the "payable" modifier to this function?
         bets.push(Bet(msg.value, block.number, won));
                       ^-------^
../smartbugs-curated/dataset/bad_randomness/lottery.sol:45:34: Warning: "msg.value" used in non-payable function. Do you want to add the "payable" modifier to this function?
             if(!msg.sender.send(msg.value)) {
                                 ^-------^
../smartbugs-curated/dataset/bad_randomness/lottery.sol:53:6: Warning: No visibility specified. Defaulting to "public". 
     function getBets() {
     ^ (Relevant source part starts here and spans across multiple lines).
../smartbugs-curated/dataset/bad_randomness/lottery.sol:62:6: Warning: No visibility specified. Defaulting to "public". 
     function destroy() {
     ^ (Relevant source part starts here and spans across multiple lines).


Lottery (../smartbugs-curated/dataset/bad_randomness/lottery.sol#10-67) contract sets array length with a user-controlled value:
	- bets.push(Bet(msg.value,block.number,won)) (../smartbugs-curated/dataset/bad_randomness/lottery.sol#41)
Reference: https://github.com/crytic/slither/wiki/Detector-Documentation#array-length-assignment

Lottery.makeBet() (../smartbugs-curated/dataset/bad_randomness/lottery.sol#33-50) uses a dangerous strict equality:
	- won = (block.number % 2) == 0 (../smartbugs-curated/dataset/bad_randomness/lottery.sol#37)
Reference: https://github.com/crytic/slither/wiki/Detector-Documentation#dangerous-strict-equalities

Deprecated standard detected THROW (../smartbugs-curated/dataset/bad_randomness/lottery.sol#29):
	- Usage of "throw" should be replaced with "revert()"
Deprecated standard detected THROW (../smartbugs-curated/dataset/bad_randomness/lottery.sol#47):
	- Usage of "throw" should be replaced with "revert()"
Deprecated standard detected THROW (../smartbugs-curated/dataset/bad_randomness/lottery.sol#54):
	- Usage of "throw" should be replaced with "revert()"
Deprecated standard detected THROW (../smartbugs-curated/dataset/bad_randomness/lottery.sol#63):
	- Usage of "throw" should be replaced with "revert()"
Deprecated standard detected suicide(address)(organizer) (../smartbugs-curated/dataset/bad_randomness/lottery.sol#65):
	- Usage of "suicide()" should be replaced with "selfdestruct()"
Reference: https://github.com/crytic/slither/wiki/Detector-Documentation#deprecated-standards

solc-0.4.26 is an outdated solc version. Use a more recent version (at least 0.8.0), if possible.
Reference: https://github.com/crytic/slither/wiki/Detector-Documentation#incorrect-versions-of-solidity

Loop condition i < bets.length (../smartbugs-curated/dataset/bad_randomness/lottery.sol#56) should use cached array length instead of referencing `length` member of the storage array.
 Reference: https://github.com/crytic/slither/wiki/Detector-Documentation#cache-array-length
../smartbugs-curated/dataset/bad_randomness/lottery.sol analyzed (1 contracts with 95 detectors), 9 result(s) found

Error running slither
lottery.sol
Getting Solidity AST...
Running TIPS...
lottery.sol
0.0014216899871826172


