Compilation warnings/errors on smartbugs/dataset/arithmetic/overflow_single_tx.sol:
smartbugs/dataset/arithmetic/overflow_single_tx.sol:36:9: Warning: Unused local variable.
        uint res = count + input;
        ^------^
smartbugs/dataset/arithmetic/overflow_single_tx.sol:42:9: Warning: Unused local variable.
        uint res = count * input;
        ^------^
smartbugs/dataset/arithmetic/overflow_single_tx.sol:48:9: Warning: Unused local variable.
       	uint res = count - input;
       	^------^
smartbugs/dataset/arithmetic/overflow_single_tx.sol:34:5: Warning: Function state mutability can be restricted to view
    function overflowlocalonly(uint256 input) public {
    ^ (Relevant source part starts here and spans across multiple lines).
smartbugs/dataset/arithmetic/overflow_single_tx.sol:40:5: Warning: Function state mutability can be restricted to view
    function overflowmulocalonly(uint256 input) public {
    ^ (Relevant source part starts here and spans across multiple lines).
smartbugs/dataset/arithmetic/overflow_single_tx.sol:46:5: Warning: Function state mutability can be restricted to view
    function underflowlocalonly(uint256 input) public {
    ^ (Relevant source part starts here and spans across multiple lines).

smartbugs/dataset/arithmetic/overflow_single_tx.sol analyzed (1 contracts)
