 ______     __         __  __     ______     __     __  __     __    __    
/\  ___\   /\ \       /\ \_\ \   /\  ___\   /\ \   /\ \/\ \   /\ "-./  \   
\ \  __\   \ \ \____  \ \____ \  \ \___  \  \ \ \  \ \ \_\ \  \ \ \-./\ \  
 \ \_____\  \ \_____\  \/\_____\  \/\_____\  \ \_\  \ \_____\  \ \_\ \ \_\ 
  \/_____/   \/_____/   \/_____/   \/_____/   \/_/   \/_____/   \/_/  \/_/ 
                                                                           
Compiling source code...
Retrieving bytecode for contract 'IntegerOverflowMultiTxOneFuncFeasible'.
Please wait. Scanning bytecode for bugs...
Running Osiris...
Finished running Osiris. Execution time 1.0623018741607666 seconds. Code coverage 99.1%.
Running Oyente...
Finished running Oyente. Execution time 1.1713840961456299 seconds. Code coverage 99.1%.
Running Mythril...
Finished running Mythril. Execution time 4.51528525352478 seconds. Code coverage 99.06%.
Detected 1 bug(s):
--> Detected 'underflow' (SUB) bug at program counter address 166 (0xa6) using Osiris with a code coverage of 99.1%.
Exporting original control-flow graph...
Recovering control-flow graph...
Recovered 100% of the control-flow graph
Number of execution paths accessing storage: 3
Deployment bytecode size: 39 bytes (original: 39 bytes) 0.0% increase.
Runtime bytecode size: 185 bytes (original: 173 bytes) 6.936416184971098% increase.
Metadata: 0xa165627a7a72305820579bab258a8f9441bf7c3045ee970dde1de0524a3f1c5006979957e59a55eeec0029
Exporting patched control-flow graph...
