 ______     __         __  __     ______     __     __  __     __    __    
/\  ___\   /\ \       /\ \_\ \   /\  ___\   /\ \   /\ \/\ \   /\ "-./  \   
\ \  __\   \ \ \____  \ \____ \  \ \___  \  \ \ \  \ \ \_\ \  \ \ \-./\ \  
 \ \_____\  \ \_____\  \/\_____\  \/\_____\  \ \_\  \ \_____\  \ \_\ \ \_\ 
  \/_____/   \/_____/   \/_____/   \/_____/   \/_/   \/_____/   \/_/  \/_/ 
                                                                           
Compiling source code...
Retrieving bytecode for contract 'demo'.
Please wait. Scanning bytecode for bugs...
Running Osiris...
Finished running Osiris. Execution time 39.63856911659241 seconds. Code coverage 99.7%.
Running Oyente...
Finished running Oyente. Execution time 1.2554326057434082 seconds. Code coverage 12.7%.
Running Mythril...
Finished running Mythril. Execution time 57.635605573654175 seconds. Code coverage 99.45%.
Detected 1 bug(s):
--> Detected 'unhandled exception' bug at program counter address 590 (0x24e) using Mythril with a code coverage of 99.45%.
Exporting original control-flow graph...
Recovering control-flow graph...
Recovered 100% of the control-flow graph
Number of execution paths accessing storage: 0
Deployment bytecode size: 32 bytes (original: 32 bytes) 0.0% increase.
Runtime bytecode size: 632 bytes (original: 620 bytes) 1.9354838709677418% increase.
Metadata: 0xa165627a7a72305820257ae6fdcabc857d5a7cecda4b9db7c64a72da3d2b89af4f836961fba92aae350029
Exporting patched control-flow graph...
