mythril.mythril.mythril_config [INFO]: Creating mythril data directory 
mythril.mythril.mythril_config [INFO]: No config file found. Creating default: /root/.mythril/config.ini 
mythril.mythril.mythril_config [INFO]: Infura key not provided, so onchain access is disabled. Use --infura-id <INFURA_ID> or set it in the environment variable INFURA_ID or in the ~/.mythril/config.ini file 
mythril.support.signatures [INFO]: Using signature database at /root/.mythril/signatures.db
mythril.laser.ethereum.svm [INFO]: LASER EVM initialized with dynamic loader: <mythril.support.loader.DynLoader object at 0x7f3834a47e20>
mythril.laser.ethereum.strategy.extensions.bounded_loops [INFO]: Loaded search strategy extension: Loop bounds (limit = 3)
mythril.laser.plugin.loader [INFO]: Loading laser plugin: coverage
mythril.laser.plugin.loader [INFO]: Loading laser plugin: mutation-pruner
mythril.laser.plugin.loader [INFO]: Loading laser plugin: call-depth-limit
mythril.laser.plugin.loader [INFO]: Loading laser plugin: instruction-profiler
mythril.laser.plugin.loader [INFO]: Loading laser plugin: dependency-pruner
mythril.laser.plugin.loader [INFO]: Instrumenting symbolic vm with plugin: coverage
mythril.laser.plugin.loader [INFO]: Instrumenting symbolic vm with plugin: mutation-pruner
mythril.laser.plugin.loader [INFO]: Instrumenting symbolic vm with plugin: call-depth-limit
mythril.laser.plugin.loader [INFO]: Instrumenting symbolic vm with plugin: instruction-profiler
mythril.laser.plugin.loader [INFO]: Instrumenting symbolic vm with plugin: dependency-pruner
mythril.laser.ethereum.svm [DEBUG]: Starting LASER execution
mythril.laser.ethereum.svm [INFO]: Starting message call transaction to 0
mythril.laser.ethereum.svm [INFO]: Starting message call transaction, iteration: 0, 1 initial states
mythril.laser.ethereum.instructions [DEBUG]: Evaluating PUSH1 at 0
mythril.laser.ethereum.instructions [DEBUG]: Evaluating PUSH1 at 1
mythril.laser.ethereum.instructions [DEBUG]: Evaluating MSTORE at 2
mythril.laser.ethereum.instructions [DEBUG]: Evaluating PUSH1 at 3
mythril.laser.ethereum.instructions [DEBUG]: Evaluating CALLDATASIZE at 4
mythril.laser.ethereum.instructions [DEBUG]: Evaluating LT at 5
mythril.laser.ethereum.instructions [DEBUG]: Evaluating PUSH2 at 6
mythril.analysis.module.base [DEBUG]: Entering analysis module: TxOrigin
mythril.analysis.module.base [DEBUG]: Exiting analysis module: TxOrigin
mythril.analysis.module.base [DEBUG]: Entering analysis module: IntegerArithmetics
mythril.analysis.module.base [DEBUG]: Exiting analysis module: IntegerArithmetics
mythril.laser.ethereum.instructions [DEBUG]: Evaluating JUMPI at 7
mythril.laser.ethereum.instructions [DEBUG]: Evaluating PUSH4 at 8
mythril.laser.ethereum.instructions [DEBUG]: Evaluating JUMPDEST at 19
mythril.laser.ethereum.instructions [DEBUG]: Evaluating PUSH29 at 9
mythril.laser.ethereum.instructions [DEBUG]: Evaluating PUSH1 at 20
mythril.laser.ethereum.instructions [DEBUG]: Evaluating PUSH1 at 10
mythril.laser.ethereum.instructions [DEBUG]: Evaluating DUP1 at 21
mythril.laser.ethereum.instructions [DEBUG]: Evaluating CALLDATALOAD at 11
mythril.laser.ethereum.instructions [DEBUG]: Evaluating REVERT at 22
mythril.laser.ethereum.svm [DEBUG]: Ending transaction MessageCallTransaction 1 from sender_1 to                                        0x0.
mythril.laser.ethereum.instructions [DEBUG]: Evaluating DIV at 12
mythril.laser.ethereum.instructions [DEBUG]: Evaluating AND at 13
mythril.laser.ethereum.instructions [DEBUG]: Evaluating PUSH4 at 14
mythril.laser.ethereum.instructions [DEBUG]: Evaluating DUP2 at 15
mythril.laser.ethereum.instructions [DEBUG]: Evaluating EQ at 16
mythril.laser.ethereum.instructions [DEBUG]: Evaluating PUSH2 at 17
mythril.analysis.module.base [DEBUG]: Entering analysis module: TxOrigin
mythril.analysis.module.base [DEBUG]: Exiting analysis module: TxOrigin
mythril.analysis.module.base [DEBUG]: Entering analysis module: IntegerArithmetics
mythril.analysis.module.base [DEBUG]: Exiting analysis module: IntegerArithmetics
mythril.laser.ethereum.instructions [DEBUG]: Evaluating JUMPI at 18
mythril.laser.ethereum.instructions [DEBUG]: Evaluating JUMPDEST at 19
mythril.laser.ethereum.instructions [DEBUG]: Evaluating JUMPDEST at 23
mythril.laser.ethereum.instructions [DEBUG]: Evaluating PUSH1 at 20
mythril.laser.ethereum.instructions [DEBUG]: Evaluating CALLVALUE at 24
mythril.laser.ethereum.instructions [DEBUG]: Evaluating DUP1 at 21
mythril.laser.ethereum.instructions [DEBUG]: Evaluating DUP1 at 25
mythril.laser.ethereum.instructions [DEBUG]: Evaluating REVERT at 22
mythril.laser.ethereum.svm [DEBUG]: Ending transaction MessageCallTransaction 1 from sender_1 to                                        0x0.
mythril.laser.ethereum.instructions [DEBUG]: Evaluating ISZERO at 26
mythril.laser.ethereum.instructions [DEBUG]: Evaluating PUSH2 at 27
mythril.analysis.module.base [DEBUG]: Entering analysis module: TxOrigin
mythril.analysis.module.base [DEBUG]: Exiting analysis module: TxOrigin
mythril.analysis.module.base [DEBUG]: Entering analysis module: IntegerArithmetics
mythril.analysis.module.base [DEBUG]: Exiting analysis module: IntegerArithmetics
mythril.laser.ethereum.instructions [DEBUG]: Evaluating JUMPI at 28
mythril.laser.ethereum.instructions [DEBUG]: Evaluating PUSH1 at 29
mythril.laser.ethereum.instructions [DEBUG]: Evaluating JUMPDEST at 32
mythril.laser.ethereum.instructions [DEBUG]: Evaluating DUP1 at 30
mythril.laser.ethereum.instructions [DEBUG]: Evaluating POP at 33
mythril.laser.ethereum.instructions [DEBUG]: Evaluating REVERT at 31
mythril.laser.ethereum.svm [DEBUG]: Ending transaction MessageCallTransaction 1 from sender_1 to                                        0x0.
mythril.laser.ethereum.instructions [DEBUG]: Evaluating PUSH2 at 34
mythril.laser.ethereum.instructions [DEBUG]: Evaluating PUSH2 at 35
mythril.laser.ethereum.instructions [DEBUG]: Evaluating JUMP at 36
mythril.laser.ethereum.instructions [DEBUG]: Evaluating JUMPDEST at 55
mythril.laser.ethereum.instructions [DEBUG]: Evaluating PUSH1 at 56
mythril.laser.ethereum.instructions [DEBUG]: Evaluating DUP1 at 57
mythril.laser.ethereum.instructions [DEBUG]: Evaluating SLOAD at 58
mythril.laser.ethereum.instructions [DEBUG]: Evaluating DUP2 at 59
mythril.laser.ethereum.instructions [DEBUG]: Evaluating SWAP1 at 60
mythril.laser.ethereum.instructions [DEBUG]: Evaluating PUSH2 at 61
mythril.laser.ethereum.instructions [DEBUG]: Evaluating GT at 62
mythril.laser.ethereum.instructions [DEBUG]: Evaluating ISZERO at 63
mythril.laser.ethereum.instructions [DEBUG]: Evaluating PUSH2 at 64
mythril.analysis.module.base [DEBUG]: Entering analysis module: TxOrigin
mythril.analysis.module.base [DEBUG]: Exiting analysis module: TxOrigin
mythril.analysis.module.base [DEBUG]: Entering analysis module: IntegerArithmetics
mythril.analysis.module.base [DEBUG]: Exiting analysis module: IntegerArithmetics
mythril.laser.ethereum.instructions [DEBUG]: Evaluating JUMPI at 65
mythril.laser.ethereum.instructions [DEBUG]: Pruned unreachable states.
mythril.laser.ethereum.instructions [DEBUG]: Evaluating POP at 66
mythril.laser.ethereum.instructions [DEBUG]: Evaluating PUSH1 at 67
mythril.laser.ethereum.instructions [DEBUG]: Evaluating JUMPDEST at 68
mythril.laser.ethereum.instructions [DEBUG]: Evaluating PUSH2 at 69
mythril.laser.ethereum.instructions [DEBUG]: Evaluating DUP2 at 70
mythril.laser.ethereum.instructions [DEBUG]: Evaluating LT at 71
mythril.laser.ethereum.instructions [DEBUG]: Evaluating ISZERO at 72
mythril.laser.ethereum.instructions [DEBUG]: Evaluating PUSH2 at 73
mythril.analysis.module.base [DEBUG]: Entering analysis module: TxOrigin
mythril.analysis.module.base [DEBUG]: Exiting analysis module: TxOrigin
mythril.analysis.module.base [DEBUG]: Entering analysis module: IntegerArithmetics
mythril.analysis.module.base [DEBUG]: Exiting analysis module: IntegerArithmetics
mythril.laser.ethereum.instructions [DEBUG]: Evaluating JUMPI at 74
mythril.laser.ethereum.instructions [DEBUG]: Pruned unreachable states.
mythril.laser.ethereum.instructions [DEBUG]: Evaluating PUSH1 at 75
mythril.laser.ethereum.instructions [DEBUG]: Evaluating DUP1 at 76
mythril.laser.ethereum.instructions [DEBUG]: Evaluating SLOAD at 77
mythril.laser.ethereum.instructions [DEBUG]: Evaluating PUSH1 at 78
mythril.laser.ethereum.instructions [DEBUG]: Evaluating DUP2 at 79
mythril.laser.ethereum.instructions [DEBUG]: Evaluating DUP2 at 80
mythril.analysis.module.base [DEBUG]: Entering analysis module: IntegerArithmetics
mythril.analysis.module.base [DEBUG]: Exiting analysis module: IntegerArithmetics
mythril.laser.ethereum.instructions [DEBUG]: Evaluating ADD at 81
mythril.laser.ethereum.instructions [DEBUG]: Evaluating DUP4 at 82
mythril.analysis.module.base [DEBUG]: Entering analysis module: ArbitraryStorage
mythril.analysis.module.base [DEBUG]: Exiting analysis module: ArbitraryStorage
mythril.analysis.module.base [DEBUG]: Entering analysis module: IntegerArithmetics
mythril.analysis.module.base [DEBUG]: Exiting analysis module: IntegerArithmetics
mythril.analysis.module.base [DEBUG]: Entering analysis module: StateChangeAfterCall
mythril.analysis.module.base [DEBUG]: Exiting analysis module: StateChangeAfterCall
mythril.laser.ethereum.instructions [DEBUG]: Evaluating SSTORE at 83
mythril.laser.ethereum.instructions [DEBUG]: Evaluating SWAP2 at 84
mythril.laser.ethereum.instructions [DEBUG]: Evaluating DUP1 at 85
mythril.laser.ethereum.instructions [DEBUG]: Evaluating MSTORE at 86
mythril.laser.ethereum.instructions [DEBUG]: Evaluating PUSH32 at 87
mythril.analysis.module.base [DEBUG]: Entering analysis module: IntegerArithmetics
mythril.analysis.module.base [DEBUG]: Exiting analysis module: IntegerArithmetics
mythril.laser.ethereum.instructions [DEBUG]: Evaluating ADD at 88
mythril.laser.ethereum.instructions [DEBUG]: Evaluating DUP1 at 89
mythril.laser.ethereum.instructions [DEBUG]: Evaluating SLOAD at 90
mythril.laser.ethereum.instructions [DEBUG]: Evaluating PUSH20 at 91
mythril.laser.ethereum.instructions [DEBUG]: Evaluating NOT at 92
mythril.laser.ethereum.instructions [DEBUG]: Evaluating AND at 93
mythril.laser.ethereum.instructions [DEBUG]: Evaluating CALLER at 94
mythril.laser.ethereum.instructions [DEBUG]: Evaluating OR at 95
mythril.laser.ethereum.instructions [DEBUG]: Evaluating SWAP1 at 96
mythril.analysis.module.base [DEBUG]: Entering analysis module: ArbitraryStorage
mythril.analysis.module.base [DEBUG]: Exiting analysis module: ArbitraryStorage
mythril.analysis.module.base [DEBUG]: Entering analysis module: IntegerArithmetics
mythril.analysis.module.base [DEBUG]: Exiting analysis module: IntegerArithmetics
mythril.analysis.module.base [DEBUG]: Entering analysis module: StateChangeAfterCall
mythril.analysis.module.base [DEBUG]: Exiting analysis module: StateChangeAfterCall
mythril.laser.ethereum.instructions [DEBUG]: Evaluating SSTORE at 97
mythril.analysis.module.base [DEBUG]: Entering analysis module: IntegerArithmetics
mythril.analysis.module.base [DEBUG]: Exiting analysis module: IntegerArithmetics
mythril.laser.ethereum.instructions [DEBUG]: Evaluating ADD at 98
mythril.laser.ethereum.instructions [DEBUG]: Evaluating PUSH2 at 99
mythril.laser.ethereum.instructions [DEBUG]: Evaluating JUMP at 100
mythril.laser.ethereum.instructions [DEBUG]: Evaluating JUMPDEST at 68
mythril.laser.ethereum.instructions [DEBUG]: Evaluating PUSH2 at 69
mythril.laser.ethereum.instructions [DEBUG]: Evaluating DUP2 at 70
mythril.laser.ethereum.instructions [DEBUG]: Evaluating LT at 71
mythril.laser.ethereum.instructions [DEBUG]: Evaluating ISZERO at 72
mythril.laser.ethereum.instructions [DEBUG]: Evaluating PUSH2 at 73
mythril.analysis.module.base [DEBUG]: Entering analysis module: TxOrigin
mythril.analysis.module.base [DEBUG]: Exiting analysis module: TxOrigin
mythril.analysis.module.base [DEBUG]: Entering analysis module: IntegerArithmetics
mythril.analysis.module.base [DEBUG]: Exiting analysis module: IntegerArithmetics
mythril.laser.ethereum.instructions [DEBUG]: Evaluating JUMPI at 74
mythril.laser.ethereum.instructions [DEBUG]: Pruned unreachable states.
mythril.laser.ethereum.instructions [DEBUG]: Evaluating PUSH1 at 75
mythril.laser.ethereum.instructions [DEBUG]: Evaluating DUP1 at 76
mythril.laser.ethereum.instructions [DEBUG]: Evaluating SLOAD at 77
mythril.laser.ethereum.instructions [DEBUG]: Evaluating PUSH1 at 78
mythril.laser.ethereum.instructions [DEBUG]: Evaluating DUP2 at 79
mythril.laser.ethereum.instructions [DEBUG]: Evaluating DUP2 at 80
mythril.analysis.module.base [DEBUG]: Entering analysis module: IntegerArithmetics
mythril.analysis.module.base [DEBUG]: Exiting analysis module: IntegerArithmetics
mythril.laser.ethereum.instructions [DEBUG]: Evaluating ADD at 81
mythril.laser.ethereum.instructions [DEBUG]: Evaluating DUP4 at 82
mythril.analysis.module.base [DEBUG]: Entering analysis module: ArbitraryStorage
mythril.analysis.module.base [DEBUG]: Exiting analysis module: ArbitraryStorage
mythril.analysis.module.base [DEBUG]: Entering analysis module: IntegerArithmetics
mythril.analysis.module.base [DEBUG]: Exiting analysis module: IntegerArithmetics
mythril.analysis.module.base [DEBUG]: Entering analysis module: StateChangeAfterCall
mythril.analysis.module.base [DEBUG]: Exiting analysis module: StateChangeAfterCall
mythril.laser.ethereum.instructions [DEBUG]: Evaluating SSTORE at 83
mythril.laser.ethereum.instructions [DEBUG]: Evaluating SWAP2 at 84
mythril.laser.ethereum.instructions [DEBUG]: Evaluating DUP1 at 85
mythril.laser.ethereum.instructions [DEBUG]: Evaluating MSTORE at 86
mythril.laser.ethereum.instructions [DEBUG]: Evaluating PUSH32 at 87
mythril.analysis.module.base [DEBUG]: Entering analysis module: IntegerArithmetics
mythril.analysis.module.base [DEBUG]: Exiting analysis module: IntegerArithmetics
mythril.laser.ethereum.instructions [DEBUG]: Evaluating ADD at 88
mythril.laser.ethereum.instructions [DEBUG]: Evaluating DUP1 at 89
mythril.laser.ethereum.instructions [DEBUG]: Evaluating SLOAD at 90
mythril.laser.ethereum.instructions [DEBUG]: Evaluating PUSH20 at 91
mythril.laser.ethereum.instructions [DEBUG]: Evaluating NOT at 92
mythril.laser.ethereum.instructions [DEBUG]: Evaluating AND at 93
mythril.laser.ethereum.instructions [DEBUG]: Evaluating CALLER at 94
mythril.laser.ethereum.instructions [DEBUG]: Evaluating OR at 95
mythril.laser.ethereum.instructions [DEBUG]: Evaluating SWAP1 at 96
mythril.analysis.module.base [DEBUG]: Entering analysis module: ArbitraryStorage
mythril.analysis.module.base [DEBUG]: Exiting analysis module: ArbitraryStorage
mythril.analysis.module.base [DEBUG]: Entering analysis module: IntegerArithmetics
mythril.analysis.module.base [DEBUG]: Exiting analysis module: IntegerArithmetics
mythril.analysis.module.base [DEBUG]: Entering analysis module: StateChangeAfterCall
mythril.analysis.module.base [DEBUG]: Exiting analysis module: StateChangeAfterCall
mythril.laser.ethereum.instructions [DEBUG]: Evaluating SSTORE at 97
mythril.analysis.module.base [DEBUG]: Entering analysis module: IntegerArithmetics
mythril.analysis.module.base [DEBUG]: Exiting analysis module: IntegerArithmetics
mythril.laser.ethereum.instructions [DEBUG]: Evaluating ADD at 98
mythril.laser.ethereum.instructions [DEBUG]: Evaluating PUSH2 at 99
mythril.laser.ethereum.instructions [DEBUG]: Evaluating JUMP at 100
mythril.laser.ethereum.instructions [DEBUG]: Evaluating JUMPDEST at 68
mythril.laser.ethereum.instructions [DEBUG]: Evaluating PUSH2 at 69
mythril.laser.ethereum.instructions [DEBUG]: Evaluating DUP2 at 70
mythril.laser.ethereum.instructions [DEBUG]: Evaluating LT at 71
mythril.laser.ethereum.instructions [DEBUG]: Evaluating ISZERO at 72
mythril.laser.ethereum.instructions [DEBUG]: Evaluating PUSH2 at 73
mythril.analysis.module.base [DEBUG]: Entering analysis module: TxOrigin
mythril.analysis.module.base [DEBUG]: Exiting analysis module: TxOrigin
mythril.analysis.module.base [DEBUG]: Entering analysis module: IntegerArithmetics
mythril.analysis.module.base [DEBUG]: Exiting analysis module: IntegerArithmetics
mythril.laser.ethereum.instructions [DEBUG]: Evaluating JUMPI at 74
mythril.laser.ethereum.instructions [DEBUG]: Pruned unreachable states.
mythril.laser.ethereum.instructions [DEBUG]: Evaluating PUSH1 at 75
mythril.laser.ethereum.instructions [DEBUG]: Evaluating DUP1 at 76
mythril.laser.ethereum.instructions [DEBUG]: Evaluating SLOAD at 77
mythril.laser.ethereum.instructions [DEBUG]: Evaluating PUSH1 at 78
mythril.laser.ethereum.instructions [DEBUG]: Evaluating DUP2 at 79
mythril.laser.ethereum.instructions [DEBUG]: Evaluating DUP2 at 80
mythril.analysis.module.base [DEBUG]: Entering analysis module: IntegerArithmetics
mythril.analysis.module.base [DEBUG]: Exiting analysis module: IntegerArithmetics
mythril.laser.ethereum.instructions [DEBUG]: Evaluating ADD at 81
mythril.laser.ethereum.instructions [DEBUG]: Evaluating DUP4 at 82
mythril.analysis.module.base [DEBUG]: Entering analysis module: ArbitraryStorage
mythril.analysis.module.base [DEBUG]: Exiting analysis module: ArbitraryStorage
mythril.analysis.module.base [DEBUG]: Entering analysis module: IntegerArithmetics
mythril.analysis.module.base [DEBUG]: Exiting analysis module: IntegerArithmetics
mythril.analysis.module.base [DEBUG]: Entering analysis module: StateChangeAfterCall
mythril.analysis.module.base [DEBUG]: Exiting analysis module: StateChangeAfterCall
mythril.laser.ethereum.instructions [DEBUG]: Evaluating SSTORE at 83
mythril.laser.ethereum.instructions [DEBUG]: Evaluating SWAP2 at 84
mythril.laser.ethereum.instructions [DEBUG]: Evaluating DUP1 at 85
mythril.laser.ethereum.instructions [DEBUG]: Evaluating MSTORE at 86
mythril.laser.ethereum.instructions [DEBUG]: Evaluating PUSH32 at 87
mythril.analysis.module.base [DEBUG]: Entering analysis module: IntegerArithmetics
mythril.analysis.module.base [DEBUG]: Exiting analysis module: IntegerArithmetics
mythril.laser.ethereum.instructions [DEBUG]: Evaluating ADD at 88
mythril.laser.ethereum.instructions [DEBUG]: Evaluating DUP1 at 89
mythril.laser.ethereum.instructions [DEBUG]: Evaluating SLOAD at 90
mythril.laser.ethereum.instructions [DEBUG]: Evaluating PUSH20 at 91
mythril.laser.ethereum.instructions [DEBUG]: Evaluating NOT at 92
mythril.laser.ethereum.instructions [DEBUG]: Evaluating AND at 93
mythril.laser.ethereum.instructions [DEBUG]: Evaluating CALLER at 94
mythril.laser.ethereum.instructions [DEBUG]: Evaluating OR at 95
mythril.laser.ethereum.instructions [DEBUG]: Evaluating SWAP1 at 96
mythril.analysis.module.base [DEBUG]: Entering analysis module: ArbitraryStorage
mythril.analysis.module.base [DEBUG]: Exiting analysis module: ArbitraryStorage
mythril.analysis.module.base [DEBUG]: Entering analysis module: IntegerArithmetics
mythril.analysis.module.base [DEBUG]: Exiting analysis module: IntegerArithmetics
mythril.analysis.module.base [DEBUG]: Entering analysis module: StateChangeAfterCall
mythril.analysis.module.base [DEBUG]: Exiting analysis module: StateChangeAfterCall
mythril.laser.ethereum.instructions [DEBUG]: Evaluating SSTORE at 97
mythril.analysis.module.base [DEBUG]: Entering analysis module: IntegerArithmetics
mythril.analysis.module.base [DEBUG]: Exiting analysis module: IntegerArithmetics
mythril.laser.ethereum.instructions [DEBUG]: Evaluating ADD at 98
mythril.laser.ethereum.instructions [DEBUG]: Evaluating PUSH2 at 99
mythril.laser.ethereum.instructions [DEBUG]: Evaluating JUMP at 100
mythril.laser.ethereum.strategy.extensions.bounded_loops [DEBUG]: Loop bound reached, skipping state
mythril.laser.plugin.plugins.coverage.coverage_plugin [INFO]: Number of new instructions covered in tx 0: 83
mythril.laser.ethereum.svm [INFO]: Finished symbolic execution
mythril.laser.plugin.plugins.coverage.coverage_plugin [INFO]: Achieved 36.56% coverage for code: 6080604052600436106100405763ffffffff7c010000000000000000000000000000000000000000000000000000000060003504166320227db88114610045575b600080fd5b34801561005157600080fd5b5061005a61006e565b604080519115158252519081900360200190f35b6000805481906105dc11156100e7575060005b61015e8110156100de5760008054600181810183559180527f290decd9548b62a8d60345a988386fc84ba6bc95484008f6362f93160ef3e56301805473ffffffffffffffffffffffffffffffffffffffff19163317905501610081565b6001915061010a565b60408051600080825260208201928390529051610104929061010e565b50600091505b5090565b82805482825590600052602060002090810192821561017d579160200282015b8281111561017d578251825473ffffffffffffffffffffffffffffffffffffffff191673ffffffffffffffffffffffffffffffffffffffff90911617825560209092019160019091019061012e565b5061010a926101b49250905b8082111561010a57805473ffffffffffffffffffffffffffffffffffffffff19168155600101610189565b905600a165627a7a723058204fe75f27214c0519e39fa2a11a7f11e51f1bd24bb52aefc39b2d027a9ffe9fc80029
mythril.laser.plugin.plugins.instruction_profiler [INFO]: Total: 0.18526506423950195 s
[ADD         ]   2.8954 %,  nr      9,  total   0.0054 s,  avg   0.0006 s,  min   0.0005 s,  max   0.0008 s
[AND         ]   1.3043 %,  nr      4,  total   0.0024 s,  avg   0.0006 s,  min   0.0005 s,  max   0.0007 s
[CALLDATALOAD]   6.7012 %,  nr      1,  total   0.0124 s,  avg   0.0124 s,  min   0.0124 s,  max   0.0124 s
[CALLDATASIZE]   0.2574 %,  nr      1,  total   0.0005 s,  avg   0.0005 s,  min   0.0005 s,  max   0.0005 s
[CALLER      ]   0.7903 %,  nr      3,  total   0.0015 s,  avg   0.0005 s,  min   0.0005 s,  max   0.0005 s
[CALLVALUE   ]   0.2623 %,  nr      1,  total   0.0005 s,  avg   0.0005 s,  min   0.0005 s,  max   0.0005 s
[DIV         ]   0.4167 %,  nr      1,  total   0.0008 s,  avg   0.0008 s,  min   0.0008 s,  max   0.0008 s
[DUP1        ]   4.7114 %,  nr     14,  total   0.0087 s,  avg   0.0006 s,  min   0.0004 s,  max   0.0021 s
[DUP2        ]   3.1301 %,  nr     11,  total   0.0058 s,  avg   0.0005 s,  min   0.0005 s,  max   0.0007 s
[DUP4        ]   0.9170 %,  nr      3,  total   0.0017 s,  avg   0.0006 s,  min   0.0005 s,  max   0.0007 s
[EQ          ]   0.2790 %,  nr      1,  total   0.0005 s,  avg   0.0005 s,  min   0.0005 s,  max   0.0005 s
[GT          ]   0.3017 %,  nr      1,  total   0.0006 s,  avg   0.0006 s,  min   0.0006 s,  max   0.0006 s
[ISZERO      ]   1.8212 %,  nr      5,  total   0.0034 s,  avg   0.0007 s,  min   0.0006 s,  max   0.0007 s
[JUMP        ]   2.2390 %,  nr      4,  total   0.0041 s,  avg   0.0010 s,  min   0.0010 s,  max   0.0011 s
[JUMPDEST    ]   2.2534 %,  nr      8,  total   0.0042 s,  avg   0.0005 s,  min   0.0005 s,  max   0.0006 s
[JUMPI       ]   5.4445 %,  nr      7,  total   0.0101 s,  avg   0.0014 s,  min   0.0012 s,  max   0.0020 s
[LT          ]   1.1734 %,  nr      4,  total   0.0022 s,  avg   0.0005 s,  min   0.0005 s,  max   0.0006 s
[MSTORE      ]  41.3694 %,  nr      4,  total   0.0766 s,  avg   0.0192 s,  min   0.0167 s,  max   0.0217 s
[NOT         ]   0.9116 %,  nr      3,  total   0.0017 s,  avg   0.0006 s,  min   0.0005 s,  max   0.0006 s
[OR          ]   0.8588 %,  nr      3,  total   0.0016 s,  avg   0.0005 s,  min   0.0005 s,  max   0.0005 s
[POP         ]   0.5625 %,  nr      2,  total   0.0010 s,  avg   0.0005 s,  min   0.0005 s,  max   0.0006 s
[PUSH1       ]   5.0946 %,  nr     15,  total   0.0094 s,  avg   0.0006 s,  min   0.0005 s,  max   0.0012 s
[PUSH2       ]   4.5142 %,  nr     16,  total   0.0084 s,  avg   0.0005 s,  min   0.0005 s,  max   0.0006 s
[PUSH20      ]   0.8961 %,  nr      3,  total   0.0017 s,  avg   0.0006 s,  min   0.0005 s,  max   0.0006 s
[PUSH29      ]   0.2607 %,  nr      1,  total   0.0005 s,  avg   0.0005 s,  min   0.0005 s,  max   0.0005 s
[PUSH32      ]   0.9008 %,  nr      3,  total   0.0017 s,  avg   0.0006 s,  min   0.0005 s,  max   0.0006 s
[PUSH4       ]   0.5791 %,  nr      2,  total   0.0011 s,  avg   0.0005 s,  min   0.0005 s,  max   0.0006 s
[SLOAD       ]   2.5985 %,  nr      7,  total   0.0048 s,  avg   0.0007 s,  min   0.0006 s,  max   0.0010 s
[SSTORE      ]   3.2255 %,  nr      6,  total   0.0060 s,  avg   0.0010 s,  min   0.0006 s,  max   0.0028 s
[SWAP1       ]   1.1033 %,  nr      4,  total   0.0020 s,  avg   0.0005 s,  min   0.0005 s,  max   0.0006 s
[SWAP2       ]   2.2267 %,  nr      3,  total   0.0041 s,  avg   0.0014 s,  min   0.0005 s,  max   0.0032 s

mythril.analysis.security [INFO]: Starting analysis
mythril.analysis.security [DEBUG]: Retrieving results for Caller can write to arbitrary storage locations
mythril.analysis.security [DEBUG]: Retrieving results for Delegatecall to a user-specified address
mythril.analysis.security [DEBUG]: Retrieving results for Control flow depends on tx.origin
mythril.analysis.security [DEBUG]: Retrieving results for Any sender can withdraw ETH from the contract account
mythril.analysis.security [DEBUG]: Retrieving results for Integer overflow or underflow
mythril.analysis.security [DEBUG]: Retrieving results for State change after an external call
mythril.analysis.security [DEBUG]: Retrieving results for Contract can be accidentally killed by anyone
mythril.analysis.security [DEBUG]: Retrieving results for Return value of an external call is not checked
mythril.mythril.mythril_analyzer [INFO]: Solver statistics: 
Query count: 12 
Solver time: 0.09664750099182129
{"error": null, "issues": [], "success": true}
