 ______     __         __  __     ______     __     __  __     __    __    
/\  ___\   /\ \       /\ \_\ \   /\  ___\   /\ \   /\ \/\ \   /\ "-./  \   
\ \  __\   \ \ \____  \ \____ \  \ \___  \  \ \ \  \ \ \_\ \  \ \ \-./\ \  
 \ \_____\  \ \_____\  \/\_____\  \/\_____\  \ \_\  \ \_____\  \ \_\ \ \_\ 
  \/_____/   \/_____/   \/_____/   \/_____/   \/_/   \/_____/   \/_/  \/_/ 
                                                                           
Compiling source code...
Retrieving bytecode for contract 'TokenBank'.
Please wait. Scanning bytecode for bugs...
Running Osiris...
Finished running Osiris. Execution time 2.9221765995025635 seconds. Code coverage 99.8%.
Running Oyente...
Finished running Oyente. Execution time 2.5953173637390137 seconds. Code coverage 99.8%.
Running Mythril...
Finished running Mythril. Execution time 29.4955050945282 seconds. Code coverage 61.6%.
Detected 1 bug(s):
--> Detected 'overflow' (ADD) bug at program counter address 421 (0x1a5) using Osiris with a code coverage of 99.8%.
Exporting original control-flow graph...
Recovering control-flow graph...
Recovered 100% of the control-flow graph
Number of execution paths accessing storage: 13
Deployment bytecode size: 66 bytes (original: 66 bytes) 0.0% increase.
Runtime bytecode size: 1044 bytes (original: 997 bytes) 4.714142427281845% increase.
Metadata: 0xa165627a7a72305820bea9c0bd5f09c2dc7e351a4c94c0f2874737a6f1855f613ccec96ec74867995d0029
Exporting patched control-flow graph...
