Getting Slither report...
Switched global version to 0.4.26



'solc --version' running
'solc ../smartbugs-curated/dataset/unchecked_low_level_calls/0x4b71ad9c1a84b9b643aa54fdd66e2dec96e8b152.sol --combined-json abi,ast,bin,bin-runtime,srcmap,srcmap-runtime,userdoc,devdoc,hashes,compact-format --allow-paths .,/home/mokita/sc_study/temp/smartbugs-curated/dataset/unchecked_low_level_calls' running
Compilation warnings/errors on ../smartbugs-curated/dataset/unchecked_low_level_calls/0x4b71ad9c1a84b9b643aa54fdd66e2dec96e8b152.sol:
../smartbugs-curated/dataset/unchecked_low_level_calls/0x4b71ad9c1a84b9b643aa54fdd66e2dec96e8b152.sol:9:1: Warning: Source file does not specify required compiler version!Consider adding "pragma solidity ^0.4.26;"
contract airPort{
^ (Relevant source part starts here and spans across multiple lines).
../smartbugs-curated/dataset/unchecked_low_level_calls/0x4b71ad9c1a84b9b643aa54fdd66e2dec96e8b152.sol:16:13: Warning: Return value of low-level calls not used.
            caddress.call(id,from,_tos[i],v);
            ^------------------------------^


airPort.transfer(address,address,address[],uint256) (../smartbugs-curated/dataset/unchecked_low_level_calls/0x4b71ad9c1a84b9b643aa54fdd66e2dec96e8b152.sol#11-19) ignores return value by caddress.call(id,from,_tos[i],v) (../smartbugs-curated/dataset/unchecked_low_level_calls/0x4b71ad9c1a84b9b643aa54fdd66e2dec96e8b152.sol#16)
Reference: https://github.com/crytic/slither/wiki/Detector-Documentation#unchecked-low-level-calls

airPort.transfer(address,address,address[],uint256).from (../smartbugs-curated/dataset/unchecked_low_level_calls/0x4b71ad9c1a84b9b643aa54fdd66e2dec96e8b152.sol#11) lacks a zero-check on :
		- caddress.call(id,from,_tos[i],v) (../smartbugs-curated/dataset/unchecked_low_level_calls/0x4b71ad9c1a84b9b643aa54fdd66e2dec96e8b152.sol#16)
airPort.transfer(address,address,address[],uint256).caddress (../smartbugs-curated/dataset/unchecked_low_level_calls/0x4b71ad9c1a84b9b643aa54fdd66e2dec96e8b152.sol#11) lacks a zero-check on :
		- caddress.call(id,from,_tos[i],v) (../smartbugs-curated/dataset/unchecked_low_level_calls/0x4b71ad9c1a84b9b643aa54fdd66e2dec96e8b152.sol#16)
Reference: https://github.com/crytic/slither/wiki/Detector-Documentation#missing-zero-address-validation

airPort.transfer(address,address,address[],uint256) (../smartbugs-curated/dataset/unchecked_low_level_calls/0x4b71ad9c1a84b9b643aa54fdd66e2dec96e8b152.sol#11-19) has external calls inside a loop: caddress.call(id,from,_tos[i],v) (../smartbugs-curated/dataset/unchecked_low_level_calls/0x4b71ad9c1a84b9b643aa54fdd66e2dec96e8b152.sol#16)
Reference: https://github.com/crytic/slither/wiki/Detector-Documentation/#calls-inside-a-loop

solc-0.4.26 is an outdated solc version. Use a more recent version (at least 0.8.0), if possible.
Reference: https://github.com/crytic/slither/wiki/Detector-Documentation#incorrect-versions-of-solidity

Low level call in airPort.transfer(address,address,address[],uint256) (../smartbugs-curated/dataset/unchecked_low_level_calls/0x4b71ad9c1a84b9b643aa54fdd66e2dec96e8b152.sol#11-19):
	- caddress.call(id,from,_tos[i],v) (../smartbugs-curated/dataset/unchecked_low_level_calls/0x4b71ad9c1a84b9b643aa54fdd66e2dec96e8b152.sol#16)
Reference: https://github.com/crytic/slither/wiki/Detector-Documentation#low-level-calls

Contract airPort (../smartbugs-curated/dataset/unchecked_low_level_calls/0x4b71ad9c1a84b9b643aa54fdd66e2dec96e8b152.sol#9-21) is not in CapWords
Parameter airPort.transfer(address,address,address[],uint256)._tos (../smartbugs-curated/dataset/unchecked_low_level_calls/0x4b71ad9c1a84b9b643aa54fdd66e2dec96e8b152.sol#11) is not in mixedCase
Reference: https://github.com/crytic/slither/wiki/Detector-Documentation#conformance-to-solidity-naming-conventions

transfer(address,address,address[],uint256) should be declared external:
	- airPort.transfer(address,address,address[],uint256) (../smartbugs-curated/dataset/unchecked_low_level_calls/0x4b71ad9c1a84b9b643aa54fdd66e2dec96e8b152.sol#11-19)
Reference: https://github.com/crytic/slither/wiki/Detector-Documentation#public-function-that-could-be-declared-external
../smartbugs-curated/dataset/unchecked_low_level_calls/0x4b71ad9c1a84b9b643aa54fdd66e2dec96e8b152.sol analyzed (1 contracts with 95 detectors), 9 result(s) found

Error running slither
0x4b71ad9c1a84b9b643aa54fdd66e2dec96e8b152.sol
Getting Solidity AST...
Running TIPS...
0x4b71ad9c1a84b9b643aa54fdd66e2dec96e8b152.sol
failing to repair the unchecked call defect in charnum:412 in type2
0.003402233123779297


