 ______     __         __  __     ______     __     __  __     __    __    
/\  ___\   /\ \       /\ \_\ \   /\  ___\   /\ \   /\ \/\ \   /\ "-./  \   
\ \  __\   \ \ \____  \ \____ \  \ \___  \  \ \ \  \ \ \_\ \  \ \ \-./\ \  
 \ \_____\  \ \_____\  \/\_____\  \/\_____\  \ \_\  \ \_____\  \ \_\ \ \_\ 
  \/_____/   \/_____/   \/_____/   \/_____/   \/_/   \/_____/   \/_/  \/_/ 
                                                                           
Compiling source code...
Retrieving bytecode for contract 'DosGas'.
Please wait. Scanning bytecode for bugs...
Running Osiris...
Finished running Osiris. Execution time 4.782292127609253 seconds. Code coverage 90.2%.
Running Oyente...
Finished running Oyente. Execution time 1.8475604057312012 seconds. Code coverage 71.5%.
Running Mythril...
Finished running Mythril. Execution time 3.459172010421753 seconds. Code coverage 59.81%.
Detected 1 bug(s):
--> Detected 'overflow' (ADD) bug at program counter address 313 (0x139) using Osiris with a code coverage of 90.2%.
Exporting original control-flow graph...
Recovering control-flow graph...
Recovered 100% of the control-flow graph
Number of execution paths accessing storage: 7
Deployment bytecode size: 42 bytes (original: 42 bytes) 0.0% increase.
Runtime bytecode size: 619 bytes (original: 572 bytes) 8.216783216783217% increase.
Metadata: 0xa165627a7a7230582054d4699a1f89ca74beeb18fa4cb49151ac12779c3485189091e077ad2beb28d10029
Exporting patched control-flow graph...
