 ______     __         __  __     ______     __     __  __     __    __    
/\  ___\   /\ \       /\ \_\ \   /\  ___\   /\ \   /\ \/\ \   /\ "-./  \   
\ \  __\   \ \ \____  \ \____ \  \ \___  \  \ \ \  \ \ \_\ \  \ \ \-./\ \  
 \ \_____\  \ \_____\  \/\_____\  \/\_____\  \ \_\  \ \_____\  \ \_\ \ \_\ 
  \/_____/   \/_____/   \/_____/   \/_____/   \/_/   \/_____/   \/_/  \/_/ 
                                                                           
Compiling source code...
Retrieving bytecode for contract 'WhaleGiveaway2'.
Please wait. Scanning bytecode for bugs...
Running Osiris...
Finished running Osiris. Execution time 16.984814882278442 seconds. Code coverage 99.8%.
Running Oyente...
Finished running Oyente. Execution time 1.0429892539978027 seconds. Code coverage 58.2%.
Running Mythril...
Finished running Mythril. Execution time 26.17332935333252 seconds. Code coverage 65.31%.
Detected 1 bug(s):
--> Detected 'leaking ether' bug at program counter address 518 (0x206) using Mythril with a code coverage of 65.31%.
Exporting original control-flow graph...
Recovering control-flow graph...
Recovered 100% of the control-flow graph
Number of execution paths accessing storage: 7
Runtime bytecode size: 741 bytes (original: 705 bytes) 5.1063829787234045% increase.
Metadata: 0xa165627a7a723058208e012b55378c351ea1c9e338d21cacc903e475428665a5de99419cb376b03b290029
Exporting patched control-flow graph...
