 ______     __         __  __     ______     __     __  __     __    __    
/\  ___\   /\ \       /\ \_\ \   /\  ___\   /\ \   /\ \/\ \   /\ "-./  \   
\ \  __\   \ \ \____  \ \____ \  \ \___  \  \ \ \  \ \ \_\ \  \ \ \-./\ \  
 \ \_____\  \ \_____\  \/\_____\  \/\_____\  \ \_\  \ \_____\  \ \_\ \ \_\ 
  \/_____/   \/_____/   \/_____/   \/_____/   \/_/   \/_____/   \/_/  \/_/ 
                                                                           
Compiling source code...
Retrieving bytecode for contract 'PandaCore'.
Please wait. Scanning bytecode for bugs...
Running Osiris...
Finished running Osiris. Execution time 66.87808537483215 seconds. Code coverage 43.0%.
Running Oyente...
Finished running Oyente. Execution time 8.798378705978394 seconds. Code coverage 45.4%.
Running Mythril...
Finished running Mythril. Execution time 14.20186471939087 seconds. Code coverage 33.41%.
Detected 5 bug(s):
--> Detected 'overflow' (ADD) bug at program counter address 4597 (0x11f5) using Osiris with a code coverage of 43.0%.
--> Detected 'overflow' (ADD) bug at program counter address 7044 (0x1b84) using Osiris with a code coverage of 43.0%.
--> Detected 'overflow' (MUL) bug at program counter address 7045 (0x1b85) using Osiris with a code coverage of 43.0%.
--> Detected 'overflow' (ADD) bug at program counter address 12579 (0x3123) using Osiris with a code coverage of 43.0%.
--> Detected 'overflow' (ADD) bug at program counter address 12648 (0x3168) using Osiris with a code coverage of 43.0%.
Exporting original control-flow graph...
Recovering control-flow graph...
Recovered 100% of the control-flow graph
Number of execution paths accessing storage: 289
Runtime bytecode size: 17032 bytes (original: 16815 bytes) 1.2905144216473385% increase.
Metadata: 0xa165627a7a72305820f7ea4ba0db9d1ea9718690ec03350b3a3e33af553744e386540fc5a9ab50e4dc0029
Exporting patched control-flow graph...
