 ______     __         __  __     ______     __     __  __     __    __    
/\  ___\   /\ \       /\ \_\ \   /\  ___\   /\ \   /\ \/\ \   /\ "-./  \   
\ \  __\   \ \ \____  \ \____ \  \ \___  \  \ \ \  \ \ \_\ \  \ \ \-./\ \  
 \ \_____\  \ \_____\  \/\_____\  \/\_____\  \ \_\  \ \_____\  \ \_\ \ \_\ 
  \/_____/   \/_____/   \/_____/   \/_____/   \/_/   \/_____/   \/_/  \/_/ 
                                                                           
Compiling source code...
Retrieving bytecode for contract 'EtherLotto'.
Please wait. Scanning bytecode for bugs...
Running Osiris...
Finished running Osiris. Execution time 1.7814795970916748 seconds. Code coverage 99.6%.
Running Oyente...
Finished running Oyente. Execution time 1.8032736778259277 seconds. Code coverage 93.9%.
Running Mythril...
Finished running Mythril. Execution time 8.187296152114868 seconds. Code coverage 96.72%.
Detected 2 bug(s):
--> Detected 'overflow' (ADD) bug at program counter address 254 (0xfe) using Osiris with a code coverage of 99.6%.
--> Detected 'overflow' (ADD) bug at program counter address 366 (0x16e) using Osiris with a code coverage of 99.6%.
Exporting original control-flow graph...
Recovering control-flow graph...
Recovered 100% of the control-flow graph
Number of execution paths accessing storage: 6
Deployment bytecode size: 50 bytes (original: 50 bytes) 0.0% increase.
Runtime bytecode size: 509 bytes (original: 415 bytes) 22.65060240963855% increase.
Metadata: 0xa165627a7a7230582090da7c50edab8310e971492d1bfbd5b8d979d7c0330eab577d68fdcd00e0bb450029
Exporting patched control-flow graph...
