[INFO] compiled with solc ver. 0.4.25
[INFO] all funcs : 5
[INFO] reachable : 5

[INFO] Violate CEI: false
[INFO] msg.sender = this possible: false
[STEP] Run analyzer
[STEP] Collect fix targets
    (ETH_LEAK, (Lotto/withdrawLeftOver/[]), 27, msg.sender.send(this.balance);)

[INFO] # of basic patch components : 1
[INFO] extracted components
[
InsertLine (25, assume((winner == msg.sender));)
]
- New best candidate, iter 1, 0.73565196991s : results/unchecked_low_level_calls/lotto/candidates/cand_1/patch.sol
- Solution found, iter 1, 0.73565196991s : results/unchecked_low_level_calls/lotto/candidates/cand_1/patch.sol
[STEP] Enter Repair Loop

========== Statistics ==========
# Iter                    : 2
# Alarm (orginal)         : 1
# Alarm (patch)           : 0
# Alarm wo leak (patch)   : 0
# Edit (min,max)          : 1, 1
# Patch                   : 1
- First solution          : results/unchecked_low_level_calls/lotto/candidates/cand_1/patch.sol
- First solution (iter)   : 1
- First solution (time)   : 0.73565196991
# Uncompiled candidate    : 0
# Verifier error          : 0

========== Patch info ==========
- 1, Size: 1., Edit: 1, Iter: 1, Time: 0.73565196991, results/unchecked_low_level_calls/lotto/candidates/cand_1/patch.sol

Time Elapsed (Real) : 1.67021608353
Time Elapsed (CPU)  : 5.388168
