smartbugs/dataset/access_control/rubixi.sol:83:42: Warning: "throw" is deprecated in favour of "revert()", "require()" and "assert()".
                 if (collectedFees == 0) throw;
                                         ^---^
smartbugs/dataset/access_control/rubixi.sol:93:42: Warning: "throw" is deprecated in favour of "revert()", "require()" and "assert()".
                 if (collectedFees == 0) throw;
                                         ^---^
smartbugs/dataset/access_control/rubixi.sol:100:58: Warning: "throw" is deprecated in favour of "revert()", "require()" and "assert()".
                 if (collectedFees == 0 || _pcent > 100) throw;
                                                         ^---^
smartbugs/dataset/access_control/rubixi.sol:113:50: Warning: "throw" is deprecated in favour of "revert()", "require()" and "assert()".
                 if (_mult > 300 || _mult < 120) throw;
                                                 ^---^
smartbugs/dataset/access_control/rubixi.sol:119:33: Warning: "throw" is deprecated in favour of "revert()", "require()" and "assert()".
                 if (_fee > 10) throw;
                                ^---^
smartbugs/dataset/access_control/rubixi.sol:74:26: Warning: Failure condition of 'send' ignored. Consider using 'transfer' instead.
                         participants[payoutOrder].etherAddress.send(payoutToSend);
                         ^-------------------------------------------------------^
smartbugs/dataset/access_control/rubixi.sol:85:18: Warning: Failure condition of 'send' ignored. Consider using 'transfer' instead.
                 creator.send(collectedFees);
                 ^-------------------------^
smartbugs/dataset/access_control/rubixi.sol:95:18: Warning: Failure condition of 'send' ignored. Consider using 'transfer' instead.
                 creator.send(_amt);
                 ^----------------^
smartbugs/dataset/access_control/rubixi.sol:103:18: Warning: Failure condition of 'send' ignored. Consider using 'transfer' instead.
                 creator.send(feesToCollect);
                 ^-------------------------^
smartbugs/dataset/access_control/rubixi.sol:23:10: Warning: No visibility specified. Defaulting to "public". 
         function DynamicPyramid() {
         ^ (Relevant source part starts here and spans across multiple lines).
smartbugs/dataset/access_control/rubixi.sol:39:10: Warning: No visibility specified. Defaulting to "public". 
         function() {
         ^ (Relevant source part starts here and spans across multiple lines).
smartbugs/dataset/access_control/rubixi.sol:82:10: Warning: No visibility specified. Defaulting to "public". 
         function collectAllFees() onlyowner {
         ^ (Relevant source part starts here and spans across multiple lines).
smartbugs/dataset/access_control/rubixi.sol:89:10: Warning: No visibility specified. Defaulting to "public". 
         function collectFeesInEther(uint _amt) onlyowner {
         ^ (Relevant source part starts here and spans across multiple lines).
smartbugs/dataset/access_control/rubixi.sol:99:10: Warning: No visibility specified. Defaulting to "public". 
         function collectPercentOfFees(uint _pcent) onlyowner {
         ^ (Relevant source part starts here and spans across multiple lines).
smartbugs/dataset/access_control/rubixi.sol:108:10: Warning: No visibility specified. Defaulting to "public". 
         function changeOwner(address _owner) onlyowner {
         ^ (Relevant source part starts here and spans across multiple lines).
smartbugs/dataset/access_control/rubixi.sol:112:10: Warning: No visibility specified. Defaulting to "public". 
         function changeMultiplier(uint _mult) onlyowner {
         ^ (Relevant source part starts here and spans across multiple lines).
smartbugs/dataset/access_control/rubixi.sol:118:10: Warning: No visibility specified. Defaulting to "public". 
         function changeFeePercentage(uint _fee) onlyowner {
         ^ (Relevant source part starts here and spans across multiple lines).
smartbugs/dataset/access_control/rubixi.sol:125:10: Warning: No visibility specified. Defaulting to "public". 
         function currentMultiplier() constant returns(uint multiplier, string info) {
         ^ (Relevant source part starts here and spans across multiple lines).
smartbugs/dataset/access_control/rubixi.sol:130:10: Warning: No visibility specified. Defaulting to "public". 
         function currentFeePercentage() constant returns(uint fee, string info) {
         ^ (Relevant source part starts here and spans across multiple lines).
smartbugs/dataset/access_control/rubixi.sol:135:10: Warning: No visibility specified. Defaulting to "public". 
         function currentPyramidBalanceApproximately() constant returns(uint pyramidBalance, string info) {
         ^ (Relevant source part starts here and spans across multiple lines).
smartbugs/dataset/access_control/rubixi.sol:140:10: Warning: No visibility specified. Defaulting to "public". 
         function nextPayoutWhenPyramidBalanceTotalsApproximately() constant returns(uint balancePayout) {
         ^ (Relevant source part starts here and spans across multiple lines).
smartbugs/dataset/access_control/rubixi.sol:144:10: Warning: No visibility specified. Defaulting to "public". 
         function feesSeperateFromBalanceApproximately() constant returns(uint fees) {
         ^ (Relevant source part starts here and spans across multiple lines).
smartbugs/dataset/access_control/rubixi.sol:148:10: Warning: No visibility specified. Defaulting to "public". 
         function totalParticipants() constant returns(uint count) {
         ^ (Relevant source part starts here and spans across multiple lines).
smartbugs/dataset/access_control/rubixi.sol:152:10: Warning: No visibility specified. Defaulting to "public". 
         function numberOfParticipantsWaitingForPayout() constant returns(uint count) {
         ^ (Relevant source part starts here and spans across multiple lines).
smartbugs/dataset/access_control/rubixi.sol:156:10: Warning: No visibility specified. Defaulting to "public". 
         function participantDetails(uint orderInPyramid) constant returns(address Address, uint Payout) {
         ^ (Relevant source part starts here and spans across multiple lines).
