Getting Slither report...
Switched global version to 0.4.26



'solc --version' running
'solc ../smartbugs-curated/dataset/access_control/parity_wallet_bug_2.sol --combined-json abi,ast,bin,bin-runtime,srcmap,srcmap-runtime,userdoc,devdoc,hashes,compact-format --allow-paths .,/home/mokita/sc_study/temp/smartbugs-curated/dataset/access_control' running
Compilation warnings/errors on ../smartbugs-curated/dataset/access_control/parity_wallet_bug_2.sol:
../smartbugs-curated/dataset/access_control/parity_wallet_bug_2.sol:130:5: Warning: Use of the "var" keyword is deprecated.
    var pending = m_pending[_operation];
    ^---------^
../smartbugs-curated/dataset/access_control/parity_wallet_bug_2.sol:194:5: Warning: Use of the "var" keyword is deprecated.
    var pending = m_pending[_operation];
    ^---------^
../smartbugs-curated/dataset/access_control/parity_wallet_bug_2.sol:220:54: Warning: "throw" is deprecated in favour of "revert()", "require()" and "assert()".
  modifier only_uninitialized { if (m_numOwners > 0) throw; _; }
                                                     ^---^
../smartbugs-curated/dataset/access_control/parity_wallet_bug_2.sol:249:11: Warning: "throw" is deprecated in favour of "revert()", "require()" and "assert()".
          throw;
          ^---^
../smartbugs-curated/dataset/access_control/parity_wallet_bug_2.sol:285:11: Warning: "throw" is deprecated in favour of "revert()", "require()" and "assert()".
          throw;
          ^---^
../smartbugs-curated/dataset/access_control/parity_wallet_bug_2.sol:302:5: Warning: Use of the "var" keyword is deprecated.
    var pending = m_pending[_operation];
    ^---------^
../smartbugs-curated/dataset/access_control/parity_wallet_bug_2.sol:19:1: Warning: Source file does not specify required compiler version!Consider adding "pragma solidity ^0.4.26;"
contract WalletEvents {
^ (Relevant source part starts here and spans across multiple lines).
../smartbugs-curated/dataset/access_control/parity_wallet_bug_2.sol:107:7: Warning: Invoking events without "emit" prefix is deprecated.
      Deposit(msg.sender, msg.value);
      ^----------------------------^
../smartbugs-curated/dataset/access_control/parity_wallet_bug_2.sol:134:7: Warning: Invoking events without "emit" prefix is deprecated.
      Revoke(msg.sender, _operation);
      ^----------------------------^
../smartbugs-curated/dataset/access_control/parity_wallet_bug_2.sol:139:67: Warning: "sha3" has been deprecated in favour of "keccak256"
  function changeOwner(address _from, address _to) onlymanyowners(sha3(msg.data)) external {
                                                                  ^------------^
../smartbugs-curated/dataset/access_control/parity_wallet_bug_2.sol:148:5: Warning: Invoking events without "emit" prefix is deprecated.
    OwnerChanged(_from, _to);
    ^----------------------^
../smartbugs-curated/dataset/access_control/parity_wallet_bug_2.sol:151:52: Warning: "sha3" has been deprecated in favour of "keccak256"
  function addOwner(address _owner) onlymanyowners(sha3(msg.data)) external {
                                                   ^------------^
../smartbugs-curated/dataset/access_control/parity_wallet_bug_2.sol:162:5: Warning: Invoking events without "emit" prefix is deprecated.
    OwnerAdded(_owner);
    ^----------------^
../smartbugs-curated/dataset/access_control/parity_wallet_bug_2.sol:165:55: Warning: "sha3" has been deprecated in favour of "keccak256"
  function removeOwner(address _owner) onlymanyowners(sha3(msg.data)) external {
                                                      ^------------^
../smartbugs-curated/dataset/access_control/parity_wallet_bug_2.sol:174:5: Warning: Invoking events without "emit" prefix is deprecated.
    OwnerRemoved(_owner);
    ^------------------^
../smartbugs-curated/dataset/access_control/parity_wallet_bug_2.sol:177:64: Warning: "sha3" has been deprecated in favour of "keccak256"
  function changeRequirement(uint _newRequired) onlymanyowners(sha3(msg.data)) external {
                                                               ^------------^
../smartbugs-curated/dataset/access_control/parity_wallet_bug_2.sol:181:5: Warning: Invoking events without "emit" prefix is deprecated.
    RequirementChanged(_newRequired);
    ^------------------------------^
../smartbugs-curated/dataset/access_control/parity_wallet_bug_2.sol:211:57: Warning: "sha3" has been deprecated in favour of "keccak256"
  function setDailyLimit(uint _newLimit) onlymanyowners(sha3(msg.data)) external {
                                                        ^------------^
../smartbugs-curated/dataset/access_control/parity_wallet_bug_2.sol:215:45: Warning: "sha3" has been deprecated in favour of "keccak256"
  function resetSpentToday() onlymanyowners(sha3(msg.data)) external {
                                            ^------------^
../smartbugs-curated/dataset/access_control/parity_wallet_bug_2.sol:232:45: Warning: "sha3" has been deprecated in favour of "keccak256"
  function kill(address _to) onlymanyowners(sha3(msg.data)) external {
                                            ^------------^
../smartbugs-curated/dataset/access_control/parity_wallet_bug_2.sol:233:5: Warning: "suicide" has been deprecated in favour of "selfdestruct"
    suicide(_to);
    ^----------^
../smartbugs-curated/dataset/access_control/parity_wallet_bug_2.sol:251:7: Warning: Invoking events without "emit" prefix is deprecated.
      SingleTransact(msg.sender, _value, _to, _data, created);
      ^-----------------------------------------------------^
../smartbugs-curated/dataset/access_control/parity_wallet_bug_2.sol:254:16: Warning: "sha3" has been deprecated in favour of "keccak256"
      o_hash = sha3(msg.data, block.number);
               ^--------------------------^
../smartbugs-curated/dataset/access_control/parity_wallet_bug_2.sol:254:16: Warning: This function only accepts a single "bytes" argument. Please use "abi.encodePacked(...)" or a similar function to encode the data.
      o_hash = sha3(msg.data, block.number);
               ^--------------------------^
../smartbugs-curated/dataset/access_control/parity_wallet_bug_2.sol:262:9: Warning: Invoking events without "emit" prefix is deprecated.
        ConfirmationNeeded(o_hash, msg.sender, _value, _to, _data);
        ^--------------------------------------------------------^
../smartbugs-curated/dataset/access_control/parity_wallet_bug_2.sol:288:7: Warning: Invoking events without "emit" prefix is deprecated.
      MultiTransact(msg.sender, _h, m_txs[_h].value, m_txs[_h].to, m_txs[_h].data, created);
      ^-----------------------------------------------------------------------------------^
../smartbugs-curated/dataset/access_control/parity_wallet_bug_2.sol:316:7: Warning: Invoking events without "emit" prefix is deprecated.
      Confirmation(msg.sender, _operation);
      ^----------------------------------^
../smartbugs-curated/dataset/access_control/parity_wallet_bug_2.sol:382:37: Warning: This looks like an address but has an invalid checksum. If this is not used as an address, please prepend '00'. Correct checksummed address: '0xCAfEcAfeCAfECaFeCaFecaFecaFECafECafeCaFe'. For more information please see https://solidity.readthedocs.io/en/develop/types.html#address-literals
  address constant _walletLibrary = 0xcafecafecafecafecafecafecafecafecafecafe;
                                    ^----------------------------------------^
../smartbugs-curated/dataset/access_control/parity_wallet_bug_2.sol:58:3: Warning: No visibility specified. Defaulting to "public". 
  function isOwner(address _addr) constant returns (bool);
  ^------------------------------------------------------^
../smartbugs-curated/dataset/access_control/parity_wallet_bug_2.sol:66:3: Warning: No visibility specified. Defaulting to "public". 
  function confirm(bytes32 _h) returns (bool o_success);
  ^----------------------------------------------------^
../smartbugs-curated/dataset/access_control/parity_wallet_bug_2.sol:104:3: Warning: No visibility specified. Defaulting to "public". 
  function() payable {
  ^ (Relevant source part starts here and spans across multiple lines).
../smartbugs-curated/dataset/access_control/parity_wallet_bug_2.sol:112:3: Warning: No visibility specified. Defaulting to "public". 
  function initMultiowned(address[] _owners, uint _required) only_uninitialized {
  ^ (Relevant source part starts here and spans across multiple lines).
../smartbugs-curated/dataset/access_control/parity_wallet_bug_2.sol:189:3: Warning: No visibility specified. Defaulting to "public". 
  function isOwner(address _addr) constant returns (bool) {
  ^ (Relevant source part starts here and spans across multiple lines).
../smartbugs-curated/dataset/access_control/parity_wallet_bug_2.sol:206:3: Warning: No visibility specified. Defaulting to "public". 
  function initDaylimit(uint _limit) only_uninitialized {
  ^ (Relevant source part starts here and spans across multiple lines).
../smartbugs-curated/dataset/access_control/parity_wallet_bug_2.sol:225:3: Warning: No visibility specified. Defaulting to "public". 
  function initWallet(address[] _owners, uint _required, uint _daylimit) only_uninitialized {
  ^ (Relevant source part starts here and spans across multiple lines).
../smartbugs-curated/dataset/access_control/parity_wallet_bug_2.sol:267:19: Warning: Unused function parameter. Remove or comment out the variable name to silence this warning.
  function create(uint _value, bytes _code) internal returns (address o_addr) {
                  ^---------^
../smartbugs-curated/dataset/access_control/parity_wallet_bug_2.sol:267:32: Warning: Unused function parameter. Remove or comment out the variable name to silence this warning.
  function create(uint _value, bytes _code) internal returns (address o_addr) {
                               ^---------^
../smartbugs-curated/dataset/access_control/parity_wallet_bug_2.sol:267:63: Warning: Unused function parameter. Remove or comment out the variable name to silence this warning.
  function create(uint _value, bytes _code) internal returns (address o_addr) {
                                                              ^------------^
../smartbugs-curated/dataset/access_control/parity_wallet_bug_2.sol:278:3: Warning: No visibility specified. Defaulting to "public". 
  function confirm(bytes32 _h) onlymanyowners(_h) returns (bool o_success) {
  ^ (Relevant source part starts here and spans across multiple lines).
../smartbugs-curated/dataset/access_control/parity_wallet_bug_2.sol:267:3: Warning: Function state mutability can be restricted to pure
  function create(uint _value, bytes _code) internal returns (address o_addr) {
  ^ (Relevant source part starts here and spans across multiple lines).


Reentrancy in WalletLibrary.confirm(bytes32) (../smartbugs-curated/dataset/access_control/parity_wallet_bug_2.sol#278-292):
	External calls:
	- ! m_txs[_h].to.call.value(m_txs[_h].value)(m_txs[_h].data) (../smartbugs-curated/dataset/access_control/parity_wallet_bug_2.sol#284)
	State variables written after the call(s):
	- delete m_txs[_h] (../smartbugs-curated/dataset/access_control/parity_wallet_bug_2.sol#289)
	WalletLibrary.m_txs (../smartbugs-curated/dataset/access_control/parity_wallet_bug_2.sol#404) can be used in cross function reentrancies:
	- WalletLibrary.clearPending() (../smartbugs-curated/dataset/access_control/parity_wallet_bug_2.sol#368-379)
	- WalletLibrary.confirm(bytes32) (../smartbugs-curated/dataset/access_control/parity_wallet_bug_2.sol#278-292)
	- WalletLibrary.execute(address,uint256,bytes) (../smartbugs-curated/dataset/access_control/parity_wallet_bug_2.sol#240-265)
Reference: https://github.com/crytic/slither/wiki/Detector-Documentation#reentrancy-vulnerabilities

WalletLibrary.kill(address) (../smartbugs-curated/dataset/access_control/parity_wallet_bug_2.sol#232-234) allows anyone to destruct the contract
Reference: https://github.com/crytic/slither/wiki/Detector-Documentation#suicidal

WalletLibrary.execute(address,uint256,bytes).created (../smartbugs-curated/dataset/access_control/parity_wallet_bug_2.sol#244) is a local variable never initialized
WalletLibrary.confirm(bytes32).created (../smartbugs-curated/dataset/access_control/parity_wallet_bug_2.sol#280) is a local variable never initialized
Reference: https://github.com/crytic/slither/wiki/Detector-Documentation#uninitialized-local-variables

Modifier WalletLibrary.onlyowner() (../smartbugs-curated/dataset/access_control/parity_wallet_bug_2.sol#89-92) does not always execute _; or revert
Modifier WalletLibrary.onlymanyowners(bytes32) (../smartbugs-curated/dataset/access_control/parity_wallet_bug_2.sol#96-99) does not always execute _; or revert
Reference: https://github.com/crytic/slither/wiki/Detector-Documentation#incorrect-modifier

Reentrancy in WalletLibrary.confirm(bytes32) (../smartbugs-curated/dataset/access_control/parity_wallet_bug_2.sol#278-292):
	External calls:
	- ! m_txs[_h].to.call.value(m_txs[_h].value)(m_txs[_h].data) (../smartbugs-curated/dataset/access_control/parity_wallet_bug_2.sol#284)
	Event emitted after the call(s):
	- MultiTransact(msg.sender,_h,m_txs[_h].value,m_txs[_h].to,m_txs[_h].data,created) (../smartbugs-curated/dataset/access_control/parity_wallet_bug_2.sol#288)
Reentrancy in WalletLibrary.execute(address,uint256,bytes) (../smartbugs-curated/dataset/access_control/parity_wallet_bug_2.sol#240-265):
	External calls:
	- ! _to.call.value(_value)(_data) (../smartbugs-curated/dataset/access_control/parity_wallet_bug_2.sol#248)
	Event emitted after the call(s):
	- SingleTransact(msg.sender,_value,_to,_data,created) (../smartbugs-curated/dataset/access_control/parity_wallet_bug_2.sol#251)
Reference: https://github.com/crytic/slither/wiki/Detector-Documentation#reentrancy-vulnerabilities-3

WalletLibrary.underLimit(uint256) (../smartbugs-curated/dataset/access_control/parity_wallet_bug_2.sol#350-363) uses timestamp for comparisons
	Dangerous comparisons:
	- today() > m_lastDay (../smartbugs-curated/dataset/access_control/parity_wallet_bug_2.sol#352)
Reference: https://github.com/crytic/slither/wiki/Detector-Documentation#block-timestamp

Deprecated standard detected onlymanyowners(sha3()(msg.data)) (../smartbugs-curated/dataset/access_control/parity_wallet_bug_2.sol#139):
	- Usage of "sha3()" should be replaced with "keccak256()"
Deprecated standard detected onlymanyowners(sha3()(msg.data)) (../smartbugs-curated/dataset/access_control/parity_wallet_bug_2.sol#151):
	- Usage of "sha3()" should be replaced with "keccak256()"
Deprecated standard detected onlymanyowners(sha3()(msg.data)) (../smartbugs-curated/dataset/access_control/parity_wallet_bug_2.sol#165):
	- Usage of "sha3()" should be replaced with "keccak256()"
Deprecated standard detected onlymanyowners(sha3()(msg.data)) (../smartbugs-curated/dataset/access_control/parity_wallet_bug_2.sol#177):
	- Usage of "sha3()" should be replaced with "keccak256()"
Deprecated standard detected onlymanyowners(sha3()(msg.data)) (../smartbugs-curated/dataset/access_control/parity_wallet_bug_2.sol#211):
	- Usage of "sha3()" should be replaced with "keccak256()"
Deprecated standard detected onlymanyowners(sha3()(msg.data)) (../smartbugs-curated/dataset/access_control/parity_wallet_bug_2.sol#215):
	- Usage of "sha3()" should be replaced with "keccak256()"
Deprecated standard detected suicide(address)(_to) (../smartbugs-curated/dataset/access_control/parity_wallet_bug_2.sol#233):
	- Usage of "suicide()" should be replaced with "selfdestruct()"
Deprecated standard detected onlymanyowners(sha3()(msg.data)) (../smartbugs-curated/dataset/access_control/parity_wallet_bug_2.sol#232):
	- Usage of "sha3()" should be replaced with "keccak256()"
Deprecated standard detected THROW (../smartbugs-curated/dataset/access_control/parity_wallet_bug_2.sol#249):
	- Usage of "throw" should be replaced with "revert()"
Deprecated standard detected o_hash = sha3()(msg.data,block.number) (../smartbugs-curated/dataset/access_control/parity_wallet_bug_2.sol#254):
	- Usage of "sha3()" should be replaced with "keccak256()"
Deprecated standard detected THROW (../smartbugs-curated/dataset/access_control/parity_wallet_bug_2.sol#285):
	- Usage of "throw" should be replaced with "revert()"
Deprecated standard detected THROW (../smartbugs-curated/dataset/access_control/parity_wallet_bug_2.sol#220):
	- Usage of "throw" should be replaced with "revert()"
Reference: https://github.com/crytic/slither/wiki/Detector-Documentation#deprecated-standards

solc-0.4.26 is an outdated solc version. Use a more recent version (at least 0.8.0), if possible.
Reference: https://github.com/crytic/slither/wiki/Detector-Documentation#incorrect-versions-of-solidity

Low level call in WalletLibrary.execute(address,uint256,bytes) (../smartbugs-curated/dataset/access_control/parity_wallet_bug_2.sol#240-265):
	- ! _to.call.value(_value)(_data) (../smartbugs-curated/dataset/access_control/parity_wallet_bug_2.sol#248)
Low level call in WalletLibrary.confirm(bytes32) (../smartbugs-curated/dataset/access_control/parity_wallet_bug_2.sol#278-292):
	- ! m_txs[_h].to.call.value(m_txs[_h].value)(m_txs[_h].data) (../smartbugs-curated/dataset/access_control/parity_wallet_bug_2.sol#284)
Reference: https://github.com/crytic/slither/wiki/Detector-Documentation#low-level-calls

WalletLibrary (../smartbugs-curated/dataset/access_control/parity_wallet_bug_2.sol#69-405) should inherit from WalletAbi (../smartbugs-curated/dataset/access_control/parity_wallet_bug_2.sol#45-67)
Reference: https://github.com/crytic/slither/wiki/Detector-Documentation#missing-inheritance

Parameter WalletLibrary.initMultiowned(address[],uint256)._owners (../smartbugs-curated/dataset/access_control/parity_wallet_bug_2.sol#112) is not in mixedCase
Parameter WalletLibrary.initMultiowned(address[],uint256)._required (../smartbugs-curated/dataset/access_control/parity_wallet_bug_2.sol#112) is not in mixedCase
Parameter WalletLibrary.revoke(bytes32)._operation (../smartbugs-curated/dataset/access_control/parity_wallet_bug_2.sol#125) is not in mixedCase
Parameter WalletLibrary.changeOwner(address,address)._from (../smartbugs-curated/dataset/access_control/parity_wallet_bug_2.sol#139) is not in mixedCase
Parameter WalletLibrary.changeOwner(address,address)._to (../smartbugs-curated/dataset/access_control/parity_wallet_bug_2.sol#139) is not in mixedCase
Parameter WalletLibrary.addOwner(address)._owner (../smartbugs-curated/dataset/access_control/parity_wallet_bug_2.sol#151) is not in mixedCase
Parameter WalletLibrary.removeOwner(address)._owner (../smartbugs-curated/dataset/access_control/parity_wallet_bug_2.sol#165) is not in mixedCase
Parameter WalletLibrary.changeRequirement(uint256)._newRequired (../smartbugs-curated/dataset/access_control/parity_wallet_bug_2.sol#177) is not in mixedCase
Parameter WalletLibrary.isOwner(address)._addr (../smartbugs-curated/dataset/access_control/parity_wallet_bug_2.sol#189) is not in mixedCase
Parameter WalletLibrary.hasConfirmed(bytes32,address)._operation (../smartbugs-curated/dataset/access_control/parity_wallet_bug_2.sol#193) is not in mixedCase
Parameter WalletLibrary.hasConfirmed(bytes32,address)._owner (../smartbugs-curated/dataset/access_control/parity_wallet_bug_2.sol#193) is not in mixedCase
Parameter WalletLibrary.initDaylimit(uint256)._limit (../smartbugs-curated/dataset/access_control/parity_wallet_bug_2.sol#206) is not in mixedCase
Parameter WalletLibrary.setDailyLimit(uint256)._newLimit (../smartbugs-curated/dataset/access_control/parity_wallet_bug_2.sol#211) is not in mixedCase
Parameter WalletLibrary.initWallet(address[],uint256,uint256)._owners (../smartbugs-curated/dataset/access_control/parity_wallet_bug_2.sol#225) is not in mixedCase
Parameter WalletLibrary.initWallet(address[],uint256,uint256)._required (../smartbugs-curated/dataset/access_control/parity_wallet_bug_2.sol#225) is not in mixedCase
Parameter WalletLibrary.initWallet(address[],uint256,uint256)._daylimit (../smartbugs-curated/dataset/access_control/parity_wallet_bug_2.sol#225) is not in mixedCase
Parameter WalletLibrary.kill(address)._to (../smartbugs-curated/dataset/access_control/parity_wallet_bug_2.sol#232) is not in mixedCase
Parameter WalletLibrary.execute(address,uint256,bytes)._to (../smartbugs-curated/dataset/access_control/parity_wallet_bug_2.sol#240) is not in mixedCase
Parameter WalletLibrary.execute(address,uint256,bytes)._value (../smartbugs-curated/dataset/access_control/parity_wallet_bug_2.sol#240) is not in mixedCase
Parameter WalletLibrary.execute(address,uint256,bytes)._data (../smartbugs-curated/dataset/access_control/parity_wallet_bug_2.sol#240) is not in mixedCase
Parameter WalletLibrary.confirm(bytes32)._h (../smartbugs-curated/dataset/access_control/parity_wallet_bug_2.sol#278) is not in mixedCase
Parameter WalletLibrary.confirmAndCheck(bytes32)._operation (../smartbugs-curated/dataset/access_control/parity_wallet_bug_2.sol#296) is not in mixedCase
Parameter WalletLibrary.underLimit(uint256)._value (../smartbugs-curated/dataset/access_control/parity_wallet_bug_2.sol#350) is not in mixedCase
Constant WalletLibrary._walletLibrary (../smartbugs-curated/dataset/access_control/parity_wallet_bug_2.sol#382) is not in UPPER_CASE_WITH_UNDERSCORES
Variable WalletLibrary.m_required (../smartbugs-curated/dataset/access_control/parity_wallet_bug_2.sol#385) is not in mixedCase
Variable WalletLibrary.m_numOwners (../smartbugs-curated/dataset/access_control/parity_wallet_bug_2.sol#387) is not in mixedCase
Variable WalletLibrary.m_dailyLimit (../smartbugs-curated/dataset/access_control/parity_wallet_bug_2.sol#389) is not in mixedCase
Variable WalletLibrary.m_spentToday (../smartbugs-curated/dataset/access_control/parity_wallet_bug_2.sol#390) is not in mixedCase
Variable WalletLibrary.m_lastDay (../smartbugs-curated/dataset/access_control/parity_wallet_bug_2.sol#391) is not in mixedCase
Variable WalletLibrary.m_owners (../smartbugs-curated/dataset/access_control/parity_wallet_bug_2.sol#394) is not in mixedCase
Constant WalletLibrary.c_maxOwners (../smartbugs-curated/dataset/access_control/parity_wallet_bug_2.sol#396) is not in UPPER_CASE_WITH_UNDERSCORES
Variable WalletLibrary.m_ownerIndex (../smartbugs-curated/dataset/access_control/parity_wallet_bug_2.sol#398) is not in mixedCase
Variable WalletLibrary.m_pending (../smartbugs-curated/dataset/access_control/parity_wallet_bug_2.sol#400) is not in mixedCase
Variable WalletLibrary.m_pendingIndex (../smartbugs-curated/dataset/access_control/parity_wallet_bug_2.sol#401) is not in mixedCase
Variable WalletLibrary.m_txs (../smartbugs-curated/dataset/access_control/parity_wallet_bug_2.sol#404) is not in mixedCase
Modifier WalletLibrary.only_uninitialized() (../smartbugs-curated/dataset/access_control/parity_wallet_bug_2.sol#220) is not in mixedCase
Reference: https://github.com/crytic/slither/wiki/Detector-Documentation#conformance-to-solidity-naming-conventions

WalletLibrary._walletLibrary (../smartbugs-curated/dataset/access_control/parity_wallet_bug_2.sol#382) is never used in WalletLibrary (../smartbugs-curated/dataset/access_control/parity_wallet_bug_2.sol#69-405)
Reference: https://github.com/crytic/slither/wiki/Detector-Documentation#unused-state-variable

initWallet(address[],uint256,uint256) should be declared external:
	- WalletLibrary.initWallet(address[],uint256,uint256) (../smartbugs-curated/dataset/access_control/parity_wallet_bug_2.sol#225-228)
Reference: https://github.com/crytic/slither/wiki/Detector-Documentation#public-function-that-could-be-declared-external
../smartbugs-curated/dataset/access_control/parity_wallet_bug_2.sol analyzed (3 contracts with 95 detectors), 63 result(s) found

Error running slither
parity_wallet_bug_2.sol
Getting Solidity AST...
Running TIPS...
parity_wallet_bug_2.sol
0.05739712715148926


