 ______     __         __  __     ______     __     __  __     __    __    
/\  ___\   /\ \       /\ \_\ \   /\  ___\   /\ \   /\ \/\ \   /\ "-./  \   
\ \  __\   \ \ \____  \ \____ \  \ \___  \  \ \ \  \ \ \_\ \  \ \ \-./\ \  
 \ \_____\  \ \_____\  \/\_____\  \/\_____\  \ \_\  \ \_____\  \ \_\ \ \_\ 
  \/_____/   \/_____/   \/_____/   \/_____/   \/_/   \/_____/   \/_/  \/_/ 
                                                                           
Compiling source code...
Retrieving bytecode for contract 'EtherLotto'.
Please wait. Scanning bytecode for bugs...
Running Osiris...
Finished running Osiris. Execution time 0.962287425994873 seconds. Code coverage 99.6%.
Running Oyente...
Finished running Oyente. Execution time 0.8364663124084473 seconds. Code coverage 93.9%.
Running Mythril...
Finished running Mythril. Execution time 5.0385003089904785 seconds. Code coverage 96.72%.
Detected 2 bug(s):
--> Detected 'overflow' (ADD) bug at program counter address 254 (0xfe) using Osiris with a code coverage of 99.6%.
--> Detected 'overflow' (ADD) bug at program counter address 366 (0x16e) using Osiris with a code coverage of 99.6%.
Exporting original control-flow graph...
Recovering control-flow graph...
Recovered 100% of the control-flow graph
Number of execution paths accessing storage: 6
Runtime bytecode size: 509 bytes (original: 415 bytes) 22.65060240963855% increase.
Metadata: 0xa165627a7a72305820865220b2e1763bd04e7d512463671289e37f6a03e7df025d137e1eecb878ad0a0029
Exporting patched control-flow graph...
