Getting Slither report...
Switched global version to 0.4.26



'solc --version' running
'solc ../smartbugs-curated/dataset/arithmetic/token.sol --combined-json abi,ast,bin,bin-runtime,srcmap,srcmap-runtime,userdoc,devdoc,hashes,compact-format --allow-paths .,/home/mokita/sc_study/temp/smartbugs-curated/dataset/arithmetic' running
Compilation warnings/errors on ../smartbugs-curated/dataset/arithmetic/token.sol:
../smartbugs-curated/dataset/arithmetic/token.sol:13:4: Warning: Defining constructors as functions with the same name as the contract is deprecated. Use "constructor(...) { ... }" instead.
   function Token(uint _initialSupply) {
   ^ (Relevant source part starts here and spans across multiple lines).
../smartbugs-curated/dataset/arithmetic/token.sol:8:2: Warning: Source file does not specify required compiler version!Consider adding "pragma solidity ^0.4.26;"
 contract Token {
 ^ (Relevant source part starts here and spans across multiple lines).
../smartbugs-curated/dataset/arithmetic/token.sol:13:4: Warning: No visibility specified. Defaulting to "public". 
   function Token(uint _initialSupply) {
   ^ (Relevant source part starts here and spans across multiple lines).


Token.transfer(address,uint256) (../smartbugs-curated/dataset/arithmetic/token.sol#17-24) contains a tautology or contradiction:
	- require(bool)(balances[msg.sender] - _value >= 0) (../smartbugs-curated/dataset/arithmetic/token.sol#19)
Reference: https://github.com/crytic/slither/wiki/Detector-Documentation#tautology-or-contradiction

solc-0.4.26 is an outdated solc version. Use a more recent version (at least 0.8.0), if possible.
Reference: https://github.com/crytic/slither/wiki/Detector-Documentation#incorrect-versions-of-solidity

Parameter Token.transfer(address,uint256)._to (../smartbugs-curated/dataset/arithmetic/token.sol#17) is not in mixedCase
Parameter Token.transfer(address,uint256)._value (../smartbugs-curated/dataset/arithmetic/token.sol#17) is not in mixedCase
Parameter Token.balanceOf(address)._owner (../smartbugs-curated/dataset/arithmetic/token.sol#26) is not in mixedCase
Reference: https://github.com/crytic/slither/wiki/Detector-Documentation#conformance-to-solidity-naming-conventions
../smartbugs-curated/dataset/arithmetic/token.sol analyzed (1 contracts with 95 detectors), 5 result(s) found

Error running slither
token.sol
Getting Solidity AST...
Running TIPS...
token.sol
0.0012843608856201172


