mythril.mythril.mythril_config [INFO]: Creating mythril data directory 
mythril.mythril.mythril_config [INFO]: No config file found. Creating default: /root/.mythril/config.ini 
mythril.mythril.mythril_config [INFO]: Infura key not provided, so onchain access is disabled. Use --infura-id <INFURA_ID> or set it in the environment variable INFURA_ID or in the ~/.mythril/config.ini file 
mythril.support.signatures [INFO]: Using signature database at /root/.mythril/signatures.db
mythril.laser.ethereum.svm [INFO]: LASER EVM initialized with dynamic loader: <mythril.support.loader.DynLoader object at 0x754dc7d851c0>
mythril.laser.ethereum.strategy.extensions.bounded_loops [INFO]: Loaded search strategy extension: Loop bounds (limit = 3)
mythril.laser.plugin.loader [INFO]: Loading laser plugin: coverage
mythril.laser.plugin.loader [INFO]: Loading laser plugin: mutation-pruner
mythril.laser.plugin.loader [INFO]: Loading laser plugin: call-depth-limit
mythril.laser.plugin.loader [INFO]: Loading laser plugin: instruction-profiler
mythril.laser.plugin.loader [INFO]: Loading laser plugin: dependency-pruner
mythril.laser.plugin.loader [INFO]: Instrumenting symbolic vm with plugin: coverage
mythril.laser.plugin.loader [INFO]: Instrumenting symbolic vm with plugin: mutation-pruner
mythril.laser.plugin.loader [INFO]: Instrumenting symbolic vm with plugin: call-depth-limit
mythril.laser.plugin.loader [INFO]: Instrumenting symbolic vm with plugin: instruction-profiler
mythril.laser.plugin.loader [INFO]: Instrumenting symbolic vm with plugin: dependency-pruner
mythril.laser.ethereum.svm [DEBUG]: Starting LASER execution
mythril.laser.ethereum.svm [INFO]: Starting message call transaction to 0
mythril.laser.ethereum.svm [INFO]: Starting message call transaction, iteration: 0, 1 initial states
mythril.laser.ethereum.instructions [DEBUG]: Evaluating PUSH1 at 0
mythril.laser.ethereum.instructions [DEBUG]: Evaluating PUSH1 at 1
mythril.laser.ethereum.instructions [DEBUG]: Evaluating MSTORE at 2
mythril.laser.ethereum.instructions [DEBUG]: Evaluating PUSH1 at 3
mythril.laser.ethereum.instructions [DEBUG]: Evaluating CALLDATASIZE at 4
mythril.laser.ethereum.instructions [DEBUG]: Evaluating LT at 5
mythril.laser.ethereum.instructions [DEBUG]: Evaluating PUSH1 at 6
mythril.analysis.module.base [DEBUG]: Entering analysis module: TxOrigin
mythril.analysis.module.base [DEBUG]: Exiting analysis module: TxOrigin
mythril.analysis.module.base [DEBUG]: Entering analysis module: IntegerArithmetics
mythril.analysis.module.base [DEBUG]: Exiting analysis module: IntegerArithmetics
mythril.laser.ethereum.instructions [DEBUG]: Evaluating JUMPI at 7
mythril.laser.ethereum.instructions [DEBUG]: Evaluating PUSH4 at 8
mythril.laser.ethereum.instructions [DEBUG]: Evaluating JUMPDEST at 24
mythril.laser.ethereum.instructions [DEBUG]: Evaluating PUSH29 at 9
mythril.laser.ethereum.instructions [DEBUG]: Evaluating PUSH1 at 25
mythril.laser.ethereum.instructions [DEBUG]: Evaluating PUSH1 at 10
mythril.laser.ethereum.instructions [DEBUG]: Evaluating DUP1 at 26
mythril.laser.ethereum.instructions [DEBUG]: Evaluating CALLDATALOAD at 11
mythril.laser.ethereum.instructions [DEBUG]: Evaluating REVERT at 27
mythril.laser.ethereum.svm [DEBUG]: Ending transaction MessageCallTransaction 1 from sender_1 to                                        0x0.
mythril.laser.ethereum.instructions [DEBUG]: Evaluating DIV at 12
mythril.laser.ethereum.instructions [DEBUG]: Evaluating AND at 13
mythril.laser.ethereum.instructions [DEBUG]: Evaluating PUSH4 at 14
mythril.laser.ethereum.instructions [DEBUG]: Evaluating DUP2 at 15
mythril.laser.ethereum.instructions [DEBUG]: Evaluating EQ at 16
mythril.laser.ethereum.instructions [DEBUG]: Evaluating PUSH1 at 17
mythril.analysis.module.base [DEBUG]: Entering analysis module: TxOrigin
mythril.analysis.module.base [DEBUG]: Exiting analysis module: TxOrigin
mythril.analysis.module.base [DEBUG]: Entering analysis module: IntegerArithmetics
mythril.analysis.module.base [DEBUG]: Exiting analysis module: IntegerArithmetics
mythril.laser.ethereum.instructions [DEBUG]: Evaluating JUMPI at 18
mythril.laser.ethereum.instructions [DEBUG]: Evaluating DUP1 at 19
mythril.laser.ethereum.instructions [DEBUG]: Evaluating JUMPDEST at 28
mythril.laser.ethereum.instructions [DEBUG]: Evaluating PUSH4 at 20
mythril.laser.ethereum.instructions [DEBUG]: Evaluating CALLVALUE at 29
mythril.laser.ethereum.instructions [DEBUG]: Evaluating EQ at 21
mythril.laser.ethereum.instructions [DEBUG]: Evaluating DUP1 at 30
mythril.laser.ethereum.instructions [DEBUG]: Evaluating PUSH1 at 22
mythril.laser.ethereum.instructions [DEBUG]: Evaluating ISZERO at 31
mythril.analysis.module.base [DEBUG]: Entering analysis module: TxOrigin
mythril.analysis.module.base [DEBUG]: Exiting analysis module: TxOrigin
mythril.analysis.module.base [DEBUG]: Entering analysis module: IntegerArithmetics
mythril.analysis.module.base [DEBUG]: Exiting analysis module: IntegerArithmetics
mythril.laser.ethereum.instructions [DEBUG]: Evaluating JUMPI at 23
mythril.laser.ethereum.svm [DEBUG]: - Entering function MAIN:unknown
mythril.laser.ethereum.instructions [DEBUG]: Evaluating PUSH1 at 32
mythril.laser.ethereum.instructions [DEBUG]: Evaluating JUMPDEST at 24
mythril.laser.ethereum.instructions [DEBUG]: Evaluating JUMPDEST at 44
mythril.analysis.module.base [DEBUG]: Entering analysis module: TxOrigin
mythril.analysis.module.base [DEBUG]: Exiting analysis module: TxOrigin
mythril.analysis.module.base [DEBUG]: Entering analysis module: IntegerArithmetics
mythril.analysis.module.base [DEBUG]: Exiting analysis module: IntegerArithmetics
mythril.laser.ethereum.instructions [DEBUG]: Evaluating JUMPI at 33
mythril.laser.ethereum.instructions [DEBUG]: Evaluating PUSH1 at 25
mythril.laser.ethereum.instructions [DEBUG]: Evaluating PUSH1 at 45
mythril.laser.ethereum.instructions [DEBUG]: Evaluating PUSH1 at 34
mythril.laser.ethereum.instructions [DEBUG]: Evaluating JUMPDEST at 37
mythril.laser.ethereum.instructions [DEBUG]: Evaluating DUP1 at 26
mythril.laser.ethereum.instructions [DEBUG]: Evaluating PUSH1 at 46
mythril.laser.ethereum.instructions [DEBUG]: Evaluating DUP1 at 35
mythril.laser.ethereum.instructions [DEBUG]: Evaluating POP at 38
mythril.laser.ethereum.instructions [DEBUG]: Evaluating REVERT at 27
mythril.laser.ethereum.svm [DEBUG]: Ending transaction MessageCallTransaction 1 from sender_1 to                                        0x0.
mythril.laser.ethereum.instructions [DEBUG]: Evaluating JUMP at 47
mythril.laser.ethereum.instructions [DEBUG]: Evaluating REVERT at 36
mythril.laser.ethereum.svm [DEBUG]: Ending transaction MessageCallTransaction 1 from sender_1 to                                        0x0.
mythril.laser.ethereum.instructions [DEBUG]: Evaluating PUSH1 at 39
mythril.laser.ethereum.instructions [DEBUG]: Evaluating JUMPDEST at 137
mythril.laser.ethereum.instructions [DEBUG]: Evaluating PUSH1 at 40
mythril.laser.ethereum.instructions [DEBUG]: Evaluating CALLER at 138
mythril.laser.ethereum.instructions [DEBUG]: Evaluating JUMP at 41
mythril.laser.ethereum.instructions [DEBUG]: Evaluating PUSH1 at 139
mythril.laser.ethereum.instructions [DEBUG]: Evaluating JUMPDEST at 48
mythril.laser.ethereum.instructions [DEBUG]: Evaluating SWAP1 at 140
mythril.laser.ethereum.instructions [DEBUG]: Evaluating CALLER at 49
mythril.laser.ethereum.instructions [DEBUG]: Evaluating DUP2 at 141
mythril.laser.ethereum.instructions [DEBUG]: Evaluating PUSH1 at 50
mythril.laser.ethereum.instructions [DEBUG]: Evaluating MSTORE at 142
mythril.laser.ethereum.instructions [DEBUG]: Evaluating SWAP1 at 51
mythril.laser.ethereum.instructions [DEBUG]: Evaluating PUSH1 at 143
mythril.laser.ethereum.instructions [DEBUG]: Evaluating DUP2 at 52
mythril.laser.ethereum.instructions [DEBUG]: Evaluating DUP2 at 144
mythril.laser.ethereum.instructions [DEBUG]: Evaluating MSTORE at 53
mythril.laser.ethereum.instructions [DEBUG]: Evaluating SWAP1 at 145
mythril.laser.ethereum.instructions [DEBUG]: Evaluating PUSH1 at 54
mythril.laser.ethereum.instructions [DEBUG]: Evaluating MSTORE at 146
mythril.laser.ethereum.instructions [DEBUG]: Evaluating DUP2 at 55
mythril.laser.ethereum.instructions [DEBUG]: Evaluating PUSH1 at 147
mythril.laser.ethereum.instructions [DEBUG]: Evaluating SWAP1 at 56
mythril.laser.ethereum.instructions [DEBUG]: Evaluating SWAP1 at 148
mythril.laser.ethereum.instructions [DEBUG]: Evaluating MSTORE at 57
mythril.laser.ethereum.instructions [DEBUG]: Evaluating SHA3 at 149
mythril.laser.ethereum.instructions [DEBUG]: Evaluating PUSH1 at 58
mythril.laser.ethereum.instructions [DEBUG]: Evaluating DUP1 at 150
mythril.laser.ethereum.instructions [DEBUG]: Evaluating DUP2 at 59
mythril.laser.ethereum.instructions [DEBUG]: Evaluating SLOAD at 151
mythril.laser.ethereum.instructions [DEBUG]: Evaluating SHA3 at 60
mythril.laser.ethereum.instructions [DEBUG]: Evaluating CALLVALUE at 152
mythril.laser.ethereum.instructions [DEBUG]: Evaluating SLOAD at 61
mythril.laser.ethereum.instructions [DEBUG]: Evaluating SWAP1 at 153
mythril.laser.ethereum.instructions [DEBUG]: Evaluating SWAP1 at 62
mythril.laser.ethereum.instructions [DEBUG]: Evaluating DUP2 at 154
mythril.laser.ethereum.instructions [DEBUG]: Evaluating DUP1 at 63
mythril.analysis.module.base [DEBUG]: Entering analysis module: IntegerArithmetics
mythril.analysis.module.base [DEBUG]: Exiting analysis module: IntegerArithmetics
mythril.laser.ethereum.instructions [DEBUG]: Evaluating ADD at 155
mythril.laser.ethereum.instructions [DEBUG]: Evaluating DUP3 at 64
mythril.laser.ethereum.instructions [DEBUG]: Evaluating SWAP1 at 156
mythril.laser.ethereum.instructions [DEBUG]: Evaluating GT at 65
mythril.laser.ethereum.instructions [DEBUG]: Evaluating SWAP2 at 157
mythril.laser.ethereum.instructions [DEBUG]: Evaluating ISZERO at 66
mythril.analysis.module.base [DEBUG]: Entering analysis module: ArbitraryStorage
mythril.analysis.module.base [DEBUG]: Exiting analysis module: ArbitraryStorage
mythril.analysis.module.base [DEBUG]: Entering analysis module: IntegerArithmetics
mythril.analysis.module.base [DEBUG]: Exiting analysis module: IntegerArithmetics
mythril.analysis.module.base [DEBUG]: Entering analysis module: StateChangeAfterCall
mythril.analysis.module.base [DEBUG]: Exiting analysis module: StateChangeAfterCall
mythril.laser.ethereum.instructions [DEBUG]: Evaluating SSTORE at 158
mythril.laser.ethereum.instructions [DEBUG]: Evaluating PUSH1 at 67
mythril.laser.ethereum.instructions [DEBUG]: Evaluating PUSH1 at 159
mythril.analysis.module.base [DEBUG]: Entering analysis module: TxOrigin
mythril.analysis.module.base [DEBUG]: Exiting analysis module: TxOrigin
mythril.analysis.module.base [DEBUG]: Entering analysis module: IntegerArithmetics
mythril.analysis.module.base [DEBUG]: Exiting analysis module: IntegerArithmetics
mythril.laser.ethereum.instructions [DEBUG]: Evaluating JUMPI at 68
mythril.laser.ethereum.instructions [DEBUG]: Pruned unreachable states.
mythril.laser.ethereum.instructions [DEBUG]: Evaluating DUP1 at 160
mythril.laser.ethereum.instructions [DEBUG]: Evaluating JUMPDEST at 133
mythril.laser.ethereum.instructions [DEBUG]: Evaluating SLOAD at 161
mythril.laser.ethereum.instructions [DEBUG]: Evaluating POP at 134
mythril.laser.ethereum.instructions [DEBUG]: Evaluating SWAP1 at 162
mythril.laser.ethereum.instructions [DEBUG]: Evaluating POP at 135
mythril.laser.ethereum.instructions [DEBUG]: Evaluating SWAP2 at 163
mythril.laser.ethereum.instructions [DEBUG]: Evaluating JUMP at 136
mythril.analysis.module.base [DEBUG]: Entering analysis module: IntegerArithmetics
mythril.analysis.module.base [DEBUG]: Exiting analysis module: IntegerArithmetics
mythril.laser.ethereum.instructions [DEBUG]: Evaluating ADD at 164
mythril.laser.ethereum.instructions [DEBUG]: Evaluating JUMPDEST at 42
mythril.laser.ethereum.instructions [DEBUG]: Evaluating SWAP1 at 165
mythril.analysis.module.base [DEBUG]: Entering analysis module: IntegerArithmetics
mythril.analysis.module.base [DEBUG]: Exiting analysis module: IntegerArithmetics
mythril.analysis.module.base [DEBUG]: Entering analysis module: UncheckedRetval
mythril.analysis.module.base [DEBUG]: Exiting analysis module: UncheckedRetval
mythril.laser.ethereum.instructions [DEBUG]: Evaluating STOP at 43
mythril.laser.ethereum.svm [DEBUG]: Ending transaction MessageCallTransaction 1 from sender_1 to                                        0x0.
mythril.analysis.module.base [DEBUG]: Entering analysis module: ArbitraryStorage
mythril.analysis.module.base [DEBUG]: Exiting analysis module: ArbitraryStorage
mythril.analysis.module.base [DEBUG]: Entering analysis module: IntegerArithmetics
mythril.analysis.module.base [DEBUG]: Exiting analysis module: IntegerArithmetics
mythril.analysis.module.base [DEBUG]: Entering analysis module: StateChangeAfterCall
mythril.analysis.module.base [DEBUG]: Exiting analysis module: StateChangeAfterCall
mythril.laser.ethereum.instructions [DEBUG]: Evaluating SSTORE at 166
mythril.laser.ethereum.instructions [DEBUG]: Evaluating JUMP at 167
mythril.laser.ethereum.instructions [DEBUG]: Evaluating JUMPDEST at 42
mythril.analysis.module.base [DEBUG]: Entering analysis module: IntegerArithmetics
mythril.analysis.module.base [DEBUG]: Exiting analysis module: IntegerArithmetics
mythril.analysis.module.base [DEBUG]: Entering analysis module: UncheckedRetval
mythril.analysis.module.base [DEBUG]: Exiting analysis module: UncheckedRetval
mythril.laser.ethereum.instructions [DEBUG]: Evaluating STOP at 43
mythril.laser.ethereum.svm [DEBUG]: Ending transaction MessageCallTransaction 1 from sender_1 to                                        0x0.
mythril.laser.plugin.plugins.coverage.coverage_plugin [INFO]: Number of new instructions covered in tx 0: 104
mythril.laser.ethereum.svm [INFO]: Starting message call transaction, iteration: 1, 1 initial states
mythril.laser.ethereum.instructions [DEBUG]: Evaluating PUSH1 at 0
mythril.laser.ethereum.instructions [DEBUG]: Evaluating PUSH1 at 1
mythril.laser.ethereum.instructions [DEBUG]: Evaluating MSTORE at 2
mythril.laser.ethereum.instructions [DEBUG]: Evaluating PUSH1 at 3
mythril.laser.ethereum.instructions [DEBUG]: Evaluating CALLDATASIZE at 4
mythril.laser.ethereum.instructions [DEBUG]: Evaluating LT at 5
mythril.laser.ethereum.instructions [DEBUG]: Evaluating PUSH1 at 6
mythril.analysis.module.base [DEBUG]: Entering analysis module: TxOrigin
mythril.analysis.module.base [DEBUG]: Exiting analysis module: TxOrigin
mythril.analysis.module.base [DEBUG]: Entering analysis module: IntegerArithmetics
mythril.analysis.module.base [DEBUG]: Exiting analysis module: IntegerArithmetics
mythril.laser.ethereum.instructions [DEBUG]: Evaluating JUMPI at 7
mythril.laser.ethereum.instructions [DEBUG]: Evaluating PUSH4 at 8
mythril.laser.ethereum.instructions [DEBUG]: Evaluating JUMPDEST at 24
mythril.laser.ethereum.instructions [DEBUG]: Evaluating PUSH29 at 9
mythril.laser.ethereum.instructions [DEBUG]: Evaluating PUSH1 at 25
mythril.laser.ethereum.instructions [DEBUG]: Evaluating PUSH1 at 10
mythril.laser.ethereum.instructions [DEBUG]: Evaluating DUP1 at 26
mythril.laser.ethereum.instructions [DEBUG]: Evaluating CALLDATALOAD at 11
mythril.laser.ethereum.instructions [DEBUG]: Evaluating REVERT at 27
mythril.laser.ethereum.svm [DEBUG]: Ending transaction MessageCallTransaction 2 from sender_2 to                                        0x0.
mythril.laser.ethereum.instructions [DEBUG]: Evaluating DIV at 12
mythril.laser.ethereum.instructions [DEBUG]: Evaluating AND at 13
mythril.laser.ethereum.instructions [DEBUG]: Evaluating PUSH4 at 14
mythril.laser.ethereum.instructions [DEBUG]: Evaluating DUP2 at 15
mythril.laser.ethereum.instructions [DEBUG]: Evaluating EQ at 16
mythril.laser.ethereum.instructions [DEBUG]: Evaluating PUSH1 at 17
mythril.analysis.module.base [DEBUG]: Entering analysis module: TxOrigin
mythril.analysis.module.base [DEBUG]: Exiting analysis module: TxOrigin
mythril.analysis.module.base [DEBUG]: Entering analysis module: IntegerArithmetics
mythril.analysis.module.base [DEBUG]: Exiting analysis module: IntegerArithmetics
mythril.laser.ethereum.instructions [DEBUG]: Evaluating JUMPI at 18
mythril.laser.ethereum.instructions [DEBUG]: Evaluating DUP1 at 19
mythril.laser.ethereum.instructions [DEBUG]: Evaluating JUMPDEST at 28
mythril.laser.ethereum.instructions [DEBUG]: Evaluating PUSH4 at 20
mythril.laser.ethereum.instructions [DEBUG]: Evaluating CALLVALUE at 29
mythril.laser.ethereum.instructions [DEBUG]: Evaluating EQ at 21
mythril.laser.ethereum.instructions [DEBUG]: Evaluating DUP1 at 30
mythril.laser.ethereum.instructions [DEBUG]: Evaluating PUSH1 at 22
mythril.laser.ethereum.instructions [DEBUG]: Evaluating ISZERO at 31
mythril.analysis.module.base [DEBUG]: Entering analysis module: TxOrigin
mythril.analysis.module.base [DEBUG]: Exiting analysis module: TxOrigin
mythril.analysis.module.base [DEBUG]: Entering analysis module: IntegerArithmetics
mythril.analysis.module.base [DEBUG]: Exiting analysis module: IntegerArithmetics
mythril.laser.ethereum.instructions [DEBUG]: Evaluating JUMPI at 23
mythril.laser.plugin.plugins.dependency_pruner [DEBUG]: Skipping state: Storage slots {keccak256_512(Concat(sender_1, 0)), 1} not read in block at address 72, function
mythril.laser.ethereum.svm [DEBUG]: - Entering function MAIN:unknown
mythril.laser.ethereum.instructions [DEBUG]: Evaluating PUSH1 at 32
mythril.laser.ethereum.instructions [DEBUG]: Evaluating JUMPDEST at 44
mythril.analysis.module.base [DEBUG]: Entering analysis module: TxOrigin
mythril.analysis.module.base [DEBUG]: Exiting analysis module: TxOrigin
mythril.analysis.module.base [DEBUG]: Entering analysis module: IntegerArithmetics
mythril.analysis.module.base [DEBUG]: Exiting analysis module: IntegerArithmetics
mythril.laser.ethereum.instructions [DEBUG]: Evaluating JUMPI at 33
mythril.laser.ethereum.instructions [DEBUG]: Evaluating PUSH1 at 45
mythril.laser.ethereum.instructions [DEBUG]: Evaluating PUSH1 at 34
mythril.laser.ethereum.instructions [DEBUG]: Evaluating JUMPDEST at 37
mythril.laser.ethereum.instructions [DEBUG]: Evaluating PUSH1 at 46
mythril.laser.ethereum.instructions [DEBUG]: Evaluating DUP1 at 35
mythril.laser.ethereum.instructions [DEBUG]: Evaluating POP at 38
mythril.laser.ethereum.instructions [DEBUG]: Evaluating JUMP at 47
mythril.laser.ethereum.instructions [DEBUG]: Evaluating REVERT at 36
mythril.laser.ethereum.svm [DEBUG]: Ending transaction MessageCallTransaction 2 from sender_2 to                                        0x0.
mythril.laser.ethereum.instructions [DEBUG]: Evaluating PUSH1 at 39
mythril.laser.ethereum.instructions [DEBUG]: Evaluating JUMPDEST at 137
mythril.laser.ethereum.instructions [DEBUG]: Evaluating PUSH1 at 40
mythril.laser.ethereum.instructions [DEBUG]: Evaluating CALLER at 138
mythril.laser.ethereum.instructions [DEBUG]: Evaluating JUMP at 41
mythril.laser.ethereum.instructions [DEBUG]: Evaluating PUSH1 at 139
mythril.laser.ethereum.instructions [DEBUG]: Evaluating JUMPDEST at 48
mythril.laser.ethereum.instructions [DEBUG]: Evaluating SWAP1 at 140
mythril.laser.ethereum.instructions [DEBUG]: Evaluating CALLER at 49
mythril.laser.ethereum.instructions [DEBUG]: Evaluating DUP2 at 141
mythril.laser.ethereum.instructions [DEBUG]: Evaluating PUSH1 at 50
mythril.laser.ethereum.instructions [DEBUG]: Evaluating MSTORE at 142
mythril.laser.ethereum.instructions [DEBUG]: Evaluating SWAP1 at 51
mythril.laser.ethereum.instructions [DEBUG]: Evaluating PUSH1 at 143
mythril.laser.ethereum.instructions [DEBUG]: Evaluating DUP2 at 52
mythril.laser.ethereum.instructions [DEBUG]: Evaluating DUP2 at 144
mythril.laser.ethereum.instructions [DEBUG]: Evaluating MSTORE at 53
mythril.laser.ethereum.instructions [DEBUG]: Evaluating SWAP1 at 145
mythril.laser.ethereum.instructions [DEBUG]: Evaluating PUSH1 at 54
mythril.laser.ethereum.instructions [DEBUG]: Evaluating MSTORE at 146
mythril.laser.ethereum.instructions [DEBUG]: Evaluating DUP2 at 55
mythril.laser.ethereum.instructions [DEBUG]: Evaluating PUSH1 at 147
mythril.laser.ethereum.instructions [DEBUG]: Evaluating SWAP1 at 56
mythril.laser.ethereum.instructions [DEBUG]: Evaluating SWAP1 at 148
mythril.laser.ethereum.instructions [DEBUG]: Evaluating MSTORE at 57
mythril.laser.ethereum.instructions [DEBUG]: Evaluating SHA3 at 149
mythril.laser.ethereum.instructions [DEBUG]: Evaluating PUSH1 at 58
mythril.laser.ethereum.instructions [DEBUG]: Evaluating DUP1 at 150
mythril.laser.ethereum.instructions [DEBUG]: Evaluating DUP2 at 59
mythril.laser.ethereum.instructions [DEBUG]: Evaluating SLOAD at 151
mythril.laser.ethereum.instructions [DEBUG]: Evaluating SHA3 at 60
mythril.laser.ethereum.instructions [DEBUG]: Evaluating CALLVALUE at 152
mythril.laser.ethereum.instructions [DEBUG]: Evaluating SLOAD at 61
mythril.laser.ethereum.instructions [DEBUG]: Evaluating SWAP1 at 153
mythril.laser.ethereum.instructions [DEBUG]: Evaluating SWAP1 at 62
mythril.laser.ethereum.instructions [DEBUG]: Evaluating DUP2 at 154
mythril.laser.ethereum.instructions [DEBUG]: Evaluating DUP1 at 63
mythril.analysis.module.base [DEBUG]: Entering analysis module: IntegerArithmetics
mythril.analysis.module.base [DEBUG]: Exiting analysis module: IntegerArithmetics
mythril.laser.ethereum.instructions [DEBUG]: Evaluating ADD at 155
mythril.laser.ethereum.instructions [DEBUG]: Evaluating DUP3 at 64
mythril.laser.ethereum.instructions [DEBUG]: Evaluating SWAP1 at 156
mythril.laser.ethereum.instructions [DEBUG]: Evaluating GT at 65
mythril.laser.ethereum.instructions [DEBUG]: Evaluating SWAP2 at 157
mythril.laser.ethereum.instructions [DEBUG]: Evaluating ISZERO at 66
mythril.analysis.module.base [DEBUG]: Entering analysis module: ArbitraryStorage
mythril.analysis.module.base [DEBUG]: Exiting analysis module: ArbitraryStorage
mythril.analysis.module.base [DEBUG]: Entering analysis module: IntegerArithmetics
mythril.analysis.module.base [DEBUG]: Exiting analysis module: IntegerArithmetics
mythril.analysis.module.base [DEBUG]: Entering analysis module: StateChangeAfterCall
mythril.analysis.module.base [DEBUG]: Exiting analysis module: StateChangeAfterCall
mythril.laser.ethereum.instructions [DEBUG]: Evaluating SSTORE at 158
mythril.laser.ethereum.instructions [DEBUG]: Evaluating PUSH1 at 67
mythril.laser.ethereum.instructions [DEBUG]: Evaluating PUSH1 at 159
mythril.analysis.module.base [DEBUG]: Entering analysis module: TxOrigin
mythril.analysis.module.base [DEBUG]: Exiting analysis module: TxOrigin
mythril.analysis.module.base [DEBUG]: Entering analysis module: IntegerArithmetics
mythril.analysis.module.base [DEBUG]: Exiting analysis module: IntegerArithmetics
mythril.laser.ethereum.instructions [DEBUG]: Evaluating JUMPI at 68
mythril.laser.ethereum.instructions [DEBUG]: Evaluating DUP1 at 160
mythril.laser.ethereum.instructions [DEBUG]: Evaluating PUSH1 at 69
mythril.laser.ethereum.instructions [DEBUG]: Evaluating JUMPDEST at 133
mythril.laser.ethereum.instructions [DEBUG]: Evaluating SLOAD at 161
mythril.laser.ethereum.instructions [DEBUG]: Evaluating DUP1 at 70
mythril.laser.ethereum.instructions [DEBUG]: Evaluating POP at 134
mythril.laser.ethereum.instructions [DEBUG]: Evaluating SWAP1 at 162
mythril.laser.ethereum.instructions [DEBUG]: Evaluating SLOAD at 71
mythril.laser.ethereum.instructions [DEBUG]: Evaluating POP at 135
mythril.laser.ethereum.instructions [DEBUG]: Evaluating SWAP2 at 163
mythril.laser.ethereum.instructions [DEBUG]: Evaluating DUP4 at 72
mythril.laser.ethereum.instructions [DEBUG]: Evaluating JUMP at 136
mythril.analysis.module.base [DEBUG]: Entering analysis module: IntegerArithmetics
mythril.analysis.module.base [DEBUG]: Exiting analysis module: IntegerArithmetics
mythril.laser.ethereum.instructions [DEBUG]: Evaluating ADD at 164
mythril.laser.ethereum.instructions [DEBUG]: Evaluating SWAP1 at 73
mythril.laser.ethereum.instructions [DEBUG]: Evaluating JUMPDEST at 42
mythril.laser.ethereum.instructions [DEBUG]: Evaluating SWAP1 at 165
mythril.analysis.module.base [DEBUG]: Entering analysis module: IntegerArithmetics
mythril.analysis.module.base [DEBUG]: Exiting analysis module: IntegerArithmetics
mythril.laser.ethereum.instructions [DEBUG]: Evaluating SUB at 74
mythril.analysis.module.base [DEBUG]: Entering analysis module: IntegerArithmetics
mythril.analysis.module.base [DEBUG]: Exiting analysis module: IntegerArithmetics
mythril.analysis.module.base [DEBUG]: Entering analysis module: UncheckedRetval
mythril.analysis.module.base [DEBUG]: Exiting analysis module: UncheckedRetval
mythril.laser.ethereum.instructions [DEBUG]: Evaluating STOP at 43
mythril.laser.ethereum.svm [DEBUG]: Ending transaction MessageCallTransaction 2 from sender_2 to                                        0x0.
mythril.analysis.module.base [DEBUG]: Entering analysis module: ArbitraryStorage
mythril.analysis.module.base [DEBUG]: Exiting analysis module: ArbitraryStorage
mythril.analysis.module.base [DEBUG]: Entering analysis module: IntegerArithmetics
mythril.analysis.module.base [DEBUG]: Exiting analysis module: IntegerArithmetics
mythril.analysis.module.base [DEBUG]: Entering analysis module: StateChangeAfterCall
mythril.analysis.module.base [DEBUG]: Exiting analysis module: StateChangeAfterCall
mythril.laser.ethereum.instructions [DEBUG]: Evaluating SSTORE at 166
mythril.laser.ethereum.instructions [DEBUG]: Evaluating SWAP1 at 75
mythril.laser.ethereum.instructions [DEBUG]: Evaluating JUMP at 167
mythril.analysis.module.base [DEBUG]: Entering analysis module: ArbitraryStorage
mythril.analysis.module.base [DEBUG]: Exiting analysis module: ArbitraryStorage
mythril.analysis.module.base [DEBUG]: Entering analysis module: IntegerArithmetics
mythril.analysis.module.base [DEBUG]: Exiting analysis module: IntegerArithmetics
mythril.analysis.module.base [DEBUG]: Entering analysis module: StateChangeAfterCall
mythril.analysis.module.base [DEBUG]: Exiting analysis module: StateChangeAfterCall
mythril.laser.ethereum.instructions [DEBUG]: Evaluating SSTORE at 76
mythril.laser.ethereum.instructions [DEBUG]: Evaluating JUMPDEST at 42
mythril.laser.ethereum.instructions [DEBUG]: Evaluating PUSH1 at 77
mythril.analysis.module.base [DEBUG]: Entering analysis module: IntegerArithmetics
mythril.analysis.module.modules.integer [DEBUG]: Checking overflow in STOP at transaction end address 96, ostate address 241
mythril.support.model [DEBUG]: Timeout/Error encountered while solving expression using z3
mythril.analysis.module.base [DEBUG]: Exiting analysis module: IntegerArithmetics
mythril.analysis.module.base [DEBUG]: Entering analysis module: UncheckedRetval
mythril.analysis.module.base [DEBUG]: Exiting analysis module: UncheckedRetval
mythril.laser.ethereum.instructions [DEBUG]: Evaluating STOP at 43
mythril.laser.ethereum.svm [DEBUG]: Ending transaction MessageCallTransaction 2 from sender_2 to                                        0x0.
mythril.laser.ethereum.instructions [DEBUG]: Evaluating MLOAD at 78
mythril.laser.ethereum.instructions [DEBUG]: Evaluating CALLER at 79
mythril.laser.ethereum.instructions [DEBUG]: Evaluating SWAP1 at 80
mythril.laser.ethereum.instructions [DEBUG]: Evaluating DUP4 at 81
mythril.laser.ethereum.instructions [DEBUG]: Evaluating SWAP1 at 82
mythril.laser.ethereum.instructions [DEBUG]: Evaluating PUSH1 at 83
mythril.laser.ethereum.instructions [DEBUG]: Evaluating DUP2 at 84
mythril.laser.ethereum.instructions [DEBUG]: Evaluating DUP2 at 85
mythril.laser.ethereum.instructions [DEBUG]: Evaluating DUP2 at 86
mythril.laser.ethereum.instructions [DEBUG]: Evaluating DUP6 at 87
mythril.laser.ethereum.instructions [DEBUG]: Evaluating DUP8 at 88
mythril.laser.ethereum.instructions [DEBUG]: Evaluating GAS at 89
mythril.laser.ethereum.instructions [DEBUG]: Evaluating CALLER at 90
mythril.laser.ethereum.instructions [DEBUG]: Evaluating PUSH1 at 91
mythril.laser.ethereum.instructions [DEBUG]: Evaluating MSTORE at 92
mythril.laser.ethereum.instructions [DEBUG]: Evaluating PUSH1 at 93
mythril.laser.ethereum.instructions [DEBUG]: Evaluating PUSH1 at 94
mythril.laser.ethereum.instructions [DEBUG]: Evaluating MSTORE at 95
mythril.laser.ethereum.instructions [DEBUG]: Evaluating PUSH1 at 96
mythril.laser.ethereum.instructions [DEBUG]: Evaluating PUSH1 at 97
mythril.laser.ethereum.instructions [DEBUG]: Evaluating PUSH1 at 98
mythril.laser.ethereum.instructions [DEBUG]: Evaluating SHA3 at 99
mythril.analysis.module.base [DEBUG]: Entering analysis module: ArbitraryStorage
mythril.analysis.module.base [DEBUG]: Exiting analysis module: ArbitraryStorage
mythril.analysis.module.base [DEBUG]: Entering analysis module: IntegerArithmetics
mythril.analysis.module.base [DEBUG]: Exiting analysis module: IntegerArithmetics
mythril.analysis.module.base [DEBUG]: Entering analysis module: StateChangeAfterCall
mythril.analysis.module.base [DEBUG]: Exiting analysis module: StateChangeAfterCall
mythril.laser.ethereum.instructions [DEBUG]: Evaluating SSTORE at 100
mythril.analysis.module.base [DEBUG]: Entering analysis module: IntegerArithmetics
mythril.analysis.module.base [DEBUG]: Exiting analysis module: IntegerArithmetics
mythril.analysis.module.base [DEBUG]: Entering analysis module: StateChangeAfterCall
mythril.analysis.module.base [DEBUG]: Exiting analysis module: StateChangeAfterCall
mythril.laser.ethereum.instructions [DEBUG]: Evaluating CALL at 101
mythril.laser.ethereum.call [DEBUG]: Symbolic call encountered
mythril.laser.ethereum.call [DEBUG]: CALL to: sender_2
mythril.laser.ethereum.instructions [DEBUG]: The call is related to ether transfer between accounts
mythril.analysis.module.base [DEBUG]: Entering analysis module: EtherThief
mythril.support.model [DEBUG]: Timeout/Error encountered while solving expression using z3
mythril.analysis.module.base [DEBUG]: Exiting analysis module: EtherThief
mythril.analysis.module.base [DEBUG]: Entering analysis module: UncheckedRetval
mythril.analysis.module.modules.unchecked_retval [DEBUG]: End of call, extracting retval
mythril.analysis.module.base [DEBUG]: Exiting analysis module: UncheckedRetval
mythril.laser.ethereum.instructions [DEBUG]: Evaluating SWAP3 at 102
mythril.laser.ethereum.instructions [DEBUG]: Evaluating POP at 103
mythril.laser.ethereum.instructions [DEBUG]: Evaluating POP at 104
mythril.laser.ethereum.instructions [DEBUG]: Evaluating POP at 105
mythril.laser.ethereum.instructions [DEBUG]: Evaluating SWAP1 at 106
mythril.laser.ethereum.instructions [DEBUG]: Evaluating POP at 107
mythril.laser.ethereum.instructions [DEBUG]: Evaluating DUP1 at 108
mythril.laser.ethereum.instructions [DEBUG]: Evaluating ISZERO at 109
mythril.laser.ethereum.instructions [DEBUG]: Evaluating ISZERO at 110
mythril.laser.ethereum.instructions [DEBUG]: Evaluating PUSH1 at 111
mythril.analysis.module.base [DEBUG]: Entering analysis module: TxOrigin
mythril.analysis.module.base [DEBUG]: Exiting analysis module: TxOrigin
mythril.analysis.module.base [DEBUG]: Entering analysis module: IntegerArithmetics
mythril.analysis.module.base [DEBUG]: Exiting analysis module: IntegerArithmetics
mythril.laser.ethereum.instructions [DEBUG]: Evaluating JUMPI at 112
mythril.laser.ethereum.instructions [DEBUG]: Evaluating PUSH1 at 113
mythril.laser.ethereum.instructions [DEBUG]: Evaluating JUMPDEST at 116
mythril.laser.ethereum.instructions [DEBUG]: Evaluating DUP1 at 114
mythril.laser.ethereum.instructions [DEBUG]: Evaluating CALLER at 117
mythril.laser.ethereum.instructions [DEBUG]: Evaluating REVERT at 115
mythril.laser.ethereum.svm [DEBUG]: Ending transaction MessageCallTransaction 2 from sender_2 to                                        0x0.
mythril.laser.ethereum.instructions [DEBUG]: Evaluating PUSH1 at 118
mythril.laser.ethereum.instructions [DEBUG]: Evaluating SWAP1 at 119
mythril.laser.ethereum.instructions [DEBUG]: Evaluating DUP2 at 120
mythril.laser.ethereum.instructions [DEBUG]: Evaluating POP at 121
mythril.laser.ethereum.instructions [DEBUG]: Evaluating POP at 122
mythril.laser.ethereum.instructions [DEBUG]: Evaluating PUSH1 at 123
mythril.laser.ethereum.instructions [DEBUG]: Evaluating DUP2 at 124
mythril.laser.ethereum.instructions [DEBUG]: Evaluating SWAP1 at 125
mythril.laser.ethereum.instructions [DEBUG]: Evaluating POP at 126
mythril.laser.ethereum.instructions [DEBUG]: Evaluating POP at 127
mythril.laser.ethereum.instructions [DEBUG]: Evaluating PUSH1 at 128
mythril.laser.ethereum.instructions [DEBUG]: Evaluating DUP2 at 129
mythril.laser.ethereum.instructions [DEBUG]: Evaluating POP at 130
mythril.laser.ethereum.instructions [DEBUG]: Evaluating POP at 131
mythril.laser.ethereum.instructions [DEBUG]: Evaluating POP at 132
mythril.laser.ethereum.instructions [DEBUG]: Evaluating JUMPDEST at 133
mythril.laser.ethereum.instructions [DEBUG]: Evaluating POP at 134
mythril.laser.ethereum.instructions [DEBUG]: Evaluating POP at 135
mythril.laser.ethereum.instructions [DEBUG]: Evaluating JUMP at 136
mythril.laser.ethereum.instructions [DEBUG]: Evaluating JUMPDEST at 42
mythril.analysis.module.base [DEBUG]: Entering analysis module: IntegerArithmetics
mythril.analysis.module.base [DEBUG]: Exiting analysis module: IntegerArithmetics
mythril.analysis.module.base [DEBUG]: Entering analysis module: UncheckedRetval
mythril.analysis.module.base [DEBUG]: Exiting analysis module: UncheckedRetval
mythril.laser.ethereum.instructions [DEBUG]: Evaluating STOP at 43
mythril.laser.ethereum.svm [DEBUG]: Ending transaction MessageCallTransaction 2 from sender_2 to                                        0x0.
mythril.laser.plugin.plugins.coverage.coverage_plugin [INFO]: Number of new instructions covered in tx 1: 64
mythril.laser.ethereum.svm [INFO]: Finished symbolic execution
mythril.laser.plugin.plugins.coverage.coverage_plugin [INFO]: Achieved 99.41% coverage for code: 60806040526004361060485763ffffffff7c0100000000000000000000000000000000000000000000000000000000600035041663853828b68114604d578063d0e30db0146061575b600080fd5b348015605857600080fd5b50605f6067565b005b605f60d2565b33600090815260208190526040812054908082111560ce5760018054839003905560405133908390600081818185875a3360005260006020526000604060002055f192505050905080151560ba57600080fd5b336000908150506020819050506040815050505b5050565b3360009081526020819052604090208054349081019091556001805490910190555600
mythril.laser.plugin.plugins.instruction_profiler [INFO]: Total: 0.550384521484375 s
[ADD         ]   0.4513 %,  nr      4,  total   0.0025 s,  avg   0.0006 s,  min   0.0005 s,  max   0.0008 s
[AND         ]   0.1637 %,  nr      2,  total   0.0009 s,  avg   0.0005 s,  min   0.0004 s,  max   0.0005 s
[CALL        ]   0.6326 %,  nr      1,  total   0.0035 s,  avg   0.0035 s,  min   0.0035 s,  max   0.0035 s
[CALLDATALOAD]   4.0453 %,  nr      2,  total   0.0223 s,  avg   0.0111 s,  min   0.0087 s,  max   0.0136 s
[CALLDATASIZE]   0.1613 %,  nr      2,  total   0.0009 s,  avg   0.0004 s,  min   0.0003 s,  max   0.0005 s
[CALLER      ]   0.6852 %,  nr      7,  total   0.0038 s,  avg   0.0005 s,  min   0.0003 s,  max   0.0007 s
[CALLVALUE   ]   0.5661 %,  nr      4,  total   0.0031 s,  avg   0.0008 s,  min   0.0003 s,  max   0.0012 s
[DIV         ]   0.2767 %,  nr      2,  total   0.0015 s,  avg   0.0008 s,  min   0.0006 s,  max   0.0009 s
[DUP1        ]   1.9916 %,  nr     18,  total   0.0110 s,  avg   0.0006 s,  min   0.0003 s,  max   0.0013 s
[DUP2        ]   1.9048 %,  nr     20,  total   0.0105 s,  avg   0.0005 s,  min   0.0003 s,  max   0.0008 s
[DUP3        ]   0.1786 %,  nr      2,  total   0.0010 s,  avg   0.0005 s,  min   0.0004 s,  max   0.0005 s
[DUP4        ]   0.1333 %,  nr      2,  total   0.0007 s,  avg   0.0004 s,  min   0.0003 s,  max   0.0004 s
[DUP6        ]   0.0532 %,  nr      1,  total   0.0003 s,  avg   0.0003 s,  min   0.0003 s,  max   0.0003 s
[DUP8        ]   0.3436 %,  nr      1,  total   0.0019 s,  avg   0.0019 s,  min   0.0019 s,  max   0.0019 s
[EQ          ]   0.3478 %,  nr      4,  total   0.0019 s,  avg   0.0005 s,  min   0.0004 s,  max   0.0006 s
[GAS         ]   0.0694 %,  nr      1,  total   0.0004 s,  avg   0.0004 s,  min   0.0004 s,  max   0.0004 s
[GT          ]   0.2301 %,  nr      2,  total   0.0013 s,  avg   0.0006 s,  min   0.0006 s,  max   0.0007 s
[ISZERO      ]   0.7907 %,  nr      6,  total   0.0044 s,  avg   0.0007 s,  min   0.0004 s,  max   0.0010 s
[JUMP        ]   1.5589 %,  nr      9,  total   0.0086 s,  avg   0.0010 s,  min   0.0005 s,  max   0.0012 s
[JUMPDEST    ]   2.1758 %,  nr     22,  total   0.0120 s,  avg   0.0005 s,  min   0.0003 s,  max   0.0008 s
[JUMPI       ]   4.1170 %,  nr     11,  total   0.0227 s,  avg   0.0021 s,  min   0.0011 s,  max   0.0036 s
[LT          ]   0.2037 %,  nr      2,  total   0.0011 s,  avg   0.0006 s,  min   0.0004 s,  max   0.0007 s
[MLOAD       ]   1.8000 %,  nr      1,  total   0.0099 s,  avg   0.0099 s,  min   0.0099 s,  max   0.0099 s
[MSTORE      ]  32.2317 %,  nr     12,  total   0.1774 s,  avg   0.0148 s,  min   0.0083 s,  max   0.0204 s
[POP         ]   1.9465 %,  nr     19,  total   0.0107 s,  avg   0.0006 s,  min   0.0003 s,  max   0.0009 s
[PUSH1       ]   7.0865 %,  nr     59,  total   0.0390 s,  avg   0.0007 s,  min   0.0003 s,  max   0.0016 s
[PUSH29      ]   0.1628 %,  nr      2,  total   0.0009 s,  avg   0.0004 s,  min   0.0003 s,  max   0.0006 s
[PUSH4       ]   0.6490 %,  nr      6,  total   0.0036 s,  avg   0.0006 s,  min   0.0003 s,  max   0.0011 s
[SHA3        ]  29.8084 %,  nr      5,  total   0.1641 s,  avg   0.0328 s,  min   0.0297 s,  max   0.0357 s
[SLOAD       ]   0.9558 %,  nr      7,  total   0.0053 s,  avg   0.0008 s,  min   0.0004 s,  max   0.0010 s
[SSTORE      ]   0.7689 %,  nr      6,  total   0.0042 s,  avg   0.0007 s,  min   0.0005 s,  max   0.0009 s
[SUB         ]   0.0716 %,  nr      1,  total   0.0004 s,  avg   0.0004 s,  min   0.0004 s,  max   0.0004 s
[SWAP1       ]   2.5908 %,  nr     27,  total   0.0143 s,  avg   0.0005 s,  min   0.0002 s,  max   0.0009 s
[SWAP2       ]   0.4408 %,  nr      4,  total   0.0024 s,  avg   0.0006 s,  min   0.0004 s,  max   0.0010 s
[SWAP3       ]   0.4065 %,  nr      1,  total   0.0022 s,  avg   0.0022 s,  min   0.0022 s,  max   0.0022 s

mythril.analysis.security [INFO]: Starting analysis
mythril.analysis.security [DEBUG]: Retrieving results for Caller can write to arbitrary storage locations
mythril.analysis.security [DEBUG]: Retrieving results for Delegatecall to a user-specified address
mythril.analysis.security [DEBUG]: Retrieving results for Control flow depends on tx.origin
mythril.analysis.security [DEBUG]: Retrieving results for Any sender can withdraw ETH from the contract account
mythril.analysis.security [DEBUG]: Retrieving results for Integer overflow or underflow
mythril.analysis.security [DEBUG]: Retrieving results for State change after an external call
mythril.analysis.security [DEBUG]: Retrieving results for Contract can be accidentally killed by anyone
mythril.analysis.security [DEBUG]: Retrieving results for Return value of an external call is not checked
mythril.mythril.mythril_analyzer [INFO]: Solver statistics: 
Query count: 52 
Solver time: 28.093334436416626
{"error": null, "issues": [], "success": true}
