mythril.mythril.mythril_config [INFO]: Creating mythril data directory 
mythril.mythril.mythril_config [INFO]: No config file found. Creating default: /root/.mythril/config.ini 
mythril.mythril.mythril_config [INFO]: Infura key not provided, so onchain access is disabled. Use --infura-id <INFURA_ID> or set it in the environment variable INFURA_ID or in the ~/.mythril/config.ini file 
mythril.support.signatures [INFO]: Using signature database at /root/.mythril/signatures.db
mythril.laser.ethereum.svm [INFO]: LASER EVM initialized with dynamic loader: <mythril.support.loader.DynLoader object at 0x7f1671bccd60>
mythril.laser.ethereum.strategy.extensions.bounded_loops [INFO]: Loaded search strategy extension: Loop bounds (limit = 3)
mythril.laser.plugin.loader [INFO]: Loading laser plugin: coverage
mythril.laser.plugin.loader [INFO]: Loading laser plugin: mutation-pruner
mythril.laser.plugin.loader [INFO]: Loading laser plugin: call-depth-limit
mythril.laser.plugin.loader [INFO]: Loading laser plugin: instruction-profiler
mythril.laser.plugin.loader [INFO]: Loading laser plugin: dependency-pruner
mythril.laser.plugin.loader [INFO]: Instrumenting symbolic vm with plugin: coverage
mythril.laser.plugin.loader [INFO]: Instrumenting symbolic vm with plugin: mutation-pruner
mythril.laser.plugin.loader [INFO]: Instrumenting symbolic vm with plugin: call-depth-limit
mythril.laser.plugin.loader [INFO]: Instrumenting symbolic vm with plugin: instruction-profiler
mythril.laser.plugin.loader [INFO]: Instrumenting symbolic vm with plugin: dependency-pruner
mythril.laser.ethereum.svm [DEBUG]: Starting LASER execution
mythril.laser.ethereum.svm [INFO]: Starting message call transaction to 0
mythril.laser.ethereum.svm [INFO]: Starting message call transaction, iteration: 0, 1 initial states
mythril.laser.ethereum.instructions [DEBUG]: Evaluating PUSH1 at 0
mythril.laser.ethereum.instructions [DEBUG]: Evaluating PUSH1 at 1
mythril.laser.ethereum.instructions [DEBUG]: Evaluating MSTORE at 2
mythril.laser.ethereum.instructions [DEBUG]: Evaluating PUSH1 at 3
mythril.laser.ethereum.instructions [DEBUG]: Evaluating CALLDATASIZE at 4
mythril.laser.ethereum.instructions [DEBUG]: Evaluating LT at 5
mythril.laser.ethereum.instructions [DEBUG]: Evaluating PUSH2 at 6
mythril.analysis.module.base [DEBUG]: Entering analysis module: TxOrigin
mythril.analysis.module.base [DEBUG]: Exiting analysis module: TxOrigin
mythril.analysis.module.base [DEBUG]: Entering analysis module: IntegerArithmetics
mythril.analysis.module.base [DEBUG]: Exiting analysis module: IntegerArithmetics
mythril.laser.ethereum.instructions [DEBUG]: Evaluating JUMPI at 7
mythril.laser.ethereum.instructions [DEBUG]: Evaluating PUSH1 at 8
mythril.laser.ethereum.instructions [DEBUG]: Evaluating JUMPDEST at 25
mythril.laser.ethereum.instructions [DEBUG]: Evaluating CALLDATALOAD at 9
mythril.laser.ethereum.instructions [DEBUG]: Evaluating PUSH1 at 26
mythril.laser.ethereum.instructions [DEBUG]: Evaluating PUSH29 at 10
mythril.laser.ethereum.instructions [DEBUG]: Evaluating DUP1 at 27
mythril.laser.ethereum.instructions [DEBUG]: Evaluating SWAP1 at 11
mythril.laser.ethereum.instructions [DEBUG]: Evaluating REVERT at 28
mythril.laser.ethereum.svm [DEBUG]: Ending transaction MessageCallTransaction 1 from sender_1 to                                        0x0.
mythril.laser.ethereum.instructions [DEBUG]: Evaluating DIV at 12
mythril.laser.ethereum.instructions [DEBUG]: Evaluating PUSH4 at 13
mythril.laser.ethereum.instructions [DEBUG]: Evaluating AND at 14
mythril.laser.ethereum.instructions [DEBUG]: Evaluating DUP1 at 15
mythril.laser.ethereum.instructions [DEBUG]: Evaluating PUSH4 at 16
mythril.laser.ethereum.instructions [DEBUG]: Evaluating EQ at 17
mythril.laser.ethereum.instructions [DEBUG]: Evaluating PUSH2 at 18
mythril.analysis.module.base [DEBUG]: Entering analysis module: TxOrigin
mythril.analysis.module.base [DEBUG]: Exiting analysis module: TxOrigin
mythril.analysis.module.base [DEBUG]: Entering analysis module: IntegerArithmetics
mythril.analysis.module.base [DEBUG]: Exiting analysis module: IntegerArithmetics
mythril.laser.ethereum.instructions [DEBUG]: Evaluating JUMPI at 19
mythril.laser.ethereum.svm [DEBUG]: - Entering function MAIN:unknown
mythril.laser.ethereum.instructions [DEBUG]: Evaluating DUP1 at 20
mythril.laser.ethereum.instructions [DEBUG]: Evaluating JUMPDEST at 29
mythril.laser.ethereum.instructions [DEBUG]: Evaluating PUSH4 at 21
mythril.laser.ethereum.instructions [DEBUG]: Evaluating CALLVALUE at 30
mythril.laser.ethereum.instructions [DEBUG]: Evaluating EQ at 22
mythril.laser.ethereum.instructions [DEBUG]: Evaluating ISZERO at 31
mythril.laser.ethereum.instructions [DEBUG]: Evaluating PUSH2 at 23
mythril.laser.ethereum.instructions [DEBUG]: Evaluating PUSH2 at 32
mythril.analysis.module.base [DEBUG]: Entering analysis module: TxOrigin
mythril.analysis.module.base [DEBUG]: Exiting analysis module: TxOrigin
mythril.analysis.module.base [DEBUG]: Entering analysis module: IntegerArithmetics
mythril.analysis.module.base [DEBUG]: Exiting analysis module: IntegerArithmetics
mythril.laser.ethereum.instructions [DEBUG]: Evaluating JUMPI at 24
mythril.laser.ethereum.svm [DEBUG]: - Entering function MAIN:unknown
mythril.analysis.module.base [DEBUG]: Entering analysis module: TxOrigin
mythril.analysis.module.base [DEBUG]: Exiting analysis module: TxOrigin
mythril.analysis.module.base [DEBUG]: Entering analysis module: IntegerArithmetics
mythril.analysis.module.base [DEBUG]: Exiting analysis module: IntegerArithmetics
mythril.laser.ethereum.instructions [DEBUG]: Evaluating JUMPI at 33
mythril.laser.ethereum.instructions [DEBUG]: Evaluating JUMPDEST at 25
mythril.laser.ethereum.instructions [DEBUG]: Evaluating JUMPDEST at 43
mythril.laser.ethereum.instructions [DEBUG]: Evaluating PUSH1 at 34
mythril.laser.ethereum.instructions [DEBUG]: Evaluating JUMPDEST at 37
mythril.laser.ethereum.instructions [DEBUG]: Evaluating PUSH1 at 26
mythril.laser.ethereum.instructions [DEBUG]: Evaluating PUSH2 at 44
mythril.laser.ethereum.instructions [DEBUG]: Evaluating DUP1 at 35
mythril.laser.ethereum.instructions [DEBUG]: Evaluating PUSH2 at 38
mythril.laser.ethereum.instructions [DEBUG]: Evaluating DUP1 at 27
mythril.laser.ethereum.instructions [DEBUG]: Evaluating PUSH2 at 45
mythril.laser.ethereum.instructions [DEBUG]: Evaluating REVERT at 36
mythril.laser.ethereum.svm [DEBUG]: Ending transaction MessageCallTransaction 1 from sender_1 to                                        0x0.
mythril.laser.ethereum.instructions [DEBUG]: Evaluating PUSH2 at 39
mythril.laser.ethereum.instructions [DEBUG]: Evaluating REVERT at 28
mythril.laser.ethereum.svm [DEBUG]: Ending transaction MessageCallTransaction 1 from sender_1 to                                        0x0.
mythril.laser.ethereum.instructions [DEBUG]: Evaluating JUMP at 46
mythril.laser.ethereum.instructions [DEBUG]: Evaluating JUMP at 40
mythril.laser.ethereum.instructions [DEBUG]: Evaluating JUMPDEST at 154
mythril.laser.ethereum.instructions [DEBUG]: Evaluating JUMPDEST at 49
mythril.laser.ethereum.instructions [DEBUG]: Evaluating CALLVALUE at 155
mythril.laser.ethereum.instructions [DEBUG]: Evaluating PUSH1 at 50
mythril.laser.ethereum.instructions [DEBUG]: Evaluating PUSH1 at 156
mythril.laser.ethereum.instructions [DEBUG]: Evaluating DUP1 at 51
mythril.laser.ethereum.instructions [DEBUG]: Evaluating DUP1 at 157
mythril.laser.ethereum.instructions [DEBUG]: Evaluating PUSH1 at 52
mythril.laser.ethereum.instructions [DEBUG]: Evaluating CALLER at 158
mythril.laser.ethereum.instructions [DEBUG]: Evaluating DUP1 at 53
mythril.laser.ethereum.instructions [DEBUG]: Evaluating PUSH20 at 159
mythril.laser.ethereum.instructions [DEBUG]: Evaluating CALLER at 54
mythril.laser.ethereum.instructions [DEBUG]: Evaluating AND at 160
mythril.laser.ethereum.instructions [DEBUG]: Evaluating PUSH20 at 55
mythril.laser.ethereum.instructions [DEBUG]: Evaluating PUSH20 at 161
mythril.laser.ethereum.instructions [DEBUG]: Evaluating AND at 56
mythril.laser.ethereum.instructions [DEBUG]: Evaluating AND at 162
mythril.laser.ethereum.instructions [DEBUG]: Evaluating PUSH20 at 57
mythril.laser.ethereum.instructions [DEBUG]: Evaluating DUP2 at 163
mythril.laser.ethereum.instructions [DEBUG]: Evaluating AND at 58
mythril.laser.ethereum.instructions [DEBUG]: Evaluating MSTORE at 164
mythril.laser.ethereum.instructions [DEBUG]: Evaluating DUP2 at 59
mythril.laser.ethereum.instructions [DEBUG]: Evaluating PUSH1 at 165
mythril.laser.ethereum.instructions [DEBUG]: Evaluating MSTORE at 60
mythril.analysis.module.base [DEBUG]: Entering analysis module: IntegerArithmetics
mythril.analysis.module.base [DEBUG]: Exiting analysis module: IntegerArithmetics
mythril.laser.ethereum.instructions [DEBUG]: Evaluating ADD at 166
mythril.laser.ethereum.instructions [DEBUG]: Evaluating PUSH1 at 61
mythril.laser.ethereum.instructions [DEBUG]: Evaluating SWAP1 at 167
mythril.analysis.module.base [DEBUG]: Entering analysis module: IntegerArithmetics
mythril.analysis.module.base [DEBUG]: Exiting analysis module: IntegerArithmetics
mythril.laser.ethereum.instructions [DEBUG]: Evaluating ADD at 62
mythril.laser.ethereum.instructions [DEBUG]: Evaluating DUP2 at 168
mythril.laser.ethereum.instructions [DEBUG]: Evaluating SWAP1 at 63
mythril.laser.ethereum.instructions [DEBUG]: Evaluating MSTORE at 169
mythril.laser.ethereum.instructions [DEBUG]: Evaluating DUP2 at 64
mythril.laser.ethereum.instructions [DEBUG]: Evaluating PUSH1 at 170
mythril.laser.ethereum.instructions [DEBUG]: Evaluating MSTORE at 65
mythril.analysis.module.base [DEBUG]: Entering analysis module: IntegerArithmetics
mythril.analysis.module.base [DEBUG]: Exiting analysis module: IntegerArithmetics
mythril.laser.ethereum.instructions [DEBUG]: Evaluating ADD at 171
mythril.laser.ethereum.instructions [DEBUG]: Evaluating PUSH1 at 66
mythril.laser.ethereum.instructions [DEBUG]: Evaluating PUSH1 at 172
mythril.analysis.module.base [DEBUG]: Entering analysis module: IntegerArithmetics
mythril.analysis.module.base [DEBUG]: Exiting analysis module: IntegerArithmetics
mythril.laser.ethereum.instructions [DEBUG]: Evaluating ADD at 67
mythril.laser.ethereum.instructions [DEBUG]: Evaluating SHA3 at 173
mythril.laser.ethereum.instructions [DEBUG]: Evaluating PUSH1 at 68
mythril.laser.ethereum.instructions [DEBUG]: Evaluating PUSH1 at 174
mythril.laser.ethereum.instructions [DEBUG]: Evaluating SHA3 at 69
mythril.laser.ethereum.instructions [DEBUG]: Evaluating DUP3 at 175
mythril.laser.ethereum.instructions [DEBUG]: Evaluating SLOAD at 70
mythril.laser.ethereum.instructions [DEBUG]: Evaluating DUP3 at 176
mythril.laser.ethereum.instructions [DEBUG]: Evaluating SWAP2 at 71
mythril.laser.ethereum.instructions [DEBUG]: Evaluating SLOAD at 177
mythril.laser.ethereum.instructions [DEBUG]: Evaluating POP at 72
mythril.analysis.module.base [DEBUG]: Entering analysis module: IntegerArithmetics
mythril.analysis.module.base [DEBUG]: Exiting analysis module: IntegerArithmetics
mythril.laser.ethereum.instructions [DEBUG]: Evaluating ADD at 178
mythril.laser.ethereum.instructions [DEBUG]: Evaluating PUSH1 at 73
mythril.laser.ethereum.instructions [DEBUG]: Evaluating SWAP3 at 179
mythril.laser.ethereum.instructions [DEBUG]: Evaluating DUP3 at 74
mythril.laser.ethereum.instructions [DEBUG]: Evaluating POP at 180
mythril.laser.ethereum.instructions [DEBUG]: Evaluating GT at 75
mythril.laser.ethereum.instructions [DEBUG]: Evaluating POP at 181
mythril.laser.ethereum.instructions [DEBUG]: Evaluating ISZERO at 76
mythril.laser.ethereum.instructions [DEBUG]: Evaluating DUP2 at 182
mythril.laser.ethereum.instructions [DEBUG]: Evaluating PUSH2 at 77
mythril.laser.ethereum.instructions [DEBUG]: Evaluating SWAP1 at 183
mythril.analysis.module.base [DEBUG]: Entering analysis module: TxOrigin
mythril.analysis.module.base [DEBUG]: Exiting analysis module: TxOrigin
mythril.analysis.module.base [DEBUG]: Entering analysis module: IntegerArithmetics
mythril.analysis.module.base [DEBUG]: Exiting analysis module: IntegerArithmetics
mythril.laser.ethereum.instructions [DEBUG]: Evaluating JUMPI at 78
mythril.laser.ethereum.instructions [DEBUG]: Pruned unreachable states.
mythril.analysis.module.base [DEBUG]: Entering analysis module: ArbitraryStorage
mythril.analysis.module.base [DEBUG]: Exiting analysis module: ArbitraryStorage
mythril.analysis.module.base [DEBUG]: Entering analysis module: IntegerArithmetics
mythril.analysis.module.base [DEBUG]: Exiting analysis module: IntegerArithmetics
mythril.analysis.module.base [DEBUG]: Entering analysis module: StateChangeAfterCall
mythril.analysis.module.base [DEBUG]: Exiting analysis module: StateChangeAfterCall
mythril.laser.ethereum.instructions [DEBUG]: Evaluating SSTORE at 184
mythril.laser.ethereum.instructions [DEBUG]: Evaluating JUMPDEST at 150
mythril.laser.ethereum.instructions [DEBUG]: Evaluating POP at 185
mythril.laser.ethereum.instructions [DEBUG]: Evaluating POP at 151
mythril.laser.ethereum.instructions [DEBUG]: Evaluating CALLVALUE at 186
mythril.laser.ethereum.instructions [DEBUG]: Evaluating POP at 152
mythril.laser.ethereum.instructions [DEBUG]: Evaluating PUSH1 at 187
mythril.laser.ethereum.instructions [DEBUG]: Evaluating JUMP at 153
mythril.laser.ethereum.instructions [DEBUG]: Evaluating PUSH1 at 188
mythril.laser.ethereum.instructions [DEBUG]: Evaluating JUMPDEST at 41
mythril.laser.ethereum.instructions [DEBUG]: Evaluating DUP3 at 189
mythril.analysis.module.base [DEBUG]: Entering analysis module: IntegerArithmetics
mythril.analysis.module.base [DEBUG]: Exiting analysis module: IntegerArithmetics
mythril.analysis.module.base [DEBUG]: Entering analysis module: UncheckedRetval
mythril.analysis.module.base [DEBUG]: Exiting analysis module: UncheckedRetval
mythril.laser.ethereum.instructions [DEBUG]: Evaluating STOP at 42
mythril.laser.ethereum.svm [DEBUG]: Ending transaction MessageCallTransaction 1 from sender_1 to                                        0x0.
mythril.laser.ethereum.instructions [DEBUG]: Evaluating DUP3 at 190
mythril.laser.ethereum.instructions [DEBUG]: Evaluating SLOAD at 191
mythril.analysis.module.base [DEBUG]: Entering analysis module: IntegerArithmetics
mythril.analysis.module.base [DEBUG]: Exiting analysis module: IntegerArithmetics
mythril.laser.ethereum.instructions [DEBUG]: Evaluating ADD at 192
mythril.laser.ethereum.instructions [DEBUG]: Evaluating SWAP3 at 193
mythril.laser.ethereum.instructions [DEBUG]: Evaluating POP at 194
mythril.laser.ethereum.instructions [DEBUG]: Evaluating POP at 195
mythril.laser.ethereum.instructions [DEBUG]: Evaluating DUP2 at 196
mythril.laser.ethereum.instructions [DEBUG]: Evaluating SWAP1 at 197
mythril.analysis.module.base [DEBUG]: Entering analysis module: ArbitraryStorage
mythril.analysis.module.base [DEBUG]: Exiting analysis module: ArbitraryStorage
mythril.analysis.module.base [DEBUG]: Entering analysis module: IntegerArithmetics
mythril.analysis.module.base [DEBUG]: Exiting analysis module: IntegerArithmetics
mythril.analysis.module.base [DEBUG]: Entering analysis module: StateChangeAfterCall
mythril.analysis.module.base [DEBUG]: Exiting analysis module: StateChangeAfterCall
mythril.laser.ethereum.instructions [DEBUG]: Evaluating SSTORE at 198
mythril.laser.ethereum.instructions [DEBUG]: Evaluating POP at 199
mythril.laser.ethereum.instructions [DEBUG]: Evaluating JUMP at 200
mythril.laser.ethereum.instructions [DEBUG]: Evaluating JUMPDEST at 47
mythril.analysis.module.base [DEBUG]: Entering analysis module: IntegerArithmetics
mythril.analysis.module.base [DEBUG]: Exiting analysis module: IntegerArithmetics
mythril.analysis.module.base [DEBUG]: Entering analysis module: UncheckedRetval
mythril.analysis.module.base [DEBUG]: Exiting analysis module: UncheckedRetval
mythril.laser.ethereum.instructions [DEBUG]: Evaluating STOP at 48
mythril.laser.ethereum.svm [DEBUG]: Ending transaction MessageCallTransaction 1 from sender_1 to                                        0x0.
mythril.laser.plugin.plugins.coverage.coverage_plugin [INFO]: Number of new instructions covered in tx 0: 130
mythril.laser.ethereum.svm [INFO]: Starting message call transaction, iteration: 1, 1 initial states
mythril.laser.ethereum.instructions [DEBUG]: Evaluating PUSH1 at 0
mythril.laser.ethereum.instructions [DEBUG]: Evaluating PUSH1 at 1
mythril.laser.ethereum.instructions [DEBUG]: Evaluating MSTORE at 2
mythril.laser.ethereum.instructions [DEBUG]: Evaluating PUSH1 at 3
mythril.laser.ethereum.instructions [DEBUG]: Evaluating CALLDATASIZE at 4
mythril.laser.ethereum.instructions [DEBUG]: Evaluating LT at 5
mythril.laser.ethereum.instructions [DEBUG]: Evaluating PUSH2 at 6
mythril.analysis.module.base [DEBUG]: Entering analysis module: TxOrigin
mythril.analysis.module.base [DEBUG]: Exiting analysis module: TxOrigin
mythril.analysis.module.base [DEBUG]: Entering analysis module: IntegerArithmetics
mythril.analysis.module.base [DEBUG]: Exiting analysis module: IntegerArithmetics
mythril.laser.ethereum.instructions [DEBUG]: Evaluating JUMPI at 7
mythril.laser.ethereum.instructions [DEBUG]: Evaluating PUSH1 at 8
mythril.laser.ethereum.instructions [DEBUG]: Evaluating JUMPDEST at 25
mythril.laser.ethereum.instructions [DEBUG]: Evaluating CALLDATALOAD at 9
mythril.laser.ethereum.instructions [DEBUG]: Evaluating PUSH1 at 26
mythril.laser.ethereum.instructions [DEBUG]: Evaluating PUSH29 at 10
mythril.laser.ethereum.instructions [DEBUG]: Evaluating DUP1 at 27
mythril.laser.ethereum.instructions [DEBUG]: Evaluating SWAP1 at 11
mythril.laser.ethereum.instructions [DEBUG]: Evaluating REVERT at 28
mythril.laser.ethereum.svm [DEBUG]: Ending transaction MessageCallTransaction 2 from sender_2 to                                        0x0.
mythril.laser.ethereum.instructions [DEBUG]: Evaluating DIV at 12
mythril.laser.ethereum.instructions [DEBUG]: Evaluating PUSH4 at 13
mythril.laser.ethereum.instructions [DEBUG]: Evaluating AND at 14
mythril.laser.ethereum.instructions [DEBUG]: Evaluating DUP1 at 15
mythril.laser.ethereum.instructions [DEBUG]: Evaluating PUSH4 at 16
mythril.laser.ethereum.instructions [DEBUG]: Evaluating EQ at 17
mythril.laser.ethereum.instructions [DEBUG]: Evaluating PUSH2 at 18
mythril.analysis.module.base [DEBUG]: Entering analysis module: TxOrigin
mythril.analysis.module.base [DEBUG]: Exiting analysis module: TxOrigin
mythril.analysis.module.base [DEBUG]: Entering analysis module: IntegerArithmetics
mythril.analysis.module.base [DEBUG]: Exiting analysis module: IntegerArithmetics
mythril.laser.ethereum.instructions [DEBUG]: Evaluating JUMPI at 19
mythril.laser.ethereum.svm [DEBUG]: - Entering function MAIN:unknown
mythril.laser.ethereum.instructions [DEBUG]: Evaluating DUP1 at 20
mythril.laser.ethereum.instructions [DEBUG]: Evaluating JUMPDEST at 29
mythril.laser.ethereum.instructions [DEBUG]: Evaluating PUSH4 at 21
mythril.laser.ethereum.instructions [DEBUG]: Evaluating CALLVALUE at 30
mythril.laser.ethereum.instructions [DEBUG]: Evaluating EQ at 22
mythril.laser.ethereum.instructions [DEBUG]: Evaluating ISZERO at 31
mythril.laser.ethereum.instructions [DEBUG]: Evaluating PUSH2 at 23
mythril.laser.ethereum.instructions [DEBUG]: Evaluating PUSH2 at 32
mythril.analysis.module.base [DEBUG]: Entering analysis module: TxOrigin
mythril.analysis.module.base [DEBUG]: Exiting analysis module: TxOrigin
mythril.analysis.module.base [DEBUG]: Entering analysis module: IntegerArithmetics
mythril.analysis.module.base [DEBUG]: Exiting analysis module: IntegerArithmetics
mythril.laser.ethereum.instructions [DEBUG]: Evaluating JUMPI at 24
mythril.laser.plugin.plugins.dependency_pruner [DEBUG]: Skipping state: Storage slots {1, keccak256_512(Concat(0, Extract(159, 0, sender_1), 0))} not read in block at address 76, function
mythril.laser.ethereum.svm [DEBUG]: - Entering function MAIN:unknown
mythril.analysis.module.base [DEBUG]: Entering analysis module: TxOrigin
mythril.analysis.module.base [DEBUG]: Exiting analysis module: TxOrigin
mythril.analysis.module.base [DEBUG]: Entering analysis module: IntegerArithmetics
mythril.analysis.module.base [DEBUG]: Exiting analysis module: IntegerArithmetics
mythril.laser.ethereum.instructions [DEBUG]: Evaluating JUMPI at 33
mythril.laser.ethereum.instructions [DEBUG]: Evaluating JUMPDEST at 43
mythril.laser.ethereum.instructions [DEBUG]: Evaluating PUSH1 at 34
mythril.laser.ethereum.instructions [DEBUG]: Evaluating JUMPDEST at 37
mythril.laser.ethereum.instructions [DEBUG]: Evaluating PUSH2 at 44
mythril.laser.ethereum.instructions [DEBUG]: Evaluating DUP1 at 35
mythril.laser.ethereum.instructions [DEBUG]: Evaluating PUSH2 at 38
mythril.laser.ethereum.instructions [DEBUG]: Evaluating PUSH2 at 45
mythril.laser.ethereum.instructions [DEBUG]: Evaluating REVERT at 36
mythril.laser.ethereum.svm [DEBUG]: Ending transaction MessageCallTransaction 2 from sender_2 to                                        0x0.
mythril.laser.ethereum.instructions [DEBUG]: Evaluating PUSH2 at 39
mythril.laser.ethereum.instructions [DEBUG]: Evaluating JUMP at 46
mythril.laser.ethereum.instructions [DEBUG]: Evaluating JUMP at 40
mythril.laser.ethereum.instructions [DEBUG]: Evaluating JUMPDEST at 154
mythril.laser.ethereum.instructions [DEBUG]: Evaluating JUMPDEST at 49
mythril.laser.ethereum.instructions [DEBUG]: Evaluating CALLVALUE at 155
mythril.laser.ethereum.instructions [DEBUG]: Evaluating PUSH1 at 50
mythril.laser.ethereum.instructions [DEBUG]: Evaluating PUSH1 at 156
mythril.laser.ethereum.instructions [DEBUG]: Evaluating DUP1 at 51
mythril.laser.ethereum.instructions [DEBUG]: Evaluating DUP1 at 157
mythril.laser.ethereum.instructions [DEBUG]: Evaluating PUSH1 at 52
mythril.laser.ethereum.instructions [DEBUG]: Evaluating CALLER at 158
mythril.laser.ethereum.instructions [DEBUG]: Evaluating DUP1 at 53
mythril.laser.ethereum.instructions [DEBUG]: Evaluating PUSH20 at 159
mythril.laser.ethereum.instructions [DEBUG]: Evaluating CALLER at 54
mythril.laser.ethereum.instructions [DEBUG]: Evaluating AND at 160
mythril.laser.ethereum.instructions [DEBUG]: Evaluating PUSH20 at 55
mythril.laser.ethereum.instructions [DEBUG]: Evaluating PUSH20 at 161
mythril.laser.ethereum.instructions [DEBUG]: Evaluating AND at 56
mythril.laser.ethereum.instructions [DEBUG]: Evaluating AND at 162
mythril.laser.ethereum.instructions [DEBUG]: Evaluating PUSH20 at 57
mythril.laser.ethereum.instructions [DEBUG]: Evaluating DUP2 at 163
mythril.laser.ethereum.instructions [DEBUG]: Evaluating AND at 58
mythril.laser.ethereum.instructions [DEBUG]: Evaluating MSTORE at 164
mythril.laser.ethereum.instructions [DEBUG]: Evaluating DUP2 at 59
mythril.laser.ethereum.instructions [DEBUG]: Evaluating PUSH1 at 165
mythril.laser.ethereum.instructions [DEBUG]: Evaluating MSTORE at 60
mythril.analysis.module.base [DEBUG]: Entering analysis module: IntegerArithmetics
mythril.analysis.module.base [DEBUG]: Exiting analysis module: IntegerArithmetics
mythril.laser.ethereum.instructions [DEBUG]: Evaluating ADD at 166
mythril.laser.ethereum.instructions [DEBUG]: Evaluating PUSH1 at 61
mythril.laser.ethereum.instructions [DEBUG]: Evaluating SWAP1 at 167
mythril.analysis.module.base [DEBUG]: Entering analysis module: IntegerArithmetics
mythril.analysis.module.base [DEBUG]: Exiting analysis module: IntegerArithmetics
mythril.laser.ethereum.instructions [DEBUG]: Evaluating ADD at 62
mythril.laser.ethereum.instructions [DEBUG]: Evaluating DUP2 at 168
mythril.laser.ethereum.instructions [DEBUG]: Evaluating SWAP1 at 63
mythril.laser.ethereum.instructions [DEBUG]: Evaluating MSTORE at 169
mythril.laser.ethereum.instructions [DEBUG]: Evaluating DUP2 at 64
mythril.laser.ethereum.instructions [DEBUG]: Evaluating PUSH1 at 170
mythril.laser.ethereum.instructions [DEBUG]: Evaluating MSTORE at 65
mythril.analysis.module.base [DEBUG]: Entering analysis module: IntegerArithmetics
mythril.analysis.module.base [DEBUG]: Exiting analysis module: IntegerArithmetics
mythril.laser.ethereum.instructions [DEBUG]: Evaluating ADD at 171
mythril.laser.ethereum.instructions [DEBUG]: Evaluating PUSH1 at 66
mythril.laser.ethereum.instructions [DEBUG]: Evaluating PUSH1 at 172
mythril.analysis.module.base [DEBUG]: Entering analysis module: IntegerArithmetics
mythril.analysis.module.base [DEBUG]: Exiting analysis module: IntegerArithmetics
mythril.laser.ethereum.instructions [DEBUG]: Evaluating ADD at 67
mythril.laser.ethereum.instructions [DEBUG]: Evaluating SHA3 at 173
mythril.laser.ethereum.instructions [DEBUG]: Evaluating PUSH1 at 68
mythril.laser.ethereum.instructions [DEBUG]: Evaluating PUSH1 at 174
mythril.laser.ethereum.instructions [DEBUG]: Evaluating SHA3 at 69
mythril.laser.ethereum.instructions [DEBUG]: Evaluating DUP3 at 175
mythril.laser.ethereum.instructions [DEBUG]: Evaluating SLOAD at 70
mythril.laser.ethereum.instructions [DEBUG]: Evaluating DUP3 at 176
mythril.laser.ethereum.instructions [DEBUG]: Evaluating SWAP2 at 71
mythril.laser.ethereum.instructions [DEBUG]: Evaluating SLOAD at 177
mythril.laser.ethereum.instructions [DEBUG]: Evaluating POP at 72
mythril.analysis.module.base [DEBUG]: Entering analysis module: IntegerArithmetics
mythril.analysis.module.base [DEBUG]: Exiting analysis module: IntegerArithmetics
mythril.laser.ethereum.instructions [DEBUG]: Evaluating ADD at 178
mythril.laser.ethereum.instructions [DEBUG]: Evaluating PUSH1 at 73
mythril.laser.ethereum.instructions [DEBUG]: Evaluating SWAP3 at 179
mythril.laser.ethereum.instructions [DEBUG]: Evaluating DUP3 at 74
mythril.laser.ethereum.instructions [DEBUG]: Evaluating POP at 180
mythril.laser.ethereum.instructions [DEBUG]: Evaluating GT at 75
mythril.laser.ethereum.instructions [DEBUG]: Evaluating POP at 181
mythril.laser.ethereum.instructions [DEBUG]: Evaluating ISZERO at 76
mythril.laser.ethereum.instructions [DEBUG]: Evaluating DUP2 at 182
mythril.laser.ethereum.instructions [DEBUG]: Evaluating PUSH2 at 77
mythril.laser.ethereum.instructions [DEBUG]: Evaluating SWAP1 at 183
mythril.analysis.module.base [DEBUG]: Entering analysis module: TxOrigin
mythril.analysis.module.base [DEBUG]: Exiting analysis module: TxOrigin
mythril.analysis.module.base [DEBUG]: Entering analysis module: IntegerArithmetics
mythril.analysis.module.base [DEBUG]: Exiting analysis module: IntegerArithmetics
mythril.laser.ethereum.instructions [DEBUG]: Evaluating JUMPI at 78
mythril.analysis.module.base [DEBUG]: Entering analysis module: ArbitraryStorage
mythril.analysis.module.base [DEBUG]: Exiting analysis module: ArbitraryStorage
mythril.analysis.module.base [DEBUG]: Entering analysis module: IntegerArithmetics
mythril.analysis.module.base [DEBUG]: Exiting analysis module: IntegerArithmetics
mythril.analysis.module.base [DEBUG]: Entering analysis module: StateChangeAfterCall
mythril.analysis.module.base [DEBUG]: Exiting analysis module: StateChangeAfterCall
mythril.laser.ethereum.instructions [DEBUG]: Evaluating SSTORE at 184
mythril.laser.ethereum.instructions [DEBUG]: Evaluating DUP2 at 79
mythril.laser.ethereum.instructions [DEBUG]: Evaluating JUMPDEST at 150
mythril.laser.ethereum.instructions [DEBUG]: Evaluating POP at 185
mythril.laser.ethereum.instructions [DEBUG]: Evaluating PUSH1 at 80
mythril.laser.ethereum.instructions [DEBUG]: Evaluating POP at 151
mythril.laser.ethereum.instructions [DEBUG]: Evaluating CALLVALUE at 186
mythril.laser.ethereum.instructions [DEBUG]: Evaluating PUSH1 at 81
mythril.laser.ethereum.instructions [DEBUG]: Evaluating POP at 152
mythril.laser.ethereum.instructions [DEBUG]: Evaluating PUSH1 at 187
mythril.laser.ethereum.instructions [DEBUG]: Evaluating DUP3 at 82
mythril.laser.ethereum.instructions [DEBUG]: Evaluating JUMP at 153
mythril.laser.ethereum.instructions [DEBUG]: Evaluating PUSH1 at 188
mythril.laser.ethereum.instructions [DEBUG]: Evaluating DUP3 at 83
mythril.laser.ethereum.instructions [DEBUG]: Evaluating JUMPDEST at 41
mythril.laser.ethereum.instructions [DEBUG]: Evaluating DUP3 at 189
mythril.laser.ethereum.instructions [DEBUG]: Evaluating SLOAD at 84
mythril.analysis.module.base [DEBUG]: Entering analysis module: IntegerArithmetics
mythril.analysis.module.base [DEBUG]: Exiting analysis module: IntegerArithmetics
mythril.analysis.module.base [DEBUG]: Entering analysis module: UncheckedRetval
mythril.analysis.module.base [DEBUG]: Exiting analysis module: UncheckedRetval
mythril.laser.ethereum.instructions [DEBUG]: Evaluating STOP at 42
mythril.laser.ethereum.svm [DEBUG]: Ending transaction MessageCallTransaction 2 from sender_2 to                                        0x0.
mythril.laser.ethereum.instructions [DEBUG]: Evaluating DUP3 at 190
mythril.analysis.module.base [DEBUG]: Entering analysis module: IntegerArithmetics
mythril.analysis.module.base [DEBUG]: Exiting analysis module: IntegerArithmetics
mythril.laser.ethereum.instructions [DEBUG]: Evaluating SUB at 85
mythril.laser.ethereum.instructions [DEBUG]: Evaluating SLOAD at 191
mythril.laser.ethereum.instructions [DEBUG]: Evaluating SWAP3 at 86
mythril.analysis.module.base [DEBUG]: Entering analysis module: IntegerArithmetics
mythril.analysis.module.base [DEBUG]: Exiting analysis module: IntegerArithmetics
mythril.laser.ethereum.instructions [DEBUG]: Evaluating ADD at 192
mythril.laser.ethereum.instructions [DEBUG]: Evaluating POP at 87
mythril.laser.ethereum.instructions [DEBUG]: Evaluating SWAP3 at 193
mythril.laser.ethereum.instructions [DEBUG]: Evaluating POP at 88
mythril.laser.ethereum.instructions [DEBUG]: Evaluating POP at 194
mythril.laser.ethereum.instructions [DEBUG]: Evaluating DUP2 at 89
mythril.laser.ethereum.instructions [DEBUG]: Evaluating POP at 195
mythril.laser.ethereum.instructions [DEBUG]: Evaluating SWAP1 at 90
mythril.laser.ethereum.instructions [DEBUG]: Evaluating DUP2 at 196
mythril.analysis.module.base [DEBUG]: Entering analysis module: ArbitraryStorage
mythril.analysis.module.base [DEBUG]: Exiting analysis module: ArbitraryStorage
mythril.analysis.module.base [DEBUG]: Entering analysis module: IntegerArithmetics
mythril.analysis.module.base [DEBUG]: Exiting analysis module: IntegerArithmetics
mythril.analysis.module.base [DEBUG]: Entering analysis module: StateChangeAfterCall
mythril.analysis.module.base [DEBUG]: Exiting analysis module: StateChangeAfterCall
mythril.laser.ethereum.instructions [DEBUG]: Evaluating SSTORE at 91
mythril.laser.ethereum.instructions [DEBUG]: Evaluating SWAP1 at 197
mythril.laser.ethereum.instructions [DEBUG]: Evaluating POP at 92
mythril.analysis.module.base [DEBUG]: Entering analysis module: ArbitraryStorage
mythril.analysis.module.base [DEBUG]: Exiting analysis module: ArbitraryStorage
mythril.analysis.module.base [DEBUG]: Entering analysis module: IntegerArithmetics
mythril.analysis.module.base [DEBUG]: Exiting analysis module: IntegerArithmetics
mythril.analysis.module.base [DEBUG]: Entering analysis module: StateChangeAfterCall
mythril.analysis.module.base [DEBUG]: Exiting analysis module: StateChangeAfterCall
mythril.laser.ethereum.instructions [DEBUG]: Evaluating SSTORE at 198
mythril.laser.ethereum.instructions [DEBUG]: Evaluating CALLER at 93
mythril.laser.ethereum.instructions [DEBUG]: Evaluating POP at 199
mythril.laser.ethereum.instructions [DEBUG]: Evaluating PUSH20 at 94
mythril.laser.ethereum.instructions [DEBUG]: Evaluating JUMP at 200
mythril.laser.ethereum.instructions [DEBUG]: Evaluating AND at 95
mythril.laser.ethereum.instructions [DEBUG]: Evaluating JUMPDEST at 47
mythril.laser.ethereum.instructions [DEBUG]: Evaluating DUP3 at 96
mythril.analysis.module.base [DEBUG]: Entering analysis module: IntegerArithmetics
mythril.analysis.module.modules.integer [DEBUG]: Checking overflow in STOP at transaction end address 111, ostate address 425
mythril.support.model [DEBUG]: Timeout/Error encountered while solving expression using z3
mythril.analysis.module.base [DEBUG]: Exiting analysis module: IntegerArithmetics
mythril.analysis.module.base [DEBUG]: Entering analysis module: UncheckedRetval
mythril.analysis.module.base [DEBUG]: Exiting analysis module: UncheckedRetval
mythril.laser.ethereum.instructions [DEBUG]: Evaluating STOP at 48
mythril.laser.ethereum.svm [DEBUG]: Ending transaction MessageCallTransaction 2 from sender_2 to                                        0x0.
mythril.laser.ethereum.instructions [DEBUG]: Evaluating PUSH1 at 97
mythril.laser.ethereum.instructions [DEBUG]: Evaluating MLOAD at 98
mythril.laser.ethereum.instructions [DEBUG]: Evaluating PUSH1 at 99
mythril.laser.ethereum.instructions [DEBUG]: Evaluating PUSH1 at 100
mythril.laser.ethereum.instructions [DEBUG]: Evaluating MLOAD at 101
mythril.laser.ethereum.instructions [DEBUG]: Evaluating DUP1 at 102
mythril.laser.ethereum.instructions [DEBUG]: Evaluating DUP4 at 103
mythril.analysis.module.base [DEBUG]: Entering analysis module: IntegerArithmetics
mythril.analysis.module.base [DEBUG]: Exiting analysis module: IntegerArithmetics
mythril.laser.ethereum.instructions [DEBUG]: Evaluating SUB at 104
mythril.laser.ethereum.instructions [DEBUG]: Evaluating DUP2 at 105
mythril.laser.ethereum.instructions [DEBUG]: Evaluating DUP6 at 106
mythril.laser.ethereum.instructions [DEBUG]: Evaluating DUP8 at 107
mythril.laser.ethereum.instructions [DEBUG]: Evaluating PUSH2 at 108
mythril.laser.ethereum.instructions [DEBUG]: Evaluating GAS at 109
mythril.analysis.module.base [DEBUG]: Entering analysis module: IntegerArithmetics
mythril.analysis.module.base [DEBUG]: Exiting analysis module: IntegerArithmetics
mythril.laser.ethereum.instructions [DEBUG]: Evaluating SUB at 110
mythril.analysis.module.base [DEBUG]: Entering analysis module: IntegerArithmetics
mythril.analysis.module.base [DEBUG]: Exiting analysis module: IntegerArithmetics
mythril.analysis.module.base [DEBUG]: Entering analysis module: StateChangeAfterCall
mythril.analysis.module.base [DEBUG]: Exiting analysis module: StateChangeAfterCall
mythril.laser.ethereum.instructions [DEBUG]: Evaluating CALL at 111
mythril.laser.ethereum.call [DEBUG]: Symbolic call encountered
mythril.laser.ethereum.call [DEBUG]: CALL to: Concat(0, Extract(159, 0, sender_2))
mythril.laser.ethereum.instructions [DEBUG]: The call is related to ether transfer between accounts
mythril.analysis.module.base [DEBUG]: Entering analysis module: EtherThief
mythril.support.model [DEBUG]: Timeout/Error encountered while solving expression using z3
mythril.analysis.module.base [DEBUG]: Exiting analysis module: EtherThief
mythril.analysis.module.base [DEBUG]: Entering analysis module: UncheckedRetval
mythril.analysis.module.modules.unchecked_retval [DEBUG]: End of call, extracting retval
mythril.analysis.module.base [DEBUG]: Exiting analysis module: UncheckedRetval
mythril.laser.ethereum.instructions [DEBUG]: Evaluating SWAP3 at 112
mythril.laser.ethereum.instructions [DEBUG]: Evaluating POP at 113
mythril.laser.ethereum.instructions [DEBUG]: Evaluating POP at 114
mythril.laser.ethereum.instructions [DEBUG]: Evaluating POP at 115
mythril.laser.ethereum.instructions [DEBUG]: Evaluating SWAP1 at 116
mythril.laser.ethereum.instructions [DEBUG]: Evaluating POP at 117
mythril.laser.ethereum.instructions [DEBUG]: Evaluating DUP1 at 118
mythril.laser.ethereum.instructions [DEBUG]: Evaluating ISZERO at 119
mythril.laser.ethereum.instructions [DEBUG]: Evaluating ISZERO at 120
mythril.laser.ethereum.instructions [DEBUG]: Evaluating PUSH2 at 121
mythril.analysis.module.base [DEBUG]: Entering analysis module: TxOrigin
mythril.analysis.module.base [DEBUG]: Exiting analysis module: TxOrigin
mythril.analysis.module.base [DEBUG]: Entering analysis module: IntegerArithmetics
mythril.analysis.module.base [DEBUG]: Exiting analysis module: IntegerArithmetics
mythril.laser.ethereum.instructions [DEBUG]: Evaluating JUMPI at 122
mythril.laser.ethereum.instructions [DEBUG]: Evaluating PUSH1 at 123
mythril.laser.ethereum.instructions [DEBUG]: Evaluating JUMPDEST at 126
mythril.laser.ethereum.instructions [DEBUG]: Evaluating DUP1 at 124
mythril.laser.ethereum.instructions [DEBUG]: Evaluating PUSH1 at 127
mythril.laser.ethereum.instructions [DEBUG]: Evaluating REVERT at 125
mythril.laser.ethereum.svm [DEBUG]: Ending transaction MessageCallTransaction 2 from sender_2 to                                        0x0.
mythril.laser.ethereum.instructions [DEBUG]: Evaluating DUP1 at 128
mythril.laser.ethereum.instructions [DEBUG]: Evaluating PUSH1 at 129
mythril.laser.ethereum.instructions [DEBUG]: Evaluating CALLER at 130
mythril.laser.ethereum.instructions [DEBUG]: Evaluating PUSH20 at 131
mythril.laser.ethereum.instructions [DEBUG]: Evaluating AND at 132
mythril.laser.ethereum.instructions [DEBUG]: Evaluating PUSH20 at 133
mythril.laser.ethereum.instructions [DEBUG]: Evaluating AND at 134
mythril.laser.ethereum.instructions [DEBUG]: Evaluating DUP2 at 135
mythril.laser.ethereum.instructions [DEBUG]: Evaluating MSTORE at 136
mythril.laser.ethereum.instructions [DEBUG]: Evaluating PUSH1 at 137
mythril.analysis.module.base [DEBUG]: Entering analysis module: IntegerArithmetics
mythril.analysis.module.base [DEBUG]: Exiting analysis module: IntegerArithmetics
mythril.laser.ethereum.instructions [DEBUG]: Evaluating ADD at 138
mythril.laser.ethereum.instructions [DEBUG]: Evaluating SWAP1 at 139
mythril.laser.ethereum.instructions [DEBUG]: Evaluating DUP2 at 140
mythril.laser.ethereum.instructions [DEBUG]: Evaluating MSTORE at 141
mythril.laser.ethereum.instructions [DEBUG]: Evaluating PUSH1 at 142
mythril.analysis.module.base [DEBUG]: Entering analysis module: IntegerArithmetics
mythril.analysis.module.base [DEBUG]: Exiting analysis module: IntegerArithmetics
mythril.laser.ethereum.instructions [DEBUG]: Evaluating ADD at 143
mythril.laser.ethereum.instructions [DEBUG]: Evaluating PUSH1 at 144
mythril.laser.ethereum.instructions [DEBUG]: Evaluating SHA3 at 145
mythril.laser.ethereum.instructions [DEBUG]: Evaluating DUP2 at 146
mythril.laser.ethereum.instructions [DEBUG]: Evaluating SWAP1 at 147
mythril.analysis.module.base [DEBUG]: Entering analysis module: ArbitraryStorage
mythril.analysis.module.base [DEBUG]: Exiting analysis module: ArbitraryStorage
mythril.analysis.module.base [DEBUG]: Entering analysis module: IntegerArithmetics
mythril.analysis.module.base [DEBUG]: Exiting analysis module: IntegerArithmetics
mythril.analysis.module.base [DEBUG]: Entering analysis module: StateChangeAfterCall
root [DEBUG]: [EXTERNAL_CALLS] Detected state changes at addresses: 334
mythril.analysis.module.base [DEBUG]: Exiting analysis module: StateChangeAfterCall
mythril.laser.ethereum.instructions [DEBUG]: Evaluating SSTORE at 148
mythril.laser.ethereum.instructions [DEBUG]: Evaluating POP at 149
mythril.laser.ethereum.instructions [DEBUG]: Evaluating JUMPDEST at 150
mythril.laser.ethereum.instructions [DEBUG]: Evaluating POP at 151
mythril.laser.ethereum.instructions [DEBUG]: Evaluating POP at 152
mythril.laser.ethereum.instructions [DEBUG]: Evaluating JUMP at 153
mythril.laser.ethereum.instructions [DEBUG]: Evaluating JUMPDEST at 41
mythril.analysis.module.base [DEBUG]: Entering analysis module: IntegerArithmetics
mythril.analysis.module.base [DEBUG]: Exiting analysis module: IntegerArithmetics
mythril.analysis.module.base [DEBUG]: Entering analysis module: UncheckedRetval
mythril.analysis.module.base [DEBUG]: Exiting analysis module: UncheckedRetval
mythril.laser.ethereum.instructions [DEBUG]: Evaluating STOP at 42
mythril.laser.ethereum.svm [DEBUG]: Ending transaction MessageCallTransaction 2 from sender_2 to                                        0x0.
mythril.laser.plugin.plugins.coverage.coverage_plugin [INFO]: Number of new instructions covered in tx 1: 71
mythril.laser.ethereum.svm [INFO]: Finished symbolic execution
mythril.laser.plugin.plugins.coverage.coverage_plugin [INFO]: Achieved 99.50% coverage for code: 60606040526004361061004c576000357c0100000000000000000000000000000000000000000000000000000000900463ffffffff168063853828b614610051578063d0e30db014610066575b600080fd5b341561005c57600080fd5b610064610070565b005b61006e610154565b005b6000806000803373ffffffffffffffffffffffffffffffffffffffff1673ffffffffffffffffffffffffffffffffffffffff168152602001908152602001600020549150600082111561015057816001600082825403925050819055503373ffffffffffffffffffffffffffffffffffffffff168260405160006040518083038185876187965a03f192505050905080151561010b57600080fd5b60008060003373ffffffffffffffffffffffffffffffffffffffff1673ffffffffffffffffffffffffffffffffffffffff168152602001908152602001600020819055505b5050565b346000803373ffffffffffffffffffffffffffffffffffffffff1673ffffffffffffffffffffffffffffffffffffffff16815260200190815260200160002060008282540192505081905550346001600082825401925050819055505600a165627a7a7230582030911afcf4743b300451b8f0c6f32ea706368f775706c830a8dbd920eeb5d1e70029
mythril.laser.plugin.plugins.instruction_profiler [INFO]: Total: 0.34728217124938965 s
[ADD         ]   1.5972 %,  nr     14,  total   0.0055 s,  avg   0.0004 s,  min   0.0003 s,  max   0.0014 s
[AND         ]   0.9690 %,  nr     13,  total   0.0034 s,  avg   0.0003 s,  min   0.0002 s,  max   0.0003 s
[CALL        ]   1.6696 %,  nr      1,  total   0.0058 s,  avg   0.0058 s,  min   0.0058 s,  max   0.0058 s
[CALLDATALOAD]   4.0877 %,  nr      2,  total   0.0142 s,  avg   0.0071 s,  min   0.0066 s,  max   0.0076 s
[CALLDATASIZE]   0.1526 %,  nr      2,  total   0.0005 s,  avg   0.0003 s,  min   0.0003 s,  max   0.0003 s
[CALLER      ]   0.4034 %,  nr      6,  total   0.0014 s,  avg   0.0002 s,  min   0.0002 s,  max   0.0003 s
[CALLVALUE   ]   0.6572 %,  nr      6,  total   0.0023 s,  avg   0.0004 s,  min   0.0002 s,  max   0.0011 s
[DIV         ]   0.2491 %,  nr      2,  total   0.0009 s,  avg   0.0004 s,  min   0.0004 s,  max   0.0004 s
[DUP1        ]   1.9816 %,  nr     19,  total   0.0069 s,  avg   0.0004 s,  min   0.0002 s,  max   0.0018 s
[DUP2        ]   1.5434 %,  nr     18,  total   0.0054 s,  avg   0.0003 s,  min   0.0002 s,  max   0.0008 s
[DUP3        ]   1.2136 %,  nr     13,  total   0.0042 s,  avg   0.0003 s,  min   0.0002 s,  max   0.0006 s
[DUP4        ]   0.1267 %,  nr      1,  total   0.0004 s,  avg   0.0004 s,  min   0.0004 s,  max   0.0004 s
[DUP6        ]   0.1204 %,  nr      1,  total   0.0004 s,  avg   0.0004 s,  min   0.0004 s,  max   0.0004 s
[DUP8        ]   0.1163 %,  nr      1,  total   0.0004 s,  avg   0.0004 s,  min   0.0004 s,  max   0.0004 s
[EQ          ]   0.6126 %,  nr      4,  total   0.0021 s,  avg   0.0005 s,  min   0.0003 s,  max   0.0013 s
[GAS         ]   0.1169 %,  nr      1,  total   0.0004 s,  avg   0.0004 s,  min   0.0004 s,  max   0.0004 s
[GT          ]   0.1569 %,  nr      2,  total   0.0005 s,  avg   0.0003 s,  min   0.0003 s,  max   0.0003 s
[ISZERO      ]   1.4998 %,  nr      6,  total   0.0052 s,  avg   0.0009 s,  min   0.0003 s,  max   0.0019 s
[JUMP        ]   1.2244 %,  nr      9,  total   0.0043 s,  avg   0.0005 s,  min   0.0004 s,  max   0.0006 s
[JUMPDEST    ]   2.0535 %,  nr     22,  total   0.0071 s,  avg   0.0003 s,  min   0.0002 s,  max   0.0012 s
[JUMPI       ]   4.4039 %,  nr     11,  total   0.0153 s,  avg   0.0014 s,  min   0.0007 s,  max   0.0049 s
[LT          ]   0.1690 %,  nr      2,  total   0.0006 s,  avg   0.0003 s,  min   0.0003 s,  max   0.0003 s
[MLOAD       ]  10.7645 %,  nr      2,  total   0.0374 s,  avg   0.0187 s,  min   0.0156 s,  max   0.0218 s
[MSTORE      ]  25.9115 %,  nr     12,  total   0.0900 s,  avg   0.0075 s,  min   0.0047 s,  max   0.0103 s
[POP         ]   1.9462 %,  nr     28,  total   0.0068 s,  avg   0.0002 s,  min   0.0002 s,  max   0.0004 s
[PUSH1       ]   5.6920 %,  nr     50,  total   0.0198 s,  avg   0.0004 s,  min   0.0002 s,  max   0.0016 s
[PUSH2       ]   2.2883 %,  nr     20,  total   0.0079 s,  avg   0.0004 s,  min   0.0002 s,  max   0.0014 s
[PUSH20      ]   1.0548 %,  nr     11,  total   0.0037 s,  avg   0.0003 s,  min   0.0002 s,  max   0.0012 s
[PUSH29      ]   0.1639 %,  nr      2,  total   0.0006 s,  avg   0.0003 s,  min   0.0003 s,  max   0.0003 s
[PUSH4       ]   0.6669 %,  nr      6,  total   0.0023 s,  avg   0.0004 s,  min   0.0002 s,  max   0.0011 s
[SHA3        ]  22.7124 %,  nr      5,  total   0.0789 s,  avg   0.0158 s,  min   0.0146 s,  max   0.0167 s
[SLOAD       ]   0.7098 %,  nr      7,  total   0.0025 s,  avg   0.0004 s,  min   0.0003 s,  max   0.0004 s
[SSTORE      ]   0.8056 %,  nr      6,  total   0.0028 s,  avg   0.0005 s,  min   0.0004 s,  max   0.0006 s
[SUB         ]   0.3948 %,  nr      3,  total   0.0014 s,  avg   0.0005 s,  min   0.0003 s,  max   0.0005 s
[SWAP1       ]   1.0776 %,  nr     14,  total   0.0037 s,  avg   0.0003 s,  min   0.0002 s,  max   0.0006 s
[SWAP2       ]   0.1301 %,  nr      2,  total   0.0005 s,  avg   0.0002 s,  min   0.0002 s,  max   0.0002 s
[SWAP3       ]   0.5568 %,  nr      6,  total   0.0019 s,  avg   0.0003 s,  min   0.0002 s,  max   0.0007 s

mythril.analysis.security [INFO]: Starting analysis
mythril.analysis.security [DEBUG]: Retrieving results for Caller can write to arbitrary storage locations
mythril.analysis.security [DEBUG]: Retrieving results for Delegatecall to a user-specified address
mythril.analysis.security [DEBUG]: Retrieving results for Control flow depends on tx.origin
mythril.analysis.security [DEBUG]: Retrieving results for Any sender can withdraw ETH from the contract account
mythril.analysis.security [DEBUG]: Retrieving results for Integer overflow or underflow
mythril.analysis.security [DEBUG]: Retrieving results for State change after an external call
mythril.analysis.security [DEBUG]: Retrieving results for Contract can be accidentally killed by anyone
mythril.analysis.security [DEBUG]: Retrieving results for Return value of an external call is not checked
mythril.mythril.mythril_analyzer [INFO]: Solver statistics: 
Query count: 54 
Solver time: 24.158514499664307
{"error": null, "issues": [{"address": [249, 334], "contract": "MAIN", "description": "Write to persistent state following external call\nThe contract account state is accessed after an external call to a user defined address. To prevent reentrancy issues, consider accessing the state only before the call, especially if the callee is untrusted. Alternatively, a reentrancy lock can be used to prevent untrusted callees from re-entering the contract in an intermediate state.", "function": "withdrawAll()", "max_gas_used": 87447, "min_gas_used": 12786, "severity": "Medium", "sourceMap": [249, 334], "swc-id": "107", "title": "State access after external call", "tx_sequence": {"initialState": {"accounts": {"0x0": {"balance": "0x400011a0004001211", "code": "60606040526004361061004c576000357c0100000000000000000000000000000000000000000000000000000000900463ffffffff168063853828b614610051578063d0e30db014610066575b600080fd5b341561005c57600080fd5b610064610070565b005b61006e610154565b005b6000806000803373ffffffffffffffffffffffffffffffffffffffff1673ffffffffffffffffffffffffffffffffffffffff168152602001908152602001600020549150600082111561015057816001600082825403925050819055503373ffffffffffffffffffffffffffffffffffffffff168260405160006040518083038185876187965a03f192505050905080151561010b57600080fd5b60008060003373ffffffffffffffffffffffffffffffffffffffff1673ffffffffffffffffffffffffffffffffffffffff168152602001908152602001600020819055505b5050565b346000803373ffffffffffffffffffffffffffffffffffffffff1673ffffffffffffffffffffffffffffffffffffffff16815260200190815260200160002060008282540192505081905550346001600082825401925050819055505600a165627a7a7230582030911afcf4743b300451b8f0c6f32ea706368f775706c830a8dbd920eeb5d1e70029", "nonce": 0, "storage": "{}"}, "0xdeadbeefdeadbeefdeadbeefdeadbeefdeadbeef": {"balance": "0x20080018010488", "code": "", "nonce": 0, "storage": "{}"}}}, "steps": [{"address": "0x0", "calldata": "0xd0e30db0", "input": "0xd0e30db0", "name": "deposit()", "origin": "0xdeadbeefdeadbeefdeadbeefdeadbeefdeadbeef", "value": "0x1"}, {"address": "0x0", "calldata": "0x853828b6", "input": "0x853828b6", "name": "withdrawAll()", "origin": "0xdeadbeefdeadbeefdeadbeefdeadbeefdeadbeef", "value": "0x0"}]}}], "success": true}
