Getting Slither report...
Switched global version to 0.4.26



'solc --version' running
'solc ../smartbugs-curated/dataset/unchecked_low_level_calls/0xb7c5c5aa4d42967efe906e1b66cb8df9cebf04f7.sol --combined-json abi,ast,bin,bin-runtime,srcmap,srcmap-runtime,userdoc,devdoc,hashes,compact-format --allow-paths .,/home/mokita/sc_study/temp/smartbugs-curated/dataset/unchecked_low_level_calls' running
Compilation warnings/errors on ../smartbugs-curated/dataset/unchecked_low_level_calls/0xb7c5c5aa4d42967efe906e1b66cb8df9cebf04f7.sol:
../smartbugs-curated/dataset/unchecked_low_level_calls/0xb7c5c5aa4d42967efe906e1b66cb8df9cebf04f7.sol:15:1: Warning: Source file does not specify required compiler version!Consider adding "pragma solidity ^0.4.26;"
contract keepMyEther {
^ (Relevant source part starts here and spans across multiple lines).
../smartbugs-curated/dataset/unchecked_low_level_calls/0xb7c5c5aa4d42967efe906e1b66cb8df9cebf04f7.sol:24:9: Warning: Return value of low-level calls not used.
        msg.sender.call.value(balances[msg.sender])();
        ^-------------------------------------------^


Reentrancy in keepMyEther.withdraw() (../smartbugs-curated/dataset/unchecked_low_level_calls/0xb7c5c5aa4d42967efe906e1b66cb8df9cebf04f7.sol#22-26):
	External calls:
	- msg.sender.call.value(balances[msg.sender])() (../smartbugs-curated/dataset/unchecked_low_level_calls/0xb7c5c5aa4d42967efe906e1b66cb8df9cebf04f7.sol#24)
	State variables written after the call(s):
	- balances[msg.sender] = 0 (../smartbugs-curated/dataset/unchecked_low_level_calls/0xb7c5c5aa4d42967efe906e1b66cb8df9cebf04f7.sol#25)
	keepMyEther.balances (../smartbugs-curated/dataset/unchecked_low_level_calls/0xb7c5c5aa4d42967efe906e1b66cb8df9cebf04f7.sol#16) can be used in cross function reentrancies:
	- keepMyEther.balances (../smartbugs-curated/dataset/unchecked_low_level_calls/0xb7c5c5aa4d42967efe906e1b66cb8df9cebf04f7.sol#16)
	- keepMyEther.fallback() (../smartbugs-curated/dataset/unchecked_low_level_calls/0xb7c5c5aa4d42967efe906e1b66cb8df9cebf04f7.sol#18-20)
	- keepMyEther.withdraw() (../smartbugs-curated/dataset/unchecked_low_level_calls/0xb7c5c5aa4d42967efe906e1b66cb8df9cebf04f7.sol#22-26)
Reference: https://github.com/crytic/slither/wiki/Detector-Documentation#reentrancy-vulnerabilities

keepMyEther.withdraw() (../smartbugs-curated/dataset/unchecked_low_level_calls/0xb7c5c5aa4d42967efe906e1b66cb8df9cebf04f7.sol#22-26) ignores return value by msg.sender.call.value(balances[msg.sender])() (../smartbugs-curated/dataset/unchecked_low_level_calls/0xb7c5c5aa4d42967efe906e1b66cb8df9cebf04f7.sol#24)
Reference: https://github.com/crytic/slither/wiki/Detector-Documentation#unchecked-low-level-calls

solc-0.4.26 is an outdated solc version. Use a more recent version (at least 0.8.0), if possible.
Reference: https://github.com/crytic/slither/wiki/Detector-Documentation#incorrect-versions-of-solidity

Low level call in keepMyEther.withdraw() (../smartbugs-curated/dataset/unchecked_low_level_calls/0xb7c5c5aa4d42967efe906e1b66cb8df9cebf04f7.sol#22-26):
	- msg.sender.call.value(balances[msg.sender])() (../smartbugs-curated/dataset/unchecked_low_level_calls/0xb7c5c5aa4d42967efe906e1b66cb8df9cebf04f7.sol#24)
Reference: https://github.com/crytic/slither/wiki/Detector-Documentation#low-level-calls

Contract keepMyEther (../smartbugs-curated/dataset/unchecked_low_level_calls/0xb7c5c5aa4d42967efe906e1b66cb8df9cebf04f7.sol#15-28) is not in CapWords
Reference: https://github.com/crytic/slither/wiki/Detector-Documentation#conformance-to-solidity-naming-conventions
../smartbugs-curated/dataset/unchecked_low_level_calls/0xb7c5c5aa4d42967efe906e1b66cb8df9cebf04f7.sol analyzed (1 contracts with 95 detectors), 5 result(s) found

Error running slither
0xb7c5c5aa4d42967efe906e1b66cb8df9cebf04f7.sol
Getting Solidity AST...
Running TIPS...
0xb7c5c5aa4d42967efe906e1b66cb8df9cebf04f7.sol
failing to repair the reentrancy defect in charnum:536
0.010990142822265625


