 ______     __         __  __     ______     __     __  __     __    __    
/\  ___\   /\ \       /\ \_\ \   /\  ___\   /\ \   /\ \/\ \   /\ "-./  \   
\ \  __\   \ \ \____  \ \____ \  \ \___  \  \ \ \  \ \ \_\ \  \ \ \-./\ \  
 \ \_____\  \ \_____\  \/\_____\  \/\_____\  \ \_\  \ \_____\  \ \_\ \ \_\ 
  \/_____/   \/_____/   \/_____/   \/_____/   \/_/   \/_____/   \/_/  \/_/ 
                                                                           
Compiling source code...
Retrieving bytecode for contract 'PENNY_BY_PENNY'.
Please wait. Scanning bytecode for bugs...
Running Osiris...
Finished running Osiris. Execution time 3.3333191871643066 seconds. Code coverage 99.8%.
Running Oyente...
Finished running Oyente. Execution time 2.5315113067626953 seconds. Code coverage 70.0%.
Running Mythril...
Finished running Mythril. Execution time 122.81919813156128 seconds. Code coverage 98.75%.
Detected 3 bug(s):
--> Detected 'overflow' (ADD) bug at program counter address 395 (0x18b) using Osiris with a code coverage of 99.8%.
--> Detected 'overflow' (ADD) bug at program counter address 404 (0x194) using Osiris with a code coverage of 99.8%.
--> Detected 'underflow' (SUB) bug at program counter address 799 (0x31f) using Osiris with a code coverage of 99.8%.
Exporting original control-flow graph...
Recovering control-flow graph...
Recovered 100% of the control-flow graph
Number of execution paths accessing storage: 16
Deployment bytecode size: 32 bytes (original: 32 bytes) 0.0% increase.
Runtime bytecode size: 1217 bytes (original: 1110 bytes) 9.63963963963964% increase.
Metadata: 0xa165627a7a72305820d6dc1318734ff8eef680e224aac1373264ed6ffa35c56828c45f4ff6b49a62ec0029
Exporting patched control-flow graph...
