 ______     __         __  __     ______     __     __  __     __    __    
/\  ___\   /\ \       /\ \_\ \   /\  ___\   /\ \   /\ \/\ \   /\ "-./  \   
\ \  __\   \ \ \____  \ \____ \  \ \___  \  \ \ \  \ \ \_\ \  \ \ \-./\ \  
 \ \_____\  \ \_____\  \/\_____\  \/\_____\  \ \_\  \ \_____\  \ \_\ \ \_\ 
  \/_____/   \/_____/   \/_____/   \/_____/   \/_/   \/_____/   \/_/  \/_/ 
                                                                           
Compiling source code...
Retrieving bytecode for contract 'IntegerOverflowAdd'.
Please wait. Scanning bytecode for bugs...
Running Osiris...
Finished running Osiris. Execution time 0.5181393623352051 seconds. Code coverage 98.9%.
Running Oyente...
Finished running Oyente. Execution time 0.5815999507904053 seconds. Code coverage 98.9%.
Running Mythril...
Finished running Mythril. Execution time 1.8449418544769287 seconds. Code coverage 98.91%.
Detected 1 bug(s):
--> Detected 'overflow' (ADD) bug at program counter address 149 (0x95) using Osiris with a code coverage of 98.9%.
Exporting original control-flow graph...
Recovering control-flow graph...
Recovered 100% of the control-flow graph
Number of execution paths accessing storage: 2
Runtime bytecode size: 200 bytes (original: 154 bytes) 29.87012987012987% increase.
Metadata: 0xa165627a7a72305820b41c00c43f4cb49bbf1c56d1d74310b252f583e8b2c06a16df612a029e273fff0029
Exporting patched control-flow graph...
