 ______     __         __  __     ______     __     __  __     __    __    
/\  ___\   /\ \       /\ \_\ \   /\  ___\   /\ \   /\ \/\ \   /\ "-./  \   
\ \  __\   \ \ \____  \ \____ \  \ \___  \  \ \ \  \ \ \_\ \  \ \ \-./\ \  
 \ \_____\  \ \_____\  \/\_____\  \/\_____\  \ \_\  \ \_____\  \ \_\ \ \_\ 
  \/_____/   \/_____/   \/_____/   \/_____/   \/_/   \/_____/   \/_/  \/_/ 
                                                                           
Compiling source code...
Retrieving bytecode for contract 'ReentrancyDAO'.
Please wait. Scanning bytecode for bugs...
Running Osiris...
Finished running Osiris. Execution time 1.1412386894226074 seconds. Code coverage 99.4%.
Running Oyente...
Finished running Oyente. Execution time 1.6232082843780518 seconds. Code coverage 97.4%.
Running Mythril...
Finished running Mythril. Execution time 15.175472021102905 seconds. Code coverage 99.35%.
Detected 4 bug(s):
--> Detected 'underflow' (SUB) bug at program counter address 134 (0x86) using Osiris with a code coverage of 99.4%.
--> Detected 'reentrancy' bug at program counter address 152 (0x98) using Oyente with a code coverage of 97.4%.
--> Detected 'overflow' (ADD) bug at program counter address 211 (0xd3) using Osiris with a code coverage of 99.4%.
--> Detected 'overflow' (ADD) bug at program counter address 221 (0xdd) using Osiris with a code coverage of 99.4%.
Exporting original control-flow graph...
Recovering control-flow graph...
Recovered 100% of the control-flow graph
Number of execution paths accessing storage: 4
Deployment bytecode size: 32 bytes (original: 32 bytes) 0.0% increase.
Runtime bytecode size: 383 bytes (original: 226 bytes) 69.46902654867257% increase.
Metadata: 0xa165627a7a72305820f62e1a285e9433ec10f7cbe3e64a32efaab69937a84533a54c798a5f9a2839ad0029
Exporting patched control-flow graph...
