 ______     __         __  __     ______     __     __  __     __    __    
/\  ___\   /\ \       /\ \_\ \   /\  ___\   /\ \   /\ \/\ \   /\ "-./  \   
\ \  __\   \ \ \____  \ \____ \  \ \___  \  \ \ \  \ \ \_\ \  \ \ \-./\ \  
 \ \_____\  \ \_____\  \/\_____\  \/\_____\  \ \_\  \ \_____\  \ \_\ \ \_\ 
  \/_____/   \/_____/   \/_____/   \/_____/   \/_/   \/_____/   \/_/  \/_/ 
                                                                           
Compiling source code...
Retrieving bytecode for contract 'VaultProxy'.
Please wait. Scanning bytecode for bugs...
Running Osiris...
Finished running Osiris. Execution time 24.5890531539917 seconds. Code coverage 99.8%.
Running Oyente...
Finished running Oyente. Execution time 1.941481590270996 seconds. Code coverage 67.5%.
Running Mythril...
Finished running Mythril. Execution time 122.73264503479004 seconds. Code coverage 84.1%.
Detected 5 bug(s):
--> Detected 'transaction origin' bug at program counter address 403 (0x193) using Mythril with a code coverage of 84.1%.
--> Detected 'transaction origin' bug at program counter address 463 (0x1cf) using Mythril with a code coverage of 84.1%.
--> Detected 'transaction origin' bug at program counter address 586 (0x24a) using Mythril with a code coverage of 84.1%.
--> Detected 'unhandled exception' bug at program counter address 762 (0x2fa) using Mythril with a code coverage of 84.1%.
--> Detected 'overflow' (ADD) bug at program counter address 805 (0x325) using Osiris with a code coverage of 99.8%.
Exporting original control-flow graph...
Recovering control-flow graph...
Recovered 100% of the control-flow graph
Number of execution paths accessing storage: 8
Deployment bytecode size: 50 bytes (original: 50 bytes) 0.0% increase.
Runtime bytecode size: 869 bytes (original: 810 bytes) 7.283950617283951% increase.
Metadata: 0xa165627a7a72305820f4724fd10c58344f5b56c00021a8c6252d31bcac0538a51780ca95edac4fa22a0029
Exporting patched control-flow graph...
