smartbugs/dataset/unchecked_low_level_calls/0x958a8f594101d2c0485a52319f29b2647f2ebc06.sol:28:5: Warning: Defining constructors as functions with the same name as the contract is deprecated. Use "constructor(...) { ... }" instead.
    function Owned() {
    ^ (Relevant source part starts here and spans across multiple lines).
smartbugs/dataset/unchecked_low_level_calls/0x958a8f594101d2c0485a52319f29b2647f2ebc06.sol:93:5: Warning: Defining constructors as functions with the same name as the contract is deprecated. Use "constructor(...) { ... }" instead.
    function Marriage(address _owner) {
    ^ (Relevant source part starts here and spans across multiple lines).
smartbugs/dataset/unchecked_low_level_calls/0x958a8f594101d2c0485a52319f29b2647f2ebc06.sol:55:9: Warning: Return value of low-level calls not used.
        _dst.call.value(_value)(_data);
        ^----------------------------^
smartbugs/dataset/unchecked_low_level_calls/0x958a8f594101d2c0485a52319f29b2647f2ebc06.sol:88:17: Warning: "sha3" has been deprecated in favour of "keccak256"
        require(sha3(marriageStatus) == sha3("Married"));
                ^------------------^
smartbugs/dataset/unchecked_low_level_calls/0x958a8f594101d2c0485a52319f29b2647f2ebc06.sol:88:17: Warning: This function only accepts a single "bytes" argument. Please use "abi.encodePacked(...)" or a similar function to encode the data.
        require(sha3(marriageStatus) == sha3("Married"));
                ^------------------^
smartbugs/dataset/unchecked_low_level_calls/0x958a8f594101d2c0485a52319f29b2647f2ebc06.sol:88:17: Warning: The provided argument of type string storage ref is not implicitly convertible to expected type bytes memory.
        require(sha3(marriageStatus) == sha3("Married"));
                ^------------------^
smartbugs/dataset/unchecked_low_level_calls/0x958a8f594101d2c0485a52319f29b2647f2ebc06.sol:88:41: Warning: "sha3" has been deprecated in favour of "keccak256"
        require(sha3(marriageStatus) == sha3("Married"));
                                        ^-------------^
smartbugs/dataset/unchecked_low_level_calls/0x958a8f594101d2c0485a52319f29b2647f2ebc06.sol:119:9: Warning: Invoking events without "emit" prefix is deprecated.
        MajorEvent("Marrigage", vows, url);
        ^--------------------------------^
smartbugs/dataset/unchecked_low_level_calls/0x958a8f594101d2c0485a52319f29b2647f2ebc06.sol:133:9: Warning: Invoking events without "emit" prefix is deprecated.
        MajorEvent(name, description, url);
        ^--------------------------------^
smartbugs/dataset/unchecked_low_level_calls/0x958a8f594101d2c0485a52319f29b2647f2ebc06.sol:138:28: Warning: Using contract member "balance" inherited from the address type is deprecated. Convert the contract to "address" type to access the member, for example use "address(contract).balance" instead.
            owner.transfer(this.balance);
                           ^----------^
smartbugs/dataset/unchecked_low_level_calls/0x958a8f594101d2c0485a52319f29b2647f2ebc06.sol:141:9: Warning: Invoking events without "emit" prefix is deprecated.
        MessageSent(nameFrom, text, url, msg.value);
        ^-----------------------------------------^
smartbugs/dataset/unchecked_low_level_calls/0x958a8f594101d2c0485a52319f29b2647f2ebc06.sol:28:5: Warning: No visibility specified. Defaulting to "public". 
    function Owned() {
    ^ (Relevant source part starts here and spans across multiple lines).
smartbugs/dataset/unchecked_low_level_calls/0x958a8f594101d2c0485a52319f29b2647f2ebc06.sol:37:5: Warning: No visibility specified. Defaulting to "public". 
    function changeOwner(address _newOwner) onlyOwner {
    ^ (Relevant source part starts here and spans across multiple lines).
smartbugs/dataset/unchecked_low_level_calls/0x958a8f594101d2c0485a52319f29b2647f2ebc06.sol:44:5: Warning: No visibility specified. Defaulting to "public". 
    function acceptOwnership() {
    ^ (Relevant source part starts here and spans across multiple lines).
smartbugs/dataset/unchecked_low_level_calls/0x958a8f594101d2c0485a52319f29b2647f2ebc06.sol:53:5: Warning: No visibility specified. Defaulting to "public". 
    function execute(address _dst, uint _value, bytes _data) onlyOwner {
    ^ (Relevant source part starts here and spans across multiple lines).
smartbugs/dataset/unchecked_low_level_calls/0x958a8f594101d2c0485a52319f29b2647f2ebc06.sol:93:5: Warning: No visibility specified. Defaulting to "public". 
    function Marriage(address _owner) {
    ^ (Relevant source part starts here and spans across multiple lines).
smartbugs/dataset/unchecked_low_level_calls/0x958a8f594101d2c0485a52319f29b2647f2ebc06.sol:106:5: Warning: No visibility specified. Defaulting to "public". 
    function createMarriage(
    ^ (Relevant source part starts here and spans across multiple lines).
smartbugs/dataset/unchecked_low_level_calls/0x958a8f594101d2c0485a52319f29b2647f2ebc06.sol:123:5: Warning: No visibility specified. Defaulting to "public". 
    function setStatus(string status, string url) onlyOwner
    ^ (Relevant source part starts here and spans across multiple lines).
smartbugs/dataset/unchecked_low_level_calls/0x958a8f594101d2c0485a52319f29b2647f2ebc06.sol:130:5: Warning: No visibility specified. Defaulting to "public". 
    function setMajorEvent(string name, string description, string url) onlyOwner areMarried
    ^ (Relevant source part starts here and spans across multiple lines).
smartbugs/dataset/unchecked_low_level_calls/0x958a8f594101d2c0485a52319f29b2647f2ebc06.sol:136:5: Warning: No visibility specified. Defaulting to "public". 
    function sendMessage(string nameFrom, string text, string url) payable areMarried {
    ^ (Relevant source part starts here and spans across multiple lines).
FATAL ERROR: Ineffective mark-compacts near heap limit Allocation failed - JavaScript heap out of memory
 1: 0x8fb090 node::Abort() [node]
 2: 0x8fb0dc  [node]
 3: 0xb0336e v8::Utils::ReportOOMFailure(v8::internal::Isolate*, char const*, bool) [node]
 4: 0xb035a4 v8::internal::V8::FatalProcessOutOfMemory(v8::internal::Isolate*, char const*, bool) [node]
 5: 0xef7602  [node]
 6: 0xef7708 v8::internal::Heap::CheckIneffectiveMarkCompact(unsigned long, double) [node]
 7: 0xf037e2 v8::internal::Heap::PerformGarbageCollection(v8::internal::GarbageCollector, v8::GCCallbackFlags) [node]
 8: 0xf04114 v8::internal::Heap::CollectGarbage(v8::internal::AllocationSpace, v8::internal::GarbageCollectionReason, v8::GCCallbackFlags) [node]
 9: 0xf06d81 v8::internal::Heap::AllocateRawWithRetryOrFail(int, v8::internal::AllocationSpace, v8::internal::AllocationAlignment) [node]
10: 0xed0204 v8::internal::Factory::NewFillerObject(int, bool, v8::internal::AllocationSpace) [node]
11: 0x11702de v8::internal::Runtime_AllocateInNewSpace(int, v8::internal::Object**, v8::internal::Isolate*) [node]
12: 0x2484a7e5bf1d 
Aborted (core dumped)
npm ERR! code ELIFECYCLE
npm ERR! errno 134
npm ERR! symEvm@1.0.0 dev: `node src/index.js "smartbugs/dataset/unchecked_low_level_calls/0x958a8f594101d2c0485a52319f29b2647f2ebc06.sol" "results/unchecked_low_level_calls" "Marriage"`
npm ERR! Exit status 134
npm ERR! 
npm ERR! Failed at the symEvm@1.0.0 dev script.
npm ERR! This is probably not a problem with npm. There is likely additional logging output above.

npm ERR! A complete log of this run can be found in:
npm ERR!     /root/.npm/_logs/2024-04-16T18_17_30_179Z-debug.log
