 ______     __         __  __     ______     __     __  __     __    __    
/\  ___\   /\ \       /\ \_\ \   /\  ___\   /\ \   /\ \/\ \   /\ "-./  \   
\ \  __\   \ \ \____  \ \____ \  \ \___  \  \ \ \  \ \ \_\ \  \ \ \-./\ \  
 \ \_____\  \ \_____\  \/\_____\  \/\_____\  \ \_\  \ \_____\  \ \_\ \ \_\ 
  \/_____/   \/_____/   \/_____/   \/_____/   \/_/   \/_____/   \/_/  \/_/ 
                                                                           
Compiling source code...
Retrieving bytecode for contract 'Reentrance'.
Please wait. Scanning bytecode for bugs...
Running Osiris...
Finished running Osiris. Execution time 1.1473147869110107 seconds. Code coverage 98.4%.
Running Oyente...
Finished running Oyente. Execution time 1.7358667850494385 seconds. Code coverage 96.8%.
Running Mythril...
Finished running Mythril. Execution time 17.954800605773926 seconds. Code coverage 98.39%.
Detected 2 bug(s):
--> Detected 'reentrancy' bug at program counter address 235 (0xeb) using Oyente with a code coverage of 96.8%.
--> Detected 'overflow' (ADD) bug at program counter address 332 (0x14c) using Osiris with a code coverage of 98.4%.
Exporting original control-flow graph...
Recovering control-flow graph...
Recovered 96% of the control-flow graph
Number of execution paths accessing storage: 4
Deployment bytecode size: 31 bytes (original: 31 bytes) 0.0% increase.
Runtime bytecode size: 433 bytes (original: 382 bytes) 13.350785340314136% increase.
Metadata: 0xa165627a7a72305820a3acba1b2f6faaaae91c6a64f7f9e366e8e9dd5dfac24a8d997c2cf4d0d99da40029
Exporting patched control-flow graph...
