 ______     __         __  __     ______     __     __  __     __    __    
/\  ___\   /\ \       /\ \_\ \   /\  ___\   /\ \   /\ \/\ \   /\ "-./  \   
\ \  __\   \ \ \____  \ \____ \  \ \___  \  \ \ \  \ \ \_\ \  \ \ \-./\ \  
 \ \_____\  \ \_____\  \/\_____\  \/\_____\  \ \_\  \ \_____\  \ \_\ \ \_\ 
  \/_____/   \/_____/   \/_____/   \/_____/   \/_/   \/_____/   \/_/  \/_/ 
                                                                           
Compiling source code...
Retrieving bytecode for contract 'Wallet'.
Please wait. Scanning bytecode for bugs...
Running Osiris...
Finished running Osiris. Execution time 1.6408495903015137 seconds. Code coverage 99.6%.
Running Oyente...
Finished running Oyente. Execution time 2.0713858604431152 seconds. Code coverage 92.1%.
Running Mythril...
Finished running Mythril. Execution time 11.50769829750061 seconds. Code coverage 96.83%.
Detected 1 bug(s):
--> Detected 'overflow' (ADD) bug at program counter address 322 (0x142) using Osiris with a code coverage of 99.6%.
Exporting original control-flow graph...
Recovering control-flow graph...
Recovered 100% of the control-flow graph
Number of execution paths accessing storage: 7
Deployment bytecode size: 189 bytes (original: 189 bytes) 0.0% increase.
Runtime bytecode size: 486 bytes (original: 439 bytes) 10.70615034168565% increase.
Metadata: 0xa165627a7a723058203bb71036237aed15f9c052f5d18234347afca1c98abbea137dc0b19fb40ccf230029
Exporting patched control-flow graph...
