 ______     __         __  __     ______     __     __  __     __    __    
/\  ___\   /\ \       /\ \_\ \   /\  ___\   /\ \   /\ \/\ \   /\ "-./  \   
\ \  __\   \ \ \____  \ \____ \  \ \___  \  \ \ \  \ \ \_\ \  \ \ \-./\ \  
 \ \_____\  \ \_____\  \/\_____\  \/\_____\  \ \_\  \ \_____\  \ \_\ \ \_\ 
  \/_____/   \/_____/   \/_____/   \/_____/   \/_/   \/_____/   \/_/  \/_/ 
                                                                           
Compiling source code...
Retrieving bytecode for contract 'Ethraffle_v4b'.
Please wait. Scanning bytecode for bugs...
Running Osiris...
Finished running Osiris. Execution time 753.9243438243866 seconds. Code coverage 94.3%.
Running Oyente...
Finished running Oyente. Execution time 22.467490911483765 seconds. Code coverage 87.0%.
Running Mythril...
Finished running Mythril. Execution time 121.7607901096344 seconds. Code coverage 45.71%.
Detected 4 bug(s):
--> Detected 'overflow' (ADD) bug at program counter address 646 (0x286) using Osiris with a code coverage of 94.3%.
--> Detected 'overflow' (ADD) bug at program counter address 830 (0x33e) using Osiris with a code coverage of 94.3%.
--> Detected 'overflow' (ADD) bug at program counter address 1151 (0x47f) using Osiris with a code coverage of 94.3%.
--> Detected 'overflow' (ADD) bug at program counter address 2041 (0x7f9) using Osiris with a code coverage of 94.3%.
Exporting original control-flow graph...
Recovering control-flow graph...
Recovered 100% of the control-flow graph
Number of execution paths accessing storage: 30
Runtime bytecode size: 2431 bytes (original: 2243 bytes) 8.381631743201071% increase.
Metadata: 0xa165627a7a7230582067c44cce795b075ffe8d8b6dded63f35d4cf218cc8d3377c02a3864d7818f5900029
Exporting patched control-flow graph...
