smartbugs/dataset/access_control/rubixi.sol:82:42: Warning: "throw" is deprecated in favour of "revert()", "require()" and "assert()".
                 if (collectedFees == 0) throw;
                                         ^---^
smartbugs/dataset/access_control/rubixi.sol:92:42: Warning: "throw" is deprecated in favour of "revert()", "require()" and "assert()".
                 if (collectedFees == 0) throw;
                                         ^---^
smartbugs/dataset/access_control/rubixi.sol:99:58: Warning: "throw" is deprecated in favour of "revert()", "require()" and "assert()".
                 if (collectedFees == 0 || _pcent > 100) throw;
                                                         ^---^
smartbugs/dataset/access_control/rubixi.sol:112:50: Warning: "throw" is deprecated in favour of "revert()", "require()" and "assert()".
                 if (_mult > 300 || _mult < 120) throw;
                                                 ^---^
smartbugs/dataset/access_control/rubixi.sol:118:33: Warning: "throw" is deprecated in favour of "revert()", "require()" and "assert()".
                 if (_fee > 10) throw;
                                ^---^
smartbugs/dataset/access_control/rubixi.sol:9:2: Warning: Source file does not specify required compiler version!Consider adding "pragma solidity ^0.4.24;"
 contract Rubixi {
 ^ (Relevant source part starts here and spans across multiple lines).
smartbugs/dataset/access_control/rubixi.sol:73:26: Warning: Failure condition of 'send' ignored. Consider using 'transfer' instead.
                         participants[payoutOrder].etherAddress.send(payoutToSend);
                         ^-------------------------------------------------------^
smartbugs/dataset/access_control/rubixi.sol:84:18: Warning: Failure condition of 'send' ignored. Consider using 'transfer' instead.
                 creator.send(collectedFees);
                 ^-------------------------^
smartbugs/dataset/access_control/rubixi.sol:94:18: Warning: Failure condition of 'send' ignored. Consider using 'transfer' instead.
                 creator.send(_amt);
                 ^----------------^
smartbugs/dataset/access_control/rubixi.sol:102:18: Warning: Failure condition of 'send' ignored. Consider using 'transfer' instead.
                 creator.send(feesToCollect);
                 ^-------------------------^
smartbugs/dataset/access_control/rubixi.sol:22:10: Warning: No visibility specified. Defaulting to "public". 
         function DynamicPyramid() {
         ^ (Relevant source part starts here and spans across multiple lines).
smartbugs/dataset/access_control/rubixi.sol:38:10: Warning: No visibility specified. Defaulting to "public". 
         function() {
         ^ (Relevant source part starts here and spans across multiple lines).
smartbugs/dataset/access_control/rubixi.sol:81:10: Warning: No visibility specified. Defaulting to "public". 
         function collectAllFees() onlyowner {
         ^ (Relevant source part starts here and spans across multiple lines).
smartbugs/dataset/access_control/rubixi.sol:88:10: Warning: No visibility specified. Defaulting to "public". 
         function collectFeesInEther(uint _amt) onlyowner {
         ^ (Relevant source part starts here and spans across multiple lines).
smartbugs/dataset/access_control/rubixi.sol:98:10: Warning: No visibility specified. Defaulting to "public". 
         function collectPercentOfFees(uint _pcent) onlyowner {
         ^ (Relevant source part starts here and spans across multiple lines).
smartbugs/dataset/access_control/rubixi.sol:107:10: Warning: No visibility specified. Defaulting to "public". 
         function changeOwner(address _owner) onlyowner {
         ^ (Relevant source part starts here and spans across multiple lines).
smartbugs/dataset/access_control/rubixi.sol:111:10: Warning: No visibility specified. Defaulting to "public". 
         function changeMultiplier(uint _mult) onlyowner {
         ^ (Relevant source part starts here and spans across multiple lines).
smartbugs/dataset/access_control/rubixi.sol:117:10: Warning: No visibility specified. Defaulting to "public". 
         function changeFeePercentage(uint _fee) onlyowner {
         ^ (Relevant source part starts here and spans across multiple lines).
smartbugs/dataset/access_control/rubixi.sol:124:10: Warning: No visibility specified. Defaulting to "public". 
         function currentMultiplier() constant returns(uint multiplier, string info) {
         ^ (Relevant source part starts here and spans across multiple lines).
smartbugs/dataset/access_control/rubixi.sol:129:10: Warning: No visibility specified. Defaulting to "public". 
         function currentFeePercentage() constant returns(uint fee, string info) {
         ^ (Relevant source part starts here and spans across multiple lines).
smartbugs/dataset/access_control/rubixi.sol:134:10: Warning: No visibility specified. Defaulting to "public". 
         function currentPyramidBalanceApproximately() constant returns(uint pyramidBalance, string info) {
         ^ (Relevant source part starts here and spans across multiple lines).
smartbugs/dataset/access_control/rubixi.sol:139:10: Warning: No visibility specified. Defaulting to "public". 
         function nextPayoutWhenPyramidBalanceTotalsApproximately() constant returns(uint balancePayout) {
         ^ (Relevant source part starts here and spans across multiple lines).
smartbugs/dataset/access_control/rubixi.sol:143:10: Warning: No visibility specified. Defaulting to "public". 
         function feesSeperateFromBalanceApproximately() constant returns(uint fees) {
         ^ (Relevant source part starts here and spans across multiple lines).
smartbugs/dataset/access_control/rubixi.sol:147:10: Warning: No visibility specified. Defaulting to "public". 
         function totalParticipants() constant returns(uint count) {
         ^ (Relevant source part starts here and spans across multiple lines).
smartbugs/dataset/access_control/rubixi.sol:151:10: Warning: No visibility specified. Defaulting to "public". 
         function numberOfParticipantsWaitingForPayout() constant returns(uint count) {
         ^ (Relevant source part starts here and spans across multiple lines).
smartbugs/dataset/access_control/rubixi.sol:155:10: Warning: No visibility specified. Defaulting to "public". 
         function participantDetails(uint orderInPyramid) constant returns(address Address, uint Payout) {
         ^ (Relevant source part starts here and spans across multiple lines).
