 ______     __         __  __     ______     __     __  __     __    __    
/\  ___\   /\ \       /\ \_\ \   /\  ___\   /\ \   /\ \/\ \   /\ "-./  \   
\ \  __\   \ \ \____  \ \____ \  \ \___  \  \ \ \  \ \ \_\ \  \ \ \-./\ \  
 \ \_____\  \ \_____\  \/\_____\  \/\_____\  \ \_\  \ \_____\  \ \_\ \ \_\ 
  \/_____/   \/_____/   \/_____/   \/_____/   \/_/   \/_____/   \/_/  \/_/ 
                                                                           
Compiling source code...
Retrieving bytecode for contract 'Token'.
Please wait. Scanning bytecode for bugs...
Running Osiris...
Finished running Osiris. Execution time 1.0594799518585205 seconds. Code coverage 99.5%.
Running Oyente...
Finished running Oyente. Execution time 1.7234764099121094 seconds. Code coverage 98.1%.
Running Mythril...
Finished running Mythril. Execution time 5.395246744155884 seconds. Code coverage 98.08%.
Detected 3 bug(s):
--> Detected 'underflow' (SUB) bug at program counter address 310 (0x136) using Osiris with a code coverage of 99.5%.
--> Detected 'underflow' (SUB) bug at program counter address 344 (0x158) using Osiris with a code coverage of 99.5%.
--> Detected 'overflow' (ADD) bug at program counter address 377 (0x179) using Osiris with a code coverage of 99.5%.
Exporting original control-flow graph...
Recovering control-flow graph...
Recovered 100% of the control-flow graph
Number of execution paths accessing storage: 4
Deployment bytecode size: 73 bytes (original: 73 bytes) 0.0% increase.
Runtime bytecode size: 461 bytes (original: 388 bytes) 18.814432989690722% increase.
Metadata: 0xa165627a7a723058208235625ada51138d5033407ad4f53374219dc4300a6eebd9babc09a5760566200029
Exporting patched control-flow graph...
