Getting Slither report...
Switched global version to 0.4.26



'solc --version' running
'solc ../smartbugs-curated/dataset/arithmetic/timelock.sol --combined-json abi,ast,bin,bin-runtime,srcmap,srcmap-runtime,userdoc,devdoc,hashes,compact-format --allow-paths .,/home/mokita/sc_study/temp/smartbugs-curated/dataset/arithmetic' running
Compilation warnings/errors on ../smartbugs-curated/dataset/arithmetic/timelock.sol:
../smartbugs-curated/dataset/arithmetic/timelock.sol:9:2: Warning: Source file does not specify required compiler version!Consider adding "pragma solidity ^0.4.26;"
 contract TimeLock {
 ^ (Relevant source part starts here and spans across multiple lines).


TimeLock.withdraw() (../smartbugs-curated/dataset/arithmetic/timelock.sol#24-30) uses timestamp for comparisons
	Dangerous comparisons:
	- require(bool)(now > lockTime[msg.sender]) (../smartbugs-curated/dataset/arithmetic/timelock.sol#26)
Reference: https://github.com/crytic/slither/wiki/Detector-Documentation#block-timestamp

solc-0.4.26 is an outdated solc version. Use a more recent version (at least 0.8.0), if possible.
Reference: https://github.com/crytic/slither/wiki/Detector-Documentation#incorrect-versions-of-solidity

Parameter TimeLock.increaseLockTime(uint256)._secondsToIncrease (../smartbugs-curated/dataset/arithmetic/timelock.sol#19) is not in mixedCase
Reference: https://github.com/crytic/slither/wiki/Detector-Documentation#conformance-to-solidity-naming-conventions
../smartbugs-curated/dataset/arithmetic/timelock.sol analyzed (1 contracts with 95 detectors), 3 result(s) found

Error running slither
timelock.sol
Getting Solidity AST...
Running TIPS...
timelock.sol
0.0010869503021240234


