[INFO] compiled with solc ver. 0.4.25
[INFO] all funcs : 4
[INFO] reachable : 4

[INFO] Violate CEI: true
[INFO] msg.sender = this possible: false
[STEP] Run analyzer
[STEP] Collect fix targets
    (IO, (SimpleDAO/donate/[address]), 13, (credit[to] + msg.value)),
    (IO, (SimpleDAO/withdraw/[uint256]), 20, (credit[msg.sender] - amount)),
    (ETH_LEAK, (SimpleDAO/withdraw/[uint256]), 19, res = msg.sender.call.value(amount)();),
    (RE_EL, (SimpleDAO/withdraw/[uint256]), 19, res = msg.sender.call.value(amount)();)

[INFO] # of basic patch components : 5
[INFO] extracted components
[
InsertLine (13, assume(((credit[to] + msg.value) >= credit[to]));),
InsertLine (20, assume((credit[msg.sender] >= amount));),
Replace (17, (credit[msg.sender] >= amount), (credit[msg.sender] < amount)),
AtomLst [
Move ([20] -> 19)
InsertLine (20, assume(res);)
],
AtomLst [
Add @nonReentrant to (SimpleDAO, donate, [address]) (line 12)
Add @nonReentrant to (SimpleDAO, withdraw, [uint256]) (line 16)
]
]
- New best candidate, iter 1, 190.69767189s : results/reentrancy/simple_dao/candidates/cand_4/patch.sol
