[INFO] compiled with solc ver. 0.4.25
[INFO] all funcs : 4
[INFO] reachable : 4

[INFO] Violate CEI: false
[INFO] msg.sender = this possible: false
[STEP] Run analyzer
[STEP] Collect fix targets
    (ETH_LEAK, (Phishable/withdrawAll/[address]), 21, _recipient.transfer(this.balance);),
    (TX_ORG, (Phishable/withdrawAll/[address]), 20, assume((tx.origin == owner));)

[INFO] # of basic patch components : 3
[INFO] extracted components
[
InsertLine (20, assume((owner == msg.sender));),
Replace (20, (tx.origin == owner), (tx.origin != owner)),
Replace (20, tx.origin, msg.sender)
]
- New best candidate, iter 1, 1.04417419434s : results/access_control/phishable/candidates/cand_3/patch.sol
- Solution found, iter 1, 1.04417419434s : results/access_control/phishable/candidates/cand_3/patch.sol
[STEP] Enter Repair Loop

========== Statistics ==========
# Iter                    : 2
# Alarm (orginal)         : 2
# Alarm (patch)           : 0
# Alarm wo leak (patch)   : 0
# Edit (min,max)          : 1, 1
# Patch                   : 1
- First solution          : results/access_control/phishable/candidates/cand_3/patch.sol
- First solution (iter)   : 1
- First solution (time)   : 1.04417419434
# Uncompiled candidate    : 0
# Verifier error          : 0

========== Patch info ==========
- 1, Size: 1., Edit: 1, Iter: 1, Time: 1.04417419434, results/access_control/phishable/candidates/cand_3/patch.sol

Time Elapsed (Real) : 1.95804715157
Time Elapsed (CPU)  : 5.231202
