Getting Slither report...
Switched global version to 0.4.26



'solc --version' running
'solc ../smartbugs-curated/dataset/access_control/arbitrary_location_write_simple.sol --combined-json abi,ast,bin,bin-runtime,srcmap,srcmap-runtime,userdoc,devdoc,hashes,compact-format --allow-paths .,/home/mokita/sc_study/temp/smartbugs-curated/dataset/access_control' running
Compilation warnings/errors on ../smartbugs-curated/dataset/access_control/arbitrary_location_write_simple.sol:
../smartbugs-curated/dataset/access_control/arbitrary_location_write_simple.sol:8:2: Warning: Source file does not specify required compiler version!Consider adding "pragma solidity ^0.4.26;"
 contract Wallet {
 ^ (Relevant source part starts here and spans across multiple lines).


Wallet (../smartbugs-curated/dataset/access_control/arbitrary_location_write_simple.sol#8-39) contract sets array length with a user-controlled value:
	- bonusCodes.push(c) (../smartbugs-curated/dataset/access_control/arbitrary_location_write_simple.sol#21)
Reference: https://github.com/crytic/slither/wiki/Detector-Documentation#array-length-assignment

Wallet.PopBonusCode() (../smartbugs-curated/dataset/access_control/arbitrary_location_write_simple.sol#24-28) contains a tautology or contradiction:
	- require(bool)(0 <= bonusCodes.length) (../smartbugs-curated/dataset/access_control/arbitrary_location_write_simple.sol#26)
Reference: https://github.com/crytic/slither/wiki/Detector-Documentation#tautology-or-contradiction

solc-0.4.26 is an outdated solc version. Use a more recent version (at least 0.8.0), if possible.
Reference: https://github.com/crytic/slither/wiki/Detector-Documentation#incorrect-versions-of-solidity

Function Wallet.PushBonusCode(uint256) (../smartbugs-curated/dataset/access_control/arbitrary_location_write_simple.sol#20-22) is not in mixedCase
Function Wallet.PopBonusCode() (../smartbugs-curated/dataset/access_control/arbitrary_location_write_simple.sol#24-28) is not in mixedCase
Function Wallet.UpdateBonusCodeAt(uint256,uint256) (../smartbugs-curated/dataset/access_control/arbitrary_location_write_simple.sol#30-33) is not in mixedCase
Function Wallet.Destroy() (../smartbugs-curated/dataset/access_control/arbitrary_location_write_simple.sol#35-38) is not in mixedCase
Reference: https://github.com/crytic/slither/wiki/Detector-Documentation#conformance-to-solidity-naming-conventions
../smartbugs-curated/dataset/access_control/arbitrary_location_write_simple.sol analyzed (1 contracts with 95 detectors), 7 result(s) found

Error running slither
arbitrary_location_write_simple.sol
Getting Solidity AST...
Running TIPS...
arbitrary_location_write_simple.sol
0.0011744499206542969


