 ______     __         __  __     ______     __     __  __     __    __    
/\  ___\   /\ \       /\ \_\ \   /\  ___\   /\ \   /\ \/\ \   /\ "-./  \   
\ \  __\   \ \ \____  \ \____ \  \ \___  \  \ \ \  \ \ \_\ \  \ \ \-./\ \  
 \ \_____\  \ \_____\  \/\_____\  \/\_____\  \ \_\  \ \_____\  \ \_\ \ \_\ 
  \/_____/   \/_____/   \/_____/   \/_____/   \/_/   \/_____/   \/_/  \/_/ 
                                                                           
Compiling source code...
Retrieving bytecode for contract 'Lotto'.
Please wait. Scanning bytecode for bugs...
Running Osiris...
Finished running Osiris. Execution time 1.22212815284729 seconds. Code coverage 99.6%.
Running Oyente...
Finished running Oyente. Execution time 1.176506519317627 seconds. Code coverage 99.6%.
Running Mythril...
Finished running Mythril. Execution time 5.522013425827026 seconds. Code coverage 99.65%.
Detected 2 bug(s):
--> Detected 'leaking ether' bug at program counter address 339 (0x153) using Mythril with a code coverage of 99.65%.
--> Detected 'unhandled exception' bug at program counter address 339 (0x153) using Mythril with a code coverage of 99.65%.
Exporting original control-flow graph...
Recovering control-flow graph...
Recovered 100% of the control-flow graph
Number of execution paths accessing storage: 6
Deployment bytecode size: 46 bytes (original: 42 bytes) 9.523809523809524% increase.
Runtime bytecode size: 533 bytes (original: 485 bytes) 9.896907216494846% increase.
Metadata: 0xa165627a7a723058207c7de43b42b730731ba1cc8c1f01efe10e8094ef625dadba847febdf018ec1bd0029
Exporting patched control-flow graph...
